[2022-06-26 03:08:43,768] {processor.py:163} INFO - Started process (PID=10980) to work on /home/airflow/.local/lib/python3.8/site-packages/airflow/example_dags/example_time_delta_sensor_async.py
[2022-06-26 03:08:43,769] {processor.py:642} INFO - Processing file /home/airflow/.local/lib/python3.8/site-packages/airflow/example_dags/example_time_delta_sensor_async.py for tasks to queue
[2022-06-26 03:08:43,769] {logging_mixin.py:109} INFO - [2022-06-26 03:08:43,769] {dagbag.py:500} INFO - Filling up the DagBag from /home/airflow/.local/lib/python3.8/site-packages/airflow/example_dags/example_time_delta_sensor_async.py
[2022-06-26 03:08:43,793] {processor.py:654} INFO - DAG(s) dict_keys(['example_time_delta_sensor_async']) retrieved from /home/airflow/.local/lib/python3.8/site-packages/airflow/example_dags/example_time_delta_sensor_async.py
[2022-06-26 03:08:43,803] {logging_mixin.py:109} INFO - [2022-06-26 03:08:43,803] {dag.py:2398} INFO - Sync 1 DAGs
[2022-06-26 03:08:43,815] {logging_mixin.py:109} INFO - [2022-06-26 03:08:43,815] {dag.py:2937} INFO - Setting next_dagrun for example_time_delta_sensor_async to None
[2022-06-26 03:08:43,828] {processor.py:171} INFO - Processing /home/airflow/.local/lib/python3.8/site-packages/airflow/example_dags/example_time_delta_sensor_async.py took 0.063 seconds
[2022-06-26 03:08:51,082] {processor.py:163} INFO - Started process (PID=11035) to work on /home/airflow/.local/lib/python3.8/site-packages/airflow/example_dags/example_time_delta_sensor_async.py
[2022-06-26 03:08:51,083] {processor.py:642} INFO - Processing file /home/airflow/.local/lib/python3.8/site-packages/airflow/example_dags/example_time_delta_sensor_async.py for tasks to queue
[2022-06-26 03:08:51,084] {logging_mixin.py:109} INFO - [2022-06-26 03:08:51,083] {dagbag.py:500} INFO - Filling up the DagBag from /home/airflow/.local/lib/python3.8/site-packages/airflow/example_dags/example_time_delta_sensor_async.py
[2022-06-26 03:08:51,735] {processor.py:654} INFO - DAG(s) dict_keys(['example_time_delta_sensor_async']) retrieved from /home/airflow/.local/lib/python3.8/site-packages/airflow/example_dags/example_time_delta_sensor_async.py
[2022-06-26 03:08:51,743] {logging_mixin.py:109} INFO - [2022-06-26 03:08:51,743] {dag.py:2398} INFO - Sync 1 DAGs
[2022-06-26 03:08:51,759] {logging_mixin.py:109} INFO - [2022-06-26 03:08:51,759] {dag.py:2937} INFO - Setting next_dagrun for example_time_delta_sensor_async to None
[2022-06-26 03:08:52,140] {processor.py:171} INFO - Processing /home/airflow/.local/lib/python3.8/site-packages/airflow/example_dags/example_time_delta_sensor_async.py took 1.061 seconds
[2022-06-26 03:09:22,304] {processor.py:163} INFO - Started process (PID=11101) to work on /home/airflow/.local/lib/python3.8/site-packages/airflow/example_dags/example_time_delta_sensor_async.py
[2022-06-26 03:09:22,305] {processor.py:642} INFO - Processing file /home/airflow/.local/lib/python3.8/site-packages/airflow/example_dags/example_time_delta_sensor_async.py for tasks to queue
[2022-06-26 03:09:22,306] {logging_mixin.py:109} INFO - [2022-06-26 03:09:22,306] {dagbag.py:500} INFO - Filling up the DagBag from /home/airflow/.local/lib/python3.8/site-packages/airflow/example_dags/example_time_delta_sensor_async.py
[2022-06-26 03:09:22,331] {processor.py:654} INFO - DAG(s) dict_keys(['example_time_delta_sensor_async']) retrieved from /home/airflow/.local/lib/python3.8/site-packages/airflow/example_dags/example_time_delta_sensor_async.py
[2022-06-26 03:09:22,337] {logging_mixin.py:109} INFO - [2022-06-26 03:09:22,337] {dag.py:2398} INFO - Sync 1 DAGs
[2022-06-26 03:09:22,351] {logging_mixin.py:109} INFO - [2022-06-26 03:09:22,351] {dag.py:2937} INFO - Setting next_dagrun for example_time_delta_sensor_async to None
[2022-06-26 03:09:22,360] {processor.py:171} INFO - Processing /home/airflow/.local/lib/python3.8/site-packages/airflow/example_dags/example_time_delta_sensor_async.py took 0.058 seconds
