[2022-05-19 23:08:20,909] {taskinstance.py:1037} INFO - Dependencies all met for <TaskInstance: league_of_legends_dag.paths.path_runesreforged.staging_runesreforged scheduled__2022-04-01T03:00:00+00:00 [queued]>
[2022-05-19 23:08:20,922] {taskinstance.py:1037} INFO - Dependencies all met for <TaskInstance: league_of_legends_dag.paths.path_runesreforged.staging_runesreforged scheduled__2022-04-01T03:00:00+00:00 [queued]>
[2022-05-19 23:08:20,922] {taskinstance.py:1243} INFO - 
--------------------------------------------------------------------------------
[2022-05-19 23:08:20,922] {taskinstance.py:1244} INFO - Starting attempt 1 of 2
[2022-05-19 23:08:20,922] {taskinstance.py:1245} INFO - 
--------------------------------------------------------------------------------
[2022-05-19 23:08:20,936] {taskinstance.py:1264} INFO - Executing <Task(riot_dataDragonToADLSOperator): paths.path_runesreforged.staging_runesreforged> on 2022-04-01 03:00:00+00:00
[2022-05-19 23:08:20,942] {standard_task_runner.py:52} INFO - Started process 2774 to run task
[2022-05-19 23:08:20,947] {standard_task_runner.py:76} INFO - Running: ['***', 'tasks', 'run', 'league_of_legends_dag', 'paths.path_runesreforged.staging_runesreforged', 'scheduled__2022-04-01T03:00:00+00:00', '--job-id', '343', '--raw', '--subdir', 'DAGS_FOLDER/dataDragon_dag.py', '--cfg-path', '/tmp/tmptem8udkk', '--error-file', '/tmp/tmpnqug8qi8']
[2022-05-19 23:08:20,948] {standard_task_runner.py:77} INFO - Job 343: Subtask paths.path_runesreforged.staging_runesreforged
[2022-05-19 23:08:21,008] {logging_mixin.py:109} INFO - Running <TaskInstance: league_of_legends_dag.paths.path_runesreforged.staging_runesreforged scheduled__2022-04-01T03:00:00+00:00 [running]> on host ca9a242fab95
[2022-05-19 23:08:21,080] {taskinstance.py:1429} INFO - Exporting the following env vars:
AIRFLOW_CTX_DAG_OWNER=admin
AIRFLOW_CTX_DAG_ID=league_of_legends_dag
AIRFLOW_CTX_TASK_ID=paths.path_runesreforged.staging_runesreforged
AIRFLOW_CTX_EXECUTION_DATE=2022-04-01T03:00:00+00:00
AIRFLOW_CTX_DAG_RUN_ID=scheduled__2022-04-01T03:00:00+00:00
[2022-05-19 23:08:21,080] {riot_datadragon_toADLS_Operator.py:55} INFO - StageToAzureLake not implemented yet
[2022-05-19 23:08:21,095] {riot_datadragon_toADLS_Operator.py:63} INFO - <bound method WasbHook.get_conn of <airflow.providers.microsoft.azure.hooks.wasb.WasbHook object at 0x7f26940baa60>>
[2022-05-19 23:08:21,095] {riot_datadragon_toADLS_Operator.py:64} INFO - Created Azure Connections
[2022-05-19 23:08:21,236] {riot_datadragon_toADLS_Operator.py:86} INFO - About to load to Azure!
[2022-05-19 23:08:21,237] {riot_datadragon_toADLS_Operator.py:87} INFO - runesreforged
[2022-05-19 23:08:21,239] {_universal.py:472} INFO - Request URL: 'https://leagueoflegends.blob.core.windows.net/datadragon-runesreforged/2022/5/19/23.json'/nRequest method: 'PUT'/nRequest headers:/n    'x-ms-blob-type': 'REDACTED'/n    'Content-Length': '39147'/n    'If-None-Match': '*'/n    'x-ms-version': 'REDACTED'/n    'Content-Type': 'application/octet-stream'/n    'Accept': 'application/xml'/n    'User-Agent': 'azsdk-python-storage-blob/12.8.1 Python/3.8.12 (Linux-5.10.102.1-microsoft-standard-WSL2-x86_64-with-glibc2.2.5)'/n    'x-ms-date': 'REDACTED'/n    'x-ms-client-request-id': '93a8cb5a-d7c8-11ec-a736-0242ac140007'/n    'Authorization': 'REDACTED'/nA body is sent with the request
[2022-05-19 23:08:21,617] {_universal.py:503} INFO - Response status: 201/nResponse headers:/n    'Content-Length': '0'/n    'Content-MD5': 'REDACTED'/n    'Last-Modified': 'Thu, 19 May 2022 23:08:23 GMT'/n    'ETag': '"0x8DA39EC78FB5C2A"'/n    'Server': 'Windows-Azure-Blob/1.0 Microsoft-HTTPAPI/2.0'/n    'x-ms-request-id': '4d48b7a9-701e-008d-56d5-6bad8d000000'/n    'x-ms-client-request-id': '93a8cb5a-d7c8-11ec-a736-0242ac140007'/n    'x-ms-version': 'REDACTED'/n    'x-ms-content-crc64': 'REDACTED'/n    'x-ms-request-server-encrypted': 'REDACTED'/n    'Date': 'Thu, 19 May 2022 23:08:22 GMT'
[2022-05-19 23:08:21,620] {riot_datadragon_toADLS_Operator.py:57} INFO - Upload league of legends data to Azure!
[2022-05-19 23:08:21,629] {taskinstance.py:1272} INFO - Marking task as SUCCESS. dag_id=league_of_legends_dag, task_id=paths.path_runesreforged.staging_runesreforged, execution_date=20220401T030000, start_date=20220519T230820, end_date=20220519T230821
[2022-05-19 23:08:21,683] {local_task_job.py:154} INFO - Task exited with return code 0
[2022-05-19 23:08:21,717] {local_task_job.py:264} INFO - 1 downstream tasks scheduled from follow-on schedule check
