[2022-05-20 04:02:50,693] {taskinstance.py:1037} INFO - Dependencies all met for <TaskInstance: league_of_legends_dag.paths.path_maps.staging_maps scheduled__2022-04-01T21:00:00+00:00 [queued]>
[2022-05-20 04:02:50,708] {taskinstance.py:1037} INFO - Dependencies all met for <TaskInstance: league_of_legends_dag.paths.path_maps.staging_maps scheduled__2022-04-01T21:00:00+00:00 [queued]>
[2022-05-20 04:02:50,709] {taskinstance.py:1243} INFO - 
--------------------------------------------------------------------------------
[2022-05-20 04:02:50,709] {taskinstance.py:1244} INFO - Starting attempt 1 of 2
[2022-05-20 04:02:50,709] {taskinstance.py:1245} INFO - 
--------------------------------------------------------------------------------
[2022-05-20 04:02:50,723] {taskinstance.py:1264} INFO - Executing <Task(riot_dataDragonToADLSOperator): paths.path_maps.staging_maps> on 2022-04-01 21:00:00+00:00
[2022-05-20 04:02:50,728] {standard_task_runner.py:52} INFO - Started process 2909 to run task
[2022-05-20 04:02:50,732] {standard_task_runner.py:76} INFO - Running: ['***', 'tasks', 'run', 'league_of_legends_dag', 'paths.path_maps.staging_maps', 'scheduled__2022-04-01T21:00:00+00:00', '--job-id', '572', '--raw', '--subdir', 'DAGS_FOLDER/dataDragon_dag.py', '--cfg-path', '/tmp/tmpyuiw1xwv', '--error-file', '/tmp/tmp20v8abxb']
[2022-05-20 04:02:50,733] {standard_task_runner.py:77} INFO - Job 572: Subtask paths.path_maps.staging_maps
[2022-05-20 04:02:50,791] {logging_mixin.py:109} INFO - Running <TaskInstance: league_of_legends_dag.paths.path_maps.staging_maps scheduled__2022-04-01T21:00:00+00:00 [running]> on host ca9a242fab95
[2022-05-20 04:02:50,856] {taskinstance.py:1429} INFO - Exporting the following env vars:
AIRFLOW_CTX_DAG_OWNER=admin
AIRFLOW_CTX_DAG_ID=league_of_legends_dag
AIRFLOW_CTX_TASK_ID=paths.path_maps.staging_maps
AIRFLOW_CTX_EXECUTION_DATE=2022-04-01T21:00:00+00:00
AIRFLOW_CTX_DAG_RUN_ID=scheduled__2022-04-01T21:00:00+00:00
[2022-05-20 04:02:50,857] {riot_datadragon_toADLS_Operator.py:55} INFO - StageToAzureLake not implemented yet
[2022-05-20 04:02:50,867] {riot_datadragon_toADLS_Operator.py:63} INFO - <bound method WasbHook.get_conn of <airflow.providers.microsoft.azure.hooks.wasb.WasbHook object at 0x7f9ca4813130>>
[2022-05-20 04:02:50,868] {riot_datadragon_toADLS_Operator.py:64} INFO - Created Azure Connections
[2022-05-20 04:02:50,990] {riot_datadragon_toADLS_Operator.py:86} INFO - About to load to Azure!
[2022-05-20 04:02:50,990] {riot_datadragon_toADLS_Operator.py:87} INFO - maps
[2022-05-20 04:02:50,992] {_universal.py:472} INFO - Request URL: 'https://leagueoflegends.blob.core.windows.net/datadragon-maps/2022/5/20/4.json'/nRequest method: 'PUT'/nRequest headers:/n    'x-ms-blob-type': 'REDACTED'/n    'Content-Length': '674'/n    'If-None-Match': '*'/n    'x-ms-version': 'REDACTED'/n    'Content-Type': 'application/octet-stream'/n    'Accept': 'application/xml'/n    'User-Agent': 'azsdk-python-storage-blob/12.8.1 Python/3.8.12 (Linux-5.10.102.1-microsoft-standard-WSL2-x86_64-with-glibc2.2.5)'/n    'x-ms-date': 'REDACTED'/n    'x-ms-client-request-id': 'b7a7325c-d7f1-11ec-bbf4-0242ac140004'/n    'Authorization': 'REDACTED'/nA body is sent with the request
[2022-05-20 04:02:51,326] {_universal.py:503} INFO - Response status: 201/nResponse headers:/n    'Content-Length': '0'/n    'Content-MD5': 'REDACTED'/n    'Last-Modified': 'Fri, 20 May 2022 04:02:52 GMT'/n    'ETag': '"0x8DA3A159CFFE10F"'/n    'Server': 'Windows-Azure-Blob/1.0 Microsoft-HTTPAPI/2.0'/n    'x-ms-request-id': '8f1c0125-201e-00f8-69fe-6b2a36000000'/n    'x-ms-client-request-id': 'b7a7325c-d7f1-11ec-bbf4-0242ac140004'/n    'x-ms-version': 'REDACTED'/n    'x-ms-content-crc64': 'REDACTED'/n    'x-ms-request-server-encrypted': 'REDACTED'/n    'Date': 'Fri, 20 May 2022 04:02:52 GMT'
[2022-05-20 04:02:51,330] {riot_datadragon_toADLS_Operator.py:57} INFO - Upload league of legends data to Azure!
[2022-05-20 04:02:51,341] {taskinstance.py:1272} INFO - Marking task as SUCCESS. dag_id=league_of_legends_dag, task_id=paths.path_maps.staging_maps, execution_date=20220401T210000, start_date=20220520T040250, end_date=20220520T040251
[2022-05-20 04:02:51,386] {local_task_job.py:154} INFO - Task exited with return code 0
[2022-05-20 04:02:51,427] {local_task_job.py:264} INFO - 1 downstream tasks scheduled from follow-on schedule check
