[2022-06-07 21:10:43,174] {taskinstance.py:1037} INFO - Dependencies all met for <TaskInstance: match_details_dag.paths.path_matchdetails.azure_matchdetails_snowflake scheduled__2022-05-23T00:00:00+00:00 [queued]>
[2022-06-07 21:10:43,186] {taskinstance.py:1037} INFO - Dependencies all met for <TaskInstance: match_details_dag.paths.path_matchdetails.azure_matchdetails_snowflake scheduled__2022-05-23T00:00:00+00:00 [queued]>
[2022-06-07 21:10:43,186] {taskinstance.py:1243} INFO - 
--------------------------------------------------------------------------------
[2022-06-07 21:10:43,186] {taskinstance.py:1244} INFO - Starting attempt 1 of 2
[2022-06-07 21:10:43,186] {taskinstance.py:1245} INFO - 
--------------------------------------------------------------------------------
[2022-06-07 21:10:43,200] {taskinstance.py:1264} INFO - Executing <Task(AzureDataLakeToSnowflakeTransferOperator): paths.path_matchdetails.azure_matchdetails_snowflake> on 2022-05-23 00:00:00+00:00
[2022-06-07 21:10:43,205] {standard_task_runner.py:52} INFO - Started process 85 to run task
[2022-06-07 21:10:43,208] {standard_task_runner.py:76} INFO - Running: ['***', 'tasks', 'run', 'match_details_dag', 'paths.path_matchdetails.azure_matchdetails_snowflake', 'scheduled__2022-05-23T00:00:00+00:00', '--job-id', '6', '--raw', '--subdir', 'DAGS_FOLDER/matchData_dag.py', '--cfg-path', '/tmp/tmpbdnkl9yv', '--error-file', '/tmp/tmpko1garje']
[2022-06-07 21:10:43,209] {standard_task_runner.py:77} INFO - Job 6: Subtask paths.path_matchdetails.azure_matchdetails_snowflake
[2022-06-07 21:10:43,258] {logging_mixin.py:109} INFO - Running <TaskInstance: match_details_dag.paths.path_matchdetails.azure_matchdetails_snowflake scheduled__2022-05-23T00:00:00+00:00 [running]> on host 25dc244c4df9
[2022-06-07 21:10:43,308] {taskinstance.py:1429} INFO - Exporting the following env vars:
AIRFLOW_CTX_DAG_OWNER=admin
AIRFLOW_CTX_DAG_ID=match_details_dag
AIRFLOW_CTX_TASK_ID=paths.path_matchdetails.azure_matchdetails_snowflake
AIRFLOW_CTX_EXECUTION_DATE=2022-05-23T00:00:00+00:00
AIRFLOW_CTX_DAG_RUN_ID=scheduled__2022-05-23T00:00:00+00:00
[2022-06-07 21:10:43,309] {azureToSnowflake.py:73} INFO - Executing COPY command...
[2022-06-07 21:10:43,319] {connection.py:257} INFO - Snowflake Connector for Python Version: 2.5.1, Python Version: 3.8.12, Platform: Linux-5.10.102.1-microsoft-standard-WSL2-x86_64-with-glibc2.2.5
[2022-06-07 21:10:43,320] {connection.py:868} INFO - This connection is in OCSP Fail Open Mode. TLS Certificates would be checked for validity and revocation status. Any other Certificate Revocation related exceptions or OCSP Responder failures would be disregarded in favor of connectivity.
[2022-06-07 21:10:43,320] {connection.py:886} INFO - Setting use_openssl_only mode to False
[2022-06-07 21:10:43,907] {cursor.py:637} INFO - query: [ALTER SESSION SET autocommit=True]
[2022-06-07 21:10:44,067] {cursor.py:661} INFO - query execution done
[2022-06-07 21:10:44,069] {snowflake.py:324} INFO - Running statement: COPY INTO STAGING_MATCHDETAILS
FROM @MY_AZURE_MATCH_DETAILS_STAGE/
files=('2022/6/7/21.csv')
file_format=MATCH_DETAILS_FILEFORMAT, parameters: None
[2022-06-07 21:10:44,069] {cursor.py:637} INFO - query: [COPY INTO STAGING_MATCHDETAILS FROM @MY_AZURE_MATCH_DETAILS_STAGE/ files=('2022/...]
[2022-06-07 21:10:45,831] {cursor.py:661} INFO - query execution done
[2022-06-07 21:10:45,831] {snowflake.py:334} INFO - Statement execution info - {'file': 'azure://leagueoflegends.blob.core.windows.net/match-details/2022/6/7/21.csv', 'status': 'LOADED', 'rows_parsed': 200, 'rows_loaded': 200, 'error_limit': 1, 'errors_seen': 0, 'first_error': None, 'first_error_line': None, 'first_error_character': None, 'first_error_column_name': None}
[2022-06-07 21:10:45,832] {json_result.py:127} INFO - fetching data done
[2022-06-07 21:10:45,832] {snowflake.py:338} INFO - Rows affected: 1
[2022-06-07 21:10:45,832] {snowflake.py:339} INFO - Snowflake query id: 01a4cbb6-0000-f62c-0000-d96900044026
[2022-06-07 21:10:45,832] {connection.py:499} INFO - closed
[2022-06-07 21:10:45,866] {connection.py:502} INFO - No async queries seem to be running, deleting session
[2022-06-07 21:10:45,962] {azureToSnowflake.py:75} INFO - COPY command completed
[2022-06-07 21:10:45,974] {taskinstance.py:1272} INFO - Marking task as SUCCESS. dag_id=match_details_dag, task_id=paths.path_matchdetails.azure_matchdetails_snowflake, execution_date=20220523T000000, start_date=20220607T211043, end_date=20220607T211045
[2022-06-07 21:10:46,031] {local_task_job.py:154} INFO - Task exited with return code 0
[2022-06-07 21:10:46,073] {local_task_job.py:264} INFO - 1 downstream tasks scheduled from follow-on schedule check
[2022-06-11 05:25:14,182] {taskinstance.py:1037} INFO - Dependencies all met for <TaskInstance: match_details_dag.paths.path_matchdetails.azure_matchdetails_snowflake scheduled__2022-05-23T00:00:00+00:00 [queued]>
[2022-06-11 05:25:14,194] {taskinstance.py:1037} INFO - Dependencies all met for <TaskInstance: match_details_dag.paths.path_matchdetails.azure_matchdetails_snowflake scheduled__2022-05-23T00:00:00+00:00 [queued]>
[2022-06-11 05:25:14,194] {taskinstance.py:1243} INFO - 
--------------------------------------------------------------------------------
[2022-06-11 05:25:14,194] {taskinstance.py:1244} INFO - Starting attempt 1 of 2
[2022-06-11 05:25:14,194] {taskinstance.py:1245} INFO - 
--------------------------------------------------------------------------------
[2022-06-11 05:25:14,209] {taskinstance.py:1264} INFO - Executing <Task(AzureDataLakeToSnowflakeTransferOperator): paths.path_matchdetails.azure_matchdetails_snowflake> on 2022-05-23 00:00:00+00:00
[2022-06-11 05:25:14,216] {standard_task_runner.py:52} INFO - Started process 79 to run task
[2022-06-11 05:25:14,220] {standard_task_runner.py:76} INFO - Running: ['***', 'tasks', 'run', 'match_details_dag', 'paths.path_matchdetails.azure_matchdetails_snowflake', 'scheduled__2022-05-23T00:00:00+00:00', '--job-id', '10', '--raw', '--subdir', 'DAGS_FOLDER/matchData_dag.py', '--cfg-path', '/tmp/tmpzgfgbvwi', '--error-file', '/tmp/tmpszidnrr_']
[2022-06-11 05:25:14,221] {standard_task_runner.py:77} INFO - Job 10: Subtask paths.path_matchdetails.azure_matchdetails_snowflake
[2022-06-11 05:25:14,280] {logging_mixin.py:109} INFO - Running <TaskInstance: match_details_dag.paths.path_matchdetails.azure_matchdetails_snowflake scheduled__2022-05-23T00:00:00+00:00 [running]> on host 1c0e300cbff9
[2022-06-11 05:25:14,332] {taskinstance.py:1429} INFO - Exporting the following env vars:
AIRFLOW_CTX_DAG_OWNER=admin
AIRFLOW_CTX_DAG_ID=match_details_dag
AIRFLOW_CTX_TASK_ID=paths.path_matchdetails.azure_matchdetails_snowflake
AIRFLOW_CTX_EXECUTION_DATE=2022-05-23T00:00:00+00:00
AIRFLOW_CTX_DAG_RUN_ID=scheduled__2022-05-23T00:00:00+00:00
[2022-06-11 05:25:14,332] {azureToSnowflake.py:73} INFO - Executing COPY command...
[2022-06-11 05:25:14,342] {connection.py:257} INFO - Snowflake Connector for Python Version: 2.7.8, Python Version: 3.8.12, Platform: Linux-5.10.102.1-microsoft-standard-WSL2-x86_64-with-glibc2.2.5
[2022-06-11 05:25:14,342] {connection.py:876} INFO - This connection is in OCSP Fail Open Mode. TLS Certificates would be checked for validity and revocation status. Any other Certificate Revocation related exceptions or OCSP Responder failures would be disregarded in favor of connectivity.
[2022-06-11 05:25:14,343] {connection.py:894} INFO - Setting use_openssl_only mode to False
[2022-06-11 05:25:14,966] {cursor.py:710} INFO - query: [ALTER SESSION SET autocommit=True]
[2022-06-11 05:25:15,188] {cursor.py:734} INFO - query execution done
[2022-06-11 05:25:15,189] {snowflake.py:324} INFO - Running statement: COPY INTO STAGING_MATCHDETAILS
FROM @MY_AZURE_MATCH_DETAILS_STAGE/
files=('2022/6/11/5.csv')
file_format=MATCH_DETAILS_FILEFORMAT, parameters: None
[2022-06-11 05:25:15,189] {cursor.py:710} INFO - query: [COPY INTO STAGING_MATCHDETAILS FROM @MY_AZURE_MATCH_DETAILS_STAGE/ files=('2022/...]
[2022-06-11 05:25:16,442] {cursor.py:734} INFO - query execution done
[2022-06-11 05:25:16,442] {snowflake.py:334} INFO - Statement execution info - {'file': 'azure://leagueoflegends.blob.core.windows.net/match-details/2022/6/11/5.csv', 'status': 'LOADED', 'rows_parsed': 200, 'rows_loaded': 200, 'error_limit': 1, 'errors_seen': 0, 'first_error': None, 'first_error_line': None, 'first_error_character': None, 'first_error_column_name': None}
[2022-06-11 05:25:16,443] {snowflake.py:338} INFO - Rows affected: 1
[2022-06-11 05:25:16,443] {snowflake.py:339} INFO - Snowflake query id: 01a4de85-0000-f77f-0000-d9690004c012
[2022-06-11 05:25:16,444] {connection.py:507} INFO - closed
[2022-06-11 05:25:16,482] {connection.py:510} INFO - No async queries seem to be running, deleting session
[2022-06-11 05:25:16,567] {azureToSnowflake.py:75} INFO - COPY command completed
[2022-06-11 05:25:16,578] {taskinstance.py:1272} INFO - Marking task as SUCCESS. dag_id=match_details_dag, task_id=paths.path_matchdetails.azure_matchdetails_snowflake, execution_date=20220523T000000, start_date=20220611T052514, end_date=20220611T052516
[2022-06-11 05:25:16,642] {local_task_job.py:154} INFO - Task exited with return code 0
[2022-06-11 05:25:16,687] {local_task_job.py:264} INFO - 0 downstream tasks scheduled from follow-on schedule check
[2022-06-11 07:12:09,380] {taskinstance.py:1037} INFO - Dependencies all met for <TaskInstance: match_details_dag.paths.path_matchdetails.azure_matchdetails_snowflake scheduled__2022-05-23T00:00:00+00:00 [queued]>
[2022-06-11 07:12:09,394] {taskinstance.py:1037} INFO - Dependencies all met for <TaskInstance: match_details_dag.paths.path_matchdetails.azure_matchdetails_snowflake scheduled__2022-05-23T00:00:00+00:00 [queued]>
[2022-06-11 07:12:09,394] {taskinstance.py:1243} INFO - 
--------------------------------------------------------------------------------
[2022-06-11 07:12:09,395] {taskinstance.py:1244} INFO - Starting attempt 1 of 2
[2022-06-11 07:12:09,395] {taskinstance.py:1245} INFO - 
--------------------------------------------------------------------------------
[2022-06-11 07:12:09,412] {taskinstance.py:1264} INFO - Executing <Task(AzureDataLakeToSnowflakeTransferOperator): paths.path_matchdetails.azure_matchdetails_snowflake> on 2022-05-23 00:00:00+00:00
[2022-06-11 07:12:09,417] {standard_task_runner.py:52} INFO - Started process 237 to run task
[2022-06-11 07:12:09,421] {standard_task_runner.py:76} INFO - Running: ['***', 'tasks', 'run', 'match_details_dag', 'paths.path_matchdetails.azure_matchdetails_snowflake', 'scheduled__2022-05-23T00:00:00+00:00', '--job-id', '60', '--raw', '--subdir', 'DAGS_FOLDER/matchData_dag.py', '--cfg-path', '/tmp/tmp91qq3yvu', '--error-file', '/tmp/tmpdt7kejv7']
[2022-06-11 07:12:09,422] {standard_task_runner.py:77} INFO - Job 60: Subtask paths.path_matchdetails.azure_matchdetails_snowflake
[2022-06-11 07:12:09,489] {logging_mixin.py:109} INFO - Running <TaskInstance: match_details_dag.paths.path_matchdetails.azure_matchdetails_snowflake scheduled__2022-05-23T00:00:00+00:00 [running]> on host a1cebf1185bf
[2022-06-11 07:12:09,558] {taskinstance.py:1429} INFO - Exporting the following env vars:
AIRFLOW_CTX_DAG_OWNER=admin
AIRFLOW_CTX_DAG_ID=match_details_dag
AIRFLOW_CTX_TASK_ID=paths.path_matchdetails.azure_matchdetails_snowflake
AIRFLOW_CTX_EXECUTION_DATE=2022-05-23T00:00:00+00:00
AIRFLOW_CTX_DAG_RUN_ID=scheduled__2022-05-23T00:00:00+00:00
[2022-06-11 07:12:09,560] {azureToSnowflake.py:73} INFO - Executing COPY command...
[2022-06-11 07:12:09,574] {connection.py:257} INFO - Snowflake Connector for Python Version: 2.7.8, Python Version: 3.8.12, Platform: Linux-5.10.102.1-microsoft-standard-WSL2-x86_64-with-glibc2.2.5
[2022-06-11 07:12:09,575] {connection.py:876} INFO - This connection is in OCSP Fail Open Mode. TLS Certificates would be checked for validity and revocation status. Any other Certificate Revocation related exceptions or OCSP Responder failures would be disregarded in favor of connectivity.
[2022-06-11 07:12:09,575] {connection.py:894} INFO - Setting use_openssl_only mode to False
[2022-06-11 07:12:10,316] {cursor.py:710} INFO - query: [ALTER SESSION SET autocommit=True]
[2022-06-11 07:12:10,401] {cursor.py:734} INFO - query execution done
[2022-06-11 07:12:10,402] {snowflake.py:324} INFO - Running statement: COPY INTO STAGING_MATCHDETAILS
FROM @MY_AZURE_MATCH_DETAILS_STAGE/
files=('2022/6/11/7.csv')
file_format=MATCH_DETAILS_FILEFORMAT, parameters: None
[2022-06-11 07:12:10,402] {cursor.py:710} INFO - query: [COPY INTO STAGING_MATCHDETAILS FROM @MY_AZURE_MATCH_DETAILS_STAGE/ files=('2022/...]
[2022-06-11 07:12:11,246] {cursor.py:734} INFO - query execution done
[2022-06-11 07:12:11,247] {snowflake.py:334} INFO - Statement execution info - {'file': 'azure://leagueoflegends.blob.core.windows.net/match-details/2022/6/11/7.csv', 'status': 'LOADED', 'rows_parsed': 200, 'rows_loaded': 200, 'error_limit': 1, 'errors_seen': 0, 'first_error': None, 'first_error_line': None, 'first_error_character': None, 'first_error_column_name': None}
[2022-06-11 07:12:11,247] {snowflake.py:338} INFO - Rows affected: 1
[2022-06-11 07:12:11,248] {snowflake.py:339} INFO - Snowflake query id: 01a4def0-0000-f76c-0000-d9690004b126
[2022-06-11 07:12:11,248] {connection.py:507} INFO - closed
[2022-06-11 07:12:11,303] {connection.py:510} INFO - No async queries seem to be running, deleting session
[2022-06-11 07:12:11,388] {azureToSnowflake.py:75} INFO - COPY command completed
[2022-06-11 07:12:11,405] {taskinstance.py:1272} INFO - Marking task as SUCCESS. dag_id=match_details_dag, task_id=paths.path_matchdetails.azure_matchdetails_snowflake, execution_date=20220523T000000, start_date=20220611T071209, end_date=20220611T071211
[2022-06-11 07:12:11,440] {local_task_job.py:154} INFO - Task exited with return code 0
[2022-06-11 07:12:11,480] {local_task_job.py:264} INFO - 1 downstream tasks scheduled from follow-on schedule check
[2022-06-14 17:44:02,631] {taskinstance.py:1037} INFO - Dependencies all met for <TaskInstance: match_details_dag.paths.path_matchdetails.azure_matchdetails_snowflake scheduled__2022-05-23T00:00:00+00:00 [queued]>
[2022-06-14 17:44:02,640] {taskinstance.py:1037} INFO - Dependencies all met for <TaskInstance: match_details_dag.paths.path_matchdetails.azure_matchdetails_snowflake scheduled__2022-05-23T00:00:00+00:00 [queued]>
[2022-06-14 17:44:02,641] {taskinstance.py:1243} INFO - 
--------------------------------------------------------------------------------
[2022-06-14 17:44:02,641] {taskinstance.py:1244} INFO - Starting attempt 1 of 2
[2022-06-14 17:44:02,641] {taskinstance.py:1245} INFO - 
--------------------------------------------------------------------------------
[2022-06-14 17:44:02,652] {taskinstance.py:1264} INFO - Executing <Task(AzureDataLakeToSnowflakeTransferOperator): paths.path_matchdetails.azure_matchdetails_snowflake> on 2022-05-23 00:00:00+00:00
[2022-06-14 17:44:02,657] {standard_task_runner.py:52} INFO - Started process 85 to run task
[2022-06-14 17:44:02,659] {standard_task_runner.py:76} INFO - Running: ['***', 'tasks', 'run', 'match_details_dag', 'paths.path_matchdetails.azure_matchdetails_snowflake', 'scheduled__2022-05-23T00:00:00+00:00', '--job-id', '85', '--raw', '--subdir', 'DAGS_FOLDER/matchData_dag.py', '--cfg-path', '/tmp/tmpncqskan5', '--error-file', '/tmp/tmpd1s8qi7h']
[2022-06-14 17:44:02,660] {standard_task_runner.py:77} INFO - Job 85: Subtask paths.path_matchdetails.azure_matchdetails_snowflake
[2022-06-14 17:44:02,707] {logging_mixin.py:109} INFO - Running <TaskInstance: match_details_dag.paths.path_matchdetails.azure_matchdetails_snowflake scheduled__2022-05-23T00:00:00+00:00 [running]> on host 9ccbaa06f6ac
[2022-06-14 17:44:02,750] {taskinstance.py:1429} INFO - Exporting the following env vars:
AIRFLOW_CTX_DAG_OWNER=admin
AIRFLOW_CTX_DAG_ID=match_details_dag
AIRFLOW_CTX_TASK_ID=paths.path_matchdetails.azure_matchdetails_snowflake
AIRFLOW_CTX_EXECUTION_DATE=2022-05-23T00:00:00+00:00
AIRFLOW_CTX_DAG_RUN_ID=scheduled__2022-05-23T00:00:00+00:00
[2022-06-14 17:44:02,751] {azureToSnowflake.py:73} INFO - Executing COPY command...
[2022-06-14 17:44:02,758] {connection.py:257} INFO - Snowflake Connector for Python Version: 2.7.8, Python Version: 3.8.12, Platform: Linux-5.10.102.1-microsoft-standard-WSL2-x86_64-with-glibc2.2.5
[2022-06-14 17:44:02,759] {connection.py:876} INFO - This connection is in OCSP Fail Open Mode. TLS Certificates would be checked for validity and revocation status. Any other Certificate Revocation related exceptions or OCSP Responder failures would be disregarded in favor of connectivity.
[2022-06-14 17:44:02,759] {connection.py:894} INFO - Setting use_openssl_only mode to False
[2022-06-14 17:44:03,458] {cursor.py:710} INFO - query: [ALTER SESSION SET autocommit=True]
[2022-06-14 17:44:03,581] {cursor.py:734} INFO - query execution done
[2022-06-14 17:44:03,582] {snowflake.py:324} INFO - Running statement: COPY INTO STAGING_MATCHDETAILS
FROM @MY_AZURE_MATCH_DETAILS_STAGE/
files=('2022/6/14/17.csv')
file_format=MATCH_DETAILS_FILEFORMAT, parameters: None
[2022-06-14 17:44:03,582] {cursor.py:710} INFO - query: [COPY INTO STAGING_MATCHDETAILS FROM @MY_AZURE_MATCH_DETAILS_STAGE/ files=('2022/...]
[2022-06-14 17:44:05,095] {cursor.py:734} INFO - query execution done
[2022-06-14 17:44:05,096] {snowflake.py:334} INFO - Statement execution info - {'file': 'azure://leagueoflegends.blob.core.windows.net/match-details/2022/6/14/17.csv', 'status': 'LOADED', 'rows_parsed': 200, 'rows_loaded': 200, 'error_limit': 1, 'errors_seen': 0, 'first_error': None, 'first_error_line': None, 'first_error_character': None, 'first_error_column_name': None}
[2022-06-14 17:44:05,096] {snowflake.py:338} INFO - Rows affected: 1
[2022-06-14 17:44:05,097] {snowflake.py:339} INFO - Snowflake query id: 01a4f248-0000-f7e6-0000-d9690004f18e
[2022-06-14 17:44:05,097] {connection.py:507} INFO - closed
[2022-06-14 17:44:05,146] {connection.py:510} INFO - No async queries seem to be running, deleting session
[2022-06-14 17:44:05,267] {azureToSnowflake.py:75} INFO - COPY command completed
[2022-06-14 17:44:05,277] {taskinstance.py:1272} INFO - Marking task as SUCCESS. dag_id=match_details_dag, task_id=paths.path_matchdetails.azure_matchdetails_snowflake, execution_date=20220523T000000, start_date=20220614T174402, end_date=20220614T174405
[2022-06-14 17:44:05,323] {local_task_job.py:154} INFO - Task exited with return code 0
[2022-06-14 17:44:05,353] {local_task_job.py:264} INFO - 0 downstream tasks scheduled from follow-on schedule check
