[2022-05-05 23:08:21,731] {processor.py:163} INFO - Started process (PID=368) to work on /home/airflow/.local/lib/python3.7/site-packages/airflow/example_dags/example_nested_branch_dag.py
[2022-05-05 23:08:21,731] {processor.py:642} INFO - Processing file /home/airflow/.local/lib/python3.7/site-packages/airflow/example_dags/example_nested_branch_dag.py for tasks to queue
[2022-05-05 23:08:21,732] {logging_mixin.py:109} INFO - [2022-05-05 23:08:21,732] {dagbag.py:500} INFO - Filling up the DagBag from /home/airflow/.local/lib/python3.7/site-packages/airflow/example_dags/example_nested_branch_dag.py
[2022-05-05 23:08:21,768] {processor.py:654} INFO - DAG(s) dict_keys(['example_nested_branch_dag']) retrieved from /home/airflow/.local/lib/python3.7/site-packages/airflow/example_dags/example_nested_branch_dag.py
[2022-05-05 23:08:23,402] {logging_mixin.py:109} INFO - [2022-05-05 23:08:23,402] {opentelemetry_tracing.py:29} INFO - This service is instrumented using OpenTelemetry. OpenTelemetry could not be imported; please add opentelemetry-api and opentelemetry-instrumentation packages in order to get BigQuery Tracing data.
[2022-05-05 23:08:24,122] {logging_mixin.py:109} INFO - [2022-05-05 23:08:24,122] {manager.py:496} INFO - Created Permission View: can edit on DAG:example_nested_branch_dag
[2022-05-05 23:08:24,139] {logging_mixin.py:109} INFO - [2022-05-05 23:08:24,139] {manager.py:496} INFO - Created Permission View: can read on DAG:example_nested_branch_dag
[2022-05-05 23:08:24,140] {logging_mixin.py:109} INFO - [2022-05-05 23:08:24,140] {dag.py:2398} INFO - Sync 1 DAGs
[2022-05-05 23:08:24,152] {logging_mixin.py:109} INFO - [2022-05-05 23:08:24,152] {dag.py:2417} INFO - Creating ORM DAG for example_nested_branch_dag
[2022-05-05 23:08:24,168] {logging_mixin.py:109} INFO - [2022-05-05 23:08:24,168] {dag.py:2937} INFO - Setting next_dagrun for example_nested_branch_dag to 2022-05-04 00:00:00+00:00
[2022-05-05 23:08:24,187] {processor.py:171} INFO - Processing /home/airflow/.local/lib/python3.7/site-packages/airflow/example_dags/example_nested_branch_dag.py took 2.459 seconds
[2022-05-05 23:08:54,883] {processor.py:163} INFO - Started process (PID=610) to work on /home/airflow/.local/lib/python3.7/site-packages/airflow/example_dags/example_nested_branch_dag.py
[2022-05-05 23:08:54,895] {processor.py:642} INFO - Processing file /home/airflow/.local/lib/python3.7/site-packages/airflow/example_dags/example_nested_branch_dag.py for tasks to queue
[2022-05-05 23:08:54,896] {logging_mixin.py:109} INFO - [2022-05-05 23:08:54,896] {dagbag.py:500} INFO - Filling up the DagBag from /home/airflow/.local/lib/python3.7/site-packages/airflow/example_dags/example_nested_branch_dag.py
[2022-05-05 23:08:54,937] {processor.py:654} INFO - DAG(s) dict_keys(['example_nested_branch_dag']) retrieved from /home/airflow/.local/lib/python3.7/site-packages/airflow/example_dags/example_nested_branch_dag.py
[2022-05-05 23:08:54,951] {logging_mixin.py:109} INFO - [2022-05-05 23:08:54,951] {dag.py:2398} INFO - Sync 1 DAGs
[2022-05-05 23:08:54,973] {logging_mixin.py:109} INFO - [2022-05-05 23:08:54,973] {dag.py:2937} INFO - Setting next_dagrun for example_nested_branch_dag to 2022-05-04 00:00:00+00:00
[2022-05-05 23:08:54,987] {processor.py:171} INFO - Processing /home/airflow/.local/lib/python3.7/site-packages/airflow/example_dags/example_nested_branch_dag.py took 0.106 seconds
[2022-05-05 23:09:25,107] {processor.py:163} INFO - Started process (PID=661) to work on /home/airflow/.local/lib/python3.7/site-packages/airflow/example_dags/example_nested_branch_dag.py
[2022-05-05 23:09:25,108] {processor.py:642} INFO - Processing file /home/airflow/.local/lib/python3.7/site-packages/airflow/example_dags/example_nested_branch_dag.py for tasks to queue
[2022-05-05 23:09:25,109] {logging_mixin.py:109} INFO - [2022-05-05 23:09:25,109] {dagbag.py:500} INFO - Filling up the DagBag from /home/airflow/.local/lib/python3.7/site-packages/airflow/example_dags/example_nested_branch_dag.py
[2022-05-05 23:09:25,155] {processor.py:654} INFO - DAG(s) dict_keys(['example_nested_branch_dag']) retrieved from /home/airflow/.local/lib/python3.7/site-packages/airflow/example_dags/example_nested_branch_dag.py
[2022-05-05 23:09:25,170] {logging_mixin.py:109} INFO - [2022-05-05 23:09:25,170] {dag.py:2398} INFO - Sync 1 DAGs
[2022-05-05 23:09:25,195] {logging_mixin.py:109} INFO - [2022-05-05 23:09:25,195] {dag.py:2937} INFO - Setting next_dagrun for example_nested_branch_dag to 2022-05-04 00:00:00+00:00
[2022-05-05 23:09:25,209] {processor.py:171} INFO - Processing /home/airflow/.local/lib/python3.7/site-packages/airflow/example_dags/example_nested_branch_dag.py took 0.105 seconds
[2022-05-05 23:09:55,446] {processor.py:163} INFO - Started process (PID=721) to work on /home/airflow/.local/lib/python3.7/site-packages/airflow/example_dags/example_nested_branch_dag.py
[2022-05-05 23:09:55,447] {processor.py:642} INFO - Processing file /home/airflow/.local/lib/python3.7/site-packages/airflow/example_dags/example_nested_branch_dag.py for tasks to queue
[2022-05-05 23:09:55,448] {logging_mixin.py:109} INFO - [2022-05-05 23:09:55,448] {dagbag.py:500} INFO - Filling up the DagBag from /home/airflow/.local/lib/python3.7/site-packages/airflow/example_dags/example_nested_branch_dag.py
[2022-05-05 23:09:55,486] {processor.py:654} INFO - DAG(s) dict_keys(['example_nested_branch_dag']) retrieved from /home/airflow/.local/lib/python3.7/site-packages/airflow/example_dags/example_nested_branch_dag.py
[2022-05-05 23:09:55,501] {logging_mixin.py:109} INFO - [2022-05-05 23:09:55,501] {dag.py:2398} INFO - Sync 1 DAGs
[2022-05-05 23:09:55,525] {logging_mixin.py:109} INFO - [2022-05-05 23:09:55,525] {dag.py:2937} INFO - Setting next_dagrun for example_nested_branch_dag to 2022-05-04 00:00:00+00:00
[2022-05-05 23:09:55,538] {processor.py:171} INFO - Processing /home/airflow/.local/lib/python3.7/site-packages/airflow/example_dags/example_nested_branch_dag.py took 0.094 seconds
[2022-05-05 23:10:25,706] {processor.py:163} INFO - Started process (PID=772) to work on /home/airflow/.local/lib/python3.7/site-packages/airflow/example_dags/example_nested_branch_dag.py
[2022-05-05 23:10:25,708] {processor.py:642} INFO - Processing file /home/airflow/.local/lib/python3.7/site-packages/airflow/example_dags/example_nested_branch_dag.py for tasks to queue
[2022-05-05 23:10:25,709] {logging_mixin.py:109} INFO - [2022-05-05 23:10:25,709] {dagbag.py:500} INFO - Filling up the DagBag from /home/airflow/.local/lib/python3.7/site-packages/airflow/example_dags/example_nested_branch_dag.py
[2022-05-05 23:10:25,766] {processor.py:654} INFO - DAG(s) dict_keys(['example_nested_branch_dag']) retrieved from /home/airflow/.local/lib/python3.7/site-packages/airflow/example_dags/example_nested_branch_dag.py
[2022-05-05 23:10:25,778] {logging_mixin.py:109} INFO - [2022-05-05 23:10:25,778] {dag.py:2398} INFO - Sync 1 DAGs
[2022-05-05 23:10:25,797] {logging_mixin.py:109} INFO - [2022-05-05 23:10:25,797] {dag.py:2937} INFO - Setting next_dagrun for example_nested_branch_dag to 2022-05-04 00:00:00+00:00
[2022-05-05 23:10:25,811] {processor.py:171} INFO - Processing /home/airflow/.local/lib/python3.7/site-packages/airflow/example_dags/example_nested_branch_dag.py took 0.108 seconds
[2022-05-05 23:10:55,872] {processor.py:163} INFO - Started process (PID=823) to work on /home/airflow/.local/lib/python3.7/site-packages/airflow/example_dags/example_nested_branch_dag.py
[2022-05-05 23:10:55,873] {processor.py:642} INFO - Processing file /home/airflow/.local/lib/python3.7/site-packages/airflow/example_dags/example_nested_branch_dag.py for tasks to queue
[2022-05-05 23:10:55,874] {logging_mixin.py:109} INFO - [2022-05-05 23:10:55,874] {dagbag.py:500} INFO - Filling up the DagBag from /home/airflow/.local/lib/python3.7/site-packages/airflow/example_dags/example_nested_branch_dag.py
[2022-05-05 23:10:55,912] {processor.py:654} INFO - DAG(s) dict_keys(['example_nested_branch_dag']) retrieved from /home/airflow/.local/lib/python3.7/site-packages/airflow/example_dags/example_nested_branch_dag.py
[2022-05-05 23:10:55,926] {logging_mixin.py:109} INFO - [2022-05-05 23:10:55,926] {dag.py:2398} INFO - Sync 1 DAGs
[2022-05-05 23:10:55,953] {logging_mixin.py:109} INFO - [2022-05-05 23:10:55,952] {dag.py:2937} INFO - Setting next_dagrun for example_nested_branch_dag to 2022-05-04 00:00:00+00:00
[2022-05-05 23:10:55,970] {processor.py:171} INFO - Processing /home/airflow/.local/lib/python3.7/site-packages/airflow/example_dags/example_nested_branch_dag.py took 0.101 seconds
[2022-05-05 23:11:26,015] {processor.py:163} INFO - Started process (PID=873) to work on /home/airflow/.local/lib/python3.7/site-packages/airflow/example_dags/example_nested_branch_dag.py
[2022-05-05 23:11:26,020] {processor.py:642} INFO - Processing file /home/airflow/.local/lib/python3.7/site-packages/airflow/example_dags/example_nested_branch_dag.py for tasks to queue
[2022-05-05 23:11:26,021] {logging_mixin.py:109} INFO - [2022-05-05 23:11:26,020] {dagbag.py:500} INFO - Filling up the DagBag from /home/airflow/.local/lib/python3.7/site-packages/airflow/example_dags/example_nested_branch_dag.py
[2022-05-05 23:11:26,064] {processor.py:654} INFO - DAG(s) dict_keys(['example_nested_branch_dag']) retrieved from /home/airflow/.local/lib/python3.7/site-packages/airflow/example_dags/example_nested_branch_dag.py
[2022-05-05 23:11:26,082] {logging_mixin.py:109} INFO - [2022-05-05 23:11:26,082] {dag.py:2398} INFO - Sync 1 DAGs
[2022-05-05 23:11:26,111] {logging_mixin.py:109} INFO - [2022-05-05 23:11:26,110] {dag.py:2937} INFO - Setting next_dagrun for example_nested_branch_dag to 2022-05-04 00:00:00+00:00
[2022-05-05 23:11:26,127] {processor.py:171} INFO - Processing /home/airflow/.local/lib/python3.7/site-packages/airflow/example_dags/example_nested_branch_dag.py took 0.115 seconds
[2022-05-05 23:11:56,336] {processor.py:163} INFO - Started process (PID=932) to work on /home/airflow/.local/lib/python3.7/site-packages/airflow/example_dags/example_nested_branch_dag.py
[2022-05-05 23:11:56,337] {processor.py:642} INFO - Processing file /home/airflow/.local/lib/python3.7/site-packages/airflow/example_dags/example_nested_branch_dag.py for tasks to queue
[2022-05-05 23:11:56,338] {logging_mixin.py:109} INFO - [2022-05-05 23:11:56,338] {dagbag.py:500} INFO - Filling up the DagBag from /home/airflow/.local/lib/python3.7/site-packages/airflow/example_dags/example_nested_branch_dag.py
[2022-05-05 23:11:56,394] {processor.py:654} INFO - DAG(s) dict_keys(['example_nested_branch_dag']) retrieved from /home/airflow/.local/lib/python3.7/site-packages/airflow/example_dags/example_nested_branch_dag.py
[2022-05-05 23:11:56,418] {logging_mixin.py:109} INFO - [2022-05-05 23:11:56,418] {dag.py:2398} INFO - Sync 1 DAGs
[2022-05-05 23:11:56,456] {logging_mixin.py:109} INFO - [2022-05-05 23:11:56,455] {dag.py:2937} INFO - Setting next_dagrun for example_nested_branch_dag to 2022-05-04 00:00:00+00:00
[2022-05-05 23:11:56,471] {processor.py:171} INFO - Processing /home/airflow/.local/lib/python3.7/site-packages/airflow/example_dags/example_nested_branch_dag.py took 0.138 seconds
[2022-05-05 23:38:26,583] {processor.py:163} INFO - Started process (PID=62) to work on /home/airflow/.local/lib/python3.7/site-packages/airflow/example_dags/example_nested_branch_dag.py
[2022-05-05 23:38:26,585] {processor.py:642} INFO - Processing file /home/airflow/.local/lib/python3.7/site-packages/airflow/example_dags/example_nested_branch_dag.py for tasks to queue
[2022-05-05 23:38:26,586] {logging_mixin.py:109} INFO - [2022-05-05 23:38:26,586] {dagbag.py:500} INFO - Filling up the DagBag from /home/airflow/.local/lib/python3.7/site-packages/airflow/example_dags/example_nested_branch_dag.py
[2022-05-05 23:38:26,655] {processor.py:654} INFO - DAG(s) dict_keys(['example_nested_branch_dag']) retrieved from /home/airflow/.local/lib/python3.7/site-packages/airflow/example_dags/example_nested_branch_dag.py
[2022-05-05 23:38:26,678] {logging_mixin.py:109} INFO - [2022-05-05 23:38:26,678] {dag.py:2398} INFO - Sync 1 DAGs
[2022-05-05 23:38:26,721] {logging_mixin.py:109} INFO - [2022-05-05 23:38:26,720] {dag.py:2937} INFO - Setting next_dagrun for example_nested_branch_dag to 2022-05-04 00:00:00+00:00
[2022-05-05 23:38:26,745] {processor.py:171} INFO - Processing /home/airflow/.local/lib/python3.7/site-packages/airflow/example_dags/example_nested_branch_dag.py took 0.166 seconds
[2022-05-05 23:38:57,336] {processor.py:163} INFO - Started process (PID=115) to work on /home/airflow/.local/lib/python3.7/site-packages/airflow/example_dags/example_nested_branch_dag.py
[2022-05-05 23:38:57,336] {processor.py:642} INFO - Processing file /home/airflow/.local/lib/python3.7/site-packages/airflow/example_dags/example_nested_branch_dag.py for tasks to queue
[2022-05-05 23:38:57,337] {logging_mixin.py:109} INFO - [2022-05-05 23:38:57,337] {dagbag.py:500} INFO - Filling up the DagBag from /home/airflow/.local/lib/python3.7/site-packages/airflow/example_dags/example_nested_branch_dag.py
[2022-05-05 23:38:57,370] {processor.py:654} INFO - DAG(s) dict_keys(['example_nested_branch_dag']) retrieved from /home/airflow/.local/lib/python3.7/site-packages/airflow/example_dags/example_nested_branch_dag.py
[2022-05-05 23:38:57,382] {logging_mixin.py:109} INFO - [2022-05-05 23:38:57,382] {dag.py:2398} INFO - Sync 1 DAGs
[2022-05-05 23:38:57,401] {logging_mixin.py:109} INFO - [2022-05-05 23:38:57,401] {dag.py:2937} INFO - Setting next_dagrun for example_nested_branch_dag to 2022-05-04 00:00:00+00:00
[2022-05-05 23:38:57,412] {processor.py:171} INFO - Processing /home/airflow/.local/lib/python3.7/site-packages/airflow/example_dags/example_nested_branch_dag.py took 0.078 seconds
[2022-05-05 23:39:28,748] {processor.py:163} INFO - Started process (PID=167) to work on /home/airflow/.local/lib/python3.7/site-packages/airflow/example_dags/example_nested_branch_dag.py
[2022-05-05 23:39:28,749] {processor.py:642} INFO - Processing file /home/airflow/.local/lib/python3.7/site-packages/airflow/example_dags/example_nested_branch_dag.py for tasks to queue
[2022-05-05 23:39:28,750] {logging_mixin.py:109} INFO - [2022-05-05 23:39:28,750] {dagbag.py:500} INFO - Filling up the DagBag from /home/airflow/.local/lib/python3.7/site-packages/airflow/example_dags/example_nested_branch_dag.py
[2022-05-05 23:39:28,778] {processor.py:654} INFO - DAG(s) dict_keys(['example_nested_branch_dag']) retrieved from /home/airflow/.local/lib/python3.7/site-packages/airflow/example_dags/example_nested_branch_dag.py
[2022-05-05 23:39:28,791] {logging_mixin.py:109} INFO - [2022-05-05 23:39:28,790] {dag.py:2398} INFO - Sync 1 DAGs
[2022-05-05 23:39:28,807] {logging_mixin.py:109} INFO - [2022-05-05 23:39:28,806] {dag.py:2937} INFO - Setting next_dagrun for example_nested_branch_dag to 2022-05-04 00:00:00+00:00
[2022-05-05 23:39:28,818] {processor.py:171} INFO - Processing /home/airflow/.local/lib/python3.7/site-packages/airflow/example_dags/example_nested_branch_dag.py took 0.073 seconds
[2022-05-05 23:39:59,203] {processor.py:163} INFO - Started process (PID=229) to work on /home/airflow/.local/lib/python3.7/site-packages/airflow/example_dags/example_nested_branch_dag.py
[2022-05-05 23:39:59,204] {processor.py:642} INFO - Processing file /home/airflow/.local/lib/python3.7/site-packages/airflow/example_dags/example_nested_branch_dag.py for tasks to queue
[2022-05-05 23:39:59,204] {logging_mixin.py:109} INFO - [2022-05-05 23:39:59,204] {dagbag.py:500} INFO - Filling up the DagBag from /home/airflow/.local/lib/python3.7/site-packages/airflow/example_dags/example_nested_branch_dag.py
[2022-05-05 23:39:59,243] {processor.py:654} INFO - DAG(s) dict_keys(['example_nested_branch_dag']) retrieved from /home/airflow/.local/lib/python3.7/site-packages/airflow/example_dags/example_nested_branch_dag.py
[2022-05-05 23:39:59,259] {logging_mixin.py:109} INFO - [2022-05-05 23:39:59,259] {dag.py:2398} INFO - Sync 1 DAGs
[2022-05-05 23:39:59,283] {logging_mixin.py:109} INFO - [2022-05-05 23:39:59,283] {dag.py:2937} INFO - Setting next_dagrun for example_nested_branch_dag to 2022-05-04 00:00:00+00:00
[2022-05-05 23:39:59,298] {processor.py:171} INFO - Processing /home/airflow/.local/lib/python3.7/site-packages/airflow/example_dags/example_nested_branch_dag.py took 0.097 seconds
[2022-05-05 23:40:30,306] {processor.py:163} INFO - Started process (PID=281) to work on /home/airflow/.local/lib/python3.7/site-packages/airflow/example_dags/example_nested_branch_dag.py
[2022-05-05 23:40:30,308] {processor.py:642} INFO - Processing file /home/airflow/.local/lib/python3.7/site-packages/airflow/example_dags/example_nested_branch_dag.py for tasks to queue
[2022-05-05 23:40:30,309] {logging_mixin.py:109} INFO - [2022-05-05 23:40:30,308] {dagbag.py:500} INFO - Filling up the DagBag from /home/airflow/.local/lib/python3.7/site-packages/airflow/example_dags/example_nested_branch_dag.py
[2022-05-05 23:40:30,340] {processor.py:654} INFO - DAG(s) dict_keys(['example_nested_branch_dag']) retrieved from /home/airflow/.local/lib/python3.7/site-packages/airflow/example_dags/example_nested_branch_dag.py
[2022-05-05 23:40:30,350] {logging_mixin.py:109} INFO - [2022-05-05 23:40:30,350] {dag.py:2398} INFO - Sync 1 DAGs
[2022-05-05 23:40:30,373] {logging_mixin.py:109} INFO - [2022-05-05 23:40:30,373] {dag.py:2937} INFO - Setting next_dagrun for example_nested_branch_dag to 2022-05-04 00:00:00+00:00
[2022-05-05 23:40:30,387] {processor.py:171} INFO - Processing /home/airflow/.local/lib/python3.7/site-packages/airflow/example_dags/example_nested_branch_dag.py took 0.083 seconds
[2022-05-05 23:41:01,438] {processor.py:163} INFO - Started process (PID=348) to work on /home/airflow/.local/lib/python3.7/site-packages/airflow/example_dags/example_nested_branch_dag.py
[2022-05-05 23:41:01,438] {processor.py:642} INFO - Processing file /home/airflow/.local/lib/python3.7/site-packages/airflow/example_dags/example_nested_branch_dag.py for tasks to queue
[2022-05-05 23:41:01,439] {logging_mixin.py:109} INFO - [2022-05-05 23:41:01,439] {dagbag.py:500} INFO - Filling up the DagBag from /home/airflow/.local/lib/python3.7/site-packages/airflow/example_dags/example_nested_branch_dag.py
[2022-05-05 23:41:01,472] {processor.py:654} INFO - DAG(s) dict_keys(['example_nested_branch_dag']) retrieved from /home/airflow/.local/lib/python3.7/site-packages/airflow/example_dags/example_nested_branch_dag.py
[2022-05-05 23:41:01,487] {logging_mixin.py:109} INFO - [2022-05-05 23:41:01,487] {dag.py:2398} INFO - Sync 1 DAGs
[2022-05-05 23:41:01,508] {logging_mixin.py:109} INFO - [2022-05-05 23:41:01,508] {dag.py:2937} INFO - Setting next_dagrun for example_nested_branch_dag to 2022-05-04 00:00:00+00:00
[2022-05-05 23:41:01,520] {processor.py:171} INFO - Processing /home/airflow/.local/lib/python3.7/site-packages/airflow/example_dags/example_nested_branch_dag.py took 0.085 seconds
[2022-05-05 23:41:32,668] {processor.py:163} INFO - Started process (PID=428) to work on /home/airflow/.local/lib/python3.7/site-packages/airflow/example_dags/example_nested_branch_dag.py
[2022-05-05 23:41:32,670] {processor.py:642} INFO - Processing file /home/airflow/.local/lib/python3.7/site-packages/airflow/example_dags/example_nested_branch_dag.py for tasks to queue
[2022-05-05 23:41:32,671] {logging_mixin.py:109} INFO - [2022-05-05 23:41:32,670] {dagbag.py:500} INFO - Filling up the DagBag from /home/airflow/.local/lib/python3.7/site-packages/airflow/example_dags/example_nested_branch_dag.py
[2022-05-05 23:41:32,706] {processor.py:654} INFO - DAG(s) dict_keys(['example_nested_branch_dag']) retrieved from /home/airflow/.local/lib/python3.7/site-packages/airflow/example_dags/example_nested_branch_dag.py
[2022-05-05 23:41:32,719] {logging_mixin.py:109} INFO - [2022-05-05 23:41:32,719] {dag.py:2398} INFO - Sync 1 DAGs
[2022-05-05 23:41:32,740] {logging_mixin.py:109} INFO - [2022-05-05 23:41:32,740] {dag.py:2937} INFO - Setting next_dagrun for example_nested_branch_dag to 2022-05-04 00:00:00+00:00
[2022-05-05 23:41:32,751] {processor.py:171} INFO - Processing /home/airflow/.local/lib/python3.7/site-packages/airflow/example_dags/example_nested_branch_dag.py took 0.085 seconds
[2022-05-05 23:42:03,193] {processor.py:163} INFO - Started process (PID=481) to work on /home/airflow/.local/lib/python3.7/site-packages/airflow/example_dags/example_nested_branch_dag.py
[2022-05-05 23:42:03,194] {processor.py:642} INFO - Processing file /home/airflow/.local/lib/python3.7/site-packages/airflow/example_dags/example_nested_branch_dag.py for tasks to queue
[2022-05-05 23:42:03,195] {logging_mixin.py:109} INFO - [2022-05-05 23:42:03,194] {dagbag.py:500} INFO - Filling up the DagBag from /home/airflow/.local/lib/python3.7/site-packages/airflow/example_dags/example_nested_branch_dag.py
[2022-05-05 23:42:03,230] {processor.py:654} INFO - DAG(s) dict_keys(['example_nested_branch_dag']) retrieved from /home/airflow/.local/lib/python3.7/site-packages/airflow/example_dags/example_nested_branch_dag.py
[2022-05-05 23:42:03,242] {logging_mixin.py:109} INFO - [2022-05-05 23:42:03,242] {dag.py:2398} INFO - Sync 1 DAGs
[2022-05-05 23:42:03,260] {logging_mixin.py:109} INFO - [2022-05-05 23:42:03,260] {dag.py:2937} INFO - Setting next_dagrun for example_nested_branch_dag to 2022-05-04 00:00:00+00:00
[2022-05-05 23:42:03,274] {processor.py:171} INFO - Processing /home/airflow/.local/lib/python3.7/site-packages/airflow/example_dags/example_nested_branch_dag.py took 0.085 seconds
[2022-05-05 23:42:34,323] {processor.py:163} INFO - Started process (PID=533) to work on /home/airflow/.local/lib/python3.7/site-packages/airflow/example_dags/example_nested_branch_dag.py
[2022-05-05 23:42:34,324] {processor.py:642} INFO - Processing file /home/airflow/.local/lib/python3.7/site-packages/airflow/example_dags/example_nested_branch_dag.py for tasks to queue
[2022-05-05 23:42:34,324] {logging_mixin.py:109} INFO - [2022-05-05 23:42:34,324] {dagbag.py:500} INFO - Filling up the DagBag from /home/airflow/.local/lib/python3.7/site-packages/airflow/example_dags/example_nested_branch_dag.py
[2022-05-05 23:42:34,355] {processor.py:654} INFO - DAG(s) dict_keys(['example_nested_branch_dag']) retrieved from /home/airflow/.local/lib/python3.7/site-packages/airflow/example_dags/example_nested_branch_dag.py
[2022-05-05 23:42:34,366] {logging_mixin.py:109} INFO - [2022-05-05 23:42:34,366] {dag.py:2398} INFO - Sync 1 DAGs
[2022-05-05 23:42:34,381] {logging_mixin.py:109} INFO - [2022-05-05 23:42:34,381] {dag.py:2937} INFO - Setting next_dagrun for example_nested_branch_dag to 2022-05-04 00:00:00+00:00
[2022-05-05 23:42:34,391] {processor.py:171} INFO - Processing /home/airflow/.local/lib/python3.7/site-packages/airflow/example_dags/example_nested_branch_dag.py took 0.070 seconds
