[2022-05-05 23:08:35,411] {processor.py:163} INFO - Started process (PID=563) to work on /home/airflow/.local/lib/python3.7/site-packages/airflow/example_dags/example_xcomargs.py
[2022-05-05 23:08:35,412] {processor.py:642} INFO - Processing file /home/airflow/.local/lib/python3.7/site-packages/airflow/example_dags/example_xcomargs.py for tasks to queue
[2022-05-05 23:08:35,412] {logging_mixin.py:109} INFO - [2022-05-05 23:08:35,412] {dagbag.py:500} INFO - Filling up the DagBag from /home/airflow/.local/lib/python3.7/site-packages/airflow/example_dags/example_xcomargs.py
[2022-05-05 23:08:35,461] {processor.py:654} INFO - DAG(s) dict_keys(['example_xcom_args', 'example_xcom_args_with_operators']) retrieved from /home/airflow/.local/lib/python3.7/site-packages/airflow/example_dags/example_xcomargs.py
[2022-05-05 23:08:37,134] {logging_mixin.py:109} INFO - [2022-05-05 23:08:37,133] {opentelemetry_tracing.py:29} INFO - This service is instrumented using OpenTelemetry. OpenTelemetry could not be imported; please add opentelemetry-api and opentelemetry-instrumentation packages in order to get BigQuery Tracing data.
[2022-05-05 23:08:37,704] {logging_mixin.py:109} INFO - [2022-05-05 23:08:37,703] {manager.py:496} INFO - Created Permission View: can edit on DAG:example_xcom_args
[2022-05-05 23:08:37,716] {logging_mixin.py:109} INFO - [2022-05-05 23:08:37,715] {manager.py:496} INFO - Created Permission View: can read on DAG:example_xcom_args
[2022-05-05 23:08:37,740] {logging_mixin.py:109} INFO - [2022-05-05 23:08:37,740] {manager.py:496} INFO - Created Permission View: can edit on DAG:example_xcom_args_with_operators
[2022-05-05 23:08:37,750] {logging_mixin.py:109} INFO - [2022-05-05 23:08:37,750] {manager.py:496} INFO - Created Permission View: can read on DAG:example_xcom_args_with_operators
[2022-05-05 23:08:37,751] {logging_mixin.py:109} INFO - [2022-05-05 23:08:37,751] {dag.py:2398} INFO - Sync 2 DAGs
[2022-05-05 23:08:37,759] {logging_mixin.py:109} INFO - [2022-05-05 23:08:37,759] {dag.py:2417} INFO - Creating ORM DAG for example_xcom_args_with_operators
[2022-05-05 23:08:37,760] {logging_mixin.py:109} INFO - [2022-05-05 23:08:37,760] {dag.py:2417} INFO - Creating ORM DAG for example_xcom_args
[2022-05-05 23:08:37,771] {logging_mixin.py:109} INFO - [2022-05-05 23:08:37,771] {dag.py:2937} INFO - Setting next_dagrun for example_xcom_args to None
[2022-05-05 23:08:37,772] {logging_mixin.py:109} INFO - [2022-05-05 23:08:37,772] {dag.py:2937} INFO - Setting next_dagrun for example_xcom_args_with_operators to None
[2022-05-05 23:08:37,789] {processor.py:171} INFO - Processing /home/airflow/.local/lib/python3.7/site-packages/airflow/example_dags/example_xcomargs.py took 2.382 seconds
[2022-05-05 23:09:08,956] {processor.py:163} INFO - Started process (PID=639) to work on /home/airflow/.local/lib/python3.7/site-packages/airflow/example_dags/example_xcomargs.py
[2022-05-05 23:09:08,958] {processor.py:642} INFO - Processing file /home/airflow/.local/lib/python3.7/site-packages/airflow/example_dags/example_xcomargs.py for tasks to queue
[2022-05-05 23:09:08,959] {logging_mixin.py:109} INFO - [2022-05-05 23:09:08,959] {dagbag.py:500} INFO - Filling up the DagBag from /home/airflow/.local/lib/python3.7/site-packages/airflow/example_dags/example_xcomargs.py
[2022-05-05 23:09:09,002] {processor.py:654} INFO - DAG(s) dict_keys(['example_xcom_args', 'example_xcom_args_with_operators']) retrieved from /home/airflow/.local/lib/python3.7/site-packages/airflow/example_dags/example_xcomargs.py
[2022-05-05 23:09:09,277] {logging_mixin.py:109} INFO - [2022-05-05 23:09:09,276] {dag.py:2398} INFO - Sync 2 DAGs
[2022-05-05 23:09:09,295] {logging_mixin.py:109} INFO - [2022-05-05 23:09:09,295] {dag.py:2937} INFO - Setting next_dagrun for example_xcom_args to None
[2022-05-05 23:09:09,296] {logging_mixin.py:109} INFO - [2022-05-05 23:09:09,296] {dag.py:2937} INFO - Setting next_dagrun for example_xcom_args_with_operators to None
[2022-05-05 23:09:09,311] {processor.py:171} INFO - Processing /home/airflow/.local/lib/python3.7/site-packages/airflow/example_dags/example_xcomargs.py took 0.357 seconds
[2022-05-05 23:09:39,399] {processor.py:163} INFO - Started process (PID=689) to work on /home/airflow/.local/lib/python3.7/site-packages/airflow/example_dags/example_xcomargs.py
[2022-05-05 23:09:39,401] {processor.py:642} INFO - Processing file /home/airflow/.local/lib/python3.7/site-packages/airflow/example_dags/example_xcomargs.py for tasks to queue
[2022-05-05 23:09:39,401] {logging_mixin.py:109} INFO - [2022-05-05 23:09:39,401] {dagbag.py:500} INFO - Filling up the DagBag from /home/airflow/.local/lib/python3.7/site-packages/airflow/example_dags/example_xcomargs.py
[2022-05-05 23:09:39,443] {processor.py:654} INFO - DAG(s) dict_keys(['example_xcom_args', 'example_xcom_args_with_operators']) retrieved from /home/airflow/.local/lib/python3.7/site-packages/airflow/example_dags/example_xcomargs.py
[2022-05-05 23:09:39,673] {logging_mixin.py:109} INFO - [2022-05-05 23:09:39,673] {dag.py:2398} INFO - Sync 2 DAGs
[2022-05-05 23:09:39,704] {logging_mixin.py:109} INFO - [2022-05-05 23:09:39,704] {dag.py:2937} INFO - Setting next_dagrun for example_xcom_args to None
[2022-05-05 23:09:39,705] {logging_mixin.py:109} INFO - [2022-05-05 23:09:39,705] {dag.py:2937} INFO - Setting next_dagrun for example_xcom_args_with_operators to None
[2022-05-05 23:09:39,730] {processor.py:171} INFO - Processing /home/airflow/.local/lib/python3.7/site-packages/airflow/example_dags/example_xcomargs.py took 0.334 seconds
[2022-05-05 23:10:10,598] {processor.py:163} INFO - Started process (PID=749) to work on /home/airflow/.local/lib/python3.7/site-packages/airflow/example_dags/example_xcomargs.py
[2022-05-05 23:10:10,599] {processor.py:642} INFO - Processing file /home/airflow/.local/lib/python3.7/site-packages/airflow/example_dags/example_xcomargs.py for tasks to queue
[2022-05-05 23:10:10,600] {logging_mixin.py:109} INFO - [2022-05-05 23:10:10,600] {dagbag.py:500} INFO - Filling up the DagBag from /home/airflow/.local/lib/python3.7/site-packages/airflow/example_dags/example_xcomargs.py
[2022-05-05 23:10:10,641] {processor.py:654} INFO - DAG(s) dict_keys(['example_xcom_args', 'example_xcom_args_with_operators']) retrieved from /home/airflow/.local/lib/python3.7/site-packages/airflow/example_dags/example_xcomargs.py
[2022-05-05 23:10:10,905] {logging_mixin.py:109} INFO - [2022-05-05 23:10:10,905] {dag.py:2398} INFO - Sync 2 DAGs
[2022-05-05 23:10:10,926] {logging_mixin.py:109} INFO - [2022-05-05 23:10:10,926] {dag.py:2937} INFO - Setting next_dagrun for example_xcom_args to None
[2022-05-05 23:10:10,926] {logging_mixin.py:109} INFO - [2022-05-05 23:10:10,926] {dag.py:2937} INFO - Setting next_dagrun for example_xcom_args_with_operators to None
[2022-05-05 23:10:10,957] {processor.py:171} INFO - Processing /home/airflow/.local/lib/python3.7/site-packages/airflow/example_dags/example_xcomargs.py took 0.363 seconds
[2022-05-05 23:10:42,014] {processor.py:163} INFO - Started process (PID=802) to work on /home/airflow/.local/lib/python3.7/site-packages/airflow/example_dags/example_xcomargs.py
[2022-05-05 23:10:42,015] {processor.py:642} INFO - Processing file /home/airflow/.local/lib/python3.7/site-packages/airflow/example_dags/example_xcomargs.py for tasks to queue
[2022-05-05 23:10:42,016] {logging_mixin.py:109} INFO - [2022-05-05 23:10:42,016] {dagbag.py:500} INFO - Filling up the DagBag from /home/airflow/.local/lib/python3.7/site-packages/airflow/example_dags/example_xcomargs.py
[2022-05-05 23:10:42,057] {processor.py:654} INFO - DAG(s) dict_keys(['example_xcom_args', 'example_xcom_args_with_operators']) retrieved from /home/airflow/.local/lib/python3.7/site-packages/airflow/example_dags/example_xcomargs.py
[2022-05-05 23:10:42,324] {logging_mixin.py:109} INFO - [2022-05-05 23:10:42,323] {dag.py:2398} INFO - Sync 2 DAGs
[2022-05-05 23:10:42,340] {logging_mixin.py:109} INFO - [2022-05-05 23:10:42,340] {dag.py:2937} INFO - Setting next_dagrun for example_xcom_args to None
[2022-05-05 23:10:42,340] {logging_mixin.py:109} INFO - [2022-05-05 23:10:42,340] {dag.py:2937} INFO - Setting next_dagrun for example_xcom_args_with_operators to None
[2022-05-05 23:10:42,355] {processor.py:171} INFO - Processing /home/airflow/.local/lib/python3.7/site-packages/airflow/example_dags/example_xcomargs.py took 0.344 seconds
[2022-05-05 23:11:13,292] {processor.py:163} INFO - Started process (PID=861) to work on /home/airflow/.local/lib/python3.7/site-packages/airflow/example_dags/example_xcomargs.py
[2022-05-05 23:11:13,295] {processor.py:642} INFO - Processing file /home/airflow/.local/lib/python3.7/site-packages/airflow/example_dags/example_xcomargs.py for tasks to queue
[2022-05-05 23:11:13,296] {logging_mixin.py:109} INFO - [2022-05-05 23:11:13,295] {dagbag.py:500} INFO - Filling up the DagBag from /home/airflow/.local/lib/python3.7/site-packages/airflow/example_dags/example_xcomargs.py
[2022-05-05 23:11:13,344] {processor.py:654} INFO - DAG(s) dict_keys(['example_xcom_args', 'example_xcom_args_with_operators']) retrieved from /home/airflow/.local/lib/python3.7/site-packages/airflow/example_dags/example_xcomargs.py
[2022-05-05 23:11:13,587] {logging_mixin.py:109} INFO - [2022-05-05 23:11:13,587] {dag.py:2398} INFO - Sync 2 DAGs
[2022-05-05 23:11:13,606] {logging_mixin.py:109} INFO - [2022-05-05 23:11:13,606] {dag.py:2937} INFO - Setting next_dagrun for example_xcom_args to None
[2022-05-05 23:11:13,606] {logging_mixin.py:109} INFO - [2022-05-05 23:11:13,606] {dag.py:2937} INFO - Setting next_dagrun for example_xcom_args_with_operators to None
[2022-05-05 23:11:13,632] {processor.py:171} INFO - Processing /home/airflow/.local/lib/python3.7/site-packages/airflow/example_dags/example_xcomargs.py took 0.343 seconds
[2022-05-05 23:11:44,577] {processor.py:163} INFO - Started process (PID=914) to work on /home/airflow/.local/lib/python3.7/site-packages/airflow/example_dags/example_xcomargs.py
[2022-05-05 23:11:44,578] {processor.py:642} INFO - Processing file /home/airflow/.local/lib/python3.7/site-packages/airflow/example_dags/example_xcomargs.py for tasks to queue
[2022-05-05 23:11:44,578] {logging_mixin.py:109} INFO - [2022-05-05 23:11:44,578] {dagbag.py:500} INFO - Filling up the DagBag from /home/airflow/.local/lib/python3.7/site-packages/airflow/example_dags/example_xcomargs.py
[2022-05-05 23:11:44,616] {processor.py:654} INFO - DAG(s) dict_keys(['example_xcom_args', 'example_xcom_args_with_operators']) retrieved from /home/airflow/.local/lib/python3.7/site-packages/airflow/example_dags/example_xcomargs.py
[2022-05-05 23:11:44,631] {logging_mixin.py:109} INFO - [2022-05-05 23:11:44,631] {dag.py:2398} INFO - Sync 2 DAGs
[2022-05-05 23:11:44,649] {logging_mixin.py:109} INFO - [2022-05-05 23:11:44,648] {dag.py:2937} INFO - Setting next_dagrun for example_xcom_args to None
[2022-05-05 23:11:44,649] {logging_mixin.py:109} INFO - [2022-05-05 23:11:44,649] {dag.py:2937} INFO - Setting next_dagrun for example_xcom_args_with_operators to None
[2022-05-05 23:11:44,662] {processor.py:171} INFO - Processing /home/airflow/.local/lib/python3.7/site-packages/airflow/example_dags/example_xcomargs.py took 0.088 seconds
[2022-05-05 23:38:28,243] {processor.py:163} INFO - Started process (PID=73) to work on /home/airflow/.local/lib/python3.7/site-packages/airflow/example_dags/example_xcomargs.py
[2022-05-05 23:38:28,245] {processor.py:642} INFO - Processing file /home/airflow/.local/lib/python3.7/site-packages/airflow/example_dags/example_xcomargs.py for tasks to queue
[2022-05-05 23:38:28,247] {logging_mixin.py:109} INFO - [2022-05-05 23:38:28,247] {dagbag.py:500} INFO - Filling up the DagBag from /home/airflow/.local/lib/python3.7/site-packages/airflow/example_dags/example_xcomargs.py
[2022-05-05 23:38:28,311] {processor.py:654} INFO - DAG(s) dict_keys(['example_xcom_args', 'example_xcom_args_with_operators']) retrieved from /home/airflow/.local/lib/python3.7/site-packages/airflow/example_dags/example_xcomargs.py
[2022-05-05 23:38:28,624] {logging_mixin.py:109} INFO - [2022-05-05 23:38:28,624] {dag.py:2398} INFO - Sync 2 DAGs
[2022-05-05 23:38:28,646] {logging_mixin.py:109} INFO - [2022-05-05 23:38:28,646] {dag.py:2937} INFO - Setting next_dagrun for example_xcom_args to None
[2022-05-05 23:38:28,647] {logging_mixin.py:109} INFO - [2022-05-05 23:38:28,647] {dag.py:2937} INFO - Setting next_dagrun for example_xcom_args_with_operators to None
[2022-05-05 23:38:28,670] {processor.py:171} INFO - Processing /home/airflow/.local/lib/python3.7/site-packages/airflow/example_dags/example_xcomargs.py took 0.430 seconds
[2022-05-05 23:38:59,114] {processor.py:163} INFO - Started process (PID=128) to work on /home/airflow/.local/lib/python3.7/site-packages/airflow/example_dags/example_xcomargs.py
[2022-05-05 23:38:59,114] {processor.py:642} INFO - Processing file /home/airflow/.local/lib/python3.7/site-packages/airflow/example_dags/example_xcomargs.py for tasks to queue
[2022-05-05 23:38:59,115] {logging_mixin.py:109} INFO - [2022-05-05 23:38:59,115] {dagbag.py:500} INFO - Filling up the DagBag from /home/airflow/.local/lib/python3.7/site-packages/airflow/example_dags/example_xcomargs.py
[2022-05-05 23:38:59,147] {processor.py:654} INFO - DAG(s) dict_keys(['example_xcom_args', 'example_xcom_args_with_operators']) retrieved from /home/airflow/.local/lib/python3.7/site-packages/airflow/example_dags/example_xcomargs.py
[2022-05-05 23:38:59,367] {logging_mixin.py:109} INFO - [2022-05-05 23:38:59,367] {dag.py:2398} INFO - Sync 2 DAGs
[2022-05-05 23:38:59,391] {logging_mixin.py:109} INFO - [2022-05-05 23:38:59,391] {dag.py:2937} INFO - Setting next_dagrun for example_xcom_args to None
[2022-05-05 23:38:59,392] {logging_mixin.py:109} INFO - [2022-05-05 23:38:59,391] {dag.py:2937} INFO - Setting next_dagrun for example_xcom_args_with_operators to None
[2022-05-05 23:38:59,417] {processor.py:171} INFO - Processing /home/airflow/.local/lib/python3.7/site-packages/airflow/example_dags/example_xcomargs.py took 0.305 seconds
[2022-05-05 23:39:29,585] {processor.py:163} INFO - Started process (PID=180) to work on /home/airflow/.local/lib/python3.7/site-packages/airflow/example_dags/example_xcomargs.py
[2022-05-05 23:39:29,586] {processor.py:642} INFO - Processing file /home/airflow/.local/lib/python3.7/site-packages/airflow/example_dags/example_xcomargs.py for tasks to queue
[2022-05-05 23:39:29,587] {logging_mixin.py:109} INFO - [2022-05-05 23:39:29,587] {dagbag.py:500} INFO - Filling up the DagBag from /home/airflow/.local/lib/python3.7/site-packages/airflow/example_dags/example_xcomargs.py
[2022-05-05 23:39:29,623] {processor.py:654} INFO - DAG(s) dict_keys(['example_xcom_args', 'example_xcom_args_with_operators']) retrieved from /home/airflow/.local/lib/python3.7/site-packages/airflow/example_dags/example_xcomargs.py
[2022-05-05 23:39:29,807] {logging_mixin.py:109} INFO - [2022-05-05 23:39:29,807] {dag.py:2398} INFO - Sync 2 DAGs
[2022-05-05 23:39:29,821] {logging_mixin.py:109} INFO - [2022-05-05 23:39:29,821] {dag.py:2937} INFO - Setting next_dagrun for example_xcom_args to None
[2022-05-05 23:39:29,821] {logging_mixin.py:109} INFO - [2022-05-05 23:39:29,821] {dag.py:2937} INFO - Setting next_dagrun for example_xcom_args_with_operators to None
[2022-05-05 23:39:29,834] {processor.py:171} INFO - Processing /home/airflow/.local/lib/python3.7/site-packages/airflow/example_dags/example_xcomargs.py took 0.251 seconds
[2022-05-05 23:39:59,977] {processor.py:163} INFO - Started process (PID=242) to work on /home/airflow/.local/lib/python3.7/site-packages/airflow/example_dags/example_xcomargs.py
[2022-05-05 23:39:59,978] {processor.py:642} INFO - Processing file /home/airflow/.local/lib/python3.7/site-packages/airflow/example_dags/example_xcomargs.py for tasks to queue
[2022-05-05 23:39:59,979] {logging_mixin.py:109} INFO - [2022-05-05 23:39:59,979] {dagbag.py:500} INFO - Filling up the DagBag from /home/airflow/.local/lib/python3.7/site-packages/airflow/example_dags/example_xcomargs.py
[2022-05-05 23:40:00,014] {processor.py:654} INFO - DAG(s) dict_keys(['example_xcom_args', 'example_xcom_args_with_operators']) retrieved from /home/airflow/.local/lib/python3.7/site-packages/airflow/example_dags/example_xcomargs.py
[2022-05-05 23:40:00,215] {logging_mixin.py:109} INFO - [2022-05-05 23:40:00,215] {dag.py:2398} INFO - Sync 2 DAGs
[2022-05-05 23:40:00,230] {logging_mixin.py:109} INFO - [2022-05-05 23:40:00,230] {dag.py:2937} INFO - Setting next_dagrun for example_xcom_args to None
[2022-05-05 23:40:00,230] {logging_mixin.py:109} INFO - [2022-05-05 23:40:00,230] {dag.py:2937} INFO - Setting next_dagrun for example_xcom_args_with_operators to None
[2022-05-05 23:40:00,248] {processor.py:171} INFO - Processing /home/airflow/.local/lib/python3.7/site-packages/airflow/example_dags/example_xcomargs.py took 0.273 seconds
[2022-05-05 23:40:31,122] {processor.py:163} INFO - Started process (PID=295) to work on /home/airflow/.local/lib/python3.7/site-packages/airflow/example_dags/example_xcomargs.py
[2022-05-05 23:40:31,123] {processor.py:642} INFO - Processing file /home/airflow/.local/lib/python3.7/site-packages/airflow/example_dags/example_xcomargs.py for tasks to queue
[2022-05-05 23:40:31,124] {logging_mixin.py:109} INFO - [2022-05-05 23:40:31,124] {dagbag.py:500} INFO - Filling up the DagBag from /home/airflow/.local/lib/python3.7/site-packages/airflow/example_dags/example_xcomargs.py
[2022-05-05 23:40:31,159] {processor.py:654} INFO - DAG(s) dict_keys(['example_xcom_args', 'example_xcom_args_with_operators']) retrieved from /home/airflow/.local/lib/python3.7/site-packages/airflow/example_dags/example_xcomargs.py
[2022-05-05 23:40:31,384] {logging_mixin.py:109} INFO - [2022-05-05 23:40:31,384] {dag.py:2398} INFO - Sync 2 DAGs
[2022-05-05 23:40:31,400] {logging_mixin.py:109} INFO - [2022-05-05 23:40:31,400] {dag.py:2937} INFO - Setting next_dagrun for example_xcom_args to None
[2022-05-05 23:40:31,401] {logging_mixin.py:109} INFO - [2022-05-05 23:40:31,400] {dag.py:2937} INFO - Setting next_dagrun for example_xcom_args_with_operators to None
[2022-05-05 23:40:31,420] {processor.py:171} INFO - Processing /home/airflow/.local/lib/python3.7/site-packages/airflow/example_dags/example_xcomargs.py took 0.299 seconds
[2022-05-05 23:41:02,214] {processor.py:163} INFO - Started process (PID=360) to work on /home/airflow/.local/lib/python3.7/site-packages/airflow/example_dags/example_xcomargs.py
[2022-05-05 23:41:02,216] {processor.py:642} INFO - Processing file /home/airflow/.local/lib/python3.7/site-packages/airflow/example_dags/example_xcomargs.py for tasks to queue
[2022-05-05 23:41:02,216] {logging_mixin.py:109} INFO - [2022-05-05 23:41:02,216] {dagbag.py:500} INFO - Filling up the DagBag from /home/airflow/.local/lib/python3.7/site-packages/airflow/example_dags/example_xcomargs.py
[2022-05-05 23:41:02,257] {processor.py:654} INFO - DAG(s) dict_keys(['example_xcom_args', 'example_xcom_args_with_operators']) retrieved from /home/airflow/.local/lib/python3.7/site-packages/airflow/example_dags/example_xcomargs.py
[2022-05-05 23:41:02,482] {logging_mixin.py:109} INFO - [2022-05-05 23:41:02,482] {dag.py:2398} INFO - Sync 2 DAGs
[2022-05-05 23:41:02,497] {logging_mixin.py:109} INFO - [2022-05-05 23:41:02,497] {dag.py:2937} INFO - Setting next_dagrun for example_xcom_args to None
[2022-05-05 23:41:02,497] {logging_mixin.py:109} INFO - [2022-05-05 23:41:02,497] {dag.py:2937} INFO - Setting next_dagrun for example_xcom_args_with_operators to None
[2022-05-05 23:41:02,510] {processor.py:171} INFO - Processing /home/airflow/.local/lib/python3.7/site-packages/airflow/example_dags/example_xcomargs.py took 0.299 seconds
[2022-05-05 23:41:33,469] {processor.py:163} INFO - Started process (PID=440) to work on /home/airflow/.local/lib/python3.7/site-packages/airflow/example_dags/example_xcomargs.py
[2022-05-05 23:41:33,470] {processor.py:642} INFO - Processing file /home/airflow/.local/lib/python3.7/site-packages/airflow/example_dags/example_xcomargs.py for tasks to queue
[2022-05-05 23:41:33,470] {logging_mixin.py:109} INFO - [2022-05-05 23:41:33,470] {dagbag.py:500} INFO - Filling up the DagBag from /home/airflow/.local/lib/python3.7/site-packages/airflow/example_dags/example_xcomargs.py
[2022-05-05 23:41:33,508] {processor.py:654} INFO - DAG(s) dict_keys(['example_xcom_args', 'example_xcom_args_with_operators']) retrieved from /home/airflow/.local/lib/python3.7/site-packages/airflow/example_dags/example_xcomargs.py
[2022-05-05 23:41:33,731] {logging_mixin.py:109} INFO - [2022-05-05 23:41:33,731] {dag.py:2398} INFO - Sync 2 DAGs
[2022-05-05 23:41:33,749] {logging_mixin.py:109} INFO - [2022-05-05 23:41:33,748] {dag.py:2937} INFO - Setting next_dagrun for example_xcom_args to None
[2022-05-05 23:41:33,749] {logging_mixin.py:109} INFO - [2022-05-05 23:41:33,749] {dag.py:2937} INFO - Setting next_dagrun for example_xcom_args_with_operators to None
[2022-05-05 23:41:33,762] {processor.py:171} INFO - Processing /home/airflow/.local/lib/python3.7/site-packages/airflow/example_dags/example_xcomargs.py took 0.296 seconds
[2022-05-05 23:42:03,980] {processor.py:163} INFO - Started process (PID=495) to work on /home/airflow/.local/lib/python3.7/site-packages/airflow/example_dags/example_xcomargs.py
[2022-05-05 23:42:03,981] {processor.py:642} INFO - Processing file /home/airflow/.local/lib/python3.7/site-packages/airflow/example_dags/example_xcomargs.py for tasks to queue
[2022-05-05 23:42:03,982] {logging_mixin.py:109} INFO - [2022-05-05 23:42:03,982] {dagbag.py:500} INFO - Filling up the DagBag from /home/airflow/.local/lib/python3.7/site-packages/airflow/example_dags/example_xcomargs.py
[2022-05-05 23:42:04,022] {processor.py:654} INFO - DAG(s) dict_keys(['example_xcom_args', 'example_xcom_args_with_operators']) retrieved from /home/airflow/.local/lib/python3.7/site-packages/airflow/example_dags/example_xcomargs.py
[2022-05-05 23:42:04,217] {logging_mixin.py:109} INFO - [2022-05-05 23:42:04,217] {dag.py:2398} INFO - Sync 2 DAGs
[2022-05-05 23:42:04,230] {logging_mixin.py:109} INFO - [2022-05-05 23:42:04,230] {dag.py:2937} INFO - Setting next_dagrun for example_xcom_args to None
[2022-05-05 23:42:04,231] {logging_mixin.py:109} INFO - [2022-05-05 23:42:04,231] {dag.py:2937} INFO - Setting next_dagrun for example_xcom_args_with_operators to None
[2022-05-05 23:42:04,251] {processor.py:171} INFO - Processing /home/airflow/.local/lib/python3.7/site-packages/airflow/example_dags/example_xcomargs.py took 0.275 seconds
[2022-05-05 23:42:35,144] {processor.py:163} INFO - Started process (PID=546) to work on /home/airflow/.local/lib/python3.7/site-packages/airflow/example_dags/example_xcomargs.py
[2022-05-05 23:42:35,145] {processor.py:642} INFO - Processing file /home/airflow/.local/lib/python3.7/site-packages/airflow/example_dags/example_xcomargs.py for tasks to queue
[2022-05-05 23:42:35,145] {logging_mixin.py:109} INFO - [2022-05-05 23:42:35,145] {dagbag.py:500} INFO - Filling up the DagBag from /home/airflow/.local/lib/python3.7/site-packages/airflow/example_dags/example_xcomargs.py
[2022-05-05 23:42:35,179] {processor.py:654} INFO - DAG(s) dict_keys(['example_xcom_args', 'example_xcom_args_with_operators']) retrieved from /home/airflow/.local/lib/python3.7/site-packages/airflow/example_dags/example_xcomargs.py
[2022-05-05 23:42:35,194] {logging_mixin.py:109} INFO - [2022-05-05 23:42:35,194] {dag.py:2398} INFO - Sync 2 DAGs
[2022-05-05 23:42:35,209] {logging_mixin.py:109} INFO - [2022-05-05 23:42:35,208] {dag.py:2937} INFO - Setting next_dagrun for example_xcom_args to None
[2022-05-05 23:42:35,209] {logging_mixin.py:109} INFO - [2022-05-05 23:42:35,209] {dag.py:2937} INFO - Setting next_dagrun for example_xcom_args_with_operators to None
[2022-05-05 23:42:35,221] {processor.py:171} INFO - Processing /home/airflow/.local/lib/python3.7/site-packages/airflow/example_dags/example_xcomargs.py took 0.079 seconds
