[2022-05-05 23:08:27,237] {processor.py:163} INFO - Started process (PID=452) to work on /home/airflow/.local/lib/python3.7/site-packages/airflow/example_dags/example_branch_python_dop_operator_3.py
[2022-05-05 23:08:27,238] {processor.py:642} INFO - Processing file /home/airflow/.local/lib/python3.7/site-packages/airflow/example_dags/example_branch_python_dop_operator_3.py for tasks to queue
[2022-05-05 23:08:27,239] {logging_mixin.py:109} INFO - [2022-05-05 23:08:27,239] {dagbag.py:500} INFO - Filling up the DagBag from /home/airflow/.local/lib/python3.7/site-packages/airflow/example_dags/example_branch_python_dop_operator_3.py
[2022-05-05 23:08:27,278] {processor.py:654} INFO - DAG(s) dict_keys(['example_branch_dop_operator_v3']) retrieved from /home/airflow/.local/lib/python3.7/site-packages/airflow/example_dags/example_branch_python_dop_operator_3.py
[2022-05-05 23:08:28,904] {logging_mixin.py:109} INFO - [2022-05-05 23:08:28,903] {opentelemetry_tracing.py:29} INFO - This service is instrumented using OpenTelemetry. OpenTelemetry could not be imported; please add opentelemetry-api and opentelemetry-instrumentation packages in order to get BigQuery Tracing data.
[2022-05-05 23:08:29,577] {logging_mixin.py:109} INFO - [2022-05-05 23:08:29,577] {manager.py:496} INFO - Created Permission View: can edit on DAG:example_branch_dop_operator_v3
[2022-05-05 23:08:29,630] {logging_mixin.py:109} INFO - [2022-05-05 23:08:29,629] {manager.py:496} INFO - Created Permission View: can read on DAG:example_branch_dop_operator_v3
[2022-05-05 23:08:29,630] {logging_mixin.py:109} INFO - [2022-05-05 23:08:29,630] {dag.py:2398} INFO - Sync 1 DAGs
[2022-05-05 23:08:29,645] {logging_mixin.py:109} INFO - [2022-05-05 23:08:29,645] {dag.py:2417} INFO - Creating ORM DAG for example_branch_dop_operator_v3
[2022-05-05 23:08:29,664] {logging_mixin.py:109} INFO - [2022-05-05 23:08:29,664] {dag.py:2937} INFO - Setting next_dagrun for example_branch_dop_operator_v3 to 2022-05-05T23:07:00+00:00
[2022-05-05 23:08:29,683] {processor.py:171} INFO - Processing /home/airflow/.local/lib/python3.7/site-packages/airflow/example_dags/example_branch_python_dop_operator_3.py took 2.449 seconds
[2022-05-05 23:09:00,172] {processor.py:163} INFO - Started process (PID=625) to work on /home/airflow/.local/lib/python3.7/site-packages/airflow/example_dags/example_branch_python_dop_operator_3.py
[2022-05-05 23:09:00,189] {processor.py:642} INFO - Processing file /home/airflow/.local/lib/python3.7/site-packages/airflow/example_dags/example_branch_python_dop_operator_3.py for tasks to queue
[2022-05-05 23:09:00,190] {logging_mixin.py:109} INFO - [2022-05-05 23:09:00,189] {dagbag.py:500} INFO - Filling up the DagBag from /home/airflow/.local/lib/python3.7/site-packages/airflow/example_dags/example_branch_python_dop_operator_3.py
[2022-05-05 23:09:00,229] {processor.py:654} INFO - DAG(s) dict_keys(['example_branch_dop_operator_v3']) retrieved from /home/airflow/.local/lib/python3.7/site-packages/airflow/example_dags/example_branch_python_dop_operator_3.py
[2022-05-05 23:09:00,240] {logging_mixin.py:109} INFO - [2022-05-05 23:09:00,240] {dag.py:2398} INFO - Sync 1 DAGs
[2022-05-05 23:09:00,266] {logging_mixin.py:109} INFO - [2022-05-05 23:09:00,266] {dag.py:2937} INFO - Setting next_dagrun for example_branch_dop_operator_v3 to 2022-05-05T23:08:00+00:00
[2022-05-05 23:09:00,282] {processor.py:171} INFO - Processing /home/airflow/.local/lib/python3.7/site-packages/airflow/example_dags/example_branch_python_dop_operator_3.py took 0.112 seconds
[2022-05-05 23:09:30,352] {processor.py:163} INFO - Started process (PID=675) to work on /home/airflow/.local/lib/python3.7/site-packages/airflow/example_dags/example_branch_python_dop_operator_3.py
[2022-05-05 23:09:30,353] {processor.py:642} INFO - Processing file /home/airflow/.local/lib/python3.7/site-packages/airflow/example_dags/example_branch_python_dop_operator_3.py for tasks to queue
[2022-05-05 23:09:30,354] {logging_mixin.py:109} INFO - [2022-05-05 23:09:30,354] {dagbag.py:500} INFO - Filling up the DagBag from /home/airflow/.local/lib/python3.7/site-packages/airflow/example_dags/example_branch_python_dop_operator_3.py
[2022-05-05 23:09:30,394] {processor.py:654} INFO - DAG(s) dict_keys(['example_branch_dop_operator_v3']) retrieved from /home/airflow/.local/lib/python3.7/site-packages/airflow/example_dags/example_branch_python_dop_operator_3.py
[2022-05-05 23:09:30,406] {logging_mixin.py:109} INFO - [2022-05-05 23:09:30,405] {dag.py:2398} INFO - Sync 1 DAGs
[2022-05-05 23:09:30,434] {logging_mixin.py:109} INFO - [2022-05-05 23:09:30,433] {dag.py:2937} INFO - Setting next_dagrun for example_branch_dop_operator_v3 to 2022-05-05T23:08:00+00:00
[2022-05-05 23:09:30,448] {processor.py:171} INFO - Processing /home/airflow/.local/lib/python3.7/site-packages/airflow/example_dags/example_branch_python_dop_operator_3.py took 0.099 seconds
[2022-05-05 23:10:00,665] {processor.py:163} INFO - Started process (PID=725) to work on /home/airflow/.local/lib/python3.7/site-packages/airflow/example_dags/example_branch_python_dop_operator_3.py
[2022-05-05 23:10:00,666] {processor.py:642} INFO - Processing file /home/airflow/.local/lib/python3.7/site-packages/airflow/example_dags/example_branch_python_dop_operator_3.py for tasks to queue
[2022-05-05 23:10:00,667] {logging_mixin.py:109} INFO - [2022-05-05 23:10:00,666] {dagbag.py:500} INFO - Filling up the DagBag from /home/airflow/.local/lib/python3.7/site-packages/airflow/example_dags/example_branch_python_dop_operator_3.py
[2022-05-05 23:10:00,706] {processor.py:654} INFO - DAG(s) dict_keys(['example_branch_dop_operator_v3']) retrieved from /home/airflow/.local/lib/python3.7/site-packages/airflow/example_dags/example_branch_python_dop_operator_3.py
[2022-05-05 23:10:00,716] {logging_mixin.py:109} INFO - [2022-05-05 23:10:00,716] {dag.py:2398} INFO - Sync 1 DAGs
[2022-05-05 23:10:00,736] {logging_mixin.py:109} INFO - [2022-05-05 23:10:00,736] {dag.py:2937} INFO - Setting next_dagrun for example_branch_dop_operator_v3 to 2022-05-05T23:09:00+00:00
[2022-05-05 23:10:00,746] {processor.py:171} INFO - Processing /home/airflow/.local/lib/python3.7/site-packages/airflow/example_dags/example_branch_python_dop_operator_3.py took 0.083 seconds
[2022-05-05 23:10:30,923] {processor.py:163} INFO - Started process (PID=776) to work on /home/airflow/.local/lib/python3.7/site-packages/airflow/example_dags/example_branch_python_dop_operator_3.py
[2022-05-05 23:10:30,924] {processor.py:642} INFO - Processing file /home/airflow/.local/lib/python3.7/site-packages/airflow/example_dags/example_branch_python_dop_operator_3.py for tasks to queue
[2022-05-05 23:10:30,926] {logging_mixin.py:109} INFO - [2022-05-05 23:10:30,925] {dagbag.py:500} INFO - Filling up the DagBag from /home/airflow/.local/lib/python3.7/site-packages/airflow/example_dags/example_branch_python_dop_operator_3.py
[2022-05-05 23:10:30,966] {processor.py:654} INFO - DAG(s) dict_keys(['example_branch_dop_operator_v3']) retrieved from /home/airflow/.local/lib/python3.7/site-packages/airflow/example_dags/example_branch_python_dop_operator_3.py
[2022-05-05 23:10:30,978] {logging_mixin.py:109} INFO - [2022-05-05 23:10:30,978] {dag.py:2398} INFO - Sync 1 DAGs
[2022-05-05 23:10:31,004] {logging_mixin.py:109} INFO - [2022-05-05 23:10:31,004] {dag.py:2937} INFO - Setting next_dagrun for example_branch_dop_operator_v3 to 2022-05-05T23:09:00+00:00
[2022-05-05 23:10:31,017] {processor.py:171} INFO - Processing /home/airflow/.local/lib/python3.7/site-packages/airflow/example_dags/example_branch_python_dop_operator_3.py took 0.096 seconds
[2022-05-05 23:11:01,214] {processor.py:163} INFO - Started process (PID=836) to work on /home/airflow/.local/lib/python3.7/site-packages/airflow/example_dags/example_branch_python_dop_operator_3.py
[2022-05-05 23:11:01,221] {processor.py:642} INFO - Processing file /home/airflow/.local/lib/python3.7/site-packages/airflow/example_dags/example_branch_python_dop_operator_3.py for tasks to queue
[2022-05-05 23:11:01,222] {logging_mixin.py:109} INFO - [2022-05-05 23:11:01,222] {dagbag.py:500} INFO - Filling up the DagBag from /home/airflow/.local/lib/python3.7/site-packages/airflow/example_dags/example_branch_python_dop_operator_3.py
[2022-05-05 23:11:01,258] {processor.py:654} INFO - DAG(s) dict_keys(['example_branch_dop_operator_v3']) retrieved from /home/airflow/.local/lib/python3.7/site-packages/airflow/example_dags/example_branch_python_dop_operator_3.py
[2022-05-05 23:11:01,270] {logging_mixin.py:109} INFO - [2022-05-05 23:11:01,270] {dag.py:2398} INFO - Sync 1 DAGs
[2022-05-05 23:11:01,294] {logging_mixin.py:109} INFO - [2022-05-05 23:11:01,294] {dag.py:2937} INFO - Setting next_dagrun for example_branch_dop_operator_v3 to 2022-05-05T23:10:00+00:00
[2022-05-05 23:11:01,309] {processor.py:171} INFO - Processing /home/airflow/.local/lib/python3.7/site-packages/airflow/example_dags/example_branch_python_dop_operator_3.py took 0.097 seconds
[2022-05-05 23:11:31,337] {processor.py:163} INFO - Started process (PID=887) to work on /home/airflow/.local/lib/python3.7/site-packages/airflow/example_dags/example_branch_python_dop_operator_3.py
[2022-05-05 23:11:31,338] {processor.py:642} INFO - Processing file /home/airflow/.local/lib/python3.7/site-packages/airflow/example_dags/example_branch_python_dop_operator_3.py for tasks to queue
[2022-05-05 23:11:31,339] {logging_mixin.py:109} INFO - [2022-05-05 23:11:31,339] {dagbag.py:500} INFO - Filling up the DagBag from /home/airflow/.local/lib/python3.7/site-packages/airflow/example_dags/example_branch_python_dop_operator_3.py
[2022-05-05 23:11:31,396] {processor.py:654} INFO - DAG(s) dict_keys(['example_branch_dop_operator_v3']) retrieved from /home/airflow/.local/lib/python3.7/site-packages/airflow/example_dags/example_branch_python_dop_operator_3.py
[2022-05-05 23:11:31,408] {logging_mixin.py:109} INFO - [2022-05-05 23:11:31,408] {dag.py:2398} INFO - Sync 1 DAGs
[2022-05-05 23:11:31,442] {logging_mixin.py:109} INFO - [2022-05-05 23:11:31,441] {dag.py:2937} INFO - Setting next_dagrun for example_branch_dop_operator_v3 to 2022-05-05T23:10:00+00:00
[2022-05-05 23:11:31,459] {processor.py:171} INFO - Processing /home/airflow/.local/lib/python3.7/site-packages/airflow/example_dags/example_branch_python_dop_operator_3.py took 0.125 seconds
[2022-05-05 23:12:01,668] {processor.py:163} INFO - Started process (PID=937) to work on /home/airflow/.local/lib/python3.7/site-packages/airflow/example_dags/example_branch_python_dop_operator_3.py
[2022-05-05 23:12:01,669] {processor.py:642} INFO - Processing file /home/airflow/.local/lib/python3.7/site-packages/airflow/example_dags/example_branch_python_dop_operator_3.py for tasks to queue
[2022-05-05 23:12:01,670] {logging_mixin.py:109} INFO - [2022-05-05 23:12:01,670] {dagbag.py:500} INFO - Filling up the DagBag from /home/airflow/.local/lib/python3.7/site-packages/airflow/example_dags/example_branch_python_dop_operator_3.py
[2022-05-05 23:12:01,700] {processor.py:654} INFO - DAG(s) dict_keys(['example_branch_dop_operator_v3']) retrieved from /home/airflow/.local/lib/python3.7/site-packages/airflow/example_dags/example_branch_python_dop_operator_3.py
[2022-05-05 23:12:01,713] {logging_mixin.py:109} INFO - [2022-05-05 23:12:01,713] {dag.py:2398} INFO - Sync 1 DAGs
[2022-05-05 23:12:01,742] {logging_mixin.py:109} INFO - [2022-05-05 23:12:01,741] {dag.py:2937} INFO - Setting next_dagrun for example_branch_dop_operator_v3 to 2022-05-05T23:11:00+00:00
[2022-05-05 23:12:01,756] {processor.py:171} INFO - Processing /home/airflow/.local/lib/python3.7/site-packages/airflow/example_dags/example_branch_python_dop_operator_3.py took 0.091 seconds
[2022-05-05 23:38:27,787] {processor.py:163} INFO - Started process (PID=67) to work on /home/airflow/.local/lib/python3.7/site-packages/airflow/example_dags/example_branch_python_dop_operator_3.py
[2022-05-05 23:38:27,790] {processor.py:642} INFO - Processing file /home/airflow/.local/lib/python3.7/site-packages/airflow/example_dags/example_branch_python_dop_operator_3.py for tasks to queue
[2022-05-05 23:38:27,791] {logging_mixin.py:109} INFO - [2022-05-05 23:38:27,790] {dagbag.py:500} INFO - Filling up the DagBag from /home/airflow/.local/lib/python3.7/site-packages/airflow/example_dags/example_branch_python_dop_operator_3.py
[2022-05-05 23:38:27,840] {processor.py:654} INFO - DAG(s) dict_keys(['example_branch_dop_operator_v3']) retrieved from /home/airflow/.local/lib/python3.7/site-packages/airflow/example_dags/example_branch_python_dop_operator_3.py
[2022-05-05 23:38:27,861] {logging_mixin.py:109} INFO - [2022-05-05 23:38:27,860] {dag.py:2398} INFO - Sync 1 DAGs
[2022-05-05 23:38:27,912] {logging_mixin.py:109} INFO - [2022-05-05 23:38:27,912] {dag.py:2937} INFO - Setting next_dagrun for example_branch_dop_operator_v3 to 2022-05-05T23:37:00+00:00
[2022-05-05 23:38:27,935] {processor.py:171} INFO - Processing /home/airflow/.local/lib/python3.7/site-packages/airflow/example_dags/example_branch_python_dop_operator_3.py took 0.151 seconds
[2022-05-05 23:38:58,601] {processor.py:163} INFO - Started process (PID=120) to work on /home/airflow/.local/lib/python3.7/site-packages/airflow/example_dags/example_branch_python_dop_operator_3.py
[2022-05-05 23:38:58,602] {processor.py:642} INFO - Processing file /home/airflow/.local/lib/python3.7/site-packages/airflow/example_dags/example_branch_python_dop_operator_3.py for tasks to queue
[2022-05-05 23:38:58,603] {logging_mixin.py:109} INFO - [2022-05-05 23:38:58,603] {dagbag.py:500} INFO - Filling up the DagBag from /home/airflow/.local/lib/python3.7/site-packages/airflow/example_dags/example_branch_python_dop_operator_3.py
[2022-05-05 23:38:58,637] {processor.py:654} INFO - DAG(s) dict_keys(['example_branch_dop_operator_v3']) retrieved from /home/airflow/.local/lib/python3.7/site-packages/airflow/example_dags/example_branch_python_dop_operator_3.py
[2022-05-05 23:38:58,645] {logging_mixin.py:109} INFO - [2022-05-05 23:38:58,645] {dag.py:2398} INFO - Sync 1 DAGs
[2022-05-05 23:38:58,671] {logging_mixin.py:109} INFO - [2022-05-05 23:38:58,671] {dag.py:2937} INFO - Setting next_dagrun for example_branch_dop_operator_v3 to 2022-05-05T23:37:00+00:00
[2022-05-05 23:38:58,684] {processor.py:171} INFO - Processing /home/airflow/.local/lib/python3.7/site-packages/airflow/example_dags/example_branch_python_dop_operator_3.py took 0.085 seconds
[2022-05-05 23:39:29,012] {processor.py:163} INFO - Started process (PID=171) to work on /home/airflow/.local/lib/python3.7/site-packages/airflow/example_dags/example_branch_python_dop_operator_3.py
[2022-05-05 23:39:29,013] {processor.py:642} INFO - Processing file /home/airflow/.local/lib/python3.7/site-packages/airflow/example_dags/example_branch_python_dop_operator_3.py for tasks to queue
[2022-05-05 23:39:29,014] {logging_mixin.py:109} INFO - [2022-05-05 23:39:29,014] {dagbag.py:500} INFO - Filling up the DagBag from /home/airflow/.local/lib/python3.7/site-packages/airflow/example_dags/example_branch_python_dop_operator_3.py
[2022-05-05 23:39:29,049] {processor.py:654} INFO - DAG(s) dict_keys(['example_branch_dop_operator_v3']) retrieved from /home/airflow/.local/lib/python3.7/site-packages/airflow/example_dags/example_branch_python_dop_operator_3.py
[2022-05-05 23:39:29,061] {logging_mixin.py:109} INFO - [2022-05-05 23:39:29,061] {dag.py:2398} INFO - Sync 1 DAGs
[2022-05-05 23:39:29,085] {logging_mixin.py:109} INFO - [2022-05-05 23:39:29,085] {dag.py:2937} INFO - Setting next_dagrun for example_branch_dop_operator_v3 to 2022-05-05T23:38:00+00:00
[2022-05-05 23:39:29,101] {processor.py:171} INFO - Processing /home/airflow/.local/lib/python3.7/site-packages/airflow/example_dags/example_branch_python_dop_operator_3.py took 0.092 seconds
[2022-05-05 23:39:59,470] {processor.py:163} INFO - Started process (PID=233) to work on /home/airflow/.local/lib/python3.7/site-packages/airflow/example_dags/example_branch_python_dop_operator_3.py
[2022-05-05 23:39:59,471] {processor.py:642} INFO - Processing file /home/airflow/.local/lib/python3.7/site-packages/airflow/example_dags/example_branch_python_dop_operator_3.py for tasks to queue
[2022-05-05 23:39:59,471] {logging_mixin.py:109} INFO - [2022-05-05 23:39:59,471] {dagbag.py:500} INFO - Filling up the DagBag from /home/airflow/.local/lib/python3.7/site-packages/airflow/example_dags/example_branch_python_dop_operator_3.py
[2022-05-05 23:39:59,501] {processor.py:654} INFO - DAG(s) dict_keys(['example_branch_dop_operator_v3']) retrieved from /home/airflow/.local/lib/python3.7/site-packages/airflow/example_dags/example_branch_python_dop_operator_3.py
[2022-05-05 23:39:59,511] {logging_mixin.py:109} INFO - [2022-05-05 23:39:59,511] {dag.py:2398} INFO - Sync 1 DAGs
[2022-05-05 23:39:59,539] {logging_mixin.py:109} INFO - [2022-05-05 23:39:59,538] {dag.py:2937} INFO - Setting next_dagrun for example_branch_dop_operator_v3 to 2022-05-05T23:38:00+00:00
[2022-05-05 23:39:59,550] {processor.py:171} INFO - Processing /home/airflow/.local/lib/python3.7/site-packages/airflow/example_dags/example_branch_python_dop_operator_3.py took 0.082 seconds
[2022-05-05 23:40:30,647] {processor.py:163} INFO - Started process (PID=286) to work on /home/airflow/.local/lib/python3.7/site-packages/airflow/example_dags/example_branch_python_dop_operator_3.py
[2022-05-05 23:40:30,648] {processor.py:642} INFO - Processing file /home/airflow/.local/lib/python3.7/site-packages/airflow/example_dags/example_branch_python_dop_operator_3.py for tasks to queue
[2022-05-05 23:40:30,648] {logging_mixin.py:109} INFO - [2022-05-05 23:40:30,648] {dagbag.py:500} INFO - Filling up the DagBag from /home/airflow/.local/lib/python3.7/site-packages/airflow/example_dags/example_branch_python_dop_operator_3.py
[2022-05-05 23:40:30,679] {processor.py:654} INFO - DAG(s) dict_keys(['example_branch_dop_operator_v3']) retrieved from /home/airflow/.local/lib/python3.7/site-packages/airflow/example_dags/example_branch_python_dop_operator_3.py
[2022-05-05 23:40:30,689] {logging_mixin.py:109} INFO - [2022-05-05 23:40:30,688] {dag.py:2398} INFO - Sync 1 DAGs
[2022-05-05 23:40:30,710] {logging_mixin.py:109} INFO - [2022-05-05 23:40:30,709] {dag.py:2937} INFO - Setting next_dagrun for example_branch_dop_operator_v3 to 2022-05-05T23:39:00+00:00
[2022-05-05 23:40:30,722] {processor.py:171} INFO - Processing /home/airflow/.local/lib/python3.7/site-packages/airflow/example_dags/example_branch_python_dop_operator_3.py took 0.077 seconds
[2022-05-05 23:41:01,810] {processor.py:163} INFO - Started process (PID=354) to work on /home/airflow/.local/lib/python3.7/site-packages/airflow/example_dags/example_branch_python_dop_operator_3.py
[2022-05-05 23:41:01,811] {processor.py:642} INFO - Processing file /home/airflow/.local/lib/python3.7/site-packages/airflow/example_dags/example_branch_python_dop_operator_3.py for tasks to queue
[2022-05-05 23:41:01,812] {logging_mixin.py:109} INFO - [2022-05-05 23:41:01,811] {dagbag.py:500} INFO - Filling up the DagBag from /home/airflow/.local/lib/python3.7/site-packages/airflow/example_dags/example_branch_python_dop_operator_3.py
[2022-05-05 23:41:01,843] {processor.py:654} INFO - DAG(s) dict_keys(['example_branch_dop_operator_v3']) retrieved from /home/airflow/.local/lib/python3.7/site-packages/airflow/example_dags/example_branch_python_dop_operator_3.py
[2022-05-05 23:41:01,854] {logging_mixin.py:109} INFO - [2022-05-05 23:41:01,854] {dag.py:2398} INFO - Sync 1 DAGs
[2022-05-05 23:41:01,879] {logging_mixin.py:109} INFO - [2022-05-05 23:41:01,879] {dag.py:2937} INFO - Setting next_dagrun for example_branch_dop_operator_v3 to 2022-05-05T23:40:00+00:00
[2022-05-05 23:41:01,891] {processor.py:171} INFO - Processing /home/airflow/.local/lib/python3.7/site-packages/airflow/example_dags/example_branch_python_dop_operator_3.py took 0.084 seconds
[2022-05-05 23:41:33,075] {processor.py:163} INFO - Started process (PID=434) to work on /home/airflow/.local/lib/python3.7/site-packages/airflow/example_dags/example_branch_python_dop_operator_3.py
[2022-05-05 23:41:33,076] {processor.py:642} INFO - Processing file /home/airflow/.local/lib/python3.7/site-packages/airflow/example_dags/example_branch_python_dop_operator_3.py for tasks to queue
[2022-05-05 23:41:33,076] {logging_mixin.py:109} INFO - [2022-05-05 23:41:33,076] {dagbag.py:500} INFO - Filling up the DagBag from /home/airflow/.local/lib/python3.7/site-packages/airflow/example_dags/example_branch_python_dop_operator_3.py
[2022-05-05 23:41:33,107] {processor.py:654} INFO - DAG(s) dict_keys(['example_branch_dop_operator_v3']) retrieved from /home/airflow/.local/lib/python3.7/site-packages/airflow/example_dags/example_branch_python_dop_operator_3.py
[2022-05-05 23:41:33,116] {logging_mixin.py:109} INFO - [2022-05-05 23:41:33,116] {dag.py:2398} INFO - Sync 1 DAGs
[2022-05-05 23:41:33,138] {logging_mixin.py:109} INFO - [2022-05-05 23:41:33,138] {dag.py:2937} INFO - Setting next_dagrun for example_branch_dop_operator_v3 to 2022-05-05T23:40:00+00:00
[2022-05-05 23:41:33,149] {processor.py:171} INFO - Processing /home/airflow/.local/lib/python3.7/site-packages/airflow/example_dags/example_branch_python_dop_operator_3.py took 0.076 seconds
[2022-05-05 23:42:03,478] {processor.py:163} INFO - Started process (PID=486) to work on /home/airflow/.local/lib/python3.7/site-packages/airflow/example_dags/example_branch_python_dop_operator_3.py
[2022-05-05 23:42:03,479] {processor.py:642} INFO - Processing file /home/airflow/.local/lib/python3.7/site-packages/airflow/example_dags/example_branch_python_dop_operator_3.py for tasks to queue
[2022-05-05 23:42:03,479] {logging_mixin.py:109} INFO - [2022-05-05 23:42:03,479] {dagbag.py:500} INFO - Filling up the DagBag from /home/airflow/.local/lib/python3.7/site-packages/airflow/example_dags/example_branch_python_dop_operator_3.py
[2022-05-05 23:42:03,511] {processor.py:654} INFO - DAG(s) dict_keys(['example_branch_dop_operator_v3']) retrieved from /home/airflow/.local/lib/python3.7/site-packages/airflow/example_dags/example_branch_python_dop_operator_3.py
[2022-05-05 23:42:03,520] {logging_mixin.py:109} INFO - [2022-05-05 23:42:03,520] {dag.py:2398} INFO - Sync 1 DAGs
[2022-05-05 23:42:03,543] {logging_mixin.py:109} INFO - [2022-05-05 23:42:03,543] {dag.py:2937} INFO - Setting next_dagrun for example_branch_dop_operator_v3 to 2022-05-05T23:41:00+00:00
[2022-05-05 23:42:03,553] {processor.py:171} INFO - Processing /home/airflow/.local/lib/python3.7/site-packages/airflow/example_dags/example_branch_python_dop_operator_3.py took 0.078 seconds
[2022-05-05 23:42:34,612] {processor.py:163} INFO - Started process (PID=538) to work on /home/airflow/.local/lib/python3.7/site-packages/airflow/example_dags/example_branch_python_dop_operator_3.py
[2022-05-05 23:42:34,613] {processor.py:642} INFO - Processing file /home/airflow/.local/lib/python3.7/site-packages/airflow/example_dags/example_branch_python_dop_operator_3.py for tasks to queue
[2022-05-05 23:42:34,614] {logging_mixin.py:109} INFO - [2022-05-05 23:42:34,614] {dagbag.py:500} INFO - Filling up the DagBag from /home/airflow/.local/lib/python3.7/site-packages/airflow/example_dags/example_branch_python_dop_operator_3.py
[2022-05-05 23:42:34,649] {processor.py:654} INFO - DAG(s) dict_keys(['example_branch_dop_operator_v3']) retrieved from /home/airflow/.local/lib/python3.7/site-packages/airflow/example_dags/example_branch_python_dop_operator_3.py
[2022-05-05 23:42:34,661] {logging_mixin.py:109} INFO - [2022-05-05 23:42:34,660] {dag.py:2398} INFO - Sync 1 DAGs
[2022-05-05 23:42:34,683] {logging_mixin.py:109} INFO - [2022-05-05 23:42:34,683] {dag.py:2937} INFO - Setting next_dagrun for example_branch_dop_operator_v3 to 2022-05-05T23:41:00+00:00
[2022-05-05 23:42:34,695] {processor.py:171} INFO - Processing /home/airflow/.local/lib/python3.7/site-packages/airflow/example_dags/example_branch_python_dop_operator_3.py took 0.085 seconds
