[2022-05-05 23:08:13,378] {processor.py:163} INFO - Started process (PID=256) to work on /home/airflow/.local/lib/python3.7/site-packages/airflow/example_dags/example_branch_day_of_week_operator.py
[2022-05-05 23:08:13,379] {processor.py:642} INFO - Processing file /home/airflow/.local/lib/python3.7/site-packages/airflow/example_dags/example_branch_day_of_week_operator.py for tasks to queue
[2022-05-05 23:08:13,380] {logging_mixin.py:109} INFO - [2022-05-05 23:08:13,380] {dagbag.py:500} INFO - Filling up the DagBag from /home/airflow/.local/lib/python3.7/site-packages/airflow/example_dags/example_branch_day_of_week_operator.py
[2022-05-05 23:08:13,427] {processor.py:654} INFO - DAG(s) dict_keys(['example_weekday_branch_operator']) retrieved from /home/airflow/.local/lib/python3.7/site-packages/airflow/example_dags/example_branch_day_of_week_operator.py
[2022-05-05 23:08:15,111] {logging_mixin.py:109} INFO - [2022-05-05 23:08:15,110] {opentelemetry_tracing.py:29} INFO - This service is instrumented using OpenTelemetry. OpenTelemetry could not be imported; please add opentelemetry-api and opentelemetry-instrumentation packages in order to get BigQuery Tracing data.
[2022-05-05 23:08:15,609] {logging_mixin.py:109} INFO - [2022-05-05 23:08:15,608] {manager.py:496} INFO - Created Permission View: can edit on DAG:example_weekday_branch_operator
[2022-05-05 23:08:15,625] {logging_mixin.py:109} INFO - [2022-05-05 23:08:15,625] {manager.py:496} INFO - Created Permission View: can read on DAG:example_weekday_branch_operator
[2022-05-05 23:08:15,626] {logging_mixin.py:109} INFO - [2022-05-05 23:08:15,625] {dag.py:2398} INFO - Sync 1 DAGs
[2022-05-05 23:08:15,639] {logging_mixin.py:109} INFO - [2022-05-05 23:08:15,638] {dag.py:2417} INFO - Creating ORM DAG for example_weekday_branch_operator
[2022-05-05 23:08:15,665] {logging_mixin.py:109} INFO - [2022-05-05 23:08:15,665] {dag.py:2937} INFO - Setting next_dagrun for example_weekday_branch_operator to 2022-05-04 00:00:00+00:00
[2022-05-05 23:08:15,691] {processor.py:171} INFO - Processing /home/airflow/.local/lib/python3.7/site-packages/airflow/example_dags/example_branch_day_of_week_operator.py took 2.316 seconds
[2022-05-05 23:08:46,534] {processor.py:163} INFO - Started process (PID=604) to work on /home/airflow/.local/lib/python3.7/site-packages/airflow/example_dags/example_branch_day_of_week_operator.py
[2022-05-05 23:08:46,537] {processor.py:642} INFO - Processing file /home/airflow/.local/lib/python3.7/site-packages/airflow/example_dags/example_branch_day_of_week_operator.py for tasks to queue
[2022-05-05 23:08:46,537] {logging_mixin.py:109} INFO - [2022-05-05 23:08:46,537] {dagbag.py:500} INFO - Filling up the DagBag from /home/airflow/.local/lib/python3.7/site-packages/airflow/example_dags/example_branch_day_of_week_operator.py
[2022-05-05 23:08:46,589] {processor.py:654} INFO - DAG(s) dict_keys(['example_weekday_branch_operator']) retrieved from /home/airflow/.local/lib/python3.7/site-packages/airflow/example_dags/example_branch_day_of_week_operator.py
[2022-05-05 23:08:46,602] {logging_mixin.py:109} INFO - [2022-05-05 23:08:46,602] {dag.py:2398} INFO - Sync 1 DAGs
[2022-05-05 23:08:46,624] {logging_mixin.py:109} INFO - [2022-05-05 23:08:46,624] {dag.py:2937} INFO - Setting next_dagrun for example_weekday_branch_operator to 2022-05-04 00:00:00+00:00
[2022-05-05 23:08:46,638] {processor.py:171} INFO - Processing /home/airflow/.local/lib/python3.7/site-packages/airflow/example_dags/example_branch_day_of_week_operator.py took 0.106 seconds
[2022-05-05 23:09:16,744] {processor.py:163} INFO - Started process (PID=655) to work on /home/airflow/.local/lib/python3.7/site-packages/airflow/example_dags/example_branch_day_of_week_operator.py
[2022-05-05 23:09:16,746] {processor.py:642} INFO - Processing file /home/airflow/.local/lib/python3.7/site-packages/airflow/example_dags/example_branch_day_of_week_operator.py for tasks to queue
[2022-05-05 23:09:16,746] {logging_mixin.py:109} INFO - [2022-05-05 23:09:16,746] {dagbag.py:500} INFO - Filling up the DagBag from /home/airflow/.local/lib/python3.7/site-packages/airflow/example_dags/example_branch_day_of_week_operator.py
[2022-05-05 23:09:16,779] {processor.py:654} INFO - DAG(s) dict_keys(['example_weekday_branch_operator']) retrieved from /home/airflow/.local/lib/python3.7/site-packages/airflow/example_dags/example_branch_day_of_week_operator.py
[2022-05-05 23:09:16,791] {logging_mixin.py:109} INFO - [2022-05-05 23:09:16,791] {dag.py:2398} INFO - Sync 1 DAGs
[2022-05-05 23:09:16,814] {logging_mixin.py:109} INFO - [2022-05-05 23:09:16,814] {dag.py:2937} INFO - Setting next_dagrun for example_weekday_branch_operator to 2022-05-04 00:00:00+00:00
[2022-05-05 23:09:16,829] {processor.py:171} INFO - Processing /home/airflow/.local/lib/python3.7/site-packages/airflow/example_dags/example_branch_day_of_week_operator.py took 0.088 seconds
[2022-05-05 23:09:47,131] {processor.py:163} INFO - Started process (PID=705) to work on /home/airflow/.local/lib/python3.7/site-packages/airflow/example_dags/example_branch_day_of_week_operator.py
[2022-05-05 23:09:47,133] {processor.py:642} INFO - Processing file /home/airflow/.local/lib/python3.7/site-packages/airflow/example_dags/example_branch_day_of_week_operator.py for tasks to queue
[2022-05-05 23:09:47,134] {logging_mixin.py:109} INFO - [2022-05-05 23:09:47,133] {dagbag.py:500} INFO - Filling up the DagBag from /home/airflow/.local/lib/python3.7/site-packages/airflow/example_dags/example_branch_day_of_week_operator.py
[2022-05-05 23:09:47,188] {processor.py:654} INFO - DAG(s) dict_keys(['example_weekday_branch_operator']) retrieved from /home/airflow/.local/lib/python3.7/site-packages/airflow/example_dags/example_branch_day_of_week_operator.py
[2022-05-05 23:09:47,204] {logging_mixin.py:109} INFO - [2022-05-05 23:09:47,204] {dag.py:2398} INFO - Sync 1 DAGs
[2022-05-05 23:09:47,233] {logging_mixin.py:109} INFO - [2022-05-05 23:09:47,232] {dag.py:2937} INFO - Setting next_dagrun for example_weekday_branch_operator to 2022-05-04 00:00:00+00:00
[2022-05-05 23:09:47,246] {processor.py:171} INFO - Processing /home/airflow/.local/lib/python3.7/site-packages/airflow/example_dags/example_branch_day_of_week_operator.py took 0.120 seconds
[2022-05-05 23:10:17,367] {processor.py:163} INFO - Started process (PID=756) to work on /home/airflow/.local/lib/python3.7/site-packages/airflow/example_dags/example_branch_day_of_week_operator.py
[2022-05-05 23:10:17,374] {processor.py:642} INFO - Processing file /home/airflow/.local/lib/python3.7/site-packages/airflow/example_dags/example_branch_day_of_week_operator.py for tasks to queue
[2022-05-05 23:10:17,375] {logging_mixin.py:109} INFO - [2022-05-05 23:10:17,375] {dagbag.py:500} INFO - Filling up the DagBag from /home/airflow/.local/lib/python3.7/site-packages/airflow/example_dags/example_branch_day_of_week_operator.py
[2022-05-05 23:10:17,411] {processor.py:654} INFO - DAG(s) dict_keys(['example_weekday_branch_operator']) retrieved from /home/airflow/.local/lib/python3.7/site-packages/airflow/example_dags/example_branch_day_of_week_operator.py
[2022-05-05 23:10:17,423] {logging_mixin.py:109} INFO - [2022-05-05 23:10:17,423] {dag.py:2398} INFO - Sync 1 DAGs
[2022-05-05 23:10:17,443] {logging_mixin.py:109} INFO - [2022-05-05 23:10:17,443] {dag.py:2937} INFO - Setting next_dagrun for example_weekday_branch_operator to 2022-05-04 00:00:00+00:00
[2022-05-05 23:10:17,457] {processor.py:171} INFO - Processing /home/airflow/.local/lib/python3.7/site-packages/airflow/example_dags/example_branch_day_of_week_operator.py took 0.092 seconds
[2022-05-05 23:10:47,508] {processor.py:163} INFO - Started process (PID=817) to work on /home/airflow/.local/lib/python3.7/site-packages/airflow/example_dags/example_branch_day_of_week_operator.py
[2022-05-05 23:10:47,509] {processor.py:642} INFO - Processing file /home/airflow/.local/lib/python3.7/site-packages/airflow/example_dags/example_branch_day_of_week_operator.py for tasks to queue
[2022-05-05 23:10:47,509] {logging_mixin.py:109} INFO - [2022-05-05 23:10:47,509] {dagbag.py:500} INFO - Filling up the DagBag from /home/airflow/.local/lib/python3.7/site-packages/airflow/example_dags/example_branch_day_of_week_operator.py
[2022-05-05 23:10:47,554] {processor.py:654} INFO - DAG(s) dict_keys(['example_weekday_branch_operator']) retrieved from /home/airflow/.local/lib/python3.7/site-packages/airflow/example_dags/example_branch_day_of_week_operator.py
[2022-05-05 23:10:47,569] {logging_mixin.py:109} INFO - [2022-05-05 23:10:47,569] {dag.py:2398} INFO - Sync 1 DAGs
[2022-05-05 23:10:47,596] {logging_mixin.py:109} INFO - [2022-05-05 23:10:47,596] {dag.py:2937} INFO - Setting next_dagrun for example_weekday_branch_operator to 2022-05-04 00:00:00+00:00
[2022-05-05 23:10:47,613] {processor.py:171} INFO - Processing /home/airflow/.local/lib/python3.7/site-packages/airflow/example_dags/example_branch_day_of_week_operator.py took 0.107 seconds
[2022-05-05 23:11:17,756] {processor.py:163} INFO - Started process (PID=867) to work on /home/airflow/.local/lib/python3.7/site-packages/airflow/example_dags/example_branch_day_of_week_operator.py
[2022-05-05 23:11:17,758] {processor.py:642} INFO - Processing file /home/airflow/.local/lib/python3.7/site-packages/airflow/example_dags/example_branch_day_of_week_operator.py for tasks to queue
[2022-05-05 23:11:17,759] {logging_mixin.py:109} INFO - [2022-05-05 23:11:17,759] {dagbag.py:500} INFO - Filling up the DagBag from /home/airflow/.local/lib/python3.7/site-packages/airflow/example_dags/example_branch_day_of_week_operator.py
[2022-05-05 23:11:17,802] {processor.py:654} INFO - DAG(s) dict_keys(['example_weekday_branch_operator']) retrieved from /home/airflow/.local/lib/python3.7/site-packages/airflow/example_dags/example_branch_day_of_week_operator.py
[2022-05-05 23:11:17,812] {logging_mixin.py:109} INFO - [2022-05-05 23:11:17,812] {dag.py:2398} INFO - Sync 1 DAGs
[2022-05-05 23:11:17,833] {logging_mixin.py:109} INFO - [2022-05-05 23:11:17,833] {dag.py:2937} INFO - Setting next_dagrun for example_weekday_branch_operator to 2022-05-04 00:00:00+00:00
[2022-05-05 23:11:17,846] {processor.py:171} INFO - Processing /home/airflow/.local/lib/python3.7/site-packages/airflow/example_dags/example_branch_day_of_week_operator.py took 0.093 seconds
[2022-05-05 23:11:48,714] {processor.py:163} INFO - Started process (PID=917) to work on /home/airflow/.local/lib/python3.7/site-packages/airflow/example_dags/example_branch_day_of_week_operator.py
[2022-05-05 23:11:48,715] {processor.py:642} INFO - Processing file /home/airflow/.local/lib/python3.7/site-packages/airflow/example_dags/example_branch_day_of_week_operator.py for tasks to queue
[2022-05-05 23:11:48,715] {logging_mixin.py:109} INFO - [2022-05-05 23:11:48,715] {dagbag.py:500} INFO - Filling up the DagBag from /home/airflow/.local/lib/python3.7/site-packages/airflow/example_dags/example_branch_day_of_week_operator.py
[2022-05-05 23:11:48,745] {processor.py:654} INFO - DAG(s) dict_keys(['example_weekday_branch_operator']) retrieved from /home/airflow/.local/lib/python3.7/site-packages/airflow/example_dags/example_branch_day_of_week_operator.py
[2022-05-05 23:11:48,753] {logging_mixin.py:109} INFO - [2022-05-05 23:11:48,753] {dag.py:2398} INFO - Sync 1 DAGs
[2022-05-05 23:11:48,771] {logging_mixin.py:109} INFO - [2022-05-05 23:11:48,771] {dag.py:2937} INFO - Setting next_dagrun for example_weekday_branch_operator to 2022-05-04 00:00:00+00:00
[2022-05-05 23:11:48,782] {processor.py:171} INFO - Processing /home/airflow/.local/lib/python3.7/site-packages/airflow/example_dags/example_branch_day_of_week_operator.py took 0.070 seconds
[2022-05-05 23:38:26,018] {processor.py:163} INFO - Started process (PID=56) to work on /home/airflow/.local/lib/python3.7/site-packages/airflow/example_dags/example_branch_day_of_week_operator.py
[2022-05-05 23:38:26,020] {processor.py:642} INFO - Processing file /home/airflow/.local/lib/python3.7/site-packages/airflow/example_dags/example_branch_day_of_week_operator.py for tasks to queue
[2022-05-05 23:38:26,021] {logging_mixin.py:109} INFO - [2022-05-05 23:38:26,021] {dagbag.py:500} INFO - Filling up the DagBag from /home/airflow/.local/lib/python3.7/site-packages/airflow/example_dags/example_branch_day_of_week_operator.py
[2022-05-05 23:38:26,069] {processor.py:654} INFO - DAG(s) dict_keys(['example_weekday_branch_operator']) retrieved from /home/airflow/.local/lib/python3.7/site-packages/airflow/example_dags/example_branch_day_of_week_operator.py
[2022-05-05 23:38:26,082] {logging_mixin.py:109} INFO - [2022-05-05 23:38:26,082] {dag.py:2398} INFO - Sync 1 DAGs
[2022-05-05 23:38:26,105] {logging_mixin.py:109} INFO - [2022-05-05 23:38:26,105] {dag.py:2937} INFO - Setting next_dagrun for example_weekday_branch_operator to 2022-05-04 00:00:00+00:00
[2022-05-05 23:38:26,118] {processor.py:171} INFO - Processing /home/airflow/.local/lib/python3.7/site-packages/airflow/example_dags/example_branch_day_of_week_operator.py took 0.104 seconds
[2022-05-05 23:38:56,975] {processor.py:163} INFO - Started process (PID=109) to work on /home/airflow/.local/lib/python3.7/site-packages/airflow/example_dags/example_branch_day_of_week_operator.py
[2022-05-05 23:38:56,976] {processor.py:642} INFO - Processing file /home/airflow/.local/lib/python3.7/site-packages/airflow/example_dags/example_branch_day_of_week_operator.py for tasks to queue
[2022-05-05 23:38:56,976] {logging_mixin.py:109} INFO - [2022-05-05 23:38:56,976] {dagbag.py:500} INFO - Filling up the DagBag from /home/airflow/.local/lib/python3.7/site-packages/airflow/example_dags/example_branch_day_of_week_operator.py
[2022-05-05 23:38:57,008] {processor.py:654} INFO - DAG(s) dict_keys(['example_weekday_branch_operator']) retrieved from /home/airflow/.local/lib/python3.7/site-packages/airflow/example_dags/example_branch_day_of_week_operator.py
[2022-05-05 23:38:57,019] {logging_mixin.py:109} INFO - [2022-05-05 23:38:57,018] {dag.py:2398} INFO - Sync 1 DAGs
[2022-05-05 23:38:57,037] {logging_mixin.py:109} INFO - [2022-05-05 23:38:57,037] {dag.py:2937} INFO - Setting next_dagrun for example_weekday_branch_operator to 2022-05-04 00:00:00+00:00
[2022-05-05 23:38:57,049] {processor.py:171} INFO - Processing /home/airflow/.local/lib/python3.7/site-packages/airflow/example_dags/example_branch_day_of_week_operator.py took 0.077 seconds
[2022-05-05 23:39:28,326] {processor.py:163} INFO - Started process (PID=161) to work on /home/airflow/.local/lib/python3.7/site-packages/airflow/example_dags/example_branch_day_of_week_operator.py
[2022-05-05 23:39:28,327] {processor.py:642} INFO - Processing file /home/airflow/.local/lib/python3.7/site-packages/airflow/example_dags/example_branch_day_of_week_operator.py for tasks to queue
[2022-05-05 23:39:28,328] {logging_mixin.py:109} INFO - [2022-05-05 23:39:28,328] {dagbag.py:500} INFO - Filling up the DagBag from /home/airflow/.local/lib/python3.7/site-packages/airflow/example_dags/example_branch_day_of_week_operator.py
[2022-05-05 23:39:28,363] {processor.py:654} INFO - DAG(s) dict_keys(['example_weekday_branch_operator']) retrieved from /home/airflow/.local/lib/python3.7/site-packages/airflow/example_dags/example_branch_day_of_week_operator.py
[2022-05-05 23:39:28,374] {logging_mixin.py:109} INFO - [2022-05-05 23:39:28,374] {dag.py:2398} INFO - Sync 1 DAGs
[2022-05-05 23:39:28,398] {logging_mixin.py:109} INFO - [2022-05-05 23:39:28,398] {dag.py:2937} INFO - Setting next_dagrun for example_weekday_branch_operator to 2022-05-04 00:00:00+00:00
[2022-05-05 23:39:28,415] {processor.py:171} INFO - Processing /home/airflow/.local/lib/python3.7/site-packages/airflow/example_dags/example_branch_day_of_week_operator.py took 0.091 seconds
[2022-05-05 23:39:58,631] {processor.py:163} INFO - Started process (PID=223) to work on /home/airflow/.local/lib/python3.7/site-packages/airflow/example_dags/example_branch_day_of_week_operator.py
[2022-05-05 23:39:58,632] {processor.py:642} INFO - Processing file /home/airflow/.local/lib/python3.7/site-packages/airflow/example_dags/example_branch_day_of_week_operator.py for tasks to queue
[2022-05-05 23:39:58,633] {logging_mixin.py:109} INFO - [2022-05-05 23:39:58,632] {dagbag.py:500} INFO - Filling up the DagBag from /home/airflow/.local/lib/python3.7/site-packages/airflow/example_dags/example_branch_day_of_week_operator.py
[2022-05-05 23:39:58,660] {processor.py:654} INFO - DAG(s) dict_keys(['example_weekday_branch_operator']) retrieved from /home/airflow/.local/lib/python3.7/site-packages/airflow/example_dags/example_branch_day_of_week_operator.py
[2022-05-05 23:39:58,672] {logging_mixin.py:109} INFO - [2022-05-05 23:39:58,671] {dag.py:2398} INFO - Sync 1 DAGs
[2022-05-05 23:39:58,691] {logging_mixin.py:109} INFO - [2022-05-05 23:39:58,691] {dag.py:2937} INFO - Setting next_dagrun for example_weekday_branch_operator to 2022-05-04 00:00:00+00:00
[2022-05-05 23:39:58,703] {processor.py:171} INFO - Processing /home/airflow/.local/lib/python3.7/site-packages/airflow/example_dags/example_branch_day_of_week_operator.py took 0.074 seconds
[2022-05-05 23:40:29,924] {processor.py:163} INFO - Started process (PID=275) to work on /home/airflow/.local/lib/python3.7/site-packages/airflow/example_dags/example_branch_day_of_week_operator.py
[2022-05-05 23:40:29,925] {processor.py:642} INFO - Processing file /home/airflow/.local/lib/python3.7/site-packages/airflow/example_dags/example_branch_day_of_week_operator.py for tasks to queue
[2022-05-05 23:40:29,926] {logging_mixin.py:109} INFO - [2022-05-05 23:40:29,926] {dagbag.py:500} INFO - Filling up the DagBag from /home/airflow/.local/lib/python3.7/site-packages/airflow/example_dags/example_branch_day_of_week_operator.py
[2022-05-05 23:40:29,957] {processor.py:654} INFO - DAG(s) dict_keys(['example_weekday_branch_operator']) retrieved from /home/airflow/.local/lib/python3.7/site-packages/airflow/example_dags/example_branch_day_of_week_operator.py
[2022-05-05 23:40:29,968] {logging_mixin.py:109} INFO - [2022-05-05 23:40:29,968] {dag.py:2398} INFO - Sync 1 DAGs
[2022-05-05 23:40:29,989] {logging_mixin.py:109} INFO - [2022-05-05 23:40:29,989] {dag.py:2937} INFO - Setting next_dagrun for example_weekday_branch_operator to 2022-05-04 00:00:00+00:00
[2022-05-05 23:40:30,007] {processor.py:171} INFO - Processing /home/airflow/.local/lib/python3.7/site-packages/airflow/example_dags/example_branch_day_of_week_operator.py took 0.087 seconds
[2022-05-05 23:41:01,111] {processor.py:163} INFO - Started process (PID=343) to work on /home/airflow/.local/lib/python3.7/site-packages/airflow/example_dags/example_branch_day_of_week_operator.py
[2022-05-05 23:41:01,112] {processor.py:642} INFO - Processing file /home/airflow/.local/lib/python3.7/site-packages/airflow/example_dags/example_branch_day_of_week_operator.py for tasks to queue
[2022-05-05 23:41:01,113] {logging_mixin.py:109} INFO - [2022-05-05 23:41:01,113] {dagbag.py:500} INFO - Filling up the DagBag from /home/airflow/.local/lib/python3.7/site-packages/airflow/example_dags/example_branch_day_of_week_operator.py
[2022-05-05 23:41:01,147] {processor.py:654} INFO - DAG(s) dict_keys(['example_weekday_branch_operator']) retrieved from /home/airflow/.local/lib/python3.7/site-packages/airflow/example_dags/example_branch_day_of_week_operator.py
[2022-05-05 23:41:01,161] {logging_mixin.py:109} INFO - [2022-05-05 23:41:01,161] {dag.py:2398} INFO - Sync 1 DAGs
[2022-05-05 23:41:01,187] {logging_mixin.py:109} INFO - [2022-05-05 23:41:01,186] {dag.py:2937} INFO - Setting next_dagrun for example_weekday_branch_operator to 2022-05-04 00:00:00+00:00
[2022-05-05 23:41:01,201] {processor.py:171} INFO - Processing /home/airflow/.local/lib/python3.7/site-packages/airflow/example_dags/example_branch_day_of_week_operator.py took 0.093 seconds
[2022-05-05 23:41:32,392] {processor.py:163} INFO - Started process (PID=421) to work on /home/airflow/.local/lib/python3.7/site-packages/airflow/example_dags/example_branch_day_of_week_operator.py
[2022-05-05 23:41:32,394] {processor.py:642} INFO - Processing file /home/airflow/.local/lib/python3.7/site-packages/airflow/example_dags/example_branch_day_of_week_operator.py for tasks to queue
[2022-05-05 23:41:32,395] {logging_mixin.py:109} INFO - [2022-05-05 23:41:32,395] {dagbag.py:500} INFO - Filling up the DagBag from /home/airflow/.local/lib/python3.7/site-packages/airflow/example_dags/example_branch_day_of_week_operator.py
[2022-05-05 23:41:32,425] {processor.py:654} INFO - DAG(s) dict_keys(['example_weekday_branch_operator']) retrieved from /home/airflow/.local/lib/python3.7/site-packages/airflow/example_dags/example_branch_day_of_week_operator.py
[2022-05-05 23:41:32,437] {logging_mixin.py:109} INFO - [2022-05-05 23:41:32,436] {dag.py:2398} INFO - Sync 1 DAGs
[2022-05-05 23:41:32,456] {logging_mixin.py:109} INFO - [2022-05-05 23:41:32,456] {dag.py:2937} INFO - Setting next_dagrun for example_weekday_branch_operator to 2022-05-04 00:00:00+00:00
[2022-05-05 23:41:32,469] {processor.py:171} INFO - Processing /home/airflow/.local/lib/python3.7/site-packages/airflow/example_dags/example_branch_day_of_week_operator.py took 0.079 seconds
[2022-05-05 23:42:02,847] {processor.py:163} INFO - Started process (PID=476) to work on /home/airflow/.local/lib/python3.7/site-packages/airflow/example_dags/example_branch_day_of_week_operator.py
[2022-05-05 23:42:02,848] {processor.py:642} INFO - Processing file /home/airflow/.local/lib/python3.7/site-packages/airflow/example_dags/example_branch_day_of_week_operator.py for tasks to queue
[2022-05-05 23:42:02,848] {logging_mixin.py:109} INFO - [2022-05-05 23:42:02,848] {dagbag.py:500} INFO - Filling up the DagBag from /home/airflow/.local/lib/python3.7/site-packages/airflow/example_dags/example_branch_day_of_week_operator.py
[2022-05-05 23:42:02,876] {processor.py:654} INFO - DAG(s) dict_keys(['example_weekday_branch_operator']) retrieved from /home/airflow/.local/lib/python3.7/site-packages/airflow/example_dags/example_branch_day_of_week_operator.py
[2022-05-05 23:42:02,889] {logging_mixin.py:109} INFO - [2022-05-05 23:42:02,889] {dag.py:2398} INFO - Sync 1 DAGs
[2022-05-05 23:42:02,910] {logging_mixin.py:109} INFO - [2022-05-05 23:42:02,909] {dag.py:2937} INFO - Setting next_dagrun for example_weekday_branch_operator to 2022-05-04 00:00:00+00:00
[2022-05-05 23:42:02,921] {processor.py:171} INFO - Processing /home/airflow/.local/lib/python3.7/site-packages/airflow/example_dags/example_branch_day_of_week_operator.py took 0.076 seconds
[2022-05-05 23:42:34,015] {processor.py:163} INFO - Started process (PID=527) to work on /home/airflow/.local/lib/python3.7/site-packages/airflow/example_dags/example_branch_day_of_week_operator.py
[2022-05-05 23:42:34,016] {processor.py:642} INFO - Processing file /home/airflow/.local/lib/python3.7/site-packages/airflow/example_dags/example_branch_day_of_week_operator.py for tasks to queue
[2022-05-05 23:42:34,016] {logging_mixin.py:109} INFO - [2022-05-05 23:42:34,016] {dagbag.py:500} INFO - Filling up the DagBag from /home/airflow/.local/lib/python3.7/site-packages/airflow/example_dags/example_branch_day_of_week_operator.py
[2022-05-05 23:42:34,045] {processor.py:654} INFO - DAG(s) dict_keys(['example_weekday_branch_operator']) retrieved from /home/airflow/.local/lib/python3.7/site-packages/airflow/example_dags/example_branch_day_of_week_operator.py
[2022-05-05 23:42:34,054] {logging_mixin.py:109} INFO - [2022-05-05 23:42:34,054] {dag.py:2398} INFO - Sync 1 DAGs
[2022-05-05 23:42:34,071] {logging_mixin.py:109} INFO - [2022-05-05 23:42:34,071] {dag.py:2937} INFO - Setting next_dagrun for example_weekday_branch_operator to 2022-05-04 00:00:00+00:00
[2022-05-05 23:42:34,082] {processor.py:171} INFO - Processing /home/airflow/.local/lib/python3.7/site-packages/airflow/example_dags/example_branch_day_of_week_operator.py took 0.069 seconds
