[2022-05-05 23:07:53,873] {processor.py:163} INFO - Started process (PID=43) to work on /home/airflow/.local/lib/python3.7/site-packages/airflow/example_dags/example_short_circuit_operator.py
[2022-05-05 23:07:53,875] {processor.py:642} INFO - Processing file /home/airflow/.local/lib/python3.7/site-packages/airflow/example_dags/example_short_circuit_operator.py for tasks to queue
[2022-05-05 23:07:53,876] {logging_mixin.py:109} INFO - [2022-05-05 23:07:53,875] {dagbag.py:500} INFO - Filling up the DagBag from /home/airflow/.local/lib/python3.7/site-packages/airflow/example_dags/example_short_circuit_operator.py
[2022-05-05 23:07:53,975] {processor.py:654} INFO - DAG(s) dict_keys(['example_short_circuit_operator']) retrieved from /home/airflow/.local/lib/python3.7/site-packages/airflow/example_dags/example_short_circuit_operator.py
[2022-05-05 23:07:59,016] {logging_mixin.py:109} INFO - [2022-05-05 23:07:59,016] {opentelemetry_tracing.py:29} INFO - This service is instrumented using OpenTelemetry. OpenTelemetry could not be imported; please add opentelemetry-api and opentelemetry-instrumentation packages in order to get BigQuery Tracing data.
[2022-05-05 23:08:00,884] {logging_mixin.py:109} INFO - [2022-05-05 23:08:00,883] {manager.py:496} INFO - Created Permission View: can edit on DAG:example_short_circuit_operator
[2022-05-05 23:08:00,897] {logging_mixin.py:109} INFO - [2022-05-05 23:08:00,897] {manager.py:496} INFO - Created Permission View: can read on DAG:example_short_circuit_operator
[2022-05-05 23:08:00,898] {logging_mixin.py:109} INFO - [2022-05-05 23:08:00,898] {dag.py:2398} INFO - Sync 1 DAGs
[2022-05-05 23:08:00,908] {logging_mixin.py:109} INFO - [2022-05-05 23:08:00,907] {dag.py:2417} INFO - Creating ORM DAG for example_short_circuit_operator
[2022-05-05 23:08:00,919] {logging_mixin.py:109} INFO - [2022-05-05 23:08:00,918] {dag.py:2937} INFO - Setting next_dagrun for example_short_circuit_operator to 2022-05-04T23:08:00.918604+00:00
[2022-05-05 23:08:00,938] {processor.py:171} INFO - Processing /home/airflow/.local/lib/python3.7/site-packages/airflow/example_dags/example_short_circuit_operator.py took 7.070 seconds
[2022-05-05 23:08:37,404] {processor.py:163} INFO - Started process (PID=584) to work on /home/airflow/.local/lib/python3.7/site-packages/airflow/example_dags/example_short_circuit_operator.py
[2022-05-05 23:08:37,406] {processor.py:642} INFO - Processing file /home/airflow/.local/lib/python3.7/site-packages/airflow/example_dags/example_short_circuit_operator.py for tasks to queue
[2022-05-05 23:08:37,406] {logging_mixin.py:109} INFO - [2022-05-05 23:08:37,406] {dagbag.py:500} INFO - Filling up the DagBag from /home/airflow/.local/lib/python3.7/site-packages/airflow/example_dags/example_short_circuit_operator.py
[2022-05-05 23:08:37,440] {processor.py:654} INFO - DAG(s) dict_keys(['example_short_circuit_operator']) retrieved from /home/airflow/.local/lib/python3.7/site-packages/airflow/example_dags/example_short_circuit_operator.py
[2022-05-05 23:08:37,453] {logging_mixin.py:109} INFO - [2022-05-05 23:08:37,452] {dag.py:2398} INFO - Sync 1 DAGs
[2022-05-05 23:08:37,472] {logging_mixin.py:109} INFO - [2022-05-05 23:08:37,471] {dag.py:2937} INFO - Setting next_dagrun for example_short_circuit_operator to 2022-05-04T23:08:37.471515+00:00
[2022-05-05 23:08:37,488] {processor.py:171} INFO - Processing /home/airflow/.local/lib/python3.7/site-packages/airflow/example_dags/example_short_circuit_operator.py took 0.087 seconds
[2022-05-05 23:09:07,579] {processor.py:163} INFO - Started process (PID=634) to work on /home/airflow/.local/lib/python3.7/site-packages/airflow/example_dags/example_short_circuit_operator.py
[2022-05-05 23:09:07,580] {processor.py:642} INFO - Processing file /home/airflow/.local/lib/python3.7/site-packages/airflow/example_dags/example_short_circuit_operator.py for tasks to queue
[2022-05-05 23:09:07,581] {logging_mixin.py:109} INFO - [2022-05-05 23:09:07,581] {dagbag.py:500} INFO - Filling up the DagBag from /home/airflow/.local/lib/python3.7/site-packages/airflow/example_dags/example_short_circuit_operator.py
[2022-05-05 23:09:07,610] {processor.py:654} INFO - DAG(s) dict_keys(['example_short_circuit_operator']) retrieved from /home/airflow/.local/lib/python3.7/site-packages/airflow/example_dags/example_short_circuit_operator.py
[2022-05-05 23:09:07,623] {logging_mixin.py:109} INFO - [2022-05-05 23:09:07,623] {dag.py:2398} INFO - Sync 1 DAGs
[2022-05-05 23:09:07,639] {logging_mixin.py:109} INFO - [2022-05-05 23:09:07,639] {dag.py:2937} INFO - Setting next_dagrun for example_short_circuit_operator to 2022-05-04T23:09:07.639293+00:00
[2022-05-05 23:09:07,650] {processor.py:171} INFO - Processing /home/airflow/.local/lib/python3.7/site-packages/airflow/example_dags/example_short_circuit_operator.py took 0.074 seconds
[2022-05-05 23:09:37,920] {processor.py:163} INFO - Started process (PID=684) to work on /home/airflow/.local/lib/python3.7/site-packages/airflow/example_dags/example_short_circuit_operator.py
[2022-05-05 23:09:37,922] {processor.py:642} INFO - Processing file /home/airflow/.local/lib/python3.7/site-packages/airflow/example_dags/example_short_circuit_operator.py for tasks to queue
[2022-05-05 23:09:37,923] {logging_mixin.py:109} INFO - [2022-05-05 23:09:37,923] {dagbag.py:500} INFO - Filling up the DagBag from /home/airflow/.local/lib/python3.7/site-packages/airflow/example_dags/example_short_circuit_operator.py
[2022-05-05 23:09:37,982] {processor.py:654} INFO - DAG(s) dict_keys(['example_short_circuit_operator']) retrieved from /home/airflow/.local/lib/python3.7/site-packages/airflow/example_dags/example_short_circuit_operator.py
[2022-05-05 23:09:38,005] {logging_mixin.py:109} INFO - [2022-05-05 23:09:38,004] {dag.py:2398} INFO - Sync 1 DAGs
[2022-05-05 23:09:38,031] {logging_mixin.py:109} INFO - [2022-05-05 23:09:38,031] {dag.py:2937} INFO - Setting next_dagrun for example_short_circuit_operator to 2022-05-04T23:09:38.031196+00:00
[2022-05-05 23:09:38,051] {processor.py:171} INFO - Processing /home/airflow/.local/lib/python3.7/site-packages/airflow/example_dags/example_short_circuit_operator.py took 0.137 seconds
[2022-05-05 23:10:08,241] {processor.py:163} INFO - Started process (PID=744) to work on /home/airflow/.local/lib/python3.7/site-packages/airflow/example_dags/example_short_circuit_operator.py
[2022-05-05 23:10:08,243] {processor.py:642} INFO - Processing file /home/airflow/.local/lib/python3.7/site-packages/airflow/example_dags/example_short_circuit_operator.py for tasks to queue
[2022-05-05 23:10:08,244] {logging_mixin.py:109} INFO - [2022-05-05 23:10:08,244] {dagbag.py:500} INFO - Filling up the DagBag from /home/airflow/.local/lib/python3.7/site-packages/airflow/example_dags/example_short_circuit_operator.py
[2022-05-05 23:10:08,325] {processor.py:654} INFO - DAG(s) dict_keys(['example_short_circuit_operator']) retrieved from /home/airflow/.local/lib/python3.7/site-packages/airflow/example_dags/example_short_circuit_operator.py
[2022-05-05 23:10:08,351] {logging_mixin.py:109} INFO - [2022-05-05 23:10:08,350] {dag.py:2398} INFO - Sync 1 DAGs
[2022-05-05 23:10:08,387] {logging_mixin.py:109} INFO - [2022-05-05 23:10:08,387] {dag.py:2937} INFO - Setting next_dagrun for example_short_circuit_operator to 2022-05-04T23:10:08.387259+00:00
[2022-05-05 23:10:08,402] {processor.py:171} INFO - Processing /home/airflow/.local/lib/python3.7/site-packages/airflow/example_dags/example_short_circuit_operator.py took 0.165 seconds
[2022-05-05 23:10:38,423] {processor.py:163} INFO - Started process (PID=796) to work on /home/airflow/.local/lib/python3.7/site-packages/airflow/example_dags/example_short_circuit_operator.py
[2022-05-05 23:10:38,424] {processor.py:642} INFO - Processing file /home/airflow/.local/lib/python3.7/site-packages/airflow/example_dags/example_short_circuit_operator.py for tasks to queue
[2022-05-05 23:10:38,425] {logging_mixin.py:109} INFO - [2022-05-05 23:10:38,425] {dagbag.py:500} INFO - Filling up the DagBag from /home/airflow/.local/lib/python3.7/site-packages/airflow/example_dags/example_short_circuit_operator.py
[2022-05-05 23:10:38,456] {processor.py:654} INFO - DAG(s) dict_keys(['example_short_circuit_operator']) retrieved from /home/airflow/.local/lib/python3.7/site-packages/airflow/example_dags/example_short_circuit_operator.py
[2022-05-05 23:10:38,469] {logging_mixin.py:109} INFO - [2022-05-05 23:10:38,469] {dag.py:2398} INFO - Sync 1 DAGs
[2022-05-05 23:10:38,486] {logging_mixin.py:109} INFO - [2022-05-05 23:10:38,486] {dag.py:2937} INFO - Setting next_dagrun for example_short_circuit_operator to 2022-05-04T23:10:38.486294+00:00
[2022-05-05 23:10:38,499] {processor.py:171} INFO - Processing /home/airflow/.local/lib/python3.7/site-packages/airflow/example_dags/example_short_circuit_operator.py took 0.078 seconds
[2022-05-05 23:11:08,553] {processor.py:163} INFO - Started process (PID=845) to work on /home/airflow/.local/lib/python3.7/site-packages/airflow/example_dags/example_short_circuit_operator.py
[2022-05-05 23:11:08,554] {processor.py:642} INFO - Processing file /home/airflow/.local/lib/python3.7/site-packages/airflow/example_dags/example_short_circuit_operator.py for tasks to queue
[2022-05-05 23:11:08,556] {logging_mixin.py:109} INFO - [2022-05-05 23:11:08,555] {dagbag.py:500} INFO - Filling up the DagBag from /home/airflow/.local/lib/python3.7/site-packages/airflow/example_dags/example_short_circuit_operator.py
[2022-05-05 23:11:08,609] {processor.py:654} INFO - DAG(s) dict_keys(['example_short_circuit_operator']) retrieved from /home/airflow/.local/lib/python3.7/site-packages/airflow/example_dags/example_short_circuit_operator.py
[2022-05-05 23:11:08,630] {logging_mixin.py:109} INFO - [2022-05-05 23:11:08,629] {dag.py:2398} INFO - Sync 1 DAGs
[2022-05-05 23:11:08,663] {logging_mixin.py:109} INFO - [2022-05-05 23:11:08,663] {dag.py:2937} INFO - Setting next_dagrun for example_short_circuit_operator to 2022-05-04T23:11:08.663314+00:00
[2022-05-05 23:11:08,682] {processor.py:171} INFO - Processing /home/airflow/.local/lib/python3.7/site-packages/airflow/example_dags/example_short_circuit_operator.py took 0.133 seconds
[2022-05-05 23:11:38,822] {processor.py:163} INFO - Started process (PID=897) to work on /home/airflow/.local/lib/python3.7/site-packages/airflow/example_dags/example_short_circuit_operator.py
[2022-05-05 23:11:38,824] {processor.py:642} INFO - Processing file /home/airflow/.local/lib/python3.7/site-packages/airflow/example_dags/example_short_circuit_operator.py for tasks to queue
[2022-05-05 23:11:38,825] {logging_mixin.py:109} INFO - [2022-05-05 23:11:38,825] {dagbag.py:500} INFO - Filling up the DagBag from /home/airflow/.local/lib/python3.7/site-packages/airflow/example_dags/example_short_circuit_operator.py
[2022-05-05 23:11:38,860] {processor.py:654} INFO - DAG(s) dict_keys(['example_short_circuit_operator']) retrieved from /home/airflow/.local/lib/python3.7/site-packages/airflow/example_dags/example_short_circuit_operator.py
[2022-05-05 23:11:38,872] {logging_mixin.py:109} INFO - [2022-05-05 23:11:38,872] {dag.py:2398} INFO - Sync 1 DAGs
[2022-05-05 23:11:38,890] {logging_mixin.py:109} INFO - [2022-05-05 23:11:38,890] {dag.py:2937} INFO - Setting next_dagrun for example_short_circuit_operator to 2022-05-04T23:11:38.890618+00:00
[2022-05-05 23:11:38,906] {processor.py:171} INFO - Processing /home/airflow/.local/lib/python3.7/site-packages/airflow/example_dags/example_short_circuit_operator.py took 0.085 seconds
[2022-05-05 23:12:09,153] {processor.py:163} INFO - Started process (PID=957) to work on /home/airflow/.local/lib/python3.7/site-packages/airflow/example_dags/example_short_circuit_operator.py
[2022-05-05 23:12:09,156] {processor.py:642} INFO - Processing file /home/airflow/.local/lib/python3.7/site-packages/airflow/example_dags/example_short_circuit_operator.py for tasks to queue
[2022-05-05 23:12:09,157] {logging_mixin.py:109} INFO - [2022-05-05 23:12:09,157] {dagbag.py:500} INFO - Filling up the DagBag from /home/airflow/.local/lib/python3.7/site-packages/airflow/example_dags/example_short_circuit_operator.py
[2022-05-05 23:12:09,220] {processor.py:654} INFO - DAG(s) dict_keys(['example_short_circuit_operator']) retrieved from /home/airflow/.local/lib/python3.7/site-packages/airflow/example_dags/example_short_circuit_operator.py
[2022-05-05 23:12:09,238] {logging_mixin.py:109} INFO - [2022-05-05 23:12:09,237] {dag.py:2398} INFO - Sync 1 DAGs
[2022-05-05 23:12:09,265] {logging_mixin.py:109} INFO - [2022-05-05 23:12:09,265] {dag.py:2937} INFO - Setting next_dagrun for example_short_circuit_operator to 2022-05-04T23:12:09.265280+00:00
[2022-05-05 23:12:09,281] {processor.py:171} INFO - Processing /home/airflow/.local/lib/python3.7/site-packages/airflow/example_dags/example_short_circuit_operator.py took 0.131 seconds
[2022-05-05 23:38:25,009] {processor.py:163} INFO - Started process (PID=45) to work on /home/airflow/.local/lib/python3.7/site-packages/airflow/example_dags/example_short_circuit_operator.py
[2022-05-05 23:38:25,011] {processor.py:642} INFO - Processing file /home/airflow/.local/lib/python3.7/site-packages/airflow/example_dags/example_short_circuit_operator.py for tasks to queue
[2022-05-05 23:38:25,012] {logging_mixin.py:109} INFO - [2022-05-05 23:38:25,012] {dagbag.py:500} INFO - Filling up the DagBag from /home/airflow/.local/lib/python3.7/site-packages/airflow/example_dags/example_short_circuit_operator.py
[2022-05-05 23:38:25,059] {processor.py:654} INFO - DAG(s) dict_keys(['example_short_circuit_operator']) retrieved from /home/airflow/.local/lib/python3.7/site-packages/airflow/example_dags/example_short_circuit_operator.py
[2022-05-05 23:38:25,075] {logging_mixin.py:109} INFO - [2022-05-05 23:38:25,075] {dag.py:2398} INFO - Sync 1 DAGs
[2022-05-05 23:38:25,099] {logging_mixin.py:109} INFO - [2022-05-05 23:38:25,098] {dag.py:2937} INFO - Setting next_dagrun for example_short_circuit_operator to 2022-05-04T23:38:25.098605+00:00
[2022-05-05 23:38:25,113] {processor.py:171} INFO - Processing /home/airflow/.local/lib/python3.7/site-packages/airflow/example_dags/example_short_circuit_operator.py took 0.107 seconds
[2022-05-05 23:38:55,178] {processor.py:163} INFO - Started process (PID=98) to work on /home/airflow/.local/lib/python3.7/site-packages/airflow/example_dags/example_short_circuit_operator.py
[2022-05-05 23:38:55,179] {processor.py:642} INFO - Processing file /home/airflow/.local/lib/python3.7/site-packages/airflow/example_dags/example_short_circuit_operator.py for tasks to queue
[2022-05-05 23:38:55,179] {logging_mixin.py:109} INFO - [2022-05-05 23:38:55,179] {dagbag.py:500} INFO - Filling up the DagBag from /home/airflow/.local/lib/python3.7/site-packages/airflow/example_dags/example_short_circuit_operator.py
[2022-05-05 23:38:55,216] {processor.py:654} INFO - DAG(s) dict_keys(['example_short_circuit_operator']) retrieved from /home/airflow/.local/lib/python3.7/site-packages/airflow/example_dags/example_short_circuit_operator.py
[2022-05-05 23:38:55,226] {logging_mixin.py:109} INFO - [2022-05-05 23:38:55,225] {dag.py:2398} INFO - Sync 1 DAGs
[2022-05-05 23:38:55,244] {logging_mixin.py:109} INFO - [2022-05-05 23:38:55,244] {dag.py:2937} INFO - Setting next_dagrun for example_short_circuit_operator to 2022-05-04T23:38:55.243838+00:00
[2022-05-05 23:38:55,259] {processor.py:171} INFO - Processing /home/airflow/.local/lib/python3.7/site-packages/airflow/example_dags/example_short_circuit_operator.py took 0.084 seconds
[2022-05-05 23:39:25,348] {processor.py:163} INFO - Started process (PID=150) to work on /home/airflow/.local/lib/python3.7/site-packages/airflow/example_dags/example_short_circuit_operator.py
[2022-05-05 23:39:25,350] {processor.py:642} INFO - Processing file /home/airflow/.local/lib/python3.7/site-packages/airflow/example_dags/example_short_circuit_operator.py for tasks to queue
[2022-05-05 23:39:25,351] {logging_mixin.py:109} INFO - [2022-05-05 23:39:25,350] {dagbag.py:500} INFO - Filling up the DagBag from /home/airflow/.local/lib/python3.7/site-packages/airflow/example_dags/example_short_circuit_operator.py
[2022-05-05 23:39:25,385] {processor.py:654} INFO - DAG(s) dict_keys(['example_short_circuit_operator']) retrieved from /home/airflow/.local/lib/python3.7/site-packages/airflow/example_dags/example_short_circuit_operator.py
[2022-05-05 23:39:25,397] {logging_mixin.py:109} INFO - [2022-05-05 23:39:25,397] {dag.py:2398} INFO - Sync 1 DAGs
[2022-05-05 23:39:25,414] {logging_mixin.py:109} INFO - [2022-05-05 23:39:25,414] {dag.py:2937} INFO - Setting next_dagrun for example_short_circuit_operator to 2022-05-04T23:39:25.413508+00:00
[2022-05-05 23:39:25,426] {processor.py:171} INFO - Processing /home/airflow/.local/lib/python3.7/site-packages/airflow/example_dags/example_short_circuit_operator.py took 0.080 seconds
[2022-05-05 23:39:55,687] {processor.py:163} INFO - Started process (PID=202) to work on /home/airflow/.local/lib/python3.7/site-packages/airflow/example_dags/example_short_circuit_operator.py
[2022-05-05 23:39:55,688] {processor.py:642} INFO - Processing file /home/airflow/.local/lib/python3.7/site-packages/airflow/example_dags/example_short_circuit_operator.py for tasks to queue
[2022-05-05 23:39:55,689] {logging_mixin.py:109} INFO - [2022-05-05 23:39:55,689] {dagbag.py:500} INFO - Filling up the DagBag from /home/airflow/.local/lib/python3.7/site-packages/airflow/example_dags/example_short_circuit_operator.py
[2022-05-05 23:39:55,777] {processor.py:654} INFO - DAG(s) dict_keys(['example_short_circuit_operator']) retrieved from /home/airflow/.local/lib/python3.7/site-packages/airflow/example_dags/example_short_circuit_operator.py
[2022-05-05 23:39:55,803] {logging_mixin.py:109} INFO - [2022-05-05 23:39:55,803] {dag.py:2398} INFO - Sync 1 DAGs
[2022-05-05 23:39:55,834] {logging_mixin.py:109} INFO - [2022-05-05 23:39:55,833] {dag.py:2937} INFO - Setting next_dagrun for example_short_circuit_operator to 2022-05-04T23:39:55.833500+00:00
[2022-05-05 23:39:55,851] {processor.py:171} INFO - Processing /home/airflow/.local/lib/python3.7/site-packages/airflow/example_dags/example_short_circuit_operator.py took 0.168 seconds
[2022-05-05 23:40:26,095] {processor.py:163} INFO - Started process (PID=264) to work on /home/airflow/.local/lib/python3.7/site-packages/airflow/example_dags/example_short_circuit_operator.py
[2022-05-05 23:40:26,104] {processor.py:642} INFO - Processing file /home/airflow/.local/lib/python3.7/site-packages/airflow/example_dags/example_short_circuit_operator.py for tasks to queue
[2022-05-05 23:40:26,106] {logging_mixin.py:109} INFO - [2022-05-05 23:40:26,105] {dagbag.py:500} INFO - Filling up the DagBag from /home/airflow/.local/lib/python3.7/site-packages/airflow/example_dags/example_short_circuit_operator.py
[2022-05-05 23:40:26,159] {processor.py:654} INFO - DAG(s) dict_keys(['example_short_circuit_operator']) retrieved from /home/airflow/.local/lib/python3.7/site-packages/airflow/example_dags/example_short_circuit_operator.py
[2022-05-05 23:40:26,176] {logging_mixin.py:109} INFO - [2022-05-05 23:40:26,175] {dag.py:2398} INFO - Sync 1 DAGs
[2022-05-05 23:40:26,198] {logging_mixin.py:109} INFO - [2022-05-05 23:40:26,198] {dag.py:2937} INFO - Setting next_dagrun for example_short_circuit_operator to 2022-05-04T23:40:26.198445+00:00
[2022-05-05 23:40:26,214] {processor.py:171} INFO - Processing /home/airflow/.local/lib/python3.7/site-packages/airflow/example_dags/example_short_circuit_operator.py took 0.125 seconds
[2022-05-05 23:40:56,259] {processor.py:163} INFO - Started process (PID=332) to work on /home/airflow/.local/lib/python3.7/site-packages/airflow/example_dags/example_short_circuit_operator.py
[2022-05-05 23:40:56,260] {processor.py:642} INFO - Processing file /home/airflow/.local/lib/python3.7/site-packages/airflow/example_dags/example_short_circuit_operator.py for tasks to queue
[2022-05-05 23:40:56,260] {logging_mixin.py:109} INFO - [2022-05-05 23:40:56,260] {dagbag.py:500} INFO - Filling up the DagBag from /home/airflow/.local/lib/python3.7/site-packages/airflow/example_dags/example_short_circuit_operator.py
[2022-05-05 23:40:56,293] {processor.py:654} INFO - DAG(s) dict_keys(['example_short_circuit_operator']) retrieved from /home/airflow/.local/lib/python3.7/site-packages/airflow/example_dags/example_short_circuit_operator.py
[2022-05-05 23:40:56,307] {logging_mixin.py:109} INFO - [2022-05-05 23:40:56,307] {dag.py:2398} INFO - Sync 1 DAGs
[2022-05-05 23:40:56,324] {logging_mixin.py:109} INFO - [2022-05-05 23:40:56,324] {dag.py:2937} INFO - Setting next_dagrun for example_short_circuit_operator to 2022-05-04T23:40:56.324272+00:00
[2022-05-05 23:40:56,338] {processor.py:171} INFO - Processing /home/airflow/.local/lib/python3.7/site-packages/airflow/example_dags/example_short_circuit_operator.py took 0.081 seconds
[2022-05-05 23:41:26,458] {processor.py:163} INFO - Started process (PID=402) to work on /home/airflow/.local/lib/python3.7/site-packages/airflow/example_dags/example_short_circuit_operator.py
[2022-05-05 23:41:26,460] {processor.py:642} INFO - Processing file /home/airflow/.local/lib/python3.7/site-packages/airflow/example_dags/example_short_circuit_operator.py for tasks to queue
[2022-05-05 23:41:26,461] {logging_mixin.py:109} INFO - [2022-05-05 23:41:26,461] {dagbag.py:500} INFO - Filling up the DagBag from /home/airflow/.local/lib/python3.7/site-packages/airflow/example_dags/example_short_circuit_operator.py
[2022-05-05 23:41:26,498] {processor.py:654} INFO - DAG(s) dict_keys(['example_short_circuit_operator']) retrieved from /home/airflow/.local/lib/python3.7/site-packages/airflow/example_dags/example_short_circuit_operator.py
[2022-05-05 23:41:26,521] {logging_mixin.py:109} INFO - [2022-05-05 23:41:26,521] {dag.py:2398} INFO - Sync 1 DAGs
[2022-05-05 23:41:26,551] {logging_mixin.py:109} INFO - [2022-05-05 23:41:26,551] {dag.py:2937} INFO - Setting next_dagrun for example_short_circuit_operator to 2022-05-04T23:41:26.550271+00:00
[2022-05-05 23:41:26,578] {processor.py:171} INFO - Processing /home/airflow/.local/lib/python3.7/site-packages/airflow/example_dags/example_short_circuit_operator.py took 0.123 seconds
[2022-05-05 23:41:56,951] {processor.py:163} INFO - Started process (PID=455) to work on /home/airflow/.local/lib/python3.7/site-packages/airflow/example_dags/example_short_circuit_operator.py
[2022-05-05 23:41:56,952] {processor.py:642} INFO - Processing file /home/airflow/.local/lib/python3.7/site-packages/airflow/example_dags/example_short_circuit_operator.py for tasks to queue
[2022-05-05 23:41:56,952] {logging_mixin.py:109} INFO - [2022-05-05 23:41:56,952] {dagbag.py:500} INFO - Filling up the DagBag from /home/airflow/.local/lib/python3.7/site-packages/airflow/example_dags/example_short_circuit_operator.py
[2022-05-05 23:41:56,986] {processor.py:654} INFO - DAG(s) dict_keys(['example_short_circuit_operator']) retrieved from /home/airflow/.local/lib/python3.7/site-packages/airflow/example_dags/example_short_circuit_operator.py
[2022-05-05 23:41:56,998] {logging_mixin.py:109} INFO - [2022-05-05 23:41:56,998] {dag.py:2398} INFO - Sync 1 DAGs
[2022-05-05 23:41:57,015] {logging_mixin.py:109} INFO - [2022-05-05 23:41:57,015] {dag.py:2937} INFO - Setting next_dagrun for example_short_circuit_operator to 2022-05-04T23:41:57.014824+00:00
[2022-05-05 23:41:57,028] {processor.py:171} INFO - Processing /home/airflow/.local/lib/python3.7/site-packages/airflow/example_dags/example_short_circuit_operator.py took 0.079 seconds
[2022-05-05 23:42:27,056] {processor.py:163} INFO - Started process (PID=516) to work on /home/airflow/.local/lib/python3.7/site-packages/airflow/example_dags/example_short_circuit_operator.py
[2022-05-05 23:42:27,060] {processor.py:642} INFO - Processing file /home/airflow/.local/lib/python3.7/site-packages/airflow/example_dags/example_short_circuit_operator.py for tasks to queue
[2022-05-05 23:42:27,061] {logging_mixin.py:109} INFO - [2022-05-05 23:42:27,061] {dagbag.py:500} INFO - Filling up the DagBag from /home/airflow/.local/lib/python3.7/site-packages/airflow/example_dags/example_short_circuit_operator.py
[2022-05-05 23:42:27,087] {processor.py:654} INFO - DAG(s) dict_keys(['example_short_circuit_operator']) retrieved from /home/airflow/.local/lib/python3.7/site-packages/airflow/example_dags/example_short_circuit_operator.py
[2022-05-05 23:42:27,098] {logging_mixin.py:109} INFO - [2022-05-05 23:42:27,098] {dag.py:2398} INFO - Sync 1 DAGs
[2022-05-05 23:42:27,116] {logging_mixin.py:109} INFO - [2022-05-05 23:42:27,116] {dag.py:2937} INFO - Setting next_dagrun for example_short_circuit_operator to 2022-05-04T23:42:27.116483+00:00
[2022-05-05 23:42:27,130] {processor.py:171} INFO - Processing /home/airflow/.local/lib/python3.7/site-packages/airflow/example_dags/example_short_circuit_operator.py took 0.076 seconds
