[2022-05-05 23:08:06,921] {processor.py:163} INFO - Started process (PID=154) to work on /home/airflow/.local/lib/python3.7/site-packages/airflow/example_dags/example_task_group.py
[2022-05-05 23:08:06,921] {processor.py:642} INFO - Processing file /home/airflow/.local/lib/python3.7/site-packages/airflow/example_dags/example_task_group.py for tasks to queue
[2022-05-05 23:08:06,922] {logging_mixin.py:109} INFO - [2022-05-05 23:08:06,922] {dagbag.py:500} INFO - Filling up the DagBag from /home/airflow/.local/lib/python3.7/site-packages/airflow/example_dags/example_task_group.py
[2022-05-05 23:08:06,956] {processor.py:654} INFO - DAG(s) dict_keys(['example_task_group']) retrieved from /home/airflow/.local/lib/python3.7/site-packages/airflow/example_dags/example_task_group.py
[2022-05-05 23:08:08,442] {logging_mixin.py:109} INFO - [2022-05-05 23:08:08,441] {opentelemetry_tracing.py:29} INFO - This service is instrumented using OpenTelemetry. OpenTelemetry could not be imported; please add opentelemetry-api and opentelemetry-instrumentation packages in order to get BigQuery Tracing data.
[2022-05-05 23:08:08,954] {logging_mixin.py:109} INFO - [2022-05-05 23:08:08,954] {manager.py:496} INFO - Created Permission View: can edit on DAG:example_task_group
[2022-05-05 23:08:08,968] {logging_mixin.py:109} INFO - [2022-05-05 23:08:08,968] {manager.py:496} INFO - Created Permission View: can read on DAG:example_task_group
[2022-05-05 23:08:08,969] {logging_mixin.py:109} INFO - [2022-05-05 23:08:08,968] {dag.py:2398} INFO - Sync 1 DAGs
[2022-05-05 23:08:08,979] {logging_mixin.py:109} INFO - [2022-05-05 23:08:08,978] {dag.py:2417} INFO - Creating ORM DAG for example_task_group
[2022-05-05 23:08:08,990] {logging_mixin.py:109} INFO - [2022-05-05 23:08:08,990] {dag.py:2937} INFO - Setting next_dagrun for example_task_group to 2022-05-04T23:08:08.990066+00:00
[2022-05-05 23:08:09,006] {processor.py:171} INFO - Processing /home/airflow/.local/lib/python3.7/site-packages/airflow/example_dags/example_task_group.py took 2.088 seconds
[2022-05-05 23:08:39,240] {processor.py:163} INFO - Started process (PID=589) to work on /home/airflow/.local/lib/python3.7/site-packages/airflow/example_dags/example_task_group.py
[2022-05-05 23:08:39,252] {processor.py:642} INFO - Processing file /home/airflow/.local/lib/python3.7/site-packages/airflow/example_dags/example_task_group.py for tasks to queue
[2022-05-05 23:08:39,252] {logging_mixin.py:109} INFO - [2022-05-05 23:08:39,252] {dagbag.py:500} INFO - Filling up the DagBag from /home/airflow/.local/lib/python3.7/site-packages/airflow/example_dags/example_task_group.py
[2022-05-05 23:08:39,289] {processor.py:654} INFO - DAG(s) dict_keys(['example_task_group']) retrieved from /home/airflow/.local/lib/python3.7/site-packages/airflow/example_dags/example_task_group.py
[2022-05-05 23:08:39,306] {logging_mixin.py:109} INFO - [2022-05-05 23:08:39,305] {dag.py:2398} INFO - Sync 1 DAGs
[2022-05-05 23:08:39,325] {logging_mixin.py:109} INFO - [2022-05-05 23:08:39,325] {dag.py:2937} INFO - Setting next_dagrun for example_task_group to 2022-05-04T23:08:39.325149+00:00
[2022-05-05 23:08:39,336] {processor.py:171} INFO - Processing /home/airflow/.local/lib/python3.7/site-packages/airflow/example_dags/example_task_group.py took 0.101 seconds
[2022-05-05 23:09:10,169] {processor.py:163} INFO - Started process (PID=640) to work on /home/airflow/.local/lib/python3.7/site-packages/airflow/example_dags/example_task_group.py
[2022-05-05 23:09:10,171] {processor.py:642} INFO - Processing file /home/airflow/.local/lib/python3.7/site-packages/airflow/example_dags/example_task_group.py for tasks to queue
[2022-05-05 23:09:10,172] {logging_mixin.py:109} INFO - [2022-05-05 23:09:10,172] {dagbag.py:500} INFO - Filling up the DagBag from /home/airflow/.local/lib/python3.7/site-packages/airflow/example_dags/example_task_group.py
[2022-05-05 23:09:10,203] {processor.py:654} INFO - DAG(s) dict_keys(['example_task_group']) retrieved from /home/airflow/.local/lib/python3.7/site-packages/airflow/example_dags/example_task_group.py
[2022-05-05 23:09:10,214] {logging_mixin.py:109} INFO - [2022-05-05 23:09:10,213] {dag.py:2398} INFO - Sync 1 DAGs
[2022-05-05 23:09:10,230] {logging_mixin.py:109} INFO - [2022-05-05 23:09:10,229] {dag.py:2937} INFO - Setting next_dagrun for example_task_group to 2022-05-04T23:09:10.229746+00:00
[2022-05-05 23:09:10,241] {processor.py:171} INFO - Processing /home/airflow/.local/lib/python3.7/site-packages/airflow/example_dags/example_task_group.py took 0.074 seconds
[2022-05-05 23:09:40,732] {processor.py:163} INFO - Started process (PID=699) to work on /home/airflow/.local/lib/python3.7/site-packages/airflow/example_dags/example_task_group.py
[2022-05-05 23:09:40,739] {processor.py:642} INFO - Processing file /home/airflow/.local/lib/python3.7/site-packages/airflow/example_dags/example_task_group.py for tasks to queue
[2022-05-05 23:09:40,739] {logging_mixin.py:109} INFO - [2022-05-05 23:09:40,739] {dagbag.py:500} INFO - Filling up the DagBag from /home/airflow/.local/lib/python3.7/site-packages/airflow/example_dags/example_task_group.py
[2022-05-05 23:09:40,778] {processor.py:654} INFO - DAG(s) dict_keys(['example_task_group']) retrieved from /home/airflow/.local/lib/python3.7/site-packages/airflow/example_dags/example_task_group.py
[2022-05-05 23:09:40,792] {logging_mixin.py:109} INFO - [2022-05-05 23:09:40,791] {dag.py:2398} INFO - Sync 1 DAGs
[2022-05-05 23:09:40,813] {logging_mixin.py:109} INFO - [2022-05-05 23:09:40,812] {dag.py:2937} INFO - Setting next_dagrun for example_task_group to 2022-05-04T23:09:40.812674+00:00
[2022-05-05 23:09:40,826] {processor.py:171} INFO - Processing /home/airflow/.local/lib/python3.7/site-packages/airflow/example_dags/example_task_group.py took 0.097 seconds
[2022-05-05 23:10:10,975] {processor.py:163} INFO - Started process (PID=750) to work on /home/airflow/.local/lib/python3.7/site-packages/airflow/example_dags/example_task_group.py
[2022-05-05 23:10:10,977] {processor.py:642} INFO - Processing file /home/airflow/.local/lib/python3.7/site-packages/airflow/example_dags/example_task_group.py for tasks to queue
[2022-05-05 23:10:10,978] {logging_mixin.py:109} INFO - [2022-05-05 23:10:10,978] {dagbag.py:500} INFO - Filling up the DagBag from /home/airflow/.local/lib/python3.7/site-packages/airflow/example_dags/example_task_group.py
[2022-05-05 23:10:11,014] {processor.py:654} INFO - DAG(s) dict_keys(['example_task_group']) retrieved from /home/airflow/.local/lib/python3.7/site-packages/airflow/example_dags/example_task_group.py
[2022-05-05 23:10:11,026] {logging_mixin.py:109} INFO - [2022-05-05 23:10:11,026] {dag.py:2398} INFO - Sync 1 DAGs
[2022-05-05 23:10:11,045] {logging_mixin.py:109} INFO - [2022-05-05 23:10:11,045] {dag.py:2937} INFO - Setting next_dagrun for example_task_group to 2022-05-04T23:10:11.044795+00:00
[2022-05-05 23:10:11,058] {processor.py:171} INFO - Processing /home/airflow/.local/lib/python3.7/site-packages/airflow/example_dags/example_task_group.py took 0.086 seconds
[2022-05-05 23:10:41,923] {processor.py:163} INFO - Started process (PID=801) to work on /home/airflow/.local/lib/python3.7/site-packages/airflow/example_dags/example_task_group.py
[2022-05-05 23:10:41,924] {processor.py:642} INFO - Processing file /home/airflow/.local/lib/python3.7/site-packages/airflow/example_dags/example_task_group.py for tasks to queue
[2022-05-05 23:10:41,924] {logging_mixin.py:109} INFO - [2022-05-05 23:10:41,924] {dagbag.py:500} INFO - Filling up the DagBag from /home/airflow/.local/lib/python3.7/site-packages/airflow/example_dags/example_task_group.py
[2022-05-05 23:10:41,957] {processor.py:654} INFO - DAG(s) dict_keys(['example_task_group']) retrieved from /home/airflow/.local/lib/python3.7/site-packages/airflow/example_dags/example_task_group.py
[2022-05-05 23:10:41,970] {logging_mixin.py:109} INFO - [2022-05-05 23:10:41,970] {dag.py:2398} INFO - Sync 1 DAGs
[2022-05-05 23:10:41,989] {logging_mixin.py:109} INFO - [2022-05-05 23:10:41,989] {dag.py:2937} INFO - Setting next_dagrun for example_task_group to 2022-05-04T23:10:41.989618+00:00
[2022-05-05 23:10:42,001] {processor.py:171} INFO - Processing /home/airflow/.local/lib/python3.7/site-packages/airflow/example_dags/example_task_group.py took 0.080 seconds
[2022-05-05 23:11:13,146] {processor.py:163} INFO - Started process (PID=851) to work on /home/airflow/.local/lib/python3.7/site-packages/airflow/example_dags/example_task_group.py
[2022-05-05 23:11:13,148] {processor.py:642} INFO - Processing file /home/airflow/.local/lib/python3.7/site-packages/airflow/example_dags/example_task_group.py for tasks to queue
[2022-05-05 23:11:13,149] {logging_mixin.py:109} INFO - [2022-05-05 23:11:13,149] {dagbag.py:500} INFO - Filling up the DagBag from /home/airflow/.local/lib/python3.7/site-packages/airflow/example_dags/example_task_group.py
[2022-05-05 23:11:13,205] {processor.py:654} INFO - DAG(s) dict_keys(['example_task_group']) retrieved from /home/airflow/.local/lib/python3.7/site-packages/airflow/example_dags/example_task_group.py
[2022-05-05 23:11:13,228] {logging_mixin.py:109} INFO - [2022-05-05 23:11:13,228] {dag.py:2398} INFO - Sync 1 DAGs
[2022-05-05 23:11:13,254] {logging_mixin.py:109} INFO - [2022-05-05 23:11:13,254] {dag.py:2937} INFO - Setting next_dagrun for example_task_group to 2022-05-04T23:11:13.253869+00:00
[2022-05-05 23:11:13,270] {processor.py:171} INFO - Processing /home/airflow/.local/lib/python3.7/site-packages/airflow/example_dags/example_task_group.py took 0.127 seconds
[2022-05-05 23:11:44,380] {processor.py:163} INFO - Started process (PID=911) to work on /home/airflow/.local/lib/python3.7/site-packages/airflow/example_dags/example_task_group.py
[2022-05-05 23:11:44,382] {processor.py:642} INFO - Processing file /home/airflow/.local/lib/python3.7/site-packages/airflow/example_dags/example_task_group.py for tasks to queue
[2022-05-05 23:11:44,383] {logging_mixin.py:109} INFO - [2022-05-05 23:11:44,383] {dagbag.py:500} INFO - Filling up the DagBag from /home/airflow/.local/lib/python3.7/site-packages/airflow/example_dags/example_task_group.py
[2022-05-05 23:11:44,436] {processor.py:654} INFO - DAG(s) dict_keys(['example_task_group']) retrieved from /home/airflow/.local/lib/python3.7/site-packages/airflow/example_dags/example_task_group.py
[2022-05-05 23:11:44,463] {logging_mixin.py:109} INFO - [2022-05-05 23:11:44,462] {dag.py:2398} INFO - Sync 1 DAGs
[2022-05-05 23:11:44,490] {logging_mixin.py:109} INFO - [2022-05-05 23:11:44,489] {dag.py:2937} INFO - Setting next_dagrun for example_task_group to 2022-05-04T23:11:44.489416+00:00
[2022-05-05 23:11:44,507] {processor.py:171} INFO - Processing /home/airflow/.local/lib/python3.7/site-packages/airflow/example_dags/example_task_group.py took 0.131 seconds
[2022-05-05 23:38:25,505] {processor.py:163} INFO - Started process (PID=50) to work on /home/airflow/.local/lib/python3.7/site-packages/airflow/example_dags/example_task_group.py
[2022-05-05 23:38:25,507] {processor.py:642} INFO - Processing file /home/airflow/.local/lib/python3.7/site-packages/airflow/example_dags/example_task_group.py for tasks to queue
[2022-05-05 23:38:25,508] {logging_mixin.py:109} INFO - [2022-05-05 23:38:25,508] {dagbag.py:500} INFO - Filling up the DagBag from /home/airflow/.local/lib/python3.7/site-packages/airflow/example_dags/example_task_group.py
[2022-05-05 23:38:25,553] {processor.py:654} INFO - DAG(s) dict_keys(['example_task_group']) retrieved from /home/airflow/.local/lib/python3.7/site-packages/airflow/example_dags/example_task_group.py
[2022-05-05 23:38:25,571] {logging_mixin.py:109} INFO - [2022-05-05 23:38:25,571] {dag.py:2398} INFO - Sync 1 DAGs
[2022-05-05 23:38:25,596] {logging_mixin.py:109} INFO - [2022-05-05 23:38:25,595] {dag.py:2937} INFO - Setting next_dagrun for example_task_group to 2022-05-04T23:38:25.595588+00:00
[2022-05-05 23:38:25,611] {processor.py:171} INFO - Processing /home/airflow/.local/lib/python3.7/site-packages/airflow/example_dags/example_task_group.py took 0.109 seconds
[2022-05-05 23:38:56,633] {processor.py:163} INFO - Started process (PID=103) to work on /home/airflow/.local/lib/python3.7/site-packages/airflow/example_dags/example_task_group.py
[2022-05-05 23:38:56,634] {processor.py:642} INFO - Processing file /home/airflow/.local/lib/python3.7/site-packages/airflow/example_dags/example_task_group.py for tasks to queue
[2022-05-05 23:38:56,634] {logging_mixin.py:109} INFO - [2022-05-05 23:38:56,634] {dagbag.py:500} INFO - Filling up the DagBag from /home/airflow/.local/lib/python3.7/site-packages/airflow/example_dags/example_task_group.py
[2022-05-05 23:38:56,664] {processor.py:654} INFO - DAG(s) dict_keys(['example_task_group']) retrieved from /home/airflow/.local/lib/python3.7/site-packages/airflow/example_dags/example_task_group.py
[2022-05-05 23:38:56,678] {logging_mixin.py:109} INFO - [2022-05-05 23:38:56,678] {dag.py:2398} INFO - Sync 1 DAGs
[2022-05-05 23:38:56,696] {logging_mixin.py:109} INFO - [2022-05-05 23:38:56,695] {dag.py:2937} INFO - Setting next_dagrun for example_task_group to 2022-05-04T23:38:56.695650+00:00
[2022-05-05 23:38:56,707] {processor.py:171} INFO - Processing /home/airflow/.local/lib/python3.7/site-packages/airflow/example_dags/example_task_group.py took 0.077 seconds
[2022-05-05 23:39:27,908] {processor.py:163} INFO - Started process (PID=155) to work on /home/airflow/.local/lib/python3.7/site-packages/airflow/example_dags/example_task_group.py
[2022-05-05 23:39:27,909] {processor.py:642} INFO - Processing file /home/airflow/.local/lib/python3.7/site-packages/airflow/example_dags/example_task_group.py for tasks to queue
[2022-05-05 23:39:27,910] {logging_mixin.py:109} INFO - [2022-05-05 23:39:27,910] {dagbag.py:500} INFO - Filling up the DagBag from /home/airflow/.local/lib/python3.7/site-packages/airflow/example_dags/example_task_group.py
[2022-05-05 23:39:27,942] {processor.py:654} INFO - DAG(s) dict_keys(['example_task_group']) retrieved from /home/airflow/.local/lib/python3.7/site-packages/airflow/example_dags/example_task_group.py
[2022-05-05 23:39:27,958] {logging_mixin.py:109} INFO - [2022-05-05 23:39:27,958] {dag.py:2398} INFO - Sync 1 DAGs
[2022-05-05 23:39:27,978] {logging_mixin.py:109} INFO - [2022-05-05 23:39:27,978] {dag.py:2937} INFO - Setting next_dagrun for example_task_group to 2022-05-04T23:39:27.978357+00:00
[2022-05-05 23:39:28,002] {processor.py:171} INFO - Processing /home/airflow/.local/lib/python3.7/site-packages/airflow/example_dags/example_task_group.py took 0.096 seconds
[2022-05-05 23:39:58,351] {processor.py:163} INFO - Started process (PID=215) to work on /home/airflow/.local/lib/python3.7/site-packages/airflow/example_dags/example_task_group.py
[2022-05-05 23:39:58,352] {processor.py:642} INFO - Processing file /home/airflow/.local/lib/python3.7/site-packages/airflow/example_dags/example_task_group.py for tasks to queue
[2022-05-05 23:39:58,353] {logging_mixin.py:109} INFO - [2022-05-05 23:39:58,353] {dagbag.py:500} INFO - Filling up the DagBag from /home/airflow/.local/lib/python3.7/site-packages/airflow/example_dags/example_task_group.py
[2022-05-05 23:39:58,383] {processor.py:654} INFO - DAG(s) dict_keys(['example_task_group']) retrieved from /home/airflow/.local/lib/python3.7/site-packages/airflow/example_dags/example_task_group.py
[2022-05-05 23:39:58,394] {logging_mixin.py:109} INFO - [2022-05-05 23:39:58,394] {dag.py:2398} INFO - Sync 1 DAGs
[2022-05-05 23:39:58,410] {logging_mixin.py:109} INFO - [2022-05-05 23:39:58,410] {dag.py:2937} INFO - Setting next_dagrun for example_task_group to 2022-05-04T23:39:58.410391+00:00
[2022-05-05 23:39:58,436] {processor.py:171} INFO - Processing /home/airflow/.local/lib/python3.7/site-packages/airflow/example_dags/example_task_group.py took 0.087 seconds
[2022-05-05 23:40:29,612] {processor.py:163} INFO - Started process (PID=269) to work on /home/airflow/.local/lib/python3.7/site-packages/airflow/example_dags/example_task_group.py
[2022-05-05 23:40:29,613] {processor.py:642} INFO - Processing file /home/airflow/.local/lib/python3.7/site-packages/airflow/example_dags/example_task_group.py for tasks to queue
[2022-05-05 23:40:29,613] {logging_mixin.py:109} INFO - [2022-05-05 23:40:29,613] {dagbag.py:500} INFO - Filling up the DagBag from /home/airflow/.local/lib/python3.7/site-packages/airflow/example_dags/example_task_group.py
[2022-05-05 23:40:29,655] {processor.py:654} INFO - DAG(s) dict_keys(['example_task_group']) retrieved from /home/airflow/.local/lib/python3.7/site-packages/airflow/example_dags/example_task_group.py
[2022-05-05 23:40:29,672] {logging_mixin.py:109} INFO - [2022-05-05 23:40:29,672] {dag.py:2398} INFO - Sync 1 DAGs
[2022-05-05 23:40:29,697] {logging_mixin.py:109} INFO - [2022-05-05 23:40:29,697] {dag.py:2937} INFO - Setting next_dagrun for example_task_group to 2022-05-04T23:40:29.697212+00:00
[2022-05-05 23:40:29,713] {processor.py:171} INFO - Processing /home/airflow/.local/lib/python3.7/site-packages/airflow/example_dags/example_task_group.py took 0.104 seconds
[2022-05-05 23:41:00,784] {processor.py:163} INFO - Started process (PID=337) to work on /home/airflow/.local/lib/python3.7/site-packages/airflow/example_dags/example_task_group.py
[2022-05-05 23:41:00,786] {processor.py:642} INFO - Processing file /home/airflow/.local/lib/python3.7/site-packages/airflow/example_dags/example_task_group.py for tasks to queue
[2022-05-05 23:41:00,786] {logging_mixin.py:109} INFO - [2022-05-05 23:41:00,786] {dagbag.py:500} INFO - Filling up the DagBag from /home/airflow/.local/lib/python3.7/site-packages/airflow/example_dags/example_task_group.py
[2022-05-05 23:41:00,826] {processor.py:654} INFO - DAG(s) dict_keys(['example_task_group']) retrieved from /home/airflow/.local/lib/python3.7/site-packages/airflow/example_dags/example_task_group.py
[2022-05-05 23:41:00,839] {logging_mixin.py:109} INFO - [2022-05-05 23:41:00,839] {dag.py:2398} INFO - Sync 1 DAGs
[2022-05-05 23:41:00,859] {logging_mixin.py:109} INFO - [2022-05-05 23:41:00,859] {dag.py:2937} INFO - Setting next_dagrun for example_task_group to 2022-05-04T23:41:00.858851+00:00
[2022-05-05 23:41:00,872] {processor.py:171} INFO - Processing /home/airflow/.local/lib/python3.7/site-packages/airflow/example_dags/example_task_group.py took 0.089 seconds
[2022-05-05 23:41:31,961] {processor.py:163} INFO - Started process (PID=407) to work on /home/airflow/.local/lib/python3.7/site-packages/airflow/example_dags/example_task_group.py
[2022-05-05 23:41:31,962] {processor.py:642} INFO - Processing file /home/airflow/.local/lib/python3.7/site-packages/airflow/example_dags/example_task_group.py for tasks to queue
[2022-05-05 23:41:31,962] {logging_mixin.py:109} INFO - [2022-05-05 23:41:31,962] {dagbag.py:500} INFO - Filling up the DagBag from /home/airflow/.local/lib/python3.7/site-packages/airflow/example_dags/example_task_group.py
[2022-05-05 23:41:31,987] {processor.py:654} INFO - DAG(s) dict_keys(['example_task_group']) retrieved from /home/airflow/.local/lib/python3.7/site-packages/airflow/example_dags/example_task_group.py
[2022-05-05 23:41:32,005] {logging_mixin.py:109} INFO - [2022-05-05 23:41:32,005] {dag.py:2398} INFO - Sync 1 DAGs
[2022-05-05 23:41:32,022] {logging_mixin.py:109} INFO - [2022-05-05 23:41:32,022] {dag.py:2937} INFO - Setting next_dagrun for example_task_group to 2022-05-04T23:41:32.022057+00:00
[2022-05-05 23:41:32,034] {processor.py:171} INFO - Processing /home/airflow/.local/lib/python3.7/site-packages/airflow/example_dags/example_task_group.py took 0.075 seconds
[2022-05-05 23:42:02,506] {processor.py:163} INFO - Started process (PID=470) to work on /home/airflow/.local/lib/python3.7/site-packages/airflow/example_dags/example_task_group.py
[2022-05-05 23:42:02,507] {processor.py:642} INFO - Processing file /home/airflow/.local/lib/python3.7/site-packages/airflow/example_dags/example_task_group.py for tasks to queue
[2022-05-05 23:42:02,508] {logging_mixin.py:109} INFO - [2022-05-05 23:42:02,508] {dagbag.py:500} INFO - Filling up the DagBag from /home/airflow/.local/lib/python3.7/site-packages/airflow/example_dags/example_task_group.py
[2022-05-05 23:42:02,534] {processor.py:654} INFO - DAG(s) dict_keys(['example_task_group']) retrieved from /home/airflow/.local/lib/python3.7/site-packages/airflow/example_dags/example_task_group.py
[2022-05-05 23:42:02,548] {logging_mixin.py:109} INFO - [2022-05-05 23:42:02,548] {dag.py:2398} INFO - Sync 1 DAGs
[2022-05-05 23:42:02,565] {logging_mixin.py:109} INFO - [2022-05-05 23:42:02,565] {dag.py:2937} INFO - Setting next_dagrun for example_task_group to 2022-05-04T23:42:02.565214+00:00
[2022-05-05 23:42:02,577] {processor.py:171} INFO - Processing /home/airflow/.local/lib/python3.7/site-packages/airflow/example_dags/example_task_group.py took 0.073 seconds
[2022-05-05 23:42:33,625] {processor.py:163} INFO - Started process (PID=521) to work on /home/airflow/.local/lib/python3.7/site-packages/airflow/example_dags/example_task_group.py
[2022-05-05 23:42:33,627] {processor.py:642} INFO - Processing file /home/airflow/.local/lib/python3.7/site-packages/airflow/example_dags/example_task_group.py for tasks to queue
[2022-05-05 23:42:33,627] {logging_mixin.py:109} INFO - [2022-05-05 23:42:33,627] {dagbag.py:500} INFO - Filling up the DagBag from /home/airflow/.local/lib/python3.7/site-packages/airflow/example_dags/example_task_group.py
[2022-05-05 23:42:33,667] {processor.py:654} INFO - DAG(s) dict_keys(['example_task_group']) retrieved from /home/airflow/.local/lib/python3.7/site-packages/airflow/example_dags/example_task_group.py
[2022-05-05 23:42:33,693] {logging_mixin.py:109} INFO - [2022-05-05 23:42:33,692] {dag.py:2398} INFO - Sync 1 DAGs
[2022-05-05 23:42:33,730] {logging_mixin.py:109} INFO - [2022-05-05 23:42:33,730] {dag.py:2937} INFO - Setting next_dagrun for example_task_group to 2022-05-04T23:42:33.730242+00:00
[2022-05-05 23:42:33,746] {processor.py:171} INFO - Processing /home/airflow/.local/lib/python3.7/site-packages/airflow/example_dags/example_task_group.py took 0.123 seconds
