[2022-05-05 23:08:22,295] {processor.py:163} INFO - Started process (PID=384) to work on /home/airflow/.local/lib/python3.7/site-packages/airflow/example_dags/example_time_delta_sensor_async.py
[2022-05-05 23:08:22,296] {processor.py:642} INFO - Processing file /home/airflow/.local/lib/python3.7/site-packages/airflow/example_dags/example_time_delta_sensor_async.py for tasks to queue
[2022-05-05 23:08:22,296] {logging_mixin.py:109} INFO - [2022-05-05 23:08:22,296] {dagbag.py:500} INFO - Filling up the DagBag from /home/airflow/.local/lib/python3.7/site-packages/airflow/example_dags/example_time_delta_sensor_async.py
[2022-05-05 23:08:22,333] {processor.py:654} INFO - DAG(s) dict_keys(['example_time_delta_sensor_async']) retrieved from /home/airflow/.local/lib/python3.7/site-packages/airflow/example_dags/example_time_delta_sensor_async.py
[2022-05-05 23:08:24,165] {logging_mixin.py:109} INFO - [2022-05-05 23:08:24,165] {opentelemetry_tracing.py:29} INFO - This service is instrumented using OpenTelemetry. OpenTelemetry could not be imported; please add opentelemetry-api and opentelemetry-instrumentation packages in order to get BigQuery Tracing data.
[2022-05-05 23:08:24,815] {logging_mixin.py:109} INFO - [2022-05-05 23:08:24,815] {manager.py:496} INFO - Created Permission View: can edit on DAG:example_time_delta_sensor_async
[2022-05-05 23:08:24,828] {logging_mixin.py:109} INFO - [2022-05-05 23:08:24,828] {manager.py:496} INFO - Created Permission View: can read on DAG:example_time_delta_sensor_async
[2022-05-05 23:08:24,829] {logging_mixin.py:109} INFO - [2022-05-05 23:08:24,828] {dag.py:2398} INFO - Sync 1 DAGs
[2022-05-05 23:08:24,841] {logging_mixin.py:109} INFO - [2022-05-05 23:08:24,840] {dag.py:2417} INFO - Creating ORM DAG for example_time_delta_sensor_async
[2022-05-05 23:08:24,852] {logging_mixin.py:109} INFO - [2022-05-05 23:08:24,852] {dag.py:2937} INFO - Setting next_dagrun for example_time_delta_sensor_async to None
[2022-05-05 23:08:24,884] {processor.py:171} INFO - Processing /home/airflow/.local/lib/python3.7/site-packages/airflow/example_dags/example_time_delta_sensor_async.py took 2.591 seconds
[2022-05-05 23:08:54,961] {processor.py:163} INFO - Started process (PID=611) to work on /home/airflow/.local/lib/python3.7/site-packages/airflow/example_dags/example_time_delta_sensor_async.py
[2022-05-05 23:08:54,968] {processor.py:642} INFO - Processing file /home/airflow/.local/lib/python3.7/site-packages/airflow/example_dags/example_time_delta_sensor_async.py for tasks to queue
[2022-05-05 23:08:54,969] {logging_mixin.py:109} INFO - [2022-05-05 23:08:54,968] {dagbag.py:500} INFO - Filling up the DagBag from /home/airflow/.local/lib/python3.7/site-packages/airflow/example_dags/example_time_delta_sensor_async.py
[2022-05-05 23:08:55,003] {processor.py:654} INFO - DAG(s) dict_keys(['example_time_delta_sensor_async']) retrieved from /home/airflow/.local/lib/python3.7/site-packages/airflow/example_dags/example_time_delta_sensor_async.py
[2022-05-05 23:08:55,014] {logging_mixin.py:109} INFO - [2022-05-05 23:08:55,014] {dag.py:2398} INFO - Sync 1 DAGs
[2022-05-05 23:08:55,033] {logging_mixin.py:109} INFO - [2022-05-05 23:08:55,033] {dag.py:2937} INFO - Setting next_dagrun for example_time_delta_sensor_async to None
[2022-05-05 23:08:55,046] {processor.py:171} INFO - Processing /home/airflow/.local/lib/python3.7/site-packages/airflow/example_dags/example_time_delta_sensor_async.py took 0.087 seconds
[2022-05-05 23:09:25,111] {processor.py:163} INFO - Started process (PID=662) to work on /home/airflow/.local/lib/python3.7/site-packages/airflow/example_dags/example_time_delta_sensor_async.py
[2022-05-05 23:09:25,112] {processor.py:642} INFO - Processing file /home/airflow/.local/lib/python3.7/site-packages/airflow/example_dags/example_time_delta_sensor_async.py for tasks to queue
[2022-05-05 23:09:25,113] {logging_mixin.py:109} INFO - [2022-05-05 23:09:25,113] {dagbag.py:500} INFO - Filling up the DagBag from /home/airflow/.local/lib/python3.7/site-packages/airflow/example_dags/example_time_delta_sensor_async.py
[2022-05-05 23:09:25,157] {processor.py:654} INFO - DAG(s) dict_keys(['example_time_delta_sensor_async']) retrieved from /home/airflow/.local/lib/python3.7/site-packages/airflow/example_dags/example_time_delta_sensor_async.py
[2022-05-05 23:09:25,169] {logging_mixin.py:109} INFO - [2022-05-05 23:09:25,169] {dag.py:2398} INFO - Sync 1 DAGs
[2022-05-05 23:09:25,191] {logging_mixin.py:109} INFO - [2022-05-05 23:09:25,191] {dag.py:2937} INFO - Setting next_dagrun for example_time_delta_sensor_async to None
[2022-05-05 23:09:25,206] {processor.py:171} INFO - Processing /home/airflow/.local/lib/python3.7/site-packages/airflow/example_dags/example_time_delta_sensor_async.py took 0.097 seconds
[2022-05-05 23:09:55,451] {processor.py:163} INFO - Started process (PID=722) to work on /home/airflow/.local/lib/python3.7/site-packages/airflow/example_dags/example_time_delta_sensor_async.py
[2022-05-05 23:09:55,452] {processor.py:642} INFO - Processing file /home/airflow/.local/lib/python3.7/site-packages/airflow/example_dags/example_time_delta_sensor_async.py for tasks to queue
[2022-05-05 23:09:55,453] {logging_mixin.py:109} INFO - [2022-05-05 23:09:55,453] {dagbag.py:500} INFO - Filling up the DagBag from /home/airflow/.local/lib/python3.7/site-packages/airflow/example_dags/example_time_delta_sensor_async.py
[2022-05-05 23:09:55,488] {processor.py:654} INFO - DAG(s) dict_keys(['example_time_delta_sensor_async']) retrieved from /home/airflow/.local/lib/python3.7/site-packages/airflow/example_dags/example_time_delta_sensor_async.py
[2022-05-05 23:09:55,500] {logging_mixin.py:109} INFO - [2022-05-05 23:09:55,500] {dag.py:2398} INFO - Sync 1 DAGs
[2022-05-05 23:09:55,521] {logging_mixin.py:109} INFO - [2022-05-05 23:09:55,521] {dag.py:2937} INFO - Setting next_dagrun for example_time_delta_sensor_async to None
[2022-05-05 23:09:55,534] {processor.py:171} INFO - Processing /home/airflow/.local/lib/python3.7/site-packages/airflow/example_dags/example_time_delta_sensor_async.py took 0.086 seconds
[2022-05-05 23:10:25,713] {processor.py:163} INFO - Started process (PID=773) to work on /home/airflow/.local/lib/python3.7/site-packages/airflow/example_dags/example_time_delta_sensor_async.py
[2022-05-05 23:10:25,718] {processor.py:642} INFO - Processing file /home/airflow/.local/lib/python3.7/site-packages/airflow/example_dags/example_time_delta_sensor_async.py for tasks to queue
[2022-05-05 23:10:25,719] {logging_mixin.py:109} INFO - [2022-05-05 23:10:25,718] {dagbag.py:500} INFO - Filling up the DagBag from /home/airflow/.local/lib/python3.7/site-packages/airflow/example_dags/example_time_delta_sensor_async.py
[2022-05-05 23:10:25,766] {processor.py:654} INFO - DAG(s) dict_keys(['example_time_delta_sensor_async']) retrieved from /home/airflow/.local/lib/python3.7/site-packages/airflow/example_dags/example_time_delta_sensor_async.py
[2022-05-05 23:10:25,779] {logging_mixin.py:109} INFO - [2022-05-05 23:10:25,779] {dag.py:2398} INFO - Sync 1 DAGs
[2022-05-05 23:10:25,802] {logging_mixin.py:109} INFO - [2022-05-05 23:10:25,802] {dag.py:2937} INFO - Setting next_dagrun for example_time_delta_sensor_async to None
[2022-05-05 23:10:25,816] {processor.py:171} INFO - Processing /home/airflow/.local/lib/python3.7/site-packages/airflow/example_dags/example_time_delta_sensor_async.py took 0.109 seconds
[2022-05-05 23:10:55,987] {processor.py:163} INFO - Started process (PID=824) to work on /home/airflow/.local/lib/python3.7/site-packages/airflow/example_dags/example_time_delta_sensor_async.py
[2022-05-05 23:10:55,988] {processor.py:642} INFO - Processing file /home/airflow/.local/lib/python3.7/site-packages/airflow/example_dags/example_time_delta_sensor_async.py for tasks to queue
[2022-05-05 23:10:55,989] {logging_mixin.py:109} INFO - [2022-05-05 23:10:55,989] {dagbag.py:500} INFO - Filling up the DagBag from /home/airflow/.local/lib/python3.7/site-packages/airflow/example_dags/example_time_delta_sensor_async.py
[2022-05-05 23:10:56,026] {processor.py:654} INFO - DAG(s) dict_keys(['example_time_delta_sensor_async']) retrieved from /home/airflow/.local/lib/python3.7/site-packages/airflow/example_dags/example_time_delta_sensor_async.py
[2022-05-05 23:10:56,039] {logging_mixin.py:109} INFO - [2022-05-05 23:10:56,039] {dag.py:2398} INFO - Sync 1 DAGs
[2022-05-05 23:10:56,057] {logging_mixin.py:109} INFO - [2022-05-05 23:10:56,057] {dag.py:2937} INFO - Setting next_dagrun for example_time_delta_sensor_async to None
[2022-05-05 23:10:56,072] {processor.py:171} INFO - Processing /home/airflow/.local/lib/python3.7/site-packages/airflow/example_dags/example_time_delta_sensor_async.py took 0.087 seconds
[2022-05-05 23:11:26,108] {processor.py:163} INFO - Started process (PID=874) to work on /home/airflow/.local/lib/python3.7/site-packages/airflow/example_dags/example_time_delta_sensor_async.py
[2022-05-05 23:11:26,110] {processor.py:642} INFO - Processing file /home/airflow/.local/lib/python3.7/site-packages/airflow/example_dags/example_time_delta_sensor_async.py for tasks to queue
[2022-05-05 23:11:26,111] {logging_mixin.py:109} INFO - [2022-05-05 23:11:26,111] {dagbag.py:500} INFO - Filling up the DagBag from /home/airflow/.local/lib/python3.7/site-packages/airflow/example_dags/example_time_delta_sensor_async.py
[2022-05-05 23:11:26,152] {processor.py:654} INFO - DAG(s) dict_keys(['example_time_delta_sensor_async']) retrieved from /home/airflow/.local/lib/python3.7/site-packages/airflow/example_dags/example_time_delta_sensor_async.py
[2022-05-05 23:11:26,166] {logging_mixin.py:109} INFO - [2022-05-05 23:11:26,166] {dag.py:2398} INFO - Sync 1 DAGs
[2022-05-05 23:11:26,190] {logging_mixin.py:109} INFO - [2022-05-05 23:11:26,190] {dag.py:2937} INFO - Setting next_dagrun for example_time_delta_sensor_async to None
[2022-05-05 23:11:26,202] {processor.py:171} INFO - Processing /home/airflow/.local/lib/python3.7/site-packages/airflow/example_dags/example_time_delta_sensor_async.py took 0.098 seconds
[2022-05-05 23:11:56,342] {processor.py:163} INFO - Started process (PID=933) to work on /home/airflow/.local/lib/python3.7/site-packages/airflow/example_dags/example_time_delta_sensor_async.py
[2022-05-05 23:11:56,343] {processor.py:642} INFO - Processing file /home/airflow/.local/lib/python3.7/site-packages/airflow/example_dags/example_time_delta_sensor_async.py for tasks to queue
[2022-05-05 23:11:56,344] {logging_mixin.py:109} INFO - [2022-05-05 23:11:56,344] {dagbag.py:500} INFO - Filling up the DagBag from /home/airflow/.local/lib/python3.7/site-packages/airflow/example_dags/example_time_delta_sensor_async.py
[2022-05-05 23:11:56,393] {processor.py:654} INFO - DAG(s) dict_keys(['example_time_delta_sensor_async']) retrieved from /home/airflow/.local/lib/python3.7/site-packages/airflow/example_dags/example_time_delta_sensor_async.py
[2022-05-05 23:11:56,415] {logging_mixin.py:109} INFO - [2022-05-05 23:11:56,414] {dag.py:2398} INFO - Sync 1 DAGs
[2022-05-05 23:11:56,449] {logging_mixin.py:109} INFO - [2022-05-05 23:11:56,449] {dag.py:2937} INFO - Setting next_dagrun for example_time_delta_sensor_async to None
[2022-05-05 23:11:56,466] {processor.py:171} INFO - Processing /home/airflow/.local/lib/python3.7/site-packages/airflow/example_dags/example_time_delta_sensor_async.py took 0.129 seconds
[2022-05-05 23:38:26,770] {processor.py:163} INFO - Started process (PID=63) to work on /home/airflow/.local/lib/python3.7/site-packages/airflow/example_dags/example_time_delta_sensor_async.py
[2022-05-05 23:38:26,772] {processor.py:642} INFO - Processing file /home/airflow/.local/lib/python3.7/site-packages/airflow/example_dags/example_time_delta_sensor_async.py for tasks to queue
[2022-05-05 23:38:26,773] {logging_mixin.py:109} INFO - [2022-05-05 23:38:26,773] {dagbag.py:500} INFO - Filling up the DagBag from /home/airflow/.local/lib/python3.7/site-packages/airflow/example_dags/example_time_delta_sensor_async.py
[2022-05-05 23:38:26,831] {processor.py:654} INFO - DAG(s) dict_keys(['example_time_delta_sensor_async']) retrieved from /home/airflow/.local/lib/python3.7/site-packages/airflow/example_dags/example_time_delta_sensor_async.py
[2022-05-05 23:38:26,854] {logging_mixin.py:109} INFO - [2022-05-05 23:38:26,854] {dag.py:2398} INFO - Sync 1 DAGs
[2022-05-05 23:38:26,896] {logging_mixin.py:109} INFO - [2022-05-05 23:38:26,896] {dag.py:2937} INFO - Setting next_dagrun for example_time_delta_sensor_async to None
[2022-05-05 23:38:26,962] {processor.py:171} INFO - Processing /home/airflow/.local/lib/python3.7/site-packages/airflow/example_dags/example_time_delta_sensor_async.py took 0.197 seconds
[2022-05-05 23:38:57,424] {processor.py:163} INFO - Started process (PID=116) to work on /home/airflow/.local/lib/python3.7/site-packages/airflow/example_dags/example_time_delta_sensor_async.py
[2022-05-05 23:38:57,425] {processor.py:642} INFO - Processing file /home/airflow/.local/lib/python3.7/site-packages/airflow/example_dags/example_time_delta_sensor_async.py for tasks to queue
[2022-05-05 23:38:57,426] {logging_mixin.py:109} INFO - [2022-05-05 23:38:57,425] {dagbag.py:500} INFO - Filling up the DagBag from /home/airflow/.local/lib/python3.7/site-packages/airflow/example_dags/example_time_delta_sensor_async.py
[2022-05-05 23:38:57,454] {processor.py:654} INFO - DAG(s) dict_keys(['example_time_delta_sensor_async']) retrieved from /home/airflow/.local/lib/python3.7/site-packages/airflow/example_dags/example_time_delta_sensor_async.py
[2022-05-05 23:38:57,463] {logging_mixin.py:109} INFO - [2022-05-05 23:38:57,463] {dag.py:2398} INFO - Sync 1 DAGs
[2022-05-05 23:38:57,478] {logging_mixin.py:109} INFO - [2022-05-05 23:38:57,478] {dag.py:2937} INFO - Setting next_dagrun for example_time_delta_sensor_async to None
[2022-05-05 23:38:57,490] {processor.py:171} INFO - Processing /home/airflow/.local/lib/python3.7/site-packages/airflow/example_dags/example_time_delta_sensor_async.py took 0.068 seconds
[2022-05-05 23:39:28,831] {processor.py:163} INFO - Started process (PID=168) to work on /home/airflow/.local/lib/python3.7/site-packages/airflow/example_dags/example_time_delta_sensor_async.py
[2022-05-05 23:39:28,833] {processor.py:642} INFO - Processing file /home/airflow/.local/lib/python3.7/site-packages/airflow/example_dags/example_time_delta_sensor_async.py for tasks to queue
[2022-05-05 23:39:28,833] {logging_mixin.py:109} INFO - [2022-05-05 23:39:28,833] {dagbag.py:500} INFO - Filling up the DagBag from /home/airflow/.local/lib/python3.7/site-packages/airflow/example_dags/example_time_delta_sensor_async.py
[2022-05-05 23:39:28,866] {processor.py:654} INFO - DAG(s) dict_keys(['example_time_delta_sensor_async']) retrieved from /home/airflow/.local/lib/python3.7/site-packages/airflow/example_dags/example_time_delta_sensor_async.py
[2022-05-05 23:39:28,876] {logging_mixin.py:109} INFO - [2022-05-05 23:39:28,876] {dag.py:2398} INFO - Sync 1 DAGs
[2022-05-05 23:39:28,892] {logging_mixin.py:109} INFO - [2022-05-05 23:39:28,892] {dag.py:2937} INFO - Setting next_dagrun for example_time_delta_sensor_async to None
[2022-05-05 23:39:28,913] {processor.py:171} INFO - Processing /home/airflow/.local/lib/python3.7/site-packages/airflow/example_dags/example_time_delta_sensor_async.py took 0.084 seconds
[2022-05-05 23:39:59,313] {processor.py:163} INFO - Started process (PID=230) to work on /home/airflow/.local/lib/python3.7/site-packages/airflow/example_dags/example_time_delta_sensor_async.py
[2022-05-05 23:39:59,314] {processor.py:642} INFO - Processing file /home/airflow/.local/lib/python3.7/site-packages/airflow/example_dags/example_time_delta_sensor_async.py for tasks to queue
[2022-05-05 23:39:59,314] {logging_mixin.py:109} INFO - [2022-05-05 23:39:59,314] {dagbag.py:500} INFO - Filling up the DagBag from /home/airflow/.local/lib/python3.7/site-packages/airflow/example_dags/example_time_delta_sensor_async.py
[2022-05-05 23:39:59,349] {processor.py:654} INFO - DAG(s) dict_keys(['example_time_delta_sensor_async']) retrieved from /home/airflow/.local/lib/python3.7/site-packages/airflow/example_dags/example_time_delta_sensor_async.py
[2022-05-05 23:39:59,365] {logging_mixin.py:109} INFO - [2022-05-05 23:39:59,365] {dag.py:2398} INFO - Sync 1 DAGs
[2022-05-05 23:39:59,385] {logging_mixin.py:109} INFO - [2022-05-05 23:39:59,385] {dag.py:2937} INFO - Setting next_dagrun for example_time_delta_sensor_async to None
[2022-05-05 23:39:59,399] {processor.py:171} INFO - Processing /home/airflow/.local/lib/python3.7/site-packages/airflow/example_dags/example_time_delta_sensor_async.py took 0.089 seconds
[2022-05-05 23:40:30,400] {processor.py:163} INFO - Started process (PID=282) to work on /home/airflow/.local/lib/python3.7/site-packages/airflow/example_dags/example_time_delta_sensor_async.py
[2022-05-05 23:40:30,401] {processor.py:642} INFO - Processing file /home/airflow/.local/lib/python3.7/site-packages/airflow/example_dags/example_time_delta_sensor_async.py for tasks to queue
[2022-05-05 23:40:30,402] {logging_mixin.py:109} INFO - [2022-05-05 23:40:30,402] {dagbag.py:500} INFO - Filling up the DagBag from /home/airflow/.local/lib/python3.7/site-packages/airflow/example_dags/example_time_delta_sensor_async.py
[2022-05-05 23:40:30,429] {processor.py:654} INFO - DAG(s) dict_keys(['example_time_delta_sensor_async']) retrieved from /home/airflow/.local/lib/python3.7/site-packages/airflow/example_dags/example_time_delta_sensor_async.py
[2022-05-05 23:40:30,439] {logging_mixin.py:109} INFO - [2022-05-05 23:40:30,439] {dag.py:2398} INFO - Sync 1 DAGs
[2022-05-05 23:40:30,454] {logging_mixin.py:109} INFO - [2022-05-05 23:40:30,454] {dag.py:2937} INFO - Setting next_dagrun for example_time_delta_sensor_async to None
[2022-05-05 23:40:30,467] {processor.py:171} INFO - Processing /home/airflow/.local/lib/python3.7/site-packages/airflow/example_dags/example_time_delta_sensor_async.py took 0.069 seconds
[2022-05-05 23:41:01,533] {processor.py:163} INFO - Started process (PID=350) to work on /home/airflow/.local/lib/python3.7/site-packages/airflow/example_dags/example_time_delta_sensor_async.py
[2022-05-05 23:41:01,533] {processor.py:642} INFO - Processing file /home/airflow/.local/lib/python3.7/site-packages/airflow/example_dags/example_time_delta_sensor_async.py for tasks to queue
[2022-05-05 23:41:01,534] {logging_mixin.py:109} INFO - [2022-05-05 23:41:01,534] {dagbag.py:500} INFO - Filling up the DagBag from /home/airflow/.local/lib/python3.7/site-packages/airflow/example_dags/example_time_delta_sensor_async.py
[2022-05-05 23:41:01,563] {processor.py:654} INFO - DAG(s) dict_keys(['example_time_delta_sensor_async']) retrieved from /home/airflow/.local/lib/python3.7/site-packages/airflow/example_dags/example_time_delta_sensor_async.py
[2022-05-05 23:41:01,572] {logging_mixin.py:109} INFO - [2022-05-05 23:41:01,572] {dag.py:2398} INFO - Sync 1 DAGs
[2022-05-05 23:41:01,589] {logging_mixin.py:109} INFO - [2022-05-05 23:41:01,589] {dag.py:2937} INFO - Setting next_dagrun for example_time_delta_sensor_async to None
[2022-05-05 23:41:01,601] {processor.py:171} INFO - Processing /home/airflow/.local/lib/python3.7/site-packages/airflow/example_dags/example_time_delta_sensor_async.py took 0.070 seconds
[2022-05-05 23:41:32,743] {processor.py:163} INFO - Started process (PID=429) to work on /home/airflow/.local/lib/python3.7/site-packages/airflow/example_dags/example_time_delta_sensor_async.py
[2022-05-05 23:41:32,744] {processor.py:642} INFO - Processing file /home/airflow/.local/lib/python3.7/site-packages/airflow/example_dags/example_time_delta_sensor_async.py for tasks to queue
[2022-05-05 23:41:32,745] {logging_mixin.py:109} INFO - [2022-05-05 23:41:32,745] {dagbag.py:500} INFO - Filling up the DagBag from /home/airflow/.local/lib/python3.7/site-packages/airflow/example_dags/example_time_delta_sensor_async.py
[2022-05-05 23:41:32,775] {processor.py:654} INFO - DAG(s) dict_keys(['example_time_delta_sensor_async']) retrieved from /home/airflow/.local/lib/python3.7/site-packages/airflow/example_dags/example_time_delta_sensor_async.py
[2022-05-05 23:41:32,785] {logging_mixin.py:109} INFO - [2022-05-05 23:41:32,785] {dag.py:2398} INFO - Sync 1 DAGs
[2022-05-05 23:41:32,806] {logging_mixin.py:109} INFO - [2022-05-05 23:41:32,806] {dag.py:2937} INFO - Setting next_dagrun for example_time_delta_sensor_async to None
[2022-05-05 23:41:32,819] {processor.py:171} INFO - Processing /home/airflow/.local/lib/python3.7/site-packages/airflow/example_dags/example_time_delta_sensor_async.py took 0.078 seconds
[2022-05-05 23:42:03,203] {processor.py:163} INFO - Started process (PID=482) to work on /home/airflow/.local/lib/python3.7/site-packages/airflow/example_dags/example_time_delta_sensor_async.py
[2022-05-05 23:42:03,204] {processor.py:642} INFO - Processing file /home/airflow/.local/lib/python3.7/site-packages/airflow/example_dags/example_time_delta_sensor_async.py for tasks to queue
[2022-05-05 23:42:03,205] {logging_mixin.py:109} INFO - [2022-05-05 23:42:03,205] {dagbag.py:500} INFO - Filling up the DagBag from /home/airflow/.local/lib/python3.7/site-packages/airflow/example_dags/example_time_delta_sensor_async.py
[2022-05-05 23:42:03,239] {processor.py:654} INFO - DAG(s) dict_keys(['example_time_delta_sensor_async']) retrieved from /home/airflow/.local/lib/python3.7/site-packages/airflow/example_dags/example_time_delta_sensor_async.py
[2022-05-05 23:42:03,249] {logging_mixin.py:109} INFO - [2022-05-05 23:42:03,249] {dag.py:2398} INFO - Sync 1 DAGs
[2022-05-05 23:42:03,268] {logging_mixin.py:109} INFO - [2022-05-05 23:42:03,268] {dag.py:2937} INFO - Setting next_dagrun for example_time_delta_sensor_async to None
[2022-05-05 23:42:03,282] {processor.py:171} INFO - Processing /home/airflow/.local/lib/python3.7/site-packages/airflow/example_dags/example_time_delta_sensor_async.py took 0.081 seconds
[2022-05-05 23:42:34,403] {processor.py:163} INFO - Started process (PID=534) to work on /home/airflow/.local/lib/python3.7/site-packages/airflow/example_dags/example_time_delta_sensor_async.py
[2022-05-05 23:42:34,404] {processor.py:642} INFO - Processing file /home/airflow/.local/lib/python3.7/site-packages/airflow/example_dags/example_time_delta_sensor_async.py for tasks to queue
[2022-05-05 23:42:34,405] {logging_mixin.py:109} INFO - [2022-05-05 23:42:34,405] {dagbag.py:500} INFO - Filling up the DagBag from /home/airflow/.local/lib/python3.7/site-packages/airflow/example_dags/example_time_delta_sensor_async.py
[2022-05-05 23:42:34,431] {processor.py:654} INFO - DAG(s) dict_keys(['example_time_delta_sensor_async']) retrieved from /home/airflow/.local/lib/python3.7/site-packages/airflow/example_dags/example_time_delta_sensor_async.py
[2022-05-05 23:42:34,440] {logging_mixin.py:109} INFO - [2022-05-05 23:42:34,440] {dag.py:2398} INFO - Sync 1 DAGs
[2022-05-05 23:42:34,457] {logging_mixin.py:109} INFO - [2022-05-05 23:42:34,457] {dag.py:2937} INFO - Setting next_dagrun for example_time_delta_sensor_async to None
[2022-05-05 23:42:34,466] {processor.py:171} INFO - Processing /home/airflow/.local/lib/python3.7/site-packages/airflow/example_dags/example_time_delta_sensor_async.py took 0.065 seconds
