[2022-05-05 23:08:32,512] {processor.py:163} INFO - Started process (PID=529) to work on /home/airflow/.local/lib/python3.7/site-packages/airflow/example_dags/example_subdag_operator.py
[2022-05-05 23:08:32,513] {processor.py:642} INFO - Processing file /home/airflow/.local/lib/python3.7/site-packages/airflow/example_dags/example_subdag_operator.py for tasks to queue
[2022-05-05 23:08:32,514] {logging_mixin.py:109} INFO - [2022-05-05 23:08:32,514] {dagbag.py:500} INFO - Filling up the DagBag from /home/airflow/.local/lib/python3.7/site-packages/airflow/example_dags/example_subdag_operator.py
[2022-05-05 23:08:32,560] {processor.py:654} INFO - DAG(s) dict_keys(['example_subdag_operator.section-1', 'example_subdag_operator.section-2', 'example_subdag_operator']) retrieved from /home/airflow/.local/lib/python3.7/site-packages/airflow/example_dags/example_subdag_operator.py
[2022-05-05 23:08:34,593] {logging_mixin.py:109} INFO - [2022-05-05 23:08:34,593] {opentelemetry_tracing.py:29} INFO - This service is instrumented using OpenTelemetry. OpenTelemetry could not be imported; please add opentelemetry-api and opentelemetry-instrumentation packages in order to get BigQuery Tracing data.
[2022-05-05 23:08:35,277] {logging_mixin.py:109} INFO - [2022-05-05 23:08:35,277] {manager.py:496} INFO - Created Permission View: can edit on DAG:example_subdag_operator
[2022-05-05 23:08:35,304] {logging_mixin.py:109} INFO - [2022-05-05 23:08:35,304] {manager.py:496} INFO - Created Permission View: can read on DAG:example_subdag_operator
[2022-05-05 23:08:35,305] {logging_mixin.py:109} INFO - [2022-05-05 23:08:35,304] {dag.py:2398} INFO - Sync 3 DAGs
[2022-05-05 23:08:35,317] {logging_mixin.py:109} INFO - [2022-05-05 23:08:35,316] {dag.py:2417} INFO - Creating ORM DAG for example_subdag_operator.section-1
[2022-05-05 23:08:35,318] {logging_mixin.py:109} INFO - [2022-05-05 23:08:35,317] {dag.py:2417} INFO - Creating ORM DAG for example_subdag_operator.section-2
[2022-05-05 23:08:35,319] {logging_mixin.py:109} INFO - [2022-05-05 23:08:35,318] {dag.py:2417} INFO - Creating ORM DAG for example_subdag_operator
[2022-05-05 23:08:35,331] {logging_mixin.py:109} INFO - [2022-05-05 23:08:35,331] {dag.py:2937} INFO - Setting next_dagrun for example_subdag_operator to 2022-05-03T00:00:00+00:00
[2022-05-05 23:08:35,331] {logging_mixin.py:109} INFO - [2022-05-05 23:08:35,331] {dag.py:2937} INFO - Setting next_dagrun for example_subdag_operator.section-1 to None
[2022-05-05 23:08:35,332] {logging_mixin.py:109} INFO - [2022-05-05 23:08:35,332] {dag.py:2937} INFO - Setting next_dagrun for example_subdag_operator.section-2 to None
[2022-05-05 23:08:35,346] {logging_mixin.py:109} INFO - [2022-05-05 23:08:35,346] {dag.py:2398} INFO - Sync 2 DAGs
[2022-05-05 23:08:35,364] {logging_mixin.py:109} INFO - [2022-05-05 23:08:35,364] {dag.py:2937} INFO - Setting next_dagrun for example_subdag_operator.section-1 to None
[2022-05-05 23:08:35,364] {logging_mixin.py:109} INFO - [2022-05-05 23:08:35,364] {dag.py:2937} INFO - Setting next_dagrun for example_subdag_operator.section-2 to None
[2022-05-05 23:08:35,382] {processor.py:171} INFO - Processing /home/airflow/.local/lib/python3.7/site-packages/airflow/example_dags/example_subdag_operator.py took 2.873 seconds
[2022-05-05 23:09:06,272] {processor.py:163} INFO - Started process (PID=629) to work on /home/airflow/.local/lib/python3.7/site-packages/airflow/example_dags/example_subdag_operator.py
[2022-05-05 23:09:06,279] {processor.py:642} INFO - Processing file /home/airflow/.local/lib/python3.7/site-packages/airflow/example_dags/example_subdag_operator.py for tasks to queue
[2022-05-05 23:09:06,280] {logging_mixin.py:109} INFO - [2022-05-05 23:09:06,280] {dagbag.py:500} INFO - Filling up the DagBag from /home/airflow/.local/lib/python3.7/site-packages/airflow/example_dags/example_subdag_operator.py
[2022-05-05 23:09:06,325] {processor.py:654} INFO - DAG(s) dict_keys(['example_subdag_operator.section-1', 'example_subdag_operator.section-2', 'example_subdag_operator']) retrieved from /home/airflow/.local/lib/python3.7/site-packages/airflow/example_dags/example_subdag_operator.py
[2022-05-05 23:09:06,337] {logging_mixin.py:109} INFO - [2022-05-05 23:09:06,337] {dag.py:2398} INFO - Sync 3 DAGs
[2022-05-05 23:09:06,355] {logging_mixin.py:109} INFO - [2022-05-05 23:09:06,355] {dag.py:2937} INFO - Setting next_dagrun for example_subdag_operator to 2022-05-03T00:00:00+00:00
[2022-05-05 23:09:06,356] {logging_mixin.py:109} INFO - [2022-05-05 23:09:06,356] {dag.py:2937} INFO - Setting next_dagrun for example_subdag_operator.section-1 to None
[2022-05-05 23:09:06,356] {logging_mixin.py:109} INFO - [2022-05-05 23:09:06,356] {dag.py:2937} INFO - Setting next_dagrun for example_subdag_operator.section-2 to None
[2022-05-05 23:09:06,364] {logging_mixin.py:109} INFO - [2022-05-05 23:09:06,364] {dag.py:2398} INFO - Sync 2 DAGs
[2022-05-05 23:09:06,377] {logging_mixin.py:109} INFO - [2022-05-05 23:09:06,377] {dag.py:2937} INFO - Setting next_dagrun for example_subdag_operator.section-1 to None
[2022-05-05 23:09:06,377] {logging_mixin.py:109} INFO - [2022-05-05 23:09:06,377] {dag.py:2937} INFO - Setting next_dagrun for example_subdag_operator.section-2 to None
[2022-05-05 23:09:06,389] {processor.py:171} INFO - Processing /home/airflow/.local/lib/python3.7/site-packages/airflow/example_dags/example_subdag_operator.py took 0.120 seconds
[2022-05-05 23:09:36,597] {processor.py:163} INFO - Started process (PID=679) to work on /home/airflow/.local/lib/python3.7/site-packages/airflow/example_dags/example_subdag_operator.py
[2022-05-05 23:09:36,604] {processor.py:642} INFO - Processing file /home/airflow/.local/lib/python3.7/site-packages/airflow/example_dags/example_subdag_operator.py for tasks to queue
[2022-05-05 23:09:36,606] {logging_mixin.py:109} INFO - [2022-05-05 23:09:36,605] {dagbag.py:500} INFO - Filling up the DagBag from /home/airflow/.local/lib/python3.7/site-packages/airflow/example_dags/example_subdag_operator.py
[2022-05-05 23:09:36,646] {processor.py:654} INFO - DAG(s) dict_keys(['example_subdag_operator.section-1', 'example_subdag_operator.section-2', 'example_subdag_operator']) retrieved from /home/airflow/.local/lib/python3.7/site-packages/airflow/example_dags/example_subdag_operator.py
[2022-05-05 23:09:36,658] {logging_mixin.py:109} INFO - [2022-05-05 23:09:36,658] {dag.py:2398} INFO - Sync 3 DAGs
[2022-05-05 23:09:36,676] {logging_mixin.py:109} INFO - [2022-05-05 23:09:36,676] {dag.py:2937} INFO - Setting next_dagrun for example_subdag_operator to 2022-05-03T00:00:00+00:00
[2022-05-05 23:09:36,676] {logging_mixin.py:109} INFO - [2022-05-05 23:09:36,676] {dag.py:2937} INFO - Setting next_dagrun for example_subdag_operator.section-1 to None
[2022-05-05 23:09:36,677] {logging_mixin.py:109} INFO - [2022-05-05 23:09:36,676] {dag.py:2937} INFO - Setting next_dagrun for example_subdag_operator.section-2 to None
[2022-05-05 23:09:36,684] {logging_mixin.py:109} INFO - [2022-05-05 23:09:36,684] {dag.py:2398} INFO - Sync 2 DAGs
[2022-05-05 23:09:36,694] {logging_mixin.py:109} INFO - [2022-05-05 23:09:36,694] {dag.py:2937} INFO - Setting next_dagrun for example_subdag_operator.section-1 to None
[2022-05-05 23:09:36,694] {logging_mixin.py:109} INFO - [2022-05-05 23:09:36,694] {dag.py:2937} INFO - Setting next_dagrun for example_subdag_operator.section-2 to None
[2022-05-05 23:09:36,704] {processor.py:171} INFO - Processing /home/airflow/.local/lib/python3.7/site-packages/airflow/example_dags/example_subdag_operator.py took 0.109 seconds
[2022-05-05 23:10:06,934] {processor.py:163} INFO - Started process (PID=732) to work on /home/airflow/.local/lib/python3.7/site-packages/airflow/example_dags/example_subdag_operator.py
[2022-05-05 23:10:06,940] {processor.py:642} INFO - Processing file /home/airflow/.local/lib/python3.7/site-packages/airflow/example_dags/example_subdag_operator.py for tasks to queue
[2022-05-05 23:10:06,941] {logging_mixin.py:109} INFO - [2022-05-05 23:10:06,941] {dagbag.py:500} INFO - Filling up the DagBag from /home/airflow/.local/lib/python3.7/site-packages/airflow/example_dags/example_subdag_operator.py
[2022-05-05 23:10:07,005] {processor.py:654} INFO - DAG(s) dict_keys(['example_subdag_operator.section-1', 'example_subdag_operator.section-2', 'example_subdag_operator']) retrieved from /home/airflow/.local/lib/python3.7/site-packages/airflow/example_dags/example_subdag_operator.py
[2022-05-05 23:10:07,023] {logging_mixin.py:109} INFO - [2022-05-05 23:10:07,023] {dag.py:2398} INFO - Sync 3 DAGs
[2022-05-05 23:10:07,046] {logging_mixin.py:109} INFO - [2022-05-05 23:10:07,046] {dag.py:2937} INFO - Setting next_dagrun for example_subdag_operator to 2022-05-03T00:00:00+00:00
[2022-05-05 23:10:07,047] {logging_mixin.py:109} INFO - [2022-05-05 23:10:07,046] {dag.py:2937} INFO - Setting next_dagrun for example_subdag_operator.section-1 to None
[2022-05-05 23:10:07,047] {logging_mixin.py:109} INFO - [2022-05-05 23:10:07,047] {dag.py:2937} INFO - Setting next_dagrun for example_subdag_operator.section-2 to None
[2022-05-05 23:10:07,055] {logging_mixin.py:109} INFO - [2022-05-05 23:10:07,055] {dag.py:2398} INFO - Sync 2 DAGs
[2022-05-05 23:10:07,069] {logging_mixin.py:109} INFO - [2022-05-05 23:10:07,069] {dag.py:2937} INFO - Setting next_dagrun for example_subdag_operator.section-1 to None
[2022-05-05 23:10:07,070] {logging_mixin.py:109} INFO - [2022-05-05 23:10:07,069] {dag.py:2937} INFO - Setting next_dagrun for example_subdag_operator.section-2 to None
[2022-05-05 23:10:07,087] {processor.py:171} INFO - Processing /home/airflow/.local/lib/python3.7/site-packages/airflow/example_dags/example_subdag_operator.py took 0.157 seconds
[2022-05-05 23:10:37,162] {processor.py:163} INFO - Started process (PID=791) to work on /home/airflow/.local/lib/python3.7/site-packages/airflow/example_dags/example_subdag_operator.py
[2022-05-05 23:10:37,163] {processor.py:642} INFO - Processing file /home/airflow/.local/lib/python3.7/site-packages/airflow/example_dags/example_subdag_operator.py for tasks to queue
[2022-05-05 23:10:37,164] {logging_mixin.py:109} INFO - [2022-05-05 23:10:37,164] {dagbag.py:500} INFO - Filling up the DagBag from /home/airflow/.local/lib/python3.7/site-packages/airflow/example_dags/example_subdag_operator.py
[2022-05-05 23:10:37,212] {processor.py:654} INFO - DAG(s) dict_keys(['example_subdag_operator.section-1', 'example_subdag_operator.section-2', 'example_subdag_operator']) retrieved from /home/airflow/.local/lib/python3.7/site-packages/airflow/example_dags/example_subdag_operator.py
[2022-05-05 23:10:37,229] {logging_mixin.py:109} INFO - [2022-05-05 23:10:37,229] {dag.py:2398} INFO - Sync 3 DAGs
[2022-05-05 23:10:37,248] {logging_mixin.py:109} INFO - [2022-05-05 23:10:37,247] {dag.py:2937} INFO - Setting next_dagrun for example_subdag_operator to 2022-05-03T00:00:00+00:00
[2022-05-05 23:10:37,248] {logging_mixin.py:109} INFO - [2022-05-05 23:10:37,248] {dag.py:2937} INFO - Setting next_dagrun for example_subdag_operator.section-1 to None
[2022-05-05 23:10:37,249] {logging_mixin.py:109} INFO - [2022-05-05 23:10:37,249] {dag.py:2937} INFO - Setting next_dagrun for example_subdag_operator.section-2 to None
[2022-05-05 23:10:37,257] {logging_mixin.py:109} INFO - [2022-05-05 23:10:37,257] {dag.py:2398} INFO - Sync 2 DAGs
[2022-05-05 23:10:37,271] {logging_mixin.py:109} INFO - [2022-05-05 23:10:37,271] {dag.py:2937} INFO - Setting next_dagrun for example_subdag_operator.section-1 to None
[2022-05-05 23:10:37,271] {logging_mixin.py:109} INFO - [2022-05-05 23:10:37,271] {dag.py:2937} INFO - Setting next_dagrun for example_subdag_operator.section-2 to None
[2022-05-05 23:10:37,283] {processor.py:171} INFO - Processing /home/airflow/.local/lib/python3.7/site-packages/airflow/example_dags/example_subdag_operator.py took 0.123 seconds
[2022-05-05 23:11:07,333] {processor.py:163} INFO - Started process (PID=841) to work on /home/airflow/.local/lib/python3.7/site-packages/airflow/example_dags/example_subdag_operator.py
[2022-05-05 23:11:07,340] {processor.py:642} INFO - Processing file /home/airflow/.local/lib/python3.7/site-packages/airflow/example_dags/example_subdag_operator.py for tasks to queue
[2022-05-05 23:11:07,341] {logging_mixin.py:109} INFO - [2022-05-05 23:11:07,341] {dagbag.py:500} INFO - Filling up the DagBag from /home/airflow/.local/lib/python3.7/site-packages/airflow/example_dags/example_subdag_operator.py
[2022-05-05 23:11:07,374] {processor.py:654} INFO - DAG(s) dict_keys(['example_subdag_operator.section-1', 'example_subdag_operator.section-2', 'example_subdag_operator']) retrieved from /home/airflow/.local/lib/python3.7/site-packages/airflow/example_dags/example_subdag_operator.py
[2022-05-05 23:11:07,387] {logging_mixin.py:109} INFO - [2022-05-05 23:11:07,387] {dag.py:2398} INFO - Sync 3 DAGs
[2022-05-05 23:11:07,403] {logging_mixin.py:109} INFO - [2022-05-05 23:11:07,403] {dag.py:2937} INFO - Setting next_dagrun for example_subdag_operator to 2022-05-03T00:00:00+00:00
[2022-05-05 23:11:07,404] {logging_mixin.py:109} INFO - [2022-05-05 23:11:07,404] {dag.py:2937} INFO - Setting next_dagrun for example_subdag_operator.section-1 to None
[2022-05-05 23:11:07,404] {logging_mixin.py:109} INFO - [2022-05-05 23:11:07,404] {dag.py:2937} INFO - Setting next_dagrun for example_subdag_operator.section-2 to None
[2022-05-05 23:11:07,411] {logging_mixin.py:109} INFO - [2022-05-05 23:11:07,411] {dag.py:2398} INFO - Sync 2 DAGs
[2022-05-05 23:11:07,423] {logging_mixin.py:109} INFO - [2022-05-05 23:11:07,423] {dag.py:2937} INFO - Setting next_dagrun for example_subdag_operator.section-1 to None
[2022-05-05 23:11:07,424] {logging_mixin.py:109} INFO - [2022-05-05 23:11:07,424] {dag.py:2937} INFO - Setting next_dagrun for example_subdag_operator.section-2 to None
[2022-05-05 23:11:07,434] {processor.py:171} INFO - Processing /home/airflow/.local/lib/python3.7/site-packages/airflow/example_dags/example_subdag_operator.py took 0.104 seconds
[2022-05-05 23:11:37,572] {processor.py:163} INFO - Started process (PID=892) to work on /home/airflow/.local/lib/python3.7/site-packages/airflow/example_dags/example_subdag_operator.py
[2022-05-05 23:11:37,573] {processor.py:642} INFO - Processing file /home/airflow/.local/lib/python3.7/site-packages/airflow/example_dags/example_subdag_operator.py for tasks to queue
[2022-05-05 23:11:37,574] {logging_mixin.py:109} INFO - [2022-05-05 23:11:37,574] {dagbag.py:500} INFO - Filling up the DagBag from /home/airflow/.local/lib/python3.7/site-packages/airflow/example_dags/example_subdag_operator.py
[2022-05-05 23:11:37,617] {processor.py:654} INFO - DAG(s) dict_keys(['example_subdag_operator.section-1', 'example_subdag_operator.section-2', 'example_subdag_operator']) retrieved from /home/airflow/.local/lib/python3.7/site-packages/airflow/example_dags/example_subdag_operator.py
[2022-05-05 23:11:37,631] {logging_mixin.py:109} INFO - [2022-05-05 23:11:37,631] {dag.py:2398} INFO - Sync 3 DAGs
[2022-05-05 23:11:37,649] {logging_mixin.py:109} INFO - [2022-05-05 23:11:37,649] {dag.py:2937} INFO - Setting next_dagrun for example_subdag_operator to 2022-05-03T00:00:00+00:00
[2022-05-05 23:11:37,650] {logging_mixin.py:109} INFO - [2022-05-05 23:11:37,650] {dag.py:2937} INFO - Setting next_dagrun for example_subdag_operator.section-1 to None
[2022-05-05 23:11:37,650] {logging_mixin.py:109} INFO - [2022-05-05 23:11:37,650] {dag.py:2937} INFO - Setting next_dagrun for example_subdag_operator.section-2 to None
[2022-05-05 23:11:37,658] {logging_mixin.py:109} INFO - [2022-05-05 23:11:37,658] {dag.py:2398} INFO - Sync 2 DAGs
[2022-05-05 23:11:37,669] {logging_mixin.py:109} INFO - [2022-05-05 23:11:37,669] {dag.py:2937} INFO - Setting next_dagrun for example_subdag_operator.section-1 to None
[2022-05-05 23:11:37,669] {logging_mixin.py:109} INFO - [2022-05-05 23:11:37,669] {dag.py:2937} INFO - Setting next_dagrun for example_subdag_operator.section-2 to None
[2022-05-05 23:11:37,680] {processor.py:171} INFO - Processing /home/airflow/.local/lib/python3.7/site-packages/airflow/example_dags/example_subdag_operator.py took 0.111 seconds
[2022-05-05 23:12:07,889] {processor.py:163} INFO - Started process (PID=952) to work on /home/airflow/.local/lib/python3.7/site-packages/airflow/example_dags/example_subdag_operator.py
[2022-05-05 23:12:07,895] {processor.py:642} INFO - Processing file /home/airflow/.local/lib/python3.7/site-packages/airflow/example_dags/example_subdag_operator.py for tasks to queue
[2022-05-05 23:12:07,896] {logging_mixin.py:109} INFO - [2022-05-05 23:12:07,896] {dagbag.py:500} INFO - Filling up the DagBag from /home/airflow/.local/lib/python3.7/site-packages/airflow/example_dags/example_subdag_operator.py
[2022-05-05 23:12:07,943] {processor.py:654} INFO - DAG(s) dict_keys(['example_subdag_operator.section-1', 'example_subdag_operator.section-2', 'example_subdag_operator']) retrieved from /home/airflow/.local/lib/python3.7/site-packages/airflow/example_dags/example_subdag_operator.py
[2022-05-05 23:12:07,960] {logging_mixin.py:109} INFO - [2022-05-05 23:12:07,960] {dag.py:2398} INFO - Sync 3 DAGs
[2022-05-05 23:12:07,982] {logging_mixin.py:109} INFO - [2022-05-05 23:12:07,982] {dag.py:2937} INFO - Setting next_dagrun for example_subdag_operator to 2022-05-03T00:00:00+00:00
[2022-05-05 23:12:07,983] {logging_mixin.py:109} INFO - [2022-05-05 23:12:07,983] {dag.py:2937} INFO - Setting next_dagrun for example_subdag_operator.section-1 to None
[2022-05-05 23:12:07,984] {logging_mixin.py:109} INFO - [2022-05-05 23:12:07,984] {dag.py:2937} INFO - Setting next_dagrun for example_subdag_operator.section-2 to None
[2022-05-05 23:12:07,993] {logging_mixin.py:109} INFO - [2022-05-05 23:12:07,993] {dag.py:2398} INFO - Sync 2 DAGs
[2022-05-05 23:12:08,006] {logging_mixin.py:109} INFO - [2022-05-05 23:12:08,006] {dag.py:2937} INFO - Setting next_dagrun for example_subdag_operator.section-1 to None
[2022-05-05 23:12:08,006] {logging_mixin.py:109} INFO - [2022-05-05 23:12:08,006] {dag.py:2937} INFO - Setting next_dagrun for example_subdag_operator.section-2 to None
[2022-05-05 23:12:08,019] {processor.py:171} INFO - Processing /home/airflow/.local/lib/python3.7/site-packages/airflow/example_dags/example_subdag_operator.py took 0.132 seconds
[2022-05-05 23:38:28,085] {processor.py:163} INFO - Started process (PID=71) to work on /home/airflow/.local/lib/python3.7/site-packages/airflow/example_dags/example_subdag_operator.py
[2022-05-05 23:38:28,087] {processor.py:642} INFO - Processing file /home/airflow/.local/lib/python3.7/site-packages/airflow/example_dags/example_subdag_operator.py for tasks to queue
[2022-05-05 23:38:28,089] {logging_mixin.py:109} INFO - [2022-05-05 23:38:28,088] {dagbag.py:500} INFO - Filling up the DagBag from /home/airflow/.local/lib/python3.7/site-packages/airflow/example_dags/example_subdag_operator.py
[2022-05-05 23:38:28,149] {processor.py:654} INFO - DAG(s) dict_keys(['example_subdag_operator.section-1', 'example_subdag_operator.section-2', 'example_subdag_operator']) retrieved from /home/airflow/.local/lib/python3.7/site-packages/airflow/example_dags/example_subdag_operator.py
[2022-05-05 23:38:28,168] {logging_mixin.py:109} INFO - [2022-05-05 23:38:28,168] {dag.py:2398} INFO - Sync 3 DAGs
[2022-05-05 23:38:28,192] {logging_mixin.py:109} INFO - [2022-05-05 23:38:28,192] {dag.py:2937} INFO - Setting next_dagrun for example_subdag_operator to 2022-05-03T00:00:00+00:00
[2022-05-05 23:38:28,193] {logging_mixin.py:109} INFO - [2022-05-05 23:38:28,192] {dag.py:2937} INFO - Setting next_dagrun for example_subdag_operator.section-1 to None
[2022-05-05 23:38:28,193] {logging_mixin.py:109} INFO - [2022-05-05 23:38:28,193] {dag.py:2937} INFO - Setting next_dagrun for example_subdag_operator.section-2 to None
[2022-05-05 23:38:28,204] {logging_mixin.py:109} INFO - [2022-05-05 23:38:28,203] {dag.py:2398} INFO - Sync 2 DAGs
[2022-05-05 23:38:28,218] {logging_mixin.py:109} INFO - [2022-05-05 23:38:28,218] {dag.py:2937} INFO - Setting next_dagrun for example_subdag_operator.section-1 to None
[2022-05-05 23:38:28,219] {logging_mixin.py:109} INFO - [2022-05-05 23:38:28,219] {dag.py:2937} INFO - Setting next_dagrun for example_subdag_operator.section-2 to None
[2022-05-05 23:38:28,234] {processor.py:171} INFO - Processing /home/airflow/.local/lib/python3.7/site-packages/airflow/example_dags/example_subdag_operator.py took 0.155 seconds
[2022-05-05 23:38:58,965] {processor.py:163} INFO - Started process (PID=124) to work on /home/airflow/.local/lib/python3.7/site-packages/airflow/example_dags/example_subdag_operator.py
[2022-05-05 23:38:58,966] {processor.py:642} INFO - Processing file /home/airflow/.local/lib/python3.7/site-packages/airflow/example_dags/example_subdag_operator.py for tasks to queue
[2022-05-05 23:38:58,967] {logging_mixin.py:109} INFO - [2022-05-05 23:38:58,966] {dagbag.py:500} INFO - Filling up the DagBag from /home/airflow/.local/lib/python3.7/site-packages/airflow/example_dags/example_subdag_operator.py
[2022-05-05 23:38:59,005] {processor.py:654} INFO - DAG(s) dict_keys(['example_subdag_operator.section-1', 'example_subdag_operator.section-2', 'example_subdag_operator']) retrieved from /home/airflow/.local/lib/python3.7/site-packages/airflow/example_dags/example_subdag_operator.py
[2022-05-05 23:38:59,019] {logging_mixin.py:109} INFO - [2022-05-05 23:38:59,019] {dag.py:2398} INFO - Sync 3 DAGs
[2022-05-05 23:38:59,036] {logging_mixin.py:109} INFO - [2022-05-05 23:38:59,036] {dag.py:2937} INFO - Setting next_dagrun for example_subdag_operator to 2022-05-03T00:00:00+00:00
[2022-05-05 23:38:59,037] {logging_mixin.py:109} INFO - [2022-05-05 23:38:59,036] {dag.py:2937} INFO - Setting next_dagrun for example_subdag_operator.section-1 to None
[2022-05-05 23:38:59,037] {logging_mixin.py:109} INFO - [2022-05-05 23:38:59,037] {dag.py:2937} INFO - Setting next_dagrun for example_subdag_operator.section-2 to None
[2022-05-05 23:38:59,045] {logging_mixin.py:109} INFO - [2022-05-05 23:38:59,044] {dag.py:2398} INFO - Sync 2 DAGs
[2022-05-05 23:38:59,057] {logging_mixin.py:109} INFO - [2022-05-05 23:38:59,057] {dag.py:2937} INFO - Setting next_dagrun for example_subdag_operator.section-1 to None
[2022-05-05 23:38:59,058] {logging_mixin.py:109} INFO - [2022-05-05 23:38:59,058] {dag.py:2937} INFO - Setting next_dagrun for example_subdag_operator.section-2 to None
[2022-05-05 23:38:59,070] {processor.py:171} INFO - Processing /home/airflow/.local/lib/python3.7/site-packages/airflow/example_dags/example_subdag_operator.py took 0.107 seconds
[2022-05-05 23:39:29,333] {processor.py:163} INFO - Started process (PID=176) to work on /home/airflow/.local/lib/python3.7/site-packages/airflow/example_dags/example_subdag_operator.py
[2022-05-05 23:39:29,335] {processor.py:642} INFO - Processing file /home/airflow/.local/lib/python3.7/site-packages/airflow/example_dags/example_subdag_operator.py for tasks to queue
[2022-05-05 23:39:29,335] {logging_mixin.py:109} INFO - [2022-05-05 23:39:29,335] {dagbag.py:500} INFO - Filling up the DagBag from /home/airflow/.local/lib/python3.7/site-packages/airflow/example_dags/example_subdag_operator.py
[2022-05-05 23:39:29,374] {processor.py:654} INFO - DAG(s) dict_keys(['example_subdag_operator.section-1', 'example_subdag_operator.section-2', 'example_subdag_operator']) retrieved from /home/airflow/.local/lib/python3.7/site-packages/airflow/example_dags/example_subdag_operator.py
[2022-05-05 23:39:29,386] {logging_mixin.py:109} INFO - [2022-05-05 23:39:29,386] {dag.py:2398} INFO - Sync 3 DAGs
[2022-05-05 23:39:29,401] {logging_mixin.py:109} INFO - [2022-05-05 23:39:29,401] {dag.py:2937} INFO - Setting next_dagrun for example_subdag_operator to 2022-05-03T00:00:00+00:00
[2022-05-05 23:39:29,402] {logging_mixin.py:109} INFO - [2022-05-05 23:39:29,402] {dag.py:2937} INFO - Setting next_dagrun for example_subdag_operator.section-1 to None
[2022-05-05 23:39:29,402] {logging_mixin.py:109} INFO - [2022-05-05 23:39:29,402] {dag.py:2937} INFO - Setting next_dagrun for example_subdag_operator.section-2 to None
[2022-05-05 23:39:29,408] {logging_mixin.py:109} INFO - [2022-05-05 23:39:29,408] {dag.py:2398} INFO - Sync 2 DAGs
[2022-05-05 23:39:29,420] {logging_mixin.py:109} INFO - [2022-05-05 23:39:29,420] {dag.py:2937} INFO - Setting next_dagrun for example_subdag_operator.section-1 to None
[2022-05-05 23:39:29,420] {logging_mixin.py:109} INFO - [2022-05-05 23:39:29,420] {dag.py:2937} INFO - Setting next_dagrun for example_subdag_operator.section-2 to None
[2022-05-05 23:39:29,435] {processor.py:171} INFO - Processing /home/airflow/.local/lib/python3.7/site-packages/airflow/example_dags/example_subdag_operator.py took 0.104 seconds
[2022-05-05 23:39:59,681] {processor.py:163} INFO - Started process (PID=238) to work on /home/airflow/.local/lib/python3.7/site-packages/airflow/example_dags/example_subdag_operator.py
[2022-05-05 23:39:59,682] {processor.py:642} INFO - Processing file /home/airflow/.local/lib/python3.7/site-packages/airflow/example_dags/example_subdag_operator.py for tasks to queue
[2022-05-05 23:39:59,683] {logging_mixin.py:109} INFO - [2022-05-05 23:39:59,683] {dagbag.py:500} INFO - Filling up the DagBag from /home/airflow/.local/lib/python3.7/site-packages/airflow/example_dags/example_subdag_operator.py
[2022-05-05 23:39:59,722] {processor.py:654} INFO - DAG(s) dict_keys(['example_subdag_operator.section-1', 'example_subdag_operator.section-2', 'example_subdag_operator']) retrieved from /home/airflow/.local/lib/python3.7/site-packages/airflow/example_dags/example_subdag_operator.py
[2022-05-05 23:39:59,735] {logging_mixin.py:109} INFO - [2022-05-05 23:39:59,735] {dag.py:2398} INFO - Sync 3 DAGs
[2022-05-05 23:39:59,751] {logging_mixin.py:109} INFO - [2022-05-05 23:39:59,751] {dag.py:2937} INFO - Setting next_dagrun for example_subdag_operator to 2022-05-03T00:00:00+00:00
[2022-05-05 23:39:59,751] {logging_mixin.py:109} INFO - [2022-05-05 23:39:59,751] {dag.py:2937} INFO - Setting next_dagrun for example_subdag_operator.section-1 to None
[2022-05-05 23:39:59,751] {logging_mixin.py:109} INFO - [2022-05-05 23:39:59,751] {dag.py:2937} INFO - Setting next_dagrun for example_subdag_operator.section-2 to None
[2022-05-05 23:39:59,759] {logging_mixin.py:109} INFO - [2022-05-05 23:39:59,759] {dag.py:2398} INFO - Sync 2 DAGs
[2022-05-05 23:39:59,770] {logging_mixin.py:109} INFO - [2022-05-05 23:39:59,769] {dag.py:2937} INFO - Setting next_dagrun for example_subdag_operator.section-1 to None
[2022-05-05 23:39:59,770] {logging_mixin.py:109} INFO - [2022-05-05 23:39:59,770] {dag.py:2937} INFO - Setting next_dagrun for example_subdag_operator.section-2 to None
[2022-05-05 23:39:59,780] {processor.py:171} INFO - Processing /home/airflow/.local/lib/python3.7/site-packages/airflow/example_dags/example_subdag_operator.py took 0.101 seconds
[2022-05-05 23:40:30,924] {processor.py:163} INFO - Started process (PID=290) to work on /home/airflow/.local/lib/python3.7/site-packages/airflow/example_dags/example_subdag_operator.py
[2022-05-05 23:40:30,925] {processor.py:642} INFO - Processing file /home/airflow/.local/lib/python3.7/site-packages/airflow/example_dags/example_subdag_operator.py for tasks to queue
[2022-05-05 23:40:30,926] {logging_mixin.py:109} INFO - [2022-05-05 23:40:30,926] {dagbag.py:500} INFO - Filling up the DagBag from /home/airflow/.local/lib/python3.7/site-packages/airflow/example_dags/example_subdag_operator.py
[2022-05-05 23:40:30,963] {processor.py:654} INFO - DAG(s) dict_keys(['example_subdag_operator.section-1', 'example_subdag_operator.section-2', 'example_subdag_operator']) retrieved from /home/airflow/.local/lib/python3.7/site-packages/airflow/example_dags/example_subdag_operator.py
[2022-05-05 23:40:30,977] {logging_mixin.py:109} INFO - [2022-05-05 23:40:30,977] {dag.py:2398} INFO - Sync 3 DAGs
[2022-05-05 23:40:30,999] {logging_mixin.py:109} INFO - [2022-05-05 23:40:30,999] {dag.py:2937} INFO - Setting next_dagrun for example_subdag_operator to 2022-05-03T00:00:00+00:00
[2022-05-05 23:40:30,999] {logging_mixin.py:109} INFO - [2022-05-05 23:40:30,999] {dag.py:2937} INFO - Setting next_dagrun for example_subdag_operator.section-1 to None
[2022-05-05 23:40:31,000] {logging_mixin.py:109} INFO - [2022-05-05 23:40:31,000] {dag.py:2937} INFO - Setting next_dagrun for example_subdag_operator.section-2 to None
[2022-05-05 23:40:31,009] {logging_mixin.py:109} INFO - [2022-05-05 23:40:31,009] {dag.py:2398} INFO - Sync 2 DAGs
[2022-05-05 23:40:31,026] {logging_mixin.py:109} INFO - [2022-05-05 23:40:31,026] {dag.py:2937} INFO - Setting next_dagrun for example_subdag_operator.section-1 to None
[2022-05-05 23:40:31,026] {logging_mixin.py:109} INFO - [2022-05-05 23:40:31,026] {dag.py:2937} INFO - Setting next_dagrun for example_subdag_operator.section-2 to None
[2022-05-05 23:40:31,038] {processor.py:171} INFO - Processing /home/airflow/.local/lib/python3.7/site-packages/airflow/example_dags/example_subdag_operator.py took 0.116 seconds
[2022-05-05 23:41:02,118] {processor.py:163} INFO - Started process (PID=358) to work on /home/airflow/.local/lib/python3.7/site-packages/airflow/example_dags/example_subdag_operator.py
[2022-05-05 23:41:02,119] {processor.py:642} INFO - Processing file /home/airflow/.local/lib/python3.7/site-packages/airflow/example_dags/example_subdag_operator.py for tasks to queue
[2022-05-05 23:41:02,119] {logging_mixin.py:109} INFO - [2022-05-05 23:41:02,119] {dagbag.py:500} INFO - Filling up the DagBag from /home/airflow/.local/lib/python3.7/site-packages/airflow/example_dags/example_subdag_operator.py
[2022-05-05 23:41:02,151] {processor.py:654} INFO - DAG(s) dict_keys(['example_subdag_operator.section-1', 'example_subdag_operator.section-2', 'example_subdag_operator']) retrieved from /home/airflow/.local/lib/python3.7/site-packages/airflow/example_dags/example_subdag_operator.py
[2022-05-05 23:41:02,162] {logging_mixin.py:109} INFO - [2022-05-05 23:41:02,162] {dag.py:2398} INFO - Sync 3 DAGs
[2022-05-05 23:41:02,177] {logging_mixin.py:109} INFO - [2022-05-05 23:41:02,177] {dag.py:2937} INFO - Setting next_dagrun for example_subdag_operator to 2022-05-03T00:00:00+00:00
[2022-05-05 23:41:02,177] {logging_mixin.py:109} INFO - [2022-05-05 23:41:02,177] {dag.py:2937} INFO - Setting next_dagrun for example_subdag_operator.section-1 to None
[2022-05-05 23:41:02,178] {logging_mixin.py:109} INFO - [2022-05-05 23:41:02,178] {dag.py:2937} INFO - Setting next_dagrun for example_subdag_operator.section-2 to None
[2022-05-05 23:41:02,183] {logging_mixin.py:109} INFO - [2022-05-05 23:41:02,183] {dag.py:2398} INFO - Sync 2 DAGs
[2022-05-05 23:41:02,192] {logging_mixin.py:109} INFO - [2022-05-05 23:41:02,192] {dag.py:2937} INFO - Setting next_dagrun for example_subdag_operator.section-1 to None
[2022-05-05 23:41:02,193] {logging_mixin.py:109} INFO - [2022-05-05 23:41:02,193] {dag.py:2937} INFO - Setting next_dagrun for example_subdag_operator.section-2 to None
[2022-05-05 23:41:02,201] {processor.py:171} INFO - Processing /home/airflow/.local/lib/python3.7/site-packages/airflow/example_dags/example_subdag_operator.py took 0.085 seconds
[2022-05-05 23:41:33,338] {processor.py:163} INFO - Started process (PID=438) to work on /home/airflow/.local/lib/python3.7/site-packages/airflow/example_dags/example_subdag_operator.py
[2022-05-05 23:41:33,339] {processor.py:642} INFO - Processing file /home/airflow/.local/lib/python3.7/site-packages/airflow/example_dags/example_subdag_operator.py for tasks to queue
[2022-05-05 23:41:33,340] {logging_mixin.py:109} INFO - [2022-05-05 23:41:33,340] {dagbag.py:500} INFO - Filling up the DagBag from /home/airflow/.local/lib/python3.7/site-packages/airflow/example_dags/example_subdag_operator.py
[2022-05-05 23:41:33,377] {processor.py:654} INFO - DAG(s) dict_keys(['example_subdag_operator.section-1', 'example_subdag_operator.section-2', 'example_subdag_operator']) retrieved from /home/airflow/.local/lib/python3.7/site-packages/airflow/example_dags/example_subdag_operator.py
[2022-05-05 23:41:33,389] {logging_mixin.py:109} INFO - [2022-05-05 23:41:33,389] {dag.py:2398} INFO - Sync 3 DAGs
[2022-05-05 23:41:33,421] {logging_mixin.py:109} INFO - [2022-05-05 23:41:33,421] {dag.py:2937} INFO - Setting next_dagrun for example_subdag_operator to 2022-05-03T00:00:00+00:00
[2022-05-05 23:41:33,422] {logging_mixin.py:109} INFO - [2022-05-05 23:41:33,422] {dag.py:2937} INFO - Setting next_dagrun for example_subdag_operator.section-1 to None
[2022-05-05 23:41:33,422] {logging_mixin.py:109} INFO - [2022-05-05 23:41:33,422] {dag.py:2937} INFO - Setting next_dagrun for example_subdag_operator.section-2 to None
[2022-05-05 23:41:33,433] {logging_mixin.py:109} INFO - [2022-05-05 23:41:33,433] {dag.py:2398} INFO - Sync 2 DAGs
[2022-05-05 23:41:33,444] {logging_mixin.py:109} INFO - [2022-05-05 23:41:33,444] {dag.py:2937} INFO - Setting next_dagrun for example_subdag_operator.section-1 to None
[2022-05-05 23:41:33,445] {logging_mixin.py:109} INFO - [2022-05-05 23:41:33,445] {dag.py:2937} INFO - Setting next_dagrun for example_subdag_operator.section-2 to None
[2022-05-05 23:41:33,455] {processor.py:171} INFO - Processing /home/airflow/.local/lib/python3.7/site-packages/airflow/example_dags/example_subdag_operator.py took 0.120 seconds
[2022-05-05 23:42:03,813] {processor.py:163} INFO - Started process (PID=491) to work on /home/airflow/.local/lib/python3.7/site-packages/airflow/example_dags/example_subdag_operator.py
[2022-05-05 23:42:03,814] {processor.py:642} INFO - Processing file /home/airflow/.local/lib/python3.7/site-packages/airflow/example_dags/example_subdag_operator.py for tasks to queue
[2022-05-05 23:42:03,815] {logging_mixin.py:109} INFO - [2022-05-05 23:42:03,815] {dagbag.py:500} INFO - Filling up the DagBag from /home/airflow/.local/lib/python3.7/site-packages/airflow/example_dags/example_subdag_operator.py
[2022-05-05 23:42:03,856] {processor.py:654} INFO - DAG(s) dict_keys(['example_subdag_operator.section-1', 'example_subdag_operator.section-2', 'example_subdag_operator']) retrieved from /home/airflow/.local/lib/python3.7/site-packages/airflow/example_dags/example_subdag_operator.py
[2022-05-05 23:42:03,867] {logging_mixin.py:109} INFO - [2022-05-05 23:42:03,867] {dag.py:2398} INFO - Sync 3 DAGs
[2022-05-05 23:42:03,883] {logging_mixin.py:109} INFO - [2022-05-05 23:42:03,883] {dag.py:2937} INFO - Setting next_dagrun for example_subdag_operator to 2022-05-03T00:00:00+00:00
[2022-05-05 23:42:03,884] {logging_mixin.py:109} INFO - [2022-05-05 23:42:03,884] {dag.py:2937} INFO - Setting next_dagrun for example_subdag_operator.section-1 to None
[2022-05-05 23:42:03,884] {logging_mixin.py:109} INFO - [2022-05-05 23:42:03,884] {dag.py:2937} INFO - Setting next_dagrun for example_subdag_operator.section-2 to None
[2022-05-05 23:42:03,891] {logging_mixin.py:109} INFO - [2022-05-05 23:42:03,891] {dag.py:2398} INFO - Sync 2 DAGs
[2022-05-05 23:42:03,900] {logging_mixin.py:109} INFO - [2022-05-05 23:42:03,900] {dag.py:2937} INFO - Setting next_dagrun for example_subdag_operator.section-1 to None
[2022-05-05 23:42:03,901] {logging_mixin.py:109} INFO - [2022-05-05 23:42:03,901] {dag.py:2937} INFO - Setting next_dagrun for example_subdag_operator.section-2 to None
[2022-05-05 23:42:03,910] {processor.py:171} INFO - Processing /home/airflow/.local/lib/python3.7/site-packages/airflow/example_dags/example_subdag_operator.py took 0.100 seconds
[2022-05-05 23:42:35,017] {processor.py:163} INFO - Started process (PID=542) to work on /home/airflow/.local/lib/python3.7/site-packages/airflow/example_dags/example_subdag_operator.py
[2022-05-05 23:42:35,018] {processor.py:642} INFO - Processing file /home/airflow/.local/lib/python3.7/site-packages/airflow/example_dags/example_subdag_operator.py for tasks to queue
[2022-05-05 23:42:35,019] {logging_mixin.py:109} INFO - [2022-05-05 23:42:35,019] {dagbag.py:500} INFO - Filling up the DagBag from /home/airflow/.local/lib/python3.7/site-packages/airflow/example_dags/example_subdag_operator.py
[2022-05-05 23:42:35,054] {processor.py:654} INFO - DAG(s) dict_keys(['example_subdag_operator.section-1', 'example_subdag_operator.section-2', 'example_subdag_operator']) retrieved from /home/airflow/.local/lib/python3.7/site-packages/airflow/example_dags/example_subdag_operator.py
[2022-05-05 23:42:35,066] {logging_mixin.py:109} INFO - [2022-05-05 23:42:35,066] {dag.py:2398} INFO - Sync 3 DAGs
[2022-05-05 23:42:35,083] {logging_mixin.py:109} INFO - [2022-05-05 23:42:35,083] {dag.py:2937} INFO - Setting next_dagrun for example_subdag_operator to 2022-05-03T00:00:00+00:00
[2022-05-05 23:42:35,083] {logging_mixin.py:109} INFO - [2022-05-05 23:42:35,083] {dag.py:2937} INFO - Setting next_dagrun for example_subdag_operator.section-1 to None
[2022-05-05 23:42:35,084] {logging_mixin.py:109} INFO - [2022-05-05 23:42:35,084] {dag.py:2937} INFO - Setting next_dagrun for example_subdag_operator.section-2 to None
[2022-05-05 23:42:35,092] {logging_mixin.py:109} INFO - [2022-05-05 23:42:35,092] {dag.py:2398} INFO - Sync 2 DAGs
[2022-05-05 23:42:35,102] {logging_mixin.py:109} INFO - [2022-05-05 23:42:35,102] {dag.py:2937} INFO - Setting next_dagrun for example_subdag_operator.section-1 to None
[2022-05-05 23:42:35,102] {logging_mixin.py:109} INFO - [2022-05-05 23:42:35,102] {dag.py:2937} INFO - Setting next_dagrun for example_subdag_operator.section-2 to None
[2022-05-05 23:42:35,111] {processor.py:171} INFO - Processing /home/airflow/.local/lib/python3.7/site-packages/airflow/example_dags/example_subdag_operator.py took 0.097 seconds
