[2022-05-05 23:08:14,119] {processor.py:163} INFO - Started process (PID=272) to work on /home/airflow/.local/lib/python3.7/site-packages/airflow/example_dags/example_latest_only.py
[2022-05-05 23:08:14,120] {processor.py:642} INFO - Processing file /home/airflow/.local/lib/python3.7/site-packages/airflow/example_dags/example_latest_only.py for tasks to queue
[2022-05-05 23:08:14,121] {logging_mixin.py:109} INFO - [2022-05-05 23:08:14,121] {dagbag.py:500} INFO - Filling up the DagBag from /home/airflow/.local/lib/python3.7/site-packages/airflow/example_dags/example_latest_only.py
[2022-05-05 23:08:14,160] {processor.py:654} INFO - DAG(s) dict_keys(['latest_only']) retrieved from /home/airflow/.local/lib/python3.7/site-packages/airflow/example_dags/example_latest_only.py
[2022-05-05 23:08:15,835] {logging_mixin.py:109} INFO - [2022-05-05 23:08:15,835] {opentelemetry_tracing.py:29} INFO - This service is instrumented using OpenTelemetry. OpenTelemetry could not be imported; please add opentelemetry-api and opentelemetry-instrumentation packages in order to get BigQuery Tracing data.
[2022-05-05 23:08:16,512] {logging_mixin.py:109} INFO - [2022-05-05 23:08:16,512] {manager.py:496} INFO - Created Permission View: can edit on DAG:latest_only
[2022-05-05 23:08:16,528] {logging_mixin.py:109} INFO - [2022-05-05 23:08:16,528] {manager.py:496} INFO - Created Permission View: can read on DAG:latest_only
[2022-05-05 23:08:16,529] {logging_mixin.py:109} INFO - [2022-05-05 23:08:16,528] {dag.py:2398} INFO - Sync 1 DAGs
[2022-05-05 23:08:16,544] {logging_mixin.py:109} INFO - [2022-05-05 23:08:16,544] {dag.py:2417} INFO - Creating ORM DAG for latest_only
[2022-05-05 23:08:16,561] {logging_mixin.py:109} INFO - [2022-05-05 23:08:16,561] {dag.py:2937} INFO - Setting next_dagrun for latest_only to 2022-05-05T19:08:16.560717+00:00
[2022-05-05 23:08:16,588] {processor.py:171} INFO - Processing /home/airflow/.local/lib/python3.7/site-packages/airflow/example_dags/example_latest_only.py took 2.471 seconds
[2022-05-05 23:08:46,628] {processor.py:163} INFO - Started process (PID=605) to work on /home/airflow/.local/lib/python3.7/site-packages/airflow/example_dags/example_latest_only.py
[2022-05-05 23:08:46,630] {processor.py:642} INFO - Processing file /home/airflow/.local/lib/python3.7/site-packages/airflow/example_dags/example_latest_only.py for tasks to queue
[2022-05-05 23:08:46,631] {logging_mixin.py:109} INFO - [2022-05-05 23:08:46,631] {dagbag.py:500} INFO - Filling up the DagBag from /home/airflow/.local/lib/python3.7/site-packages/airflow/example_dags/example_latest_only.py
[2022-05-05 23:08:46,665] {processor.py:654} INFO - DAG(s) dict_keys(['latest_only']) retrieved from /home/airflow/.local/lib/python3.7/site-packages/airflow/example_dags/example_latest_only.py
[2022-05-05 23:08:46,677] {logging_mixin.py:109} INFO - [2022-05-05 23:08:46,677] {dag.py:2398} INFO - Sync 1 DAGs
[2022-05-05 23:08:46,695] {logging_mixin.py:109} INFO - [2022-05-05 23:08:46,695] {dag.py:2937} INFO - Setting next_dagrun for latest_only to 2022-05-05T19:08:46.695052+00:00
[2022-05-05 23:08:46,710] {processor.py:171} INFO - Processing /home/airflow/.local/lib/python3.7/site-packages/airflow/example_dags/example_latest_only.py took 0.085 seconds
[2022-05-05 23:09:16,747] {processor.py:163} INFO - Started process (PID=656) to work on /home/airflow/.local/lib/python3.7/site-packages/airflow/example_dags/example_latest_only.py
[2022-05-05 23:09:16,749] {processor.py:642} INFO - Processing file /home/airflow/.local/lib/python3.7/site-packages/airflow/example_dags/example_latest_only.py for tasks to queue
[2022-05-05 23:09:16,749] {logging_mixin.py:109} INFO - [2022-05-05 23:09:16,749] {dagbag.py:500} INFO - Filling up the DagBag from /home/airflow/.local/lib/python3.7/site-packages/airflow/example_dags/example_latest_only.py
[2022-05-05 23:09:16,782] {processor.py:654} INFO - DAG(s) dict_keys(['latest_only']) retrieved from /home/airflow/.local/lib/python3.7/site-packages/airflow/example_dags/example_latest_only.py
[2022-05-05 23:09:16,794] {logging_mixin.py:109} INFO - [2022-05-05 23:09:16,794] {dag.py:2398} INFO - Sync 1 DAGs
[2022-05-05 23:09:16,816] {logging_mixin.py:109} INFO - [2022-05-05 23:09:16,816] {dag.py:2937} INFO - Setting next_dagrun for latest_only to 2022-05-05T19:09:16.815718+00:00
[2022-05-05 23:09:16,833] {processor.py:171} INFO - Processing /home/airflow/.local/lib/python3.7/site-packages/airflow/example_dags/example_latest_only.py took 0.089 seconds
[2022-05-05 23:09:47,140] {processor.py:163} INFO - Started process (PID=706) to work on /home/airflow/.local/lib/python3.7/site-packages/airflow/example_dags/example_latest_only.py
[2022-05-05 23:09:47,142] {processor.py:642} INFO - Processing file /home/airflow/.local/lib/python3.7/site-packages/airflow/example_dags/example_latest_only.py for tasks to queue
[2022-05-05 23:09:47,144] {logging_mixin.py:109} INFO - [2022-05-05 23:09:47,143] {dagbag.py:500} INFO - Filling up the DagBag from /home/airflow/.local/lib/python3.7/site-packages/airflow/example_dags/example_latest_only.py
[2022-05-05 23:09:47,194] {processor.py:654} INFO - DAG(s) dict_keys(['latest_only']) retrieved from /home/airflow/.local/lib/python3.7/site-packages/airflow/example_dags/example_latest_only.py
[2022-05-05 23:09:47,209] {logging_mixin.py:109} INFO - [2022-05-05 23:09:47,209] {dag.py:2398} INFO - Sync 1 DAGs
[2022-05-05 23:09:47,234] {logging_mixin.py:109} INFO - [2022-05-05 23:09:47,234] {dag.py:2937} INFO - Setting next_dagrun for latest_only to 2022-05-05T19:09:47.233629+00:00
[2022-05-05 23:09:47,250] {processor.py:171} INFO - Processing /home/airflow/.local/lib/python3.7/site-packages/airflow/example_dags/example_latest_only.py took 0.115 seconds
[2022-05-05 23:10:17,371] {processor.py:163} INFO - Started process (PID=757) to work on /home/airflow/.local/lib/python3.7/site-packages/airflow/example_dags/example_latest_only.py
[2022-05-05 23:10:17,374] {processor.py:642} INFO - Processing file /home/airflow/.local/lib/python3.7/site-packages/airflow/example_dags/example_latest_only.py for tasks to queue
[2022-05-05 23:10:17,375] {logging_mixin.py:109} INFO - [2022-05-05 23:10:17,375] {dagbag.py:500} INFO - Filling up the DagBag from /home/airflow/.local/lib/python3.7/site-packages/airflow/example_dags/example_latest_only.py
[2022-05-05 23:10:17,408] {processor.py:654} INFO - DAG(s) dict_keys(['latest_only']) retrieved from /home/airflow/.local/lib/python3.7/site-packages/airflow/example_dags/example_latest_only.py
[2022-05-05 23:10:17,419] {logging_mixin.py:109} INFO - [2022-05-05 23:10:17,419] {dag.py:2398} INFO - Sync 1 DAGs
[2022-05-05 23:10:17,440] {logging_mixin.py:109} INFO - [2022-05-05 23:10:17,440] {dag.py:2937} INFO - Setting next_dagrun for latest_only to 2022-05-05T19:10:17.440247+00:00
[2022-05-05 23:10:17,455] {processor.py:171} INFO - Processing /home/airflow/.local/lib/python3.7/site-packages/airflow/example_dags/example_latest_only.py took 0.087 seconds
[2022-05-05 23:10:47,631] {processor.py:163} INFO - Started process (PID=818) to work on /home/airflow/.local/lib/python3.7/site-packages/airflow/example_dags/example_latest_only.py
[2022-05-05 23:10:47,632] {processor.py:642} INFO - Processing file /home/airflow/.local/lib/python3.7/site-packages/airflow/example_dags/example_latest_only.py for tasks to queue
[2022-05-05 23:10:47,633] {logging_mixin.py:109} INFO - [2022-05-05 23:10:47,633] {dagbag.py:500} INFO - Filling up the DagBag from /home/airflow/.local/lib/python3.7/site-packages/airflow/example_dags/example_latest_only.py
[2022-05-05 23:10:47,678] {processor.py:654} INFO - DAG(s) dict_keys(['latest_only']) retrieved from /home/airflow/.local/lib/python3.7/site-packages/airflow/example_dags/example_latest_only.py
[2022-05-05 23:10:47,695] {logging_mixin.py:109} INFO - [2022-05-05 23:10:47,695] {dag.py:2398} INFO - Sync 1 DAGs
[2022-05-05 23:10:47,718] {logging_mixin.py:109} INFO - [2022-05-05 23:10:47,718] {dag.py:2937} INFO - Setting next_dagrun for latest_only to 2022-05-05T19:10:47.717901+00:00
[2022-05-05 23:10:47,733] {processor.py:171} INFO - Processing /home/airflow/.local/lib/python3.7/site-packages/airflow/example_dags/example_latest_only.py took 0.105 seconds
[2022-05-05 23:11:17,760] {processor.py:163} INFO - Started process (PID=868) to work on /home/airflow/.local/lib/python3.7/site-packages/airflow/example_dags/example_latest_only.py
[2022-05-05 23:11:17,762] {processor.py:642} INFO - Processing file /home/airflow/.local/lib/python3.7/site-packages/airflow/example_dags/example_latest_only.py for tasks to queue
[2022-05-05 23:11:17,763] {logging_mixin.py:109} INFO - [2022-05-05 23:11:17,762] {dagbag.py:500} INFO - Filling up the DagBag from /home/airflow/.local/lib/python3.7/site-packages/airflow/example_dags/example_latest_only.py
[2022-05-05 23:11:17,803] {processor.py:654} INFO - DAG(s) dict_keys(['latest_only']) retrieved from /home/airflow/.local/lib/python3.7/site-packages/airflow/example_dags/example_latest_only.py
[2022-05-05 23:11:17,813] {logging_mixin.py:109} INFO - [2022-05-05 23:11:17,813] {dag.py:2398} INFO - Sync 1 DAGs
[2022-05-05 23:11:17,832] {logging_mixin.py:109} INFO - [2022-05-05 23:11:17,832] {dag.py:2937} INFO - Setting next_dagrun for latest_only to 2022-05-05T19:11:17.832328+00:00
[2022-05-05 23:11:17,846] {processor.py:171} INFO - Processing /home/airflow/.local/lib/python3.7/site-packages/airflow/example_dags/example_latest_only.py took 0.089 seconds
[2022-05-05 23:11:48,718] {processor.py:163} INFO - Started process (PID=918) to work on /home/airflow/.local/lib/python3.7/site-packages/airflow/example_dags/example_latest_only.py
[2022-05-05 23:11:48,719] {processor.py:642} INFO - Processing file /home/airflow/.local/lib/python3.7/site-packages/airflow/example_dags/example_latest_only.py for tasks to queue
[2022-05-05 23:11:48,719] {logging_mixin.py:109} INFO - [2022-05-05 23:11:48,719] {dagbag.py:500} INFO - Filling up the DagBag from /home/airflow/.local/lib/python3.7/site-packages/airflow/example_dags/example_latest_only.py
[2022-05-05 23:11:48,749] {processor.py:654} INFO - DAG(s) dict_keys(['latest_only']) retrieved from /home/airflow/.local/lib/python3.7/site-packages/airflow/example_dags/example_latest_only.py
[2022-05-05 23:11:48,760] {logging_mixin.py:109} INFO - [2022-05-05 23:11:48,760] {dag.py:2398} INFO - Sync 1 DAGs
[2022-05-05 23:11:48,780] {logging_mixin.py:109} INFO - [2022-05-05 23:11:48,779] {dag.py:2937} INFO - Setting next_dagrun for latest_only to 2022-05-05T19:11:48.779718+00:00
[2022-05-05 23:11:48,792] {processor.py:171} INFO - Processing /home/airflow/.local/lib/python3.7/site-packages/airflow/example_dags/example_latest_only.py took 0.077 seconds
[2022-05-05 23:38:26,133] {processor.py:163} INFO - Started process (PID=57) to work on /home/airflow/.local/lib/python3.7/site-packages/airflow/example_dags/example_latest_only.py
[2022-05-05 23:38:26,134] {processor.py:642} INFO - Processing file /home/airflow/.local/lib/python3.7/site-packages/airflow/example_dags/example_latest_only.py for tasks to queue
[2022-05-05 23:38:26,135] {logging_mixin.py:109} INFO - [2022-05-05 23:38:26,135] {dagbag.py:500} INFO - Filling up the DagBag from /home/airflow/.local/lib/python3.7/site-packages/airflow/example_dags/example_latest_only.py
[2022-05-05 23:38:26,172] {processor.py:654} INFO - DAG(s) dict_keys(['latest_only']) retrieved from /home/airflow/.local/lib/python3.7/site-packages/airflow/example_dags/example_latest_only.py
[2022-05-05 23:38:26,183] {logging_mixin.py:109} INFO - [2022-05-05 23:38:26,183] {dag.py:2398} INFO - Sync 1 DAGs
[2022-05-05 23:38:26,203] {logging_mixin.py:109} INFO - [2022-05-05 23:38:26,203] {dag.py:2937} INFO - Setting next_dagrun for latest_only to 2022-05-05T19:38:26.202982+00:00
[2022-05-05 23:38:26,217] {processor.py:171} INFO - Processing /home/airflow/.local/lib/python3.7/site-packages/airflow/example_dags/example_latest_only.py took 0.088 seconds
[2022-05-05 23:38:57,066] {processor.py:163} INFO - Started process (PID=110) to work on /home/airflow/.local/lib/python3.7/site-packages/airflow/example_dags/example_latest_only.py
[2022-05-05 23:38:57,067] {processor.py:642} INFO - Processing file /home/airflow/.local/lib/python3.7/site-packages/airflow/example_dags/example_latest_only.py for tasks to queue
[2022-05-05 23:38:57,068] {logging_mixin.py:109} INFO - [2022-05-05 23:38:57,068] {dagbag.py:500} INFO - Filling up the DagBag from /home/airflow/.local/lib/python3.7/site-packages/airflow/example_dags/example_latest_only.py
[2022-05-05 23:38:57,100] {processor.py:654} INFO - DAG(s) dict_keys(['latest_only']) retrieved from /home/airflow/.local/lib/python3.7/site-packages/airflow/example_dags/example_latest_only.py
[2022-05-05 23:38:57,113] {logging_mixin.py:109} INFO - [2022-05-05 23:38:57,112] {dag.py:2398} INFO - Sync 1 DAGs
[2022-05-05 23:38:57,131] {logging_mixin.py:109} INFO - [2022-05-05 23:38:57,131] {dag.py:2937} INFO - Setting next_dagrun for latest_only to 2022-05-05T19:38:57.130798+00:00
[2022-05-05 23:38:57,142] {processor.py:171} INFO - Processing /home/airflow/.local/lib/python3.7/site-packages/airflow/example_dags/example_latest_only.py took 0.079 seconds
[2022-05-05 23:39:28,430] {processor.py:163} INFO - Started process (PID=162) to work on /home/airflow/.local/lib/python3.7/site-packages/airflow/example_dags/example_latest_only.py
[2022-05-05 23:39:28,431] {processor.py:642} INFO - Processing file /home/airflow/.local/lib/python3.7/site-packages/airflow/example_dags/example_latest_only.py for tasks to queue
[2022-05-05 23:39:28,432] {logging_mixin.py:109} INFO - [2022-05-05 23:39:28,432] {dagbag.py:500} INFO - Filling up the DagBag from /home/airflow/.local/lib/python3.7/site-packages/airflow/example_dags/example_latest_only.py
[2022-05-05 23:39:28,468] {processor.py:654} INFO - DAG(s) dict_keys(['latest_only']) retrieved from /home/airflow/.local/lib/python3.7/site-packages/airflow/example_dags/example_latest_only.py
[2022-05-05 23:39:28,481] {logging_mixin.py:109} INFO - [2022-05-05 23:39:28,480] {dag.py:2398} INFO - Sync 1 DAGs
[2022-05-05 23:39:28,502] {logging_mixin.py:109} INFO - [2022-05-05 23:39:28,502] {dag.py:2937} INFO - Setting next_dagrun for latest_only to 2022-05-05T19:39:28.501997+00:00
[2022-05-05 23:39:28,516] {processor.py:171} INFO - Processing /home/airflow/.local/lib/python3.7/site-packages/airflow/example_dags/example_latest_only.py took 0.089 seconds
[2022-05-05 23:39:58,719] {processor.py:163} INFO - Started process (PID=224) to work on /home/airflow/.local/lib/python3.7/site-packages/airflow/example_dags/example_latest_only.py
[2022-05-05 23:39:58,719] {processor.py:642} INFO - Processing file /home/airflow/.local/lib/python3.7/site-packages/airflow/example_dags/example_latest_only.py for tasks to queue
[2022-05-05 23:39:58,720] {logging_mixin.py:109} INFO - [2022-05-05 23:39:58,720] {dagbag.py:500} INFO - Filling up the DagBag from /home/airflow/.local/lib/python3.7/site-packages/airflow/example_dags/example_latest_only.py
[2022-05-05 23:39:58,763] {processor.py:654} INFO - DAG(s) dict_keys(['latest_only']) retrieved from /home/airflow/.local/lib/python3.7/site-packages/airflow/example_dags/example_latest_only.py
[2022-05-05 23:39:58,772] {logging_mixin.py:109} INFO - [2022-05-05 23:39:58,772] {dag.py:2398} INFO - Sync 1 DAGs
[2022-05-05 23:39:58,794] {logging_mixin.py:109} INFO - [2022-05-05 23:39:58,794] {dag.py:2937} INFO - Setting next_dagrun for latest_only to 2022-05-05T19:39:58.793677+00:00
[2022-05-05 23:39:58,813] {processor.py:171} INFO - Processing /home/airflow/.local/lib/python3.7/site-packages/airflow/example_dags/example_latest_only.py took 0.097 seconds
[2022-05-05 23:40:30,023] {processor.py:163} INFO - Started process (PID=276) to work on /home/airflow/.local/lib/python3.7/site-packages/airflow/example_dags/example_latest_only.py
[2022-05-05 23:40:30,025] {processor.py:642} INFO - Processing file /home/airflow/.local/lib/python3.7/site-packages/airflow/example_dags/example_latest_only.py for tasks to queue
[2022-05-05 23:40:30,026] {logging_mixin.py:109} INFO - [2022-05-05 23:40:30,026] {dagbag.py:500} INFO - Filling up the DagBag from /home/airflow/.local/lib/python3.7/site-packages/airflow/example_dags/example_latest_only.py
[2022-05-05 23:40:30,062] {processor.py:654} INFO - DAG(s) dict_keys(['latest_only']) retrieved from /home/airflow/.local/lib/python3.7/site-packages/airflow/example_dags/example_latest_only.py
[2022-05-05 23:40:30,074] {logging_mixin.py:109} INFO - [2022-05-05 23:40:30,074] {dag.py:2398} INFO - Sync 1 DAGs
[2022-05-05 23:40:30,094] {logging_mixin.py:109} INFO - [2022-05-05 23:40:30,094] {dag.py:2937} INFO - Setting next_dagrun for latest_only to 2022-05-05T19:40:30.093798+00:00
[2022-05-05 23:40:30,108] {processor.py:171} INFO - Processing /home/airflow/.local/lib/python3.7/site-packages/airflow/example_dags/example_latest_only.py took 0.088 seconds
[2022-05-05 23:41:01,216] {processor.py:163} INFO - Started process (PID=344) to work on /home/airflow/.local/lib/python3.7/site-packages/airflow/example_dags/example_latest_only.py
[2022-05-05 23:41:01,217] {processor.py:642} INFO - Processing file /home/airflow/.local/lib/python3.7/site-packages/airflow/example_dags/example_latest_only.py for tasks to queue
[2022-05-05 23:41:01,218] {logging_mixin.py:109} INFO - [2022-05-05 23:41:01,218] {dagbag.py:500} INFO - Filling up the DagBag from /home/airflow/.local/lib/python3.7/site-packages/airflow/example_dags/example_latest_only.py
[2022-05-05 23:41:01,250] {processor.py:654} INFO - DAG(s) dict_keys(['latest_only']) retrieved from /home/airflow/.local/lib/python3.7/site-packages/airflow/example_dags/example_latest_only.py
[2022-05-05 23:41:01,259] {logging_mixin.py:109} INFO - [2022-05-05 23:41:01,259] {dag.py:2398} INFO - Sync 1 DAGs
[2022-05-05 23:41:01,275] {logging_mixin.py:109} INFO - [2022-05-05 23:41:01,275] {dag.py:2937} INFO - Setting next_dagrun for latest_only to 2022-05-05T19:41:01.275333+00:00
[2022-05-05 23:41:01,287] {processor.py:171} INFO - Processing /home/airflow/.local/lib/python3.7/site-packages/airflow/example_dags/example_latest_only.py took 0.073 seconds
[2022-05-05 23:41:32,482] {processor.py:163} INFO - Started process (PID=424) to work on /home/airflow/.local/lib/python3.7/site-packages/airflow/example_dags/example_latest_only.py
[2022-05-05 23:41:32,484] {processor.py:642} INFO - Processing file /home/airflow/.local/lib/python3.7/site-packages/airflow/example_dags/example_latest_only.py for tasks to queue
[2022-05-05 23:41:32,484] {logging_mixin.py:109} INFO - [2022-05-05 23:41:32,484] {dagbag.py:500} INFO - Filling up the DagBag from /home/airflow/.local/lib/python3.7/site-packages/airflow/example_dags/example_latest_only.py
[2022-05-05 23:41:32,517] {processor.py:654} INFO - DAG(s) dict_keys(['latest_only']) retrieved from /home/airflow/.local/lib/python3.7/site-packages/airflow/example_dags/example_latest_only.py
[2022-05-05 23:41:32,528] {logging_mixin.py:109} INFO - [2022-05-05 23:41:32,527] {dag.py:2398} INFO - Sync 1 DAGs
[2022-05-05 23:41:32,546] {logging_mixin.py:109} INFO - [2022-05-05 23:41:32,546] {dag.py:2937} INFO - Setting next_dagrun for latest_only to 2022-05-05T19:41:32.545663+00:00
[2022-05-05 23:41:32,560] {processor.py:171} INFO - Processing /home/airflow/.local/lib/python3.7/site-packages/airflow/example_dags/example_latest_only.py took 0.080 seconds
[2022-05-05 23:42:02,935] {processor.py:163} INFO - Started process (PID=477) to work on /home/airflow/.local/lib/python3.7/site-packages/airflow/example_dags/example_latest_only.py
[2022-05-05 23:42:02,936] {processor.py:642} INFO - Processing file /home/airflow/.local/lib/python3.7/site-packages/airflow/example_dags/example_latest_only.py for tasks to queue
[2022-05-05 23:42:02,937] {logging_mixin.py:109} INFO - [2022-05-05 23:42:02,937] {dagbag.py:500} INFO - Filling up the DagBag from /home/airflow/.local/lib/python3.7/site-packages/airflow/example_dags/example_latest_only.py
[2022-05-05 23:42:02,970] {processor.py:654} INFO - DAG(s) dict_keys(['latest_only']) retrieved from /home/airflow/.local/lib/python3.7/site-packages/airflow/example_dags/example_latest_only.py
[2022-05-05 23:42:02,980] {logging_mixin.py:109} INFO - [2022-05-05 23:42:02,980] {dag.py:2398} INFO - Sync 1 DAGs
[2022-05-05 23:42:02,998] {logging_mixin.py:109} INFO - [2022-05-05 23:42:02,998] {dag.py:2937} INFO - Setting next_dagrun for latest_only to 2022-05-05T19:42:02.997939+00:00
[2022-05-05 23:42:03,010] {processor.py:171} INFO - Processing /home/airflow/.local/lib/python3.7/site-packages/airflow/example_dags/example_latest_only.py took 0.078 seconds
[2022-05-05 23:42:34,094] {processor.py:163} INFO - Started process (PID=528) to work on /home/airflow/.local/lib/python3.7/site-packages/airflow/example_dags/example_latest_only.py
[2022-05-05 23:42:34,095] {processor.py:642} INFO - Processing file /home/airflow/.local/lib/python3.7/site-packages/airflow/example_dags/example_latest_only.py for tasks to queue
[2022-05-05 23:42:34,096] {logging_mixin.py:109} INFO - [2022-05-05 23:42:34,096] {dagbag.py:500} INFO - Filling up the DagBag from /home/airflow/.local/lib/python3.7/site-packages/airflow/example_dags/example_latest_only.py
[2022-05-05 23:42:34,122] {processor.py:654} INFO - DAG(s) dict_keys(['latest_only']) retrieved from /home/airflow/.local/lib/python3.7/site-packages/airflow/example_dags/example_latest_only.py
[2022-05-05 23:42:34,132] {logging_mixin.py:109} INFO - [2022-05-05 23:42:34,131] {dag.py:2398} INFO - Sync 1 DAGs
[2022-05-05 23:42:34,147] {logging_mixin.py:109} INFO - [2022-05-05 23:42:34,147] {dag.py:2937} INFO - Setting next_dagrun for latest_only to 2022-05-05T19:42:34.147331+00:00
[2022-05-05 23:42:34,157] {processor.py:171} INFO - Processing /home/airflow/.local/lib/python3.7/site-packages/airflow/example_dags/example_latest_only.py took 0.065 seconds
