[2022-05-05 23:08:29,025] {processor.py:163} INFO - Started process (PID=470) to work on /home/airflow/.local/lib/python3.7/site-packages/airflow/example_dags/example_trigger_controller_dag.py
[2022-05-05 23:08:29,027] {processor.py:642} INFO - Processing file /home/airflow/.local/lib/python3.7/site-packages/airflow/example_dags/example_trigger_controller_dag.py for tasks to queue
[2022-05-05 23:08:29,028] {logging_mixin.py:109} INFO - [2022-05-05 23:08:29,028] {dagbag.py:500} INFO - Filling up the DagBag from /home/airflow/.local/lib/python3.7/site-packages/airflow/example_dags/example_trigger_controller_dag.py
[2022-05-05 23:08:29,080] {processor.py:654} INFO - DAG(s) dict_keys(['example_trigger_controller_dag']) retrieved from /home/airflow/.local/lib/python3.7/site-packages/airflow/example_dags/example_trigger_controller_dag.py
[2022-05-05 23:08:31,197] {logging_mixin.py:109} INFO - [2022-05-05 23:08:31,197] {opentelemetry_tracing.py:29} INFO - This service is instrumented using OpenTelemetry. OpenTelemetry could not be imported; please add opentelemetry-api and opentelemetry-instrumentation packages in order to get BigQuery Tracing data.
[2022-05-05 23:08:31,858] {logging_mixin.py:109} INFO - [2022-05-05 23:08:31,858] {manager.py:496} INFO - Created Permission View: can edit on DAG:example_trigger_controller_dag
[2022-05-05 23:08:31,873] {logging_mixin.py:109} INFO - [2022-05-05 23:08:31,873] {manager.py:496} INFO - Created Permission View: can read on DAG:example_trigger_controller_dag
[2022-05-05 23:08:31,874] {logging_mixin.py:109} INFO - [2022-05-05 23:08:31,874] {dag.py:2398} INFO - Sync 1 DAGs
[2022-05-05 23:08:31,883] {logging_mixin.py:109} INFO - [2022-05-05 23:08:31,883] {dag.py:2417} INFO - Creating ORM DAG for example_trigger_controller_dag
[2022-05-05 23:08:31,893] {logging_mixin.py:109} INFO - [2022-05-05 23:08:31,893] {dag.py:2937} INFO - Setting next_dagrun for example_trigger_controller_dag to 2021-01-01T00:00:00+00:00
[2022-05-05 23:08:31,914] {processor.py:171} INFO - Processing /home/airflow/.local/lib/python3.7/site-packages/airflow/example_dags/example_trigger_controller_dag.py took 2.892 seconds
[2022-05-05 23:09:02,180] {processor.py:163} INFO - Started process (PID=626) to work on /home/airflow/.local/lib/python3.7/site-packages/airflow/example_dags/example_trigger_controller_dag.py
[2022-05-05 23:09:02,187] {processor.py:642} INFO - Processing file /home/airflow/.local/lib/python3.7/site-packages/airflow/example_dags/example_trigger_controller_dag.py for tasks to queue
[2022-05-05 23:09:02,187] {logging_mixin.py:109} INFO - [2022-05-05 23:09:02,187] {dagbag.py:500} INFO - Filling up the DagBag from /home/airflow/.local/lib/python3.7/site-packages/airflow/example_dags/example_trigger_controller_dag.py
[2022-05-05 23:09:02,218] {processor.py:654} INFO - DAG(s) dict_keys(['example_trigger_controller_dag']) retrieved from /home/airflow/.local/lib/python3.7/site-packages/airflow/example_dags/example_trigger_controller_dag.py
[2022-05-05 23:09:02,230] {logging_mixin.py:109} INFO - [2022-05-05 23:09:02,230] {dag.py:2398} INFO - Sync 1 DAGs
[2022-05-05 23:09:02,247] {logging_mixin.py:109} INFO - [2022-05-05 23:09:02,246] {dag.py:2937} INFO - Setting next_dagrun for example_trigger_controller_dag to 2021-01-01T00:00:00+00:00
[2022-05-05 23:09:02,258] {processor.py:171} INFO - Processing /home/airflow/.local/lib/python3.7/site-packages/airflow/example_dags/example_trigger_controller_dag.py took 0.080 seconds
[2022-05-05 23:09:32,469] {processor.py:163} INFO - Started process (PID=676) to work on /home/airflow/.local/lib/python3.7/site-packages/airflow/example_dags/example_trigger_controller_dag.py
[2022-05-05 23:09:32,470] {processor.py:642} INFO - Processing file /home/airflow/.local/lib/python3.7/site-packages/airflow/example_dags/example_trigger_controller_dag.py for tasks to queue
[2022-05-05 23:09:32,471] {logging_mixin.py:109} INFO - [2022-05-05 23:09:32,471] {dagbag.py:500} INFO - Filling up the DagBag from /home/airflow/.local/lib/python3.7/site-packages/airflow/example_dags/example_trigger_controller_dag.py
[2022-05-05 23:09:32,498] {processor.py:654} INFO - DAG(s) dict_keys(['example_trigger_controller_dag']) retrieved from /home/airflow/.local/lib/python3.7/site-packages/airflow/example_dags/example_trigger_controller_dag.py
[2022-05-05 23:09:32,508] {logging_mixin.py:109} INFO - [2022-05-05 23:09:32,508] {dag.py:2398} INFO - Sync 1 DAGs
[2022-05-05 23:09:32,528] {logging_mixin.py:109} INFO - [2022-05-05 23:09:32,528] {dag.py:2937} INFO - Setting next_dagrun for example_trigger_controller_dag to 2021-01-01T00:00:00+00:00
[2022-05-05 23:09:32,542] {processor.py:171} INFO - Processing /home/airflow/.local/lib/python3.7/site-packages/airflow/example_dags/example_trigger_controller_dag.py took 0.075 seconds
[2022-05-05 23:10:02,810] {processor.py:163} INFO - Started process (PID=727) to work on /home/airflow/.local/lib/python3.7/site-packages/airflow/example_dags/example_trigger_controller_dag.py
[2022-05-05 23:10:02,811] {processor.py:642} INFO - Processing file /home/airflow/.local/lib/python3.7/site-packages/airflow/example_dags/example_trigger_controller_dag.py for tasks to queue
[2022-05-05 23:10:02,812] {logging_mixin.py:109} INFO - [2022-05-05 23:10:02,812] {dagbag.py:500} INFO - Filling up the DagBag from /home/airflow/.local/lib/python3.7/site-packages/airflow/example_dags/example_trigger_controller_dag.py
[2022-05-05 23:10:02,867] {processor.py:654} INFO - DAG(s) dict_keys(['example_trigger_controller_dag']) retrieved from /home/airflow/.local/lib/python3.7/site-packages/airflow/example_dags/example_trigger_controller_dag.py
[2022-05-05 23:10:02,883] {logging_mixin.py:109} INFO - [2022-05-05 23:10:02,883] {dag.py:2398} INFO - Sync 1 DAGs
[2022-05-05 23:10:02,903] {logging_mixin.py:109} INFO - [2022-05-05 23:10:02,903] {dag.py:2937} INFO - Setting next_dagrun for example_trigger_controller_dag to 2021-01-01T00:00:00+00:00
[2022-05-05 23:10:02,917] {processor.py:171} INFO - Processing /home/airflow/.local/lib/python3.7/site-packages/airflow/example_dags/example_trigger_controller_dag.py took 0.110 seconds
[2022-05-05 23:10:33,036] {processor.py:163} INFO - Started process (PID=778) to work on /home/airflow/.local/lib/python3.7/site-packages/airflow/example_dags/example_trigger_controller_dag.py
[2022-05-05 23:10:33,037] {processor.py:642} INFO - Processing file /home/airflow/.local/lib/python3.7/site-packages/airflow/example_dags/example_trigger_controller_dag.py for tasks to queue
[2022-05-05 23:10:33,037] {logging_mixin.py:109} INFO - [2022-05-05 23:10:33,037] {dagbag.py:500} INFO - Filling up the DagBag from /home/airflow/.local/lib/python3.7/site-packages/airflow/example_dags/example_trigger_controller_dag.py
[2022-05-05 23:10:33,069] {processor.py:654} INFO - DAG(s) dict_keys(['example_trigger_controller_dag']) retrieved from /home/airflow/.local/lib/python3.7/site-packages/airflow/example_dags/example_trigger_controller_dag.py
[2022-05-05 23:10:33,081] {logging_mixin.py:109} INFO - [2022-05-05 23:10:33,081] {dag.py:2398} INFO - Sync 1 DAGs
[2022-05-05 23:10:33,099] {logging_mixin.py:109} INFO - [2022-05-05 23:10:33,099] {dag.py:2937} INFO - Setting next_dagrun for example_trigger_controller_dag to 2021-01-01T00:00:00+00:00
[2022-05-05 23:10:33,112] {processor.py:171} INFO - Processing /home/airflow/.local/lib/python3.7/site-packages/airflow/example_dags/example_trigger_controller_dag.py took 0.078 seconds
[2022-05-05 23:11:03,226] {processor.py:163} INFO - Started process (PID=838) to work on /home/airflow/.local/lib/python3.7/site-packages/airflow/example_dags/example_trigger_controller_dag.py
[2022-05-05 23:11:03,232] {processor.py:642} INFO - Processing file /home/airflow/.local/lib/python3.7/site-packages/airflow/example_dags/example_trigger_controller_dag.py for tasks to queue
[2022-05-05 23:11:03,232] {logging_mixin.py:109} INFO - [2022-05-05 23:11:03,232] {dagbag.py:500} INFO - Filling up the DagBag from /home/airflow/.local/lib/python3.7/site-packages/airflow/example_dags/example_trigger_controller_dag.py
[2022-05-05 23:11:03,258] {processor.py:654} INFO - DAG(s) dict_keys(['example_trigger_controller_dag']) retrieved from /home/airflow/.local/lib/python3.7/site-packages/airflow/example_dags/example_trigger_controller_dag.py
[2022-05-05 23:11:03,270] {logging_mixin.py:109} INFO - [2022-05-05 23:11:03,270] {dag.py:2398} INFO - Sync 1 DAGs
[2022-05-05 23:11:03,288] {logging_mixin.py:109} INFO - [2022-05-05 23:11:03,288] {dag.py:2937} INFO - Setting next_dagrun for example_trigger_controller_dag to 2021-01-01T00:00:00+00:00
[2022-05-05 23:11:03,302] {processor.py:171} INFO - Processing /home/airflow/.local/lib/python3.7/site-packages/airflow/example_dags/example_trigger_controller_dag.py took 0.078 seconds
[2022-05-05 23:11:33,345] {processor.py:163} INFO - Started process (PID=888) to work on /home/airflow/.local/lib/python3.7/site-packages/airflow/example_dags/example_trigger_controller_dag.py
[2022-05-05 23:11:33,346] {processor.py:642} INFO - Processing file /home/airflow/.local/lib/python3.7/site-packages/airflow/example_dags/example_trigger_controller_dag.py for tasks to queue
[2022-05-05 23:11:33,347] {logging_mixin.py:109} INFO - [2022-05-05 23:11:33,347] {dagbag.py:500} INFO - Filling up the DagBag from /home/airflow/.local/lib/python3.7/site-packages/airflow/example_dags/example_trigger_controller_dag.py
[2022-05-05 23:11:33,385] {processor.py:654} INFO - DAG(s) dict_keys(['example_trigger_controller_dag']) retrieved from /home/airflow/.local/lib/python3.7/site-packages/airflow/example_dags/example_trigger_controller_dag.py
[2022-05-05 23:11:33,396] {logging_mixin.py:109} INFO - [2022-05-05 23:11:33,396] {dag.py:2398} INFO - Sync 1 DAGs
[2022-05-05 23:11:33,419] {logging_mixin.py:109} INFO - [2022-05-05 23:11:33,419] {dag.py:2937} INFO - Setting next_dagrun for example_trigger_controller_dag to 2021-01-01T00:00:00+00:00
[2022-05-05 23:11:33,434] {processor.py:171} INFO - Processing /home/airflow/.local/lib/python3.7/site-packages/airflow/example_dags/example_trigger_controller_dag.py took 0.092 seconds
[2022-05-05 23:12:03,683] {processor.py:163} INFO - Started process (PID=938) to work on /home/airflow/.local/lib/python3.7/site-packages/airflow/example_dags/example_trigger_controller_dag.py
[2022-05-05 23:12:03,691] {processor.py:642} INFO - Processing file /home/airflow/.local/lib/python3.7/site-packages/airflow/example_dags/example_trigger_controller_dag.py for tasks to queue
[2022-05-05 23:12:03,691] {logging_mixin.py:109} INFO - [2022-05-05 23:12:03,691] {dagbag.py:500} INFO - Filling up the DagBag from /home/airflow/.local/lib/python3.7/site-packages/airflow/example_dags/example_trigger_controller_dag.py
[2022-05-05 23:12:03,720] {processor.py:654} INFO - DAG(s) dict_keys(['example_trigger_controller_dag']) retrieved from /home/airflow/.local/lib/python3.7/site-packages/airflow/example_dags/example_trigger_controller_dag.py
[2022-05-05 23:12:03,731] {logging_mixin.py:109} INFO - [2022-05-05 23:12:03,731] {dag.py:2398} INFO - Sync 1 DAGs
[2022-05-05 23:12:03,752] {logging_mixin.py:109} INFO - [2022-05-05 23:12:03,752] {dag.py:2937} INFO - Setting next_dagrun for example_trigger_controller_dag to 2021-01-01T00:00:00+00:00
[2022-05-05 23:12:03,766] {processor.py:171} INFO - Processing /home/airflow/.local/lib/python3.7/site-packages/airflow/example_dags/example_trigger_controller_dag.py took 0.085 seconds
[2022-05-05 23:38:27,793] {processor.py:163} INFO - Started process (PID=68) to work on /home/airflow/.local/lib/python3.7/site-packages/airflow/example_dags/example_trigger_controller_dag.py
[2022-05-05 23:38:27,795] {processor.py:642} INFO - Processing file /home/airflow/.local/lib/python3.7/site-packages/airflow/example_dags/example_trigger_controller_dag.py for tasks to queue
[2022-05-05 23:38:27,796] {logging_mixin.py:109} INFO - [2022-05-05 23:38:27,796] {dagbag.py:500} INFO - Filling up the DagBag from /home/airflow/.local/lib/python3.7/site-packages/airflow/example_dags/example_trigger_controller_dag.py
[2022-05-05 23:38:27,843] {processor.py:654} INFO - DAG(s) dict_keys(['example_trigger_controller_dag']) retrieved from /home/airflow/.local/lib/python3.7/site-packages/airflow/example_dags/example_trigger_controller_dag.py
[2022-05-05 23:38:27,865] {logging_mixin.py:109} INFO - [2022-05-05 23:38:27,864] {dag.py:2398} INFO - Sync 1 DAGs
[2022-05-05 23:38:27,897] {logging_mixin.py:109} INFO - [2022-05-05 23:38:27,897] {dag.py:2937} INFO - Setting next_dagrun for example_trigger_controller_dag to 2021-01-01T00:00:00+00:00
[2022-05-05 23:38:27,920] {processor.py:171} INFO - Processing /home/airflow/.local/lib/python3.7/site-packages/airflow/example_dags/example_trigger_controller_dag.py took 0.130 seconds
[2022-05-05 23:38:58,699] {processor.py:163} INFO - Started process (PID=121) to work on /home/airflow/.local/lib/python3.7/site-packages/airflow/example_dags/example_trigger_controller_dag.py
[2022-05-05 23:38:58,700] {processor.py:642} INFO - Processing file /home/airflow/.local/lib/python3.7/site-packages/airflow/example_dags/example_trigger_controller_dag.py for tasks to queue
[2022-05-05 23:38:58,701] {logging_mixin.py:109} INFO - [2022-05-05 23:38:58,701] {dagbag.py:500} INFO - Filling up the DagBag from /home/airflow/.local/lib/python3.7/site-packages/airflow/example_dags/example_trigger_controller_dag.py
[2022-05-05 23:38:58,733] {processor.py:654} INFO - DAG(s) dict_keys(['example_trigger_controller_dag']) retrieved from /home/airflow/.local/lib/python3.7/site-packages/airflow/example_dags/example_trigger_controller_dag.py
[2022-05-05 23:38:58,752] {logging_mixin.py:109} INFO - [2022-05-05 23:38:58,752] {dag.py:2398} INFO - Sync 1 DAGs
[2022-05-05 23:38:58,775] {logging_mixin.py:109} INFO - [2022-05-05 23:38:58,775] {dag.py:2937} INFO - Setting next_dagrun for example_trigger_controller_dag to 2021-01-01T00:00:00+00:00
[2022-05-05 23:38:58,788] {processor.py:171} INFO - Processing /home/airflow/.local/lib/python3.7/site-packages/airflow/example_dags/example_trigger_controller_dag.py took 0.091 seconds
[2022-05-05 23:39:29,111] {processor.py:163} INFO - Started process (PID=172) to work on /home/airflow/.local/lib/python3.7/site-packages/airflow/example_dags/example_trigger_controller_dag.py
[2022-05-05 23:39:29,112] {processor.py:642} INFO - Processing file /home/airflow/.local/lib/python3.7/site-packages/airflow/example_dags/example_trigger_controller_dag.py for tasks to queue
[2022-05-05 23:39:29,113] {logging_mixin.py:109} INFO - [2022-05-05 23:39:29,112] {dagbag.py:500} INFO - Filling up the DagBag from /home/airflow/.local/lib/python3.7/site-packages/airflow/example_dags/example_trigger_controller_dag.py
[2022-05-05 23:39:29,143] {processor.py:654} INFO - DAG(s) dict_keys(['example_trigger_controller_dag']) retrieved from /home/airflow/.local/lib/python3.7/site-packages/airflow/example_dags/example_trigger_controller_dag.py
[2022-05-05 23:39:29,152] {logging_mixin.py:109} INFO - [2022-05-05 23:39:29,152] {dag.py:2398} INFO - Sync 1 DAGs
[2022-05-05 23:39:29,168] {logging_mixin.py:109} INFO - [2022-05-05 23:39:29,167] {dag.py:2937} INFO - Setting next_dagrun for example_trigger_controller_dag to 2021-01-01T00:00:00+00:00
[2022-05-05 23:39:29,179] {processor.py:171} INFO - Processing /home/airflow/.local/lib/python3.7/site-packages/airflow/example_dags/example_trigger_controller_dag.py took 0.070 seconds
[2022-05-05 23:39:59,509] {processor.py:163} INFO - Started process (PID=234) to work on /home/airflow/.local/lib/python3.7/site-packages/airflow/example_dags/example_trigger_controller_dag.py
[2022-05-05 23:39:59,510] {processor.py:642} INFO - Processing file /home/airflow/.local/lib/python3.7/site-packages/airflow/example_dags/example_trigger_controller_dag.py for tasks to queue
[2022-05-05 23:39:59,511] {logging_mixin.py:109} INFO - [2022-05-05 23:39:59,511] {dagbag.py:500} INFO - Filling up the DagBag from /home/airflow/.local/lib/python3.7/site-packages/airflow/example_dags/example_trigger_controller_dag.py
[2022-05-05 23:39:59,540] {processor.py:654} INFO - DAG(s) dict_keys(['example_trigger_controller_dag']) retrieved from /home/airflow/.local/lib/python3.7/site-packages/airflow/example_dags/example_trigger_controller_dag.py
[2022-05-05 23:39:59,551] {logging_mixin.py:109} INFO - [2022-05-05 23:39:59,551] {dag.py:2398} INFO - Sync 1 DAGs
[2022-05-05 23:39:59,572] {logging_mixin.py:109} INFO - [2022-05-05 23:39:59,572] {dag.py:2937} INFO - Setting next_dagrun for example_trigger_controller_dag to 2021-01-01T00:00:00+00:00
[2022-05-05 23:39:59,584] {processor.py:171} INFO - Processing /home/airflow/.local/lib/python3.7/site-packages/airflow/example_dags/example_trigger_controller_dag.py took 0.077 seconds
[2022-05-05 23:40:30,735] {processor.py:163} INFO - Started process (PID=287) to work on /home/airflow/.local/lib/python3.7/site-packages/airflow/example_dags/example_trigger_controller_dag.py
[2022-05-05 23:40:30,737] {processor.py:642} INFO - Processing file /home/airflow/.local/lib/python3.7/site-packages/airflow/example_dags/example_trigger_controller_dag.py for tasks to queue
[2022-05-05 23:40:30,738] {logging_mixin.py:109} INFO - [2022-05-05 23:40:30,738] {dagbag.py:500} INFO - Filling up the DagBag from /home/airflow/.local/lib/python3.7/site-packages/airflow/example_dags/example_trigger_controller_dag.py
[2022-05-05 23:40:30,774] {processor.py:654} INFO - DAG(s) dict_keys(['example_trigger_controller_dag']) retrieved from /home/airflow/.local/lib/python3.7/site-packages/airflow/example_dags/example_trigger_controller_dag.py
[2022-05-05 23:40:30,789] {logging_mixin.py:109} INFO - [2022-05-05 23:40:30,789] {dag.py:2398} INFO - Sync 1 DAGs
[2022-05-05 23:40:30,810] {logging_mixin.py:109} INFO - [2022-05-05 23:40:30,810] {dag.py:2937} INFO - Setting next_dagrun for example_trigger_controller_dag to 2021-01-01T00:00:00+00:00
[2022-05-05 23:40:30,822] {processor.py:171} INFO - Processing /home/airflow/.local/lib/python3.7/site-packages/airflow/example_dags/example_trigger_controller_dag.py took 0.089 seconds
[2022-05-05 23:41:01,904] {processor.py:163} INFO - Started process (PID=355) to work on /home/airflow/.local/lib/python3.7/site-packages/airflow/example_dags/example_trigger_controller_dag.py
[2022-05-05 23:41:01,905] {processor.py:642} INFO - Processing file /home/airflow/.local/lib/python3.7/site-packages/airflow/example_dags/example_trigger_controller_dag.py for tasks to queue
[2022-05-05 23:41:01,905] {logging_mixin.py:109} INFO - [2022-05-05 23:41:01,905] {dagbag.py:500} INFO - Filling up the DagBag from /home/airflow/.local/lib/python3.7/site-packages/airflow/example_dags/example_trigger_controller_dag.py
[2022-05-05 23:41:01,936] {processor.py:654} INFO - DAG(s) dict_keys(['example_trigger_controller_dag']) retrieved from /home/airflow/.local/lib/python3.7/site-packages/airflow/example_dags/example_trigger_controller_dag.py
[2022-05-05 23:41:01,946] {logging_mixin.py:109} INFO - [2022-05-05 23:41:01,946] {dag.py:2398} INFO - Sync 1 DAGs
[2022-05-05 23:41:01,964] {logging_mixin.py:109} INFO - [2022-05-05 23:41:01,964] {dag.py:2937} INFO - Setting next_dagrun for example_trigger_controller_dag to 2021-01-01T00:00:00+00:00
[2022-05-05 23:41:01,976] {processor.py:171} INFO - Processing /home/airflow/.local/lib/python3.7/site-packages/airflow/example_dags/example_trigger_controller_dag.py took 0.075 seconds
[2022-05-05 23:41:33,161] {processor.py:163} INFO - Started process (PID=435) to work on /home/airflow/.local/lib/python3.7/site-packages/airflow/example_dags/example_trigger_controller_dag.py
[2022-05-05 23:41:33,163] {processor.py:642} INFO - Processing file /home/airflow/.local/lib/python3.7/site-packages/airflow/example_dags/example_trigger_controller_dag.py for tasks to queue
[2022-05-05 23:41:33,163] {logging_mixin.py:109} INFO - [2022-05-05 23:41:33,163] {dagbag.py:500} INFO - Filling up the DagBag from /home/airflow/.local/lib/python3.7/site-packages/airflow/example_dags/example_trigger_controller_dag.py
[2022-05-05 23:41:33,187] {processor.py:654} INFO - DAG(s) dict_keys(['example_trigger_controller_dag']) retrieved from /home/airflow/.local/lib/python3.7/site-packages/airflow/example_dags/example_trigger_controller_dag.py
[2022-05-05 23:41:33,197] {logging_mixin.py:109} INFO - [2022-05-05 23:41:33,197] {dag.py:2398} INFO - Sync 1 DAGs
[2022-05-05 23:41:33,214] {logging_mixin.py:109} INFO - [2022-05-05 23:41:33,214] {dag.py:2937} INFO - Setting next_dagrun for example_trigger_controller_dag to 2021-01-01T00:00:00+00:00
[2022-05-05 23:41:33,225] {processor.py:171} INFO - Processing /home/airflow/.local/lib/python3.7/site-packages/airflow/example_dags/example_trigger_controller_dag.py took 0.066 seconds
[2022-05-05 23:42:03,567] {processor.py:163} INFO - Started process (PID=487) to work on /home/airflow/.local/lib/python3.7/site-packages/airflow/example_dags/example_trigger_controller_dag.py
[2022-05-05 23:42:03,568] {processor.py:642} INFO - Processing file /home/airflow/.local/lib/python3.7/site-packages/airflow/example_dags/example_trigger_controller_dag.py for tasks to queue
[2022-05-05 23:42:03,569] {logging_mixin.py:109} INFO - [2022-05-05 23:42:03,569] {dagbag.py:500} INFO - Filling up the DagBag from /home/airflow/.local/lib/python3.7/site-packages/airflow/example_dags/example_trigger_controller_dag.py
[2022-05-05 23:42:03,597] {processor.py:654} INFO - DAG(s) dict_keys(['example_trigger_controller_dag']) retrieved from /home/airflow/.local/lib/python3.7/site-packages/airflow/example_dags/example_trigger_controller_dag.py
[2022-05-05 23:42:03,607] {logging_mixin.py:109} INFO - [2022-05-05 23:42:03,607] {dag.py:2398} INFO - Sync 1 DAGs
[2022-05-05 23:42:03,623] {logging_mixin.py:109} INFO - [2022-05-05 23:42:03,623] {dag.py:2937} INFO - Setting next_dagrun for example_trigger_controller_dag to 2021-01-01T00:00:00+00:00
[2022-05-05 23:42:03,634] {processor.py:171} INFO - Processing /home/airflow/.local/lib/python3.7/site-packages/airflow/example_dags/example_trigger_controller_dag.py took 0.069 seconds
[2022-05-05 23:42:34,705] {processor.py:163} INFO - Started process (PID=539) to work on /home/airflow/.local/lib/python3.7/site-packages/airflow/example_dags/example_trigger_controller_dag.py
[2022-05-05 23:42:34,706] {processor.py:642} INFO - Processing file /home/airflow/.local/lib/python3.7/site-packages/airflow/example_dags/example_trigger_controller_dag.py for tasks to queue
[2022-05-05 23:42:34,707] {logging_mixin.py:109} INFO - [2022-05-05 23:42:34,707] {dagbag.py:500} INFO - Filling up the DagBag from /home/airflow/.local/lib/python3.7/site-packages/airflow/example_dags/example_trigger_controller_dag.py
[2022-05-05 23:42:34,731] {processor.py:654} INFO - DAG(s) dict_keys(['example_trigger_controller_dag']) retrieved from /home/airflow/.local/lib/python3.7/site-packages/airflow/example_dags/example_trigger_controller_dag.py
[2022-05-05 23:42:34,741] {logging_mixin.py:109} INFO - [2022-05-05 23:42:34,740] {dag.py:2398} INFO - Sync 1 DAGs
[2022-05-05 23:42:34,757] {logging_mixin.py:109} INFO - [2022-05-05 23:42:34,757] {dag.py:2937} INFO - Setting next_dagrun for example_trigger_controller_dag to 2021-01-01T00:00:00+00:00
[2022-05-05 23:42:34,768] {processor.py:171} INFO - Processing /home/airflow/.local/lib/python3.7/site-packages/airflow/example_dags/example_trigger_controller_dag.py took 0.065 seconds
