[2022-05-05 23:08:19,845] {processor.py:163} INFO - Started process (PID=350) to work on /home/airflow/.local/lib/python3.7/site-packages/airflow/example_dags/example_branch_operator.py
[2022-05-05 23:08:19,847] {processor.py:642} INFO - Processing file /home/airflow/.local/lib/python3.7/site-packages/airflow/example_dags/example_branch_operator.py for tasks to queue
[2022-05-05 23:08:19,848] {logging_mixin.py:109} INFO - [2022-05-05 23:08:19,848] {dagbag.py:500} INFO - Filling up the DagBag from /home/airflow/.local/lib/python3.7/site-packages/airflow/example_dags/example_branch_operator.py
[2022-05-05 23:08:19,892] {processor.py:654} INFO - DAG(s) dict_keys(['example_branch_operator']) retrieved from /home/airflow/.local/lib/python3.7/site-packages/airflow/example_dags/example_branch_operator.py
[2022-05-05 23:08:21,699] {logging_mixin.py:109} INFO - [2022-05-05 23:08:21,699] {opentelemetry_tracing.py:29} INFO - This service is instrumented using OpenTelemetry. OpenTelemetry could not be imported; please add opentelemetry-api and opentelemetry-instrumentation packages in order to get BigQuery Tracing data.
[2022-05-05 23:08:22,217] {logging_mixin.py:109} INFO - [2022-05-05 23:08:22,217] {manager.py:496} INFO - Created Permission View: can edit on DAG:example_branch_operator
[2022-05-05 23:08:22,231] {logging_mixin.py:109} INFO - [2022-05-05 23:08:22,231] {manager.py:496} INFO - Created Permission View: can read on DAG:example_branch_operator
[2022-05-05 23:08:22,231] {logging_mixin.py:109} INFO - [2022-05-05 23:08:22,231] {dag.py:2398} INFO - Sync 1 DAGs
[2022-05-05 23:08:22,238] {logging_mixin.py:109} INFO - [2022-05-05 23:08:22,238] {dag.py:2417} INFO - Creating ORM DAG for example_branch_operator
[2022-05-05 23:08:22,249] {logging_mixin.py:109} INFO - [2022-05-05 23:08:22,249] {dag.py:2937} INFO - Setting next_dagrun for example_branch_operator to 2022-05-04 00:00:00+00:00
[2022-05-05 23:08:22,266] {processor.py:171} INFO - Processing /home/airflow/.local/lib/python3.7/site-packages/airflow/example_dags/example_branch_operator.py took 2.425 seconds
[2022-05-05 23:08:52,864] {processor.py:163} INFO - Started process (PID=609) to work on /home/airflow/.local/lib/python3.7/site-packages/airflow/example_dags/example_branch_operator.py
[2022-05-05 23:08:52,866] {processor.py:642} INFO - Processing file /home/airflow/.local/lib/python3.7/site-packages/airflow/example_dags/example_branch_operator.py for tasks to queue
[2022-05-05 23:08:52,866] {logging_mixin.py:109} INFO - [2022-05-05 23:08:52,866] {dagbag.py:500} INFO - Filling up the DagBag from /home/airflow/.local/lib/python3.7/site-packages/airflow/example_dags/example_branch_operator.py
[2022-05-05 23:08:52,899] {processor.py:654} INFO - DAG(s) dict_keys(['example_branch_operator']) retrieved from /home/airflow/.local/lib/python3.7/site-packages/airflow/example_dags/example_branch_operator.py
[2022-05-05 23:08:52,910] {logging_mixin.py:109} INFO - [2022-05-05 23:08:52,910] {dag.py:2398} INFO - Sync 1 DAGs
[2022-05-05 23:08:52,931] {logging_mixin.py:109} INFO - [2022-05-05 23:08:52,931] {dag.py:2937} INFO - Setting next_dagrun for example_branch_operator to 2022-05-04 00:00:00+00:00
[2022-05-05 23:08:52,944] {processor.py:171} INFO - Processing /home/airflow/.local/lib/python3.7/site-packages/airflow/example_dags/example_branch_operator.py took 0.082 seconds
[2022-05-05 23:09:22,976] {processor.py:163} INFO - Started process (PID=660) to work on /home/airflow/.local/lib/python3.7/site-packages/airflow/example_dags/example_branch_operator.py
[2022-05-05 23:09:22,977] {processor.py:642} INFO - Processing file /home/airflow/.local/lib/python3.7/site-packages/airflow/example_dags/example_branch_operator.py for tasks to queue
[2022-05-05 23:09:22,978] {logging_mixin.py:109} INFO - [2022-05-05 23:09:22,978] {dagbag.py:500} INFO - Filling up the DagBag from /home/airflow/.local/lib/python3.7/site-packages/airflow/example_dags/example_branch_operator.py
[2022-05-05 23:09:23,025] {processor.py:654} INFO - DAG(s) dict_keys(['example_branch_operator']) retrieved from /home/airflow/.local/lib/python3.7/site-packages/airflow/example_dags/example_branch_operator.py
[2022-05-05 23:09:23,047] {logging_mixin.py:109} INFO - [2022-05-05 23:09:23,046] {dag.py:2398} INFO - Sync 1 DAGs
[2022-05-05 23:09:23,073] {logging_mixin.py:109} INFO - [2022-05-05 23:09:23,073] {dag.py:2937} INFO - Setting next_dagrun for example_branch_operator to 2022-05-04 00:00:00+00:00
[2022-05-05 23:09:23,087] {processor.py:171} INFO - Processing /home/airflow/.local/lib/python3.7/site-packages/airflow/example_dags/example_branch_operator.py took 0.115 seconds
[2022-05-05 23:09:53,286] {processor.py:163} INFO - Started process (PID=709) to work on /home/airflow/.local/lib/python3.7/site-packages/airflow/example_dags/example_branch_operator.py
[2022-05-05 23:09:53,288] {processor.py:642} INFO - Processing file /home/airflow/.local/lib/python3.7/site-packages/airflow/example_dags/example_branch_operator.py for tasks to queue
[2022-05-05 23:09:53,289] {logging_mixin.py:109} INFO - [2022-05-05 23:09:53,289] {dagbag.py:500} INFO - Filling up the DagBag from /home/airflow/.local/lib/python3.7/site-packages/airflow/example_dags/example_branch_operator.py
[2022-05-05 23:09:53,323] {processor.py:654} INFO - DAG(s) dict_keys(['example_branch_operator']) retrieved from /home/airflow/.local/lib/python3.7/site-packages/airflow/example_dags/example_branch_operator.py
[2022-05-05 23:09:53,335] {logging_mixin.py:109} INFO - [2022-05-05 23:09:53,335] {dag.py:2398} INFO - Sync 1 DAGs
[2022-05-05 23:09:53,366] {logging_mixin.py:109} INFO - [2022-05-05 23:09:53,366] {dag.py:2937} INFO - Setting next_dagrun for example_branch_operator to 2022-05-04 00:00:00+00:00
[2022-05-05 23:09:53,392] {processor.py:171} INFO - Processing /home/airflow/.local/lib/python3.7/site-packages/airflow/example_dags/example_branch_operator.py took 0.108 seconds
[2022-05-05 23:10:23,595] {processor.py:163} INFO - Started process (PID=770) to work on /home/airflow/.local/lib/python3.7/site-packages/airflow/example_dags/example_branch_operator.py
[2022-05-05 23:10:23,597] {processor.py:642} INFO - Processing file /home/airflow/.local/lib/python3.7/site-packages/airflow/example_dags/example_branch_operator.py for tasks to queue
[2022-05-05 23:10:23,598] {logging_mixin.py:109} INFO - [2022-05-05 23:10:23,597] {dagbag.py:500} INFO - Filling up the DagBag from /home/airflow/.local/lib/python3.7/site-packages/airflow/example_dags/example_branch_operator.py
[2022-05-05 23:10:23,635] {processor.py:654} INFO - DAG(s) dict_keys(['example_branch_operator']) retrieved from /home/airflow/.local/lib/python3.7/site-packages/airflow/example_dags/example_branch_operator.py
[2022-05-05 23:10:23,656] {logging_mixin.py:109} INFO - [2022-05-05 23:10:23,656] {dag.py:2398} INFO - Sync 1 DAGs
[2022-05-05 23:10:23,676] {logging_mixin.py:109} INFO - [2022-05-05 23:10:23,676] {dag.py:2937} INFO - Setting next_dagrun for example_branch_operator to 2022-05-04 00:00:00+00:00
[2022-05-05 23:10:23,687] {processor.py:171} INFO - Processing /home/airflow/.local/lib/python3.7/site-packages/airflow/example_dags/example_branch_operator.py took 0.095 seconds
[2022-05-05 23:10:53,779] {processor.py:163} INFO - Started process (PID=821) to work on /home/airflow/.local/lib/python3.7/site-packages/airflow/example_dags/example_branch_operator.py
[2022-05-05 23:10:53,780] {processor.py:642} INFO - Processing file /home/airflow/.local/lib/python3.7/site-packages/airflow/example_dags/example_branch_operator.py for tasks to queue
[2022-05-05 23:10:53,781] {logging_mixin.py:109} INFO - [2022-05-05 23:10:53,780] {dagbag.py:500} INFO - Filling up the DagBag from /home/airflow/.local/lib/python3.7/site-packages/airflow/example_dags/example_branch_operator.py
[2022-05-05 23:10:53,812] {processor.py:654} INFO - DAG(s) dict_keys(['example_branch_operator']) retrieved from /home/airflow/.local/lib/python3.7/site-packages/airflow/example_dags/example_branch_operator.py
[2022-05-05 23:10:53,824] {logging_mixin.py:109} INFO - [2022-05-05 23:10:53,823] {dag.py:2398} INFO - Sync 1 DAGs
[2022-05-05 23:10:53,840] {logging_mixin.py:109} INFO - [2022-05-05 23:10:53,840] {dag.py:2937} INFO - Setting next_dagrun for example_branch_operator to 2022-05-04 00:00:00+00:00
[2022-05-05 23:10:53,851] {processor.py:171} INFO - Processing /home/airflow/.local/lib/python3.7/site-packages/airflow/example_dags/example_branch_operator.py took 0.074 seconds
[2022-05-05 23:11:23,994] {processor.py:163} INFO - Started process (PID=872) to work on /home/airflow/.local/lib/python3.7/site-packages/airflow/example_dags/example_branch_operator.py
[2022-05-05 23:11:23,996] {processor.py:642} INFO - Processing file /home/airflow/.local/lib/python3.7/site-packages/airflow/example_dags/example_branch_operator.py for tasks to queue
[2022-05-05 23:11:23,996] {logging_mixin.py:109} INFO - [2022-05-05 23:11:23,996] {dagbag.py:500} INFO - Filling up the DagBag from /home/airflow/.local/lib/python3.7/site-packages/airflow/example_dags/example_branch_operator.py
[2022-05-05 23:11:24,027] {processor.py:654} INFO - DAG(s) dict_keys(['example_branch_operator']) retrieved from /home/airflow/.local/lib/python3.7/site-packages/airflow/example_dags/example_branch_operator.py
[2022-05-05 23:11:24,042] {logging_mixin.py:109} INFO - [2022-05-05 23:11:24,042] {dag.py:2398} INFO - Sync 1 DAGs
[2022-05-05 23:11:24,069] {logging_mixin.py:109} INFO - [2022-05-05 23:11:24,069] {dag.py:2937} INFO - Setting next_dagrun for example_branch_operator to 2022-05-04 00:00:00+00:00
[2022-05-05 23:11:24,086] {processor.py:171} INFO - Processing /home/airflow/.local/lib/python3.7/site-packages/airflow/example_dags/example_branch_operator.py took 0.095 seconds
[2022-05-05 23:11:54,324] {processor.py:163} INFO - Started process (PID=931) to work on /home/airflow/.local/lib/python3.7/site-packages/airflow/example_dags/example_branch_operator.py
[2022-05-05 23:11:54,325] {processor.py:642} INFO - Processing file /home/airflow/.local/lib/python3.7/site-packages/airflow/example_dags/example_branch_operator.py for tasks to queue
[2022-05-05 23:11:54,326] {logging_mixin.py:109} INFO - [2022-05-05 23:11:54,326] {dagbag.py:500} INFO - Filling up the DagBag from /home/airflow/.local/lib/python3.7/site-packages/airflow/example_dags/example_branch_operator.py
[2022-05-05 23:11:54,380] {processor.py:654} INFO - DAG(s) dict_keys(['example_branch_operator']) retrieved from /home/airflow/.local/lib/python3.7/site-packages/airflow/example_dags/example_branch_operator.py
[2022-05-05 23:11:54,401] {logging_mixin.py:109} INFO - [2022-05-05 23:11:54,401] {dag.py:2398} INFO - Sync 1 DAGs
[2022-05-05 23:11:54,433] {logging_mixin.py:109} INFO - [2022-05-05 23:11:54,433] {dag.py:2937} INFO - Setting next_dagrun for example_branch_operator to 2022-05-04 00:00:00+00:00
[2022-05-05 23:11:54,463] {processor.py:171} INFO - Processing /home/airflow/.local/lib/python3.7/site-packages/airflow/example_dags/example_branch_operator.py took 0.142 seconds
[2022-05-05 23:38:26,413] {processor.py:163} INFO - Started process (PID=61) to work on /home/airflow/.local/lib/python3.7/site-packages/airflow/example_dags/example_branch_operator.py
[2022-05-05 23:38:26,425] {processor.py:642} INFO - Processing file /home/airflow/.local/lib/python3.7/site-packages/airflow/example_dags/example_branch_operator.py for tasks to queue
[2022-05-05 23:38:26,426] {logging_mixin.py:109} INFO - [2022-05-05 23:38:26,426] {dagbag.py:500} INFO - Filling up the DagBag from /home/airflow/.local/lib/python3.7/site-packages/airflow/example_dags/example_branch_operator.py
[2022-05-05 23:38:26,474] {processor.py:654} INFO - DAG(s) dict_keys(['example_branch_operator']) retrieved from /home/airflow/.local/lib/python3.7/site-packages/airflow/example_dags/example_branch_operator.py
[2022-05-05 23:38:26,495] {logging_mixin.py:109} INFO - [2022-05-05 23:38:26,495] {dag.py:2398} INFO - Sync 1 DAGs
[2022-05-05 23:38:26,538] {logging_mixin.py:109} INFO - [2022-05-05 23:38:26,538] {dag.py:2937} INFO - Setting next_dagrun for example_branch_operator to 2022-05-04 00:00:00+00:00
[2022-05-05 23:38:26,561] {processor.py:171} INFO - Processing /home/airflow/.local/lib/python3.7/site-packages/airflow/example_dags/example_branch_operator.py took 0.151 seconds
[2022-05-05 23:38:57,244] {processor.py:163} INFO - Started process (PID=114) to work on /home/airflow/.local/lib/python3.7/site-packages/airflow/example_dags/example_branch_operator.py
[2022-05-05 23:38:57,245] {processor.py:642} INFO - Processing file /home/airflow/.local/lib/python3.7/site-packages/airflow/example_dags/example_branch_operator.py for tasks to queue
[2022-05-05 23:38:57,246] {logging_mixin.py:109} INFO - [2022-05-05 23:38:57,246] {dagbag.py:500} INFO - Filling up the DagBag from /home/airflow/.local/lib/python3.7/site-packages/airflow/example_dags/example_branch_operator.py
[2022-05-05 23:38:57,280] {processor.py:654} INFO - DAG(s) dict_keys(['example_branch_operator']) retrieved from /home/airflow/.local/lib/python3.7/site-packages/airflow/example_dags/example_branch_operator.py
[2022-05-05 23:38:57,294] {logging_mixin.py:109} INFO - [2022-05-05 23:38:57,294] {dag.py:2398} INFO - Sync 1 DAGs
[2022-05-05 23:38:57,312] {logging_mixin.py:109} INFO - [2022-05-05 23:38:57,312] {dag.py:2937} INFO - Setting next_dagrun for example_branch_operator to 2022-05-04 00:00:00+00:00
[2022-05-05 23:38:57,324] {processor.py:171} INFO - Processing /home/airflow/.local/lib/python3.7/site-packages/airflow/example_dags/example_branch_operator.py took 0.082 seconds
[2022-05-05 23:39:28,651] {processor.py:163} INFO - Started process (PID=166) to work on /home/airflow/.local/lib/python3.7/site-packages/airflow/example_dags/example_branch_operator.py
[2022-05-05 23:39:28,652] {processor.py:642} INFO - Processing file /home/airflow/.local/lib/python3.7/site-packages/airflow/example_dags/example_branch_operator.py for tasks to queue
[2022-05-05 23:39:28,653] {logging_mixin.py:109} INFO - [2022-05-05 23:39:28,653] {dagbag.py:500} INFO - Filling up the DagBag from /home/airflow/.local/lib/python3.7/site-packages/airflow/example_dags/example_branch_operator.py
[2022-05-05 23:39:28,689] {processor.py:654} INFO - DAG(s) dict_keys(['example_branch_operator']) retrieved from /home/airflow/.local/lib/python3.7/site-packages/airflow/example_dags/example_branch_operator.py
[2022-05-05 23:39:28,702] {logging_mixin.py:109} INFO - [2022-05-05 23:39:28,702] {dag.py:2398} INFO - Sync 1 DAGs
[2022-05-05 23:39:28,719] {logging_mixin.py:109} INFO - [2022-05-05 23:39:28,719] {dag.py:2937} INFO - Setting next_dagrun for example_branch_operator to 2022-05-04 00:00:00+00:00
[2022-05-05 23:39:28,735] {processor.py:171} INFO - Processing /home/airflow/.local/lib/python3.7/site-packages/airflow/example_dags/example_branch_operator.py took 0.088 seconds
[2022-05-05 23:39:59,090] {processor.py:163} INFO - Started process (PID=228) to work on /home/airflow/.local/lib/python3.7/site-packages/airflow/example_dags/example_branch_operator.py
[2022-05-05 23:39:59,091] {processor.py:642} INFO - Processing file /home/airflow/.local/lib/python3.7/site-packages/airflow/example_dags/example_branch_operator.py for tasks to queue
[2022-05-05 23:39:59,092] {logging_mixin.py:109} INFO - [2022-05-05 23:39:59,092] {dagbag.py:500} INFO - Filling up the DagBag from /home/airflow/.local/lib/python3.7/site-packages/airflow/example_dags/example_branch_operator.py
[2022-05-05 23:39:59,134] {processor.py:654} INFO - DAG(s) dict_keys(['example_branch_operator']) retrieved from /home/airflow/.local/lib/python3.7/site-packages/airflow/example_dags/example_branch_operator.py
[2022-05-05 23:39:59,147] {logging_mixin.py:109} INFO - [2022-05-05 23:39:59,147] {dag.py:2398} INFO - Sync 1 DAGs
[2022-05-05 23:39:59,171] {logging_mixin.py:109} INFO - [2022-05-05 23:39:59,171] {dag.py:2937} INFO - Setting next_dagrun for example_branch_operator to 2022-05-04 00:00:00+00:00
[2022-05-05 23:39:59,187] {processor.py:171} INFO - Processing /home/airflow/.local/lib/python3.7/site-packages/airflow/example_dags/example_branch_operator.py took 0.099 seconds
[2022-05-05 23:40:30,212] {processor.py:163} INFO - Started process (PID=279) to work on /home/airflow/.local/lib/python3.7/site-packages/airflow/example_dags/example_branch_operator.py
[2022-05-05 23:40:30,213] {processor.py:642} INFO - Processing file /home/airflow/.local/lib/python3.7/site-packages/airflow/example_dags/example_branch_operator.py for tasks to queue
[2022-05-05 23:40:30,214] {logging_mixin.py:109} INFO - [2022-05-05 23:40:30,214] {dagbag.py:500} INFO - Filling up the DagBag from /home/airflow/.local/lib/python3.7/site-packages/airflow/example_dags/example_branch_operator.py
[2022-05-05 23:40:30,248] {processor.py:654} INFO - DAG(s) dict_keys(['example_branch_operator']) retrieved from /home/airflow/.local/lib/python3.7/site-packages/airflow/example_dags/example_branch_operator.py
[2022-05-05 23:40:30,259] {logging_mixin.py:109} INFO - [2022-05-05 23:40:30,259] {dag.py:2398} INFO - Sync 1 DAGs
[2022-05-05 23:40:30,279] {logging_mixin.py:109} INFO - [2022-05-05 23:40:30,279] {dag.py:2937} INFO - Setting next_dagrun for example_branch_operator to 2022-05-04 00:00:00+00:00
[2022-05-05 23:40:30,291] {processor.py:171} INFO - Processing /home/airflow/.local/lib/python3.7/site-packages/airflow/example_dags/example_branch_operator.py took 0.081 seconds
[2022-05-05 23:41:01,394] {processor.py:163} INFO - Started process (PID=347) to work on /home/airflow/.local/lib/python3.7/site-packages/airflow/example_dags/example_branch_operator.py
[2022-05-05 23:41:01,395] {processor.py:642} INFO - Processing file /home/airflow/.local/lib/python3.7/site-packages/airflow/example_dags/example_branch_operator.py for tasks to queue
[2022-05-05 23:41:01,396] {logging_mixin.py:109} INFO - [2022-05-05 23:41:01,396] {dagbag.py:500} INFO - Filling up the DagBag from /home/airflow/.local/lib/python3.7/site-packages/airflow/example_dags/example_branch_operator.py
[2022-05-05 23:41:01,428] {processor.py:654} INFO - DAG(s) dict_keys(['example_branch_operator']) retrieved from /home/airflow/.local/lib/python3.7/site-packages/airflow/example_dags/example_branch_operator.py
[2022-05-05 23:41:01,440] {logging_mixin.py:109} INFO - [2022-05-05 23:41:01,440] {dag.py:2398} INFO - Sync 1 DAGs
[2022-05-05 23:41:01,460] {logging_mixin.py:109} INFO - [2022-05-05 23:41:01,459] {dag.py:2937} INFO - Setting next_dagrun for example_branch_operator to 2022-05-04 00:00:00+00:00
[2022-05-05 23:41:01,477] {processor.py:171} INFO - Processing /home/airflow/.local/lib/python3.7/site-packages/airflow/example_dags/example_branch_operator.py took 0.085 seconds
[2022-05-05 23:41:32,648] {processor.py:163} INFO - Started process (PID=427) to work on /home/airflow/.local/lib/python3.7/site-packages/airflow/example_dags/example_branch_operator.py
[2022-05-05 23:41:32,649] {processor.py:642} INFO - Processing file /home/airflow/.local/lib/python3.7/site-packages/airflow/example_dags/example_branch_operator.py for tasks to queue
[2022-05-05 23:41:32,649] {logging_mixin.py:109} INFO - [2022-05-05 23:41:32,649] {dagbag.py:500} INFO - Filling up the DagBag from /home/airflow/.local/lib/python3.7/site-packages/airflow/example_dags/example_branch_operator.py
[2022-05-05 23:41:32,681] {processor.py:654} INFO - DAG(s) dict_keys(['example_branch_operator']) retrieved from /home/airflow/.local/lib/python3.7/site-packages/airflow/example_dags/example_branch_operator.py
[2022-05-05 23:41:32,694] {logging_mixin.py:109} INFO - [2022-05-05 23:41:32,693] {dag.py:2398} INFO - Sync 1 DAGs
[2022-05-05 23:41:32,715] {logging_mixin.py:109} INFO - [2022-05-05 23:41:32,714] {dag.py:2937} INFO - Setting next_dagrun for example_branch_operator to 2022-05-04 00:00:00+00:00
[2022-05-05 23:41:32,729] {processor.py:171} INFO - Processing /home/airflow/.local/lib/python3.7/site-packages/airflow/example_dags/example_branch_operator.py took 0.084 seconds
[2022-05-05 23:42:03,113] {processor.py:163} INFO - Started process (PID=480) to work on /home/airflow/.local/lib/python3.7/site-packages/airflow/example_dags/example_branch_operator.py
[2022-05-05 23:42:03,113] {processor.py:642} INFO - Processing file /home/airflow/.local/lib/python3.7/site-packages/airflow/example_dags/example_branch_operator.py for tasks to queue
[2022-05-05 23:42:03,114] {logging_mixin.py:109} INFO - [2022-05-05 23:42:03,114] {dagbag.py:500} INFO - Filling up the DagBag from /home/airflow/.local/lib/python3.7/site-packages/airflow/example_dags/example_branch_operator.py
[2022-05-05 23:42:03,144] {processor.py:654} INFO - DAG(s) dict_keys(['example_branch_operator']) retrieved from /home/airflow/.local/lib/python3.7/site-packages/airflow/example_dags/example_branch_operator.py
[2022-05-05 23:42:03,155] {logging_mixin.py:109} INFO - [2022-05-05 23:42:03,155] {dag.py:2398} INFO - Sync 1 DAGs
[2022-05-05 23:42:03,174] {logging_mixin.py:109} INFO - [2022-05-05 23:42:03,174] {dag.py:2937} INFO - Setting next_dagrun for example_branch_operator to 2022-05-04 00:00:00+00:00
[2022-05-05 23:42:03,187] {processor.py:171} INFO - Processing /home/airflow/.local/lib/python3.7/site-packages/airflow/example_dags/example_branch_operator.py took 0.076 seconds
[2022-05-05 23:42:34,237] {processor.py:163} INFO - Started process (PID=531) to work on /home/airflow/.local/lib/python3.7/site-packages/airflow/example_dags/example_branch_operator.py
[2022-05-05 23:42:34,238] {processor.py:642} INFO - Processing file /home/airflow/.local/lib/python3.7/site-packages/airflow/example_dags/example_branch_operator.py for tasks to queue
[2022-05-05 23:42:34,239] {logging_mixin.py:109} INFO - [2022-05-05 23:42:34,239] {dagbag.py:500} INFO - Filling up the DagBag from /home/airflow/.local/lib/python3.7/site-packages/airflow/example_dags/example_branch_operator.py
[2022-05-05 23:42:34,271] {processor.py:654} INFO - DAG(s) dict_keys(['example_branch_operator']) retrieved from /home/airflow/.local/lib/python3.7/site-packages/airflow/example_dags/example_branch_operator.py
[2022-05-05 23:42:34,282] {logging_mixin.py:109} INFO - [2022-05-05 23:42:34,282] {dag.py:2398} INFO - Sync 1 DAGs
[2022-05-05 23:42:34,301] {logging_mixin.py:109} INFO - [2022-05-05 23:42:34,301] {dag.py:2937} INFO - Setting next_dagrun for example_branch_operator to 2022-05-04 00:00:00+00:00
[2022-05-05 23:42:34,311] {processor.py:171} INFO - Processing /home/airflow/.local/lib/python3.7/site-packages/airflow/example_dags/example_branch_operator.py took 0.077 seconds
