[2022-05-05 23:08:07,413] {processor.py:163} INFO - Started process (PID=170) to work on /home/airflow/.local/lib/python3.7/site-packages/airflow/example_dags/example_complex.py
[2022-05-05 23:08:07,415] {processor.py:642} INFO - Processing file /home/airflow/.local/lib/python3.7/site-packages/airflow/example_dags/example_complex.py for tasks to queue
[2022-05-05 23:08:07,416] {logging_mixin.py:109} INFO - [2022-05-05 23:08:07,416] {dagbag.py:500} INFO - Filling up the DagBag from /home/airflow/.local/lib/python3.7/site-packages/airflow/example_dags/example_complex.py
[2022-05-05 23:08:07,466] {processor.py:654} INFO - DAG(s) dict_keys(['example_complex']) retrieved from /home/airflow/.local/lib/python3.7/site-packages/airflow/example_dags/example_complex.py
[2022-05-05 23:08:09,022] {logging_mixin.py:109} INFO - [2022-05-05 23:08:09,022] {opentelemetry_tracing.py:29} INFO - This service is instrumented using OpenTelemetry. OpenTelemetry could not be imported; please add opentelemetry-api and opentelemetry-instrumentation packages in order to get BigQuery Tracing data.
[2022-05-05 23:08:09,536] {logging_mixin.py:109} INFO - [2022-05-05 23:08:09,535] {manager.py:496} INFO - Created Permission View: can edit on DAG:example_complex
[2022-05-05 23:08:09,548] {logging_mixin.py:109} INFO - [2022-05-05 23:08:09,548] {manager.py:496} INFO - Created Permission View: can read on DAG:example_complex
[2022-05-05 23:08:09,549] {logging_mixin.py:109} INFO - [2022-05-05 23:08:09,548] {dag.py:2398} INFO - Sync 1 DAGs
[2022-05-05 23:08:09,557] {logging_mixin.py:109} INFO - [2022-05-05 23:08:09,556] {dag.py:2417} INFO - Creating ORM DAG for example_complex
[2022-05-05 23:08:09,565] {logging_mixin.py:109} INFO - [2022-05-05 23:08:09,565] {dag.py:2937} INFO - Setting next_dagrun for example_complex to None
[2022-05-05 23:08:09,584] {processor.py:171} INFO - Processing /home/airflow/.local/lib/python3.7/site-packages/airflow/example_dags/example_complex.py took 2.174 seconds
[2022-05-05 23:08:40,244] {processor.py:163} INFO - Started process (PID=590) to work on /home/airflow/.local/lib/python3.7/site-packages/airflow/example_dags/example_complex.py
[2022-05-05 23:08:40,246] {processor.py:642} INFO - Processing file /home/airflow/.local/lib/python3.7/site-packages/airflow/example_dags/example_complex.py for tasks to queue
[2022-05-05 23:08:40,246] {logging_mixin.py:109} INFO - [2022-05-05 23:08:40,246] {dagbag.py:500} INFO - Filling up the DagBag from /home/airflow/.local/lib/python3.7/site-packages/airflow/example_dags/example_complex.py
[2022-05-05 23:08:40,300] {processor.py:654} INFO - DAG(s) dict_keys(['example_complex']) retrieved from /home/airflow/.local/lib/python3.7/site-packages/airflow/example_dags/example_complex.py
[2022-05-05 23:08:40,319] {logging_mixin.py:109} INFO - [2022-05-05 23:08:40,319] {dag.py:2398} INFO - Sync 1 DAGs
[2022-05-05 23:08:40,337] {logging_mixin.py:109} INFO - [2022-05-05 23:08:40,337] {dag.py:2937} INFO - Setting next_dagrun for example_complex to None
[2022-05-05 23:08:40,359] {processor.py:171} INFO - Processing /home/airflow/.local/lib/python3.7/site-packages/airflow/example_dags/example_complex.py took 0.117 seconds
[2022-05-05 23:09:11,176] {processor.py:163} INFO - Started process (PID=641) to work on /home/airflow/.local/lib/python3.7/site-packages/airflow/example_dags/example_complex.py
[2022-05-05 23:09:11,184] {processor.py:642} INFO - Processing file /home/airflow/.local/lib/python3.7/site-packages/airflow/example_dags/example_complex.py for tasks to queue
[2022-05-05 23:09:11,185] {logging_mixin.py:109} INFO - [2022-05-05 23:09:11,185] {dagbag.py:500} INFO - Filling up the DagBag from /home/airflow/.local/lib/python3.7/site-packages/airflow/example_dags/example_complex.py
[2022-05-05 23:09:11,223] {processor.py:654} INFO - DAG(s) dict_keys(['example_complex']) retrieved from /home/airflow/.local/lib/python3.7/site-packages/airflow/example_dags/example_complex.py
[2022-05-05 23:09:11,240] {logging_mixin.py:109} INFO - [2022-05-05 23:09:11,240] {dag.py:2398} INFO - Sync 1 DAGs
[2022-05-05 23:09:11,258] {logging_mixin.py:109} INFO - [2022-05-05 23:09:11,258] {dag.py:2937} INFO - Setting next_dagrun for example_complex to None
[2022-05-05 23:09:11,272] {processor.py:171} INFO - Processing /home/airflow/.local/lib/python3.7/site-packages/airflow/example_dags/example_complex.py took 0.099 seconds
[2022-05-05 23:09:41,799] {processor.py:163} INFO - Started process (PID=700) to work on /home/airflow/.local/lib/python3.7/site-packages/airflow/example_dags/example_complex.py
[2022-05-05 23:09:41,802] {processor.py:642} INFO - Processing file /home/airflow/.local/lib/python3.7/site-packages/airflow/example_dags/example_complex.py for tasks to queue
[2022-05-05 23:09:41,803] {logging_mixin.py:109} INFO - [2022-05-05 23:09:41,803] {dagbag.py:500} INFO - Filling up the DagBag from /home/airflow/.local/lib/python3.7/site-packages/airflow/example_dags/example_complex.py
[2022-05-05 23:09:41,863] {processor.py:654} INFO - DAG(s) dict_keys(['example_complex']) retrieved from /home/airflow/.local/lib/python3.7/site-packages/airflow/example_dags/example_complex.py
[2022-05-05 23:09:41,892] {logging_mixin.py:109} INFO - [2022-05-05 23:09:41,892] {dag.py:2398} INFO - Sync 1 DAGs
[2022-05-05 23:09:41,921] {logging_mixin.py:109} INFO - [2022-05-05 23:09:41,920] {dag.py:2937} INFO - Setting next_dagrun for example_complex to None
[2022-05-05 23:09:41,938] {processor.py:171} INFO - Processing /home/airflow/.local/lib/python3.7/site-packages/airflow/example_dags/example_complex.py took 0.142 seconds
[2022-05-05 23:10:11,979] {processor.py:163} INFO - Started process (PID=751) to work on /home/airflow/.local/lib/python3.7/site-packages/airflow/example_dags/example_complex.py
[2022-05-05 23:10:11,991] {processor.py:642} INFO - Processing file /home/airflow/.local/lib/python3.7/site-packages/airflow/example_dags/example_complex.py for tasks to queue
[2022-05-05 23:10:11,992] {logging_mixin.py:109} INFO - [2022-05-05 23:10:11,992] {dagbag.py:500} INFO - Filling up the DagBag from /home/airflow/.local/lib/python3.7/site-packages/airflow/example_dags/example_complex.py
[2022-05-05 23:10:12,031] {processor.py:654} INFO - DAG(s) dict_keys(['example_complex']) retrieved from /home/airflow/.local/lib/python3.7/site-packages/airflow/example_dags/example_complex.py
[2022-05-05 23:10:12,049] {logging_mixin.py:109} INFO - [2022-05-05 23:10:12,049] {dag.py:2398} INFO - Sync 1 DAGs
[2022-05-05 23:10:12,068] {logging_mixin.py:109} INFO - [2022-05-05 23:10:12,068] {dag.py:2937} INFO - Setting next_dagrun for example_complex to None
[2022-05-05 23:10:12,080] {processor.py:171} INFO - Processing /home/airflow/.local/lib/python3.7/site-packages/airflow/example_dags/example_complex.py took 0.103 seconds
[2022-05-05 23:10:42,370] {processor.py:163} INFO - Started process (PID=803) to work on /home/airflow/.local/lib/python3.7/site-packages/airflow/example_dags/example_complex.py
[2022-05-05 23:10:42,372] {processor.py:642} INFO - Processing file /home/airflow/.local/lib/python3.7/site-packages/airflow/example_dags/example_complex.py for tasks to queue
[2022-05-05 23:10:42,372] {logging_mixin.py:109} INFO - [2022-05-05 23:10:42,372] {dagbag.py:500} INFO - Filling up the DagBag from /home/airflow/.local/lib/python3.7/site-packages/airflow/example_dags/example_complex.py
[2022-05-05 23:10:42,412] {processor.py:654} INFO - DAG(s) dict_keys(['example_complex']) retrieved from /home/airflow/.local/lib/python3.7/site-packages/airflow/example_dags/example_complex.py
[2022-05-05 23:10:42,430] {logging_mixin.py:109} INFO - [2022-05-05 23:10:42,430] {dag.py:2398} INFO - Sync 1 DAGs
[2022-05-05 23:10:42,448] {logging_mixin.py:109} INFO - [2022-05-05 23:10:42,448] {dag.py:2937} INFO - Setting next_dagrun for example_complex to None
[2022-05-05 23:10:42,460] {processor.py:171} INFO - Processing /home/airflow/.local/lib/python3.7/site-packages/airflow/example_dags/example_complex.py took 0.091 seconds
[2022-05-05 23:11:13,287] {processor.py:163} INFO - Started process (PID=860) to work on /home/airflow/.local/lib/python3.7/site-packages/airflow/example_dags/example_complex.py
[2022-05-05 23:11:13,289] {processor.py:642} INFO - Processing file /home/airflow/.local/lib/python3.7/site-packages/airflow/example_dags/example_complex.py for tasks to queue
[2022-05-05 23:11:13,289] {logging_mixin.py:109} INFO - [2022-05-05 23:11:13,289] {dagbag.py:500} INFO - Filling up the DagBag from /home/airflow/.local/lib/python3.7/site-packages/airflow/example_dags/example_complex.py
[2022-05-05 23:11:13,339] {processor.py:654} INFO - DAG(s) dict_keys(['example_complex']) retrieved from /home/airflow/.local/lib/python3.7/site-packages/airflow/example_dags/example_complex.py
[2022-05-05 23:11:13,361] {logging_mixin.py:109} INFO - [2022-05-05 23:11:13,361] {dag.py:2398} INFO - Sync 1 DAGs
[2022-05-05 23:11:13,385] {logging_mixin.py:109} INFO - [2022-05-05 23:11:13,385] {dag.py:2937} INFO - Setting next_dagrun for example_complex to None
[2022-05-05 23:11:13,401] {processor.py:171} INFO - Processing /home/airflow/.local/lib/python3.7/site-packages/airflow/example_dags/example_complex.py took 0.117 seconds
[2022-05-05 23:11:44,433] {processor.py:163} INFO - Started process (PID=912) to work on /home/airflow/.local/lib/python3.7/site-packages/airflow/example_dags/example_complex.py
[2022-05-05 23:11:44,435] {processor.py:642} INFO - Processing file /home/airflow/.local/lib/python3.7/site-packages/airflow/example_dags/example_complex.py for tasks to queue
[2022-05-05 23:11:44,437] {logging_mixin.py:109} INFO - [2022-05-05 23:11:44,436] {dagbag.py:500} INFO - Filling up the DagBag from /home/airflow/.local/lib/python3.7/site-packages/airflow/example_dags/example_complex.py
[2022-05-05 23:11:44,505] {processor.py:654} INFO - DAG(s) dict_keys(['example_complex']) retrieved from /home/airflow/.local/lib/python3.7/site-packages/airflow/example_dags/example_complex.py
[2022-05-05 23:11:44,529] {logging_mixin.py:109} INFO - [2022-05-05 23:11:44,528] {dag.py:2398} INFO - Sync 1 DAGs
[2022-05-05 23:11:44,549] {logging_mixin.py:109} INFO - [2022-05-05 23:11:44,549] {dag.py:2937} INFO - Setting next_dagrun for example_complex to None
[2022-05-05 23:11:44,563] {processor.py:171} INFO - Processing /home/airflow/.local/lib/python3.7/site-packages/airflow/example_dags/example_complex.py took 0.134 seconds
[2022-05-05 23:38:25,625] {processor.py:163} INFO - Started process (PID=51) to work on /home/airflow/.local/lib/python3.7/site-packages/airflow/example_dags/example_complex.py
[2022-05-05 23:38:25,627] {processor.py:642} INFO - Processing file /home/airflow/.local/lib/python3.7/site-packages/airflow/example_dags/example_complex.py for tasks to queue
[2022-05-05 23:38:25,628] {logging_mixin.py:109} INFO - [2022-05-05 23:38:25,628] {dagbag.py:500} INFO - Filling up the DagBag from /home/airflow/.local/lib/python3.7/site-packages/airflow/example_dags/example_complex.py
[2022-05-05 23:38:25,678] {processor.py:654} INFO - DAG(s) dict_keys(['example_complex']) retrieved from /home/airflow/.local/lib/python3.7/site-packages/airflow/example_dags/example_complex.py
[2022-05-05 23:38:25,701] {logging_mixin.py:109} INFO - [2022-05-05 23:38:25,701] {dag.py:2398} INFO - Sync 1 DAGs
[2022-05-05 23:38:25,721] {logging_mixin.py:109} INFO - [2022-05-05 23:38:25,721] {dag.py:2937} INFO - Setting next_dagrun for example_complex to None
[2022-05-05 23:38:25,737] {processor.py:171} INFO - Processing /home/airflow/.local/lib/python3.7/site-packages/airflow/example_dags/example_complex.py took 0.115 seconds
[2022-05-05 23:38:56,713] {processor.py:163} INFO - Started process (PID=104) to work on /home/airflow/.local/lib/python3.7/site-packages/airflow/example_dags/example_complex.py
[2022-05-05 23:38:56,714] {processor.py:642} INFO - Processing file /home/airflow/.local/lib/python3.7/site-packages/airflow/example_dags/example_complex.py for tasks to queue
[2022-05-05 23:38:56,714] {logging_mixin.py:109} INFO - [2022-05-05 23:38:56,714] {dagbag.py:500} INFO - Filling up the DagBag from /home/airflow/.local/lib/python3.7/site-packages/airflow/example_dags/example_complex.py
[2022-05-05 23:38:56,756] {processor.py:654} INFO - DAG(s) dict_keys(['example_complex']) retrieved from /home/airflow/.local/lib/python3.7/site-packages/airflow/example_dags/example_complex.py
[2022-05-05 23:38:56,777] {logging_mixin.py:109} INFO - [2022-05-05 23:38:56,777] {dag.py:2398} INFO - Sync 1 DAGs
[2022-05-05 23:38:56,795] {logging_mixin.py:109} INFO - [2022-05-05 23:38:56,795] {dag.py:2937} INFO - Setting next_dagrun for example_complex to None
[2022-05-05 23:38:56,806] {processor.py:171} INFO - Processing /home/airflow/.local/lib/python3.7/site-packages/airflow/example_dags/example_complex.py took 0.096 seconds
[2022-05-05 23:39:28,017] {processor.py:163} INFO - Started process (PID=156) to work on /home/airflow/.local/lib/python3.7/site-packages/airflow/example_dags/example_complex.py
[2022-05-05 23:39:28,018] {processor.py:642} INFO - Processing file /home/airflow/.local/lib/python3.7/site-packages/airflow/example_dags/example_complex.py for tasks to queue
[2022-05-05 23:39:28,019] {logging_mixin.py:109} INFO - [2022-05-05 23:39:28,019] {dagbag.py:500} INFO - Filling up the DagBag from /home/airflow/.local/lib/python3.7/site-packages/airflow/example_dags/example_complex.py
[2022-05-05 23:39:28,063] {processor.py:654} INFO - DAG(s) dict_keys(['example_complex']) retrieved from /home/airflow/.local/lib/python3.7/site-packages/airflow/example_dags/example_complex.py
[2022-05-05 23:39:28,081] {logging_mixin.py:109} INFO - [2022-05-05 23:39:28,081] {dag.py:2398} INFO - Sync 1 DAGs
[2022-05-05 23:39:28,100] {logging_mixin.py:109} INFO - [2022-05-05 23:39:28,100] {dag.py:2937} INFO - Setting next_dagrun for example_complex to None
[2022-05-05 23:39:28,115] {processor.py:171} INFO - Processing /home/airflow/.local/lib/python3.7/site-packages/airflow/example_dags/example_complex.py took 0.100 seconds
[2022-05-05 23:39:58,363] {processor.py:163} INFO - Started process (PID=216) to work on /home/airflow/.local/lib/python3.7/site-packages/airflow/example_dags/example_complex.py
[2022-05-05 23:39:58,364] {processor.py:642} INFO - Processing file /home/airflow/.local/lib/python3.7/site-packages/airflow/example_dags/example_complex.py for tasks to queue
[2022-05-05 23:39:58,365] {logging_mixin.py:109} INFO - [2022-05-05 23:39:58,365] {dagbag.py:500} INFO - Filling up the DagBag from /home/airflow/.local/lib/python3.7/site-packages/airflow/example_dags/example_complex.py
[2022-05-05 23:39:58,400] {processor.py:654} INFO - DAG(s) dict_keys(['example_complex']) retrieved from /home/airflow/.local/lib/python3.7/site-packages/airflow/example_dags/example_complex.py
[2022-05-05 23:39:58,417] {logging_mixin.py:109} INFO - [2022-05-05 23:39:58,417] {dag.py:2398} INFO - Sync 1 DAGs
[2022-05-05 23:39:58,432] {logging_mixin.py:109} INFO - [2022-05-05 23:39:58,432] {dag.py:2937} INFO - Setting next_dagrun for example_complex to None
[2022-05-05 23:39:58,445] {processor.py:171} INFO - Processing /home/airflow/.local/lib/python3.7/site-packages/airflow/example_dags/example_complex.py took 0.085 seconds
[2022-05-05 23:40:29,634] {processor.py:163} INFO - Started process (PID=270) to work on /home/airflow/.local/lib/python3.7/site-packages/airflow/example_dags/example_complex.py
[2022-05-05 23:40:29,635] {processor.py:642} INFO - Processing file /home/airflow/.local/lib/python3.7/site-packages/airflow/example_dags/example_complex.py for tasks to queue
[2022-05-05 23:40:29,636] {logging_mixin.py:109} INFO - [2022-05-05 23:40:29,636] {dagbag.py:500} INFO - Filling up the DagBag from /home/airflow/.local/lib/python3.7/site-packages/airflow/example_dags/example_complex.py
[2022-05-05 23:40:29,688] {processor.py:654} INFO - DAG(s) dict_keys(['example_complex']) retrieved from /home/airflow/.local/lib/python3.7/site-packages/airflow/example_dags/example_complex.py
[2022-05-05 23:40:29,710] {logging_mixin.py:109} INFO - [2022-05-05 23:40:29,709] {dag.py:2398} INFO - Sync 1 DAGs
[2022-05-05 23:40:29,726] {logging_mixin.py:109} INFO - [2022-05-05 23:40:29,726] {dag.py:2937} INFO - Setting next_dagrun for example_complex to None
[2022-05-05 23:40:29,738] {processor.py:171} INFO - Processing /home/airflow/.local/lib/python3.7/site-packages/airflow/example_dags/example_complex.py took 0.107 seconds
[2022-05-05 23:41:00,795] {processor.py:163} INFO - Started process (PID=338) to work on /home/airflow/.local/lib/python3.7/site-packages/airflow/example_dags/example_complex.py
[2022-05-05 23:41:00,797] {processor.py:642} INFO - Processing file /home/airflow/.local/lib/python3.7/site-packages/airflow/example_dags/example_complex.py for tasks to queue
[2022-05-05 23:41:00,798] {logging_mixin.py:109} INFO - [2022-05-05 23:41:00,797] {dagbag.py:500} INFO - Filling up the DagBag from /home/airflow/.local/lib/python3.7/site-packages/airflow/example_dags/example_complex.py
[2022-05-05 23:41:00,841] {processor.py:654} INFO - DAG(s) dict_keys(['example_complex']) retrieved from /home/airflow/.local/lib/python3.7/site-packages/airflow/example_dags/example_complex.py
[2022-05-05 23:41:00,859] {logging_mixin.py:109} INFO - [2022-05-05 23:41:00,859] {dag.py:2398} INFO - Sync 1 DAGs
[2022-05-05 23:41:00,878] {logging_mixin.py:109} INFO - [2022-05-05 23:41:00,878] {dag.py:2937} INFO - Setting next_dagrun for example_complex to None
[2022-05-05 23:41:00,893] {processor.py:171} INFO - Processing /home/airflow/.local/lib/python3.7/site-packages/airflow/example_dags/example_complex.py took 0.101 seconds
[2022-05-05 23:41:32,091] {processor.py:163} INFO - Started process (PID=415) to work on /home/airflow/.local/lib/python3.7/site-packages/airflow/example_dags/example_complex.py
[2022-05-05 23:41:32,093] {processor.py:642} INFO - Processing file /home/airflow/.local/lib/python3.7/site-packages/airflow/example_dags/example_complex.py for tasks to queue
[2022-05-05 23:41:32,094] {logging_mixin.py:109} INFO - [2022-05-05 23:41:32,094] {dagbag.py:500} INFO - Filling up the DagBag from /home/airflow/.local/lib/python3.7/site-packages/airflow/example_dags/example_complex.py
[2022-05-05 23:41:32,145] {processor.py:654} INFO - DAG(s) dict_keys(['example_complex']) retrieved from /home/airflow/.local/lib/python3.7/site-packages/airflow/example_dags/example_complex.py
[2022-05-05 23:41:32,165] {logging_mixin.py:109} INFO - [2022-05-05 23:41:32,165] {dag.py:2398} INFO - Sync 1 DAGs
[2022-05-05 23:41:32,185] {logging_mixin.py:109} INFO - [2022-05-05 23:41:32,185] {dag.py:2937} INFO - Setting next_dagrun for example_complex to None
[2022-05-05 23:41:32,202] {processor.py:171} INFO - Processing /home/airflow/.local/lib/python3.7/site-packages/airflow/example_dags/example_complex.py took 0.114 seconds
[2022-05-05 23:42:02,589] {processor.py:163} INFO - Started process (PID=471) to work on /home/airflow/.local/lib/python3.7/site-packages/airflow/example_dags/example_complex.py
[2022-05-05 23:42:02,590] {processor.py:642} INFO - Processing file /home/airflow/.local/lib/python3.7/site-packages/airflow/example_dags/example_complex.py for tasks to queue
[2022-05-05 23:42:02,591] {logging_mixin.py:109} INFO - [2022-05-05 23:42:02,591] {dagbag.py:500} INFO - Filling up the DagBag from /home/airflow/.local/lib/python3.7/site-packages/airflow/example_dags/example_complex.py
[2022-05-05 23:42:02,625] {processor.py:654} INFO - DAG(s) dict_keys(['example_complex']) retrieved from /home/airflow/.local/lib/python3.7/site-packages/airflow/example_dags/example_complex.py
[2022-05-05 23:42:02,643] {logging_mixin.py:109} INFO - [2022-05-05 23:42:02,642] {dag.py:2398} INFO - Sync 1 DAGs
[2022-05-05 23:42:02,659] {logging_mixin.py:109} INFO - [2022-05-05 23:42:02,659] {dag.py:2937} INFO - Setting next_dagrun for example_complex to None
[2022-05-05 23:42:02,672] {processor.py:171} INFO - Processing /home/airflow/.local/lib/python3.7/site-packages/airflow/example_dags/example_complex.py took 0.085 seconds
[2022-05-05 23:42:33,759] {processor.py:163} INFO - Started process (PID=522) to work on /home/airflow/.local/lib/python3.7/site-packages/airflow/example_dags/example_complex.py
[2022-05-05 23:42:33,761] {processor.py:642} INFO - Processing file /home/airflow/.local/lib/python3.7/site-packages/airflow/example_dags/example_complex.py for tasks to queue
[2022-05-05 23:42:33,761] {logging_mixin.py:109} INFO - [2022-05-05 23:42:33,761] {dagbag.py:500} INFO - Filling up the DagBag from /home/airflow/.local/lib/python3.7/site-packages/airflow/example_dags/example_complex.py
[2022-05-05 23:42:33,800] {processor.py:654} INFO - DAG(s) dict_keys(['example_complex']) retrieved from /home/airflow/.local/lib/python3.7/site-packages/airflow/example_dags/example_complex.py
[2022-05-05 23:42:33,818] {logging_mixin.py:109} INFO - [2022-05-05 23:42:33,817] {dag.py:2398} INFO - Sync 1 DAGs
[2022-05-05 23:42:33,834] {logging_mixin.py:109} INFO - [2022-05-05 23:42:33,834] {dag.py:2937} INFO - Setting next_dagrun for example_complex to None
[2022-05-05 23:42:33,846] {processor.py:171} INFO - Processing /home/airflow/.local/lib/python3.7/site-packages/airflow/example_dags/example_complex.py took 0.090 seconds
