[2022-05-05 23:08:11,816] {processor.py:163} INFO - Started process (PID=238) to work on /home/airflow/.local/lib/python3.7/site-packages/airflow/example_dags/tutorial.py
[2022-05-05 23:08:11,817] {processor.py:642} INFO - Processing file /home/airflow/.local/lib/python3.7/site-packages/airflow/example_dags/tutorial.py for tasks to queue
[2022-05-05 23:08:11,818] {logging_mixin.py:109} INFO - [2022-05-05 23:08:11,818] {dagbag.py:500} INFO - Filling up the DagBag from /home/airflow/.local/lib/python3.7/site-packages/airflow/example_dags/tutorial.py
[2022-05-05 23:08:11,847] {processor.py:654} INFO - DAG(s) dict_keys(['tutorial']) retrieved from /home/airflow/.local/lib/python3.7/site-packages/airflow/example_dags/tutorial.py
[2022-05-05 23:08:13,463] {logging_mixin.py:109} INFO - [2022-05-05 23:08:13,463] {opentelemetry_tracing.py:29} INFO - This service is instrumented using OpenTelemetry. OpenTelemetry could not be imported; please add opentelemetry-api and opentelemetry-instrumentation packages in order to get BigQuery Tracing data.
[2022-05-05 23:08:14,000] {logging_mixin.py:109} INFO - [2022-05-05 23:08:14,000] {manager.py:496} INFO - Created Permission View: can edit on DAG:tutorial
[2022-05-05 23:08:14,019] {logging_mixin.py:109} INFO - [2022-05-05 23:08:14,019] {manager.py:496} INFO - Created Permission View: can read on DAG:tutorial
[2022-05-05 23:08:14,020] {logging_mixin.py:109} INFO - [2022-05-05 23:08:14,019] {dag.py:2398} INFO - Sync 1 DAGs
[2022-05-05 23:08:14,033] {logging_mixin.py:109} INFO - [2022-05-05 23:08:14,032] {dag.py:2417} INFO - Creating ORM DAG for tutorial
[2022-05-05 23:08:14,046] {logging_mixin.py:109} INFO - [2022-05-05 23:08:14,046] {dag.py:2937} INFO - Setting next_dagrun for tutorial to 2022-05-04T23:08:14.046038+00:00
[2022-05-05 23:08:14,072] {processor.py:171} INFO - Processing /home/airflow/.local/lib/python3.7/site-packages/airflow/example_dags/tutorial.py took 2.258 seconds
[2022-05-05 23:08:44,499] {processor.py:163} INFO - Started process (PID=594) to work on /home/airflow/.local/lib/python3.7/site-packages/airflow/example_dags/tutorial.py
[2022-05-05 23:08:44,512] {processor.py:642} INFO - Processing file /home/airflow/.local/lib/python3.7/site-packages/airflow/example_dags/tutorial.py for tasks to queue
[2022-05-05 23:08:44,513] {logging_mixin.py:109} INFO - [2022-05-05 23:08:44,512] {dagbag.py:500} INFO - Filling up the DagBag from /home/airflow/.local/lib/python3.7/site-packages/airflow/example_dags/tutorial.py
[2022-05-05 23:08:44,542] {processor.py:654} INFO - DAG(s) dict_keys(['tutorial']) retrieved from /home/airflow/.local/lib/python3.7/site-packages/airflow/example_dags/tutorial.py
[2022-05-05 23:08:44,553] {logging_mixin.py:109} INFO - [2022-05-05 23:08:44,553] {dag.py:2398} INFO - Sync 1 DAGs
[2022-05-05 23:08:44,573] {logging_mixin.py:109} INFO - [2022-05-05 23:08:44,573] {dag.py:2937} INFO - Setting next_dagrun for tutorial to 2022-05-04T23:08:44.573441+00:00
[2022-05-05 23:08:44,598] {processor.py:171} INFO - Processing /home/airflow/.local/lib/python3.7/site-packages/airflow/example_dags/tutorial.py took 0.101 seconds
[2022-05-05 23:09:14,723] {processor.py:163} INFO - Started process (PID=654) to work on /home/airflow/.local/lib/python3.7/site-packages/airflow/example_dags/tutorial.py
[2022-05-05 23:09:14,724] {processor.py:642} INFO - Processing file /home/airflow/.local/lib/python3.7/site-packages/airflow/example_dags/tutorial.py for tasks to queue
[2022-05-05 23:09:14,725] {logging_mixin.py:109} INFO - [2022-05-05 23:09:14,725] {dagbag.py:500} INFO - Filling up the DagBag from /home/airflow/.local/lib/python3.7/site-packages/airflow/example_dags/tutorial.py
[2022-05-05 23:09:14,764] {processor.py:654} INFO - DAG(s) dict_keys(['tutorial']) retrieved from /home/airflow/.local/lib/python3.7/site-packages/airflow/example_dags/tutorial.py
[2022-05-05 23:09:14,780] {logging_mixin.py:109} INFO - [2022-05-05 23:09:14,780] {dag.py:2398} INFO - Sync 1 DAGs
[2022-05-05 23:09:14,809] {logging_mixin.py:109} INFO - [2022-05-05 23:09:14,808] {dag.py:2937} INFO - Setting next_dagrun for tutorial to 2022-05-04T23:09:14.808446+00:00
[2022-05-05 23:09:14,830] {processor.py:171} INFO - Processing /home/airflow/.local/lib/python3.7/site-packages/airflow/example_dags/tutorial.py took 0.110 seconds
[2022-05-05 23:09:44,986] {processor.py:163} INFO - Started process (PID=704) to work on /home/airflow/.local/lib/python3.7/site-packages/airflow/example_dags/tutorial.py
[2022-05-05 23:09:44,989] {processor.py:642} INFO - Processing file /home/airflow/.local/lib/python3.7/site-packages/airflow/example_dags/tutorial.py for tasks to queue
[2022-05-05 23:09:44,990] {logging_mixin.py:109} INFO - [2022-05-05 23:09:44,990] {dagbag.py:500} INFO - Filling up the DagBag from /home/airflow/.local/lib/python3.7/site-packages/airflow/example_dags/tutorial.py
[2022-05-05 23:09:45,031] {processor.py:654} INFO - DAG(s) dict_keys(['tutorial']) retrieved from /home/airflow/.local/lib/python3.7/site-packages/airflow/example_dags/tutorial.py
[2022-05-05 23:09:45,046] {logging_mixin.py:109} INFO - [2022-05-05 23:09:45,046] {dag.py:2398} INFO - Sync 1 DAGs
[2022-05-05 23:09:45,067] {logging_mixin.py:109} INFO - [2022-05-05 23:09:45,067] {dag.py:2937} INFO - Setting next_dagrun for tutorial to 2022-05-04T23:09:45.066794+00:00
[2022-05-05 23:09:45,083] {processor.py:171} INFO - Processing /home/airflow/.local/lib/python3.7/site-packages/airflow/example_dags/tutorial.py took 0.099 seconds
[2022-05-05 23:10:15,174] {processor.py:163} INFO - Started process (PID=754) to work on /home/airflow/.local/lib/python3.7/site-packages/airflow/example_dags/tutorial.py
[2022-05-05 23:10:15,176] {processor.py:642} INFO - Processing file /home/airflow/.local/lib/python3.7/site-packages/airflow/example_dags/tutorial.py for tasks to queue
[2022-05-05 23:10:15,178] {logging_mixin.py:109} INFO - [2022-05-05 23:10:15,177] {dagbag.py:500} INFO - Filling up the DagBag from /home/airflow/.local/lib/python3.7/site-packages/airflow/example_dags/tutorial.py
[2022-05-05 23:10:15,297] {processor.py:654} INFO - DAG(s) dict_keys(['tutorial']) retrieved from /home/airflow/.local/lib/python3.7/site-packages/airflow/example_dags/tutorial.py
[2022-05-05 23:10:15,312] {logging_mixin.py:109} INFO - [2022-05-05 23:10:15,312] {dag.py:2398} INFO - Sync 1 DAGs
[2022-05-05 23:10:15,332] {logging_mixin.py:109} INFO - [2022-05-05 23:10:15,332] {dag.py:2937} INFO - Setting next_dagrun for tutorial to 2022-05-04T23:10:15.332003+00:00
[2022-05-05 23:10:15,344] {processor.py:171} INFO - Processing /home/airflow/.local/lib/python3.7/site-packages/airflow/example_dags/tutorial.py took 0.173 seconds
[2022-05-05 23:10:45,476] {processor.py:163} INFO - Started process (PID=806) to work on /home/airflow/.local/lib/python3.7/site-packages/airflow/example_dags/tutorial.py
[2022-05-05 23:10:45,477] {processor.py:642} INFO - Processing file /home/airflow/.local/lib/python3.7/site-packages/airflow/example_dags/tutorial.py for tasks to queue
[2022-05-05 23:10:45,478] {logging_mixin.py:109} INFO - [2022-05-05 23:10:45,478] {dagbag.py:500} INFO - Filling up the DagBag from /home/airflow/.local/lib/python3.7/site-packages/airflow/example_dags/tutorial.py
[2022-05-05 23:10:45,513] {processor.py:654} INFO - DAG(s) dict_keys(['tutorial']) retrieved from /home/airflow/.local/lib/python3.7/site-packages/airflow/example_dags/tutorial.py
[2022-05-05 23:10:45,524] {logging_mixin.py:109} INFO - [2022-05-05 23:10:45,524] {dag.py:2398} INFO - Sync 1 DAGs
[2022-05-05 23:10:45,542] {logging_mixin.py:109} INFO - [2022-05-05 23:10:45,542] {dag.py:2937} INFO - Setting next_dagrun for tutorial to 2022-05-04T23:10:45.542336+00:00
[2022-05-05 23:10:45,555] {processor.py:171} INFO - Processing /home/airflow/.local/lib/python3.7/site-packages/airflow/example_dags/tutorial.py took 0.082 seconds
[2022-05-05 23:11:15,738] {processor.py:163} INFO - Started process (PID=866) to work on /home/airflow/.local/lib/python3.7/site-packages/airflow/example_dags/tutorial.py
[2022-05-05 23:11:15,753] {processor.py:642} INFO - Processing file /home/airflow/.local/lib/python3.7/site-packages/airflow/example_dags/tutorial.py for tasks to queue
[2022-05-05 23:11:15,753] {logging_mixin.py:109} INFO - [2022-05-05 23:11:15,753] {dagbag.py:500} INFO - Filling up the DagBag from /home/airflow/.local/lib/python3.7/site-packages/airflow/example_dags/tutorial.py
[2022-05-05 23:11:15,779] {processor.py:654} INFO - DAG(s) dict_keys(['tutorial']) retrieved from /home/airflow/.local/lib/python3.7/site-packages/airflow/example_dags/tutorial.py
[2022-05-05 23:11:15,788] {logging_mixin.py:109} INFO - [2022-05-05 23:11:15,788] {dag.py:2398} INFO - Sync 1 DAGs
[2022-05-05 23:11:15,803] {logging_mixin.py:109} INFO - [2022-05-05 23:11:15,803] {dag.py:2937} INFO - Setting next_dagrun for tutorial to 2022-05-04T23:11:15.803641+00:00
[2022-05-05 23:11:15,815] {processor.py:171} INFO - Processing /home/airflow/.local/lib/python3.7/site-packages/airflow/example_dags/tutorial.py took 0.079 seconds
[2022-05-05 23:11:46,681] {processor.py:163} INFO - Started process (PID=916) to work on /home/airflow/.local/lib/python3.7/site-packages/airflow/example_dags/tutorial.py
[2022-05-05 23:11:46,682] {processor.py:642} INFO - Processing file /home/airflow/.local/lib/python3.7/site-packages/airflow/example_dags/tutorial.py for tasks to queue
[2022-05-05 23:11:46,682] {logging_mixin.py:109} INFO - [2022-05-05 23:11:46,682] {dagbag.py:500} INFO - Filling up the DagBag from /home/airflow/.local/lib/python3.7/site-packages/airflow/example_dags/tutorial.py
[2022-05-05 23:11:46,710] {processor.py:654} INFO - DAG(s) dict_keys(['tutorial']) retrieved from /home/airflow/.local/lib/python3.7/site-packages/airflow/example_dags/tutorial.py
[2022-05-05 23:11:46,719] {logging_mixin.py:109} INFO - [2022-05-05 23:11:46,719] {dag.py:2398} INFO - Sync 1 DAGs
[2022-05-05 23:11:46,736] {logging_mixin.py:109} INFO - [2022-05-05 23:11:46,736] {dag.py:2937} INFO - Setting next_dagrun for tutorial to 2022-05-04T23:11:46.735857+00:00
[2022-05-05 23:11:46,747] {processor.py:171} INFO - Processing /home/airflow/.local/lib/python3.7/site-packages/airflow/example_dags/tutorial.py took 0.068 seconds
[2022-05-05 23:38:25,900] {processor.py:163} INFO - Started process (PID=55) to work on /home/airflow/.local/lib/python3.7/site-packages/airflow/example_dags/tutorial.py
[2022-05-05 23:38:25,902] {processor.py:642} INFO - Processing file /home/airflow/.local/lib/python3.7/site-packages/airflow/example_dags/tutorial.py for tasks to queue
[2022-05-05 23:38:25,903] {logging_mixin.py:109} INFO - [2022-05-05 23:38:25,902] {dagbag.py:500} INFO - Filling up the DagBag from /home/airflow/.local/lib/python3.7/site-packages/airflow/example_dags/tutorial.py
[2022-05-05 23:38:25,943] {processor.py:654} INFO - DAG(s) dict_keys(['tutorial']) retrieved from /home/airflow/.local/lib/python3.7/site-packages/airflow/example_dags/tutorial.py
[2022-05-05 23:38:25,958] {logging_mixin.py:109} INFO - [2022-05-05 23:38:25,958] {dag.py:2398} INFO - Sync 1 DAGs
[2022-05-05 23:38:25,982] {logging_mixin.py:109} INFO - [2022-05-05 23:38:25,982] {dag.py:2937} INFO - Setting next_dagrun for tutorial to 2022-05-04T23:38:25.981928+00:00
[2022-05-05 23:38:26,001] {processor.py:171} INFO - Processing /home/airflow/.local/lib/python3.7/site-packages/airflow/example_dags/tutorial.py took 0.103 seconds
[2022-05-05 23:38:56,888] {processor.py:163} INFO - Started process (PID=108) to work on /home/airflow/.local/lib/python3.7/site-packages/airflow/example_dags/tutorial.py
[2022-05-05 23:38:56,889] {processor.py:642} INFO - Processing file /home/airflow/.local/lib/python3.7/site-packages/airflow/example_dags/tutorial.py for tasks to queue
[2022-05-05 23:38:56,890] {logging_mixin.py:109} INFO - [2022-05-05 23:38:56,890] {dagbag.py:500} INFO - Filling up the DagBag from /home/airflow/.local/lib/python3.7/site-packages/airflow/example_dags/tutorial.py
[2022-05-05 23:38:56,919] {processor.py:654} INFO - DAG(s) dict_keys(['tutorial']) retrieved from /home/airflow/.local/lib/python3.7/site-packages/airflow/example_dags/tutorial.py
[2022-05-05 23:38:56,931] {logging_mixin.py:109} INFO - [2022-05-05 23:38:56,931] {dag.py:2398} INFO - Sync 1 DAGs
[2022-05-05 23:38:56,950] {logging_mixin.py:109} INFO - [2022-05-05 23:38:56,949] {dag.py:2937} INFO - Setting next_dagrun for tutorial to 2022-05-04T23:38:56.949502+00:00
[2022-05-05 23:38:56,962] {processor.py:171} INFO - Processing /home/airflow/.local/lib/python3.7/site-packages/airflow/example_dags/tutorial.py took 0.077 seconds
[2022-05-05 23:39:28,218] {processor.py:163} INFO - Started process (PID=160) to work on /home/airflow/.local/lib/python3.7/site-packages/airflow/example_dags/tutorial.py
[2022-05-05 23:39:28,219] {processor.py:642} INFO - Processing file /home/airflow/.local/lib/python3.7/site-packages/airflow/example_dags/tutorial.py for tasks to queue
[2022-05-05 23:39:28,220] {logging_mixin.py:109} INFO - [2022-05-05 23:39:28,220] {dagbag.py:500} INFO - Filling up the DagBag from /home/airflow/.local/lib/python3.7/site-packages/airflow/example_dags/tutorial.py
[2022-05-05 23:39:28,256] {processor.py:654} INFO - DAG(s) dict_keys(['tutorial']) retrieved from /home/airflow/.local/lib/python3.7/site-packages/airflow/example_dags/tutorial.py
[2022-05-05 23:39:28,268] {logging_mixin.py:109} INFO - [2022-05-05 23:39:28,268] {dag.py:2398} INFO - Sync 1 DAGs
[2022-05-05 23:39:28,289] {logging_mixin.py:109} INFO - [2022-05-05 23:39:28,288] {dag.py:2937} INFO - Setting next_dagrun for tutorial to 2022-05-04T23:39:28.288709+00:00
[2022-05-05 23:39:28,312] {processor.py:171} INFO - Processing /home/airflow/.local/lib/python3.7/site-packages/airflow/example_dags/tutorial.py took 0.096 seconds
[2022-05-05 23:39:58,546] {processor.py:163} INFO - Started process (PID=221) to work on /home/airflow/.local/lib/python3.7/site-packages/airflow/example_dags/tutorial.py
[2022-05-05 23:39:58,547] {processor.py:642} INFO - Processing file /home/airflow/.local/lib/python3.7/site-packages/airflow/example_dags/tutorial.py for tasks to queue
[2022-05-05 23:39:58,548] {logging_mixin.py:109} INFO - [2022-05-05 23:39:58,548] {dagbag.py:500} INFO - Filling up the DagBag from /home/airflow/.local/lib/python3.7/site-packages/airflow/example_dags/tutorial.py
[2022-05-05 23:39:58,576] {processor.py:654} INFO - DAG(s) dict_keys(['tutorial']) retrieved from /home/airflow/.local/lib/python3.7/site-packages/airflow/example_dags/tutorial.py
[2022-05-05 23:39:58,587] {logging_mixin.py:109} INFO - [2022-05-05 23:39:58,587] {dag.py:2398} INFO - Sync 1 DAGs
[2022-05-05 23:39:58,602] {logging_mixin.py:109} INFO - [2022-05-05 23:39:58,602] {dag.py:2937} INFO - Setting next_dagrun for tutorial to 2022-05-04T23:39:58.602597+00:00
[2022-05-05 23:39:58,616] {processor.py:171} INFO - Processing /home/airflow/.local/lib/python3.7/site-packages/airflow/example_dags/tutorial.py took 0.073 seconds
[2022-05-05 23:40:29,843] {processor.py:163} INFO - Started process (PID=274) to work on /home/airflow/.local/lib/python3.7/site-packages/airflow/example_dags/tutorial.py
[2022-05-05 23:40:29,844] {processor.py:642} INFO - Processing file /home/airflow/.local/lib/python3.7/site-packages/airflow/example_dags/tutorial.py for tasks to queue
[2022-05-05 23:40:29,845] {logging_mixin.py:109} INFO - [2022-05-05 23:40:29,845] {dagbag.py:500} INFO - Filling up the DagBag from /home/airflow/.local/lib/python3.7/site-packages/airflow/example_dags/tutorial.py
[2022-05-05 23:40:29,873] {processor.py:654} INFO - DAG(s) dict_keys(['tutorial']) retrieved from /home/airflow/.local/lib/python3.7/site-packages/airflow/example_dags/tutorial.py
[2022-05-05 23:40:29,883] {logging_mixin.py:109} INFO - [2022-05-05 23:40:29,883] {dag.py:2398} INFO - Sync 1 DAGs
[2022-05-05 23:40:29,899] {logging_mixin.py:109} INFO - [2022-05-05 23:40:29,899] {dag.py:2937} INFO - Setting next_dagrun for tutorial to 2022-05-04T23:40:29.899669+00:00
[2022-05-05 23:40:29,911] {processor.py:171} INFO - Processing /home/airflow/.local/lib/python3.7/site-packages/airflow/example_dags/tutorial.py took 0.070 seconds
[2022-05-05 23:41:01,014] {processor.py:163} INFO - Started process (PID=342) to work on /home/airflow/.local/lib/python3.7/site-packages/airflow/example_dags/tutorial.py
[2022-05-05 23:41:01,015] {processor.py:642} INFO - Processing file /home/airflow/.local/lib/python3.7/site-packages/airflow/example_dags/tutorial.py for tasks to queue
[2022-05-05 23:41:01,016] {logging_mixin.py:109} INFO - [2022-05-05 23:41:01,016] {dagbag.py:500} INFO - Filling up the DagBag from /home/airflow/.local/lib/python3.7/site-packages/airflow/example_dags/tutorial.py
[2022-05-05 23:41:01,049] {processor.py:654} INFO - DAG(s) dict_keys(['tutorial']) retrieved from /home/airflow/.local/lib/python3.7/site-packages/airflow/example_dags/tutorial.py
[2022-05-05 23:41:01,060] {logging_mixin.py:109} INFO - [2022-05-05 23:41:01,060] {dag.py:2398} INFO - Sync 1 DAGs
[2022-05-05 23:41:01,082] {logging_mixin.py:109} INFO - [2022-05-05 23:41:01,082] {dag.py:2937} INFO - Setting next_dagrun for tutorial to 2022-05-04T23:41:01.081990+00:00
[2022-05-05 23:41:01,096] {processor.py:171} INFO - Processing /home/airflow/.local/lib/python3.7/site-packages/airflow/example_dags/tutorial.py took 0.086 seconds
[2022-05-05 23:41:32,308] {processor.py:163} INFO - Started process (PID=420) to work on /home/airflow/.local/lib/python3.7/site-packages/airflow/example_dags/tutorial.py
[2022-05-05 23:41:32,309] {processor.py:642} INFO - Processing file /home/airflow/.local/lib/python3.7/site-packages/airflow/example_dags/tutorial.py for tasks to queue
[2022-05-05 23:41:32,309] {logging_mixin.py:109} INFO - [2022-05-05 23:41:32,309] {dagbag.py:500} INFO - Filling up the DagBag from /home/airflow/.local/lib/python3.7/site-packages/airflow/example_dags/tutorial.py
[2022-05-05 23:41:32,339] {processor.py:654} INFO - DAG(s) dict_keys(['tutorial']) retrieved from /home/airflow/.local/lib/python3.7/site-packages/airflow/example_dags/tutorial.py
[2022-05-05 23:41:32,349] {logging_mixin.py:109} INFO - [2022-05-05 23:41:32,349] {dag.py:2398} INFO - Sync 1 DAGs
[2022-05-05 23:41:32,368] {logging_mixin.py:109} INFO - [2022-05-05 23:41:32,368] {dag.py:2937} INFO - Setting next_dagrun for tutorial to 2022-05-04T23:41:32.368061+00:00
[2022-05-05 23:41:32,381] {processor.py:171} INFO - Processing /home/airflow/.local/lib/python3.7/site-packages/airflow/example_dags/tutorial.py took 0.075 seconds
[2022-05-05 23:42:02,768] {processor.py:163} INFO - Started process (PID=475) to work on /home/airflow/.local/lib/python3.7/site-packages/airflow/example_dags/tutorial.py
[2022-05-05 23:42:02,769] {processor.py:642} INFO - Processing file /home/airflow/.local/lib/python3.7/site-packages/airflow/example_dags/tutorial.py for tasks to queue
[2022-05-05 23:42:02,769] {logging_mixin.py:109} INFO - [2022-05-05 23:42:02,769] {dagbag.py:500} INFO - Filling up the DagBag from /home/airflow/.local/lib/python3.7/site-packages/airflow/example_dags/tutorial.py
[2022-05-05 23:42:02,797] {processor.py:654} INFO - DAG(s) dict_keys(['tutorial']) retrieved from /home/airflow/.local/lib/python3.7/site-packages/airflow/example_dags/tutorial.py
[2022-05-05 23:42:02,807] {logging_mixin.py:109} INFO - [2022-05-05 23:42:02,807] {dag.py:2398} INFO - Sync 1 DAGs
[2022-05-05 23:42:02,822] {logging_mixin.py:109} INFO - [2022-05-05 23:42:02,822] {dag.py:2937} INFO - Setting next_dagrun for tutorial to 2022-05-04T23:42:02.822635+00:00
[2022-05-05 23:42:02,835] {processor.py:171} INFO - Processing /home/airflow/.local/lib/python3.7/site-packages/airflow/example_dags/tutorial.py took 0.070 seconds
[2022-05-05 23:42:33,924] {processor.py:163} INFO - Started process (PID=526) to work on /home/airflow/.local/lib/python3.7/site-packages/airflow/example_dags/tutorial.py
[2022-05-05 23:42:33,925] {processor.py:642} INFO - Processing file /home/airflow/.local/lib/python3.7/site-packages/airflow/example_dags/tutorial.py for tasks to queue
[2022-05-05 23:42:33,925] {logging_mixin.py:109} INFO - [2022-05-05 23:42:33,925] {dagbag.py:500} INFO - Filling up the DagBag from /home/airflow/.local/lib/python3.7/site-packages/airflow/example_dags/tutorial.py
[2022-05-05 23:42:33,958] {processor.py:654} INFO - DAG(s) dict_keys(['tutorial']) retrieved from /home/airflow/.local/lib/python3.7/site-packages/airflow/example_dags/tutorial.py
[2022-05-05 23:42:33,971] {logging_mixin.py:109} INFO - [2022-05-05 23:42:33,971] {dag.py:2398} INFO - Sync 1 DAGs
[2022-05-05 23:42:33,988] {logging_mixin.py:109} INFO - [2022-05-05 23:42:33,988] {dag.py:2937} INFO - Setting next_dagrun for tutorial to 2022-05-04T23:42:33.987953+00:00
[2022-05-05 23:42:34,002] {processor.py:171} INFO - Processing /home/airflow/.local/lib/python3.7/site-packages/airflow/example_dags/tutorial.py took 0.080 seconds
