[2022-06-20 22:57:45,526] {taskinstance.py:1037} INFO - Dependencies all met for <TaskInstance: match_details_dag.paths.path_players.azure_players_snowflake scheduled__2022-06-20T00:00:00+00:00 [queued]>
[2022-06-20 22:57:45,535] {taskinstance.py:1037} INFO - Dependencies all met for <TaskInstance: match_details_dag.paths.path_players.azure_players_snowflake scheduled__2022-06-20T00:00:00+00:00 [queued]>
[2022-06-20 22:57:45,535] {taskinstance.py:1243} INFO - 
--------------------------------------------------------------------------------
[2022-06-20 22:57:45,535] {taskinstance.py:1244} INFO - Starting attempt 1 of 2
[2022-06-20 22:57:45,535] {taskinstance.py:1245} INFO - 
--------------------------------------------------------------------------------
[2022-06-20 22:57:45,545] {taskinstance.py:1264} INFO - Executing <Task(AzureDataLakeToSnowflakeTransferOperator): paths.path_players.azure_players_snowflake> on 2022-06-20 00:00:00+00:00
[2022-06-20 22:57:45,550] {standard_task_runner.py:52} INFO - Started process 88 to run task
[2022-06-20 22:57:45,552] {standard_task_runner.py:76} INFO - Running: ['***', 'tasks', 'run', 'match_details_dag', 'paths.path_players.azure_players_snowflake', 'scheduled__2022-06-20T00:00:00+00:00', '--job-id', '206', '--raw', '--subdir', 'DAGS_FOLDER/matchData_dag.py', '--cfg-path', '/tmp/tmppz0z7c9y', '--error-file', '/tmp/tmpmzgwiv21']
[2022-06-20 22:57:45,553] {standard_task_runner.py:77} INFO - Job 206: Subtask paths.path_players.azure_players_snowflake
[2022-06-20 22:57:45,592] {logging_mixin.py:109} INFO - Running <TaskInstance: match_details_dag.paths.path_players.azure_players_snowflake scheduled__2022-06-20T00:00:00+00:00 [running]> on host ebe3cc7dbee2
[2022-06-20 22:57:45,634] {taskinstance.py:1429} INFO - Exporting the following env vars:
AIRFLOW_CTX_DAG_OWNER=admin
AIRFLOW_CTX_DAG_ID=match_details_dag
AIRFLOW_CTX_TASK_ID=paths.path_players.azure_players_snowflake
AIRFLOW_CTX_EXECUTION_DATE=2022-06-20T00:00:00+00:00
AIRFLOW_CTX_DAG_RUN_ID=scheduled__2022-06-20T00:00:00+00:00
[2022-06-20 22:57:45,635] {azureToSnowflake.py:73} INFO - Executing COPY command...
[2022-06-20 22:57:45,643] {connection.py:257} INFO - Snowflake Connector for Python Version: 2.7.8, Python Version: 3.8.12, Platform: Linux-5.10.102.1-microsoft-standard-WSL2-x86_64-with-glibc2.2.5
[2022-06-20 22:57:45,644] {connection.py:876} INFO - This connection is in OCSP Fail Open Mode. TLS Certificates would be checked for validity and revocation status. Any other Certificate Revocation related exceptions or OCSP Responder failures would be disregarded in favor of connectivity.
[2022-06-20 22:57:45,644] {connection.py:894} INFO - Setting use_openssl_only mode to False
[2022-06-20 22:57:46,112] {cursor.py:710} INFO - query: [ALTER SESSION SET autocommit=True]
[2022-06-20 22:57:46,194] {cursor.py:734} INFO - query execution done
[2022-06-20 22:57:46,195] {snowflake.py:324} INFO - Running statement: COPY INTO STAGING_PLAYERS
FROM @MY_AZURE_PLAYERS_STAGE/
files=('2022/6/20/22.json')
file_format=PLAYERS_FILEFORMAT, parameters: None
[2022-06-20 22:57:46,195] {cursor.py:710} INFO - query: [COPY INTO STAGING_PLAYERS FROM @MY_AZURE_PLAYERS_STAGE/ files=('2022/6/20/22.jso...]
[2022-06-20 22:57:47,630] {cursor.py:734} INFO - query execution done
[2022-06-20 22:57:47,630] {snowflake.py:334} INFO - Statement execution info - {'file': 'azure://leagueoflegends.blob.core.windows.net/players/2022/6/20/22.json', 'status': 'LOADED', 'rows_parsed': 10, 'rows_loaded': 10, 'error_limit': 1, 'errors_seen': 0, 'first_error': None, 'first_error_line': None, 'first_error_character': None, 'first_error_column_name': None}
[2022-06-20 22:57:47,631] {snowflake.py:338} INFO - Rows affected: 1
[2022-06-20 22:57:47,631] {snowflake.py:339} INFO - Snowflake query id: 01a51541-0000-fac3-0000-d96900055906
[2022-06-20 22:57:47,631] {connection.py:507} INFO - closed
[2022-06-20 22:57:47,671] {connection.py:510} INFO - No async queries seem to be running, deleting session
[2022-06-20 22:57:47,733] {azureToSnowflake.py:75} INFO - COPY command completed
[2022-06-20 22:57:47,746] {taskinstance.py:1272} INFO - Marking task as SUCCESS. dag_id=match_details_dag, task_id=paths.path_players.azure_players_snowflake, execution_date=20220620T000000, start_date=20220620T225745, end_date=20220620T225747
[2022-06-20 22:57:47,775] {local_task_job.py:154} INFO - Task exited with return code 0
[2022-06-20 22:57:47,805] {local_task_job.py:264} INFO - 0 downstream tasks scheduled from follow-on schedule check
[2022-06-20 23:21:37,822] {taskinstance.py:1037} INFO - Dependencies all met for <TaskInstance: match_details_dag.paths.path_players.azure_players_snowflake scheduled__2022-06-20T00:00:00+00:00 [queued]>
[2022-06-20 23:21:37,833] {taskinstance.py:1037} INFO - Dependencies all met for <TaskInstance: match_details_dag.paths.path_players.azure_players_snowflake scheduled__2022-06-20T00:00:00+00:00 [queued]>
[2022-06-20 23:21:37,833] {taskinstance.py:1243} INFO - 
--------------------------------------------------------------------------------
[2022-06-20 23:21:37,833] {taskinstance.py:1244} INFO - Starting attempt 1 of 2
[2022-06-20 23:21:37,833] {taskinstance.py:1245} INFO - 
--------------------------------------------------------------------------------
[2022-06-20 23:21:37,845] {taskinstance.py:1264} INFO - Executing <Task(AzureDataLakeToSnowflakeTransferOperator): paths.path_players.azure_players_snowflake> on 2022-06-20 00:00:00+00:00
[2022-06-20 23:21:37,850] {standard_task_runner.py:52} INFO - Started process 363 to run task
[2022-06-20 23:21:37,852] {standard_task_runner.py:76} INFO - Running: ['***', 'tasks', 'run', 'match_details_dag', 'paths.path_players.azure_players_snowflake', 'scheduled__2022-06-20T00:00:00+00:00', '--job-id', '225', '--raw', '--subdir', 'DAGS_FOLDER/matchData_dag.py', '--cfg-path', '/tmp/tmp89vmng1q', '--error-file', '/tmp/tmpmby_g9l2']
[2022-06-20 23:21:37,853] {standard_task_runner.py:77} INFO - Job 225: Subtask paths.path_players.azure_players_snowflake
[2022-06-20 23:21:37,898] {logging_mixin.py:109} INFO - Running <TaskInstance: match_details_dag.paths.path_players.azure_players_snowflake scheduled__2022-06-20T00:00:00+00:00 [running]> on host ebe3cc7dbee2
[2022-06-20 23:21:37,948] {taskinstance.py:1429} INFO - Exporting the following env vars:
AIRFLOW_CTX_DAG_OWNER=admin
AIRFLOW_CTX_DAG_ID=match_details_dag
AIRFLOW_CTX_TASK_ID=paths.path_players.azure_players_snowflake
AIRFLOW_CTX_EXECUTION_DATE=2022-06-20T00:00:00+00:00
AIRFLOW_CTX_DAG_RUN_ID=scheduled__2022-06-20T00:00:00+00:00
[2022-06-20 23:21:37,949] {azureToSnowflake.py:73} INFO - Executing COPY command...
[2022-06-20 23:21:37,957] {connection.py:257} INFO - Snowflake Connector for Python Version: 2.7.8, Python Version: 3.8.12, Platform: Linux-5.10.102.1-microsoft-standard-WSL2-x86_64-with-glibc2.2.5
[2022-06-20 23:21:37,957] {connection.py:876} INFO - This connection is in OCSP Fail Open Mode. TLS Certificates would be checked for validity and revocation status. Any other Certificate Revocation related exceptions or OCSP Responder failures would be disregarded in favor of connectivity.
[2022-06-20 23:21:37,957] {connection.py:894} INFO - Setting use_openssl_only mode to False
[2022-06-20 23:21:38,399] {cursor.py:710} INFO - query: [ALTER SESSION SET autocommit=True]
[2022-06-20 23:21:38,488] {cursor.py:734} INFO - query execution done
[2022-06-20 23:21:38,489] {snowflake.py:324} INFO - Running statement: COPY INTO STAGING_PLAYERS
FROM @MY_AZURE_PLAYERS_STAGE/
files=('2022/6/20/23.json')
file_format=PLAYERS_FILEFORMAT, parameters: None
[2022-06-20 23:21:38,489] {cursor.py:710} INFO - query: [COPY INTO STAGING_PLAYERS FROM @MY_AZURE_PLAYERS_STAGE/ files=('2022/6/20/23.jso...]
[2022-06-20 23:21:39,701] {cursor.py:734} INFO - query execution done
[2022-06-20 23:21:39,701] {snowflake.py:334} INFO - Statement execution info - {'file': 'azure://leagueoflegends.blob.core.windows.net/players/2022/6/20/23.json', 'status': 'LOADED', 'rows_parsed': 10, 'rows_loaded': 10, 'error_limit': 1, 'errors_seen': 0, 'first_error': None, 'first_error_line': None, 'first_error_character': None, 'first_error_column_name': None}
[2022-06-20 23:21:39,701] {snowflake.py:338} INFO - Rows affected: 1
[2022-06-20 23:21:39,702] {snowflake.py:339} INFO - Snowflake query id: 01a51559-0000-fac2-0000-d96900054b06
[2022-06-20 23:21:39,702] {connection.py:507} INFO - closed
[2022-06-20 23:21:39,733] {connection.py:510} INFO - No async queries seem to be running, deleting session
[2022-06-20 23:21:39,796] {azureToSnowflake.py:75} INFO - COPY command completed
[2022-06-20 23:21:39,807] {taskinstance.py:1272} INFO - Marking task as SUCCESS. dag_id=match_details_dag, task_id=paths.path_players.azure_players_snowflake, execution_date=20220620T000000, start_date=20220620T232137, end_date=20220620T232139
[2022-06-20 23:21:39,833] {local_task_job.py:154} INFO - Task exited with return code 0
[2022-06-20 23:21:39,864] {local_task_job.py:264} INFO - 0 downstream tasks scheduled from follow-on schedule check
