[2022-06-20 05:32:19,067] {taskinstance.py:1037} INFO - Dependencies all met for <TaskInstance: match_details_dag.paths.path_players.azure_players_snowflake manual__2022-06-20T05:32:08.047538+00:00 [queued]>
[2022-06-20 05:32:19,076] {taskinstance.py:1037} INFO - Dependencies all met for <TaskInstance: match_details_dag.paths.path_players.azure_players_snowflake manual__2022-06-20T05:32:08.047538+00:00 [queued]>
[2022-06-20 05:32:19,076] {taskinstance.py:1243} INFO - 
--------------------------------------------------------------------------------
[2022-06-20 05:32:19,076] {taskinstance.py:1244} INFO - Starting attempt 1 of 2
[2022-06-20 05:32:19,076] {taskinstance.py:1245} INFO - 
--------------------------------------------------------------------------------
[2022-06-20 05:32:19,209] {taskinstance.py:1264} INFO - Executing <Task(AzureDataLakeToSnowflakeTransferOperator): paths.path_players.azure_players_snowflake> on 2022-06-20 05:32:08.047538+00:00
[2022-06-20 05:32:19,214] {standard_task_runner.py:52} INFO - Started process 121 to run task
[2022-06-20 05:32:19,217] {standard_task_runner.py:76} INFO - Running: ['***', 'tasks', 'run', 'match_details_dag', 'paths.path_players.azure_players_snowflake', 'manual__2022-06-20T05:32:08.047538+00:00', '--job-id', '158', '--raw', '--subdir', 'DAGS_FOLDER/matchData_dag.py', '--cfg-path', '/tmp/tmp7a7lgxe2', '--error-file', '/tmp/tmpx31gl33t']
[2022-06-20 05:32:19,218] {standard_task_runner.py:77} INFO - Job 158: Subtask paths.path_players.azure_players_snowflake
[2022-06-20 05:32:19,635] {logging_mixin.py:109} INFO - Running <TaskInstance: match_details_dag.paths.path_players.azure_players_snowflake manual__2022-06-20T05:32:08.047538+00:00 [running]> on host ebe3cc7dbee2
[2022-06-20 05:32:19,681] {taskinstance.py:1429} INFO - Exporting the following env vars:
AIRFLOW_CTX_DAG_OWNER=admin
AIRFLOW_CTX_DAG_ID=match_details_dag
AIRFLOW_CTX_TASK_ID=paths.path_players.azure_players_snowflake
AIRFLOW_CTX_EXECUTION_DATE=2022-06-20T05:32:08.047538+00:00
AIRFLOW_CTX_DAG_RUN_ID=manual__2022-06-20T05:32:08.047538+00:00
[2022-06-20 05:32:19,681] {azureToSnowflake.py:73} INFO - Executing COPY command...
[2022-06-20 05:32:19,690] {connection.py:257} INFO - Snowflake Connector for Python Version: 2.7.8, Python Version: 3.8.12, Platform: Linux-5.10.102.1-microsoft-standard-WSL2-x86_64-with-glibc2.2.5
[2022-06-20 05:32:19,690] {connection.py:876} INFO - This connection is in OCSP Fail Open Mode. TLS Certificates would be checked for validity and revocation status. Any other Certificate Revocation related exceptions or OCSP Responder failures would be disregarded in favor of connectivity.
[2022-06-20 05:32:19,691] {connection.py:894} INFO - Setting use_openssl_only mode to False
[2022-06-20 05:32:20,253] {cursor.py:710} INFO - query: [ALTER SESSION SET autocommit=True]
[2022-06-20 05:32:20,352] {cursor.py:734} INFO - query execution done
[2022-06-20 05:32:20,354] {snowflake.py:324} INFO - Running statement: COPY INTO STAGING_PLAYERS
FROM @MY_AZURE_PLAYERS_STAGE/
files=('2022/6/20/5.json')
file_format=PLAYERS_FILEFORMAT, parameters: None
[2022-06-20 05:32:20,354] {cursor.py:710} INFO - query: [COPY INTO STAGING_PLAYERS FROM @MY_AZURE_PLAYERS_STAGE/ files=('2022/6/20/5.json...]
[2022-06-20 05:32:20,486] {cursor.py:734} INFO - query execution done
[2022-06-20 05:32:20,491] {connection.py:507} INFO - closed
[2022-06-20 05:32:20,531] {connection.py:510} INFO - No async queries seem to be running, deleting session
[2022-06-20 05:32:20,610] {taskinstance.py:1718} ERROR - Task failed with exception
Traceback (most recent call last):
  File "/home/airflow/.local/lib/python3.8/site-packages/airflow/models/taskinstance.py", line 1334, in _run_raw_task
    self._execute_task_with_callbacks(context)
  File "/home/airflow/.local/lib/python3.8/site-packages/airflow/models/taskinstance.py", line 1460, in _execute_task_with_callbacks
    result = self._execute_task(context, self.task)
  File "/home/airflow/.local/lib/python3.8/site-packages/airflow/models/taskinstance.py", line 1516, in _execute_task
    result = execute_callable(context=context)
  File "/opt/airflow/plugins/custom_transfers/azureToSnowflake.py", line 74, in execute
    snowflake_hook.run(copy_query, self.autocommit)
  File "/home/airflow/.local/lib/python3.8/site-packages/airflow/providers/snowflake/hooks/snowflake.py", line 328, in run
    cur.execute(sql_statement)
  File "/home/airflow/.local/lib/python3.8/site-packages/snowflake/connector/cursor.py", line 799, in execute
    Error.errorhandler_wrapper(self.connection, self, error_class, errvalue)
  File "/home/airflow/.local/lib/python3.8/site-packages/snowflake/connector/errors.py", line 273, in errorhandler_wrapper
    handed_over = Error.hand_to_other_handler(
  File "/home/airflow/.local/lib/python3.8/site-packages/snowflake/connector/errors.py", line 328, in hand_to_other_handler
    cursor.errorhandler(connection, cursor, error_class, error_value)
  File "/home/airflow/.local/lib/python3.8/site-packages/snowflake/connector/errors.py", line 207, in default_errorhandler
    raise error_class(
snowflake.connector.errors.ProgrammingError: 002003 (02000): 01a5112c-0000-fac3-0000-d969000555fe: SQL compilation error:
Stage 'LEAGUE_OF_LEGENDSDB.PUBLIC.MY_AZURE_PLAYERS_STAGE' does not exist or not authorized.
[2022-06-20 05:32:20,623] {taskinstance.py:1272} INFO - Marking task as UP_FOR_RETRY. dag_id=match_details_dag, task_id=paths.path_players.azure_players_snowflake, execution_date=20220620T053208, start_date=20220620T053219, end_date=20220620T053220
[2022-06-20 05:32:20,639] {standard_task_runner.py:89} ERROR - Failed to execute job 158 for task paths.path_players.azure_players_snowflake
Traceback (most recent call last):
  File "/home/airflow/.local/lib/python3.8/site-packages/airflow/task/task_runner/standard_task_runner.py", line 85, in _start_by_fork
    args.func(args, dag=self.dag)
  File "/home/airflow/.local/lib/python3.8/site-packages/airflow/cli/cli_parser.py", line 48, in command
    return func(*args, **kwargs)
  File "/home/airflow/.local/lib/python3.8/site-packages/airflow/utils/cli.py", line 92, in wrapper
    return f(*args, **kwargs)
  File "/home/airflow/.local/lib/python3.8/site-packages/airflow/cli/commands/task_command.py", line 298, in task_run
    _run_task_by_selected_method(args, dag, ti)
  File "/home/airflow/.local/lib/python3.8/site-packages/airflow/cli/commands/task_command.py", line 107, in _run_task_by_selected_method
    _run_raw_task(args, ti)
  File "/home/airflow/.local/lib/python3.8/site-packages/airflow/cli/commands/task_command.py", line 180, in _run_raw_task
    ti._run_raw_task(
  File "/home/airflow/.local/lib/python3.8/site-packages/airflow/utils/session.py", line 70, in wrapper
    return func(*args, session=session, **kwargs)
  File "/home/airflow/.local/lib/python3.8/site-packages/airflow/models/taskinstance.py", line 1334, in _run_raw_task
    self._execute_task_with_callbacks(context)
  File "/home/airflow/.local/lib/python3.8/site-packages/airflow/models/taskinstance.py", line 1460, in _execute_task_with_callbacks
    result = self._execute_task(context, self.task)
  File "/home/airflow/.local/lib/python3.8/site-packages/airflow/models/taskinstance.py", line 1516, in _execute_task
    result = execute_callable(context=context)
  File "/opt/airflow/plugins/custom_transfers/azureToSnowflake.py", line 74, in execute
    snowflake_hook.run(copy_query, self.autocommit)
  File "/home/airflow/.local/lib/python3.8/site-packages/airflow/providers/snowflake/hooks/snowflake.py", line 328, in run
    cur.execute(sql_statement)
  File "/home/airflow/.local/lib/python3.8/site-packages/snowflake/connector/cursor.py", line 799, in execute
    Error.errorhandler_wrapper(self.connection, self, error_class, errvalue)
  File "/home/airflow/.local/lib/python3.8/site-packages/snowflake/connector/errors.py", line 273, in errorhandler_wrapper
    handed_over = Error.hand_to_other_handler(
  File "/home/airflow/.local/lib/python3.8/site-packages/snowflake/connector/errors.py", line 328, in hand_to_other_handler
    cursor.errorhandler(connection, cursor, error_class, error_value)
  File "/home/airflow/.local/lib/python3.8/site-packages/snowflake/connector/errors.py", line 207, in default_errorhandler
    raise error_class(
snowflake.connector.errors.ProgrammingError: 002003 (02000): 01a5112c-0000-fac3-0000-d969000555fe: SQL compilation error:
Stage 'LEAGUE_OF_LEGENDSDB.PUBLIC.MY_AZURE_PLAYERS_STAGE' does not exist or not authorized.
[2022-06-20 05:32:20,656] {local_task_job.py:154} INFO - Task exited with return code 1
[2022-06-20 05:32:20,690] {local_task_job.py:264} INFO - 0 downstream tasks scheduled from follow-on schedule check
