[2022-06-07 21:10:39,123] {taskinstance.py:1037} INFO - Dependencies all met for <TaskInstance: match_details_dag.paths.path_matchinfo.create_matchinfo scheduled__2022-05-23T00:00:00+00:00 [queued]>
[2022-06-07 21:10:39,137] {taskinstance.py:1037} INFO - Dependencies all met for <TaskInstance: match_details_dag.paths.path_matchinfo.create_matchinfo scheduled__2022-05-23T00:00:00+00:00 [queued]>
[2022-06-07 21:10:39,138] {taskinstance.py:1243} INFO - 
--------------------------------------------------------------------------------
[2022-06-07 21:10:39,138] {taskinstance.py:1244} INFO - Starting attempt 1 of 2
[2022-06-07 21:10:39,138] {taskinstance.py:1245} INFO - 
--------------------------------------------------------------------------------
[2022-06-07 21:10:39,150] {taskinstance.py:1264} INFO - Executing <Task(SnowflakeOperator): paths.path_matchinfo.create_matchinfo> on 2022-05-23 00:00:00+00:00
[2022-06-07 21:10:39,156] {standard_task_runner.py:52} INFO - Started process 73 to run task
[2022-06-07 21:10:39,161] {standard_task_runner.py:76} INFO - Running: ['***', 'tasks', 'run', 'match_details_dag', 'paths.path_matchinfo.create_matchinfo', 'scheduled__2022-05-23T00:00:00+00:00', '--job-id', '4', '--raw', '--subdir', 'DAGS_FOLDER/matchData_dag.py', '--cfg-path', '/tmp/tmpgq5juuw2', '--error-file', '/tmp/tmp0ctsxvt0']
[2022-06-07 21:10:39,162] {standard_task_runner.py:77} INFO - Job 4: Subtask paths.path_matchinfo.create_matchinfo
[2022-06-07 21:10:39,232] {logging_mixin.py:109} INFO - Running <TaskInstance: match_details_dag.paths.path_matchinfo.create_matchinfo scheduled__2022-05-23T00:00:00+00:00 [running]> on host 25dc244c4df9
[2022-06-07 21:10:39,285] {taskinstance.py:1429} INFO - Exporting the following env vars:
AIRFLOW_CTX_DAG_OWNER=admin
AIRFLOW_CTX_DAG_ID=match_details_dag
AIRFLOW_CTX_TASK_ID=paths.path_matchinfo.create_matchinfo
AIRFLOW_CTX_EXECUTION_DATE=2022-05-23T00:00:00+00:00
AIRFLOW_CTX_DAG_RUN_ID=scheduled__2022-05-23T00:00:00+00:00
[2022-06-07 21:10:39,286] {snowflake.py:118} INFO - Executing: CREATE OR REPLACE TABLE STAGING_MATCHINFO
        (
            matchId varchar,
            gameCreation integer,
            gameDuration integer,
            gameEndTimestamp integer,
            gameId varchar,
            gameMode string,
            gameName varchar,
            gameStartTimestamp integer,
            gameType varchar(25),
            gameVersion varchar,
            mapId integer,
            platformId varchar(3),
            queueId integer,
            tournamentCode varchar
        );
[2022-06-07 21:10:39,297] {connection.py:257} INFO - Snowflake Connector for Python Version: 2.5.1, Python Version: 3.8.12, Platform: Linux-5.10.102.1-microsoft-standard-WSL2-x86_64-with-glibc2.2.5
[2022-06-07 21:10:39,298] {connection.py:868} INFO - This connection is in OCSP Fail Open Mode. TLS Certificates would be checked for validity and revocation status. Any other Certificate Revocation related exceptions or OCSP Responder failures would be disregarded in favor of connectivity.
[2022-06-07 21:10:39,298] {connection.py:886} INFO - Setting use_openssl_only mode to False
[2022-06-07 21:10:40,246] {cursor.py:637} INFO - query: [ALTER SESSION SET autocommit=True]
[2022-06-07 21:10:40,518] {cursor.py:661} INFO - query execution done
[2022-06-07 21:10:40,520] {snowflake.py:324} INFO - Running statement: CREATE OR REPLACE TABLE STAGING_MATCHINFO
        (
            matchId varchar,
            gameCreation integer,
            gameDuration integer,
            gameEndTimestamp integer,
            gameId varchar,
            gameMode string,
            gameName varchar,
            gameStartTimestamp integer,
            gameType varchar(25),
            gameVersion varchar,
            mapId integer,
            platformId varchar(3),
            queueId integer,
            tournamentCode varchar
        );, parameters: None
[2022-06-07 21:10:40,520] {cursor.py:637} INFO - query: [CREATE OR REPLACE TABLE STAGING_MATCHINFO ( matchId varchar, gameCreation intege...]
[2022-06-07 21:10:40,818] {cursor.py:661} INFO - query execution done
[2022-06-07 21:10:40,818] {snowflake.py:334} INFO - Statement execution info - {'status': 'Table STAGING_MATCHINFO successfully created.'}
[2022-06-07 21:10:40,819] {json_result.py:127} INFO - fetching data done
[2022-06-07 21:10:40,819] {snowflake.py:338} INFO - Rows affected: 1
[2022-06-07 21:10:40,819] {snowflake.py:339} INFO - Snowflake query id: 01a4cbb6-0000-f62c-0000-d9690004401a
[2022-06-07 21:10:40,820] {connection.py:499} INFO - closed
[2022-06-07 21:10:40,860] {connection.py:502} INFO - No async queries seem to be running, deleting session
[2022-06-07 21:10:40,959] {taskinstance.py:1272} INFO - Marking task as SUCCESS. dag_id=match_details_dag, task_id=paths.path_matchinfo.create_matchinfo, execution_date=20220523T000000, start_date=20220607T211039, end_date=20220607T211040
[2022-06-07 21:10:41,021] {local_task_job.py:154} INFO - Task exited with return code 0
[2022-06-07 21:10:41,058] {local_task_job.py:264} INFO - 1 downstream tasks scheduled from follow-on schedule check
[2022-06-11 05:25:10,129] {taskinstance.py:1037} INFO - Dependencies all met for <TaskInstance: match_details_dag.paths.path_matchinfo.create_matchinfo scheduled__2022-05-23T00:00:00+00:00 [queued]>
[2022-06-11 05:25:10,140] {taskinstance.py:1037} INFO - Dependencies all met for <TaskInstance: match_details_dag.paths.path_matchinfo.create_matchinfo scheduled__2022-05-23T00:00:00+00:00 [queued]>
[2022-06-11 05:25:10,140] {taskinstance.py:1243} INFO - 
--------------------------------------------------------------------------------
[2022-06-11 05:25:10,140] {taskinstance.py:1244} INFO - Starting attempt 1 of 2
[2022-06-11 05:25:10,140] {taskinstance.py:1245} INFO - 
--------------------------------------------------------------------------------
[2022-06-11 05:25:10,151] {taskinstance.py:1264} INFO - Executing <Task(SnowflakeOperator): paths.path_matchinfo.create_matchinfo> on 2022-05-23 00:00:00+00:00
[2022-06-11 05:25:10,156] {standard_task_runner.py:52} INFO - Started process 70 to run task
[2022-06-11 05:25:10,160] {standard_task_runner.py:76} INFO - Running: ['***', 'tasks', 'run', 'match_details_dag', 'paths.path_matchinfo.create_matchinfo', 'scheduled__2022-05-23T00:00:00+00:00', '--job-id', '8', '--raw', '--subdir', 'DAGS_FOLDER/matchData_dag.py', '--cfg-path', '/tmp/tmph68smot7', '--error-file', '/tmp/tmpa47s3u0m']
[2022-06-11 05:25:10,161] {standard_task_runner.py:77} INFO - Job 8: Subtask paths.path_matchinfo.create_matchinfo
[2022-06-11 05:25:10,216] {logging_mixin.py:109} INFO - Running <TaskInstance: match_details_dag.paths.path_matchinfo.create_matchinfo scheduled__2022-05-23T00:00:00+00:00 [running]> on host 1c0e300cbff9
[2022-06-11 05:25:10,273] {taskinstance.py:1429} INFO - Exporting the following env vars:
AIRFLOW_CTX_DAG_OWNER=admin
AIRFLOW_CTX_DAG_ID=match_details_dag
AIRFLOW_CTX_TASK_ID=paths.path_matchinfo.create_matchinfo
AIRFLOW_CTX_EXECUTION_DATE=2022-05-23T00:00:00+00:00
AIRFLOW_CTX_DAG_RUN_ID=scheduled__2022-05-23T00:00:00+00:00
[2022-06-11 05:25:10,273] {snowflake.py:118} INFO - Executing: CREATE OR REPLACE TABLE STAGING_MATCHINFO
        (
            matchId varchar,
            gameCreation integer,
            gameDuration integer,
            gameEndTimestamp integer,
            gameId varchar,
            gameMode string,
            gameName varchar,
            gameStartTimestamp integer,
            gameType varchar(25),
            gameVersion varchar,
            mapId integer,
            platformId varchar(3),
            queueId integer,
            tournamentCode varchar
        );
[2022-06-11 05:25:10,284] {connection.py:257} INFO - Snowflake Connector for Python Version: 2.7.8, Python Version: 3.8.12, Platform: Linux-5.10.102.1-microsoft-standard-WSL2-x86_64-with-glibc2.2.5
[2022-06-11 05:25:10,285] {connection.py:876} INFO - This connection is in OCSP Fail Open Mode. TLS Certificates would be checked for validity and revocation status. Any other Certificate Revocation related exceptions or OCSP Responder failures would be disregarded in favor of connectivity.
[2022-06-11 05:25:10,285] {connection.py:894} INFO - Setting use_openssl_only mode to False
[2022-06-11 05:25:11,283] {cursor.py:710} INFO - query: [ALTER SESSION SET autocommit=True]
[2022-06-11 05:25:11,484] {cursor.py:734} INFO - query execution done
[2022-06-11 05:25:11,485] {snowflake.py:324} INFO - Running statement: CREATE OR REPLACE TABLE STAGING_MATCHINFO
        (
            matchId varchar,
            gameCreation integer,
            gameDuration integer,
            gameEndTimestamp integer,
            gameId varchar,
            gameMode string,
            gameName varchar,
            gameStartTimestamp integer,
            gameType varchar(25),
            gameVersion varchar,
            mapId integer,
            platformId varchar(3),
            queueId integer,
            tournamentCode varchar
        );, parameters: None
[2022-06-11 05:25:11,485] {cursor.py:710} INFO - query: [CREATE OR REPLACE TABLE STAGING_MATCHINFO ( matchId varchar, gameCreation intege...]
[2022-06-11 05:25:12,009] {cursor.py:734} INFO - query execution done
[2022-06-11 05:25:12,010] {snowflake.py:334} INFO - Statement execution info - {'status': 'Table STAGING_MATCHINFO successfully created.'}
[2022-06-11 05:25:12,010] {snowflake.py:338} INFO - Rows affected: 1
[2022-06-11 05:25:12,011] {snowflake.py:339} INFO - Snowflake query id: 01a4de85-0000-f76c-0000-d9690004b00a
[2022-06-11 05:25:12,011] {connection.py:507} INFO - closed
[2022-06-11 05:25:12,047] {connection.py:510} INFO - No async queries seem to be running, deleting session
[2022-06-11 05:25:12,164] {taskinstance.py:1272} INFO - Marking task as SUCCESS. dag_id=match_details_dag, task_id=paths.path_matchinfo.create_matchinfo, execution_date=20220523T000000, start_date=20220611T052510, end_date=20220611T052512
[2022-06-11 05:25:12,219] {local_task_job.py:154} INFO - Task exited with return code 0
[2022-06-11 05:25:12,253] {local_task_job.py:264} INFO - 1 downstream tasks scheduled from follow-on schedule check
[2022-06-11 07:12:06,267] {taskinstance.py:1037} INFO - Dependencies all met for <TaskInstance: match_details_dag.paths.path_matchinfo.create_matchinfo scheduled__2022-05-23T00:00:00+00:00 [queued]>
[2022-06-11 07:12:06,277] {taskinstance.py:1037} INFO - Dependencies all met for <TaskInstance: match_details_dag.paths.path_matchinfo.create_matchinfo scheduled__2022-05-23T00:00:00+00:00 [queued]>
[2022-06-11 07:12:06,277] {taskinstance.py:1243} INFO - 
--------------------------------------------------------------------------------
[2022-06-11 07:12:06,277] {taskinstance.py:1244} INFO - Starting attempt 1 of 2
[2022-06-11 07:12:06,278] {taskinstance.py:1245} INFO - 
--------------------------------------------------------------------------------
[2022-06-11 07:12:06,289] {taskinstance.py:1264} INFO - Executing <Task(SnowflakeOperator): paths.path_matchinfo.create_matchinfo> on 2022-05-23 00:00:00+00:00
[2022-06-11 07:12:06,293] {standard_task_runner.py:52} INFO - Started process 227 to run task
[2022-06-11 07:12:06,296] {standard_task_runner.py:76} INFO - Running: ['***', 'tasks', 'run', 'match_details_dag', 'paths.path_matchinfo.create_matchinfo', 'scheduled__2022-05-23T00:00:00+00:00', '--job-id', '58', '--raw', '--subdir', 'DAGS_FOLDER/matchData_dag.py', '--cfg-path', '/tmp/tmpmaio7v6s', '--error-file', '/tmp/tmpps0z7p50']
[2022-06-11 07:12:06,297] {standard_task_runner.py:77} INFO - Job 58: Subtask paths.path_matchinfo.create_matchinfo
[2022-06-11 07:12:06,339] {logging_mixin.py:109} INFO - Running <TaskInstance: match_details_dag.paths.path_matchinfo.create_matchinfo scheduled__2022-05-23T00:00:00+00:00 [running]> on host a1cebf1185bf
[2022-06-11 07:12:06,383] {taskinstance.py:1429} INFO - Exporting the following env vars:
AIRFLOW_CTX_DAG_OWNER=admin
AIRFLOW_CTX_DAG_ID=match_details_dag
AIRFLOW_CTX_TASK_ID=paths.path_matchinfo.create_matchinfo
AIRFLOW_CTX_EXECUTION_DATE=2022-05-23T00:00:00+00:00
AIRFLOW_CTX_DAG_RUN_ID=scheduled__2022-05-23T00:00:00+00:00
[2022-06-11 07:12:06,383] {snowflake.py:118} INFO - Executing: CREATE OR REPLACE TABLE STAGING_MATCHINFO
        (
            matchId varchar,
            gameCreation integer,
            gameDuration integer,
            gameEndTimestamp integer,
            gameId varchar,
            gameMode string,
            gameName varchar,
            gameStartTimestamp integer,
            gameType varchar(25),
            gameVersion varchar,
            mapId integer,
            platformId varchar(3),
            queueId integer,
            tournamentCode varchar
        );
[2022-06-11 07:12:06,392] {connection.py:257} INFO - Snowflake Connector for Python Version: 2.7.8, Python Version: 3.8.12, Platform: Linux-5.10.102.1-microsoft-standard-WSL2-x86_64-with-glibc2.2.5
[2022-06-11 07:12:06,393] {connection.py:876} INFO - This connection is in OCSP Fail Open Mode. TLS Certificates would be checked for validity and revocation status. Any other Certificate Revocation related exceptions or OCSP Responder failures would be disregarded in favor of connectivity.
[2022-06-11 07:12:06,393] {connection.py:894} INFO - Setting use_openssl_only mode to False
[2022-06-11 07:12:07,168] {cursor.py:710} INFO - query: [ALTER SESSION SET autocommit=True]
[2022-06-11 07:12:07,255] {cursor.py:734} INFO - query execution done
[2022-06-11 07:12:07,257] {snowflake.py:324} INFO - Running statement: CREATE OR REPLACE TABLE STAGING_MATCHINFO
        (
            matchId varchar,
            gameCreation integer,
            gameDuration integer,
            gameEndTimestamp integer,
            gameId varchar,
            gameMode string,
            gameName varchar,
            gameStartTimestamp integer,
            gameType varchar(25),
            gameVersion varchar,
            mapId integer,
            platformId varchar(3),
            queueId integer,
            tournamentCode varchar
        );, parameters: None
[2022-06-11 07:12:07,257] {cursor.py:710} INFO - query: [CREATE OR REPLACE TABLE STAGING_MATCHINFO ( matchId varchar, gameCreation intege...]
[2022-06-11 07:12:07,439] {cursor.py:734} INFO - query execution done
[2022-06-11 07:12:07,439] {snowflake.py:334} INFO - Statement execution info - {'status': 'Table STAGING_MATCHINFO successfully created.'}
[2022-06-11 07:12:07,440] {snowflake.py:338} INFO - Rows affected: 1
[2022-06-11 07:12:07,440] {snowflake.py:339} INFO - Snowflake query id: 01a4def0-0000-f76c-0000-d9690004b11e
[2022-06-11 07:12:07,441] {connection.py:507} INFO - closed
[2022-06-11 07:12:07,480] {connection.py:510} INFO - No async queries seem to be running, deleting session
[2022-06-11 07:12:07,586] {taskinstance.py:1272} INFO - Marking task as SUCCESS. dag_id=match_details_dag, task_id=paths.path_matchinfo.create_matchinfo, execution_date=20220523T000000, start_date=20220611T071206, end_date=20220611T071207
[2022-06-11 07:12:07,634] {local_task_job.py:154} INFO - Task exited with return code 0
[2022-06-11 07:12:07,677] {local_task_job.py:264} INFO - 1 downstream tasks scheduled from follow-on schedule check
[2022-06-14 17:43:59,354] {taskinstance.py:1037} INFO - Dependencies all met for <TaskInstance: match_details_dag.paths.path_matchinfo.create_matchinfo scheduled__2022-05-23T00:00:00+00:00 [queued]>
[2022-06-14 17:43:59,365] {taskinstance.py:1037} INFO - Dependencies all met for <TaskInstance: match_details_dag.paths.path_matchinfo.create_matchinfo scheduled__2022-05-23T00:00:00+00:00 [queued]>
[2022-06-14 17:43:59,365] {taskinstance.py:1243} INFO - 
--------------------------------------------------------------------------------
[2022-06-14 17:43:59,366] {taskinstance.py:1244} INFO - Starting attempt 1 of 2
[2022-06-14 17:43:59,366] {taskinstance.py:1245} INFO - 
--------------------------------------------------------------------------------
[2022-06-14 17:43:59,375] {taskinstance.py:1264} INFO - Executing <Task(SnowflakeOperator): paths.path_matchinfo.create_matchinfo> on 2022-05-23 00:00:00+00:00
[2022-06-14 17:43:59,379] {standard_task_runner.py:52} INFO - Started process 76 to run task
[2022-06-14 17:43:59,382] {standard_task_runner.py:76} INFO - Running: ['***', 'tasks', 'run', 'match_details_dag', 'paths.path_matchinfo.create_matchinfo', 'scheduled__2022-05-23T00:00:00+00:00', '--job-id', '84', '--raw', '--subdir', 'DAGS_FOLDER/matchData_dag.py', '--cfg-path', '/tmp/tmp73vr5sno', '--error-file', '/tmp/tmp29xg94q9']
[2022-06-14 17:43:59,382] {standard_task_runner.py:77} INFO - Job 84: Subtask paths.path_matchinfo.create_matchinfo
[2022-06-14 17:43:59,429] {logging_mixin.py:109} INFO - Running <TaskInstance: match_details_dag.paths.path_matchinfo.create_matchinfo scheduled__2022-05-23T00:00:00+00:00 [running]> on host 9ccbaa06f6ac
[2022-06-14 17:43:59,469] {taskinstance.py:1429} INFO - Exporting the following env vars:
AIRFLOW_CTX_DAG_OWNER=admin
AIRFLOW_CTX_DAG_ID=match_details_dag
AIRFLOW_CTX_TASK_ID=paths.path_matchinfo.create_matchinfo
AIRFLOW_CTX_EXECUTION_DATE=2022-05-23T00:00:00+00:00
AIRFLOW_CTX_DAG_RUN_ID=scheduled__2022-05-23T00:00:00+00:00
[2022-06-14 17:43:59,470] {snowflake.py:118} INFO - Executing: CREATE OR REPLACE TABLE STAGING_MATCHINFO
        (
            matchId varchar,
            gameCreation integer,
            gameDuration integer,
            gameEndTimestamp integer,
            gameId varchar,
            gameMode string,
            gameName varchar,
            gameStartTimestamp integer,
            gameType varchar(25),
            gameVersion varchar,
            mapId integer,
            platformId varchar(3),
            queueId integer,
            tournamentCode varchar
        );
[2022-06-14 17:43:59,477] {connection.py:257} INFO - Snowflake Connector for Python Version: 2.7.8, Python Version: 3.8.12, Platform: Linux-5.10.102.1-microsoft-standard-WSL2-x86_64-with-glibc2.2.5
[2022-06-14 17:43:59,478] {connection.py:876} INFO - This connection is in OCSP Fail Open Mode. TLS Certificates would be checked for validity and revocation status. Any other Certificate Revocation related exceptions or OCSP Responder failures would be disregarded in favor of connectivity.
[2022-06-14 17:43:59,478] {connection.py:894} INFO - Setting use_openssl_only mode to False
[2022-06-14 17:44:00,293] {cursor.py:710} INFO - query: [ALTER SESSION SET autocommit=True]
[2022-06-14 17:44:00,520] {cursor.py:734} INFO - query execution done
[2022-06-14 17:44:00,521] {snowflake.py:324} INFO - Running statement: CREATE OR REPLACE TABLE STAGING_MATCHINFO
        (
            matchId varchar,
            gameCreation integer,
            gameDuration integer,
            gameEndTimestamp integer,
            gameId varchar,
            gameMode string,
            gameName varchar,
            gameStartTimestamp integer,
            gameType varchar(25),
            gameVersion varchar,
            mapId integer,
            platformId varchar(3),
            queueId integer,
            tournamentCode varchar
        );, parameters: None
[2022-06-14 17:44:00,521] {cursor.py:710} INFO - query: [CREATE OR REPLACE TABLE STAGING_MATCHINFO ( matchId varchar, gameCreation intege...]
[2022-06-14 17:44:00,737] {cursor.py:734} INFO - query execution done
[2022-06-14 17:44:00,737] {snowflake.py:334} INFO - Statement execution info - {'status': 'Table STAGING_MATCHINFO successfully created.'}
[2022-06-14 17:44:00,738] {snowflake.py:338} INFO - Rows affected: 1
[2022-06-14 17:44:00,739] {snowflake.py:339} INFO - Snowflake query id: 01a4f248-0000-f7e6-0000-d9690004f182
[2022-06-14 17:44:00,739] {connection.py:507} INFO - closed
[2022-06-14 17:44:00,833] {connection.py:510} INFO - No async queries seem to be running, deleting session
[2022-06-14 17:44:00,939] {taskinstance.py:1272} INFO - Marking task as SUCCESS. dag_id=match_details_dag, task_id=paths.path_matchinfo.create_matchinfo, execution_date=20220523T000000, start_date=20220614T174359, end_date=20220614T174400
[2022-06-14 17:44:00,959] {local_task_job.py:154} INFO - Task exited with return code 0
[2022-06-14 17:44:00,990] {local_task_job.py:264} INFO - 1 downstream tasks scheduled from follow-on schedule check
