[2022-05-19 22:50:28,380] {taskinstance.py:1037} INFO - Dependencies all met for <TaskInstance: league_of_legends_dag.paths.path_champions.staging_champions manual__2022-05-19T22:50:25.215651+00:00 [queued]>
[2022-05-19 22:50:28,396] {taskinstance.py:1037} INFO - Dependencies all met for <TaskInstance: league_of_legends_dag.paths.path_champions.staging_champions manual__2022-05-19T22:50:25.215651+00:00 [queued]>
[2022-05-19 22:50:28,396] {taskinstance.py:1243} INFO - 
--------------------------------------------------------------------------------
[2022-05-19 22:50:28,396] {taskinstance.py:1244} INFO - Starting attempt 1 of 2
[2022-05-19 22:50:28,396] {taskinstance.py:1245} INFO - 
--------------------------------------------------------------------------------
[2022-05-19 22:50:28,410] {taskinstance.py:1264} INFO - Executing <Task(riot_dataDragonToADLSOperator): paths.path_champions.staging_champions> on 2022-05-19 22:50:25.215651+00:00
[2022-05-19 22:50:28,415] {standard_task_runner.py:52} INFO - Started process 1927 to run task
[2022-05-19 22:50:28,418] {standard_task_runner.py:76} INFO - Running: ['***', 'tasks', 'run', 'league_of_legends_dag', 'paths.path_champions.staging_champions', 'manual__2022-05-19T22:50:25.215651+00:00', '--job-id', '305', '--raw', '--subdir', 'DAGS_FOLDER/dataDragon_dag.py', '--cfg-path', '/tmp/tmpysvsw6la', '--error-file', '/tmp/tmplbbn2lr8']
[2022-05-19 22:50:28,418] {standard_task_runner.py:77} INFO - Job 305: Subtask paths.path_champions.staging_champions
[2022-05-19 22:50:28,482] {logging_mixin.py:109} INFO - Running <TaskInstance: league_of_legends_dag.paths.path_champions.staging_champions manual__2022-05-19T22:50:25.215651+00:00 [running]> on host ca9a242fab95
[2022-05-19 22:50:28,542] {taskinstance.py:1429} INFO - Exporting the following env vars:
AIRFLOW_CTX_DAG_OWNER=admin
AIRFLOW_CTX_DAG_ID=league_of_legends_dag
AIRFLOW_CTX_TASK_ID=paths.path_champions.staging_champions
AIRFLOW_CTX_EXECUTION_DATE=2022-05-19T22:50:25.215651+00:00
AIRFLOW_CTX_DAG_RUN_ID=manual__2022-05-19T22:50:25.215651+00:00
[2022-05-19 22:50:28,543] {riot_datadragon_toADLS_Operator.py:55} INFO - StageToAzureLake not implemented yet
[2022-05-19 22:50:28,553] {riot_datadragon_toADLS_Operator.py:63} INFO - <bound method WasbHook.get_conn of <airflow.providers.microsoft.azure.hooks.wasb.WasbHook object at 0x7f269411adf0>>
[2022-05-19 22:50:28,553] {riot_datadragon_toADLS_Operator.py:64} INFO - Created Azure Connections
[2022-05-19 22:50:28,685] {riot_datadragon_toADLS_Operator.py:86} INFO - About to load to Azure!
[2022-05-19 22:50:28,685] {riot_datadragon_toADLS_Operator.py:87} INFO - champions
[2022-05-19 22:50:28,687] {_universal.py:472} INFO - Request URL: 'https://leagueoflegends.blob.core.windows.net/datadragon-champions/2022/5/19/22.json'/nRequest method: 'PUT'/nRequest headers:/n    'x-ms-blob-type': 'REDACTED'/n    'Content-Length': '159472'/n    'If-None-Match': '*'/n    'x-ms-version': 'REDACTED'/n    'Content-Type': 'application/octet-stream'/n    'Accept': 'application/xml'/n    'User-Agent': 'azsdk-python-storage-blob/12.8.1 Python/3.8.12 (Linux-5.10.102.1-microsoft-standard-WSL2-x86_64-with-glibc2.2.5)'/n    'x-ms-date': 'REDACTED'/n    'x-ms-client-request-id': '145e719e-d7c6-11ec-879f-0242ac140007'/n    'Authorization': 'REDACTED'/nA body is sent with the request
[2022-05-19 22:50:29,148] {_universal.py:503} INFO - Response status: 201/nResponse headers:/n    'Content-Length': '0'/n    'Content-MD5': 'REDACTED'/n    'Last-Modified': 'Thu, 19 May 2022 22:50:30 GMT'/n    'ETag': '"0x8DA39E9F9BF7E83"'/n    'Server': 'Windows-Azure-Blob/1.0 Microsoft-HTTPAPI/2.0'/n    'x-ms-request-id': 'dbc0f6aa-f01e-0097-1dd2-6b82e2000000'/n    'x-ms-client-request-id': '145e719e-d7c6-11ec-879f-0242ac140007'/n    'x-ms-version': 'REDACTED'/n    'x-ms-content-crc64': 'REDACTED'/n    'x-ms-request-server-encrypted': 'REDACTED'/n    'Date': 'Thu, 19 May 2022 22:50:30 GMT'
[2022-05-19 22:50:29,153] {riot_datadragon_toADLS_Operator.py:57} INFO - Upload league of legends data to Azure!
[2022-05-19 22:50:29,168] {taskinstance.py:1272} INFO - Marking task as SUCCESS. dag_id=league_of_legends_dag, task_id=paths.path_champions.staging_champions, execution_date=20220519T225025, start_date=20220519T225028, end_date=20220519T225029
[2022-05-19 22:50:29,234] {local_task_job.py:154} INFO - Task exited with return code 0
[2022-05-19 22:50:29,275] {local_task_job.py:264} INFO - 1 downstream tasks scheduled from follow-on schedule check
