[2022-06-23 21:42:11,546] {taskinstance.py:1037} INFO - Dependencies all met for <TaskInstance: match_details_dag.staging_match_data scheduled__2022-06-20T00:00:00+00:00 [queued]>
[2022-06-23 21:42:11,556] {taskinstance.py:1037} INFO - Dependencies all met for <TaskInstance: match_details_dag.staging_match_data scheduled__2022-06-20T00:00:00+00:00 [queued]>
[2022-06-23 21:42:11,556] {taskinstance.py:1243} INFO - 
--------------------------------------------------------------------------------
[2022-06-23 21:42:11,557] {taskinstance.py:1244} INFO - Starting attempt 2 of 2
[2022-06-23 21:42:11,557] {taskinstance.py:1245} INFO - 
--------------------------------------------------------------------------------
[2022-06-23 21:42:11,570] {taskinstance.py:1264} INFO - Executing <Task(riot_matchDetailsToADLSOperator): staging_match_data> on 2022-06-20 00:00:00+00:00
[2022-06-23 21:42:11,592] {standard_task_runner.py:52} INFO - Started process 1419 to run task
[2022-06-23 21:42:11,595] {standard_task_runner.py:76} INFO - Running: ['***', 'tasks', 'run', 'match_details_dag', 'staging_match_data', 'scheduled__2022-06-20T00:00:00+00:00', '--job-id', '300', '--raw', '--subdir', 'DAGS_FOLDER/matchData_dag.py', '--cfg-path', '/tmp/tmpnrxsmsf4', '--error-file', '/tmp/tmpf48_a6kh']
[2022-06-23 21:42:11,596] {standard_task_runner.py:77} INFO - Job 300: Subtask staging_match_data
[2022-06-23 21:42:11,652] {logging_mixin.py:109} INFO - Running <TaskInstance: match_details_dag.staging_match_data scheduled__2022-06-20T00:00:00+00:00 [running]> on host ebe3cc7dbee2
[2022-06-23 21:42:11,690] {taskinstance.py:1429} INFO - Exporting the following env vars:
AIRFLOW_CTX_DAG_OWNER=admin
AIRFLOW_CTX_DAG_ID=match_details_dag
AIRFLOW_CTX_TASK_ID=staging_match_data
AIRFLOW_CTX_EXECUTION_DATE=2022-06-20T00:00:00+00:00
AIRFLOW_CTX_DAG_RUN_ID=scheduled__2022-06-20T00:00:00+00:00
[2022-06-23 21:42:11,690] {riot_matchdetails_toADLS_Operator.py:63} INFO - StageToAzureLake not implemented yet
[2022-06-23 21:42:11,702] {riot_matchdetails_toADLS_Operator.py:72} INFO - <bound method WasbHook.get_conn of <airflow.providers.microsoft.azure.hooks.wasb.WasbHook object at 0x7f9fd1121d60>>
[2022-06-23 21:42:11,702] {riot_matchdetails_toADLS_Operator.py:73} INFO - Created Azure Connection
[2022-06-23 21:42:11,710] {riot_matchdetails_toADLS_Operator.py:76} INFO - Created Riot Connection
[2022-06-23 21:42:12,102] {Limits.py:87} INFO - rate limit changed from 0/0s to 20/1s
[2022-06-23 21:42:12,102] {Limits.py:87} INFO - rate limit changed from 0/0s to 100/120s
[2022-06-23 21:42:12,102] {Limits.py:87} INFO - rate limit changed from 0/0s to 50/10s
[2022-06-23 21:42:12,103] {logging_mixin.py:109} INFO - [{'leagueId': 'c6dcc962-5d54-4bcf-9991-901dd6acda00', 'queueType': 'RANKED_SOLO_5x5', 'tier': 'GOLD', 'rank': 'I', 'summonerId': 'iMs6aSEysMHkgvAP6EYTPxJD-Sl78glMkmhNkL5teeVlhCGU', 'summonerName': 'Harukon', 'leaguePoints': 100, 'wins': 24, 'losses': 18, 'veteran': False, 'inactive': False, 'freshBlood': False, 'hotStreak': True, 'miniSeries': {'target': 3, 'wins': 0, 'losses': 0, 'progress': 'NNNNN'}}, {'leagueId': '2f5e40b1-b909-41f0-9cbe-f281d6f40092', 'queueType': 'RANKED_SOLO_5x5', 'tier': 'GOLD', 'rank': 'I', 'summonerId': 'G1cpogdjZNzbBGChEgUOH9OQFqoV9NJGAgdsWtNq7jZTJUPy', 'summonerName': 'SirDur', 'leaguePoints': 100, 'wins': 60, 'losses': 32, 'veteran': False, 'inactive': False, 'freshBlood': False, 'hotStreak': False, 'miniSeries': {'target': 3, 'wins': 2, 'losses': 1, 'progress': 'WWLNN'}}, {'leagueId': '574a3728-ceef-4f09-b163-e2e4aafed8f7', 'queueType': 'RANKED_SOLO_5x5', 'tier': 'GOLD', 'rank': 'I', 'summonerId': 'aF3YCmHsyYVDmlMx67rHoHYW01r4Ctx3Id2iZkJa61ewRHZ7', 'summonerName': 'Iron Four Life', 'leaguePoints': 100, 'wins': 25, 'losses': 23, 'veteran': False, 'inactive': False, 'freshBlood': False, 'hotStreak': True, 'miniSeries': {'target': 3, 'wins': 1, 'losses': 0, 'progress': 'WNNNN'}}, {'leagueId': '3507019c-5cc7-44d9-8166-e68f9005c49a', 'queueType': 'RANKED_SOLO_5x5', 'tier': 'GOLD', 'rank': 'I', 'summonerId': '25_GY0jE0SxR8Mphq4WPXeWLCsITiMfZkFxX0PE5HI2uwfmt', 'summonerName': 'Matrix Divinity', 'leaguePoints': 100, 'wins': 44, 'losses': 21, 'veteran': False, 'inactive': False, 'freshBlood': False, 'hotStreak': False, 'miniSeries': {'target': 3, 'wins': 0, 'losses': 0, 'progress': 'NNNNN'}}, {'leagueId': 'ed607623-f7a5-44af-a642-3c0635b7dd0c', 'queueType': 'RANKED_SOLO_5x5', 'tier': 'GOLD', 'rank': 'I', 'summonerId': 'EjZhIVYtrVC4sUbA28970uwi9Fi-QNYCDeKwjBb8oIGCXnZm', 'summonerName': 'Mark Brnovich', 'leaguePoints': 100, 'wins': 20, 'losses': 24, 'veteran': False, 'inactive': False, 'freshBlood': False, 'hotStreak': False, 'miniSeries': {'target': 3, 'wins': 0, 'losses': 0, 'progress': 'NNNNN'}}, {'leagueId': '48dcac4a-66a6-4d86-b16b-ff35ae646524', 'queueType': 'RANKED_SOLO_5x5', 'tier': 'GOLD', 'rank': 'I', 'summonerId': 't31xRPoLHcZqHt6bOXXLuH7ZAog4gdsVsRVWPrn471rAA83M', 'summonerName': 'Taquitoboi', 'leaguePoints': 100, 'wins': 24, 'losses': 33, 'veteran': False, 'inactive': False, 'freshBlood': False, 'hotStreak': False, 'miniSeries': {'target': 3, 'wins': 1, 'losses': 1, 'progress': 'LWNNN'}}, {'leagueId': '54d9a544-5e7b-412d-a309-66815ad92913', 'queueType': 'RANKED_SOLO_5x5', 'tier': 'GOLD', 'rank': 'I', 'summonerId': 'a8ukyIW2Wawx8OFYh6kvU6XbMX-7l6I8FjKPdOiibfHDklBj', 'summonerName': 'Offensive Ward', 'leaguePoints': 100, 'wins': 17, 'losses': 12, 'veteran': False, 'inactive': False, 'freshBlood': False, 'hotStreak': False, 'miniSeries': {'target': 3, 'wins': 0, 'losses': 1, 'progress': 'LNNNN'}}, {'leagueId': 'bceb11be-188d-4f8c-8f9e-69597ebe92f0', 'queueType': 'RANKED_SOLO_5x5', 'tier': 'GOLD', 'rank': 'I', 'summonerId': 'imeCd9cTctBH1-_nbynvVW7uFyCmBC7Aby2tmM2KDvqvhsAN', 'summonerName': 'DenBlaze', 'leaguePoints': 100, 'wins': 38, 'losses': 40, 'veteran': False, 'inactive': False, 'freshBlood': False, 'hotStreak': True, 'miniSeries': {'target': 3, 'wins': 0, 'losses': 0, 'progress': 'NNNNN'}}, {'leagueId': '9cc95895-54a8-496d-a4cd-ed25c42f9056', 'queueType': 'RANKED_SOLO_5x5', 'tier': 'GOLD', 'rank': 'I', 'summonerId': '3Si823od9hN3NUdmA2JLl8RRB-pcl-x8Zvb5hQiVTzs-s09G', 'summonerName': 'I just met you', 'leaguePoints': 100, 'wins': 131, 'losses': 89, 'veteran': False, 'inactive': False, 'freshBlood': False, 'hotStreak': False, 'miniSeries': {'target': 3, 'wins': 2, 'losses': 2, 'progress': 'WLWLN'}}, {'leagueId': '3accc5cf-56d6-49df-b518-b38258d41010', 'queueType': 'RANKED_SOLO_5x5', 'tier': 'GOLD', 'rank': 'I', 'summonerId': 'fGXbh_w6vjIM6LrYiGWuLv7Scg9Nt0hPCIlp5Fk3xAAb567H', 'summonerName': 'Immora1', 'leaguePoints': 100, 'wins': 130, 'losses': 112, 'veteran': False, 'inactive': False, 'freshBlood': False, 'hotStreak': True, 'miniSeries': {'target': 3, 'wins': 0, 'losses': 0, 'progress': 'NNNNN'}}]
[2022-06-23 21:42:12,194] {Limits.py:87} INFO - rate limit changed from 0/0s to 2000/60s
[2022-06-23 21:42:12,758] {Limits.py:87} INFO - rate limit changed from 0/0s to 20/1s
[2022-06-23 21:42:12,759] {Limits.py:87} INFO - rate limit changed from 0/0s to 100/120s
[2022-06-23 21:42:12,759] {Limits.py:87} INFO - rate limit changed from 0/0s to 500/10s
[2022-06-23 21:42:12,952] {Limits.py:87} INFO - rate limit changed from 0/0s to 250/10s
[2022-06-23 21:42:41,535] {RateLimiterAdapter.py:41} INFO - waiting for 91.223707 seconds...
[2022-06-23 21:44:16,009] {riot_matchdetails_toADLS_Operator.py:130} INFO - /tmp/tmpowv6p0qk/match_details.csv
[2022-06-23 21:44:16,011] {_universal.py:472} INFO - Request URL: 'https://leagueoflegends.blob.core.windows.net/match-details/2022/6/23/21.csv?sv=REDACTED&ss=REDACTED&srt=REDACTED&sp=REDACTED&se=REDACTED&st=REDACTED&spr=REDACTED&sig=REDACTED'/nRequest method: 'PUT'/nRequest headers:/n    'x-ms-blob-type': 'REDACTED'/n    'Content-Length': '529409'/n    'If-None-Match': '*'/n    'x-ms-version': 'REDACTED'/n    'Content-Type': 'application/octet-stream'/n    'Accept': 'application/xml'/n    'User-Agent': 'azsdk-python-storage-blob/12.8.1 Python/3.8.12 (Linux-5.10.102.1-microsoft-standard-WSL2-x86_64-with-glibc2.2.5)'/n    'x-ms-date': 'REDACTED'/n    'x-ms-client-request-id': 'a0ed6dee-f33d-11ec-9fb4-0242ac120006'/nA body is sent with the request
[2022-06-23 21:44:16,225] {_universal.py:503} INFO - Response status: 409/nResponse headers:/n    'Content-Length': '220'/n    'Content-Type': 'application/xml'/n    'Server': 'Windows-Azure-Blob/1.0 Microsoft-HTTPAPI/2.0'/n    'x-ms-request-id': '22d473a0-601e-00f4-594a-87c4c7000000'/n    'x-ms-client-request-id': 'a0ed6dee-f33d-11ec-9fb4-0242ac120006'/n    'x-ms-version': 'REDACTED'/n    'x-ms-error-code': 'REDACTED'/n    'Date': 'Thu, 23 Jun 2022 21:44:15 GMT'
[2022-06-23 21:44:16,227] {taskinstance.py:1718} ERROR - Task failed with exception
Traceback (most recent call last):
  File "/home/airflow/.local/lib/python3.8/site-packages/azure/storage/blob/_upload_helpers.py", line 94, in upload_block_blob
    return client.upload(
  File "/home/airflow/.local/lib/python3.8/site-packages/azure/storage/blob/_generated/operations/_block_blob_operations.py", line 228, in upload
    map_error(status_code=response.status_code, response=response, error_map=error_map)
  File "/home/airflow/.local/lib/python3.8/site-packages/azure/core/exceptions.py", line 105, in map_error
    raise error
azure.core.exceptions.ResourceExistsError: Operation returned an invalid status 'The specified blob already exists.'
Content: <?xml version="1.0" encoding="utf-8"?><Error><Code>BlobAlreadyExists</Code><Message>The specified blob already exists.
RequestId:22d473a0-601e-00f4-594a-87c4c7000000
Time:2022-06-23T21:44:16.1867782Z</Message></Error>

During handling of the above exception, another exception occurred:

Traceback (most recent call last):
  File "/home/airflow/.local/lib/python3.8/site-packages/airflow/models/taskinstance.py", line 1334, in _run_raw_task
    self._execute_task_with_callbacks(context)
  File "/home/airflow/.local/lib/python3.8/site-packages/airflow/models/taskinstance.py", line 1460, in _execute_task_with_callbacks
    result = self._execute_task(context, self.task)
  File "/home/airflow/.local/lib/python3.8/site-packages/airflow/models/taskinstance.py", line 1516, in _execute_task
    result = execute_callable(context=context)
  File "/opt/airflow/plugins/custom_operators/riot_matchdetails_toADLS_Operator.py", line 64, in execute
    self.upload_to_azureLake()
  File "/opt/airflow/plugins/custom_operators/riot_matchdetails_toADLS_Operator.py", line 131, in upload_to_azureLake
    wasb_hook.load_file(
  File "/home/airflow/.local/lib/python3.8/site-packages/airflow/providers/microsoft/azure/hooks/wasb.py", line 254, in load_file
    self.upload(
  File "/home/airflow/.local/lib/python3.8/site-packages/airflow/providers/microsoft/azure/hooks/wasb.py", line 339, in upload
    return blob_client.upload_blob(data, blob_type, length=length, **kwargs)
  File "/home/airflow/.local/lib/python3.8/site-packages/azure/core/tracing/decorator.py", line 83, in wrapper_use_tracer
    return func(*args, **kwargs)
  File "/home/airflow/.local/lib/python3.8/site-packages/azure/storage/blob/_blob_client.py", line 693, in upload_blob
    return upload_block_blob(**options)
  File "/home/airflow/.local/lib/python3.8/site-packages/azure/storage/blob/_upload_helpers.py", line 157, in upload_block_blob
    process_storage_error(error)
  File "/home/airflow/.local/lib/python3.8/site-packages/azure/storage/blob/_shared/response_handlers.py", line 150, in process_storage_error
    error.raise_with_traceback()
  File "/home/airflow/.local/lib/python3.8/site-packages/azure/core/exceptions.py", line 247, in raise_with_traceback
    raise super(AzureError, self).with_traceback(self.exc_traceback)
  File "/home/airflow/.local/lib/python3.8/site-packages/azure/storage/blob/_upload_helpers.py", line 94, in upload_block_blob
    return client.upload(
  File "/home/airflow/.local/lib/python3.8/site-packages/azure/storage/blob/_generated/operations/_block_blob_operations.py", line 228, in upload
    map_error(status_code=response.status_code, response=response, error_map=error_map)
  File "/home/airflow/.local/lib/python3.8/site-packages/azure/core/exceptions.py", line 105, in map_error
    raise error
azure.core.exceptions.ResourceExistsError: The specified blob already exists.
RequestId:22d473a0-601e-00f4-594a-87c4c7000000
Time:2022-06-23T21:44:16.1867782Z
ErrorCode:BlobAlreadyExists
Error:None
Content: <?xml version="1.0" encoding="utf-8"?><Error><Code>BlobAlreadyExists</Code><Message>The specified blob already exists.
RequestId:22d473a0-601e-00f4-594a-87c4c7000000
Time:2022-06-23T21:44:16.1867782Z</Message></Error>
[2022-06-23 21:44:16,240] {taskinstance.py:1272} INFO - Marking task as FAILED. dag_id=match_details_dag, task_id=staging_match_data, execution_date=20220620T000000, start_date=20220623T214211, end_date=20220623T214416
[2022-06-23 21:44:16,255] {standard_task_runner.py:89} ERROR - Failed to execute job 300 for task staging_match_data
Traceback (most recent call last):
  File "/home/airflow/.local/lib/python3.8/site-packages/azure/storage/blob/_upload_helpers.py", line 94, in upload_block_blob
    return client.upload(
  File "/home/airflow/.local/lib/python3.8/site-packages/azure/storage/blob/_generated/operations/_block_blob_operations.py", line 228, in upload
    map_error(status_code=response.status_code, response=response, error_map=error_map)
  File "/home/airflow/.local/lib/python3.8/site-packages/azure/core/exceptions.py", line 105, in map_error
    raise error
azure.core.exceptions.ResourceExistsError: Operation returned an invalid status 'The specified blob already exists.'
Content: <?xml version="1.0" encoding="utf-8"?><Error><Code>BlobAlreadyExists</Code><Message>The specified blob already exists.
RequestId:22d473a0-601e-00f4-594a-87c4c7000000
Time:2022-06-23T21:44:16.1867782Z</Message></Error>

During handling of the above exception, another exception occurred:

Traceback (most recent call last):
  File "/home/airflow/.local/lib/python3.8/site-packages/airflow/task/task_runner/standard_task_runner.py", line 85, in _start_by_fork
    args.func(args, dag=self.dag)
  File "/home/airflow/.local/lib/python3.8/site-packages/airflow/cli/cli_parser.py", line 48, in command
    return func(*args, **kwargs)
  File "/home/airflow/.local/lib/python3.8/site-packages/airflow/utils/cli.py", line 92, in wrapper
    return f(*args, **kwargs)
  File "/home/airflow/.local/lib/python3.8/site-packages/airflow/cli/commands/task_command.py", line 298, in task_run
    _run_task_by_selected_method(args, dag, ti)
  File "/home/airflow/.local/lib/python3.8/site-packages/airflow/cli/commands/task_command.py", line 107, in _run_task_by_selected_method
    _run_raw_task(args, ti)
  File "/home/airflow/.local/lib/python3.8/site-packages/airflow/cli/commands/task_command.py", line 180, in _run_raw_task
    ti._run_raw_task(
  File "/home/airflow/.local/lib/python3.8/site-packages/airflow/utils/session.py", line 70, in wrapper
    return func(*args, session=session, **kwargs)
  File "/home/airflow/.local/lib/python3.8/site-packages/airflow/models/taskinstance.py", line 1334, in _run_raw_task
    self._execute_task_with_callbacks(context)
  File "/home/airflow/.local/lib/python3.8/site-packages/airflow/models/taskinstance.py", line 1460, in _execute_task_with_callbacks
    result = self._execute_task(context, self.task)
  File "/home/airflow/.local/lib/python3.8/site-packages/airflow/models/taskinstance.py", line 1516, in _execute_task
    result = execute_callable(context=context)
  File "/opt/airflow/plugins/custom_operators/riot_matchdetails_toADLS_Operator.py", line 64, in execute
    self.upload_to_azureLake()
  File "/opt/airflow/plugins/custom_operators/riot_matchdetails_toADLS_Operator.py", line 131, in upload_to_azureLake
    wasb_hook.load_file(
  File "/home/airflow/.local/lib/python3.8/site-packages/airflow/providers/microsoft/azure/hooks/wasb.py", line 254, in load_file
    self.upload(
  File "/home/airflow/.local/lib/python3.8/site-packages/airflow/providers/microsoft/azure/hooks/wasb.py", line 339, in upload
    return blob_client.upload_blob(data, blob_type, length=length, **kwargs)
  File "/home/airflow/.local/lib/python3.8/site-packages/azure/core/tracing/decorator.py", line 83, in wrapper_use_tracer
    return func(*args, **kwargs)
  File "/home/airflow/.local/lib/python3.8/site-packages/azure/storage/blob/_blob_client.py", line 693, in upload_blob
    return upload_block_blob(**options)
  File "/home/airflow/.local/lib/python3.8/site-packages/azure/storage/blob/_upload_helpers.py", line 157, in upload_block_blob
    process_storage_error(error)
  File "/home/airflow/.local/lib/python3.8/site-packages/azure/storage/blob/_shared/response_handlers.py", line 150, in process_storage_error
    error.raise_with_traceback()
  File "/home/airflow/.local/lib/python3.8/site-packages/azure/core/exceptions.py", line 247, in raise_with_traceback
    raise super(AzureError, self).with_traceback(self.exc_traceback)
  File "/home/airflow/.local/lib/python3.8/site-packages/azure/storage/blob/_upload_helpers.py", line 94, in upload_block_blob
    return client.upload(
  File "/home/airflow/.local/lib/python3.8/site-packages/azure/storage/blob/_generated/operations/_block_blob_operations.py", line 228, in upload
    map_error(status_code=response.status_code, response=response, error_map=error_map)
  File "/home/airflow/.local/lib/python3.8/site-packages/azure/core/exceptions.py", line 105, in map_error
    raise error
azure.core.exceptions.ResourceExistsError: The specified blob already exists.
RequestId:22d473a0-601e-00f4-594a-87c4c7000000
Time:2022-06-23T21:44:16.1867782Z
ErrorCode:BlobAlreadyExists
Error:None
Content: <?xml version="1.0" encoding="utf-8"?><Error><Code>BlobAlreadyExists</Code><Message>The specified blob already exists.
RequestId:22d473a0-601e-00f4-594a-87c4c7000000
Time:2022-06-23T21:44:16.1867782Z</Message></Error>
[2022-06-23 21:44:16,266] {local_task_job.py:154} INFO - Task exited with return code 1
[2022-06-23 21:44:16,307] {local_task_job.py:264} INFO - 0 downstream tasks scheduled from follow-on schedule check
[2022-06-24 03:50:01,787] {taskinstance.py:1037} INFO - Dependencies all met for <TaskInstance: match_details_dag.staging_match_data scheduled__2022-06-20T00:00:00+00:00 [None]>
[2022-06-24 03:50:01,802] {taskinstance.py:1037} INFO - Dependencies all met for <TaskInstance: match_details_dag.staging_match_data scheduled__2022-06-20T00:00:00+00:00 [None]>
[2022-06-24 03:50:01,803] {taskinstance.py:1243} INFO - 
--------------------------------------------------------------------------------
[2022-06-24 03:50:01,803] {taskinstance.py:1244} INFO - Starting attempt 2 of 3
[2022-06-24 03:50:01,803] {taskinstance.py:1245} INFO - 
--------------------------------------------------------------------------------
[2022-06-24 03:50:01,821] {taskinstance.py:1264} INFO - Executing <Task(riot_matchDetailsToADLSOperator): staging_match_data> on 2022-06-20 00:00:00+00:00
[2022-06-24 03:50:01,828] {standard_task_runner.py:52} INFO - Started process 69 to run task
[2022-06-24 03:50:01,832] {standard_task_runner.py:76} INFO - Running: ['***', 'tasks', 'run', 'match_details_dag', 'staging_match_data', 'scheduled__2022-06-20T00:00:00+00:00', '--job-id', '4', '--pool', 'default_pool', '--raw', '--subdir', 'DAGS_FOLDER/matchData_dag.py', '--cfg-path', '/tmp/tmpdqhg_clp', '--error-file', '/tmp/tmp0bddw4fn']
[2022-06-24 03:50:01,834] {standard_task_runner.py:77} INFO - Job 4: Subtask staging_match_data
[2022-06-24 03:50:01,898] {logging_mixin.py:109} INFO - Running <TaskInstance: match_details_dag.staging_match_data scheduled__2022-06-20T00:00:00+00:00 [running]> on host 0d320c1110d2
[2022-06-24 03:50:01,958] {taskinstance.py:1429} INFO - Exporting the following env vars:
AIRFLOW_CTX_DAG_OWNER=admin
AIRFLOW_CTX_DAG_ID=match_details_dag
AIRFLOW_CTX_TASK_ID=staging_match_data
AIRFLOW_CTX_EXECUTION_DATE=2022-06-20T00:00:00+00:00
AIRFLOW_CTX_DAG_RUN_ID=scheduled__2022-06-20T00:00:00+00:00
[2022-06-24 03:50:01,959] {riot_matchdetails_toADLS_Operator.py:63} INFO - StageToAzureLake not implemented yet
[2022-06-24 03:50:01,976] {riot_matchdetails_toADLS_Operator.py:72} INFO - <bound method WasbHook.get_conn of <airflow.providers.microsoft.azure.hooks.wasb.WasbHook object at 0x7f29347474f0>>
[2022-06-24 03:50:01,976] {riot_matchdetails_toADLS_Operator.py:73} INFO - Created Azure Connection
[2022-06-24 03:50:01,987] {riot_matchdetails_toADLS_Operator.py:76} INFO - Created Riot Connection
[2022-06-24 03:50:02,413] {Limits.py:87} INFO - rate limit changed from 0/0s to 20/1s
[2022-06-24 03:50:02,414] {Limits.py:87} INFO - rate limit changed from 0/0s to 100/120s
[2022-06-24 03:50:02,415] {Limits.py:87} INFO - rate limit changed from 0/0s to 50/10s
[2022-06-24 03:50:02,417] {logging_mixin.py:109} INFO - [{'leagueId': 'c6dcc962-5d54-4bcf-9991-901dd6acda00', 'queueType': 'RANKED_SOLO_5x5', 'tier': 'GOLD', 'rank': 'I', 'summonerId': 'iMs6aSEysMHkgvAP6EYTPxJD-Sl78glMkmhNkL5teeVlhCGU', 'summonerName': 'Harukon', 'leaguePoints': 100, 'wins': 24, 'losses': 18, 'veteran': False, 'inactive': False, 'freshBlood': False, 'hotStreak': True, 'miniSeries': {'target': 3, 'wins': 0, 'losses': 0, 'progress': 'NNNNN'}}, {'leagueId': '2f5e40b1-b909-41f0-9cbe-f281d6f40092', 'queueType': 'RANKED_SOLO_5x5', 'tier': 'GOLD', 'rank': 'I', 'summonerId': 'G1cpogdjZNzbBGChEgUOH9OQFqoV9NJGAgdsWtNq7jZTJUPy', 'summonerName': 'SirDur', 'leaguePoints': 100, 'wins': 60, 'losses': 32, 'veteran': False, 'inactive': False, 'freshBlood': False, 'hotStreak': False, 'miniSeries': {'target': 3, 'wins': 2, 'losses': 1, 'progress': 'WWLNN'}}, {'leagueId': '574a3728-ceef-4f09-b163-e2e4aafed8f7', 'queueType': 'RANKED_SOLO_5x5', 'tier': 'GOLD', 'rank': 'I', 'summonerId': 'aF3YCmHsyYVDmlMx67rHoHYW01r4Ctx3Id2iZkJa61ewRHZ7', 'summonerName': 'Iron Four Life', 'leaguePoints': 100, 'wins': 25, 'losses': 23, 'veteran': False, 'inactive': False, 'freshBlood': False, 'hotStreak': True, 'miniSeries': {'target': 3, 'wins': 1, 'losses': 0, 'progress': 'WNNNN'}}, {'leagueId': '015d2f37-1b7d-4b3c-9fcc-be670e9f5d25', 'queueType': 'RANKED_SOLO_5x5', 'tier': 'GOLD', 'rank': 'I', 'summonerId': 'bUitWiZfcxIuyudwWMzPXAFklrEoPCeYfFycEzyhuwbSCOAZ', 'summonerName': 'HT1ge', 'leaguePoints': 100, 'wins': 236, 'losses': 250, 'veteran': False, 'inactive': False, 'freshBlood': True, 'hotStreak': True, 'miniSeries': {'target': 3, 'wins': 0, 'losses': 0, 'progress': 'NNNNN'}}, {'leagueId': '3507019c-5cc7-44d9-8166-e68f9005c49a', 'queueType': 'RANKED_SOLO_5x5', 'tier': 'GOLD', 'rank': 'I', 'summonerId': '25_GY0jE0SxR8Mphq4WPXeWLCsITiMfZkFxX0PE5HI2uwfmt', 'summonerName': 'Matrix Divinity', 'leaguePoints': 100, 'wins': 44, 'losses': 21, 'veteran': False, 'inactive': False, 'freshBlood': False, 'hotStreak': False, 'miniSeries': {'target': 3, 'wins': 0, 'losses': 0, 'progress': 'NNNNN'}}, {'leagueId': 'ed607623-f7a5-44af-a642-3c0635b7dd0c', 'queueType': 'RANKED_SOLO_5x5', 'tier': 'GOLD', 'rank': 'I', 'summonerId': 'EjZhIVYtrVC4sUbA28970uwi9Fi-QNYCDeKwjBb8oIGCXnZm', 'summonerName': 'Mark Brnovich', 'leaguePoints': 100, 'wins': 20, 'losses': 25, 'veteran': False, 'inactive': False, 'freshBlood': False, 'hotStreak': False, 'miniSeries': {'target': 3, 'wins': 0, 'losses': 1, 'progress': 'LNNNN'}}, {'leagueId': '48dcac4a-66a6-4d86-b16b-ff35ae646524', 'queueType': 'RANKED_SOLO_5x5', 'tier': 'GOLD', 'rank': 'I', 'summonerId': 't31xRPoLHcZqHt6bOXXLuH7ZAog4gdsVsRVWPrn471rAA83M', 'summonerName': 'Taquitoboi', 'leaguePoints': 100, 'wins': 25, 'losses': 34, 'veteran': False, 'inactive': False, 'freshBlood': False, 'hotStreak': False, 'miniSeries': {'target': 3, 'wins': 2, 'losses': 2, 'progress': 'LWWLN'}}, {'leagueId': '54d9a544-5e7b-412d-a309-66815ad92913', 'queueType': 'RANKED_SOLO_5x5', 'tier': 'GOLD', 'rank': 'I', 'summonerId': 'a8ukyIW2Wawx8OFYh6kvU6XbMX-7l6I8FjKPdOiibfHDklBj', 'summonerName': 'Offensive Ward', 'leaguePoints': 100, 'wins': 17, 'losses': 12, 'veteran': False, 'inactive': False, 'freshBlood': False, 'hotStreak': False, 'miniSeries': {'target': 3, 'wins': 0, 'losses': 1, 'progress': 'LNNNN'}}, {'leagueId': 'bceb11be-188d-4f8c-8f9e-69597ebe92f0', 'queueType': 'RANKED_SOLO_5x5', 'tier': 'GOLD', 'rank': 'I', 'summonerId': 'imeCd9cTctBH1-_nbynvVW7uFyCmBC7Aby2tmM2KDvqvhsAN', 'summonerName': 'DenBlaze', 'leaguePoints': 100, 'wins': 38, 'losses': 40, 'veteran': False, 'inactive': False, 'freshBlood': False, 'hotStreak': True, 'miniSeries': {'target': 3, 'wins': 0, 'losses': 0, 'progress': 'NNNNN'}}, {'leagueId': '9cc95895-54a8-496d-a4cd-ed25c42f9056', 'queueType': 'RANKED_SOLO_5x5', 'tier': 'GOLD', 'rank': 'I', 'summonerId': '3Si823od9hN3NUdmA2JLl8RRB-pcl-x8Zvb5hQiVTzs-s09G', 'summonerName': 'I just met you', 'leaguePoints': 100, 'wins': 132, 'losses': 91, 'veteran': False, 'inactive': False, 'freshBlood': False, 'hotStreak': False, 'miniSeries': {'target': 3, 'wins': 0, 'losses': 1, 'progress': 'LNNNN'}}]
[2022-06-24 03:50:02,670] {Limits.py:87} INFO - rate limit changed from 0/0s to 2000/60s
[2022-06-24 03:50:03,162] {Limits.py:87} INFO - rate limit changed from 0/0s to 20/1s
[2022-06-24 03:50:03,163] {Limits.py:87} INFO - rate limit changed from 0/0s to 100/120s
[2022-06-24 03:50:03,163] {Limits.py:87} INFO - rate limit changed from 0/0s to 500/10s
[2022-06-24 03:50:03,361] {Limits.py:87} INFO - rate limit changed from 0/0s to 250/10s
[2022-06-24 03:50:40,888] {RateLimiterAdapter.py:41} INFO - waiting for 82.274657 seconds...
[2022-06-24 03:52:07,355] {riot_matchdetails_toADLS_Operator.py:130} INFO - /tmp/tmp95_uofnf/match_details.csv
[2022-06-24 03:52:07,357] {_universal.py:472} INFO - Request URL: 'https://leagueoflegends.blob.core.windows.net/match-details/GOLD/2022/6/24/3.csv?sv=REDACTED&ss=REDACTED&srt=REDACTED&sp=REDACTED&se=REDACTED&st=REDACTED&spr=REDACTED&sig=REDACTED'/nRequest method: 'PUT'/nRequest headers:/n    'x-ms-blob-type': 'REDACTED'/n    'Content-Length': '528985'/n    'If-None-Match': '*'/n    'x-ms-version': 'REDACTED'/n    'Content-Type': 'application/octet-stream'/n    'Accept': 'application/xml'/n    'User-Agent': 'azsdk-python-storage-blob/12.8.1 Python/3.8.12 (Linux-5.10.102.1-microsoft-standard-WSL2-x86_64-with-glibc2.2.5)'/n    'x-ms-date': 'REDACTED'/n    'x-ms-client-request-id': '047994f4-f371-11ec-a28e-0242ac120003'/nA body is sent with the request
[2022-06-24 03:52:08,055] {_universal.py:503} INFO - Response status: 201/nResponse headers:/n    'Content-Length': '0'/n    'Content-MD5': 'REDACTED'/n    'Last-Modified': 'Fri, 24 Jun 2022 03:52:09 GMT'/n    'ETag': '"0x8DA5594E9AF1EB2"'/n    'Server': 'Windows-Azure-Blob/1.0 Microsoft-HTTPAPI/2.0'/n    'x-ms-request-id': 'f92ada74-801e-0076-177d-876597000000'/n    'x-ms-client-request-id': '047994f4-f371-11ec-a28e-0242ac120003'/n    'x-ms-version': 'REDACTED'/n    'x-ms-content-crc64': 'REDACTED'/n    'x-ms-request-server-encrypted': 'REDACTED'/n    'Date': 'Fri, 24 Jun 2022 03:52:09 GMT'
[2022-06-24 03:52:08,056] {riot_matchdetails_toADLS_Operator.py:141} INFO - match-details loaded
[2022-06-24 03:52:08,056] {riot_matchdetails_toADLS_Operator.py:143} INFO - /tmp/tmp95_uofnf/match_info.csv
[2022-06-24 03:52:08,059] {_universal.py:472} INFO - Request URL: 'https://leagueoflegends.blob.core.windows.net/match-info/GOLD/2022/6/24/3.csv?sv=REDACTED&ss=REDACTED&srt=REDACTED&sp=REDACTED&se=REDACTED&st=REDACTED&spr=REDACTED&sig=REDACTED'/nRequest method: 'PUT'/nRequest headers:/n    'x-ms-blob-type': 'REDACTED'/n    'Content-Length': '15102'/n    'If-None-Match': '*'/n    'x-ms-version': 'REDACTED'/n    'Content-Type': 'application/octet-stream'/n    'Accept': 'application/xml'/n    'User-Agent': 'azsdk-python-storage-blob/12.8.1 Python/3.8.12 (Linux-5.10.102.1-microsoft-standard-WSL2-x86_64-with-glibc2.2.5)'/n    'x-ms-date': 'REDACTED'/n    'x-ms-client-request-id': '04e4a8d4-f371-11ec-a28e-0242ac120003'/nA body is sent with the request
[2022-06-24 03:52:08,283] {_universal.py:503} INFO - Response status: 201/nResponse headers:/n    'Content-Length': '0'/n    'Content-MD5': 'REDACTED'/n    'Last-Modified': 'Fri, 24 Jun 2022 03:52:09 GMT'/n    'ETag': '"0x8DA5594E9D0A36C"'/n    'Server': 'Windows-Azure-Blob/1.0 Microsoft-HTTPAPI/2.0'/n    'x-ms-request-id': 'f92adafb-801e-0076-0d7d-876597000000'/n    'x-ms-client-request-id': '04e4a8d4-f371-11ec-a28e-0242ac120003'/n    'x-ms-version': 'REDACTED'/n    'x-ms-content-crc64': 'REDACTED'/n    'x-ms-request-server-encrypted': 'REDACTED'/n    'Date': 'Fri, 24 Jun 2022 03:52:09 GMT'
[2022-06-24 03:52:08,284] {riot_matchdetails_toADLS_Operator.py:154} INFO - match-info loaded
[2022-06-24 03:52:08,286] {logging_mixin.py:109} INFO - [{"leagueId": "c6dcc962-5d54-4bcf-9991-901dd6acda00", "queueType": "RANKED_SOLO_5x5", "tier": "GOLD", "rank": "I", "summonerId": "iMs6aSEysMHkgvAP6EYTPxJD-Sl78glMkmhNkL5teeVlhCGU", "summonerName": "Harukon", "leaguePoints": 100, "wins": 24, "losses": 18, "veteran": false, "inactive": false, "freshBlood": false, "hotStreak": true, "miniSeries": {"target": 3, "wins": 0, "losses": 0, "progress": "NNNNN"}}, {"leagueId": "2f5e40b1-b909-41f0-9cbe-f281d6f40092", "queueType": "RANKED_SOLO_5x5", "tier": "GOLD", "rank": "I", "summonerId": "G1cpogdjZNzbBGChEgUOH9OQFqoV9NJGAgdsWtNq7jZTJUPy", "summonerName": "SirDur", "leaguePoints": 100, "wins": 60, "losses": 32, "veteran": false, "inactive": false, "freshBlood": false, "hotStreak": false, "miniSeries": {"target": 3, "wins": 2, "losses": 1, "progress": "WWLNN"}}, {"leagueId": "574a3728-ceef-4f09-b163-e2e4aafed8f7", "queueType": "RANKED_SOLO_5x5", "tier": "GOLD", "rank": "I", "summonerId": "aF3YCmHsyYVDmlMx67rHoHYW01r4Ctx3Id2iZkJa61ewRHZ7", "summonerName": "Iron Four Life", "leaguePoints": 100, "wins": 25, "losses": 23, "veteran": false, "inactive": false, "freshBlood": false, "hotStreak": true, "miniSeries": {"target": 3, "wins": 1, "losses": 0, "progress": "WNNNN"}}, {"leagueId": "015d2f37-1b7d-4b3c-9fcc-be670e9f5d25", "queueType": "RANKED_SOLO_5x5", "tier": "GOLD", "rank": "I", "summonerId": "bUitWiZfcxIuyudwWMzPXAFklrEoPCeYfFycEzyhuwbSCOAZ", "summonerName": "HT1ge", "leaguePoints": 100, "wins": 236, "losses": 250, "veteran": false, "inactive": false, "freshBlood": true, "hotStreak": true, "miniSeries": {"target": 3, "wins": 0, "losses": 0, "progress": "NNNNN"}}, {"leagueId": "3507019c-5cc7-44d9-8166-e68f9005c49a", "queueType": "RANKED_SOLO_5x5", "tier": "GOLD", "rank": "I", "summonerId": "25_GY0jE0SxR8Mphq4WPXeWLCsITiMfZkFxX0PE5HI2uwfmt", "summonerName": "Matrix Divinity", "leaguePoints": 100, "wins": 44, "losses": 21, "veteran": false, "inactive": false, "freshBlood": false, "hotStreak": false, "miniSeries": {"target": 3, "wins": 0, "losses": 0, "progress": "NNNNN"}}, {"leagueId": "ed607623-f7a5-44af-a642-3c0635b7dd0c", "queueType": "RANKED_SOLO_5x5", "tier": "GOLD", "rank": "I", "summonerId": "EjZhIVYtrVC4sUbA28970uwi9Fi-QNYCDeKwjBb8oIGCXnZm", "summonerName": "Mark Brnovich", "leaguePoints": 100, "wins": 20, "losses": 25, "veteran": false, "inactive": false, "freshBlood": false, "hotStreak": false, "miniSeries": {"target": 3, "wins": 0, "losses": 1, "progress": "LNNNN"}}, {"leagueId": "48dcac4a-66a6-4d86-b16b-ff35ae646524", "queueType": "RANKED_SOLO_5x5", "tier": "GOLD", "rank": "I", "summonerId": "t31xRPoLHcZqHt6bOXXLuH7ZAog4gdsVsRVWPrn471rAA83M", "summonerName": "Taquitoboi", "leaguePoints": 100, "wins": 25, "losses": 34, "veteran": false, "inactive": false, "freshBlood": false, "hotStreak": false, "miniSeries": {"target": 3, "wins": 2, "losses": 2, "progress": "LWWLN"}}, {"leagueId": "54d9a544-5e7b-412d-a309-66815ad92913", "queueType": "RANKED_SOLO_5x5", "tier": "GOLD", "rank": "I", "summonerId": "a8ukyIW2Wawx8OFYh6kvU6XbMX-7l6I8FjKPdOiibfHDklBj", "summonerName": "Offensive Ward", "leaguePoints": 100, "wins": 17, "losses": 12, "veteran": false, "inactive": false, "freshBlood": false, "hotStreak": false, "miniSeries": {"target": 3, "wins": 0, "losses": 1, "progress": "LNNNN"}}, {"leagueId": "bceb11be-188d-4f8c-8f9e-69597ebe92f0", "queueType": "RANKED_SOLO_5x5", "tier": "GOLD", "rank": "I", "summonerId": "imeCd9cTctBH1-_nbynvVW7uFyCmBC7Aby2tmM2KDvqvhsAN", "summonerName": "DenBlaze", "leaguePoints": 100, "wins": 38, "losses": 40, "veteran": false, "inactive": false, "freshBlood": false, "hotStreak": true, "miniSeries": {"target": 3, "wins": 0, "losses": 0, "progress": "NNNNN"}}, {"leagueId": "9cc95895-54a8-496d-a4cd-ed25c42f9056", "queueType": "RANKED_SOLO_5x5", "tier": "GOLD", "rank": "I", "summonerId": "3Si823od9hN3NUdmA2JLl8RRB-pcl-x8Zvb5hQiVTzs-s09G", "summonerName": "I just met you", "leaguePoints": 100, "wins": 132, "losses": 91, "veteran": false, "inactive": false, "freshBlood": false, "hotStreak": false, "miniSeries": {"target": 3, "wins": 0, "losses": 1, "progress": "LNNNN"}}]
[2022-06-24 03:52:08,289] {_universal.py:472} INFO - Request URL: 'https://leagueoflegends.blob.core.windows.net/players/GOLD/2022/6/24/3.json?sv=REDACTED&ss=REDACTED&srt=REDACTED&sp=REDACTED&se=REDACTED&st=REDACTED&spr=REDACTED&sig=REDACTED'/nRequest method: 'PUT'/nRequest headers:/n    'x-ms-blob-type': 'REDACTED'/n    'Content-Length': '4104'/n    'If-None-Match': '*'/n    'x-ms-version': 'REDACTED'/n    'Content-Type': 'application/octet-stream'/n    'Accept': 'application/xml'/n    'User-Agent': 'azsdk-python-storage-blob/12.8.1 Python/3.8.12 (Linux-5.10.102.1-microsoft-standard-WSL2-x86_64-with-glibc2.2.5)'/n    'x-ms-date': 'REDACTED'/n    'x-ms-client-request-id': '0507b1a8-f371-11ec-a28e-0242ac120003'/nA body is sent with the request
[2022-06-24 03:52:08,513] {_universal.py:503} INFO - Response status: 201/nResponse headers:/n    'Content-Length': '0'/n    'Content-MD5': 'REDACTED'/n    'Last-Modified': 'Fri, 24 Jun 2022 03:52:09 GMT'/n    'ETag': '"0x8DA5594E9F528A2"'/n    'Server': 'Windows-Azure-Blob/1.0 Microsoft-HTTPAPI/2.0'/n    'x-ms-request-id': 'f92adb4e-801e-0076-587d-876597000000'/n    'x-ms-client-request-id': '0507b1a8-f371-11ec-a28e-0242ac120003'/n    'x-ms-version': 'REDACTED'/n    'x-ms-content-crc64': 'REDACTED'/n    'x-ms-request-server-encrypted': 'REDACTED'/n    'Date': 'Fri, 24 Jun 2022 03:52:09 GMT'
[2022-06-24 03:52:08,514] {riot_matchdetails_toADLS_Operator.py:176} INFO - players loaded
[2022-06-24 03:52:08,520] {riot_matchdetails_toADLS_Operator.py:65} INFO - Upload match data to Azure!
[2022-06-24 03:52:08,537] {taskinstance.py:1272} INFO - Marking task as SUCCESS. dag_id=match_details_dag, task_id=staging_match_data, execution_date=20220620T000000, start_date=20220624T035001, end_date=20220624T035208
[2022-06-24 03:52:08,584] {local_task_job.py:154} INFO - Task exited with return code 0
[2022-06-24 03:52:08,645] {local_task_job.py:264} INFO - 3 downstream tasks scheduled from follow-on schedule check
