[2022-06-24 03:48:20,854] {taskinstance.py:1037} INFO - Dependencies all met for <TaskInstance: example_branch_operator.branching scheduled__2022-06-23T00:00:00+00:00 [queued]>
[2022-06-24 03:48:20,873] {taskinstance.py:1037} INFO - Dependencies all met for <TaskInstance: example_branch_operator.branching scheduled__2022-06-23T00:00:00+00:00 [queued]>
[2022-06-24 03:48:20,873] {taskinstance.py:1243} INFO - 
--------------------------------------------------------------------------------
[2022-06-24 03:48:20,873] {taskinstance.py:1244} INFO - Starting attempt 1 of 1
[2022-06-24 03:48:20,874] {taskinstance.py:1245} INFO - 
--------------------------------------------------------------------------------
[2022-06-24 03:48:20,905] {taskinstance.py:1264} INFO - Executing <Task(BranchPythonOperator): branching> on 2022-06-23 00:00:00+00:00
[2022-06-24 03:48:20,913] {standard_task_runner.py:52} INFO - Started process 66 to run task
[2022-06-24 03:48:20,918] {standard_task_runner.py:76} INFO - Running: ['***', 'tasks', 'run', 'example_branch_operator', 'branching', 'scheduled__2022-06-23T00:00:00+00:00', '--job-id', '3', '--raw', '--subdir', '/home/***/.local/lib/python3.8/site-packages/***/example_dags/example_branch_operator.py', '--cfg-path', '/tmp/tmpftv86ppa', '--error-file', '/tmp/tmpfdxgvgel']
[2022-06-24 03:48:20,919] {standard_task_runner.py:77} INFO - Job 3: Subtask branching
[2022-06-24 03:48:21,014] {logging_mixin.py:109} INFO - Running <TaskInstance: example_branch_operator.branching scheduled__2022-06-23T00:00:00+00:00 [running]> on host 0d320c1110d2
[2022-06-24 03:48:21,089] {taskinstance.py:1429} INFO - Exporting the following env vars:
AIRFLOW_CTX_DAG_OWNER=***
AIRFLOW_CTX_DAG_ID=example_branch_operator
AIRFLOW_CTX_TASK_ID=branching
AIRFLOW_CTX_EXECUTION_DATE=2022-06-23T00:00:00+00:00
AIRFLOW_CTX_DAG_RUN_ID=scheduled__2022-06-23T00:00:00+00:00
[2022-06-24 03:48:21,090] {python.py:175} INFO - Done. Returned value was: branch_c
[2022-06-24 03:48:21,090] {skipmixin.py:140} INFO - Following branch branch_c
[2022-06-24 03:48:21,090] {skipmixin.py:171} INFO - Skipping tasks ['branch_b', 'branch_d', 'branch_a']
[2022-06-24 03:48:21,148] {taskinstance.py:1272} INFO - Marking task as SUCCESS. dag_id=example_branch_operator, task_id=branching, execution_date=20220623T000000, start_date=20220624T034820, end_date=20220624T034821
[2022-06-24 03:48:21,212] {local_task_job.py:154} INFO - Task exited with return code 0
[2022-06-24 03:48:21,292] {local_task_job.py:264} INFO - 1 downstream tasks scheduled from follow-on schedule check
