[2022-05-21 00:00:01,177] {processor.py:163} INFO - Started process (PID=13748) to work on /home/airflow/.local/lib/python3.8/site-packages/airflow/example_dags/example_dag_decorator.py
[2022-05-21 00:00:01,178] {processor.py:642} INFO - Processing file /home/airflow/.local/lib/python3.8/site-packages/airflow/example_dags/example_dag_decorator.py for tasks to queue
[2022-05-21 00:00:01,179] {logging_mixin.py:109} INFO - [2022-05-21 00:00:01,179] {dagbag.py:500} INFO - Filling up the DagBag from /home/airflow/.local/lib/python3.8/site-packages/airflow/example_dags/example_dag_decorator.py
[2022-05-21 00:00:01,221] {processor.py:654} INFO - DAG(s) dict_keys(['example_dag_decorator']) retrieved from /home/airflow/.local/lib/python3.8/site-packages/airflow/example_dags/example_dag_decorator.py
[2022-05-21 00:00:01,388] {logging_mixin.py:109} INFO - [2022-05-21 00:00:01,387] {dag.py:2398} INFO - Sync 1 DAGs
[2022-05-21 00:00:01,400] {logging_mixin.py:109} INFO - [2022-05-21 00:00:01,400] {dag.py:2937} INFO - Setting next_dagrun for example_dag_decorator to None
[2022-05-21 00:00:01,411] {processor.py:171} INFO - Processing /home/airflow/.local/lib/python3.8/site-packages/airflow/example_dags/example_dag_decorator.py took 0.237 seconds
[2022-05-21 00:00:32,311] {processor.py:163} INFO - Started process (PID=13842) to work on /home/airflow/.local/lib/python3.8/site-packages/airflow/example_dags/example_dag_decorator.py
[2022-05-21 00:00:32,313] {processor.py:642} INFO - Processing file /home/airflow/.local/lib/python3.8/site-packages/airflow/example_dags/example_dag_decorator.py for tasks to queue
[2022-05-21 00:00:32,314] {logging_mixin.py:109} INFO - [2022-05-21 00:00:32,314] {dagbag.py:500} INFO - Filling up the DagBag from /home/airflow/.local/lib/python3.8/site-packages/airflow/example_dags/example_dag_decorator.py
[2022-05-21 00:00:32,438] {processor.py:654} INFO - DAG(s) dict_keys(['example_dag_decorator']) retrieved from /home/airflow/.local/lib/python3.8/site-packages/airflow/example_dags/example_dag_decorator.py
[2022-05-21 00:00:32,601] {logging_mixin.py:109} INFO - [2022-05-21 00:00:32,601] {dag.py:2398} INFO - Sync 1 DAGs
[2022-05-21 00:00:32,615] {logging_mixin.py:109} INFO - [2022-05-21 00:00:32,614] {dag.py:2937} INFO - Setting next_dagrun for example_dag_decorator to None
[2022-05-21 00:00:32,626] {processor.py:171} INFO - Processing /home/airflow/.local/lib/python3.8/site-packages/airflow/example_dags/example_dag_decorator.py took 0.318 seconds
[2022-05-21 00:01:03,355] {processor.py:163} INFO - Started process (PID=13925) to work on /home/airflow/.local/lib/python3.8/site-packages/airflow/example_dags/example_dag_decorator.py
[2022-05-21 00:01:03,356] {processor.py:642} INFO - Processing file /home/airflow/.local/lib/python3.8/site-packages/airflow/example_dags/example_dag_decorator.py for tasks to queue
[2022-05-21 00:01:03,357] {logging_mixin.py:109} INFO - [2022-05-21 00:01:03,356] {dagbag.py:500} INFO - Filling up the DagBag from /home/airflow/.local/lib/python3.8/site-packages/airflow/example_dags/example_dag_decorator.py
[2022-05-21 00:01:03,386] {processor.py:654} INFO - DAG(s) dict_keys(['example_dag_decorator']) retrieved from /home/airflow/.local/lib/python3.8/site-packages/airflow/example_dags/example_dag_decorator.py
[2022-05-21 00:01:03,539] {logging_mixin.py:109} INFO - [2022-05-21 00:01:03,539] {dag.py:2398} INFO - Sync 1 DAGs
[2022-05-21 00:01:03,554] {logging_mixin.py:109} INFO - [2022-05-21 00:01:03,554] {dag.py:2937} INFO - Setting next_dagrun for example_dag_decorator to None
[2022-05-21 00:01:03,572] {processor.py:171} INFO - Processing /home/airflow/.local/lib/python3.8/site-packages/airflow/example_dags/example_dag_decorator.py took 0.219 seconds
[2022-05-21 00:01:34,322] {processor.py:163} INFO - Started process (PID=14003) to work on /home/airflow/.local/lib/python3.8/site-packages/airflow/example_dags/example_dag_decorator.py
[2022-05-21 00:01:34,324] {processor.py:642} INFO - Processing file /home/airflow/.local/lib/python3.8/site-packages/airflow/example_dags/example_dag_decorator.py for tasks to queue
[2022-05-21 00:01:34,325] {logging_mixin.py:109} INFO - [2022-05-21 00:01:34,324] {dagbag.py:500} INFO - Filling up the DagBag from /home/airflow/.local/lib/python3.8/site-packages/airflow/example_dags/example_dag_decorator.py
[2022-05-21 00:01:34,411] {processor.py:654} INFO - DAG(s) dict_keys(['example_dag_decorator']) retrieved from /home/airflow/.local/lib/python3.8/site-packages/airflow/example_dags/example_dag_decorator.py
[2022-05-21 00:01:34,639] {logging_mixin.py:109} INFO - [2022-05-21 00:01:34,639] {dag.py:2398} INFO - Sync 1 DAGs
[2022-05-21 00:01:34,651] {logging_mixin.py:109} INFO - [2022-05-21 00:01:34,651] {dag.py:2937} INFO - Setting next_dagrun for example_dag_decorator to None
[2022-05-21 00:01:34,671] {processor.py:171} INFO - Processing /home/airflow/.local/lib/python3.8/site-packages/airflow/example_dags/example_dag_decorator.py took 0.351 seconds
[2022-05-21 00:02:05,413] {processor.py:163} INFO - Started process (PID=14087) to work on /home/airflow/.local/lib/python3.8/site-packages/airflow/example_dags/example_dag_decorator.py
[2022-05-21 00:02:05,414] {processor.py:642} INFO - Processing file /home/airflow/.local/lib/python3.8/site-packages/airflow/example_dags/example_dag_decorator.py for tasks to queue
[2022-05-21 00:02:05,415] {logging_mixin.py:109} INFO - [2022-05-21 00:02:05,415] {dagbag.py:500} INFO - Filling up the DagBag from /home/airflow/.local/lib/python3.8/site-packages/airflow/example_dags/example_dag_decorator.py
[2022-05-21 00:02:05,455] {processor.py:654} INFO - DAG(s) dict_keys(['example_dag_decorator']) retrieved from /home/airflow/.local/lib/python3.8/site-packages/airflow/example_dags/example_dag_decorator.py
[2022-05-21 00:02:05,702] {logging_mixin.py:109} INFO - [2022-05-21 00:02:05,702] {dag.py:2398} INFO - Sync 1 DAGs
[2022-05-21 00:02:05,714] {logging_mixin.py:109} INFO - [2022-05-21 00:02:05,714] {dag.py:2937} INFO - Setting next_dagrun for example_dag_decorator to None
[2022-05-21 00:02:05,732] {processor.py:171} INFO - Processing /home/airflow/.local/lib/python3.8/site-packages/airflow/example_dags/example_dag_decorator.py took 0.322 seconds
[2022-05-21 00:02:35,846] {processor.py:163} INFO - Started process (PID=14161) to work on /home/airflow/.local/lib/python3.8/site-packages/airflow/example_dags/example_dag_decorator.py
[2022-05-21 00:02:35,849] {processor.py:642} INFO - Processing file /home/airflow/.local/lib/python3.8/site-packages/airflow/example_dags/example_dag_decorator.py for tasks to queue
[2022-05-21 00:02:35,850] {logging_mixin.py:109} INFO - [2022-05-21 00:02:35,850] {dagbag.py:500} INFO - Filling up the DagBag from /home/airflow/.local/lib/python3.8/site-packages/airflow/example_dags/example_dag_decorator.py
[2022-05-21 00:02:35,909] {processor.py:654} INFO - DAG(s) dict_keys(['example_dag_decorator']) retrieved from /home/airflow/.local/lib/python3.8/site-packages/airflow/example_dags/example_dag_decorator.py
[2022-05-21 00:02:36,178] {logging_mixin.py:109} INFO - [2022-05-21 00:02:36,178] {dag.py:2398} INFO - Sync 1 DAGs
[2022-05-21 00:02:36,192] {logging_mixin.py:109} INFO - [2022-05-21 00:02:36,192] {dag.py:2937} INFO - Setting next_dagrun for example_dag_decorator to None
[2022-05-21 00:02:36,209] {processor.py:171} INFO - Processing /home/airflow/.local/lib/python3.8/site-packages/airflow/example_dags/example_dag_decorator.py took 0.365 seconds
[2022-05-21 00:03:06,665] {processor.py:163} INFO - Started process (PID=14244) to work on /home/airflow/.local/lib/python3.8/site-packages/airflow/example_dags/example_dag_decorator.py
[2022-05-21 00:03:06,666] {processor.py:642} INFO - Processing file /home/airflow/.local/lib/python3.8/site-packages/airflow/example_dags/example_dag_decorator.py for tasks to queue
[2022-05-21 00:03:06,666] {logging_mixin.py:109} INFO - [2022-05-21 00:03:06,666] {dagbag.py:500} INFO - Filling up the DagBag from /home/airflow/.local/lib/python3.8/site-packages/airflow/example_dags/example_dag_decorator.py
[2022-05-21 00:03:06,695] {processor.py:654} INFO - DAG(s) dict_keys(['example_dag_decorator']) retrieved from /home/airflow/.local/lib/python3.8/site-packages/airflow/example_dags/example_dag_decorator.py
[2022-05-21 00:03:06,885] {logging_mixin.py:109} INFO - [2022-05-21 00:03:06,885] {dag.py:2398} INFO - Sync 1 DAGs
[2022-05-21 00:03:06,898] {logging_mixin.py:109} INFO - [2022-05-21 00:03:06,898] {dag.py:2937} INFO - Setting next_dagrun for example_dag_decorator to None
[2022-05-21 00:03:06,911] {processor.py:171} INFO - Processing /home/airflow/.local/lib/python3.8/site-packages/airflow/example_dags/example_dag_decorator.py took 0.248 seconds
[2022-05-21 00:03:37,437] {processor.py:163} INFO - Started process (PID=14338) to work on /home/airflow/.local/lib/python3.8/site-packages/airflow/example_dags/example_dag_decorator.py
[2022-05-21 00:03:37,444] {processor.py:642} INFO - Processing file /home/airflow/.local/lib/python3.8/site-packages/airflow/example_dags/example_dag_decorator.py for tasks to queue
[2022-05-21 00:03:37,445] {logging_mixin.py:109} INFO - [2022-05-21 00:03:37,445] {dagbag.py:500} INFO - Filling up the DagBag from /home/airflow/.local/lib/python3.8/site-packages/airflow/example_dags/example_dag_decorator.py
[2022-05-21 00:03:37,477] {processor.py:654} INFO - DAG(s) dict_keys(['example_dag_decorator']) retrieved from /home/airflow/.local/lib/python3.8/site-packages/airflow/example_dags/example_dag_decorator.py
[2022-05-21 00:03:37,646] {logging_mixin.py:109} INFO - [2022-05-21 00:03:37,646] {dag.py:2398} INFO - Sync 1 DAGs
[2022-05-21 00:03:37,661] {logging_mixin.py:109} INFO - [2022-05-21 00:03:37,661] {dag.py:2937} INFO - Setting next_dagrun for example_dag_decorator to None
[2022-05-21 00:03:37,672] {processor.py:171} INFO - Processing /home/airflow/.local/lib/python3.8/site-packages/airflow/example_dags/example_dag_decorator.py took 0.237 seconds
[2022-05-21 00:04:07,705] {processor.py:163} INFO - Started process (PID=14424) to work on /home/airflow/.local/lib/python3.8/site-packages/airflow/example_dags/example_dag_decorator.py
[2022-05-21 00:04:07,705] {processor.py:642} INFO - Processing file /home/airflow/.local/lib/python3.8/site-packages/airflow/example_dags/example_dag_decorator.py for tasks to queue
[2022-05-21 00:04:07,706] {logging_mixin.py:109} INFO - [2022-05-21 00:04:07,706] {dagbag.py:500} INFO - Filling up the DagBag from /home/airflow/.local/lib/python3.8/site-packages/airflow/example_dags/example_dag_decorator.py
[2022-05-21 00:04:07,743] {processor.py:654} INFO - DAG(s) dict_keys(['example_dag_decorator']) retrieved from /home/airflow/.local/lib/python3.8/site-packages/airflow/example_dags/example_dag_decorator.py
[2022-05-21 00:04:07,953] {logging_mixin.py:109} INFO - [2022-05-21 00:04:07,953] {dag.py:2398} INFO - Sync 1 DAGs
[2022-05-21 00:04:07,967] {logging_mixin.py:109} INFO - [2022-05-21 00:04:07,967] {dag.py:2937} INFO - Setting next_dagrun for example_dag_decorator to None
[2022-05-21 00:04:07,979] {processor.py:171} INFO - Processing /home/airflow/.local/lib/python3.8/site-packages/airflow/example_dags/example_dag_decorator.py took 0.277 seconds
[2022-05-21 00:04:38,018] {processor.py:163} INFO - Started process (PID=14519) to work on /home/airflow/.local/lib/python3.8/site-packages/airflow/example_dags/example_dag_decorator.py
[2022-05-21 00:04:38,019] {processor.py:642} INFO - Processing file /home/airflow/.local/lib/python3.8/site-packages/airflow/example_dags/example_dag_decorator.py for tasks to queue
[2022-05-21 00:04:38,020] {logging_mixin.py:109} INFO - [2022-05-21 00:04:38,019] {dagbag.py:500} INFO - Filling up the DagBag from /home/airflow/.local/lib/python3.8/site-packages/airflow/example_dags/example_dag_decorator.py
[2022-05-21 00:04:38,060] {processor.py:654} INFO - DAG(s) dict_keys(['example_dag_decorator']) retrieved from /home/airflow/.local/lib/python3.8/site-packages/airflow/example_dags/example_dag_decorator.py
[2022-05-21 00:04:38,235] {logging_mixin.py:109} INFO - [2022-05-21 00:04:38,234] {dag.py:2398} INFO - Sync 1 DAGs
[2022-05-21 00:04:38,247] {logging_mixin.py:109} INFO - [2022-05-21 00:04:38,247] {dag.py:2937} INFO - Setting next_dagrun for example_dag_decorator to None
[2022-05-21 00:04:38,264] {processor.py:171} INFO - Processing /home/airflow/.local/lib/python3.8/site-packages/airflow/example_dags/example_dag_decorator.py took 0.247 seconds
[2022-05-21 00:05:08,764] {processor.py:163} INFO - Started process (PID=14601) to work on /home/airflow/.local/lib/python3.8/site-packages/airflow/example_dags/example_dag_decorator.py
[2022-05-21 00:05:08,765] {processor.py:642} INFO - Processing file /home/airflow/.local/lib/python3.8/site-packages/airflow/example_dags/example_dag_decorator.py for tasks to queue
[2022-05-21 00:05:08,765] {logging_mixin.py:109} INFO - [2022-05-21 00:05:08,765] {dagbag.py:500} INFO - Filling up the DagBag from /home/airflow/.local/lib/python3.8/site-packages/airflow/example_dags/example_dag_decorator.py
[2022-05-21 00:05:08,866] {processor.py:654} INFO - DAG(s) dict_keys(['example_dag_decorator']) retrieved from /home/airflow/.local/lib/python3.8/site-packages/airflow/example_dags/example_dag_decorator.py
[2022-05-21 00:05:09,205] {logging_mixin.py:109} INFO - [2022-05-21 00:05:09,205] {dag.py:2398} INFO - Sync 1 DAGs
[2022-05-21 00:05:09,215] {logging_mixin.py:109} INFO - [2022-05-21 00:05:09,215] {dag.py:2937} INFO - Setting next_dagrun for example_dag_decorator to None
[2022-05-21 00:05:09,225] {processor.py:171} INFO - Processing /home/airflow/.local/lib/python3.8/site-packages/airflow/example_dags/example_dag_decorator.py took 0.464 seconds
[2022-05-21 00:05:39,263] {processor.py:163} INFO - Started process (PID=14694) to work on /home/airflow/.local/lib/python3.8/site-packages/airflow/example_dags/example_dag_decorator.py
[2022-05-21 00:05:39,263] {processor.py:642} INFO - Processing file /home/airflow/.local/lib/python3.8/site-packages/airflow/example_dags/example_dag_decorator.py for tasks to queue
[2022-05-21 00:05:39,264] {logging_mixin.py:109} INFO - [2022-05-21 00:05:39,264] {dagbag.py:500} INFO - Filling up the DagBag from /home/airflow/.local/lib/python3.8/site-packages/airflow/example_dags/example_dag_decorator.py
[2022-05-21 00:05:39,294] {processor.py:654} INFO - DAG(s) dict_keys(['example_dag_decorator']) retrieved from /home/airflow/.local/lib/python3.8/site-packages/airflow/example_dags/example_dag_decorator.py
[2022-05-21 00:05:39,476] {logging_mixin.py:109} INFO - [2022-05-21 00:05:39,476] {dag.py:2398} INFO - Sync 1 DAGs
[2022-05-21 00:05:39,487] {logging_mixin.py:109} INFO - [2022-05-21 00:05:39,486] {dag.py:2937} INFO - Setting next_dagrun for example_dag_decorator to None
[2022-05-21 00:05:39,498] {processor.py:171} INFO - Processing /home/airflow/.local/lib/python3.8/site-packages/airflow/example_dags/example_dag_decorator.py took 0.238 seconds
[2022-05-21 00:06:10,242] {processor.py:163} INFO - Started process (PID=14779) to work on /home/airflow/.local/lib/python3.8/site-packages/airflow/example_dags/example_dag_decorator.py
[2022-05-21 00:06:10,249] {processor.py:642} INFO - Processing file /home/airflow/.local/lib/python3.8/site-packages/airflow/example_dags/example_dag_decorator.py for tasks to queue
[2022-05-21 00:06:10,250] {logging_mixin.py:109} INFO - [2022-05-21 00:06:10,250] {dagbag.py:500} INFO - Filling up the DagBag from /home/airflow/.local/lib/python3.8/site-packages/airflow/example_dags/example_dag_decorator.py
[2022-05-21 00:06:10,280] {processor.py:654} INFO - DAG(s) dict_keys(['example_dag_decorator']) retrieved from /home/airflow/.local/lib/python3.8/site-packages/airflow/example_dags/example_dag_decorator.py
[2022-05-21 00:06:10,499] {logging_mixin.py:109} INFO - [2022-05-21 00:06:10,499] {dag.py:2398} INFO - Sync 1 DAGs
[2022-05-21 00:06:10,510] {logging_mixin.py:109} INFO - [2022-05-21 00:06:10,510] {dag.py:2937} INFO - Setting next_dagrun for example_dag_decorator to None
[2022-05-21 00:06:10,521] {processor.py:171} INFO - Processing /home/airflow/.local/lib/python3.8/site-packages/airflow/example_dags/example_dag_decorator.py took 0.280 seconds
[2022-05-21 00:06:40,649] {processor.py:163} INFO - Started process (PID=14876) to work on /home/airflow/.local/lib/python3.8/site-packages/airflow/example_dags/example_dag_decorator.py
[2022-05-21 00:06:40,650] {processor.py:642} INFO - Processing file /home/airflow/.local/lib/python3.8/site-packages/airflow/example_dags/example_dag_decorator.py for tasks to queue
[2022-05-21 00:06:40,650] {logging_mixin.py:109} INFO - [2022-05-21 00:06:40,650] {dagbag.py:500} INFO - Filling up the DagBag from /home/airflow/.local/lib/python3.8/site-packages/airflow/example_dags/example_dag_decorator.py
[2022-05-21 00:06:40,685] {processor.py:654} INFO - DAG(s) dict_keys(['example_dag_decorator']) retrieved from /home/airflow/.local/lib/python3.8/site-packages/airflow/example_dags/example_dag_decorator.py
[2022-05-21 00:06:40,849] {logging_mixin.py:109} INFO - [2022-05-21 00:06:40,849] {dag.py:2398} INFO - Sync 1 DAGs
[2022-05-21 00:06:40,863] {logging_mixin.py:109} INFO - [2022-05-21 00:06:40,863] {dag.py:2937} INFO - Setting next_dagrun for example_dag_decorator to None
[2022-05-21 00:06:40,882] {processor.py:171} INFO - Processing /home/airflow/.local/lib/python3.8/site-packages/airflow/example_dags/example_dag_decorator.py took 0.236 seconds
[2022-05-21 00:07:11,811] {processor.py:163} INFO - Started process (PID=14961) to work on /home/airflow/.local/lib/python3.8/site-packages/airflow/example_dags/example_dag_decorator.py
[2022-05-21 00:07:11,823] {processor.py:642} INFO - Processing file /home/airflow/.local/lib/python3.8/site-packages/airflow/example_dags/example_dag_decorator.py for tasks to queue
[2022-05-21 00:07:11,824] {logging_mixin.py:109} INFO - [2022-05-21 00:07:11,824] {dagbag.py:500} INFO - Filling up the DagBag from /home/airflow/.local/lib/python3.8/site-packages/airflow/example_dags/example_dag_decorator.py
[2022-05-21 00:07:11,867] {processor.py:654} INFO - DAG(s) dict_keys(['example_dag_decorator']) retrieved from /home/airflow/.local/lib/python3.8/site-packages/airflow/example_dags/example_dag_decorator.py
[2022-05-21 00:07:12,080] {logging_mixin.py:109} INFO - [2022-05-21 00:07:12,080] {dag.py:2398} INFO - Sync 1 DAGs
[2022-05-21 00:07:12,094] {logging_mixin.py:109} INFO - [2022-05-21 00:07:12,093] {dag.py:2937} INFO - Setting next_dagrun for example_dag_decorator to None
[2022-05-21 00:07:12,105] {processor.py:171} INFO - Processing /home/airflow/.local/lib/python3.8/site-packages/airflow/example_dags/example_dag_decorator.py took 0.296 seconds
[2022-05-21 00:07:42,650] {processor.py:163} INFO - Started process (PID=15055) to work on /home/airflow/.local/lib/python3.8/site-packages/airflow/example_dags/example_dag_decorator.py
[2022-05-21 00:07:42,651] {processor.py:642} INFO - Processing file /home/airflow/.local/lib/python3.8/site-packages/airflow/example_dags/example_dag_decorator.py for tasks to queue
[2022-05-21 00:07:42,651] {logging_mixin.py:109} INFO - [2022-05-21 00:07:42,651] {dagbag.py:500} INFO - Filling up the DagBag from /home/airflow/.local/lib/python3.8/site-packages/airflow/example_dags/example_dag_decorator.py
[2022-05-21 00:07:42,687] {processor.py:654} INFO - DAG(s) dict_keys(['example_dag_decorator']) retrieved from /home/airflow/.local/lib/python3.8/site-packages/airflow/example_dags/example_dag_decorator.py
[2022-05-21 00:07:42,905] {logging_mixin.py:109} INFO - [2022-05-21 00:07:42,905] {dag.py:2398} INFO - Sync 1 DAGs
[2022-05-21 00:07:42,918] {logging_mixin.py:109} INFO - [2022-05-21 00:07:42,918] {dag.py:2937} INFO - Setting next_dagrun for example_dag_decorator to None
[2022-05-21 00:07:42,934] {processor.py:171} INFO - Processing /home/airflow/.local/lib/python3.8/site-packages/airflow/example_dags/example_dag_decorator.py took 0.287 seconds
[2022-05-21 00:08:13,286] {processor.py:163} INFO - Started process (PID=15141) to work on /home/airflow/.local/lib/python3.8/site-packages/airflow/example_dags/example_dag_decorator.py
[2022-05-21 00:08:13,294] {processor.py:642} INFO - Processing file /home/airflow/.local/lib/python3.8/site-packages/airflow/example_dags/example_dag_decorator.py for tasks to queue
[2022-05-21 00:08:13,294] {logging_mixin.py:109} INFO - [2022-05-21 00:08:13,294] {dagbag.py:500} INFO - Filling up the DagBag from /home/airflow/.local/lib/python3.8/site-packages/airflow/example_dags/example_dag_decorator.py
[2022-05-21 00:08:13,335] {processor.py:654} INFO - DAG(s) dict_keys(['example_dag_decorator']) retrieved from /home/airflow/.local/lib/python3.8/site-packages/airflow/example_dags/example_dag_decorator.py
[2022-05-21 00:08:13,545] {logging_mixin.py:109} INFO - [2022-05-21 00:08:13,545] {dag.py:2398} INFO - Sync 1 DAGs
[2022-05-21 00:08:13,559] {logging_mixin.py:109} INFO - [2022-05-21 00:08:13,559] {dag.py:2937} INFO - Setting next_dagrun for example_dag_decorator to None
[2022-05-21 00:08:13,570] {processor.py:171} INFO - Processing /home/airflow/.local/lib/python3.8/site-packages/airflow/example_dags/example_dag_decorator.py took 0.287 seconds
[2022-05-21 00:08:43,771] {processor.py:163} INFO - Started process (PID=15234) to work on /home/airflow/.local/lib/python3.8/site-packages/airflow/example_dags/example_dag_decorator.py
[2022-05-21 00:08:43,772] {processor.py:642} INFO - Processing file /home/airflow/.local/lib/python3.8/site-packages/airflow/example_dags/example_dag_decorator.py for tasks to queue
[2022-05-21 00:08:43,773] {logging_mixin.py:109} INFO - [2022-05-21 00:08:43,773] {dagbag.py:500} INFO - Filling up the DagBag from /home/airflow/.local/lib/python3.8/site-packages/airflow/example_dags/example_dag_decorator.py
[2022-05-21 00:08:43,812] {processor.py:654} INFO - DAG(s) dict_keys(['example_dag_decorator']) retrieved from /home/airflow/.local/lib/python3.8/site-packages/airflow/example_dags/example_dag_decorator.py
[2022-05-21 00:08:44,045] {logging_mixin.py:109} INFO - [2022-05-21 00:08:44,045] {dag.py:2398} INFO - Sync 1 DAGs
[2022-05-21 00:08:44,060] {logging_mixin.py:109} INFO - [2022-05-21 00:08:44,060] {dag.py:2937} INFO - Setting next_dagrun for example_dag_decorator to None
[2022-05-21 00:08:44,073] {processor.py:171} INFO - Processing /home/airflow/.local/lib/python3.8/site-packages/airflow/example_dags/example_dag_decorator.py took 0.304 seconds
[2022-05-21 00:09:14,691] {processor.py:163} INFO - Started process (PID=15319) to work on /home/airflow/.local/lib/python3.8/site-packages/airflow/example_dags/example_dag_decorator.py
[2022-05-21 00:09:14,703] {processor.py:642} INFO - Processing file /home/airflow/.local/lib/python3.8/site-packages/airflow/example_dags/example_dag_decorator.py for tasks to queue
[2022-05-21 00:09:14,704] {logging_mixin.py:109} INFO - [2022-05-21 00:09:14,704] {dagbag.py:500} INFO - Filling up the DagBag from /home/airflow/.local/lib/python3.8/site-packages/airflow/example_dags/example_dag_decorator.py
[2022-05-21 00:09:14,734] {processor.py:654} INFO - DAG(s) dict_keys(['example_dag_decorator']) retrieved from /home/airflow/.local/lib/python3.8/site-packages/airflow/example_dags/example_dag_decorator.py
[2022-05-21 00:09:14,910] {logging_mixin.py:109} INFO - [2022-05-21 00:09:14,910] {dag.py:2398} INFO - Sync 1 DAGs
[2022-05-21 00:09:14,921] {logging_mixin.py:109} INFO - [2022-05-21 00:09:14,921] {dag.py:2937} INFO - Setting next_dagrun for example_dag_decorator to None
[2022-05-21 00:09:14,931] {processor.py:171} INFO - Processing /home/airflow/.local/lib/python3.8/site-packages/airflow/example_dags/example_dag_decorator.py took 0.242 seconds
[2022-05-21 00:32:42,225] {processor.py:163} INFO - Started process (PID=15386) to work on /home/airflow/.local/lib/python3.8/site-packages/airflow/example_dags/example_dag_decorator.py
[2022-05-21 00:32:42,226] {processor.py:642} INFO - Processing file /home/airflow/.local/lib/python3.8/site-packages/airflow/example_dags/example_dag_decorator.py for tasks to queue
[2022-05-21 00:32:42,228] {logging_mixin.py:109} INFO - [2022-05-21 00:32:42,227] {dagbag.py:500} INFO - Filling up the DagBag from /home/airflow/.local/lib/python3.8/site-packages/airflow/example_dags/example_dag_decorator.py
[2022-05-21 00:32:42,373] {processor.py:654} INFO - DAG(s) dict_keys(['example_dag_decorator']) retrieved from /home/airflow/.local/lib/python3.8/site-packages/airflow/example_dags/example_dag_decorator.py
[2022-05-21 00:32:42,823] {logging_mixin.py:109} INFO - [2022-05-21 00:32:42,823] {dag.py:2398} INFO - Sync 1 DAGs
[2022-05-21 00:32:42,839] {logging_mixin.py:109} INFO - [2022-05-21 00:32:42,839] {dag.py:2937} INFO - Setting next_dagrun for example_dag_decorator to None
[2022-05-21 00:32:42,853] {processor.py:171} INFO - Processing /home/airflow/.local/lib/python3.8/site-packages/airflow/example_dags/example_dag_decorator.py took 0.632 seconds
[2022-05-21 00:33:14,022] {processor.py:163} INFO - Started process (PID=15471) to work on /home/airflow/.local/lib/python3.8/site-packages/airflow/example_dags/example_dag_decorator.py
[2022-05-21 00:33:14,024] {processor.py:642} INFO - Processing file /home/airflow/.local/lib/python3.8/site-packages/airflow/example_dags/example_dag_decorator.py for tasks to queue
[2022-05-21 00:33:14,024] {logging_mixin.py:109} INFO - [2022-05-21 00:33:14,024] {dagbag.py:500} INFO - Filling up the DagBag from /home/airflow/.local/lib/python3.8/site-packages/airflow/example_dags/example_dag_decorator.py
[2022-05-21 00:33:14,058] {processor.py:654} INFO - DAG(s) dict_keys(['example_dag_decorator']) retrieved from /home/airflow/.local/lib/python3.8/site-packages/airflow/example_dags/example_dag_decorator.py
[2022-05-21 00:33:14,328] {logging_mixin.py:109} INFO - [2022-05-21 00:33:14,328] {dag.py:2398} INFO - Sync 1 DAGs
[2022-05-21 00:33:14,339] {logging_mixin.py:109} INFO - [2022-05-21 00:33:14,338] {dag.py:2937} INFO - Setting next_dagrun for example_dag_decorator to None
[2022-05-21 00:33:14,350] {processor.py:171} INFO - Processing /home/airflow/.local/lib/python3.8/site-packages/airflow/example_dags/example_dag_decorator.py took 0.330 seconds
[2022-05-21 00:33:44,995] {processor.py:163} INFO - Started process (PID=15564) to work on /home/airflow/.local/lib/python3.8/site-packages/airflow/example_dags/example_dag_decorator.py
[2022-05-21 00:33:44,996] {processor.py:642} INFO - Processing file /home/airflow/.local/lib/python3.8/site-packages/airflow/example_dags/example_dag_decorator.py for tasks to queue
[2022-05-21 00:33:44,996] {logging_mixin.py:109} INFO - [2022-05-21 00:33:44,996] {dagbag.py:500} INFO - Filling up the DagBag from /home/airflow/.local/lib/python3.8/site-packages/airflow/example_dags/example_dag_decorator.py
[2022-05-21 00:33:45,029] {processor.py:654} INFO - DAG(s) dict_keys(['example_dag_decorator']) retrieved from /home/airflow/.local/lib/python3.8/site-packages/airflow/example_dags/example_dag_decorator.py
[2022-05-21 00:33:45,291] {logging_mixin.py:109} INFO - [2022-05-21 00:33:45,291] {dag.py:2398} INFO - Sync 1 DAGs
[2022-05-21 00:33:45,303] {logging_mixin.py:109} INFO - [2022-05-21 00:33:45,303] {dag.py:2937} INFO - Setting next_dagrun for example_dag_decorator to None
[2022-05-21 00:33:45,316] {processor.py:171} INFO - Processing /home/airflow/.local/lib/python3.8/site-packages/airflow/example_dags/example_dag_decorator.py took 0.323 seconds
[2022-05-21 00:34:16,267] {processor.py:163} INFO - Started process (PID=15648) to work on /home/airflow/.local/lib/python3.8/site-packages/airflow/example_dags/example_dag_decorator.py
[2022-05-21 00:34:16,268] {processor.py:642} INFO - Processing file /home/airflow/.local/lib/python3.8/site-packages/airflow/example_dags/example_dag_decorator.py for tasks to queue
[2022-05-21 00:34:16,268] {logging_mixin.py:109} INFO - [2022-05-21 00:34:16,268] {dagbag.py:500} INFO - Filling up the DagBag from /home/airflow/.local/lib/python3.8/site-packages/airflow/example_dags/example_dag_decorator.py
[2022-05-21 00:34:16,300] {processor.py:654} INFO - DAG(s) dict_keys(['example_dag_decorator']) retrieved from /home/airflow/.local/lib/python3.8/site-packages/airflow/example_dags/example_dag_decorator.py
[2022-05-21 00:34:16,553] {logging_mixin.py:109} INFO - [2022-05-21 00:34:16,553] {dag.py:2398} INFO - Sync 1 DAGs
[2022-05-21 00:34:16,563] {logging_mixin.py:109} INFO - [2022-05-21 00:34:16,563] {dag.py:2937} INFO - Setting next_dagrun for example_dag_decorator to None
[2022-05-21 00:34:16,576] {processor.py:171} INFO - Processing /home/airflow/.local/lib/python3.8/site-packages/airflow/example_dags/example_dag_decorator.py took 0.311 seconds
[2022-05-21 00:34:47,806] {processor.py:163} INFO - Started process (PID=15739) to work on /home/airflow/.local/lib/python3.8/site-packages/airflow/example_dags/example_dag_decorator.py
[2022-05-21 00:34:47,807] {processor.py:642} INFO - Processing file /home/airflow/.local/lib/python3.8/site-packages/airflow/example_dags/example_dag_decorator.py for tasks to queue
[2022-05-21 00:34:47,808] {logging_mixin.py:109} INFO - [2022-05-21 00:34:47,807] {dagbag.py:500} INFO - Filling up the DagBag from /home/airflow/.local/lib/python3.8/site-packages/airflow/example_dags/example_dag_decorator.py
[2022-05-21 00:34:47,852] {processor.py:654} INFO - DAG(s) dict_keys(['example_dag_decorator']) retrieved from /home/airflow/.local/lib/python3.8/site-packages/airflow/example_dags/example_dag_decorator.py
[2022-05-21 00:34:48,190] {logging_mixin.py:109} INFO - [2022-05-21 00:34:48,190] {dag.py:2398} INFO - Sync 1 DAGs
[2022-05-21 00:34:48,203] {logging_mixin.py:109} INFO - [2022-05-21 00:34:48,203] {dag.py:2937} INFO - Setting next_dagrun for example_dag_decorator to None
[2022-05-21 00:34:48,221] {processor.py:171} INFO - Processing /home/airflow/.local/lib/python3.8/site-packages/airflow/example_dags/example_dag_decorator.py took 0.418 seconds
[2022-05-21 00:35:18,475] {processor.py:163} INFO - Started process (PID=15806) to work on /home/airflow/.local/lib/python3.8/site-packages/airflow/example_dags/example_dag_decorator.py
[2022-05-21 00:35:18,476] {processor.py:642} INFO - Processing file /home/airflow/.local/lib/python3.8/site-packages/airflow/example_dags/example_dag_decorator.py for tasks to queue
[2022-05-21 00:35:18,477] {logging_mixin.py:109} INFO - [2022-05-21 00:35:18,477] {dagbag.py:500} INFO - Filling up the DagBag from /home/airflow/.local/lib/python3.8/site-packages/airflow/example_dags/example_dag_decorator.py
[2022-05-21 00:35:18,517] {processor.py:654} INFO - DAG(s) dict_keys(['example_dag_decorator']) retrieved from /home/airflow/.local/lib/python3.8/site-packages/airflow/example_dags/example_dag_decorator.py
[2022-05-21 00:35:18,881] {logging_mixin.py:109} INFO - [2022-05-21 00:35:18,881] {dag.py:2398} INFO - Sync 1 DAGs
[2022-05-21 00:35:18,898] {logging_mixin.py:109} INFO - [2022-05-21 00:35:18,898] {dag.py:2937} INFO - Setting next_dagrun for example_dag_decorator to None
[2022-05-21 00:35:18,921] {processor.py:171} INFO - Processing /home/airflow/.local/lib/python3.8/site-packages/airflow/example_dags/example_dag_decorator.py took 0.447 seconds
[2022-05-21 00:35:49,026] {processor.py:163} INFO - Started process (PID=15890) to work on /home/airflow/.local/lib/python3.8/site-packages/airflow/example_dags/example_dag_decorator.py
[2022-05-21 00:35:49,028] {processor.py:642} INFO - Processing file /home/airflow/.local/lib/python3.8/site-packages/airflow/example_dags/example_dag_decorator.py for tasks to queue
[2022-05-21 00:35:49,029] {logging_mixin.py:109} INFO - [2022-05-21 00:35:49,028] {dagbag.py:500} INFO - Filling up the DagBag from /home/airflow/.local/lib/python3.8/site-packages/airflow/example_dags/example_dag_decorator.py
[2022-05-21 00:35:49,065] {processor.py:654} INFO - DAG(s) dict_keys(['example_dag_decorator']) retrieved from /home/airflow/.local/lib/python3.8/site-packages/airflow/example_dags/example_dag_decorator.py
[2022-05-21 00:35:49,352] {logging_mixin.py:109} INFO - [2022-05-21 00:35:49,352] {dag.py:2398} INFO - Sync 1 DAGs
[2022-05-21 00:35:49,363] {logging_mixin.py:109} INFO - [2022-05-21 00:35:49,363] {dag.py:2937} INFO - Setting next_dagrun for example_dag_decorator to None
[2022-05-21 00:35:49,376] {processor.py:171} INFO - Processing /home/airflow/.local/lib/python3.8/site-packages/airflow/example_dags/example_dag_decorator.py took 0.353 seconds
[2022-05-21 00:36:20,076] {processor.py:163} INFO - Started process (PID=15985) to work on /home/airflow/.local/lib/python3.8/site-packages/airflow/example_dags/example_dag_decorator.py
[2022-05-21 00:36:20,077] {processor.py:642} INFO - Processing file /home/airflow/.local/lib/python3.8/site-packages/airflow/example_dags/example_dag_decorator.py for tasks to queue
[2022-05-21 00:36:20,078] {logging_mixin.py:109} INFO - [2022-05-21 00:36:20,078] {dagbag.py:500} INFO - Filling up the DagBag from /home/airflow/.local/lib/python3.8/site-packages/airflow/example_dags/example_dag_decorator.py
[2022-05-21 00:36:20,116] {processor.py:654} INFO - DAG(s) dict_keys(['example_dag_decorator']) retrieved from /home/airflow/.local/lib/python3.8/site-packages/airflow/example_dags/example_dag_decorator.py
[2022-05-21 00:36:20,125] {logging_mixin.py:109} INFO - [2022-05-21 00:36:20,125] {dag.py:2398} INFO - Sync 1 DAGs
[2022-05-21 00:36:20,139] {logging_mixin.py:109} INFO - [2022-05-21 00:36:20,139] {dag.py:2937} INFO - Setting next_dagrun for example_dag_decorator to None
[2022-05-21 00:36:20,152] {processor.py:171} INFO - Processing /home/airflow/.local/lib/python3.8/site-packages/airflow/example_dags/example_dag_decorator.py took 0.077 seconds
[2022-05-21 00:36:50,643] {processor.py:163} INFO - Started process (PID=16069) to work on /home/airflow/.local/lib/python3.8/site-packages/airflow/example_dags/example_dag_decorator.py
[2022-05-21 00:36:50,644] {processor.py:642} INFO - Processing file /home/airflow/.local/lib/python3.8/site-packages/airflow/example_dags/example_dag_decorator.py for tasks to queue
[2022-05-21 00:36:50,645] {logging_mixin.py:109} INFO - [2022-05-21 00:36:50,645] {dagbag.py:500} INFO - Filling up the DagBag from /home/airflow/.local/lib/python3.8/site-packages/airflow/example_dags/example_dag_decorator.py
[2022-05-21 00:36:50,677] {processor.py:654} INFO - DAG(s) dict_keys(['example_dag_decorator']) retrieved from /home/airflow/.local/lib/python3.8/site-packages/airflow/example_dags/example_dag_decorator.py
[2022-05-21 00:36:50,994] {logging_mixin.py:109} INFO - [2022-05-21 00:36:50,994] {dag.py:2398} INFO - Sync 1 DAGs
[2022-05-21 00:36:51,005] {logging_mixin.py:109} INFO - [2022-05-21 00:36:51,005] {dag.py:2937} INFO - Setting next_dagrun for example_dag_decorator to None
[2022-05-21 00:36:51,017] {processor.py:171} INFO - Processing /home/airflow/.local/lib/python3.8/site-packages/airflow/example_dags/example_dag_decorator.py took 0.377 seconds
[2022-05-21 00:37:21,891] {processor.py:163} INFO - Started process (PID=16163) to work on /home/airflow/.local/lib/python3.8/site-packages/airflow/example_dags/example_dag_decorator.py
[2022-05-21 00:37:21,892] {processor.py:642} INFO - Processing file /home/airflow/.local/lib/python3.8/site-packages/airflow/example_dags/example_dag_decorator.py for tasks to queue
[2022-05-21 00:37:21,893] {logging_mixin.py:109} INFO - [2022-05-21 00:37:21,893] {dagbag.py:500} INFO - Filling up the DagBag from /home/airflow/.local/lib/python3.8/site-packages/airflow/example_dags/example_dag_decorator.py
[2022-05-21 00:37:21,935] {processor.py:654} INFO - DAG(s) dict_keys(['example_dag_decorator']) retrieved from /home/airflow/.local/lib/python3.8/site-packages/airflow/example_dags/example_dag_decorator.py
[2022-05-21 00:37:22,271] {logging_mixin.py:109} INFO - [2022-05-21 00:37:22,271] {dag.py:2398} INFO - Sync 1 DAGs
[2022-05-21 00:37:22,283] {logging_mixin.py:109} INFO - [2022-05-21 00:37:22,283] {dag.py:2937} INFO - Setting next_dagrun for example_dag_decorator to None
[2022-05-21 00:37:22,296] {processor.py:171} INFO - Processing /home/airflow/.local/lib/python3.8/site-packages/airflow/example_dags/example_dag_decorator.py took 0.408 seconds
[2022-05-21 00:37:52,982] {processor.py:163} INFO - Started process (PID=16248) to work on /home/airflow/.local/lib/python3.8/site-packages/airflow/example_dags/example_dag_decorator.py
[2022-05-21 00:37:52,989] {processor.py:642} INFO - Processing file /home/airflow/.local/lib/python3.8/site-packages/airflow/example_dags/example_dag_decorator.py for tasks to queue
[2022-05-21 00:37:52,990] {logging_mixin.py:109} INFO - [2022-05-21 00:37:52,989] {dagbag.py:500} INFO - Filling up the DagBag from /home/airflow/.local/lib/python3.8/site-packages/airflow/example_dags/example_dag_decorator.py
[2022-05-21 00:37:53,086] {processor.py:654} INFO - DAG(s) dict_keys(['example_dag_decorator']) retrieved from /home/airflow/.local/lib/python3.8/site-packages/airflow/example_dags/example_dag_decorator.py
[2022-05-21 00:37:53,378] {logging_mixin.py:109} INFO - [2022-05-21 00:37:53,377] {dag.py:2398} INFO - Sync 1 DAGs
[2022-05-21 00:37:53,391] {logging_mixin.py:109} INFO - [2022-05-21 00:37:53,391] {dag.py:2937} INFO - Setting next_dagrun for example_dag_decorator to None
[2022-05-21 00:37:53,408] {processor.py:171} INFO - Processing /home/airflow/.local/lib/python3.8/site-packages/airflow/example_dags/example_dag_decorator.py took 0.429 seconds
[2022-05-21 00:38:23,482] {processor.py:163} INFO - Started process (PID=16332) to work on /home/airflow/.local/lib/python3.8/site-packages/airflow/example_dags/example_dag_decorator.py
[2022-05-21 00:38:23,483] {processor.py:642} INFO - Processing file /home/airflow/.local/lib/python3.8/site-packages/airflow/example_dags/example_dag_decorator.py for tasks to queue
[2022-05-21 00:38:23,484] {logging_mixin.py:109} INFO - [2022-05-21 00:38:23,484] {dagbag.py:500} INFO - Filling up the DagBag from /home/airflow/.local/lib/python3.8/site-packages/airflow/example_dags/example_dag_decorator.py
[2022-05-21 00:38:23,538] {processor.py:654} INFO - DAG(s) dict_keys(['example_dag_decorator']) retrieved from /home/airflow/.local/lib/python3.8/site-packages/airflow/example_dags/example_dag_decorator.py
[2022-05-21 00:38:23,824] {logging_mixin.py:109} INFO - [2022-05-21 00:38:23,824] {dag.py:2398} INFO - Sync 1 DAGs
[2022-05-21 00:38:23,835] {logging_mixin.py:109} INFO - [2022-05-21 00:38:23,835] {dag.py:2937} INFO - Setting next_dagrun for example_dag_decorator to None
[2022-05-21 00:38:23,848] {processor.py:171} INFO - Processing /home/airflow/.local/lib/python3.8/site-packages/airflow/example_dags/example_dag_decorator.py took 0.369 seconds
[2022-05-21 00:38:54,037] {processor.py:163} INFO - Started process (PID=16426) to work on /home/airflow/.local/lib/python3.8/site-packages/airflow/example_dags/example_dag_decorator.py
[2022-05-21 00:38:54,038] {processor.py:642} INFO - Processing file /home/airflow/.local/lib/python3.8/site-packages/airflow/example_dags/example_dag_decorator.py for tasks to queue
[2022-05-21 00:38:54,039] {logging_mixin.py:109} INFO - [2022-05-21 00:38:54,039] {dagbag.py:500} INFO - Filling up the DagBag from /home/airflow/.local/lib/python3.8/site-packages/airflow/example_dags/example_dag_decorator.py
[2022-05-21 00:38:54,087] {processor.py:654} INFO - DAG(s) dict_keys(['example_dag_decorator']) retrieved from /home/airflow/.local/lib/python3.8/site-packages/airflow/example_dags/example_dag_decorator.py
[2022-05-21 00:38:54,345] {logging_mixin.py:109} INFO - [2022-05-21 00:38:54,345] {dag.py:2398} INFO - Sync 1 DAGs
[2022-05-21 00:38:54,356] {logging_mixin.py:109} INFO - [2022-05-21 00:38:54,356] {dag.py:2937} INFO - Setting next_dagrun for example_dag_decorator to None
[2022-05-21 00:38:54,366] {processor.py:171} INFO - Processing /home/airflow/.local/lib/python3.8/site-packages/airflow/example_dags/example_dag_decorator.py took 0.333 seconds
[2022-05-21 00:39:24,938] {processor.py:163} INFO - Started process (PID=16509) to work on /home/airflow/.local/lib/python3.8/site-packages/airflow/example_dags/example_dag_decorator.py
[2022-05-21 00:39:24,939] {processor.py:642} INFO - Processing file /home/airflow/.local/lib/python3.8/site-packages/airflow/example_dags/example_dag_decorator.py for tasks to queue
[2022-05-21 00:39:24,940] {logging_mixin.py:109} INFO - [2022-05-21 00:39:24,940] {dagbag.py:500} INFO - Filling up the DagBag from /home/airflow/.local/lib/python3.8/site-packages/airflow/example_dags/example_dag_decorator.py
[2022-05-21 00:39:24,975] {processor.py:654} INFO - DAG(s) dict_keys(['example_dag_decorator']) retrieved from /home/airflow/.local/lib/python3.8/site-packages/airflow/example_dags/example_dag_decorator.py
[2022-05-21 00:39:25,225] {logging_mixin.py:109} INFO - [2022-05-21 00:39:25,225] {dag.py:2398} INFO - Sync 1 DAGs
[2022-05-21 00:39:25,238] {logging_mixin.py:109} INFO - [2022-05-21 00:39:25,238] {dag.py:2937} INFO - Setting next_dagrun for example_dag_decorator to None
[2022-05-21 00:39:25,253] {processor.py:171} INFO - Processing /home/airflow/.local/lib/python3.8/site-packages/airflow/example_dags/example_dag_decorator.py took 0.319 seconds
[2022-05-21 00:39:55,780] {processor.py:163} INFO - Started process (PID=16622) to work on /home/airflow/.local/lib/python3.8/site-packages/airflow/example_dags/example_dag_decorator.py
[2022-05-21 00:39:55,781] {processor.py:642} INFO - Processing file /home/airflow/.local/lib/python3.8/site-packages/airflow/example_dags/example_dag_decorator.py for tasks to queue
[2022-05-21 00:39:55,781] {logging_mixin.py:109} INFO - [2022-05-21 00:39:55,781] {dagbag.py:500} INFO - Filling up the DagBag from /home/airflow/.local/lib/python3.8/site-packages/airflow/example_dags/example_dag_decorator.py
[2022-05-21 00:39:55,816] {processor.py:654} INFO - DAG(s) dict_keys(['example_dag_decorator']) retrieved from /home/airflow/.local/lib/python3.8/site-packages/airflow/example_dags/example_dag_decorator.py
[2022-05-21 00:39:56,133] {logging_mixin.py:109} INFO - [2022-05-21 00:39:56,133] {dag.py:2398} INFO - Sync 1 DAGs
[2022-05-21 00:39:56,144] {logging_mixin.py:109} INFO - [2022-05-21 00:39:56,144] {dag.py:2937} INFO - Setting next_dagrun for example_dag_decorator to None
[2022-05-21 00:39:56,155] {processor.py:171} INFO - Processing /home/airflow/.local/lib/python3.8/site-packages/airflow/example_dags/example_dag_decorator.py took 0.378 seconds
[2022-05-21 00:40:27,000] {processor.py:163} INFO - Started process (PID=16706) to work on /home/airflow/.local/lib/python3.8/site-packages/airflow/example_dags/example_dag_decorator.py
[2022-05-21 00:40:27,001] {processor.py:642} INFO - Processing file /home/airflow/.local/lib/python3.8/site-packages/airflow/example_dags/example_dag_decorator.py for tasks to queue
[2022-05-21 00:40:27,002] {logging_mixin.py:109} INFO - [2022-05-21 00:40:27,001] {dagbag.py:500} INFO - Filling up the DagBag from /home/airflow/.local/lib/python3.8/site-packages/airflow/example_dags/example_dag_decorator.py
[2022-05-21 00:40:27,033] {processor.py:654} INFO - DAG(s) dict_keys(['example_dag_decorator']) retrieved from /home/airflow/.local/lib/python3.8/site-packages/airflow/example_dags/example_dag_decorator.py
[2022-05-21 00:40:27,041] {logging_mixin.py:109} INFO - [2022-05-21 00:40:27,041] {dag.py:2398} INFO - Sync 1 DAGs
[2022-05-21 00:40:27,052] {logging_mixin.py:109} INFO - [2022-05-21 00:40:27,052] {dag.py:2937} INFO - Setting next_dagrun for example_dag_decorator to None
[2022-05-21 00:40:27,062] {processor.py:171} INFO - Processing /home/airflow/.local/lib/python3.8/site-packages/airflow/example_dags/example_dag_decorator.py took 0.065 seconds
[2022-05-21 00:40:57,671] {processor.py:163} INFO - Started process (PID=16799) to work on /home/airflow/.local/lib/python3.8/site-packages/airflow/example_dags/example_dag_decorator.py
[2022-05-21 00:40:57,672] {processor.py:642} INFO - Processing file /home/airflow/.local/lib/python3.8/site-packages/airflow/example_dags/example_dag_decorator.py for tasks to queue
[2022-05-21 00:40:57,672] {logging_mixin.py:109} INFO - [2022-05-21 00:40:57,672] {dagbag.py:500} INFO - Filling up the DagBag from /home/airflow/.local/lib/python3.8/site-packages/airflow/example_dags/example_dag_decorator.py
[2022-05-21 00:40:57,718] {processor.py:654} INFO - DAG(s) dict_keys(['example_dag_decorator']) retrieved from /home/airflow/.local/lib/python3.8/site-packages/airflow/example_dags/example_dag_decorator.py
[2022-05-21 00:40:58,054] {logging_mixin.py:109} INFO - [2022-05-21 00:40:58,054] {dag.py:2398} INFO - Sync 1 DAGs
[2022-05-21 00:40:58,067] {logging_mixin.py:109} INFO - [2022-05-21 00:40:58,067] {dag.py:2937} INFO - Setting next_dagrun for example_dag_decorator to None
[2022-05-21 00:40:58,083] {processor.py:171} INFO - Processing /home/airflow/.local/lib/python3.8/site-packages/airflow/example_dags/example_dag_decorator.py took 0.415 seconds
[2022-05-21 00:41:28,879] {processor.py:163} INFO - Started process (PID=16884) to work on /home/airflow/.local/lib/python3.8/site-packages/airflow/example_dags/example_dag_decorator.py
[2022-05-21 00:41:28,880] {processor.py:642} INFO - Processing file /home/airflow/.local/lib/python3.8/site-packages/airflow/example_dags/example_dag_decorator.py for tasks to queue
[2022-05-21 00:41:28,881] {logging_mixin.py:109} INFO - [2022-05-21 00:41:28,881] {dagbag.py:500} INFO - Filling up the DagBag from /home/airflow/.local/lib/python3.8/site-packages/airflow/example_dags/example_dag_decorator.py
[2022-05-21 00:41:28,926] {processor.py:654} INFO - DAG(s) dict_keys(['example_dag_decorator']) retrieved from /home/airflow/.local/lib/python3.8/site-packages/airflow/example_dags/example_dag_decorator.py
[2022-05-21 00:41:29,226] {logging_mixin.py:109} INFO - [2022-05-21 00:41:29,226] {dag.py:2398} INFO - Sync 1 DAGs
[2022-05-21 00:41:29,236] {logging_mixin.py:109} INFO - [2022-05-21 00:41:29,236] {dag.py:2937} INFO - Setting next_dagrun for example_dag_decorator to None
[2022-05-21 00:41:29,248] {processor.py:171} INFO - Processing /home/airflow/.local/lib/python3.8/site-packages/airflow/example_dags/example_dag_decorator.py took 0.372 seconds
[2022-05-21 00:41:59,974] {processor.py:163} INFO - Started process (PID=16977) to work on /home/airflow/.local/lib/python3.8/site-packages/airflow/example_dags/example_dag_decorator.py
[2022-05-21 00:41:59,975] {processor.py:642} INFO - Processing file /home/airflow/.local/lib/python3.8/site-packages/airflow/example_dags/example_dag_decorator.py for tasks to queue
[2022-05-21 00:41:59,975] {logging_mixin.py:109} INFO - [2022-05-21 00:41:59,975] {dagbag.py:500} INFO - Filling up the DagBag from /home/airflow/.local/lib/python3.8/site-packages/airflow/example_dags/example_dag_decorator.py
[2022-05-21 00:42:00,024] {processor.py:654} INFO - DAG(s) dict_keys(['example_dag_decorator']) retrieved from /home/airflow/.local/lib/python3.8/site-packages/airflow/example_dags/example_dag_decorator.py
[2022-05-21 00:42:00,347] {logging_mixin.py:109} INFO - [2022-05-21 00:42:00,347] {dag.py:2398} INFO - Sync 1 DAGs
[2022-05-21 00:42:00,364] {logging_mixin.py:109} INFO - [2022-05-21 00:42:00,364] {dag.py:2937} INFO - Setting next_dagrun for example_dag_decorator to None
[2022-05-21 00:42:00,382] {processor.py:171} INFO - Processing /home/airflow/.local/lib/python3.8/site-packages/airflow/example_dags/example_dag_decorator.py took 0.410 seconds
[2022-05-21 00:42:31,269] {processor.py:163} INFO - Started process (PID=17063) to work on /home/airflow/.local/lib/python3.8/site-packages/airflow/example_dags/example_dag_decorator.py
[2022-05-21 00:42:31,273] {processor.py:642} INFO - Processing file /home/airflow/.local/lib/python3.8/site-packages/airflow/example_dags/example_dag_decorator.py for tasks to queue
[2022-05-21 00:42:31,274] {logging_mixin.py:109} INFO - [2022-05-21 00:42:31,274] {dagbag.py:500} INFO - Filling up the DagBag from /home/airflow/.local/lib/python3.8/site-packages/airflow/example_dags/example_dag_decorator.py
[2022-05-21 00:42:31,324] {processor.py:654} INFO - DAG(s) dict_keys(['example_dag_decorator']) retrieved from /home/airflow/.local/lib/python3.8/site-packages/airflow/example_dags/example_dag_decorator.py
[2022-05-21 00:42:31,627] {logging_mixin.py:109} INFO - [2022-05-21 00:42:31,627] {dag.py:2398} INFO - Sync 1 DAGs
[2022-05-21 00:42:31,638] {logging_mixin.py:109} INFO - [2022-05-21 00:42:31,638] {dag.py:2937} INFO - Setting next_dagrun for example_dag_decorator to None
[2022-05-21 00:42:31,649] {processor.py:171} INFO - Processing /home/airflow/.local/lib/python3.8/site-packages/airflow/example_dags/example_dag_decorator.py took 0.383 seconds
[2022-05-21 00:43:01,680] {processor.py:163} INFO - Started process (PID=17165) to work on /home/airflow/.local/lib/python3.8/site-packages/airflow/example_dags/example_dag_decorator.py
[2022-05-21 00:43:01,680] {processor.py:642} INFO - Processing file /home/airflow/.local/lib/python3.8/site-packages/airflow/example_dags/example_dag_decorator.py for tasks to queue
[2022-05-21 00:43:01,681] {logging_mixin.py:109} INFO - [2022-05-21 00:43:01,681] {dagbag.py:500} INFO - Filling up the DagBag from /home/airflow/.local/lib/python3.8/site-packages/airflow/example_dags/example_dag_decorator.py
[2022-05-21 00:43:01,713] {processor.py:654} INFO - DAG(s) dict_keys(['example_dag_decorator']) retrieved from /home/airflow/.local/lib/python3.8/site-packages/airflow/example_dags/example_dag_decorator.py
[2022-05-21 00:43:01,951] {logging_mixin.py:109} INFO - [2022-05-21 00:43:01,951] {dag.py:2398} INFO - Sync 1 DAGs
[2022-05-21 00:43:01,963] {logging_mixin.py:109} INFO - [2022-05-21 00:43:01,963] {dag.py:2937} INFO - Setting next_dagrun for example_dag_decorator to None
[2022-05-21 00:43:01,975] {processor.py:171} INFO - Processing /home/airflow/.local/lib/python3.8/site-packages/airflow/example_dags/example_dag_decorator.py took 0.297 seconds
[2022-05-21 00:43:32,024] {processor.py:163} INFO - Started process (PID=17257) to work on /home/airflow/.local/lib/python3.8/site-packages/airflow/example_dags/example_dag_decorator.py
[2022-05-21 00:43:32,028] {processor.py:642} INFO - Processing file /home/airflow/.local/lib/python3.8/site-packages/airflow/example_dags/example_dag_decorator.py for tasks to queue
[2022-05-21 00:43:32,029] {logging_mixin.py:109} INFO - [2022-05-21 00:43:32,029] {dagbag.py:500} INFO - Filling up the DagBag from /home/airflow/.local/lib/python3.8/site-packages/airflow/example_dags/example_dag_decorator.py
[2022-05-21 00:43:32,060] {processor.py:654} INFO - DAG(s) dict_keys(['example_dag_decorator']) retrieved from /home/airflow/.local/lib/python3.8/site-packages/airflow/example_dags/example_dag_decorator.py
[2022-05-21 00:43:32,341] {logging_mixin.py:109} INFO - [2022-05-21 00:43:32,341] {dag.py:2398} INFO - Sync 1 DAGs
[2022-05-21 00:43:32,351] {logging_mixin.py:109} INFO - [2022-05-21 00:43:32,351] {dag.py:2937} INFO - Setting next_dagrun for example_dag_decorator to None
[2022-05-21 00:43:32,368] {processor.py:171} INFO - Processing /home/airflow/.local/lib/python3.8/site-packages/airflow/example_dags/example_dag_decorator.py took 0.346 seconds
[2022-05-21 00:44:02,427] {processor.py:163} INFO - Started process (PID=17341) to work on /home/airflow/.local/lib/python3.8/site-packages/airflow/example_dags/example_dag_decorator.py
[2022-05-21 00:44:02,428] {processor.py:642} INFO - Processing file /home/airflow/.local/lib/python3.8/site-packages/airflow/example_dags/example_dag_decorator.py for tasks to queue
[2022-05-21 00:44:02,428] {logging_mixin.py:109} INFO - [2022-05-21 00:44:02,428] {dagbag.py:500} INFO - Filling up the DagBag from /home/airflow/.local/lib/python3.8/site-packages/airflow/example_dags/example_dag_decorator.py
[2022-05-21 00:44:02,491] {processor.py:654} INFO - DAG(s) dict_keys(['example_dag_decorator']) retrieved from /home/airflow/.local/lib/python3.8/site-packages/airflow/example_dags/example_dag_decorator.py
[2022-05-21 00:44:02,823] {logging_mixin.py:109} INFO - [2022-05-21 00:44:02,823] {dag.py:2398} INFO - Sync 1 DAGs
[2022-05-21 00:44:02,834] {logging_mixin.py:109} INFO - [2022-05-21 00:44:02,834] {dag.py:2937} INFO - Setting next_dagrun for example_dag_decorator to None
[2022-05-21 00:44:02,845] {processor.py:171} INFO - Processing /home/airflow/.local/lib/python3.8/site-packages/airflow/example_dags/example_dag_decorator.py took 0.422 seconds
[2022-05-21 00:44:32,965] {processor.py:163} INFO - Started process (PID=17454) to work on /home/airflow/.local/lib/python3.8/site-packages/airflow/example_dags/example_dag_decorator.py
[2022-05-21 00:44:32,966] {processor.py:642} INFO - Processing file /home/airflow/.local/lib/python3.8/site-packages/airflow/example_dags/example_dag_decorator.py for tasks to queue
[2022-05-21 00:44:32,967] {logging_mixin.py:109} INFO - [2022-05-21 00:44:32,967] {dagbag.py:500} INFO - Filling up the DagBag from /home/airflow/.local/lib/python3.8/site-packages/airflow/example_dags/example_dag_decorator.py
[2022-05-21 00:44:33,005] {processor.py:654} INFO - DAG(s) dict_keys(['example_dag_decorator']) retrieved from /home/airflow/.local/lib/python3.8/site-packages/airflow/example_dags/example_dag_decorator.py
[2022-05-21 00:44:33,294] {logging_mixin.py:109} INFO - [2022-05-21 00:44:33,294] {dag.py:2398} INFO - Sync 1 DAGs
[2022-05-21 00:44:33,309] {logging_mixin.py:109} INFO - [2022-05-21 00:44:33,309] {dag.py:2937} INFO - Setting next_dagrun for example_dag_decorator to None
[2022-05-21 00:44:33,321] {processor.py:171} INFO - Processing /home/airflow/.local/lib/python3.8/site-packages/airflow/example_dags/example_dag_decorator.py took 0.359 seconds
[2022-05-21 00:45:03,633] {processor.py:163} INFO - Started process (PID=17540) to work on /home/airflow/.local/lib/python3.8/site-packages/airflow/example_dags/example_dag_decorator.py
[2022-05-21 00:45:03,634] {processor.py:642} INFO - Processing file /home/airflow/.local/lib/python3.8/site-packages/airflow/example_dags/example_dag_decorator.py for tasks to queue
[2022-05-21 00:45:03,635] {logging_mixin.py:109} INFO - [2022-05-21 00:45:03,635] {dagbag.py:500} INFO - Filling up the DagBag from /home/airflow/.local/lib/python3.8/site-packages/airflow/example_dags/example_dag_decorator.py
[2022-05-21 00:45:03,693] {processor.py:654} INFO - DAG(s) dict_keys(['example_dag_decorator']) retrieved from /home/airflow/.local/lib/python3.8/site-packages/airflow/example_dags/example_dag_decorator.py
[2022-05-21 00:45:04,003] {logging_mixin.py:109} INFO - [2022-05-21 00:45:04,003] {dag.py:2398} INFO - Sync 1 DAGs
[2022-05-21 00:45:04,014] {logging_mixin.py:109} INFO - [2022-05-21 00:45:04,014] {dag.py:2937} INFO - Setting next_dagrun for example_dag_decorator to None
[2022-05-21 00:45:04,029] {processor.py:171} INFO - Processing /home/airflow/.local/lib/python3.8/site-packages/airflow/example_dags/example_dag_decorator.py took 0.398 seconds
[2022-05-21 00:45:34,095] {processor.py:163} INFO - Started process (PID=17630) to work on /home/airflow/.local/lib/python3.8/site-packages/airflow/example_dags/example_dag_decorator.py
[2022-05-21 00:45:34,097] {processor.py:642} INFO - Processing file /home/airflow/.local/lib/python3.8/site-packages/airflow/example_dags/example_dag_decorator.py for tasks to queue
[2022-05-21 00:45:34,097] {logging_mixin.py:109} INFO - [2022-05-21 00:45:34,097] {dagbag.py:500} INFO - Filling up the DagBag from /home/airflow/.local/lib/python3.8/site-packages/airflow/example_dags/example_dag_decorator.py
[2022-05-21 00:45:34,139] {processor.py:654} INFO - DAG(s) dict_keys(['example_dag_decorator']) retrieved from /home/airflow/.local/lib/python3.8/site-packages/airflow/example_dags/example_dag_decorator.py
[2022-05-21 00:45:34,475] {logging_mixin.py:109} INFO - [2022-05-21 00:45:34,475] {dag.py:2398} INFO - Sync 1 DAGs
[2022-05-21 00:45:34,491] {logging_mixin.py:109} INFO - [2022-05-21 00:45:34,491] {dag.py:2937} INFO - Setting next_dagrun for example_dag_decorator to None
[2022-05-21 00:45:34,504] {processor.py:171} INFO - Processing /home/airflow/.local/lib/python3.8/site-packages/airflow/example_dags/example_dag_decorator.py took 0.410 seconds
[2022-05-21 00:46:04,919] {processor.py:163} INFO - Started process (PID=17726) to work on /home/airflow/.local/lib/python3.8/site-packages/airflow/example_dags/example_dag_decorator.py
[2022-05-21 00:46:04,920] {processor.py:642} INFO - Processing file /home/airflow/.local/lib/python3.8/site-packages/airflow/example_dags/example_dag_decorator.py for tasks to queue
[2022-05-21 00:46:04,920] {logging_mixin.py:109} INFO - [2022-05-21 00:46:04,920] {dagbag.py:500} INFO - Filling up the DagBag from /home/airflow/.local/lib/python3.8/site-packages/airflow/example_dags/example_dag_decorator.py
[2022-05-21 00:46:04,959] {processor.py:654} INFO - DAG(s) dict_keys(['example_dag_decorator']) retrieved from /home/airflow/.local/lib/python3.8/site-packages/airflow/example_dags/example_dag_decorator.py
[2022-05-21 00:46:05,239] {logging_mixin.py:109} INFO - [2022-05-21 00:46:05,239] {dag.py:2398} INFO - Sync 1 DAGs
[2022-05-21 00:46:05,253] {logging_mixin.py:109} INFO - [2022-05-21 00:46:05,253] {dag.py:2937} INFO - Setting next_dagrun for example_dag_decorator to None
[2022-05-21 00:46:05,264] {processor.py:171} INFO - Processing /home/airflow/.local/lib/python3.8/site-packages/airflow/example_dags/example_dag_decorator.py took 0.347 seconds
[2022-05-21 00:46:35,347] {processor.py:163} INFO - Started process (PID=17827) to work on /home/airflow/.local/lib/python3.8/site-packages/airflow/example_dags/example_dag_decorator.py
[2022-05-21 00:46:35,348] {processor.py:642} INFO - Processing file /home/airflow/.local/lib/python3.8/site-packages/airflow/example_dags/example_dag_decorator.py for tasks to queue
[2022-05-21 00:46:35,349] {logging_mixin.py:109} INFO - [2022-05-21 00:46:35,348] {dagbag.py:500} INFO - Filling up the DagBag from /home/airflow/.local/lib/python3.8/site-packages/airflow/example_dags/example_dag_decorator.py
[2022-05-21 00:46:35,392] {processor.py:654} INFO - DAG(s) dict_keys(['example_dag_decorator']) retrieved from /home/airflow/.local/lib/python3.8/site-packages/airflow/example_dags/example_dag_decorator.py
[2022-05-21 00:46:35,719] {logging_mixin.py:109} INFO - [2022-05-21 00:46:35,719] {dag.py:2398} INFO - Sync 1 DAGs
[2022-05-21 00:46:35,733] {logging_mixin.py:109} INFO - [2022-05-21 00:46:35,732] {dag.py:2937} INFO - Setting next_dagrun for example_dag_decorator to None
[2022-05-21 00:46:35,746] {processor.py:171} INFO - Processing /home/airflow/.local/lib/python3.8/site-packages/airflow/example_dags/example_dag_decorator.py took 0.402 seconds
[2022-05-21 00:47:06,027] {processor.py:163} INFO - Started process (PID=17923) to work on /home/airflow/.local/lib/python3.8/site-packages/airflow/example_dags/example_dag_decorator.py
[2022-05-21 00:47:06,028] {processor.py:642} INFO - Processing file /home/airflow/.local/lib/python3.8/site-packages/airflow/example_dags/example_dag_decorator.py for tasks to queue
[2022-05-21 00:47:06,029] {logging_mixin.py:109} INFO - [2022-05-21 00:47:06,029] {dagbag.py:500} INFO - Filling up the DagBag from /home/airflow/.local/lib/python3.8/site-packages/airflow/example_dags/example_dag_decorator.py
[2022-05-21 00:47:06,067] {processor.py:654} INFO - DAG(s) dict_keys(['example_dag_decorator']) retrieved from /home/airflow/.local/lib/python3.8/site-packages/airflow/example_dags/example_dag_decorator.py
[2022-05-21 00:47:06,435] {logging_mixin.py:109} INFO - [2022-05-21 00:47:06,434] {dag.py:2398} INFO - Sync 1 DAGs
[2022-05-21 00:47:06,462] {logging_mixin.py:109} INFO - [2022-05-21 00:47:06,462] {dag.py:2937} INFO - Setting next_dagrun for example_dag_decorator to None
[2022-05-21 00:47:06,483] {processor.py:171} INFO - Processing /home/airflow/.local/lib/python3.8/site-packages/airflow/example_dags/example_dag_decorator.py took 0.460 seconds
[2022-05-21 00:47:36,684] {processor.py:163} INFO - Started process (PID=18005) to work on /home/airflow/.local/lib/python3.8/site-packages/airflow/example_dags/example_dag_decorator.py
[2022-05-21 00:47:36,685] {processor.py:642} INFO - Processing file /home/airflow/.local/lib/python3.8/site-packages/airflow/example_dags/example_dag_decorator.py for tasks to queue
[2022-05-21 00:47:36,685] {logging_mixin.py:109} INFO - [2022-05-21 00:47:36,685] {dagbag.py:500} INFO - Filling up the DagBag from /home/airflow/.local/lib/python3.8/site-packages/airflow/example_dags/example_dag_decorator.py
[2022-05-21 00:47:36,725] {processor.py:654} INFO - DAG(s) dict_keys(['example_dag_decorator']) retrieved from /home/airflow/.local/lib/python3.8/site-packages/airflow/example_dags/example_dag_decorator.py
[2022-05-21 00:47:37,017] {logging_mixin.py:109} INFO - [2022-05-21 00:47:37,017] {dag.py:2398} INFO - Sync 1 DAGs
[2022-05-21 00:47:37,029] {logging_mixin.py:109} INFO - [2022-05-21 00:47:37,029] {dag.py:2937} INFO - Setting next_dagrun for example_dag_decorator to None
[2022-05-21 00:47:37,042] {processor.py:171} INFO - Processing /home/airflow/.local/lib/python3.8/site-packages/airflow/example_dags/example_dag_decorator.py took 0.361 seconds
[2022-05-21 00:48:07,163] {processor.py:163} INFO - Started process (PID=18083) to work on /home/airflow/.local/lib/python3.8/site-packages/airflow/example_dags/example_dag_decorator.py
[2022-05-21 00:48:07,164] {processor.py:642} INFO - Processing file /home/airflow/.local/lib/python3.8/site-packages/airflow/example_dags/example_dag_decorator.py for tasks to queue
[2022-05-21 00:48:07,164] {logging_mixin.py:109} INFO - [2022-05-21 00:48:07,164] {dagbag.py:500} INFO - Filling up the DagBag from /home/airflow/.local/lib/python3.8/site-packages/airflow/example_dags/example_dag_decorator.py
[2022-05-21 00:48:07,199] {processor.py:654} INFO - DAG(s) dict_keys(['example_dag_decorator']) retrieved from /home/airflow/.local/lib/python3.8/site-packages/airflow/example_dags/example_dag_decorator.py
[2022-05-21 00:48:07,512] {logging_mixin.py:109} INFO - [2022-05-21 00:48:07,512] {dag.py:2398} INFO - Sync 1 DAGs
[2022-05-21 00:48:07,524] {logging_mixin.py:109} INFO - [2022-05-21 00:48:07,523] {dag.py:2937} INFO - Setting next_dagrun for example_dag_decorator to None
[2022-05-21 00:48:07,544] {processor.py:171} INFO - Processing /home/airflow/.local/lib/python3.8/site-packages/airflow/example_dags/example_dag_decorator.py took 0.384 seconds
[2022-05-21 00:48:38,111] {processor.py:163} INFO - Started process (PID=18177) to work on /home/airflow/.local/lib/python3.8/site-packages/airflow/example_dags/example_dag_decorator.py
[2022-05-21 00:48:38,112] {processor.py:642} INFO - Processing file /home/airflow/.local/lib/python3.8/site-packages/airflow/example_dags/example_dag_decorator.py for tasks to queue
[2022-05-21 00:48:38,112] {logging_mixin.py:109} INFO - [2022-05-21 00:48:38,112] {dagbag.py:500} INFO - Filling up the DagBag from /home/airflow/.local/lib/python3.8/site-packages/airflow/example_dags/example_dag_decorator.py
[2022-05-21 00:48:38,143] {processor.py:654} INFO - DAG(s) dict_keys(['example_dag_decorator']) retrieved from /home/airflow/.local/lib/python3.8/site-packages/airflow/example_dags/example_dag_decorator.py
[2022-05-21 00:48:38,374] {logging_mixin.py:109} INFO - [2022-05-21 00:48:38,374] {dag.py:2398} INFO - Sync 1 DAGs
[2022-05-21 00:48:38,384] {logging_mixin.py:109} INFO - [2022-05-21 00:48:38,384] {dag.py:2937} INFO - Setting next_dagrun for example_dag_decorator to None
[2022-05-21 00:48:38,393] {processor.py:171} INFO - Processing /home/airflow/.local/lib/python3.8/site-packages/airflow/example_dags/example_dag_decorator.py took 0.284 seconds
[2022-05-21 00:49:08,452] {processor.py:163} INFO - Started process (PID=18261) to work on /home/airflow/.local/lib/python3.8/site-packages/airflow/example_dags/example_dag_decorator.py
[2022-05-21 00:49:08,453] {processor.py:642} INFO - Processing file /home/airflow/.local/lib/python3.8/site-packages/airflow/example_dags/example_dag_decorator.py for tasks to queue
[2022-05-21 00:49:08,453] {logging_mixin.py:109} INFO - [2022-05-21 00:49:08,453] {dagbag.py:500} INFO - Filling up the DagBag from /home/airflow/.local/lib/python3.8/site-packages/airflow/example_dags/example_dag_decorator.py
[2022-05-21 00:49:08,491] {processor.py:654} INFO - DAG(s) dict_keys(['example_dag_decorator']) retrieved from /home/airflow/.local/lib/python3.8/site-packages/airflow/example_dags/example_dag_decorator.py
[2022-05-21 00:49:08,771] {logging_mixin.py:109} INFO - [2022-05-21 00:49:08,771] {dag.py:2398} INFO - Sync 1 DAGs
[2022-05-21 00:49:08,782] {logging_mixin.py:109} INFO - [2022-05-21 00:49:08,782] {dag.py:2937} INFO - Setting next_dagrun for example_dag_decorator to None
[2022-05-21 00:49:08,799] {processor.py:171} INFO - Processing /home/airflow/.local/lib/python3.8/site-packages/airflow/example_dags/example_dag_decorator.py took 0.350 seconds
[2022-05-21 00:49:39,570] {processor.py:163} INFO - Started process (PID=18354) to work on /home/airflow/.local/lib/python3.8/site-packages/airflow/example_dags/example_dag_decorator.py
[2022-05-21 00:49:39,574] {processor.py:642} INFO - Processing file /home/airflow/.local/lib/python3.8/site-packages/airflow/example_dags/example_dag_decorator.py for tasks to queue
[2022-05-21 00:49:39,575] {logging_mixin.py:109} INFO - [2022-05-21 00:49:39,574] {dagbag.py:500} INFO - Filling up the DagBag from /home/airflow/.local/lib/python3.8/site-packages/airflow/example_dags/example_dag_decorator.py
[2022-05-21 00:49:39,607] {processor.py:654} INFO - DAG(s) dict_keys(['example_dag_decorator']) retrieved from /home/airflow/.local/lib/python3.8/site-packages/airflow/example_dags/example_dag_decorator.py
[2022-05-21 00:49:39,892] {logging_mixin.py:109} INFO - [2022-05-21 00:49:39,892] {dag.py:2398} INFO - Sync 1 DAGs
[2022-05-21 00:49:39,907] {logging_mixin.py:109} INFO - [2022-05-21 00:49:39,907] {dag.py:2937} INFO - Setting next_dagrun for example_dag_decorator to None
[2022-05-21 00:49:39,921] {processor.py:171} INFO - Processing /home/airflow/.local/lib/python3.8/site-packages/airflow/example_dags/example_dag_decorator.py took 0.353 seconds
[2022-05-21 00:50:10,019] {processor.py:163} INFO - Started process (PID=18439) to work on /home/airflow/.local/lib/python3.8/site-packages/airflow/example_dags/example_dag_decorator.py
[2022-05-21 00:50:10,026] {processor.py:642} INFO - Processing file /home/airflow/.local/lib/python3.8/site-packages/airflow/example_dags/example_dag_decorator.py for tasks to queue
[2022-05-21 00:50:10,027] {logging_mixin.py:109} INFO - [2022-05-21 00:50:10,027] {dagbag.py:500} INFO - Filling up the DagBag from /home/airflow/.local/lib/python3.8/site-packages/airflow/example_dags/example_dag_decorator.py
[2022-05-21 00:50:10,117] {processor.py:654} INFO - DAG(s) dict_keys(['example_dag_decorator']) retrieved from /home/airflow/.local/lib/python3.8/site-packages/airflow/example_dags/example_dag_decorator.py
[2022-05-21 00:50:10,139] {logging_mixin.py:109} INFO - [2022-05-21 00:50:10,139] {dag.py:2398} INFO - Sync 1 DAGs
[2022-05-21 00:50:10,168] {logging_mixin.py:109} INFO - [2022-05-21 00:50:10,167] {dag.py:2937} INFO - Setting next_dagrun for example_dag_decorator to None
[2022-05-21 00:50:10,185] {processor.py:171} INFO - Processing /home/airflow/.local/lib/python3.8/site-packages/airflow/example_dags/example_dag_decorator.py took 0.169 seconds
[2022-05-21 00:50:41,092] {processor.py:163} INFO - Started process (PID=18523) to work on /home/airflow/.local/lib/python3.8/site-packages/airflow/example_dags/example_dag_decorator.py
[2022-05-21 00:50:41,104] {processor.py:642} INFO - Processing file /home/airflow/.local/lib/python3.8/site-packages/airflow/example_dags/example_dag_decorator.py for tasks to queue
[2022-05-21 00:50:41,104] {logging_mixin.py:109} INFO - [2022-05-21 00:50:41,104] {dagbag.py:500} INFO - Filling up the DagBag from /home/airflow/.local/lib/python3.8/site-packages/airflow/example_dags/example_dag_decorator.py
[2022-05-21 00:50:41,142] {processor.py:654} INFO - DAG(s) dict_keys(['example_dag_decorator']) retrieved from /home/airflow/.local/lib/python3.8/site-packages/airflow/example_dags/example_dag_decorator.py
[2022-05-21 00:50:41,456] {logging_mixin.py:109} INFO - [2022-05-21 00:50:41,456] {dag.py:2398} INFO - Sync 1 DAGs
[2022-05-21 00:50:41,470] {logging_mixin.py:109} INFO - [2022-05-21 00:50:41,470] {dag.py:2937} INFO - Setting next_dagrun for example_dag_decorator to None
[2022-05-21 00:50:41,483] {processor.py:171} INFO - Processing /home/airflow/.local/lib/python3.8/site-packages/airflow/example_dags/example_dag_decorator.py took 0.393 seconds
[2022-05-21 00:51:11,522] {processor.py:163} INFO - Started process (PID=18616) to work on /home/airflow/.local/lib/python3.8/site-packages/airflow/example_dags/example_dag_decorator.py
[2022-05-21 00:51:11,522] {processor.py:642} INFO - Processing file /home/airflow/.local/lib/python3.8/site-packages/airflow/example_dags/example_dag_decorator.py for tasks to queue
[2022-05-21 00:51:11,523] {logging_mixin.py:109} INFO - [2022-05-21 00:51:11,523] {dagbag.py:500} INFO - Filling up the DagBag from /home/airflow/.local/lib/python3.8/site-packages/airflow/example_dags/example_dag_decorator.py
[2022-05-21 00:51:11,558] {processor.py:654} INFO - DAG(s) dict_keys(['example_dag_decorator']) retrieved from /home/airflow/.local/lib/python3.8/site-packages/airflow/example_dags/example_dag_decorator.py
[2022-05-21 00:51:11,939] {logging_mixin.py:109} INFO - [2022-05-21 00:51:11,939] {dag.py:2398} INFO - Sync 1 DAGs
[2022-05-21 00:51:11,950] {logging_mixin.py:109} INFO - [2022-05-21 00:51:11,950] {dag.py:2937} INFO - Setting next_dagrun for example_dag_decorator to None
[2022-05-21 00:51:11,967] {processor.py:171} INFO - Processing /home/airflow/.local/lib/python3.8/site-packages/airflow/example_dags/example_dag_decorator.py took 0.448 seconds
[2022-05-21 00:51:42,627] {processor.py:163} INFO - Started process (PID=18701) to work on /home/airflow/.local/lib/python3.8/site-packages/airflow/example_dags/example_dag_decorator.py
[2022-05-21 00:51:42,634] {processor.py:642} INFO - Processing file /home/airflow/.local/lib/python3.8/site-packages/airflow/example_dags/example_dag_decorator.py for tasks to queue
[2022-05-21 00:51:42,635] {logging_mixin.py:109} INFO - [2022-05-21 00:51:42,635] {dagbag.py:500} INFO - Filling up the DagBag from /home/airflow/.local/lib/python3.8/site-packages/airflow/example_dags/example_dag_decorator.py
[2022-05-21 00:51:42,683] {processor.py:654} INFO - DAG(s) dict_keys(['example_dag_decorator']) retrieved from /home/airflow/.local/lib/python3.8/site-packages/airflow/example_dags/example_dag_decorator.py
[2022-05-21 00:51:42,958] {logging_mixin.py:109} INFO - [2022-05-21 00:51:42,958] {dag.py:2398} INFO - Sync 1 DAGs
[2022-05-21 00:51:42,970] {logging_mixin.py:109} INFO - [2022-05-21 00:51:42,970] {dag.py:2937} INFO - Setting next_dagrun for example_dag_decorator to None
[2022-05-21 00:51:42,987] {processor.py:171} INFO - Processing /home/airflow/.local/lib/python3.8/site-packages/airflow/example_dags/example_dag_decorator.py took 0.366 seconds
[2022-05-21 00:52:13,871] {processor.py:163} INFO - Started process (PID=18794) to work on /home/airflow/.local/lib/python3.8/site-packages/airflow/example_dags/example_dag_decorator.py
[2022-05-21 00:52:13,872] {processor.py:642} INFO - Processing file /home/airflow/.local/lib/python3.8/site-packages/airflow/example_dags/example_dag_decorator.py for tasks to queue
[2022-05-21 00:52:13,872] {logging_mixin.py:109} INFO - [2022-05-21 00:52:13,872] {dagbag.py:500} INFO - Filling up the DagBag from /home/airflow/.local/lib/python3.8/site-packages/airflow/example_dags/example_dag_decorator.py
[2022-05-21 00:52:13,909] {processor.py:654} INFO - DAG(s) dict_keys(['example_dag_decorator']) retrieved from /home/airflow/.local/lib/python3.8/site-packages/airflow/example_dags/example_dag_decorator.py
[2022-05-21 00:52:14,267] {logging_mixin.py:109} INFO - [2022-05-21 00:52:14,267] {dag.py:2398} INFO - Sync 1 DAGs
[2022-05-21 00:52:14,278] {logging_mixin.py:109} INFO - [2022-05-21 00:52:14,278] {dag.py:2937} INFO - Setting next_dagrun for example_dag_decorator to None
[2022-05-21 00:52:14,292] {processor.py:171} INFO - Processing /home/airflow/.local/lib/python3.8/site-packages/airflow/example_dags/example_dag_decorator.py took 0.423 seconds
[2022-05-21 00:52:44,916] {processor.py:163} INFO - Started process (PID=18879) to work on /home/airflow/.local/lib/python3.8/site-packages/airflow/example_dags/example_dag_decorator.py
[2022-05-21 00:52:44,917] {processor.py:642} INFO - Processing file /home/airflow/.local/lib/python3.8/site-packages/airflow/example_dags/example_dag_decorator.py for tasks to queue
[2022-05-21 00:52:44,918] {logging_mixin.py:109} INFO - [2022-05-21 00:52:44,917] {dagbag.py:500} INFO - Filling up the DagBag from /home/airflow/.local/lib/python3.8/site-packages/airflow/example_dags/example_dag_decorator.py
[2022-05-21 00:52:44,954] {processor.py:654} INFO - DAG(s) dict_keys(['example_dag_decorator']) retrieved from /home/airflow/.local/lib/python3.8/site-packages/airflow/example_dags/example_dag_decorator.py
[2022-05-21 00:52:45,256] {logging_mixin.py:109} INFO - [2022-05-21 00:52:45,256] {dag.py:2398} INFO - Sync 1 DAGs
[2022-05-21 00:52:45,273] {logging_mixin.py:109} INFO - [2022-05-21 00:52:45,273] {dag.py:2937} INFO - Setting next_dagrun for example_dag_decorator to None
[2022-05-21 00:52:45,293] {processor.py:171} INFO - Processing /home/airflow/.local/lib/python3.8/site-packages/airflow/example_dags/example_dag_decorator.py took 0.379 seconds
[2022-05-21 00:53:15,666] {processor.py:163} INFO - Started process (PID=19010) to work on /home/airflow/.local/lib/python3.8/site-packages/airflow/example_dags/example_dag_decorator.py
[2022-05-21 00:53:15,667] {processor.py:642} INFO - Processing file /home/airflow/.local/lib/python3.8/site-packages/airflow/example_dags/example_dag_decorator.py for tasks to queue
[2022-05-21 00:53:15,668] {logging_mixin.py:109} INFO - [2022-05-21 00:53:15,668] {dagbag.py:500} INFO - Filling up the DagBag from /home/airflow/.local/lib/python3.8/site-packages/airflow/example_dags/example_dag_decorator.py
[2022-05-21 00:53:15,719] {processor.py:654} INFO - DAG(s) dict_keys(['example_dag_decorator']) retrieved from /home/airflow/.local/lib/python3.8/site-packages/airflow/example_dags/example_dag_decorator.py
[2022-05-21 00:53:16,130] {logging_mixin.py:109} INFO - [2022-05-21 00:53:16,130] {dag.py:2398} INFO - Sync 1 DAGs
[2022-05-21 00:53:16,141] {logging_mixin.py:109} INFO - [2022-05-21 00:53:16,141] {dag.py:2937} INFO - Setting next_dagrun for example_dag_decorator to None
[2022-05-21 00:53:16,157] {processor.py:171} INFO - Processing /home/airflow/.local/lib/python3.8/site-packages/airflow/example_dags/example_dag_decorator.py took 0.494 seconds
[2022-05-21 00:53:46,313] {processor.py:163} INFO - Started process (PID=19095) to work on /home/airflow/.local/lib/python3.8/site-packages/airflow/example_dags/example_dag_decorator.py
[2022-05-21 00:53:46,314] {processor.py:642} INFO - Processing file /home/airflow/.local/lib/python3.8/site-packages/airflow/example_dags/example_dag_decorator.py for tasks to queue
[2022-05-21 00:53:46,315] {logging_mixin.py:109} INFO - [2022-05-21 00:53:46,315] {dagbag.py:500} INFO - Filling up the DagBag from /home/airflow/.local/lib/python3.8/site-packages/airflow/example_dags/example_dag_decorator.py
[2022-05-21 00:53:46,359] {processor.py:654} INFO - DAG(s) dict_keys(['example_dag_decorator']) retrieved from /home/airflow/.local/lib/python3.8/site-packages/airflow/example_dags/example_dag_decorator.py
[2022-05-21 00:53:46,692] {logging_mixin.py:109} INFO - [2022-05-21 00:53:46,692] {dag.py:2398} INFO - Sync 1 DAGs
[2022-05-21 00:53:46,704] {logging_mixin.py:109} INFO - [2022-05-21 00:53:46,704] {dag.py:2937} INFO - Setting next_dagrun for example_dag_decorator to None
[2022-05-21 00:53:46,723] {processor.py:171} INFO - Processing /home/airflow/.local/lib/python3.8/site-packages/airflow/example_dags/example_dag_decorator.py took 0.413 seconds
[2022-05-21 00:54:17,026] {processor.py:163} INFO - Started process (PID=19198) to work on /home/airflow/.local/lib/python3.8/site-packages/airflow/example_dags/example_dag_decorator.py
[2022-05-21 00:54:17,030] {processor.py:642} INFO - Processing file /home/airflow/.local/lib/python3.8/site-packages/airflow/example_dags/example_dag_decorator.py for tasks to queue
[2022-05-21 00:54:17,031] {logging_mixin.py:109} INFO - [2022-05-21 00:54:17,031] {dagbag.py:500} INFO - Filling up the DagBag from /home/airflow/.local/lib/python3.8/site-packages/airflow/example_dags/example_dag_decorator.py
[2022-05-21 00:54:17,066] {processor.py:654} INFO - DAG(s) dict_keys(['example_dag_decorator']) retrieved from /home/airflow/.local/lib/python3.8/site-packages/airflow/example_dags/example_dag_decorator.py
[2022-05-21 00:54:17,346] {logging_mixin.py:109} INFO - [2022-05-21 00:54:17,346] {dag.py:2398} INFO - Sync 1 DAGs
[2022-05-21 00:54:17,357] {logging_mixin.py:109} INFO - [2022-05-21 00:54:17,357] {dag.py:2937} INFO - Setting next_dagrun for example_dag_decorator to None
[2022-05-21 00:54:17,369] {processor.py:171} INFO - Processing /home/airflow/.local/lib/python3.8/site-packages/airflow/example_dags/example_dag_decorator.py took 0.346 seconds
[2022-05-21 00:54:47,920] {processor.py:163} INFO - Started process (PID=19291) to work on /home/airflow/.local/lib/python3.8/site-packages/airflow/example_dags/example_dag_decorator.py
[2022-05-21 00:54:47,921] {processor.py:642} INFO - Processing file /home/airflow/.local/lib/python3.8/site-packages/airflow/example_dags/example_dag_decorator.py for tasks to queue
[2022-05-21 00:54:47,922] {logging_mixin.py:109} INFO - [2022-05-21 00:54:47,922] {dagbag.py:500} INFO - Filling up the DagBag from /home/airflow/.local/lib/python3.8/site-packages/airflow/example_dags/example_dag_decorator.py
[2022-05-21 00:54:47,961] {processor.py:654} INFO - DAG(s) dict_keys(['example_dag_decorator']) retrieved from /home/airflow/.local/lib/python3.8/site-packages/airflow/example_dags/example_dag_decorator.py
[2022-05-21 00:54:48,252] {logging_mixin.py:109} INFO - [2022-05-21 00:54:48,252] {dag.py:2398} INFO - Sync 1 DAGs
[2022-05-21 00:54:48,263] {logging_mixin.py:109} INFO - [2022-05-21 00:54:48,263] {dag.py:2937} INFO - Setting next_dagrun for example_dag_decorator to None
[2022-05-21 00:54:48,276] {processor.py:171} INFO - Processing /home/airflow/.local/lib/python3.8/site-packages/airflow/example_dags/example_dag_decorator.py took 0.359 seconds
[2022-05-21 00:55:19,251] {processor.py:163} INFO - Started process (PID=19375) to work on /home/airflow/.local/lib/python3.8/site-packages/airflow/example_dags/example_dag_decorator.py
[2022-05-21 00:55:19,252] {processor.py:642} INFO - Processing file /home/airflow/.local/lib/python3.8/site-packages/airflow/example_dags/example_dag_decorator.py for tasks to queue
[2022-05-21 00:55:19,253] {logging_mixin.py:109} INFO - [2022-05-21 00:55:19,253] {dagbag.py:500} INFO - Filling up the DagBag from /home/airflow/.local/lib/python3.8/site-packages/airflow/example_dags/example_dag_decorator.py
[2022-05-21 00:55:19,302] {processor.py:654} INFO - DAG(s) dict_keys(['example_dag_decorator']) retrieved from /home/airflow/.local/lib/python3.8/site-packages/airflow/example_dags/example_dag_decorator.py
[2022-05-21 00:55:19,663] {logging_mixin.py:109} INFO - [2022-05-21 00:55:19,663] {dag.py:2398} INFO - Sync 1 DAGs
[2022-05-21 00:55:19,678] {logging_mixin.py:109} INFO - [2022-05-21 00:55:19,678] {dag.py:2937} INFO - Setting next_dagrun for example_dag_decorator to None
[2022-05-21 00:55:19,693] {processor.py:171} INFO - Processing /home/airflow/.local/lib/python3.8/site-packages/airflow/example_dags/example_dag_decorator.py took 0.445 seconds
[2022-05-21 00:55:50,216] {processor.py:163} INFO - Started process (PID=19469) to work on /home/airflow/.local/lib/python3.8/site-packages/airflow/example_dags/example_dag_decorator.py
[2022-05-21 00:55:50,217] {processor.py:642} INFO - Processing file /home/airflow/.local/lib/python3.8/site-packages/airflow/example_dags/example_dag_decorator.py for tasks to queue
[2022-05-21 00:55:50,217] {logging_mixin.py:109} INFO - [2022-05-21 00:55:50,217] {dagbag.py:500} INFO - Filling up the DagBag from /home/airflow/.local/lib/python3.8/site-packages/airflow/example_dags/example_dag_decorator.py
[2022-05-21 00:55:50,251] {processor.py:654} INFO - DAG(s) dict_keys(['example_dag_decorator']) retrieved from /home/airflow/.local/lib/python3.8/site-packages/airflow/example_dags/example_dag_decorator.py
[2022-05-21 00:55:50,518] {logging_mixin.py:109} INFO - [2022-05-21 00:55:50,518] {dag.py:2398} INFO - Sync 1 DAGs
[2022-05-21 00:55:50,529] {logging_mixin.py:109} INFO - [2022-05-21 00:55:50,529] {dag.py:2937} INFO - Setting next_dagrun for example_dag_decorator to None
[2022-05-21 00:55:50,546] {processor.py:171} INFO - Processing /home/airflow/.local/lib/python3.8/site-packages/airflow/example_dags/example_dag_decorator.py took 0.332 seconds
[2022-05-21 00:56:20,572] {processor.py:163} INFO - Started process (PID=19555) to work on /home/airflow/.local/lib/python3.8/site-packages/airflow/example_dags/example_dag_decorator.py
[2022-05-21 00:56:20,573] {processor.py:642} INFO - Processing file /home/airflow/.local/lib/python3.8/site-packages/airflow/example_dags/example_dag_decorator.py for tasks to queue
[2022-05-21 00:56:20,573] {logging_mixin.py:109} INFO - [2022-05-21 00:56:20,573] {dagbag.py:500} INFO - Filling up the DagBag from /home/airflow/.local/lib/python3.8/site-packages/airflow/example_dags/example_dag_decorator.py
[2022-05-21 00:56:20,619] {processor.py:654} INFO - DAG(s) dict_keys(['example_dag_decorator']) retrieved from /home/airflow/.local/lib/python3.8/site-packages/airflow/example_dags/example_dag_decorator.py
[2022-05-21 00:56:20,879] {logging_mixin.py:109} INFO - [2022-05-21 00:56:20,879] {dag.py:2398} INFO - Sync 1 DAGs
[2022-05-21 00:56:20,889] {logging_mixin.py:109} INFO - [2022-05-21 00:56:20,889] {dag.py:2937} INFO - Setting next_dagrun for example_dag_decorator to None
[2022-05-21 00:56:20,916] {processor.py:171} INFO - Processing /home/airflow/.local/lib/python3.8/site-packages/airflow/example_dags/example_dag_decorator.py took 0.347 seconds
[2022-05-21 00:56:51,721] {processor.py:163} INFO - Started process (PID=19639) to work on /home/airflow/.local/lib/python3.8/site-packages/airflow/example_dags/example_dag_decorator.py
[2022-05-21 00:56:51,722] {processor.py:642} INFO - Processing file /home/airflow/.local/lib/python3.8/site-packages/airflow/example_dags/example_dag_decorator.py for tasks to queue
[2022-05-21 00:56:51,722] {logging_mixin.py:109} INFO - [2022-05-21 00:56:51,722] {dagbag.py:500} INFO - Filling up the DagBag from /home/airflow/.local/lib/python3.8/site-packages/airflow/example_dags/example_dag_decorator.py
[2022-05-21 00:56:51,755] {processor.py:654} INFO - DAG(s) dict_keys(['example_dag_decorator']) retrieved from /home/airflow/.local/lib/python3.8/site-packages/airflow/example_dags/example_dag_decorator.py
[2022-05-21 00:56:52,020] {logging_mixin.py:109} INFO - [2022-05-21 00:56:52,020] {dag.py:2398} INFO - Sync 1 DAGs
[2022-05-21 00:56:52,032] {logging_mixin.py:109} INFO - [2022-05-21 00:56:52,032] {dag.py:2937} INFO - Setting next_dagrun for example_dag_decorator to None
[2022-05-21 00:56:52,053] {processor.py:171} INFO - Processing /home/airflow/.local/lib/python3.8/site-packages/airflow/example_dags/example_dag_decorator.py took 0.335 seconds
[2022-05-21 00:57:23,088] {processor.py:163} INFO - Started process (PID=19733) to work on /home/airflow/.local/lib/python3.8/site-packages/airflow/example_dags/example_dag_decorator.py
[2022-05-21 00:57:23,089] {processor.py:642} INFO - Processing file /home/airflow/.local/lib/python3.8/site-packages/airflow/example_dags/example_dag_decorator.py for tasks to queue
[2022-05-21 00:57:23,090] {logging_mixin.py:109} INFO - [2022-05-21 00:57:23,090] {dagbag.py:500} INFO - Filling up the DagBag from /home/airflow/.local/lib/python3.8/site-packages/airflow/example_dags/example_dag_decorator.py
[2022-05-21 00:57:23,123] {processor.py:654} INFO - DAG(s) dict_keys(['example_dag_decorator']) retrieved from /home/airflow/.local/lib/python3.8/site-packages/airflow/example_dags/example_dag_decorator.py
[2022-05-21 00:57:23,383] {logging_mixin.py:109} INFO - [2022-05-21 00:57:23,383] {dag.py:2398} INFO - Sync 1 DAGs
[2022-05-21 00:57:23,394] {logging_mixin.py:109} INFO - [2022-05-21 00:57:23,394] {dag.py:2937} INFO - Setting next_dagrun for example_dag_decorator to None
[2022-05-21 00:57:23,412] {processor.py:171} INFO - Processing /home/airflow/.local/lib/python3.8/site-packages/airflow/example_dags/example_dag_decorator.py took 0.325 seconds
[2022-05-21 00:57:54,364] {processor.py:163} INFO - Started process (PID=19819) to work on /home/airflow/.local/lib/python3.8/site-packages/airflow/example_dags/example_dag_decorator.py
[2022-05-21 00:57:54,366] {processor.py:642} INFO - Processing file /home/airflow/.local/lib/python3.8/site-packages/airflow/example_dags/example_dag_decorator.py for tasks to queue
[2022-05-21 00:57:54,366] {logging_mixin.py:109} INFO - [2022-05-21 00:57:54,366] {dagbag.py:500} INFO - Filling up the DagBag from /home/airflow/.local/lib/python3.8/site-packages/airflow/example_dags/example_dag_decorator.py
[2022-05-21 00:57:54,399] {processor.py:654} INFO - DAG(s) dict_keys(['example_dag_decorator']) retrieved from /home/airflow/.local/lib/python3.8/site-packages/airflow/example_dags/example_dag_decorator.py
[2022-05-21 00:57:54,677] {logging_mixin.py:109} INFO - [2022-05-21 00:57:54,677] {dag.py:2398} INFO - Sync 1 DAGs
[2022-05-21 00:57:54,687] {logging_mixin.py:109} INFO - [2022-05-21 00:57:54,687] {dag.py:2937} INFO - Setting next_dagrun for example_dag_decorator to None
[2022-05-21 00:57:54,707] {processor.py:171} INFO - Processing /home/airflow/.local/lib/python3.8/site-packages/airflow/example_dags/example_dag_decorator.py took 0.345 seconds
[2022-05-21 00:58:24,812] {processor.py:163} INFO - Started process (PID=19895) to work on /home/airflow/.local/lib/python3.8/site-packages/airflow/example_dags/example_dag_decorator.py
[2022-05-21 00:58:24,813] {processor.py:642} INFO - Processing file /home/airflow/.local/lib/python3.8/site-packages/airflow/example_dags/example_dag_decorator.py for tasks to queue
[2022-05-21 00:58:24,813] {logging_mixin.py:109} INFO - [2022-05-21 00:58:24,813] {dagbag.py:500} INFO - Filling up the DagBag from /home/airflow/.local/lib/python3.8/site-packages/airflow/example_dags/example_dag_decorator.py
[2022-05-21 00:58:24,849] {processor.py:654} INFO - DAG(s) dict_keys(['example_dag_decorator']) retrieved from /home/airflow/.local/lib/python3.8/site-packages/airflow/example_dags/example_dag_decorator.py
[2022-05-21 00:58:25,099] {logging_mixin.py:109} INFO - [2022-05-21 00:58:25,099] {dag.py:2398} INFO - Sync 1 DAGs
[2022-05-21 00:58:25,112] {logging_mixin.py:109} INFO - [2022-05-21 00:58:25,112] {dag.py:2937} INFO - Setting next_dagrun for example_dag_decorator to None
[2022-05-21 00:58:25,132] {processor.py:171} INFO - Processing /home/airflow/.local/lib/python3.8/site-packages/airflow/example_dags/example_dag_decorator.py took 0.322 seconds
[2022-05-21 00:58:55,152] {processor.py:163} INFO - Started process (PID=20017) to work on /home/airflow/.local/lib/python3.8/site-packages/airflow/example_dags/example_dag_decorator.py
[2022-05-21 00:58:55,153] {processor.py:642} INFO - Processing file /home/airflow/.local/lib/python3.8/site-packages/airflow/example_dags/example_dag_decorator.py for tasks to queue
[2022-05-21 00:58:55,153] {logging_mixin.py:109} INFO - [2022-05-21 00:58:55,153] {dagbag.py:500} INFO - Filling up the DagBag from /home/airflow/.local/lib/python3.8/site-packages/airflow/example_dags/example_dag_decorator.py
[2022-05-21 00:58:55,184] {processor.py:654} INFO - DAG(s) dict_keys(['example_dag_decorator']) retrieved from /home/airflow/.local/lib/python3.8/site-packages/airflow/example_dags/example_dag_decorator.py
[2022-05-21 00:58:55,424] {logging_mixin.py:109} INFO - [2022-05-21 00:58:55,424] {dag.py:2398} INFO - Sync 1 DAGs
[2022-05-21 00:58:55,433] {logging_mixin.py:109} INFO - [2022-05-21 00:58:55,433] {dag.py:2937} INFO - Setting next_dagrun for example_dag_decorator to None
[2022-05-21 00:58:55,443] {processor.py:171} INFO - Processing /home/airflow/.local/lib/python3.8/site-packages/airflow/example_dags/example_dag_decorator.py took 0.293 seconds
[2022-05-21 00:59:25,654] {processor.py:163} INFO - Started process (PID=20109) to work on /home/airflow/.local/lib/python3.8/site-packages/airflow/example_dags/example_dag_decorator.py
[2022-05-21 00:59:25,655] {processor.py:642} INFO - Processing file /home/airflow/.local/lib/python3.8/site-packages/airflow/example_dags/example_dag_decorator.py for tasks to queue
[2022-05-21 00:59:25,656] {logging_mixin.py:109} INFO - [2022-05-21 00:59:25,656] {dagbag.py:500} INFO - Filling up the DagBag from /home/airflow/.local/lib/python3.8/site-packages/airflow/example_dags/example_dag_decorator.py
[2022-05-21 00:59:25,694] {processor.py:654} INFO - DAG(s) dict_keys(['example_dag_decorator']) retrieved from /home/airflow/.local/lib/python3.8/site-packages/airflow/example_dags/example_dag_decorator.py
[2022-05-21 00:59:25,972] {logging_mixin.py:109} INFO - [2022-05-21 00:59:25,972] {dag.py:2398} INFO - Sync 1 DAGs
[2022-05-21 00:59:25,986] {logging_mixin.py:109} INFO - [2022-05-21 00:59:25,986] {dag.py:2937} INFO - Setting next_dagrun for example_dag_decorator to None
[2022-05-21 00:59:26,003] {processor.py:171} INFO - Processing /home/airflow/.local/lib/python3.8/site-packages/airflow/example_dags/example_dag_decorator.py took 0.351 seconds
[2022-05-21 00:59:56,085] {processor.py:163} INFO - Started process (PID=20197) to work on /home/airflow/.local/lib/python3.8/site-packages/airflow/example_dags/example_dag_decorator.py
[2022-05-21 00:59:56,086] {processor.py:642} INFO - Processing file /home/airflow/.local/lib/python3.8/site-packages/airflow/example_dags/example_dag_decorator.py for tasks to queue
[2022-05-21 00:59:56,087] {logging_mixin.py:109} INFO - [2022-05-21 00:59:56,087] {dagbag.py:500} INFO - Filling up the DagBag from /home/airflow/.local/lib/python3.8/site-packages/airflow/example_dags/example_dag_decorator.py
[2022-05-21 00:59:56,131] {processor.py:654} INFO - DAG(s) dict_keys(['example_dag_decorator']) retrieved from /home/airflow/.local/lib/python3.8/site-packages/airflow/example_dags/example_dag_decorator.py
[2022-05-21 00:59:56,434] {logging_mixin.py:109} INFO - [2022-05-21 00:59:56,434] {dag.py:2398} INFO - Sync 1 DAGs
[2022-05-21 00:59:56,448] {logging_mixin.py:109} INFO - [2022-05-21 00:59:56,448] {dag.py:2937} INFO - Setting next_dagrun for example_dag_decorator to None
[2022-05-21 00:59:56,461] {processor.py:171} INFO - Processing /home/airflow/.local/lib/python3.8/site-packages/airflow/example_dags/example_dag_decorator.py took 0.379 seconds
[2022-05-21 01:00:26,774] {processor.py:163} INFO - Started process (PID=20283) to work on /home/airflow/.local/lib/python3.8/site-packages/airflow/example_dags/example_dag_decorator.py
[2022-05-21 01:00:26,775] {processor.py:642} INFO - Processing file /home/airflow/.local/lib/python3.8/site-packages/airflow/example_dags/example_dag_decorator.py for tasks to queue
[2022-05-21 01:00:26,776] {logging_mixin.py:109} INFO - [2022-05-21 01:00:26,775] {dagbag.py:500} INFO - Filling up the DagBag from /home/airflow/.local/lib/python3.8/site-packages/airflow/example_dags/example_dag_decorator.py
[2022-05-21 01:00:26,807] {processor.py:654} INFO - DAG(s) dict_keys(['example_dag_decorator']) retrieved from /home/airflow/.local/lib/python3.8/site-packages/airflow/example_dags/example_dag_decorator.py
[2022-05-21 01:00:27,138] {logging_mixin.py:109} INFO - [2022-05-21 01:00:27,137] {dag.py:2398} INFO - Sync 1 DAGs
[2022-05-21 01:00:27,153] {logging_mixin.py:109} INFO - [2022-05-21 01:00:27,153] {dag.py:2937} INFO - Setting next_dagrun for example_dag_decorator to None
[2022-05-21 01:00:27,173] {processor.py:171} INFO - Processing /home/airflow/.local/lib/python3.8/site-packages/airflow/example_dags/example_dag_decorator.py took 0.401 seconds
[2022-05-21 01:00:57,284] {processor.py:163} INFO - Started process (PID=20373) to work on /home/airflow/.local/lib/python3.8/site-packages/airflow/example_dags/example_dag_decorator.py
[2022-05-21 01:00:57,285] {processor.py:642} INFO - Processing file /home/airflow/.local/lib/python3.8/site-packages/airflow/example_dags/example_dag_decorator.py for tasks to queue
[2022-05-21 01:00:57,286] {logging_mixin.py:109} INFO - [2022-05-21 01:00:57,286] {dagbag.py:500} INFO - Filling up the DagBag from /home/airflow/.local/lib/python3.8/site-packages/airflow/example_dags/example_dag_decorator.py
[2022-05-21 01:00:57,329] {processor.py:654} INFO - DAG(s) dict_keys(['example_dag_decorator']) retrieved from /home/airflow/.local/lib/python3.8/site-packages/airflow/example_dags/example_dag_decorator.py
[2022-05-21 01:00:57,636] {logging_mixin.py:109} INFO - [2022-05-21 01:00:57,635] {dag.py:2398} INFO - Sync 1 DAGs
[2022-05-21 01:00:57,651] {logging_mixin.py:109} INFO - [2022-05-21 01:00:57,650] {dag.py:2937} INFO - Setting next_dagrun for example_dag_decorator to None
[2022-05-21 01:00:57,663] {processor.py:171} INFO - Processing /home/airflow/.local/lib/python3.8/site-packages/airflow/example_dags/example_dag_decorator.py took 0.384 seconds
[2022-05-21 01:01:27,910] {processor.py:163} INFO - Started process (PID=20458) to work on /home/airflow/.local/lib/python3.8/site-packages/airflow/example_dags/example_dag_decorator.py
[2022-05-21 01:01:27,911] {processor.py:642} INFO - Processing file /home/airflow/.local/lib/python3.8/site-packages/airflow/example_dags/example_dag_decorator.py for tasks to queue
[2022-05-21 01:01:27,911] {logging_mixin.py:109} INFO - [2022-05-21 01:01:27,911] {dagbag.py:500} INFO - Filling up the DagBag from /home/airflow/.local/lib/python3.8/site-packages/airflow/example_dags/example_dag_decorator.py
[2022-05-21 01:01:27,948] {processor.py:654} INFO - DAG(s) dict_keys(['example_dag_decorator']) retrieved from /home/airflow/.local/lib/python3.8/site-packages/airflow/example_dags/example_dag_decorator.py
[2022-05-21 01:01:28,306] {logging_mixin.py:109} INFO - [2022-05-21 01:01:28,306] {dag.py:2398} INFO - Sync 1 DAGs
[2022-05-21 01:01:28,319] {logging_mixin.py:109} INFO - [2022-05-21 01:01:28,319] {dag.py:2937} INFO - Setting next_dagrun for example_dag_decorator to None
[2022-05-21 01:01:28,330] {processor.py:171} INFO - Processing /home/airflow/.local/lib/python3.8/site-packages/airflow/example_dags/example_dag_decorator.py took 0.423 seconds
[2022-05-21 01:01:58,406] {processor.py:163} INFO - Started process (PID=20552) to work on /home/airflow/.local/lib/python3.8/site-packages/airflow/example_dags/example_dag_decorator.py
[2022-05-21 01:01:58,407] {processor.py:642} INFO - Processing file /home/airflow/.local/lib/python3.8/site-packages/airflow/example_dags/example_dag_decorator.py for tasks to queue
[2022-05-21 01:01:58,408] {logging_mixin.py:109} INFO - [2022-05-21 01:01:58,408] {dagbag.py:500} INFO - Filling up the DagBag from /home/airflow/.local/lib/python3.8/site-packages/airflow/example_dags/example_dag_decorator.py
[2022-05-21 01:01:58,450] {processor.py:654} INFO - DAG(s) dict_keys(['example_dag_decorator']) retrieved from /home/airflow/.local/lib/python3.8/site-packages/airflow/example_dags/example_dag_decorator.py
[2022-05-21 01:01:58,734] {logging_mixin.py:109} INFO - [2022-05-21 01:01:58,734] {dag.py:2398} INFO - Sync 1 DAGs
[2022-05-21 01:01:58,744] {logging_mixin.py:109} INFO - [2022-05-21 01:01:58,744] {dag.py:2937} INFO - Setting next_dagrun for example_dag_decorator to None
[2022-05-21 01:01:58,763] {processor.py:171} INFO - Processing /home/airflow/.local/lib/python3.8/site-packages/airflow/example_dags/example_dag_decorator.py took 0.361 seconds
[2022-05-21 01:02:28,816] {processor.py:163} INFO - Started process (PID=20638) to work on /home/airflow/.local/lib/python3.8/site-packages/airflow/example_dags/example_dag_decorator.py
[2022-05-21 01:02:28,816] {processor.py:642} INFO - Processing file /home/airflow/.local/lib/python3.8/site-packages/airflow/example_dags/example_dag_decorator.py for tasks to queue
[2022-05-21 01:02:28,817] {logging_mixin.py:109} INFO - [2022-05-21 01:02:28,817] {dagbag.py:500} INFO - Filling up the DagBag from /home/airflow/.local/lib/python3.8/site-packages/airflow/example_dags/example_dag_decorator.py
[2022-05-21 01:02:28,864] {processor.py:654} INFO - DAG(s) dict_keys(['example_dag_decorator']) retrieved from /home/airflow/.local/lib/python3.8/site-packages/airflow/example_dags/example_dag_decorator.py
[2022-05-21 01:02:28,873] {logging_mixin.py:109} INFO - [2022-05-21 01:02:28,873] {dag.py:2398} INFO - Sync 1 DAGs
[2022-05-21 01:02:28,887] {logging_mixin.py:109} INFO - [2022-05-21 01:02:28,886] {dag.py:2937} INFO - Setting next_dagrun for example_dag_decorator to None
[2022-05-21 01:02:28,897] {processor.py:171} INFO - Processing /home/airflow/.local/lib/python3.8/site-packages/airflow/example_dags/example_dag_decorator.py took 0.086 seconds
