[2022-05-21 00:00:02,168] {processor.py:163} INFO - Started process (PID=13763) to work on /home/airflow/.local/lib/python3.8/site-packages/airflow/example_dags/example_bash_operator.py
[2022-05-21 00:00:02,169] {processor.py:642} INFO - Processing file /home/airflow/.local/lib/python3.8/site-packages/airflow/example_dags/example_bash_operator.py for tasks to queue
[2022-05-21 00:00:02,170] {logging_mixin.py:109} INFO - [2022-05-21 00:00:02,170] {dagbag.py:500} INFO - Filling up the DagBag from /home/airflow/.local/lib/python3.8/site-packages/airflow/example_dags/example_bash_operator.py
[2022-05-21 00:00:02,199] {processor.py:654} INFO - DAG(s) dict_keys(['example_bash_operator']) retrieved from /home/airflow/.local/lib/python3.8/site-packages/airflow/example_dags/example_bash_operator.py
[2022-05-21 00:00:02,208] {logging_mixin.py:109} INFO - [2022-05-21 00:00:02,208] {dag.py:2398} INFO - Sync 1 DAGs
[2022-05-21 00:00:02,225] {logging_mixin.py:109} INFO - [2022-05-21 00:00:02,224] {dag.py:2937} INFO - Setting next_dagrun for example_bash_operator to 2022-05-20 00:00:00+00:00
[2022-05-21 00:00:02,235] {processor.py:171} INFO - Processing /home/airflow/.local/lib/python3.8/site-packages/airflow/example_dags/example_bash_operator.py took 0.068 seconds
[2022-05-21 00:00:33,224] {processor.py:163} INFO - Started process (PID=13857) to work on /home/airflow/.local/lib/python3.8/site-packages/airflow/example_dags/example_bash_operator.py
[2022-05-21 00:00:33,225] {processor.py:642} INFO - Processing file /home/airflow/.local/lib/python3.8/site-packages/airflow/example_dags/example_bash_operator.py for tasks to queue
[2022-05-21 00:00:33,225] {logging_mixin.py:109} INFO - [2022-05-21 00:00:33,225] {dagbag.py:500} INFO - Filling up the DagBag from /home/airflow/.local/lib/python3.8/site-packages/airflow/example_dags/example_bash_operator.py
[2022-05-21 00:00:33,253] {processor.py:654} INFO - DAG(s) dict_keys(['example_bash_operator']) retrieved from /home/airflow/.local/lib/python3.8/site-packages/airflow/example_dags/example_bash_operator.py
[2022-05-21 00:00:33,261] {logging_mixin.py:109} INFO - [2022-05-21 00:00:33,261] {dag.py:2398} INFO - Sync 1 DAGs
[2022-05-21 00:00:33,274] {logging_mixin.py:109} INFO - [2022-05-21 00:00:33,274] {dag.py:2937} INFO - Setting next_dagrun for example_bash_operator to 2022-05-20 00:00:00+00:00
[2022-05-21 00:00:33,288] {processor.py:171} INFO - Processing /home/airflow/.local/lib/python3.8/site-packages/airflow/example_dags/example_bash_operator.py took 0.066 seconds
[2022-05-21 00:01:04,457] {processor.py:163} INFO - Started process (PID=13942) to work on /home/airflow/.local/lib/python3.8/site-packages/airflow/example_dags/example_bash_operator.py
[2022-05-21 00:01:04,458] {processor.py:642} INFO - Processing file /home/airflow/.local/lib/python3.8/site-packages/airflow/example_dags/example_bash_operator.py for tasks to queue
[2022-05-21 00:01:04,459] {logging_mixin.py:109} INFO - [2022-05-21 00:01:04,459] {dagbag.py:500} INFO - Filling up the DagBag from /home/airflow/.local/lib/python3.8/site-packages/airflow/example_dags/example_bash_operator.py
[2022-05-21 00:01:04,485] {processor.py:654} INFO - DAG(s) dict_keys(['example_bash_operator']) retrieved from /home/airflow/.local/lib/python3.8/site-packages/airflow/example_dags/example_bash_operator.py
[2022-05-21 00:01:04,493] {logging_mixin.py:109} INFO - [2022-05-21 00:01:04,493] {dag.py:2398} INFO - Sync 1 DAGs
[2022-05-21 00:01:04,506] {logging_mixin.py:109} INFO - [2022-05-21 00:01:04,506] {dag.py:2937} INFO - Setting next_dagrun for example_bash_operator to 2022-05-20 00:00:00+00:00
[2022-05-21 00:01:04,517] {processor.py:171} INFO - Processing /home/airflow/.local/lib/python3.8/site-packages/airflow/example_dags/example_bash_operator.py took 0.061 seconds
[2022-05-21 00:01:35,716] {processor.py:163} INFO - Started process (PID=14035) to work on /home/airflow/.local/lib/python3.8/site-packages/airflow/example_dags/example_bash_operator.py
[2022-05-21 00:01:35,717] {processor.py:642} INFO - Processing file /home/airflow/.local/lib/python3.8/site-packages/airflow/example_dags/example_bash_operator.py for tasks to queue
[2022-05-21 00:01:35,718] {logging_mixin.py:109} INFO - [2022-05-21 00:01:35,718] {dagbag.py:500} INFO - Filling up the DagBag from /home/airflow/.local/lib/python3.8/site-packages/airflow/example_dags/example_bash_operator.py
[2022-05-21 00:01:35,746] {processor.py:654} INFO - DAG(s) dict_keys(['example_bash_operator']) retrieved from /home/airflow/.local/lib/python3.8/site-packages/airflow/example_dags/example_bash_operator.py
[2022-05-21 00:01:35,755] {logging_mixin.py:109} INFO - [2022-05-21 00:01:35,755] {dag.py:2398} INFO - Sync 1 DAGs
[2022-05-21 00:01:35,769] {logging_mixin.py:109} INFO - [2022-05-21 00:01:35,769] {dag.py:2937} INFO - Setting next_dagrun for example_bash_operator to 2022-05-20 00:00:00+00:00
[2022-05-21 00:01:35,779] {processor.py:171} INFO - Processing /home/airflow/.local/lib/python3.8/site-packages/airflow/example_dags/example_bash_operator.py took 0.065 seconds
[2022-05-21 00:02:06,723] {processor.py:163} INFO - Started process (PID=14119) to work on /home/airflow/.local/lib/python3.8/site-packages/airflow/example_dags/example_bash_operator.py
[2022-05-21 00:02:06,724] {processor.py:642} INFO - Processing file /home/airflow/.local/lib/python3.8/site-packages/airflow/example_dags/example_bash_operator.py for tasks to queue
[2022-05-21 00:02:06,725] {logging_mixin.py:109} INFO - [2022-05-21 00:02:06,725] {dagbag.py:500} INFO - Filling up the DagBag from /home/airflow/.local/lib/python3.8/site-packages/airflow/example_dags/example_bash_operator.py
[2022-05-21 00:02:06,753] {processor.py:654} INFO - DAG(s) dict_keys(['example_bash_operator']) retrieved from /home/airflow/.local/lib/python3.8/site-packages/airflow/example_dags/example_bash_operator.py
[2022-05-21 00:02:06,762] {logging_mixin.py:109} INFO - [2022-05-21 00:02:06,762] {dag.py:2398} INFO - Sync 1 DAGs
[2022-05-21 00:02:06,778] {logging_mixin.py:109} INFO - [2022-05-21 00:02:06,778] {dag.py:2937} INFO - Setting next_dagrun for example_bash_operator to 2022-05-20 00:00:00+00:00
[2022-05-21 00:02:06,797] {processor.py:171} INFO - Processing /home/airflow/.local/lib/python3.8/site-packages/airflow/example_dags/example_bash_operator.py took 0.076 seconds
[2022-05-21 00:02:37,774] {processor.py:163} INFO - Started process (PID=14211) to work on /home/airflow/.local/lib/python3.8/site-packages/airflow/example_dags/example_bash_operator.py
[2022-05-21 00:02:37,775] {processor.py:642} INFO - Processing file /home/airflow/.local/lib/python3.8/site-packages/airflow/example_dags/example_bash_operator.py for tasks to queue
[2022-05-21 00:02:37,775] {logging_mixin.py:109} INFO - [2022-05-21 00:02:37,775] {dagbag.py:500} INFO - Filling up the DagBag from /home/airflow/.local/lib/python3.8/site-packages/airflow/example_dags/example_bash_operator.py
[2022-05-21 00:02:37,801] {processor.py:654} INFO - DAG(s) dict_keys(['example_bash_operator']) retrieved from /home/airflow/.local/lib/python3.8/site-packages/airflow/example_dags/example_bash_operator.py
[2022-05-21 00:02:37,810] {logging_mixin.py:109} INFO - [2022-05-21 00:02:37,810] {dag.py:2398} INFO - Sync 1 DAGs
[2022-05-21 00:02:37,826] {logging_mixin.py:109} INFO - [2022-05-21 00:02:37,826] {dag.py:2937} INFO - Setting next_dagrun for example_bash_operator to 2022-05-20 00:00:00+00:00
[2022-05-21 00:02:37,835] {processor.py:171} INFO - Processing /home/airflow/.local/lib/python3.8/site-packages/airflow/example_dags/example_bash_operator.py took 0.063 seconds
[2022-05-21 00:03:08,423] {processor.py:163} INFO - Started process (PID=14302) to work on /home/airflow/.local/lib/python3.8/site-packages/airflow/example_dags/example_bash_operator.py
[2022-05-21 00:03:08,425] {processor.py:642} INFO - Processing file /home/airflow/.local/lib/python3.8/site-packages/airflow/example_dags/example_bash_operator.py for tasks to queue
[2022-05-21 00:03:08,426] {logging_mixin.py:109} INFO - [2022-05-21 00:03:08,426] {dagbag.py:500} INFO - Filling up the DagBag from /home/airflow/.local/lib/python3.8/site-packages/airflow/example_dags/example_bash_operator.py
[2022-05-21 00:03:08,454] {processor.py:654} INFO - DAG(s) dict_keys(['example_bash_operator']) retrieved from /home/airflow/.local/lib/python3.8/site-packages/airflow/example_dags/example_bash_operator.py
[2022-05-21 00:03:08,465] {logging_mixin.py:109} INFO - [2022-05-21 00:03:08,465] {dag.py:2398} INFO - Sync 1 DAGs
[2022-05-21 00:03:08,479] {logging_mixin.py:109} INFO - [2022-05-21 00:03:08,479] {dag.py:2937} INFO - Setting next_dagrun for example_bash_operator to 2022-05-20 00:00:00+00:00
[2022-05-21 00:03:08,490] {processor.py:171} INFO - Processing /home/airflow/.local/lib/python3.8/site-packages/airflow/example_dags/example_bash_operator.py took 0.068 seconds
[2022-05-21 00:03:38,539] {processor.py:163} INFO - Started process (PID=14370) to work on /home/airflow/.local/lib/python3.8/site-packages/airflow/example_dags/example_bash_operator.py
[2022-05-21 00:03:38,540] {processor.py:642} INFO - Processing file /home/airflow/.local/lib/python3.8/site-packages/airflow/example_dags/example_bash_operator.py for tasks to queue
[2022-05-21 00:03:38,541] {logging_mixin.py:109} INFO - [2022-05-21 00:03:38,541] {dagbag.py:500} INFO - Filling up the DagBag from /home/airflow/.local/lib/python3.8/site-packages/airflow/example_dags/example_bash_operator.py
[2022-05-21 00:03:38,572] {processor.py:654} INFO - DAG(s) dict_keys(['example_bash_operator']) retrieved from /home/airflow/.local/lib/python3.8/site-packages/airflow/example_dags/example_bash_operator.py
[2022-05-21 00:03:38,581] {logging_mixin.py:109} INFO - [2022-05-21 00:03:38,581] {dag.py:2398} INFO - Sync 1 DAGs
[2022-05-21 00:03:38,595] {logging_mixin.py:109} INFO - [2022-05-21 00:03:38,595] {dag.py:2937} INFO - Setting next_dagrun for example_bash_operator to 2022-05-20 00:00:00+00:00
[2022-05-21 00:03:38,603] {processor.py:171} INFO - Processing /home/airflow/.local/lib/python3.8/site-packages/airflow/example_dags/example_bash_operator.py took 0.067 seconds
[2022-05-21 00:04:08,661] {processor.py:163} INFO - Started process (PID=14437) to work on /home/airflow/.local/lib/python3.8/site-packages/airflow/example_dags/example_bash_operator.py
[2022-05-21 00:04:08,662] {processor.py:642} INFO - Processing file /home/airflow/.local/lib/python3.8/site-packages/airflow/example_dags/example_bash_operator.py for tasks to queue
[2022-05-21 00:04:08,662] {logging_mixin.py:109} INFO - [2022-05-21 00:04:08,662] {dagbag.py:500} INFO - Filling up the DagBag from /home/airflow/.local/lib/python3.8/site-packages/airflow/example_dags/example_bash_operator.py
[2022-05-21 00:04:08,688] {processor.py:654} INFO - DAG(s) dict_keys(['example_bash_operator']) retrieved from /home/airflow/.local/lib/python3.8/site-packages/airflow/example_dags/example_bash_operator.py
[2022-05-21 00:04:08,696] {logging_mixin.py:109} INFO - [2022-05-21 00:04:08,696] {dag.py:2398} INFO - Sync 1 DAGs
[2022-05-21 00:04:08,709] {logging_mixin.py:109} INFO - [2022-05-21 00:04:08,709] {dag.py:2937} INFO - Setting next_dagrun for example_bash_operator to 2022-05-20 00:00:00+00:00
[2022-05-21 00:04:08,719] {processor.py:171} INFO - Processing /home/airflow/.local/lib/python3.8/site-packages/airflow/example_dags/example_bash_operator.py took 0.060 seconds
[2022-05-21 00:04:38,818] {processor.py:163} INFO - Started process (PID=14530) to work on /home/airflow/.local/lib/python3.8/site-packages/airflow/example_dags/example_bash_operator.py
[2022-05-21 00:04:38,818] {processor.py:642} INFO - Processing file /home/airflow/.local/lib/python3.8/site-packages/airflow/example_dags/example_bash_operator.py for tasks to queue
[2022-05-21 00:04:38,819] {logging_mixin.py:109} INFO - [2022-05-21 00:04:38,819] {dagbag.py:500} INFO - Filling up the DagBag from /home/airflow/.local/lib/python3.8/site-packages/airflow/example_dags/example_bash_operator.py
[2022-05-21 00:04:38,850] {processor.py:654} INFO - DAG(s) dict_keys(['example_bash_operator']) retrieved from /home/airflow/.local/lib/python3.8/site-packages/airflow/example_dags/example_bash_operator.py
[2022-05-21 00:04:38,861] {logging_mixin.py:109} INFO - [2022-05-21 00:04:38,861] {dag.py:2398} INFO - Sync 1 DAGs
[2022-05-21 00:04:38,877] {logging_mixin.py:109} INFO - [2022-05-21 00:04:38,876] {dag.py:2937} INFO - Setting next_dagrun for example_bash_operator to 2022-05-20 00:00:00+00:00
[2022-05-21 00:04:38,886] {processor.py:171} INFO - Processing /home/airflow/.local/lib/python3.8/site-packages/airflow/example_dags/example_bash_operator.py took 0.071 seconds
[2022-05-21 00:05:09,660] {processor.py:163} INFO - Started process (PID=14616) to work on /home/airflow/.local/lib/python3.8/site-packages/airflow/example_dags/example_bash_operator.py
[2022-05-21 00:05:09,661] {processor.py:642} INFO - Processing file /home/airflow/.local/lib/python3.8/site-packages/airflow/example_dags/example_bash_operator.py for tasks to queue
[2022-05-21 00:05:09,662] {logging_mixin.py:109} INFO - [2022-05-21 00:05:09,662] {dagbag.py:500} INFO - Filling up the DagBag from /home/airflow/.local/lib/python3.8/site-packages/airflow/example_dags/example_bash_operator.py
[2022-05-21 00:05:09,689] {processor.py:654} INFO - DAG(s) dict_keys(['example_bash_operator']) retrieved from /home/airflow/.local/lib/python3.8/site-packages/airflow/example_dags/example_bash_operator.py
[2022-05-21 00:05:09,698] {logging_mixin.py:109} INFO - [2022-05-21 00:05:09,698] {dag.py:2398} INFO - Sync 1 DAGs
[2022-05-21 00:05:09,712] {logging_mixin.py:109} INFO - [2022-05-21 00:05:09,712] {dag.py:2937} INFO - Setting next_dagrun for example_bash_operator to 2022-05-20 00:00:00+00:00
[2022-05-21 00:05:09,721] {processor.py:171} INFO - Processing /home/airflow/.local/lib/python3.8/site-packages/airflow/example_dags/example_bash_operator.py took 0.063 seconds
[2022-05-21 00:05:40,156] {processor.py:163} INFO - Started process (PID=14709) to work on /home/airflow/.local/lib/python3.8/site-packages/airflow/example_dags/example_bash_operator.py
[2022-05-21 00:05:40,157] {processor.py:642} INFO - Processing file /home/airflow/.local/lib/python3.8/site-packages/airflow/example_dags/example_bash_operator.py for tasks to queue
[2022-05-21 00:05:40,158] {logging_mixin.py:109} INFO - [2022-05-21 00:05:40,157] {dagbag.py:500} INFO - Filling up the DagBag from /home/airflow/.local/lib/python3.8/site-packages/airflow/example_dags/example_bash_operator.py
[2022-05-21 00:05:40,184] {processor.py:654} INFO - DAG(s) dict_keys(['example_bash_operator']) retrieved from /home/airflow/.local/lib/python3.8/site-packages/airflow/example_dags/example_bash_operator.py
[2022-05-21 00:05:40,193] {logging_mixin.py:109} INFO - [2022-05-21 00:05:40,193] {dag.py:2398} INFO - Sync 1 DAGs
[2022-05-21 00:05:40,207] {logging_mixin.py:109} INFO - [2022-05-21 00:05:40,206] {dag.py:2937} INFO - Setting next_dagrun for example_bash_operator to 2022-05-20 00:00:00+00:00
[2022-05-21 00:05:40,217] {processor.py:171} INFO - Processing /home/airflow/.local/lib/python3.8/site-packages/airflow/example_dags/example_bash_operator.py took 0.062 seconds
[2022-05-21 00:06:11,151] {processor.py:163} INFO - Started process (PID=14794) to work on /home/airflow/.local/lib/python3.8/site-packages/airflow/example_dags/example_bash_operator.py
[2022-05-21 00:06:11,152] {processor.py:642} INFO - Processing file /home/airflow/.local/lib/python3.8/site-packages/airflow/example_dags/example_bash_operator.py for tasks to queue
[2022-05-21 00:06:11,152] {logging_mixin.py:109} INFO - [2022-05-21 00:06:11,152] {dagbag.py:500} INFO - Filling up the DagBag from /home/airflow/.local/lib/python3.8/site-packages/airflow/example_dags/example_bash_operator.py
[2022-05-21 00:06:11,182] {processor.py:654} INFO - DAG(s) dict_keys(['example_bash_operator']) retrieved from /home/airflow/.local/lib/python3.8/site-packages/airflow/example_dags/example_bash_operator.py
[2022-05-21 00:06:11,191] {logging_mixin.py:109} INFO - [2022-05-21 00:06:11,191] {dag.py:2398} INFO - Sync 1 DAGs
[2022-05-21 00:06:11,205] {logging_mixin.py:109} INFO - [2022-05-21 00:06:11,205] {dag.py:2937} INFO - Setting next_dagrun for example_bash_operator to 2022-05-20 00:00:00+00:00
[2022-05-21 00:06:11,214] {processor.py:171} INFO - Processing /home/airflow/.local/lib/python3.8/site-packages/airflow/example_dags/example_bash_operator.py took 0.066 seconds
[2022-05-21 00:06:41,691] {processor.py:163} INFO - Started process (PID=14889) to work on /home/airflow/.local/lib/python3.8/site-packages/airflow/example_dags/example_bash_operator.py
[2022-05-21 00:06:41,692] {processor.py:642} INFO - Processing file /home/airflow/.local/lib/python3.8/site-packages/airflow/example_dags/example_bash_operator.py for tasks to queue
[2022-05-21 00:06:41,693] {logging_mixin.py:109} INFO - [2022-05-21 00:06:41,693] {dagbag.py:500} INFO - Filling up the DagBag from /home/airflow/.local/lib/python3.8/site-packages/airflow/example_dags/example_bash_operator.py
[2022-05-21 00:06:41,723] {processor.py:654} INFO - DAG(s) dict_keys(['example_bash_operator']) retrieved from /home/airflow/.local/lib/python3.8/site-packages/airflow/example_dags/example_bash_operator.py
[2022-05-21 00:06:41,731] {logging_mixin.py:109} INFO - [2022-05-21 00:06:41,731] {dag.py:2398} INFO - Sync 1 DAGs
[2022-05-21 00:06:41,744] {logging_mixin.py:109} INFO - [2022-05-21 00:06:41,744] {dag.py:2937} INFO - Setting next_dagrun for example_bash_operator to 2022-05-20 00:00:00+00:00
[2022-05-21 00:06:41,754] {processor.py:171} INFO - Processing /home/airflow/.local/lib/python3.8/site-packages/airflow/example_dags/example_bash_operator.py took 0.065 seconds
[2022-05-21 00:07:12,602] {processor.py:163} INFO - Started process (PID=14974) to work on /home/airflow/.local/lib/python3.8/site-packages/airflow/example_dags/example_bash_operator.py
[2022-05-21 00:07:12,603] {processor.py:642} INFO - Processing file /home/airflow/.local/lib/python3.8/site-packages/airflow/example_dags/example_bash_operator.py for tasks to queue
[2022-05-21 00:07:12,604] {logging_mixin.py:109} INFO - [2022-05-21 00:07:12,604] {dagbag.py:500} INFO - Filling up the DagBag from /home/airflow/.local/lib/python3.8/site-packages/airflow/example_dags/example_bash_operator.py
[2022-05-21 00:07:12,631] {processor.py:654} INFO - DAG(s) dict_keys(['example_bash_operator']) retrieved from /home/airflow/.local/lib/python3.8/site-packages/airflow/example_dags/example_bash_operator.py
[2022-05-21 00:07:12,642] {logging_mixin.py:109} INFO - [2022-05-21 00:07:12,642] {dag.py:2398} INFO - Sync 1 DAGs
[2022-05-21 00:07:12,655] {logging_mixin.py:109} INFO - [2022-05-21 00:07:12,655] {dag.py:2937} INFO - Setting next_dagrun for example_bash_operator to 2022-05-20 00:00:00+00:00
[2022-05-21 00:07:12,665] {processor.py:171} INFO - Processing /home/airflow/.local/lib/python3.8/site-packages/airflow/example_dags/example_bash_operator.py took 0.064 seconds
[2022-05-21 00:07:43,508] {processor.py:163} INFO - Started process (PID=15068) to work on /home/airflow/.local/lib/python3.8/site-packages/airflow/example_dags/example_bash_operator.py
[2022-05-21 00:07:43,509] {processor.py:642} INFO - Processing file /home/airflow/.local/lib/python3.8/site-packages/airflow/example_dags/example_bash_operator.py for tasks to queue
[2022-05-21 00:07:43,509] {logging_mixin.py:109} INFO - [2022-05-21 00:07:43,509] {dagbag.py:500} INFO - Filling up the DagBag from /home/airflow/.local/lib/python3.8/site-packages/airflow/example_dags/example_bash_operator.py
[2022-05-21 00:07:43,543] {processor.py:654} INFO - DAG(s) dict_keys(['example_bash_operator']) retrieved from /home/airflow/.local/lib/python3.8/site-packages/airflow/example_dags/example_bash_operator.py
[2022-05-21 00:07:43,554] {logging_mixin.py:109} INFO - [2022-05-21 00:07:43,554] {dag.py:2398} INFO - Sync 1 DAGs
[2022-05-21 00:07:43,571] {logging_mixin.py:109} INFO - [2022-05-21 00:07:43,571] {dag.py:2937} INFO - Setting next_dagrun for example_bash_operator to 2022-05-20 00:00:00+00:00
[2022-05-21 00:07:43,582] {processor.py:171} INFO - Processing /home/airflow/.local/lib/python3.8/site-packages/airflow/example_dags/example_bash_operator.py took 0.076 seconds
[2022-05-21 00:08:14,111] {processor.py:163} INFO - Started process (PID=15154) to work on /home/airflow/.local/lib/python3.8/site-packages/airflow/example_dags/example_bash_operator.py
[2022-05-21 00:08:14,112] {processor.py:642} INFO - Processing file /home/airflow/.local/lib/python3.8/site-packages/airflow/example_dags/example_bash_operator.py for tasks to queue
[2022-05-21 00:08:14,112] {logging_mixin.py:109} INFO - [2022-05-21 00:08:14,112] {dagbag.py:500} INFO - Filling up the DagBag from /home/airflow/.local/lib/python3.8/site-packages/airflow/example_dags/example_bash_operator.py
[2022-05-21 00:08:14,138] {processor.py:654} INFO - DAG(s) dict_keys(['example_bash_operator']) retrieved from /home/airflow/.local/lib/python3.8/site-packages/airflow/example_dags/example_bash_operator.py
[2022-05-21 00:08:14,147] {logging_mixin.py:109} INFO - [2022-05-21 00:08:14,147] {dag.py:2398} INFO - Sync 1 DAGs
[2022-05-21 00:08:14,160] {logging_mixin.py:109} INFO - [2022-05-21 00:08:14,160] {dag.py:2937} INFO - Setting next_dagrun for example_bash_operator to 2022-05-20 00:00:00+00:00
[2022-05-21 00:08:14,170] {processor.py:171} INFO - Processing /home/airflow/.local/lib/python3.8/site-packages/airflow/example_dags/example_bash_operator.py took 0.061 seconds
[2022-05-21 00:08:44,578] {processor.py:163} INFO - Started process (PID=15247) to work on /home/airflow/.local/lib/python3.8/site-packages/airflow/example_dags/example_bash_operator.py
[2022-05-21 00:08:44,579] {processor.py:642} INFO - Processing file /home/airflow/.local/lib/python3.8/site-packages/airflow/example_dags/example_bash_operator.py for tasks to queue
[2022-05-21 00:08:44,579] {logging_mixin.py:109} INFO - [2022-05-21 00:08:44,579] {dagbag.py:500} INFO - Filling up the DagBag from /home/airflow/.local/lib/python3.8/site-packages/airflow/example_dags/example_bash_operator.py
[2022-05-21 00:08:44,604] {processor.py:654} INFO - DAG(s) dict_keys(['example_bash_operator']) retrieved from /home/airflow/.local/lib/python3.8/site-packages/airflow/example_dags/example_bash_operator.py
[2022-05-21 00:08:44,613] {logging_mixin.py:109} INFO - [2022-05-21 00:08:44,613] {dag.py:2398} INFO - Sync 1 DAGs
[2022-05-21 00:08:44,628] {logging_mixin.py:109} INFO - [2022-05-21 00:08:44,628] {dag.py:2937} INFO - Setting next_dagrun for example_bash_operator to 2022-05-20 00:00:00+00:00
[2022-05-21 00:08:44,637] {processor.py:171} INFO - Processing /home/airflow/.local/lib/python3.8/site-packages/airflow/example_dags/example_bash_operator.py took 0.061 seconds
[2022-05-21 00:09:15,681] {processor.py:163} INFO - Started process (PID=15332) to work on /home/airflow/.local/lib/python3.8/site-packages/airflow/example_dags/example_bash_operator.py
[2022-05-21 00:09:15,682] {processor.py:642} INFO - Processing file /home/airflow/.local/lib/python3.8/site-packages/airflow/example_dags/example_bash_operator.py for tasks to queue
[2022-05-21 00:09:15,683] {logging_mixin.py:109} INFO - [2022-05-21 00:09:15,683] {dagbag.py:500} INFO - Filling up the DagBag from /home/airflow/.local/lib/python3.8/site-packages/airflow/example_dags/example_bash_operator.py
[2022-05-21 00:09:15,716] {processor.py:654} INFO - DAG(s) dict_keys(['example_bash_operator']) retrieved from /home/airflow/.local/lib/python3.8/site-packages/airflow/example_dags/example_bash_operator.py
[2022-05-21 00:09:15,728] {logging_mixin.py:109} INFO - [2022-05-21 00:09:15,728] {dag.py:2398} INFO - Sync 1 DAGs
[2022-05-21 00:09:15,743] {logging_mixin.py:109} INFO - [2022-05-21 00:09:15,743] {dag.py:2937} INFO - Setting next_dagrun for example_bash_operator to 2022-05-20 00:00:00+00:00
[2022-05-21 00:09:15,752] {processor.py:171} INFO - Processing /home/airflow/.local/lib/python3.8/site-packages/airflow/example_dags/example_bash_operator.py took 0.074 seconds
[2022-05-21 00:32:43,986] {processor.py:163} INFO - Started process (PID=15401) to work on /home/airflow/.local/lib/python3.8/site-packages/airflow/example_dags/example_bash_operator.py
[2022-05-21 00:32:43,987] {processor.py:642} INFO - Processing file /home/airflow/.local/lib/python3.8/site-packages/airflow/example_dags/example_bash_operator.py for tasks to queue
[2022-05-21 00:32:43,988] {logging_mixin.py:109} INFO - [2022-05-21 00:32:43,987] {dagbag.py:500} INFO - Filling up the DagBag from /home/airflow/.local/lib/python3.8/site-packages/airflow/example_dags/example_bash_operator.py
[2022-05-21 00:32:44,036] {processor.py:654} INFO - DAG(s) dict_keys(['example_bash_operator']) retrieved from /home/airflow/.local/lib/python3.8/site-packages/airflow/example_dags/example_bash_operator.py
[2022-05-21 00:32:44,045] {logging_mixin.py:109} INFO - [2022-05-21 00:32:44,045] {dag.py:2398} INFO - Sync 1 DAGs
[2022-05-21 00:32:44,059] {logging_mixin.py:109} INFO - [2022-05-21 00:32:44,059] {dag.py:2937} INFO - Setting next_dagrun for example_bash_operator to 2022-05-20 00:00:00+00:00
[2022-05-21 00:32:44,099] {processor.py:171} INFO - Processing /home/airflow/.local/lib/python3.8/site-packages/airflow/example_dags/example_bash_operator.py took 0.116 seconds
[2022-05-21 00:33:14,908] {processor.py:163} INFO - Started process (PID=15486) to work on /home/airflow/.local/lib/python3.8/site-packages/airflow/example_dags/example_bash_operator.py
[2022-05-21 00:33:14,909] {processor.py:642} INFO - Processing file /home/airflow/.local/lib/python3.8/site-packages/airflow/example_dags/example_bash_operator.py for tasks to queue
[2022-05-21 00:33:14,910] {logging_mixin.py:109} INFO - [2022-05-21 00:33:14,910] {dagbag.py:500} INFO - Filling up the DagBag from /home/airflow/.local/lib/python3.8/site-packages/airflow/example_dags/example_bash_operator.py
[2022-05-21 00:33:14,938] {processor.py:654} INFO - DAG(s) dict_keys(['example_bash_operator']) retrieved from /home/airflow/.local/lib/python3.8/site-packages/airflow/example_dags/example_bash_operator.py
[2022-05-21 00:33:14,947] {logging_mixin.py:109} INFO - [2022-05-21 00:33:14,947] {dag.py:2398} INFO - Sync 1 DAGs
[2022-05-21 00:33:14,959] {logging_mixin.py:109} INFO - [2022-05-21 00:33:14,959] {dag.py:2937} INFO - Setting next_dagrun for example_bash_operator to 2022-05-20 00:00:00+00:00
[2022-05-21 00:33:14,969] {processor.py:171} INFO - Processing /home/airflow/.local/lib/python3.8/site-packages/airflow/example_dags/example_bash_operator.py took 0.063 seconds
[2022-05-21 00:33:45,955] {processor.py:163} INFO - Started process (PID=15579) to work on /home/airflow/.local/lib/python3.8/site-packages/airflow/example_dags/example_bash_operator.py
[2022-05-21 00:33:45,956] {processor.py:642} INFO - Processing file /home/airflow/.local/lib/python3.8/site-packages/airflow/example_dags/example_bash_operator.py for tasks to queue
[2022-05-21 00:33:45,957] {logging_mixin.py:109} INFO - [2022-05-21 00:33:45,957] {dagbag.py:500} INFO - Filling up the DagBag from /home/airflow/.local/lib/python3.8/site-packages/airflow/example_dags/example_bash_operator.py
[2022-05-21 00:33:45,989] {processor.py:654} INFO - DAG(s) dict_keys(['example_bash_operator']) retrieved from /home/airflow/.local/lib/python3.8/site-packages/airflow/example_dags/example_bash_operator.py
[2022-05-21 00:33:46,000] {logging_mixin.py:109} INFO - [2022-05-21 00:33:46,000] {dag.py:2398} INFO - Sync 1 DAGs
[2022-05-21 00:33:46,013] {logging_mixin.py:109} INFO - [2022-05-21 00:33:46,013] {dag.py:2937} INFO - Setting next_dagrun for example_bash_operator to 2022-05-20 00:00:00+00:00
[2022-05-21 00:33:46,024] {processor.py:171} INFO - Processing /home/airflow/.local/lib/python3.8/site-packages/airflow/example_dags/example_bash_operator.py took 0.072 seconds
[2022-05-21 00:34:17,168] {processor.py:163} INFO - Started process (PID=15662) to work on /home/airflow/.local/lib/python3.8/site-packages/airflow/example_dags/example_bash_operator.py
[2022-05-21 00:34:17,170] {processor.py:642} INFO - Processing file /home/airflow/.local/lib/python3.8/site-packages/airflow/example_dags/example_bash_operator.py for tasks to queue
[2022-05-21 00:34:17,170] {logging_mixin.py:109} INFO - [2022-05-21 00:34:17,170] {dagbag.py:500} INFO - Filling up the DagBag from /home/airflow/.local/lib/python3.8/site-packages/airflow/example_dags/example_bash_operator.py
[2022-05-21 00:34:17,201] {processor.py:654} INFO - DAG(s) dict_keys(['example_bash_operator']) retrieved from /home/airflow/.local/lib/python3.8/site-packages/airflow/example_dags/example_bash_operator.py
[2022-05-21 00:34:17,210] {logging_mixin.py:109} INFO - [2022-05-21 00:34:17,210] {dag.py:2398} INFO - Sync 1 DAGs
[2022-05-21 00:34:17,224] {logging_mixin.py:109} INFO - [2022-05-21 00:34:17,224] {dag.py:2937} INFO - Setting next_dagrun for example_bash_operator to 2022-05-20 00:00:00+00:00
[2022-05-21 00:34:17,234] {processor.py:171} INFO - Processing /home/airflow/.local/lib/python3.8/site-packages/airflow/example_dags/example_bash_operator.py took 0.067 seconds
[2022-05-21 00:34:49,179] {processor.py:163} INFO - Started process (PID=15755) to work on /home/airflow/.local/lib/python3.8/site-packages/airflow/example_dags/example_bash_operator.py
[2022-05-21 00:34:49,180] {processor.py:642} INFO - Processing file /home/airflow/.local/lib/python3.8/site-packages/airflow/example_dags/example_bash_operator.py for tasks to queue
[2022-05-21 00:34:49,181] {logging_mixin.py:109} INFO - [2022-05-21 00:34:49,181] {dagbag.py:500} INFO - Filling up the DagBag from /home/airflow/.local/lib/python3.8/site-packages/airflow/example_dags/example_bash_operator.py
[2022-05-21 00:34:49,218] {processor.py:654} INFO - DAG(s) dict_keys(['example_bash_operator']) retrieved from /home/airflow/.local/lib/python3.8/site-packages/airflow/example_dags/example_bash_operator.py
[2022-05-21 00:34:49,229] {logging_mixin.py:109} INFO - [2022-05-21 00:34:49,228] {dag.py:2398} INFO - Sync 1 DAGs
[2022-05-21 00:34:49,243] {logging_mixin.py:109} INFO - [2022-05-21 00:34:49,243] {dag.py:2937} INFO - Setting next_dagrun for example_bash_operator to 2022-05-20 00:00:00+00:00
[2022-05-21 00:34:49,255] {processor.py:171} INFO - Processing /home/airflow/.local/lib/python3.8/site-packages/airflow/example_dags/example_bash_operator.py took 0.079 seconds
[2022-05-21 00:35:20,053] {processor.py:163} INFO - Started process (PID=15839) to work on /home/airflow/.local/lib/python3.8/site-packages/airflow/example_dags/example_bash_operator.py
[2022-05-21 00:35:20,054] {processor.py:642} INFO - Processing file /home/airflow/.local/lib/python3.8/site-packages/airflow/example_dags/example_bash_operator.py for tasks to queue
[2022-05-21 00:35:20,055] {logging_mixin.py:109} INFO - [2022-05-21 00:35:20,055] {dagbag.py:500} INFO - Filling up the DagBag from /home/airflow/.local/lib/python3.8/site-packages/airflow/example_dags/example_bash_operator.py
[2022-05-21 00:35:20,088] {processor.py:654} INFO - DAG(s) dict_keys(['example_bash_operator']) retrieved from /home/airflow/.local/lib/python3.8/site-packages/airflow/example_dags/example_bash_operator.py
[2022-05-21 00:35:20,098] {logging_mixin.py:109} INFO - [2022-05-21 00:35:20,097] {dag.py:2398} INFO - Sync 1 DAGs
[2022-05-21 00:35:20,112] {logging_mixin.py:109} INFO - [2022-05-21 00:35:20,112] {dag.py:2937} INFO - Setting next_dagrun for example_bash_operator to 2022-05-20 00:00:00+00:00
[2022-05-21 00:35:20,122] {processor.py:171} INFO - Processing /home/airflow/.local/lib/python3.8/site-packages/airflow/example_dags/example_bash_operator.py took 0.071 seconds
[2022-05-21 00:35:51,813] {processor.py:163} INFO - Started process (PID=15931) to work on /home/airflow/.local/lib/python3.8/site-packages/airflow/example_dags/example_bash_operator.py
[2022-05-21 00:35:51,814] {processor.py:642} INFO - Processing file /home/airflow/.local/lib/python3.8/site-packages/airflow/example_dags/example_bash_operator.py for tasks to queue
[2022-05-21 00:35:51,814] {logging_mixin.py:109} INFO - [2022-05-21 00:35:51,814] {dagbag.py:500} INFO - Filling up the DagBag from /home/airflow/.local/lib/python3.8/site-packages/airflow/example_dags/example_bash_operator.py
[2022-05-21 00:35:51,844] {processor.py:654} INFO - DAG(s) dict_keys(['example_bash_operator']) retrieved from /home/airflow/.local/lib/python3.8/site-packages/airflow/example_dags/example_bash_operator.py
[2022-05-21 00:35:51,857] {logging_mixin.py:109} INFO - [2022-05-21 00:35:51,856] {dag.py:2398} INFO - Sync 1 DAGs
[2022-05-21 00:35:51,872] {logging_mixin.py:109} INFO - [2022-05-21 00:35:51,872] {dag.py:2937} INFO - Setting next_dagrun for example_bash_operator to 2022-05-20 00:00:00+00:00
[2022-05-21 00:35:51,883] {processor.py:171} INFO - Processing /home/airflow/.local/lib/python3.8/site-packages/airflow/example_dags/example_bash_operator.py took 0.072 seconds
[2022-05-21 00:36:22,235] {processor.py:163} INFO - Started process (PID=16016) to work on /home/airflow/.local/lib/python3.8/site-packages/airflow/example_dags/example_bash_operator.py
[2022-05-21 00:36:22,236] {processor.py:642} INFO - Processing file /home/airflow/.local/lib/python3.8/site-packages/airflow/example_dags/example_bash_operator.py for tasks to queue
[2022-05-21 00:36:22,236] {logging_mixin.py:109} INFO - [2022-05-21 00:36:22,236] {dagbag.py:500} INFO - Filling up the DagBag from /home/airflow/.local/lib/python3.8/site-packages/airflow/example_dags/example_bash_operator.py
[2022-05-21 00:36:22,265] {processor.py:654} INFO - DAG(s) dict_keys(['example_bash_operator']) retrieved from /home/airflow/.local/lib/python3.8/site-packages/airflow/example_dags/example_bash_operator.py
[2022-05-21 00:36:22,274] {logging_mixin.py:109} INFO - [2022-05-21 00:36:22,274] {dag.py:2398} INFO - Sync 1 DAGs
[2022-05-21 00:36:22,287] {logging_mixin.py:109} INFO - [2022-05-21 00:36:22,287] {dag.py:2937} INFO - Setting next_dagrun for example_bash_operator to 2022-05-20 00:00:00+00:00
[2022-05-21 00:36:22,297] {processor.py:171} INFO - Processing /home/airflow/.local/lib/python3.8/site-packages/airflow/example_dags/example_bash_operator.py took 0.063 seconds
[2022-05-21 00:36:52,885] {processor.py:163} INFO - Started process (PID=16084) to work on /home/airflow/.local/lib/python3.8/site-packages/airflow/example_dags/example_bash_operator.py
[2022-05-21 00:36:52,886] {processor.py:642} INFO - Processing file /home/airflow/.local/lib/python3.8/site-packages/airflow/example_dags/example_bash_operator.py for tasks to queue
[2022-05-21 00:36:52,887] {logging_mixin.py:109} INFO - [2022-05-21 00:36:52,886] {dagbag.py:500} INFO - Filling up the DagBag from /home/airflow/.local/lib/python3.8/site-packages/airflow/example_dags/example_bash_operator.py
[2022-05-21 00:36:52,919] {processor.py:654} INFO - DAG(s) dict_keys(['example_bash_operator']) retrieved from /home/airflow/.local/lib/python3.8/site-packages/airflow/example_dags/example_bash_operator.py
[2022-05-21 00:36:52,930] {logging_mixin.py:109} INFO - [2022-05-21 00:36:52,930] {dag.py:2398} INFO - Sync 1 DAGs
[2022-05-21 00:36:52,944] {logging_mixin.py:109} INFO - [2022-05-21 00:36:52,944] {dag.py:2937} INFO - Setting next_dagrun for example_bash_operator to 2022-05-20 00:00:00+00:00
[2022-05-21 00:36:52,954] {processor.py:171} INFO - Processing /home/airflow/.local/lib/python3.8/site-packages/airflow/example_dags/example_bash_operator.py took 0.071 seconds
[2022-05-21 00:37:23,315] {processor.py:163} INFO - Started process (PID=16178) to work on /home/airflow/.local/lib/python3.8/site-packages/airflow/example_dags/example_bash_operator.py
[2022-05-21 00:37:23,316] {processor.py:642} INFO - Processing file /home/airflow/.local/lib/python3.8/site-packages/airflow/example_dags/example_bash_operator.py for tasks to queue
[2022-05-21 00:37:23,317] {logging_mixin.py:109} INFO - [2022-05-21 00:37:23,317] {dagbag.py:500} INFO - Filling up the DagBag from /home/airflow/.local/lib/python3.8/site-packages/airflow/example_dags/example_bash_operator.py
[2022-05-21 00:37:23,350] {processor.py:654} INFO - DAG(s) dict_keys(['example_bash_operator']) retrieved from /home/airflow/.local/lib/python3.8/site-packages/airflow/example_dags/example_bash_operator.py
[2022-05-21 00:37:23,363] {logging_mixin.py:109} INFO - [2022-05-21 00:37:23,363] {dag.py:2398} INFO - Sync 1 DAGs
[2022-05-21 00:37:23,382] {logging_mixin.py:109} INFO - [2022-05-21 00:37:23,382] {dag.py:2937} INFO - Setting next_dagrun for example_bash_operator to 2022-05-20 00:00:00+00:00
[2022-05-21 00:37:23,394] {processor.py:171} INFO - Processing /home/airflow/.local/lib/python3.8/site-packages/airflow/example_dags/example_bash_operator.py took 0.081 seconds
[2022-05-21 00:37:54,423] {processor.py:163} INFO - Started process (PID=16263) to work on /home/airflow/.local/lib/python3.8/site-packages/airflow/example_dags/example_bash_operator.py
[2022-05-21 00:37:54,424] {processor.py:642} INFO - Processing file /home/airflow/.local/lib/python3.8/site-packages/airflow/example_dags/example_bash_operator.py for tasks to queue
[2022-05-21 00:37:54,424] {logging_mixin.py:109} INFO - [2022-05-21 00:37:54,424] {dagbag.py:500} INFO - Filling up the DagBag from /home/airflow/.local/lib/python3.8/site-packages/airflow/example_dags/example_bash_operator.py
[2022-05-21 00:37:54,457] {processor.py:654} INFO - DAG(s) dict_keys(['example_bash_operator']) retrieved from /home/airflow/.local/lib/python3.8/site-packages/airflow/example_dags/example_bash_operator.py
[2022-05-21 00:37:54,466] {logging_mixin.py:109} INFO - [2022-05-21 00:37:54,466] {dag.py:2398} INFO - Sync 1 DAGs
[2022-05-21 00:37:54,482] {logging_mixin.py:109} INFO - [2022-05-21 00:37:54,482] {dag.py:2937} INFO - Setting next_dagrun for example_bash_operator to 2022-05-20 00:00:00+00:00
[2022-05-21 00:37:54,494] {processor.py:171} INFO - Processing /home/airflow/.local/lib/python3.8/site-packages/airflow/example_dags/example_bash_operator.py took 0.073 seconds
[2022-05-21 00:38:25,007] {processor.py:163} INFO - Started process (PID=16355) to work on /home/airflow/.local/lib/python3.8/site-packages/airflow/example_dags/example_bash_operator.py
[2022-05-21 00:38:25,007] {processor.py:642} INFO - Processing file /home/airflow/.local/lib/python3.8/site-packages/airflow/example_dags/example_bash_operator.py for tasks to queue
[2022-05-21 00:38:25,008] {logging_mixin.py:109} INFO - [2022-05-21 00:38:25,008] {dagbag.py:500} INFO - Filling up the DagBag from /home/airflow/.local/lib/python3.8/site-packages/airflow/example_dags/example_bash_operator.py
[2022-05-21 00:38:25,045] {processor.py:654} INFO - DAG(s) dict_keys(['example_bash_operator']) retrieved from /home/airflow/.local/lib/python3.8/site-packages/airflow/example_dags/example_bash_operator.py
[2022-05-21 00:38:25,058] {logging_mixin.py:109} INFO - [2022-05-21 00:38:25,057] {dag.py:2398} INFO - Sync 1 DAGs
[2022-05-21 00:38:25,077] {logging_mixin.py:109} INFO - [2022-05-21 00:38:25,077] {dag.py:2937} INFO - Setting next_dagrun for example_bash_operator to 2022-05-20 00:00:00+00:00
[2022-05-21 00:38:25,087] {processor.py:171} INFO - Processing /home/airflow/.local/lib/python3.8/site-packages/airflow/example_dags/example_bash_operator.py took 0.084 seconds
[2022-05-21 00:38:55,369] {processor.py:163} INFO - Started process (PID=16441) to work on /home/airflow/.local/lib/python3.8/site-packages/airflow/example_dags/example_bash_operator.py
[2022-05-21 00:38:55,371] {processor.py:642} INFO - Processing file /home/airflow/.local/lib/python3.8/site-packages/airflow/example_dags/example_bash_operator.py for tasks to queue
[2022-05-21 00:38:55,371] {logging_mixin.py:109} INFO - [2022-05-21 00:38:55,371] {dagbag.py:500} INFO - Filling up the DagBag from /home/airflow/.local/lib/python3.8/site-packages/airflow/example_dags/example_bash_operator.py
[2022-05-21 00:38:55,407] {processor.py:654} INFO - DAG(s) dict_keys(['example_bash_operator']) retrieved from /home/airflow/.local/lib/python3.8/site-packages/airflow/example_dags/example_bash_operator.py
[2022-05-21 00:38:55,418] {logging_mixin.py:109} INFO - [2022-05-21 00:38:55,418] {dag.py:2398} INFO - Sync 1 DAGs
[2022-05-21 00:38:55,433] {logging_mixin.py:109} INFO - [2022-05-21 00:38:55,433] {dag.py:2937} INFO - Setting next_dagrun for example_bash_operator to 2022-05-20 00:00:00+00:00
[2022-05-21 00:38:55,461] {processor.py:171} INFO - Processing /home/airflow/.local/lib/python3.8/site-packages/airflow/example_dags/example_bash_operator.py took 0.095 seconds
[2022-05-21 00:39:26,447] {processor.py:163} INFO - Started process (PID=16525) to work on /home/airflow/.local/lib/python3.8/site-packages/airflow/example_dags/example_bash_operator.py
[2022-05-21 00:39:26,447] {processor.py:642} INFO - Processing file /home/airflow/.local/lib/python3.8/site-packages/airflow/example_dags/example_bash_operator.py for tasks to queue
[2022-05-21 00:39:26,448] {logging_mixin.py:109} INFO - [2022-05-21 00:39:26,448] {dagbag.py:500} INFO - Filling up the DagBag from /home/airflow/.local/lib/python3.8/site-packages/airflow/example_dags/example_bash_operator.py
[2022-05-21 00:39:26,489] {processor.py:654} INFO - DAG(s) dict_keys(['example_bash_operator']) retrieved from /home/airflow/.local/lib/python3.8/site-packages/airflow/example_dags/example_bash_operator.py
[2022-05-21 00:39:26,499] {logging_mixin.py:109} INFO - [2022-05-21 00:39:26,499] {dag.py:2398} INFO - Sync 1 DAGs
[2022-05-21 00:39:26,514] {logging_mixin.py:109} INFO - [2022-05-21 00:39:26,514] {dag.py:2937} INFO - Setting next_dagrun for example_bash_operator to 2022-05-20 00:00:00+00:00
[2022-05-21 00:39:26,525] {processor.py:171} INFO - Processing /home/airflow/.local/lib/python3.8/site-packages/airflow/example_dags/example_bash_operator.py took 0.080 seconds
[2022-05-21 00:39:56,854] {processor.py:163} INFO - Started process (PID=16637) to work on /home/airflow/.local/lib/python3.8/site-packages/airflow/example_dags/example_bash_operator.py
[2022-05-21 00:39:56,855] {processor.py:642} INFO - Processing file /home/airflow/.local/lib/python3.8/site-packages/airflow/example_dags/example_bash_operator.py for tasks to queue
[2022-05-21 00:39:56,856] {logging_mixin.py:109} INFO - [2022-05-21 00:39:56,856] {dagbag.py:500} INFO - Filling up the DagBag from /home/airflow/.local/lib/python3.8/site-packages/airflow/example_dags/example_bash_operator.py
[2022-05-21 00:39:56,890] {processor.py:654} INFO - DAG(s) dict_keys(['example_bash_operator']) retrieved from /home/airflow/.local/lib/python3.8/site-packages/airflow/example_dags/example_bash_operator.py
[2022-05-21 00:39:56,900] {logging_mixin.py:109} INFO - [2022-05-21 00:39:56,900] {dag.py:2398} INFO - Sync 1 DAGs
[2022-05-21 00:39:56,916] {logging_mixin.py:109} INFO - [2022-05-21 00:39:56,915] {dag.py:2937} INFO - Setting next_dagrun for example_bash_operator to 2022-05-20 00:00:00+00:00
[2022-05-21 00:39:56,925] {processor.py:171} INFO - Processing /home/airflow/.local/lib/python3.8/site-packages/airflow/example_dags/example_bash_operator.py took 0.073 seconds
[2022-05-21 00:40:27,735] {processor.py:163} INFO - Started process (PID=16720) to work on /home/airflow/.local/lib/python3.8/site-packages/airflow/example_dags/example_bash_operator.py
[2022-05-21 00:40:27,736] {processor.py:642} INFO - Processing file /home/airflow/.local/lib/python3.8/site-packages/airflow/example_dags/example_bash_operator.py for tasks to queue
[2022-05-21 00:40:27,737] {logging_mixin.py:109} INFO - [2022-05-21 00:40:27,737] {dagbag.py:500} INFO - Filling up the DagBag from /home/airflow/.local/lib/python3.8/site-packages/airflow/example_dags/example_bash_operator.py
[2022-05-21 00:40:27,767] {processor.py:654} INFO - DAG(s) dict_keys(['example_bash_operator']) retrieved from /home/airflow/.local/lib/python3.8/site-packages/airflow/example_dags/example_bash_operator.py
[2022-05-21 00:40:27,777] {logging_mixin.py:109} INFO - [2022-05-21 00:40:27,777] {dag.py:2398} INFO - Sync 1 DAGs
[2022-05-21 00:40:27,790] {logging_mixin.py:109} INFO - [2022-05-21 00:40:27,790] {dag.py:2937} INFO - Setting next_dagrun for example_bash_operator to 2022-05-20 00:00:00+00:00
[2022-05-21 00:40:27,801] {processor.py:171} INFO - Processing /home/airflow/.local/lib/python3.8/site-packages/airflow/example_dags/example_bash_operator.py took 0.068 seconds
[2022-05-21 00:40:58,918] {processor.py:163} INFO - Started process (PID=16814) to work on /home/airflow/.local/lib/python3.8/site-packages/airflow/example_dags/example_bash_operator.py
[2022-05-21 00:40:58,919] {processor.py:642} INFO - Processing file /home/airflow/.local/lib/python3.8/site-packages/airflow/example_dags/example_bash_operator.py for tasks to queue
[2022-05-21 00:40:58,920] {logging_mixin.py:109} INFO - [2022-05-21 00:40:58,920] {dagbag.py:500} INFO - Filling up the DagBag from /home/airflow/.local/lib/python3.8/site-packages/airflow/example_dags/example_bash_operator.py
[2022-05-21 00:40:58,948] {processor.py:654} INFO - DAG(s) dict_keys(['example_bash_operator']) retrieved from /home/airflow/.local/lib/python3.8/site-packages/airflow/example_dags/example_bash_operator.py
[2022-05-21 00:40:58,957] {logging_mixin.py:109} INFO - [2022-05-21 00:40:58,957] {dag.py:2398} INFO - Sync 1 DAGs
[2022-05-21 00:40:58,970] {logging_mixin.py:109} INFO - [2022-05-21 00:40:58,969] {dag.py:2937} INFO - Setting next_dagrun for example_bash_operator to 2022-05-20 00:00:00+00:00
[2022-05-21 00:40:58,980] {processor.py:171} INFO - Processing /home/airflow/.local/lib/python3.8/site-packages/airflow/example_dags/example_bash_operator.py took 0.064 seconds
[2022-05-21 00:41:29,966] {processor.py:163} INFO - Started process (PID=16899) to work on /home/airflow/.local/lib/python3.8/site-packages/airflow/example_dags/example_bash_operator.py
[2022-05-21 00:41:29,966] {processor.py:642} INFO - Processing file /home/airflow/.local/lib/python3.8/site-packages/airflow/example_dags/example_bash_operator.py for tasks to queue
[2022-05-21 00:41:29,967] {logging_mixin.py:109} INFO - [2022-05-21 00:41:29,967] {dagbag.py:500} INFO - Filling up the DagBag from /home/airflow/.local/lib/python3.8/site-packages/airflow/example_dags/example_bash_operator.py
[2022-05-21 00:41:29,996] {processor.py:654} INFO - DAG(s) dict_keys(['example_bash_operator']) retrieved from /home/airflow/.local/lib/python3.8/site-packages/airflow/example_dags/example_bash_operator.py
[2022-05-21 00:41:30,006] {logging_mixin.py:109} INFO - [2022-05-21 00:41:30,006] {dag.py:2398} INFO - Sync 1 DAGs
[2022-05-21 00:41:30,020] {logging_mixin.py:109} INFO - [2022-05-21 00:41:30,020] {dag.py:2937} INFO - Setting next_dagrun for example_bash_operator to 2022-05-20 00:00:00+00:00
[2022-05-21 00:41:30,031] {processor.py:171} INFO - Processing /home/airflow/.local/lib/python3.8/site-packages/airflow/example_dags/example_bash_operator.py took 0.067 seconds
[2022-05-21 00:42:01,201] {processor.py:163} INFO - Started process (PID=16992) to work on /home/airflow/.local/lib/python3.8/site-packages/airflow/example_dags/example_bash_operator.py
[2022-05-21 00:42:01,203] {processor.py:642} INFO - Processing file /home/airflow/.local/lib/python3.8/site-packages/airflow/example_dags/example_bash_operator.py for tasks to queue
[2022-05-21 00:42:01,203] {logging_mixin.py:109} INFO - [2022-05-21 00:42:01,203] {dagbag.py:500} INFO - Filling up the DagBag from /home/airflow/.local/lib/python3.8/site-packages/airflow/example_dags/example_bash_operator.py
[2022-05-21 00:42:01,234] {processor.py:654} INFO - DAG(s) dict_keys(['example_bash_operator']) retrieved from /home/airflow/.local/lib/python3.8/site-packages/airflow/example_dags/example_bash_operator.py
[2022-05-21 00:42:01,243] {logging_mixin.py:109} INFO - [2022-05-21 00:42:01,243] {dag.py:2398} INFO - Sync 1 DAGs
[2022-05-21 00:42:01,259] {logging_mixin.py:109} INFO - [2022-05-21 00:42:01,259] {dag.py:2937} INFO - Setting next_dagrun for example_bash_operator to 2022-05-20 00:00:00+00:00
[2022-05-21 00:42:01,272] {processor.py:171} INFO - Processing /home/airflow/.local/lib/python3.8/site-packages/airflow/example_dags/example_bash_operator.py took 0.073 seconds
[2022-05-21 00:42:32,605] {processor.py:163} INFO - Started process (PID=17078) to work on /home/airflow/.local/lib/python3.8/site-packages/airflow/example_dags/example_bash_operator.py
[2022-05-21 00:42:32,610] {processor.py:642} INFO - Processing file /home/airflow/.local/lib/python3.8/site-packages/airflow/example_dags/example_bash_operator.py for tasks to queue
[2022-05-21 00:42:32,612] {logging_mixin.py:109} INFO - [2022-05-21 00:42:32,611] {dagbag.py:500} INFO - Filling up the DagBag from /home/airflow/.local/lib/python3.8/site-packages/airflow/example_dags/example_bash_operator.py
[2022-05-21 00:42:32,641] {processor.py:654} INFO - DAG(s) dict_keys(['example_bash_operator']) retrieved from /home/airflow/.local/lib/python3.8/site-packages/airflow/example_dags/example_bash_operator.py
[2022-05-21 00:42:32,650] {logging_mixin.py:109} INFO - [2022-05-21 00:42:32,650] {dag.py:2398} INFO - Sync 1 DAGs
[2022-05-21 00:42:32,662] {logging_mixin.py:109} INFO - [2022-05-21 00:42:32,662] {dag.py:2937} INFO - Setting next_dagrun for example_bash_operator to 2022-05-20 00:00:00+00:00
[2022-05-21 00:42:32,672] {processor.py:171} INFO - Processing /home/airflow/.local/lib/python3.8/site-packages/airflow/example_dags/example_bash_operator.py took 0.070 seconds
[2022-05-21 00:43:02,831] {processor.py:163} INFO - Started process (PID=17187) to work on /home/airflow/.local/lib/python3.8/site-packages/airflow/example_dags/example_bash_operator.py
[2022-05-21 00:43:02,832] {processor.py:642} INFO - Processing file /home/airflow/.local/lib/python3.8/site-packages/airflow/example_dags/example_bash_operator.py for tasks to queue
[2022-05-21 00:43:02,833] {logging_mixin.py:109} INFO - [2022-05-21 00:43:02,833] {dagbag.py:500} INFO - Filling up the DagBag from /home/airflow/.local/lib/python3.8/site-packages/airflow/example_dags/example_bash_operator.py
[2022-05-21 00:43:02,864] {processor.py:654} INFO - DAG(s) dict_keys(['example_bash_operator']) retrieved from /home/airflow/.local/lib/python3.8/site-packages/airflow/example_dags/example_bash_operator.py
[2022-05-21 00:43:02,874] {logging_mixin.py:109} INFO - [2022-05-21 00:43:02,874] {dag.py:2398} INFO - Sync 1 DAGs
[2022-05-21 00:43:02,891] {logging_mixin.py:109} INFO - [2022-05-21 00:43:02,891] {dag.py:2937} INFO - Setting next_dagrun for example_bash_operator to 2022-05-20 00:00:00+00:00
[2022-05-21 00:43:02,903] {processor.py:171} INFO - Processing /home/airflow/.local/lib/python3.8/site-packages/airflow/example_dags/example_bash_operator.py took 0.073 seconds
[2022-05-21 00:43:33,118] {processor.py:163} INFO - Started process (PID=17271) to work on /home/airflow/.local/lib/python3.8/site-packages/airflow/example_dags/example_bash_operator.py
[2022-05-21 00:43:33,119] {processor.py:642} INFO - Processing file /home/airflow/.local/lib/python3.8/site-packages/airflow/example_dags/example_bash_operator.py for tasks to queue
[2022-05-21 00:43:33,120] {logging_mixin.py:109} INFO - [2022-05-21 00:43:33,120] {dagbag.py:500} INFO - Filling up the DagBag from /home/airflow/.local/lib/python3.8/site-packages/airflow/example_dags/example_bash_operator.py
[2022-05-21 00:43:33,153] {processor.py:654} INFO - DAG(s) dict_keys(['example_bash_operator']) retrieved from /home/airflow/.local/lib/python3.8/site-packages/airflow/example_dags/example_bash_operator.py
[2022-05-21 00:43:33,163] {logging_mixin.py:109} INFO - [2022-05-21 00:43:33,163] {dag.py:2398} INFO - Sync 1 DAGs
[2022-05-21 00:43:33,178] {logging_mixin.py:109} INFO - [2022-05-21 00:43:33,177] {dag.py:2937} INFO - Setting next_dagrun for example_bash_operator to 2022-05-20 00:00:00+00:00
[2022-05-21 00:43:33,189] {processor.py:171} INFO - Processing /home/airflow/.local/lib/python3.8/site-packages/airflow/example_dags/example_bash_operator.py took 0.073 seconds
[2022-05-21 00:44:03,234] {processor.py:163} INFO - Started process (PID=17355) to work on /home/airflow/.local/lib/python3.8/site-packages/airflow/example_dags/example_bash_operator.py
[2022-05-21 00:44:03,235] {processor.py:642} INFO - Processing file /home/airflow/.local/lib/python3.8/site-packages/airflow/example_dags/example_bash_operator.py for tasks to queue
[2022-05-21 00:44:03,236] {logging_mixin.py:109} INFO - [2022-05-21 00:44:03,235] {dagbag.py:500} INFO - Filling up the DagBag from /home/airflow/.local/lib/python3.8/site-packages/airflow/example_dags/example_bash_operator.py
[2022-05-21 00:44:03,265] {processor.py:654} INFO - DAG(s) dict_keys(['example_bash_operator']) retrieved from /home/airflow/.local/lib/python3.8/site-packages/airflow/example_dags/example_bash_operator.py
[2022-05-21 00:44:03,276] {logging_mixin.py:109} INFO - [2022-05-21 00:44:03,276] {dag.py:2398} INFO - Sync 1 DAGs
[2022-05-21 00:44:03,293] {logging_mixin.py:109} INFO - [2022-05-21 00:44:03,293] {dag.py:2937} INFO - Setting next_dagrun for example_bash_operator to 2022-05-20 00:00:00+00:00
[2022-05-21 00:44:03,305] {processor.py:171} INFO - Processing /home/airflow/.local/lib/python3.8/site-packages/airflow/example_dags/example_bash_operator.py took 0.073 seconds
[2022-05-21 00:44:33,683] {processor.py:163} INFO - Started process (PID=17465) to work on /home/airflow/.local/lib/python3.8/site-packages/airflow/example_dags/example_bash_operator.py
[2022-05-21 00:44:33,684] {processor.py:642} INFO - Processing file /home/airflow/.local/lib/python3.8/site-packages/airflow/example_dags/example_bash_operator.py for tasks to queue
[2022-05-21 00:44:33,685] {logging_mixin.py:109} INFO - [2022-05-21 00:44:33,685] {dagbag.py:500} INFO - Filling up the DagBag from /home/airflow/.local/lib/python3.8/site-packages/airflow/example_dags/example_bash_operator.py
[2022-05-21 00:44:33,716] {processor.py:654} INFO - DAG(s) dict_keys(['example_bash_operator']) retrieved from /home/airflow/.local/lib/python3.8/site-packages/airflow/example_dags/example_bash_operator.py
[2022-05-21 00:44:33,726] {logging_mixin.py:109} INFO - [2022-05-21 00:44:33,726] {dag.py:2398} INFO - Sync 1 DAGs
[2022-05-21 00:44:33,742] {logging_mixin.py:109} INFO - [2022-05-21 00:44:33,742] {dag.py:2937} INFO - Setting next_dagrun for example_bash_operator to 2022-05-20 00:00:00+00:00
[2022-05-21 00:44:33,754] {processor.py:171} INFO - Processing /home/airflow/.local/lib/python3.8/site-packages/airflow/example_dags/example_bash_operator.py took 0.073 seconds
[2022-05-21 00:45:04,362] {processor.py:163} INFO - Started process (PID=17552) to work on /home/airflow/.local/lib/python3.8/site-packages/airflow/example_dags/example_bash_operator.py
[2022-05-21 00:45:04,364] {processor.py:642} INFO - Processing file /home/airflow/.local/lib/python3.8/site-packages/airflow/example_dags/example_bash_operator.py for tasks to queue
[2022-05-21 00:45:04,365] {logging_mixin.py:109} INFO - [2022-05-21 00:45:04,364] {dagbag.py:500} INFO - Filling up the DagBag from /home/airflow/.local/lib/python3.8/site-packages/airflow/example_dags/example_bash_operator.py
[2022-05-21 00:45:04,401] {processor.py:654} INFO - DAG(s) dict_keys(['example_bash_operator']) retrieved from /home/airflow/.local/lib/python3.8/site-packages/airflow/example_dags/example_bash_operator.py
[2022-05-21 00:45:04,413] {logging_mixin.py:109} INFO - [2022-05-21 00:45:04,413] {dag.py:2398} INFO - Sync 1 DAGs
[2022-05-21 00:45:04,432] {logging_mixin.py:109} INFO - [2022-05-21 00:45:04,432] {dag.py:2937} INFO - Setting next_dagrun for example_bash_operator to 2022-05-20 00:00:00+00:00
[2022-05-21 00:45:04,454] {processor.py:171} INFO - Processing /home/airflow/.local/lib/python3.8/site-packages/airflow/example_dags/example_bash_operator.py took 0.094 seconds
[2022-05-21 00:45:34,618] {processor.py:163} INFO - Started process (PID=17637) to work on /home/airflow/.local/lib/python3.8/site-packages/airflow/example_dags/example_bash_operator.py
[2022-05-21 00:45:34,619] {processor.py:642} INFO - Processing file /home/airflow/.local/lib/python3.8/site-packages/airflow/example_dags/example_bash_operator.py for tasks to queue
[2022-05-21 00:45:34,620] {logging_mixin.py:109} INFO - [2022-05-21 00:45:34,620] {dagbag.py:500} INFO - Filling up the DagBag from /home/airflow/.local/lib/python3.8/site-packages/airflow/example_dags/example_bash_operator.py
[2022-05-21 00:45:34,659] {processor.py:654} INFO - DAG(s) dict_keys(['example_bash_operator']) retrieved from /home/airflow/.local/lib/python3.8/site-packages/airflow/example_dags/example_bash_operator.py
[2022-05-21 00:45:34,669] {logging_mixin.py:109} INFO - [2022-05-21 00:45:34,669] {dag.py:2398} INFO - Sync 1 DAGs
[2022-05-21 00:45:34,685] {logging_mixin.py:109} INFO - [2022-05-21 00:45:34,685] {dag.py:2937} INFO - Setting next_dagrun for example_bash_operator to 2022-05-20 00:00:00+00:00
[2022-05-21 00:45:34,697] {processor.py:171} INFO - Processing /home/airflow/.local/lib/python3.8/site-packages/airflow/example_dags/example_bash_operator.py took 0.082 seconds
[2022-05-21 00:46:05,279] {processor.py:163} INFO - Started process (PID=17731) to work on /home/airflow/.local/lib/python3.8/site-packages/airflow/example_dags/example_bash_operator.py
[2022-05-21 00:46:05,281] {processor.py:642} INFO - Processing file /home/airflow/.local/lib/python3.8/site-packages/airflow/example_dags/example_bash_operator.py for tasks to queue
[2022-05-21 00:46:05,282] {logging_mixin.py:109} INFO - [2022-05-21 00:46:05,281] {dagbag.py:500} INFO - Filling up the DagBag from /home/airflow/.local/lib/python3.8/site-packages/airflow/example_dags/example_bash_operator.py
[2022-05-21 00:46:05,316] {processor.py:654} INFO - DAG(s) dict_keys(['example_bash_operator']) retrieved from /home/airflow/.local/lib/python3.8/site-packages/airflow/example_dags/example_bash_operator.py
[2022-05-21 00:46:05,327] {logging_mixin.py:109} INFO - [2022-05-21 00:46:05,327] {dag.py:2398} INFO - Sync 1 DAGs
[2022-05-21 00:46:05,342] {logging_mixin.py:109} INFO - [2022-05-21 00:46:05,342] {dag.py:2937} INFO - Setting next_dagrun for example_bash_operator to 2022-05-20 00:00:00+00:00
[2022-05-21 00:46:05,354] {processor.py:171} INFO - Processing /home/airflow/.local/lib/python3.8/site-packages/airflow/example_dags/example_bash_operator.py took 0.078 seconds
[2022-05-21 00:46:35,850] {processor.py:163} INFO - Started process (PID=17835) to work on /home/airflow/.local/lib/python3.8/site-packages/airflow/example_dags/example_bash_operator.py
[2022-05-21 00:46:35,851] {processor.py:642} INFO - Processing file /home/airflow/.local/lib/python3.8/site-packages/airflow/example_dags/example_bash_operator.py for tasks to queue
[2022-05-21 00:46:35,852] {logging_mixin.py:109} INFO - [2022-05-21 00:46:35,852] {dagbag.py:500} INFO - Filling up the DagBag from /home/airflow/.local/lib/python3.8/site-packages/airflow/example_dags/example_bash_operator.py
[2022-05-21 00:46:35,886] {processor.py:654} INFO - DAG(s) dict_keys(['example_bash_operator']) retrieved from /home/airflow/.local/lib/python3.8/site-packages/airflow/example_dags/example_bash_operator.py
[2022-05-21 00:46:35,899] {logging_mixin.py:109} INFO - [2022-05-21 00:46:35,899] {dag.py:2398} INFO - Sync 1 DAGs
[2022-05-21 00:46:35,914] {logging_mixin.py:109} INFO - [2022-05-21 00:46:35,913] {dag.py:2937} INFO - Setting next_dagrun for example_bash_operator to 2022-05-20 00:00:00+00:00
[2022-05-21 00:46:35,924] {processor.py:171} INFO - Processing /home/airflow/.local/lib/python3.8/site-packages/airflow/example_dags/example_bash_operator.py took 0.076 seconds
[2022-05-21 00:47:06,204] {processor.py:163} INFO - Started process (PID=17926) to work on /home/airflow/.local/lib/python3.8/site-packages/airflow/example_dags/example_bash_operator.py
[2022-05-21 00:47:06,206] {processor.py:642} INFO - Processing file /home/airflow/.local/lib/python3.8/site-packages/airflow/example_dags/example_bash_operator.py for tasks to queue
[2022-05-21 00:47:06,208] {logging_mixin.py:109} INFO - [2022-05-21 00:47:06,208] {dagbag.py:500} INFO - Filling up the DagBag from /home/airflow/.local/lib/python3.8/site-packages/airflow/example_dags/example_bash_operator.py
[2022-05-21 00:47:06,254] {processor.py:654} INFO - DAG(s) dict_keys(['example_bash_operator']) retrieved from /home/airflow/.local/lib/python3.8/site-packages/airflow/example_dags/example_bash_operator.py
[2022-05-21 00:47:06,268] {logging_mixin.py:109} INFO - [2022-05-21 00:47:06,267] {dag.py:2398} INFO - Sync 1 DAGs
[2022-05-21 00:47:06,293] {logging_mixin.py:109} INFO - [2022-05-21 00:47:06,293] {dag.py:2937} INFO - Setting next_dagrun for example_bash_operator to 2022-05-20 00:00:00+00:00
[2022-05-21 00:47:06,309] {processor.py:171} INFO - Processing /home/airflow/.local/lib/python3.8/site-packages/airflow/example_dags/example_bash_operator.py took 0.108 seconds
[2022-05-21 00:47:37,060] {processor.py:163} INFO - Started process (PID=18010) to work on /home/airflow/.local/lib/python3.8/site-packages/airflow/example_dags/example_bash_operator.py
[2022-05-21 00:47:37,061] {processor.py:642} INFO - Processing file /home/airflow/.local/lib/python3.8/site-packages/airflow/example_dags/example_bash_operator.py for tasks to queue
[2022-05-21 00:47:37,061] {logging_mixin.py:109} INFO - [2022-05-21 00:47:37,061] {dagbag.py:500} INFO - Filling up the DagBag from /home/airflow/.local/lib/python3.8/site-packages/airflow/example_dags/example_bash_operator.py
[2022-05-21 00:47:37,114] {processor.py:654} INFO - DAG(s) dict_keys(['example_bash_operator']) retrieved from /home/airflow/.local/lib/python3.8/site-packages/airflow/example_dags/example_bash_operator.py
[2022-05-21 00:47:37,149] {logging_mixin.py:109} INFO - [2022-05-21 00:47:37,149] {dag.py:2398} INFO - Sync 1 DAGs
[2022-05-21 00:47:37,168] {logging_mixin.py:109} INFO - [2022-05-21 00:47:37,168] {dag.py:2937} INFO - Setting next_dagrun for example_bash_operator to 2022-05-20 00:00:00+00:00
[2022-05-21 00:47:37,181] {processor.py:171} INFO - Processing /home/airflow/.local/lib/python3.8/site-packages/airflow/example_dags/example_bash_operator.py took 0.124 seconds
[2022-05-21 00:48:08,162] {processor.py:163} INFO - Started process (PID=18096) to work on /home/airflow/.local/lib/python3.8/site-packages/airflow/example_dags/example_bash_operator.py
[2022-05-21 00:48:08,164] {processor.py:642} INFO - Processing file /home/airflow/.local/lib/python3.8/site-packages/airflow/example_dags/example_bash_operator.py for tasks to queue
[2022-05-21 00:48:08,164] {logging_mixin.py:109} INFO - [2022-05-21 00:48:08,164] {dagbag.py:500} INFO - Filling up the DagBag from /home/airflow/.local/lib/python3.8/site-packages/airflow/example_dags/example_bash_operator.py
[2022-05-21 00:48:08,199] {processor.py:654} INFO - DAG(s) dict_keys(['example_bash_operator']) retrieved from /home/airflow/.local/lib/python3.8/site-packages/airflow/example_dags/example_bash_operator.py
[2022-05-21 00:48:08,209] {logging_mixin.py:109} INFO - [2022-05-21 00:48:08,209] {dag.py:2398} INFO - Sync 1 DAGs
[2022-05-21 00:48:08,226] {logging_mixin.py:109} INFO - [2022-05-21 00:48:08,226] {dag.py:2937} INFO - Setting next_dagrun for example_bash_operator to 2022-05-20 00:00:00+00:00
[2022-05-21 00:48:08,237] {processor.py:171} INFO - Processing /home/airflow/.local/lib/python3.8/site-packages/airflow/example_dags/example_bash_operator.py took 0.076 seconds
[2022-05-21 00:48:38,953] {processor.py:163} INFO - Started process (PID=18190) to work on /home/airflow/.local/lib/python3.8/site-packages/airflow/example_dags/example_bash_operator.py
[2022-05-21 00:48:38,954] {processor.py:642} INFO - Processing file /home/airflow/.local/lib/python3.8/site-packages/airflow/example_dags/example_bash_operator.py for tasks to queue
[2022-05-21 00:48:38,954] {logging_mixin.py:109} INFO - [2022-05-21 00:48:38,954] {dagbag.py:500} INFO - Filling up the DagBag from /home/airflow/.local/lib/python3.8/site-packages/airflow/example_dags/example_bash_operator.py
[2022-05-21 00:48:38,983] {processor.py:654} INFO - DAG(s) dict_keys(['example_bash_operator']) retrieved from /home/airflow/.local/lib/python3.8/site-packages/airflow/example_dags/example_bash_operator.py
[2022-05-21 00:48:38,992] {logging_mixin.py:109} INFO - [2022-05-21 00:48:38,992] {dag.py:2398} INFO - Sync 1 DAGs
[2022-05-21 00:48:39,007] {logging_mixin.py:109} INFO - [2022-05-21 00:48:39,006] {dag.py:2937} INFO - Setting next_dagrun for example_bash_operator to 2022-05-20 00:00:00+00:00
[2022-05-21 00:48:39,017] {processor.py:171} INFO - Processing /home/airflow/.local/lib/python3.8/site-packages/airflow/example_dags/example_bash_operator.py took 0.067 seconds
[2022-05-21 00:49:09,450] {processor.py:163} INFO - Started process (PID=18274) to work on /home/airflow/.local/lib/python3.8/site-packages/airflow/example_dags/example_bash_operator.py
[2022-05-21 00:49:09,451] {processor.py:642} INFO - Processing file /home/airflow/.local/lib/python3.8/site-packages/airflow/example_dags/example_bash_operator.py for tasks to queue
[2022-05-21 00:49:09,452] {logging_mixin.py:109} INFO - [2022-05-21 00:49:09,452] {dagbag.py:500} INFO - Filling up the DagBag from /home/airflow/.local/lib/python3.8/site-packages/airflow/example_dags/example_bash_operator.py
[2022-05-21 00:49:09,480] {processor.py:654} INFO - DAG(s) dict_keys(['example_bash_operator']) retrieved from /home/airflow/.local/lib/python3.8/site-packages/airflow/example_dags/example_bash_operator.py
[2022-05-21 00:49:09,488] {logging_mixin.py:109} INFO - [2022-05-21 00:49:09,488] {dag.py:2398} INFO - Sync 1 DAGs
[2022-05-21 00:49:09,503] {logging_mixin.py:109} INFO - [2022-05-21 00:49:09,503] {dag.py:2937} INFO - Setting next_dagrun for example_bash_operator to 2022-05-20 00:00:00+00:00
[2022-05-21 00:49:09,512] {processor.py:171} INFO - Processing /home/airflow/.local/lib/python3.8/site-packages/airflow/example_dags/example_bash_operator.py took 0.065 seconds
[2022-05-21 00:49:40,473] {processor.py:163} INFO - Started process (PID=18366) to work on /home/airflow/.local/lib/python3.8/site-packages/airflow/example_dags/example_bash_operator.py
[2022-05-21 00:49:40,474] {processor.py:642} INFO - Processing file /home/airflow/.local/lib/python3.8/site-packages/airflow/example_dags/example_bash_operator.py for tasks to queue
[2022-05-21 00:49:40,474] {logging_mixin.py:109} INFO - [2022-05-21 00:49:40,474] {dagbag.py:500} INFO - Filling up the DagBag from /home/airflow/.local/lib/python3.8/site-packages/airflow/example_dags/example_bash_operator.py
[2022-05-21 00:49:40,505] {processor.py:654} INFO - DAG(s) dict_keys(['example_bash_operator']) retrieved from /home/airflow/.local/lib/python3.8/site-packages/airflow/example_dags/example_bash_operator.py
[2022-05-21 00:49:40,517] {logging_mixin.py:109} INFO - [2022-05-21 00:49:40,517] {dag.py:2398} INFO - Sync 1 DAGs
[2022-05-21 00:49:40,532] {logging_mixin.py:109} INFO - [2022-05-21 00:49:40,532] {dag.py:2937} INFO - Setting next_dagrun for example_bash_operator to 2022-05-20 00:00:00+00:00
[2022-05-21 00:49:40,543] {processor.py:171} INFO - Processing /home/airflow/.local/lib/python3.8/site-packages/airflow/example_dags/example_bash_operator.py took 0.072 seconds
[2022-05-21 00:50:10,816] {processor.py:163} INFO - Started process (PID=18451) to work on /home/airflow/.local/lib/python3.8/site-packages/airflow/example_dags/example_bash_operator.py
[2022-05-21 00:50:10,817] {processor.py:642} INFO - Processing file /home/airflow/.local/lib/python3.8/site-packages/airflow/example_dags/example_bash_operator.py for tasks to queue
[2022-05-21 00:50:10,818] {logging_mixin.py:109} INFO - [2022-05-21 00:50:10,818] {dagbag.py:500} INFO - Filling up the DagBag from /home/airflow/.local/lib/python3.8/site-packages/airflow/example_dags/example_bash_operator.py
[2022-05-21 00:50:10,854] {processor.py:654} INFO - DAG(s) dict_keys(['example_bash_operator']) retrieved from /home/airflow/.local/lib/python3.8/site-packages/airflow/example_dags/example_bash_operator.py
[2022-05-21 00:50:10,864] {logging_mixin.py:109} INFO - [2022-05-21 00:50:10,864] {dag.py:2398} INFO - Sync 1 DAGs
[2022-05-21 00:50:10,879] {logging_mixin.py:109} INFO - [2022-05-21 00:50:10,879] {dag.py:2937} INFO - Setting next_dagrun for example_bash_operator to 2022-05-20 00:00:00+00:00
[2022-05-21 00:50:10,888] {processor.py:171} INFO - Processing /home/airflow/.local/lib/python3.8/site-packages/airflow/example_dags/example_bash_operator.py took 0.074 seconds
[2022-05-21 00:50:41,909] {processor.py:163} INFO - Started process (PID=18543) to work on /home/airflow/.local/lib/python3.8/site-packages/airflow/example_dags/example_bash_operator.py
[2022-05-21 00:50:41,910] {processor.py:642} INFO - Processing file /home/airflow/.local/lib/python3.8/site-packages/airflow/example_dags/example_bash_operator.py for tasks to queue
[2022-05-21 00:50:41,911] {logging_mixin.py:109} INFO - [2022-05-21 00:50:41,911] {dagbag.py:500} INFO - Filling up the DagBag from /home/airflow/.local/lib/python3.8/site-packages/airflow/example_dags/example_bash_operator.py
[2022-05-21 00:50:41,944] {processor.py:654} INFO - DAG(s) dict_keys(['example_bash_operator']) retrieved from /home/airflow/.local/lib/python3.8/site-packages/airflow/example_dags/example_bash_operator.py
[2022-05-21 00:50:41,958] {logging_mixin.py:109} INFO - [2022-05-21 00:50:41,958] {dag.py:2398} INFO - Sync 1 DAGs
[2022-05-21 00:50:41,975] {logging_mixin.py:109} INFO - [2022-05-21 00:50:41,975] {dag.py:2937} INFO - Setting next_dagrun for example_bash_operator to 2022-05-20 00:00:00+00:00
[2022-05-21 00:50:41,991] {processor.py:171} INFO - Processing /home/airflow/.local/lib/python3.8/site-packages/airflow/example_dags/example_bash_operator.py took 0.084 seconds
[2022-05-21 00:51:12,455] {processor.py:163} INFO - Started process (PID=18628) to work on /home/airflow/.local/lib/python3.8/site-packages/airflow/example_dags/example_bash_operator.py
[2022-05-21 00:51:12,456] {processor.py:642} INFO - Processing file /home/airflow/.local/lib/python3.8/site-packages/airflow/example_dags/example_bash_operator.py for tasks to queue
[2022-05-21 00:51:12,456] {logging_mixin.py:109} INFO - [2022-05-21 00:51:12,456] {dagbag.py:500} INFO - Filling up the DagBag from /home/airflow/.local/lib/python3.8/site-packages/airflow/example_dags/example_bash_operator.py
[2022-05-21 00:51:12,487] {processor.py:654} INFO - DAG(s) dict_keys(['example_bash_operator']) retrieved from /home/airflow/.local/lib/python3.8/site-packages/airflow/example_dags/example_bash_operator.py
[2022-05-21 00:51:12,499] {logging_mixin.py:109} INFO - [2022-05-21 00:51:12,499] {dag.py:2398} INFO - Sync 1 DAGs
[2022-05-21 00:51:12,522] {logging_mixin.py:109} INFO - [2022-05-21 00:51:12,522] {dag.py:2937} INFO - Setting next_dagrun for example_bash_operator to 2022-05-20 00:00:00+00:00
[2022-05-21 00:51:12,557] {processor.py:171} INFO - Processing /home/airflow/.local/lib/python3.8/site-packages/airflow/example_dags/example_bash_operator.py took 0.105 seconds
[2022-05-21 00:51:43,573] {processor.py:163} INFO - Started process (PID=18713) to work on /home/airflow/.local/lib/python3.8/site-packages/airflow/example_dags/example_bash_operator.py
[2022-05-21 00:51:43,574] {processor.py:642} INFO - Processing file /home/airflow/.local/lib/python3.8/site-packages/airflow/example_dags/example_bash_operator.py for tasks to queue
[2022-05-21 00:51:43,574] {logging_mixin.py:109} INFO - [2022-05-21 00:51:43,574] {dagbag.py:500} INFO - Filling up the DagBag from /home/airflow/.local/lib/python3.8/site-packages/airflow/example_dags/example_bash_operator.py
[2022-05-21 00:51:43,606] {processor.py:654} INFO - DAG(s) dict_keys(['example_bash_operator']) retrieved from /home/airflow/.local/lib/python3.8/site-packages/airflow/example_dags/example_bash_operator.py
[2022-05-21 00:51:43,619] {logging_mixin.py:109} INFO - [2022-05-21 00:51:43,619] {dag.py:2398} INFO - Sync 1 DAGs
[2022-05-21 00:51:43,635] {logging_mixin.py:109} INFO - [2022-05-21 00:51:43,635] {dag.py:2937} INFO - Setting next_dagrun for example_bash_operator to 2022-05-20 00:00:00+00:00
[2022-05-21 00:51:43,646] {processor.py:171} INFO - Processing /home/airflow/.local/lib/python3.8/site-packages/airflow/example_dags/example_bash_operator.py took 0.075 seconds
[2022-05-21 00:52:14,753] {processor.py:163} INFO - Started process (PID=18806) to work on /home/airflow/.local/lib/python3.8/site-packages/airflow/example_dags/example_bash_operator.py
[2022-05-21 00:52:14,754] {processor.py:642} INFO - Processing file /home/airflow/.local/lib/python3.8/site-packages/airflow/example_dags/example_bash_operator.py for tasks to queue
[2022-05-21 00:52:14,755] {logging_mixin.py:109} INFO - [2022-05-21 00:52:14,755] {dagbag.py:500} INFO - Filling up the DagBag from /home/airflow/.local/lib/python3.8/site-packages/airflow/example_dags/example_bash_operator.py
[2022-05-21 00:52:14,805] {processor.py:654} INFO - DAG(s) dict_keys(['example_bash_operator']) retrieved from /home/airflow/.local/lib/python3.8/site-packages/airflow/example_dags/example_bash_operator.py
[2022-05-21 00:52:14,821] {logging_mixin.py:109} INFO - [2022-05-21 00:52:14,821] {dag.py:2398} INFO - Sync 1 DAGs
[2022-05-21 00:52:14,846] {logging_mixin.py:109} INFO - [2022-05-21 00:52:14,846] {dag.py:2937} INFO - Setting next_dagrun for example_bash_operator to 2022-05-20 00:00:00+00:00
[2022-05-21 00:52:14,859] {processor.py:171} INFO - Processing /home/airflow/.local/lib/python3.8/site-packages/airflow/example_dags/example_bash_operator.py took 0.109 seconds
[2022-05-21 00:52:45,969] {processor.py:163} INFO - Started process (PID=18891) to work on /home/airflow/.local/lib/python3.8/site-packages/airflow/example_dags/example_bash_operator.py
[2022-05-21 00:52:45,970] {processor.py:642} INFO - Processing file /home/airflow/.local/lib/python3.8/site-packages/airflow/example_dags/example_bash_operator.py for tasks to queue
[2022-05-21 00:52:45,971] {logging_mixin.py:109} INFO - [2022-05-21 00:52:45,970] {dagbag.py:500} INFO - Filling up the DagBag from /home/airflow/.local/lib/python3.8/site-packages/airflow/example_dags/example_bash_operator.py
[2022-05-21 00:52:46,001] {processor.py:654} INFO - DAG(s) dict_keys(['example_bash_operator']) retrieved from /home/airflow/.local/lib/python3.8/site-packages/airflow/example_dags/example_bash_operator.py
[2022-05-21 00:52:46,010] {logging_mixin.py:109} INFO - [2022-05-21 00:52:46,010] {dag.py:2398} INFO - Sync 1 DAGs
[2022-05-21 00:52:46,025] {logging_mixin.py:109} INFO - [2022-05-21 00:52:46,025] {dag.py:2937} INFO - Setting next_dagrun for example_bash_operator to 2022-05-20 00:00:00+00:00
[2022-05-21 00:52:46,035] {processor.py:171} INFO - Processing /home/airflow/.local/lib/python3.8/site-packages/airflow/example_dags/example_bash_operator.py took 0.069 seconds
[2022-05-21 00:53:16,664] {processor.py:163} INFO - Started process (PID=19022) to work on /home/airflow/.local/lib/python3.8/site-packages/airflow/example_dags/example_bash_operator.py
[2022-05-21 00:53:16,665] {processor.py:642} INFO - Processing file /home/airflow/.local/lib/python3.8/site-packages/airflow/example_dags/example_bash_operator.py for tasks to queue
[2022-05-21 00:53:16,666] {logging_mixin.py:109} INFO - [2022-05-21 00:53:16,666] {dagbag.py:500} INFO - Filling up the DagBag from /home/airflow/.local/lib/python3.8/site-packages/airflow/example_dags/example_bash_operator.py
[2022-05-21 00:53:16,694] {processor.py:654} INFO - DAG(s) dict_keys(['example_bash_operator']) retrieved from /home/airflow/.local/lib/python3.8/site-packages/airflow/example_dags/example_bash_operator.py
[2022-05-21 00:53:16,705] {logging_mixin.py:109} INFO - [2022-05-21 00:53:16,705] {dag.py:2398} INFO - Sync 1 DAGs
[2022-05-21 00:53:16,721] {logging_mixin.py:109} INFO - [2022-05-21 00:53:16,720] {dag.py:2937} INFO - Setting next_dagrun for example_bash_operator to 2022-05-20 00:00:00+00:00
[2022-05-21 00:53:16,731] {processor.py:171} INFO - Processing /home/airflow/.local/lib/python3.8/site-packages/airflow/example_dags/example_bash_operator.py took 0.069 seconds
[2022-05-21 00:53:47,431] {processor.py:163} INFO - Started process (PID=19107) to work on /home/airflow/.local/lib/python3.8/site-packages/airflow/example_dags/example_bash_operator.py
[2022-05-21 00:53:47,432] {processor.py:642} INFO - Processing file /home/airflow/.local/lib/python3.8/site-packages/airflow/example_dags/example_bash_operator.py for tasks to queue
[2022-05-21 00:53:47,433] {logging_mixin.py:109} INFO - [2022-05-21 00:53:47,433] {dagbag.py:500} INFO - Filling up the DagBag from /home/airflow/.local/lib/python3.8/site-packages/airflow/example_dags/example_bash_operator.py
[2022-05-21 00:53:47,463] {processor.py:654} INFO - DAG(s) dict_keys(['example_bash_operator']) retrieved from /home/airflow/.local/lib/python3.8/site-packages/airflow/example_dags/example_bash_operator.py
[2022-05-21 00:53:47,473] {logging_mixin.py:109} INFO - [2022-05-21 00:53:47,473] {dag.py:2398} INFO - Sync 1 DAGs
[2022-05-21 00:53:47,488] {logging_mixin.py:109} INFO - [2022-05-21 00:53:47,488] {dag.py:2937} INFO - Setting next_dagrun for example_bash_operator to 2022-05-20 00:00:00+00:00
[2022-05-21 00:53:47,498] {processor.py:171} INFO - Processing /home/airflow/.local/lib/python3.8/site-packages/airflow/example_dags/example_bash_operator.py took 0.069 seconds
[2022-05-21 00:54:17,965] {processor.py:163} INFO - Started process (PID=19210) to work on /home/airflow/.local/lib/python3.8/site-packages/airflow/example_dags/example_bash_operator.py
[2022-05-21 00:54:17,966] {processor.py:642} INFO - Processing file /home/airflow/.local/lib/python3.8/site-packages/airflow/example_dags/example_bash_operator.py for tasks to queue
[2022-05-21 00:54:17,967] {logging_mixin.py:109} INFO - [2022-05-21 00:54:17,967] {dagbag.py:500} INFO - Filling up the DagBag from /home/airflow/.local/lib/python3.8/site-packages/airflow/example_dags/example_bash_operator.py
[2022-05-21 00:54:18,002] {processor.py:654} INFO - DAG(s) dict_keys(['example_bash_operator']) retrieved from /home/airflow/.local/lib/python3.8/site-packages/airflow/example_dags/example_bash_operator.py
[2022-05-21 00:54:18,013] {logging_mixin.py:109} INFO - [2022-05-21 00:54:18,013] {dag.py:2398} INFO - Sync 1 DAGs
[2022-05-21 00:54:18,027] {logging_mixin.py:109} INFO - [2022-05-21 00:54:18,027] {dag.py:2937} INFO - Setting next_dagrun for example_bash_operator to 2022-05-20 00:00:00+00:00
[2022-05-21 00:54:18,037] {processor.py:171} INFO - Processing /home/airflow/.local/lib/python3.8/site-packages/airflow/example_dags/example_bash_operator.py took 0.074 seconds
[2022-05-21 00:54:48,687] {processor.py:163} INFO - Started process (PID=19303) to work on /home/airflow/.local/lib/python3.8/site-packages/airflow/example_dags/example_bash_operator.py
[2022-05-21 00:54:48,688] {processor.py:642} INFO - Processing file /home/airflow/.local/lib/python3.8/site-packages/airflow/example_dags/example_bash_operator.py for tasks to queue
[2022-05-21 00:54:48,689] {logging_mixin.py:109} INFO - [2022-05-21 00:54:48,689] {dagbag.py:500} INFO - Filling up the DagBag from /home/airflow/.local/lib/python3.8/site-packages/airflow/example_dags/example_bash_operator.py
[2022-05-21 00:54:48,720] {processor.py:654} INFO - DAG(s) dict_keys(['example_bash_operator']) retrieved from /home/airflow/.local/lib/python3.8/site-packages/airflow/example_dags/example_bash_operator.py
[2022-05-21 00:54:48,731] {logging_mixin.py:109} INFO - [2022-05-21 00:54:48,731] {dag.py:2398} INFO - Sync 1 DAGs
[2022-05-21 00:54:48,746] {logging_mixin.py:109} INFO - [2022-05-21 00:54:48,746] {dag.py:2937} INFO - Setting next_dagrun for example_bash_operator to 2022-05-20 00:00:00+00:00
[2022-05-21 00:54:48,758] {processor.py:171} INFO - Processing /home/airflow/.local/lib/python3.8/site-packages/airflow/example_dags/example_bash_operator.py took 0.072 seconds
[2022-05-21 00:55:20,194] {processor.py:163} INFO - Started process (PID=19387) to work on /home/airflow/.local/lib/python3.8/site-packages/airflow/example_dags/example_bash_operator.py
[2022-05-21 00:55:20,196] {processor.py:642} INFO - Processing file /home/airflow/.local/lib/python3.8/site-packages/airflow/example_dags/example_bash_operator.py for tasks to queue
[2022-05-21 00:55:20,197] {logging_mixin.py:109} INFO - [2022-05-21 00:55:20,196] {dagbag.py:500} INFO - Filling up the DagBag from /home/airflow/.local/lib/python3.8/site-packages/airflow/example_dags/example_bash_operator.py
[2022-05-21 00:55:20,247] {processor.py:654} INFO - DAG(s) dict_keys(['example_bash_operator']) retrieved from /home/airflow/.local/lib/python3.8/site-packages/airflow/example_dags/example_bash_operator.py
[2022-05-21 00:55:20,258] {logging_mixin.py:109} INFO - [2022-05-21 00:55:20,258] {dag.py:2398} INFO - Sync 1 DAGs
[2022-05-21 00:55:20,278] {logging_mixin.py:109} INFO - [2022-05-21 00:55:20,277] {dag.py:2937} INFO - Setting next_dagrun for example_bash_operator to 2022-05-20 00:00:00+00:00
[2022-05-21 00:55:20,293] {processor.py:171} INFO - Processing /home/airflow/.local/lib/python3.8/site-packages/airflow/example_dags/example_bash_operator.py took 0.102 seconds
[2022-05-21 00:55:51,640] {processor.py:163} INFO - Started process (PID=19483) to work on /home/airflow/.local/lib/python3.8/site-packages/airflow/example_dags/example_bash_operator.py
[2022-05-21 00:55:51,641] {processor.py:642} INFO - Processing file /home/airflow/.local/lib/python3.8/site-packages/airflow/example_dags/example_bash_operator.py for tasks to queue
[2022-05-21 00:55:51,641] {logging_mixin.py:109} INFO - [2022-05-21 00:55:51,641] {dagbag.py:500} INFO - Filling up the DagBag from /home/airflow/.local/lib/python3.8/site-packages/airflow/example_dags/example_bash_operator.py
[2022-05-21 00:55:51,670] {processor.py:654} INFO - DAG(s) dict_keys(['example_bash_operator']) retrieved from /home/airflow/.local/lib/python3.8/site-packages/airflow/example_dags/example_bash_operator.py
[2022-05-21 00:55:51,680] {logging_mixin.py:109} INFO - [2022-05-21 00:55:51,680] {dag.py:2398} INFO - Sync 1 DAGs
[2022-05-21 00:55:51,695] {logging_mixin.py:109} INFO - [2022-05-21 00:55:51,695] {dag.py:2937} INFO - Setting next_dagrun for example_bash_operator to 2022-05-20 00:00:00+00:00
[2022-05-21 00:55:51,706] {processor.py:171} INFO - Processing /home/airflow/.local/lib/python3.8/site-packages/airflow/example_dags/example_bash_operator.py took 0.068 seconds
[2022-05-21 00:56:22,119] {processor.py:163} INFO - Started process (PID=19585) to work on /home/airflow/.local/lib/python3.8/site-packages/airflow/example_dags/example_bash_operator.py
[2022-05-21 00:56:22,120] {processor.py:642} INFO - Processing file /home/airflow/.local/lib/python3.8/site-packages/airflow/example_dags/example_bash_operator.py for tasks to queue
[2022-05-21 00:56:22,121] {logging_mixin.py:109} INFO - [2022-05-21 00:56:22,121] {dagbag.py:500} INFO - Filling up the DagBag from /home/airflow/.local/lib/python3.8/site-packages/airflow/example_dags/example_bash_operator.py
[2022-05-21 00:56:22,150] {processor.py:654} INFO - DAG(s) dict_keys(['example_bash_operator']) retrieved from /home/airflow/.local/lib/python3.8/site-packages/airflow/example_dags/example_bash_operator.py
[2022-05-21 00:56:22,161] {logging_mixin.py:109} INFO - [2022-05-21 00:56:22,161] {dag.py:2398} INFO - Sync 1 DAGs
[2022-05-21 00:56:22,175] {logging_mixin.py:109} INFO - [2022-05-21 00:56:22,175] {dag.py:2937} INFO - Setting next_dagrun for example_bash_operator to 2022-05-20 00:00:00+00:00
[2022-05-21 00:56:22,184] {processor.py:171} INFO - Processing /home/airflow/.local/lib/python3.8/site-packages/airflow/example_dags/example_bash_operator.py took 0.067 seconds
[2022-05-21 00:56:53,408] {processor.py:163} INFO - Started process (PID=19679) to work on /home/airflow/.local/lib/python3.8/site-packages/airflow/example_dags/example_bash_operator.py
[2022-05-21 00:56:53,409] {processor.py:642} INFO - Processing file /home/airflow/.local/lib/python3.8/site-packages/airflow/example_dags/example_bash_operator.py for tasks to queue
[2022-05-21 00:56:53,410] {logging_mixin.py:109} INFO - [2022-05-21 00:56:53,410] {dagbag.py:500} INFO - Filling up the DagBag from /home/airflow/.local/lib/python3.8/site-packages/airflow/example_dags/example_bash_operator.py
[2022-05-21 00:56:53,443] {processor.py:654} INFO - DAG(s) dict_keys(['example_bash_operator']) retrieved from /home/airflow/.local/lib/python3.8/site-packages/airflow/example_dags/example_bash_operator.py
[2022-05-21 00:56:53,454] {logging_mixin.py:109} INFO - [2022-05-21 00:56:53,453] {dag.py:2398} INFO - Sync 1 DAGs
[2022-05-21 00:56:53,470] {logging_mixin.py:109} INFO - [2022-05-21 00:56:53,470] {dag.py:2937} INFO - Setting next_dagrun for example_bash_operator to 2022-05-20 00:00:00+00:00
[2022-05-21 00:56:53,482] {processor.py:171} INFO - Processing /home/airflow/.local/lib/python3.8/site-packages/airflow/example_dags/example_bash_operator.py took 0.077 seconds
[2022-05-21 00:57:24,652] {processor.py:163} INFO - Started process (PID=19765) to work on /home/airflow/.local/lib/python3.8/site-packages/airflow/example_dags/example_bash_operator.py
[2022-05-21 00:57:24,653] {processor.py:642} INFO - Processing file /home/airflow/.local/lib/python3.8/site-packages/airflow/example_dags/example_bash_operator.py for tasks to queue
[2022-05-21 00:57:24,654] {logging_mixin.py:109} INFO - [2022-05-21 00:57:24,654] {dagbag.py:500} INFO - Filling up the DagBag from /home/airflow/.local/lib/python3.8/site-packages/airflow/example_dags/example_bash_operator.py
[2022-05-21 00:57:24,683] {processor.py:654} INFO - DAG(s) dict_keys(['example_bash_operator']) retrieved from /home/airflow/.local/lib/python3.8/site-packages/airflow/example_dags/example_bash_operator.py
[2022-05-21 00:57:24,690] {logging_mixin.py:109} INFO - [2022-05-21 00:57:24,690] {dag.py:2398} INFO - Sync 1 DAGs
[2022-05-21 00:57:24,704] {logging_mixin.py:109} INFO - [2022-05-21 00:57:24,704] {dag.py:2937} INFO - Setting next_dagrun for example_bash_operator to 2022-05-20 00:00:00+00:00
[2022-05-21 00:57:24,714] {processor.py:171} INFO - Processing /home/airflow/.local/lib/python3.8/site-packages/airflow/example_dags/example_bash_operator.py took 0.063 seconds
[2022-05-21 00:57:56,026] {processor.py:163} INFO - Started process (PID=19851) to work on /home/airflow/.local/lib/python3.8/site-packages/airflow/example_dags/example_bash_operator.py
[2022-05-21 00:57:56,029] {processor.py:642} INFO - Processing file /home/airflow/.local/lib/python3.8/site-packages/airflow/example_dags/example_bash_operator.py for tasks to queue
[2022-05-21 00:57:56,029] {logging_mixin.py:109} INFO - [2022-05-21 00:57:56,029] {dagbag.py:500} INFO - Filling up the DagBag from /home/airflow/.local/lib/python3.8/site-packages/airflow/example_dags/example_bash_operator.py
[2022-05-21 00:57:56,068] {processor.py:654} INFO - DAG(s) dict_keys(['example_bash_operator']) retrieved from /home/airflow/.local/lib/python3.8/site-packages/airflow/example_dags/example_bash_operator.py
[2022-05-21 00:57:56,080] {logging_mixin.py:109} INFO - [2022-05-21 00:57:56,080] {dag.py:2398} INFO - Sync 1 DAGs
[2022-05-21 00:57:56,097] {logging_mixin.py:109} INFO - [2022-05-21 00:57:56,097] {dag.py:2937} INFO - Setting next_dagrun for example_bash_operator to 2022-05-20 00:00:00+00:00
[2022-05-21 00:57:56,108] {processor.py:171} INFO - Processing /home/airflow/.local/lib/python3.8/site-packages/airflow/example_dags/example_bash_operator.py took 0.085 seconds
[2022-05-21 00:58:26,543] {processor.py:163} INFO - Started process (PID=19942) to work on /home/airflow/.local/lib/python3.8/site-packages/airflow/example_dags/example_bash_operator.py
[2022-05-21 00:58:26,544] {processor.py:642} INFO - Processing file /home/airflow/.local/lib/python3.8/site-packages/airflow/example_dags/example_bash_operator.py for tasks to queue
[2022-05-21 00:58:26,545] {logging_mixin.py:109} INFO - [2022-05-21 00:58:26,545] {dagbag.py:500} INFO - Filling up the DagBag from /home/airflow/.local/lib/python3.8/site-packages/airflow/example_dags/example_bash_operator.py
[2022-05-21 00:58:26,581] {processor.py:654} INFO - DAG(s) dict_keys(['example_bash_operator']) retrieved from /home/airflow/.local/lib/python3.8/site-packages/airflow/example_dags/example_bash_operator.py
[2022-05-21 00:58:26,591] {logging_mixin.py:109} INFO - [2022-05-21 00:58:26,590] {dag.py:2398} INFO - Sync 1 DAGs
[2022-05-21 00:58:26,604] {logging_mixin.py:109} INFO - [2022-05-21 00:58:26,604] {dag.py:2937} INFO - Setting next_dagrun for example_bash_operator to 2022-05-20 00:00:00+00:00
[2022-05-21 00:58:26,616] {processor.py:171} INFO - Processing /home/airflow/.local/lib/python3.8/site-packages/airflow/example_dags/example_bash_operator.py took 0.075 seconds
[2022-05-21 00:58:57,135] {processor.py:163} INFO - Started process (PID=20031) to work on /home/airflow/.local/lib/python3.8/site-packages/airflow/example_dags/example_bash_operator.py
[2022-05-21 00:58:57,137] {processor.py:642} INFO - Processing file /home/airflow/.local/lib/python3.8/site-packages/airflow/example_dags/example_bash_operator.py for tasks to queue
[2022-05-21 00:58:57,137] {logging_mixin.py:109} INFO - [2022-05-21 00:58:57,137] {dagbag.py:500} INFO - Filling up the DagBag from /home/airflow/.local/lib/python3.8/site-packages/airflow/example_dags/example_bash_operator.py
[2022-05-21 00:58:57,173] {processor.py:654} INFO - DAG(s) dict_keys(['example_bash_operator']) retrieved from /home/airflow/.local/lib/python3.8/site-packages/airflow/example_dags/example_bash_operator.py
[2022-05-21 00:58:57,183] {logging_mixin.py:109} INFO - [2022-05-21 00:58:57,183] {dag.py:2398} INFO - Sync 1 DAGs
[2022-05-21 00:58:57,197] {logging_mixin.py:109} INFO - [2022-05-21 00:58:57,197] {dag.py:2937} INFO - Setting next_dagrun for example_bash_operator to 2022-05-20 00:00:00+00:00
[2022-05-21 00:58:57,207] {processor.py:171} INFO - Processing /home/airflow/.local/lib/python3.8/site-packages/airflow/example_dags/example_bash_operator.py took 0.076 seconds
[2022-05-21 00:59:27,778] {processor.py:163} INFO - Started process (PID=20142) to work on /home/airflow/.local/lib/python3.8/site-packages/airflow/example_dags/example_bash_operator.py
[2022-05-21 00:59:27,779] {processor.py:642} INFO - Processing file /home/airflow/.local/lib/python3.8/site-packages/airflow/example_dags/example_bash_operator.py for tasks to queue
[2022-05-21 00:59:27,780] {logging_mixin.py:109} INFO - [2022-05-21 00:59:27,780] {dagbag.py:500} INFO - Filling up the DagBag from /home/airflow/.local/lib/python3.8/site-packages/airflow/example_dags/example_bash_operator.py
[2022-05-21 00:59:27,812] {processor.py:654} INFO - DAG(s) dict_keys(['example_bash_operator']) retrieved from /home/airflow/.local/lib/python3.8/site-packages/airflow/example_dags/example_bash_operator.py
[2022-05-21 00:59:27,824] {logging_mixin.py:109} INFO - [2022-05-21 00:59:27,824] {dag.py:2398} INFO - Sync 1 DAGs
[2022-05-21 00:59:27,839] {logging_mixin.py:109} INFO - [2022-05-21 00:59:27,839] {dag.py:2937} INFO - Setting next_dagrun for example_bash_operator to 2022-05-20 00:00:00+00:00
[2022-05-21 00:59:27,853] {processor.py:171} INFO - Processing /home/airflow/.local/lib/python3.8/site-packages/airflow/example_dags/example_bash_operator.py took 0.078 seconds
[2022-05-21 00:59:58,436] {processor.py:163} INFO - Started process (PID=20227) to work on /home/airflow/.local/lib/python3.8/site-packages/airflow/example_dags/example_bash_operator.py
[2022-05-21 00:59:58,438] {processor.py:642} INFO - Processing file /home/airflow/.local/lib/python3.8/site-packages/airflow/example_dags/example_bash_operator.py for tasks to queue
[2022-05-21 00:59:58,439] {logging_mixin.py:109} INFO - [2022-05-21 00:59:58,439] {dagbag.py:500} INFO - Filling up the DagBag from /home/airflow/.local/lib/python3.8/site-packages/airflow/example_dags/example_bash_operator.py
[2022-05-21 00:59:58,471] {processor.py:654} INFO - DAG(s) dict_keys(['example_bash_operator']) retrieved from /home/airflow/.local/lib/python3.8/site-packages/airflow/example_dags/example_bash_operator.py
[2022-05-21 00:59:58,479] {logging_mixin.py:109} INFO - [2022-05-21 00:59:58,479] {dag.py:2398} INFO - Sync 1 DAGs
[2022-05-21 00:59:58,495] {logging_mixin.py:109} INFO - [2022-05-21 00:59:58,495] {dag.py:2937} INFO - Setting next_dagrun for example_bash_operator to 2022-05-20 00:00:00+00:00
[2022-05-21 00:59:58,504] {processor.py:171} INFO - Processing /home/airflow/.local/lib/python3.8/site-packages/airflow/example_dags/example_bash_operator.py took 0.070 seconds
[2022-05-21 01:00:28,987] {processor.py:163} INFO - Started process (PID=20318) to work on /home/airflow/.local/lib/python3.8/site-packages/airflow/example_dags/example_bash_operator.py
[2022-05-21 01:00:28,988] {processor.py:642} INFO - Processing file /home/airflow/.local/lib/python3.8/site-packages/airflow/example_dags/example_bash_operator.py for tasks to queue
[2022-05-21 01:00:28,988] {logging_mixin.py:109} INFO - [2022-05-21 01:00:28,988] {dagbag.py:500} INFO - Filling up the DagBag from /home/airflow/.local/lib/python3.8/site-packages/airflow/example_dags/example_bash_operator.py
[2022-05-21 01:00:29,019] {processor.py:654} INFO - DAG(s) dict_keys(['example_bash_operator']) retrieved from /home/airflow/.local/lib/python3.8/site-packages/airflow/example_dags/example_bash_operator.py
[2022-05-21 01:00:29,030] {logging_mixin.py:109} INFO - [2022-05-21 01:00:29,030] {dag.py:2398} INFO - Sync 1 DAGs
[2022-05-21 01:00:29,048] {logging_mixin.py:109} INFO - [2022-05-21 01:00:29,048] {dag.py:2937} INFO - Setting next_dagrun for example_bash_operator to 2022-05-20 00:00:00+00:00
[2022-05-21 01:00:29,061] {processor.py:171} INFO - Processing /home/airflow/.local/lib/python3.8/site-packages/airflow/example_dags/example_bash_operator.py took 0.076 seconds
[2022-05-21 01:00:59,527] {processor.py:163} INFO - Started process (PID=20387) to work on /home/airflow/.local/lib/python3.8/site-packages/airflow/example_dags/example_bash_operator.py
[2022-05-21 01:00:59,528] {processor.py:642} INFO - Processing file /home/airflow/.local/lib/python3.8/site-packages/airflow/example_dags/example_bash_operator.py for tasks to queue
[2022-05-21 01:00:59,528] {logging_mixin.py:109} INFO - [2022-05-21 01:00:59,528] {dagbag.py:500} INFO - Filling up the DagBag from /home/airflow/.local/lib/python3.8/site-packages/airflow/example_dags/example_bash_operator.py
[2022-05-21 01:00:59,568] {processor.py:654} INFO - DAG(s) dict_keys(['example_bash_operator']) retrieved from /home/airflow/.local/lib/python3.8/site-packages/airflow/example_dags/example_bash_operator.py
[2022-05-21 01:00:59,579] {logging_mixin.py:109} INFO - [2022-05-21 01:00:59,579] {dag.py:2398} INFO - Sync 1 DAGs
[2022-05-21 01:00:59,600] {logging_mixin.py:109} INFO - [2022-05-21 01:00:59,599] {dag.py:2937} INFO - Setting next_dagrun for example_bash_operator to 2022-05-20 00:00:00+00:00
[2022-05-21 01:00:59,613] {processor.py:171} INFO - Processing /home/airflow/.local/lib/python3.8/site-packages/airflow/example_dags/example_bash_operator.py took 0.089 seconds
[2022-05-21 01:01:30,301] {processor.py:163} INFO - Started process (PID=20472) to work on /home/airflow/.local/lib/python3.8/site-packages/airflow/example_dags/example_bash_operator.py
[2022-05-21 01:01:30,303] {processor.py:642} INFO - Processing file /home/airflow/.local/lib/python3.8/site-packages/airflow/example_dags/example_bash_operator.py for tasks to queue
[2022-05-21 01:01:30,304] {logging_mixin.py:109} INFO - [2022-05-21 01:01:30,304] {dagbag.py:500} INFO - Filling up the DagBag from /home/airflow/.local/lib/python3.8/site-packages/airflow/example_dags/example_bash_operator.py
[2022-05-21 01:01:30,355] {processor.py:654} INFO - DAG(s) dict_keys(['example_bash_operator']) retrieved from /home/airflow/.local/lib/python3.8/site-packages/airflow/example_dags/example_bash_operator.py
[2022-05-21 01:01:30,372] {logging_mixin.py:109} INFO - [2022-05-21 01:01:30,372] {dag.py:2398} INFO - Sync 1 DAGs
[2022-05-21 01:01:30,389] {logging_mixin.py:109} INFO - [2022-05-21 01:01:30,389] {dag.py:2937} INFO - Setting next_dagrun for example_bash_operator to 2022-05-20 00:00:00+00:00
[2022-05-21 01:01:30,404] {processor.py:171} INFO - Processing /home/airflow/.local/lib/python3.8/site-packages/airflow/example_dags/example_bash_operator.py took 0.106 seconds
[2022-05-21 01:02:00,493] {processor.py:163} INFO - Started process (PID=20565) to work on /home/airflow/.local/lib/python3.8/site-packages/airflow/example_dags/example_bash_operator.py
[2022-05-21 01:02:00,494] {processor.py:642} INFO - Processing file /home/airflow/.local/lib/python3.8/site-packages/airflow/example_dags/example_bash_operator.py for tasks to queue
[2022-05-21 01:02:00,495] {logging_mixin.py:109} INFO - [2022-05-21 01:02:00,495] {dagbag.py:500} INFO - Filling up the DagBag from /home/airflow/.local/lib/python3.8/site-packages/airflow/example_dags/example_bash_operator.py
[2022-05-21 01:02:00,525] {processor.py:654} INFO - DAG(s) dict_keys(['example_bash_operator']) retrieved from /home/airflow/.local/lib/python3.8/site-packages/airflow/example_dags/example_bash_operator.py
[2022-05-21 01:02:00,534] {logging_mixin.py:109} INFO - [2022-05-21 01:02:00,534] {dag.py:2398} INFO - Sync 1 DAGs
[2022-05-21 01:02:00,549] {logging_mixin.py:109} INFO - [2022-05-21 01:02:00,549] {dag.py:2937} INFO - Setting next_dagrun for example_bash_operator to 2022-05-20 00:00:00+00:00
[2022-05-21 01:02:00,560] {processor.py:171} INFO - Processing /home/airflow/.local/lib/python3.8/site-packages/airflow/example_dags/example_bash_operator.py took 0.068 seconds
[2022-05-21 01:02:31,701] {processor.py:163} INFO - Started process (PID=20652) to work on /home/airflow/.local/lib/python3.8/site-packages/airflow/example_dags/example_bash_operator.py
[2022-05-21 01:02:31,703] {processor.py:642} INFO - Processing file /home/airflow/.local/lib/python3.8/site-packages/airflow/example_dags/example_bash_operator.py for tasks to queue
[2022-05-21 01:02:31,704] {logging_mixin.py:109} INFO - [2022-05-21 01:02:31,704] {dagbag.py:500} INFO - Filling up the DagBag from /home/airflow/.local/lib/python3.8/site-packages/airflow/example_dags/example_bash_operator.py
[2022-05-21 01:02:31,737] {processor.py:654} INFO - DAG(s) dict_keys(['example_bash_operator']) retrieved from /home/airflow/.local/lib/python3.8/site-packages/airflow/example_dags/example_bash_operator.py
[2022-05-21 01:02:31,747] {logging_mixin.py:109} INFO - [2022-05-21 01:02:31,747] {dag.py:2398} INFO - Sync 1 DAGs
[2022-05-21 01:02:31,783] {logging_mixin.py:109} INFO - [2022-05-21 01:02:31,783] {dag.py:2937} INFO - Setting next_dagrun for example_bash_operator to 2022-05-20 00:00:00+00:00
[2022-05-21 01:02:31,797] {processor.py:171} INFO - Processing /home/airflow/.local/lib/python3.8/site-packages/airflow/example_dags/example_bash_operator.py took 0.098 seconds
