[2022-05-21 00:00:01,943] {processor.py:163} INFO - Started process (PID=13758) to work on /home/airflow/.local/lib/python3.8/site-packages/airflow/example_dags/example_sla_dag.py
[2022-05-21 00:00:01,944] {processor.py:642} INFO - Processing file /home/airflow/.local/lib/python3.8/site-packages/airflow/example_dags/example_sla_dag.py for tasks to queue
[2022-05-21 00:00:01,944] {logging_mixin.py:109} INFO - [2022-05-21 00:00:01,944] {dagbag.py:500} INFO - Filling up the DagBag from /home/airflow/.local/lib/python3.8/site-packages/airflow/example_dags/example_sla_dag.py
[2022-05-21 00:00:01,971] {processor.py:654} INFO - DAG(s) dict_keys(['example_sla_dag']) retrieved from /home/airflow/.local/lib/python3.8/site-packages/airflow/example_dags/example_sla_dag.py
[2022-05-21 00:00:01,978] {logging_mixin.py:109} INFO - [2022-05-21 00:00:01,978] {dag.py:2398} INFO - Sync 1 DAGs
[2022-05-21 00:00:01,994] {logging_mixin.py:109} INFO - [2022-05-21 00:00:01,994] {dag.py:2937} INFO - Setting next_dagrun for example_sla_dag to 2022-05-20T23:58:00+00:00
[2022-05-21 00:00:02,003] {processor.py:171} INFO - Processing /home/airflow/.local/lib/python3.8/site-packages/airflow/example_dags/example_sla_dag.py took 0.062 seconds
[2022-05-21 00:00:32,943] {processor.py:163} INFO - Started process (PID=13852) to work on /home/airflow/.local/lib/python3.8/site-packages/airflow/example_dags/example_sla_dag.py
[2022-05-21 00:00:32,944] {processor.py:642} INFO - Processing file /home/airflow/.local/lib/python3.8/site-packages/airflow/example_dags/example_sla_dag.py for tasks to queue
[2022-05-21 00:00:32,944] {logging_mixin.py:109} INFO - [2022-05-21 00:00:32,944] {dagbag.py:500} INFO - Filling up the DagBag from /home/airflow/.local/lib/python3.8/site-packages/airflow/example_dags/example_sla_dag.py
[2022-05-21 00:00:32,974] {processor.py:654} INFO - DAG(s) dict_keys(['example_sla_dag']) retrieved from /home/airflow/.local/lib/python3.8/site-packages/airflow/example_dags/example_sla_dag.py
[2022-05-21 00:00:32,982] {logging_mixin.py:109} INFO - [2022-05-21 00:00:32,982] {dag.py:2398} INFO - Sync 1 DAGs
[2022-05-21 00:00:32,997] {logging_mixin.py:109} INFO - [2022-05-21 00:00:32,997] {dag.py:2937} INFO - Setting next_dagrun for example_sla_dag to 2022-05-20T23:58:00+00:00
[2022-05-21 00:00:33,006] {processor.py:171} INFO - Processing /home/airflow/.local/lib/python3.8/site-packages/airflow/example_dags/example_sla_dag.py took 0.066 seconds
[2022-05-21 00:01:04,249] {processor.py:163} INFO - Started process (PID=13937) to work on /home/airflow/.local/lib/python3.8/site-packages/airflow/example_dags/example_sla_dag.py
[2022-05-21 00:01:04,250] {processor.py:642} INFO - Processing file /home/airflow/.local/lib/python3.8/site-packages/airflow/example_dags/example_sla_dag.py for tasks to queue
[2022-05-21 00:01:04,251] {logging_mixin.py:109} INFO - [2022-05-21 00:01:04,251] {dagbag.py:500} INFO - Filling up the DagBag from /home/airflow/.local/lib/python3.8/site-packages/airflow/example_dags/example_sla_dag.py
[2022-05-21 00:01:04,278] {processor.py:654} INFO - DAG(s) dict_keys(['example_sla_dag']) retrieved from /home/airflow/.local/lib/python3.8/site-packages/airflow/example_dags/example_sla_dag.py
[2022-05-21 00:01:04,286] {logging_mixin.py:109} INFO - [2022-05-21 00:01:04,286] {dag.py:2398} INFO - Sync 1 DAGs
[2022-05-21 00:01:04,300] {logging_mixin.py:109} INFO - [2022-05-21 00:01:04,300] {dag.py:2937} INFO - Setting next_dagrun for example_sla_dag to 2022-05-20T23:58:00+00:00
[2022-05-21 00:01:04,310] {processor.py:171} INFO - Processing /home/airflow/.local/lib/python3.8/site-packages/airflow/example_dags/example_sla_dag.py took 0.063 seconds
[2022-05-21 00:01:35,429] {processor.py:163} INFO - Started process (PID=14030) to work on /home/airflow/.local/lib/python3.8/site-packages/airflow/example_dags/example_sla_dag.py
[2022-05-21 00:01:35,430] {processor.py:642} INFO - Processing file /home/airflow/.local/lib/python3.8/site-packages/airflow/example_dags/example_sla_dag.py for tasks to queue
[2022-05-21 00:01:35,430] {logging_mixin.py:109} INFO - [2022-05-21 00:01:35,430] {dagbag.py:500} INFO - Filling up the DagBag from /home/airflow/.local/lib/python3.8/site-packages/airflow/example_dags/example_sla_dag.py
[2022-05-21 00:01:35,455] {processor.py:654} INFO - DAG(s) dict_keys(['example_sla_dag']) retrieved from /home/airflow/.local/lib/python3.8/site-packages/airflow/example_dags/example_sla_dag.py
[2022-05-21 00:01:35,463] {logging_mixin.py:109} INFO - [2022-05-21 00:01:35,463] {dag.py:2398} INFO - Sync 1 DAGs
[2022-05-21 00:01:35,479] {logging_mixin.py:109} INFO - [2022-05-21 00:01:35,479] {dag.py:2937} INFO - Setting next_dagrun for example_sla_dag to 2022-05-20T23:58:00+00:00
[2022-05-21 00:01:35,488] {processor.py:171} INFO - Processing /home/airflow/.local/lib/python3.8/site-packages/airflow/example_dags/example_sla_dag.py took 0.061 seconds
[2022-05-21 00:02:06,464] {processor.py:163} INFO - Started process (PID=14114) to work on /home/airflow/.local/lib/python3.8/site-packages/airflow/example_dags/example_sla_dag.py
[2022-05-21 00:02:06,465] {processor.py:642} INFO - Processing file /home/airflow/.local/lib/python3.8/site-packages/airflow/example_dags/example_sla_dag.py for tasks to queue
[2022-05-21 00:02:06,466] {logging_mixin.py:109} INFO - [2022-05-21 00:02:06,466] {dagbag.py:500} INFO - Filling up the DagBag from /home/airflow/.local/lib/python3.8/site-packages/airflow/example_dags/example_sla_dag.py
[2022-05-21 00:02:06,500] {processor.py:654} INFO - DAG(s) dict_keys(['example_sla_dag']) retrieved from /home/airflow/.local/lib/python3.8/site-packages/airflow/example_dags/example_sla_dag.py
[2022-05-21 00:02:06,508] {logging_mixin.py:109} INFO - [2022-05-21 00:02:06,508] {dag.py:2398} INFO - Sync 1 DAGs
[2022-05-21 00:02:06,526] {logging_mixin.py:109} INFO - [2022-05-21 00:02:06,525] {dag.py:2937} INFO - Setting next_dagrun for example_sla_dag to 2022-05-21T00:00:00+00:00
[2022-05-21 00:02:06,534] {processor.py:171} INFO - Processing /home/airflow/.local/lib/python3.8/site-packages/airflow/example_dags/example_sla_dag.py took 0.072 seconds
[2022-05-21 00:02:37,328] {processor.py:163} INFO - Started process (PID=14205) to work on /home/airflow/.local/lib/python3.8/site-packages/airflow/example_dags/example_sla_dag.py
[2022-05-21 00:02:37,328] {processor.py:642} INFO - Processing file /home/airflow/.local/lib/python3.8/site-packages/airflow/example_dags/example_sla_dag.py for tasks to queue
[2022-05-21 00:02:37,329] {logging_mixin.py:109} INFO - [2022-05-21 00:02:37,329] {dagbag.py:500} INFO - Filling up the DagBag from /home/airflow/.local/lib/python3.8/site-packages/airflow/example_dags/example_sla_dag.py
[2022-05-21 00:02:37,358] {processor.py:654} INFO - DAG(s) dict_keys(['example_sla_dag']) retrieved from /home/airflow/.local/lib/python3.8/site-packages/airflow/example_dags/example_sla_dag.py
[2022-05-21 00:02:37,366] {logging_mixin.py:109} INFO - [2022-05-21 00:02:37,366] {dag.py:2398} INFO - Sync 1 DAGs
[2022-05-21 00:02:37,381] {logging_mixin.py:109} INFO - [2022-05-21 00:02:37,381] {dag.py:2937} INFO - Setting next_dagrun for example_sla_dag to 2022-05-21T00:00:00+00:00
[2022-05-21 00:02:37,390] {processor.py:171} INFO - Processing /home/airflow/.local/lib/python3.8/site-packages/airflow/example_dags/example_sla_dag.py took 0.065 seconds
[2022-05-21 00:03:07,561] {processor.py:163} INFO - Started process (PID=14271) to work on /home/airflow/.local/lib/python3.8/site-packages/airflow/example_dags/example_sla_dag.py
[2022-05-21 00:03:07,563] {processor.py:642} INFO - Processing file /home/airflow/.local/lib/python3.8/site-packages/airflow/example_dags/example_sla_dag.py for tasks to queue
[2022-05-21 00:03:07,563] {logging_mixin.py:109} INFO - [2022-05-21 00:03:07,563] {dagbag.py:500} INFO - Filling up the DagBag from /home/airflow/.local/lib/python3.8/site-packages/airflow/example_dags/example_sla_dag.py
[2022-05-21 00:03:07,591] {processor.py:654} INFO - DAG(s) dict_keys(['example_sla_dag']) retrieved from /home/airflow/.local/lib/python3.8/site-packages/airflow/example_dags/example_sla_dag.py
[2022-05-21 00:03:07,599] {logging_mixin.py:109} INFO - [2022-05-21 00:03:07,599] {dag.py:2398} INFO - Sync 1 DAGs
[2022-05-21 00:03:07,614] {logging_mixin.py:109} INFO - [2022-05-21 00:03:07,614] {dag.py:2937} INFO - Setting next_dagrun for example_sla_dag to 2022-05-21T00:00:00+00:00
[2022-05-21 00:03:07,623] {processor.py:171} INFO - Processing /home/airflow/.local/lib/python3.8/site-packages/airflow/example_dags/example_sla_dag.py took 0.064 seconds
[2022-05-21 00:03:37,958] {processor.py:163} INFO - Started process (PID=14348) to work on /home/airflow/.local/lib/python3.8/site-packages/airflow/example_dags/example_sla_dag.py
[2022-05-21 00:03:37,959] {processor.py:642} INFO - Processing file /home/airflow/.local/lib/python3.8/site-packages/airflow/example_dags/example_sla_dag.py for tasks to queue
[2022-05-21 00:03:37,960] {logging_mixin.py:109} INFO - [2022-05-21 00:03:37,960] {dagbag.py:500} INFO - Filling up the DagBag from /home/airflow/.local/lib/python3.8/site-packages/airflow/example_dags/example_sla_dag.py
[2022-05-21 00:03:37,989] {processor.py:654} INFO - DAG(s) dict_keys(['example_sla_dag']) retrieved from /home/airflow/.local/lib/python3.8/site-packages/airflow/example_dags/example_sla_dag.py
[2022-05-21 00:03:37,998] {logging_mixin.py:109} INFO - [2022-05-21 00:03:37,998] {dag.py:2398} INFO - Sync 1 DAGs
[2022-05-21 00:03:38,014] {logging_mixin.py:109} INFO - [2022-05-21 00:03:38,014] {dag.py:2937} INFO - Setting next_dagrun for example_sla_dag to 2022-05-21T00:00:00+00:00
[2022-05-21 00:03:38,024] {processor.py:171} INFO - Processing /home/airflow/.local/lib/python3.8/site-packages/airflow/example_dags/example_sla_dag.py took 0.069 seconds
[2022-05-21 00:04:08,199] {processor.py:163} INFO - Started process (PID=14432) to work on /home/airflow/.local/lib/python3.8/site-packages/airflow/example_dags/example_sla_dag.py
[2022-05-21 00:04:08,200] {processor.py:642} INFO - Processing file /home/airflow/.local/lib/python3.8/site-packages/airflow/example_dags/example_sla_dag.py for tasks to queue
[2022-05-21 00:04:08,200] {logging_mixin.py:109} INFO - [2022-05-21 00:04:08,200] {dagbag.py:500} INFO - Filling up the DagBag from /home/airflow/.local/lib/python3.8/site-packages/airflow/example_dags/example_sla_dag.py
[2022-05-21 00:04:08,227] {processor.py:654} INFO - DAG(s) dict_keys(['example_sla_dag']) retrieved from /home/airflow/.local/lib/python3.8/site-packages/airflow/example_dags/example_sla_dag.py
[2022-05-21 00:04:08,235] {logging_mixin.py:109} INFO - [2022-05-21 00:04:08,235] {dag.py:2398} INFO - Sync 1 DAGs
[2022-05-21 00:04:08,252] {logging_mixin.py:109} INFO - [2022-05-21 00:04:08,252] {dag.py:2937} INFO - Setting next_dagrun for example_sla_dag to 2022-05-21T00:02:00+00:00
[2022-05-21 00:04:08,262] {processor.py:171} INFO - Processing /home/airflow/.local/lib/python3.8/site-packages/airflow/example_dags/example_sla_dag.py took 0.065 seconds
[2022-05-21 00:04:38,547] {processor.py:163} INFO - Started process (PID=14525) to work on /home/airflow/.local/lib/python3.8/site-packages/airflow/example_dags/example_sla_dag.py
[2022-05-21 00:04:38,548] {processor.py:642} INFO - Processing file /home/airflow/.local/lib/python3.8/site-packages/airflow/example_dags/example_sla_dag.py for tasks to queue
[2022-05-21 00:04:38,549] {logging_mixin.py:109} INFO - [2022-05-21 00:04:38,549] {dagbag.py:500} INFO - Filling up the DagBag from /home/airflow/.local/lib/python3.8/site-packages/airflow/example_dags/example_sla_dag.py
[2022-05-21 00:04:38,580] {processor.py:654} INFO - DAG(s) dict_keys(['example_sla_dag']) retrieved from /home/airflow/.local/lib/python3.8/site-packages/airflow/example_dags/example_sla_dag.py
[2022-05-21 00:04:38,589] {logging_mixin.py:109} INFO - [2022-05-21 00:04:38,589] {dag.py:2398} INFO - Sync 1 DAGs
[2022-05-21 00:04:38,607] {logging_mixin.py:109} INFO - [2022-05-21 00:04:38,607] {dag.py:2937} INFO - Setting next_dagrun for example_sla_dag to 2022-05-21T00:02:00+00:00
[2022-05-21 00:04:38,618] {processor.py:171} INFO - Processing /home/airflow/.local/lib/python3.8/site-packages/airflow/example_dags/example_sla_dag.py took 0.072 seconds
[2022-05-21 00:05:09,474] {processor.py:163} INFO - Started process (PID=14611) to work on /home/airflow/.local/lib/python3.8/site-packages/airflow/example_dags/example_sla_dag.py
[2022-05-21 00:05:09,476] {processor.py:642} INFO - Processing file /home/airflow/.local/lib/python3.8/site-packages/airflow/example_dags/example_sla_dag.py for tasks to queue
[2022-05-21 00:05:09,477] {logging_mixin.py:109} INFO - [2022-05-21 00:05:09,476] {dagbag.py:500} INFO - Filling up the DagBag from /home/airflow/.local/lib/python3.8/site-packages/airflow/example_dags/example_sla_dag.py
[2022-05-21 00:05:09,502] {processor.py:654} INFO - DAG(s) dict_keys(['example_sla_dag']) retrieved from /home/airflow/.local/lib/python3.8/site-packages/airflow/example_dags/example_sla_dag.py
[2022-05-21 00:05:09,510] {logging_mixin.py:109} INFO - [2022-05-21 00:05:09,510] {dag.py:2398} INFO - Sync 1 DAGs
[2022-05-21 00:05:09,524] {logging_mixin.py:109} INFO - [2022-05-21 00:05:09,524] {dag.py:2937} INFO - Setting next_dagrun for example_sla_dag to 2022-05-21T00:02:00+00:00
[2022-05-21 00:05:09,533] {processor.py:171} INFO - Processing /home/airflow/.local/lib/python3.8/site-packages/airflow/example_dags/example_sla_dag.py took 0.061 seconds
[2022-05-21 00:05:39,936] {processor.py:163} INFO - Started process (PID=14704) to work on /home/airflow/.local/lib/python3.8/site-packages/airflow/example_dags/example_sla_dag.py
[2022-05-21 00:05:39,937] {processor.py:642} INFO - Processing file /home/airflow/.local/lib/python3.8/site-packages/airflow/example_dags/example_sla_dag.py for tasks to queue
[2022-05-21 00:05:39,937] {logging_mixin.py:109} INFO - [2022-05-21 00:05:39,937] {dagbag.py:500} INFO - Filling up the DagBag from /home/airflow/.local/lib/python3.8/site-packages/airflow/example_dags/example_sla_dag.py
[2022-05-21 00:05:39,964] {processor.py:654} INFO - DAG(s) dict_keys(['example_sla_dag']) retrieved from /home/airflow/.local/lib/python3.8/site-packages/airflow/example_dags/example_sla_dag.py
[2022-05-21 00:05:39,971] {logging_mixin.py:109} INFO - [2022-05-21 00:05:39,971] {dag.py:2398} INFO - Sync 1 DAGs
[2022-05-21 00:05:39,988] {logging_mixin.py:109} INFO - [2022-05-21 00:05:39,988] {dag.py:2937} INFO - Setting next_dagrun for example_sla_dag to 2022-05-21T00:02:00+00:00
[2022-05-21 00:05:39,998] {processor.py:171} INFO - Processing /home/airflow/.local/lib/python3.8/site-packages/airflow/example_dags/example_sla_dag.py took 0.064 seconds
[2022-05-21 00:06:10,832] {processor.py:163} INFO - Started process (PID=14789) to work on /home/airflow/.local/lib/python3.8/site-packages/airflow/example_dags/example_sla_dag.py
[2022-05-21 00:06:10,833] {processor.py:642} INFO - Processing file /home/airflow/.local/lib/python3.8/site-packages/airflow/example_dags/example_sla_dag.py for tasks to queue
[2022-05-21 00:06:10,833] {logging_mixin.py:109} INFO - [2022-05-21 00:06:10,833] {dagbag.py:500} INFO - Filling up the DagBag from /home/airflow/.local/lib/python3.8/site-packages/airflow/example_dags/example_sla_dag.py
[2022-05-21 00:06:10,858] {processor.py:654} INFO - DAG(s) dict_keys(['example_sla_dag']) retrieved from /home/airflow/.local/lib/python3.8/site-packages/airflow/example_dags/example_sla_dag.py
[2022-05-21 00:06:10,866] {logging_mixin.py:109} INFO - [2022-05-21 00:06:10,866] {dag.py:2398} INFO - Sync 1 DAGs
[2022-05-21 00:06:10,881] {logging_mixin.py:109} INFO - [2022-05-21 00:06:10,881] {dag.py:2937} INFO - Setting next_dagrun for example_sla_dag to 2022-05-21T00:04:00+00:00
[2022-05-21 00:06:10,891] {processor.py:171} INFO - Processing /home/airflow/.local/lib/python3.8/site-packages/airflow/example_dags/example_sla_dag.py took 0.061 seconds
[2022-05-21 00:06:41,309] {processor.py:163} INFO - Started process (PID=14884) to work on /home/airflow/.local/lib/python3.8/site-packages/airflow/example_dags/example_sla_dag.py
[2022-05-21 00:06:41,310] {processor.py:642} INFO - Processing file /home/airflow/.local/lib/python3.8/site-packages/airflow/example_dags/example_sla_dag.py for tasks to queue
[2022-05-21 00:06:41,311] {logging_mixin.py:109} INFO - [2022-05-21 00:06:41,311] {dagbag.py:500} INFO - Filling up the DagBag from /home/airflow/.local/lib/python3.8/site-packages/airflow/example_dags/example_sla_dag.py
[2022-05-21 00:06:41,344] {processor.py:654} INFO - DAG(s) dict_keys(['example_sla_dag']) retrieved from /home/airflow/.local/lib/python3.8/site-packages/airflow/example_dags/example_sla_dag.py
[2022-05-21 00:06:41,352] {logging_mixin.py:109} INFO - [2022-05-21 00:06:41,352] {dag.py:2398} INFO - Sync 1 DAGs
[2022-05-21 00:06:41,373] {logging_mixin.py:109} INFO - [2022-05-21 00:06:41,373] {dag.py:2937} INFO - Setting next_dagrun for example_sla_dag to 2022-05-21T00:04:00+00:00
[2022-05-21 00:06:41,385] {processor.py:171} INFO - Processing /home/airflow/.local/lib/python3.8/site-packages/airflow/example_dags/example_sla_dag.py took 0.078 seconds
[2022-05-21 00:07:12,233] {processor.py:163} INFO - Started process (PID=14969) to work on /home/airflow/.local/lib/python3.8/site-packages/airflow/example_dags/example_sla_dag.py
[2022-05-21 00:07:12,235] {processor.py:642} INFO - Processing file /home/airflow/.local/lib/python3.8/site-packages/airflow/example_dags/example_sla_dag.py for tasks to queue
[2022-05-21 00:07:12,235] {logging_mixin.py:109} INFO - [2022-05-21 00:07:12,235] {dagbag.py:500} INFO - Filling up the DagBag from /home/airflow/.local/lib/python3.8/site-packages/airflow/example_dags/example_sla_dag.py
[2022-05-21 00:07:12,281] {processor.py:654} INFO - DAG(s) dict_keys(['example_sla_dag']) retrieved from /home/airflow/.local/lib/python3.8/site-packages/airflow/example_dags/example_sla_dag.py
[2022-05-21 00:07:12,289] {logging_mixin.py:109} INFO - [2022-05-21 00:07:12,289] {dag.py:2398} INFO - Sync 1 DAGs
[2022-05-21 00:07:12,309] {logging_mixin.py:109} INFO - [2022-05-21 00:07:12,309] {dag.py:2937} INFO - Setting next_dagrun for example_sla_dag to 2022-05-21T00:04:00+00:00
[2022-05-21 00:07:12,317] {processor.py:171} INFO - Processing /home/airflow/.local/lib/python3.8/site-packages/airflow/example_dags/example_sla_dag.py took 0.087 seconds
[2022-05-21 00:07:43,238] {processor.py:163} INFO - Started process (PID=15063) to work on /home/airflow/.local/lib/python3.8/site-packages/airflow/example_dags/example_sla_dag.py
[2022-05-21 00:07:43,239] {processor.py:642} INFO - Processing file /home/airflow/.local/lib/python3.8/site-packages/airflow/example_dags/example_sla_dag.py for tasks to queue
[2022-05-21 00:07:43,239] {logging_mixin.py:109} INFO - [2022-05-21 00:07:43,239] {dagbag.py:500} INFO - Filling up the DagBag from /home/airflow/.local/lib/python3.8/site-packages/airflow/example_dags/example_sla_dag.py
[2022-05-21 00:07:43,269] {processor.py:654} INFO - DAG(s) dict_keys(['example_sla_dag']) retrieved from /home/airflow/.local/lib/python3.8/site-packages/airflow/example_dags/example_sla_dag.py
[2022-05-21 00:07:43,276] {logging_mixin.py:109} INFO - [2022-05-21 00:07:43,276] {dag.py:2398} INFO - Sync 1 DAGs
[2022-05-21 00:07:43,292] {logging_mixin.py:109} INFO - [2022-05-21 00:07:43,292] {dag.py:2937} INFO - Setting next_dagrun for example_sla_dag to 2022-05-21T00:04:00+00:00
[2022-05-21 00:07:43,303] {processor.py:171} INFO - Processing /home/airflow/.local/lib/python3.8/site-packages/airflow/example_dags/example_sla_dag.py took 0.067 seconds
[2022-05-21 00:08:13,802] {processor.py:163} INFO - Started process (PID=15149) to work on /home/airflow/.local/lib/python3.8/site-packages/airflow/example_dags/example_sla_dag.py
[2022-05-21 00:08:13,803] {processor.py:642} INFO - Processing file /home/airflow/.local/lib/python3.8/site-packages/airflow/example_dags/example_sla_dag.py for tasks to queue
[2022-05-21 00:08:13,804] {logging_mixin.py:109} INFO - [2022-05-21 00:08:13,803] {dagbag.py:500} INFO - Filling up the DagBag from /home/airflow/.local/lib/python3.8/site-packages/airflow/example_dags/example_sla_dag.py
[2022-05-21 00:08:13,829] {processor.py:654} INFO - DAG(s) dict_keys(['example_sla_dag']) retrieved from /home/airflow/.local/lib/python3.8/site-packages/airflow/example_dags/example_sla_dag.py
[2022-05-21 00:08:13,837] {logging_mixin.py:109} INFO - [2022-05-21 00:08:13,837] {dag.py:2398} INFO - Sync 1 DAGs
[2022-05-21 00:08:13,852] {logging_mixin.py:109} INFO - [2022-05-21 00:08:13,852] {dag.py:2937} INFO - Setting next_dagrun for example_sla_dag to 2022-05-21T00:06:00+00:00
[2022-05-21 00:08:13,862] {processor.py:171} INFO - Processing /home/airflow/.local/lib/python3.8/site-packages/airflow/example_dags/example_sla_dag.py took 0.062 seconds
[2022-05-21 00:08:44,283] {processor.py:163} INFO - Started process (PID=15242) to work on /home/airflow/.local/lib/python3.8/site-packages/airflow/example_dags/example_sla_dag.py
[2022-05-21 00:08:44,284] {processor.py:642} INFO - Processing file /home/airflow/.local/lib/python3.8/site-packages/airflow/example_dags/example_sla_dag.py for tasks to queue
[2022-05-21 00:08:44,285] {logging_mixin.py:109} INFO - [2022-05-21 00:08:44,285] {dagbag.py:500} INFO - Filling up the DagBag from /home/airflow/.local/lib/python3.8/site-packages/airflow/example_dags/example_sla_dag.py
[2022-05-21 00:08:44,309] {processor.py:654} INFO - DAG(s) dict_keys(['example_sla_dag']) retrieved from /home/airflow/.local/lib/python3.8/site-packages/airflow/example_dags/example_sla_dag.py
[2022-05-21 00:08:44,317] {logging_mixin.py:109} INFO - [2022-05-21 00:08:44,317] {dag.py:2398} INFO - Sync 1 DAGs
[2022-05-21 00:08:44,336] {logging_mixin.py:109} INFO - [2022-05-21 00:08:44,335] {dag.py:2937} INFO - Setting next_dagrun for example_sla_dag to 2022-05-21T00:06:00+00:00
[2022-05-21 00:08:44,345] {processor.py:171} INFO - Processing /home/airflow/.local/lib/python3.8/site-packages/airflow/example_dags/example_sla_dag.py took 0.064 seconds
[2022-05-21 00:09:15,255] {processor.py:163} INFO - Started process (PID=15327) to work on /home/airflow/.local/lib/python3.8/site-packages/airflow/example_dags/example_sla_dag.py
[2022-05-21 00:09:15,256] {processor.py:642} INFO - Processing file /home/airflow/.local/lib/python3.8/site-packages/airflow/example_dags/example_sla_dag.py for tasks to queue
[2022-05-21 00:09:15,257] {logging_mixin.py:109} INFO - [2022-05-21 00:09:15,256] {dagbag.py:500} INFO - Filling up the DagBag from /home/airflow/.local/lib/python3.8/site-packages/airflow/example_dags/example_sla_dag.py
[2022-05-21 00:09:15,288] {processor.py:654} INFO - DAG(s) dict_keys(['example_sla_dag']) retrieved from /home/airflow/.local/lib/python3.8/site-packages/airflow/example_dags/example_sla_dag.py
[2022-05-21 00:09:15,298] {logging_mixin.py:109} INFO - [2022-05-21 00:09:15,298] {dag.py:2398} INFO - Sync 1 DAGs
[2022-05-21 00:09:15,313] {logging_mixin.py:109} INFO - [2022-05-21 00:09:15,313] {dag.py:2937} INFO - Setting next_dagrun for example_sla_dag to 2022-05-21T00:06:00+00:00
[2022-05-21 00:09:15,321] {processor.py:171} INFO - Processing /home/airflow/.local/lib/python3.8/site-packages/airflow/example_dags/example_sla_dag.py took 0.069 seconds
[2022-05-21 00:32:43,383] {processor.py:163} INFO - Started process (PID=15396) to work on /home/airflow/.local/lib/python3.8/site-packages/airflow/example_dags/example_sla_dag.py
[2022-05-21 00:32:43,385] {processor.py:642} INFO - Processing file /home/airflow/.local/lib/python3.8/site-packages/airflow/example_dags/example_sla_dag.py for tasks to queue
[2022-05-21 00:32:43,385] {logging_mixin.py:109} INFO - [2022-05-21 00:32:43,385] {dagbag.py:500} INFO - Filling up the DagBag from /home/airflow/.local/lib/python3.8/site-packages/airflow/example_dags/example_sla_dag.py
[2022-05-21 00:32:43,440] {processor.py:654} INFO - DAG(s) dict_keys(['example_sla_dag']) retrieved from /home/airflow/.local/lib/python3.8/site-packages/airflow/example_dags/example_sla_dag.py
[2022-05-21 00:32:43,458] {logging_mixin.py:109} INFO - [2022-05-21 00:32:43,458] {dag.py:2398} INFO - Sync 1 DAGs
[2022-05-21 00:32:43,490] {logging_mixin.py:109} INFO - [2022-05-21 00:32:43,489] {dag.py:2937} INFO - Setting next_dagrun for example_sla_dag to 2022-05-21T00:30:00+00:00
[2022-05-21 00:32:43,506] {processor.py:171} INFO - Processing /home/airflow/.local/lib/python3.8/site-packages/airflow/example_dags/example_sla_dag.py took 0.125 seconds
[2022-05-21 00:33:14,668] {processor.py:163} INFO - Started process (PID=15481) to work on /home/airflow/.local/lib/python3.8/site-packages/airflow/example_dags/example_sla_dag.py
[2022-05-21 00:33:14,670] {processor.py:642} INFO - Processing file /home/airflow/.local/lib/python3.8/site-packages/airflow/example_dags/example_sla_dag.py for tasks to queue
[2022-05-21 00:33:14,670] {logging_mixin.py:109} INFO - [2022-05-21 00:33:14,670] {dagbag.py:500} INFO - Filling up the DagBag from /home/airflow/.local/lib/python3.8/site-packages/airflow/example_dags/example_sla_dag.py
[2022-05-21 00:33:14,699] {processor.py:654} INFO - DAG(s) dict_keys(['example_sla_dag']) retrieved from /home/airflow/.local/lib/python3.8/site-packages/airflow/example_dags/example_sla_dag.py
[2022-05-21 00:33:14,706] {logging_mixin.py:109} INFO - [2022-05-21 00:33:14,706] {dag.py:2398} INFO - Sync 1 DAGs
[2022-05-21 00:33:14,721] {logging_mixin.py:109} INFO - [2022-05-21 00:33:14,721] {dag.py:2937} INFO - Setting next_dagrun for example_sla_dag to 2022-05-21T00:30:00+00:00
[2022-05-21 00:33:14,730] {processor.py:171} INFO - Processing /home/airflow/.local/lib/python3.8/site-packages/airflow/example_dags/example_sla_dag.py took 0.064 seconds
[2022-05-21 00:33:45,715] {processor.py:163} INFO - Started process (PID=15574) to work on /home/airflow/.local/lib/python3.8/site-packages/airflow/example_dags/example_sla_dag.py
[2022-05-21 00:33:45,716] {processor.py:642} INFO - Processing file /home/airflow/.local/lib/python3.8/site-packages/airflow/example_dags/example_sla_dag.py for tasks to queue
[2022-05-21 00:33:45,717] {logging_mixin.py:109} INFO - [2022-05-21 00:33:45,717] {dagbag.py:500} INFO - Filling up the DagBag from /home/airflow/.local/lib/python3.8/site-packages/airflow/example_dags/example_sla_dag.py
[2022-05-21 00:33:45,748] {processor.py:654} INFO - DAG(s) dict_keys(['example_sla_dag']) retrieved from /home/airflow/.local/lib/python3.8/site-packages/airflow/example_dags/example_sla_dag.py
[2022-05-21 00:33:45,757] {logging_mixin.py:109} INFO - [2022-05-21 00:33:45,757] {dag.py:2398} INFO - Sync 1 DAGs
[2022-05-21 00:33:45,772] {logging_mixin.py:109} INFO - [2022-05-21 00:33:45,772] {dag.py:2937} INFO - Setting next_dagrun for example_sla_dag to 2022-05-21T00:30:00+00:00
[2022-05-21 00:33:45,783] {processor.py:171} INFO - Processing /home/airflow/.local/lib/python3.8/site-packages/airflow/example_dags/example_sla_dag.py took 0.069 seconds
[2022-05-21 00:34:17,016] {processor.py:163} INFO - Started process (PID=15658) to work on /home/airflow/.local/lib/python3.8/site-packages/airflow/example_dags/example_sla_dag.py
[2022-05-21 00:34:17,017] {processor.py:642} INFO - Processing file /home/airflow/.local/lib/python3.8/site-packages/airflow/example_dags/example_sla_dag.py for tasks to queue
[2022-05-21 00:34:17,018] {logging_mixin.py:109} INFO - [2022-05-21 00:34:17,018] {dagbag.py:500} INFO - Filling up the DagBag from /home/airflow/.local/lib/python3.8/site-packages/airflow/example_dags/example_sla_dag.py
[2022-05-21 00:34:17,046] {processor.py:654} INFO - DAG(s) dict_keys(['example_sla_dag']) retrieved from /home/airflow/.local/lib/python3.8/site-packages/airflow/example_dags/example_sla_dag.py
[2022-05-21 00:34:17,054] {logging_mixin.py:109} INFO - [2022-05-21 00:34:17,054] {dag.py:2398} INFO - Sync 1 DAGs
[2022-05-21 00:34:17,069] {logging_mixin.py:109} INFO - [2022-05-21 00:34:17,069] {dag.py:2937} INFO - Setting next_dagrun for example_sla_dag to 2022-05-21T00:32:00+00:00
[2022-05-21 00:34:17,078] {processor.py:171} INFO - Processing /home/airflow/.local/lib/python3.8/site-packages/airflow/example_dags/example_sla_dag.py took 0.063 seconds
[2022-05-21 00:34:48,660] {processor.py:163} INFO - Started process (PID=15750) to work on /home/airflow/.local/lib/python3.8/site-packages/airflow/example_dags/example_sla_dag.py
[2022-05-21 00:34:48,661] {processor.py:642} INFO - Processing file /home/airflow/.local/lib/python3.8/site-packages/airflow/example_dags/example_sla_dag.py for tasks to queue
[2022-05-21 00:34:48,662] {logging_mixin.py:109} INFO - [2022-05-21 00:34:48,661] {dagbag.py:500} INFO - Filling up the DagBag from /home/airflow/.local/lib/python3.8/site-packages/airflow/example_dags/example_sla_dag.py
[2022-05-21 00:34:48,696] {processor.py:654} INFO - DAG(s) dict_keys(['example_sla_dag']) retrieved from /home/airflow/.local/lib/python3.8/site-packages/airflow/example_dags/example_sla_dag.py
[2022-05-21 00:34:48,708] {logging_mixin.py:109} INFO - [2022-05-21 00:34:48,708] {dag.py:2398} INFO - Sync 1 DAGs
[2022-05-21 00:34:48,728] {logging_mixin.py:109} INFO - [2022-05-21 00:34:48,727] {dag.py:2937} INFO - Setting next_dagrun for example_sla_dag to 2022-05-21T00:32:00+00:00
[2022-05-21 00:34:48,738] {processor.py:171} INFO - Processing /home/airflow/.local/lib/python3.8/site-packages/airflow/example_dags/example_sla_dag.py took 0.080 seconds
[2022-05-21 00:35:19,807] {processor.py:163} INFO - Started process (PID=15834) to work on /home/airflow/.local/lib/python3.8/site-packages/airflow/example_dags/example_sla_dag.py
[2022-05-21 00:35:19,808] {processor.py:642} INFO - Processing file /home/airflow/.local/lib/python3.8/site-packages/airflow/example_dags/example_sla_dag.py for tasks to queue
[2022-05-21 00:35:19,808] {logging_mixin.py:109} INFO - [2022-05-21 00:35:19,808] {dagbag.py:500} INFO - Filling up the DagBag from /home/airflow/.local/lib/python3.8/site-packages/airflow/example_dags/example_sla_dag.py
[2022-05-21 00:35:19,841] {processor.py:654} INFO - DAG(s) dict_keys(['example_sla_dag']) retrieved from /home/airflow/.local/lib/python3.8/site-packages/airflow/example_dags/example_sla_dag.py
[2022-05-21 00:35:19,849] {logging_mixin.py:109} INFO - [2022-05-21 00:35:19,849] {dag.py:2398} INFO - Sync 1 DAGs
[2022-05-21 00:35:19,866] {logging_mixin.py:109} INFO - [2022-05-21 00:35:19,866] {dag.py:2937} INFO - Setting next_dagrun for example_sla_dag to 2022-05-21T00:32:00+00:00
[2022-05-21 00:35:19,878] {processor.py:171} INFO - Processing /home/airflow/.local/lib/python3.8/site-packages/airflow/example_dags/example_sla_dag.py took 0.073 seconds
[2022-05-21 00:35:51,092] {processor.py:163} INFO - Started process (PID=15916) to work on /home/airflow/.local/lib/python3.8/site-packages/airflow/example_dags/example_sla_dag.py
[2022-05-21 00:35:51,094] {processor.py:642} INFO - Processing file /home/airflow/.local/lib/python3.8/site-packages/airflow/example_dags/example_sla_dag.py for tasks to queue
[2022-05-21 00:35:51,095] {logging_mixin.py:109} INFO - [2022-05-21 00:35:51,095] {dagbag.py:500} INFO - Filling up the DagBag from /home/airflow/.local/lib/python3.8/site-packages/airflow/example_dags/example_sla_dag.py
[2022-05-21 00:35:51,124] {processor.py:654} INFO - DAG(s) dict_keys(['example_sla_dag']) retrieved from /home/airflow/.local/lib/python3.8/site-packages/airflow/example_dags/example_sla_dag.py
[2022-05-21 00:35:51,132] {logging_mixin.py:109} INFO - [2022-05-21 00:35:51,132] {dag.py:2398} INFO - Sync 1 DAGs
[2022-05-21 00:35:51,147] {logging_mixin.py:109} INFO - [2022-05-21 00:35:51,147] {dag.py:2937} INFO - Setting next_dagrun for example_sla_dag to 2022-05-21T00:32:00+00:00
[2022-05-21 00:35:51,155] {processor.py:171} INFO - Processing /home/airflow/.local/lib/python3.8/site-packages/airflow/example_dags/example_sla_dag.py took 0.065 seconds
[2022-05-21 00:36:21,642] {processor.py:163} INFO - Started process (PID=15995) to work on /home/airflow/.local/lib/python3.8/site-packages/airflow/example_dags/example_sla_dag.py
[2022-05-21 00:36:21,644] {processor.py:642} INFO - Processing file /home/airflow/.local/lib/python3.8/site-packages/airflow/example_dags/example_sla_dag.py for tasks to queue
[2022-05-21 00:36:21,645] {logging_mixin.py:109} INFO - [2022-05-21 00:36:21,645] {dagbag.py:500} INFO - Filling up the DagBag from /home/airflow/.local/lib/python3.8/site-packages/airflow/example_dags/example_sla_dag.py
[2022-05-21 00:36:21,678] {processor.py:654} INFO - DAG(s) dict_keys(['example_sla_dag']) retrieved from /home/airflow/.local/lib/python3.8/site-packages/airflow/example_dags/example_sla_dag.py
[2022-05-21 00:36:21,686] {logging_mixin.py:109} INFO - [2022-05-21 00:36:21,686] {dag.py:2398} INFO - Sync 1 DAGs
[2022-05-21 00:36:21,701] {logging_mixin.py:109} INFO - [2022-05-21 00:36:21,701] {dag.py:2937} INFO - Setting next_dagrun for example_sla_dag to 2022-05-21T00:34:00+00:00
[2022-05-21 00:36:21,711] {processor.py:171} INFO - Processing /home/airflow/.local/lib/python3.8/site-packages/airflow/example_dags/example_sla_dag.py took 0.073 seconds
[2022-05-21 00:36:52,363] {processor.py:163} INFO - Started process (PID=16079) to work on /home/airflow/.local/lib/python3.8/site-packages/airflow/example_dags/example_sla_dag.py
[2022-05-21 00:36:52,364] {processor.py:642} INFO - Processing file /home/airflow/.local/lib/python3.8/site-packages/airflow/example_dags/example_sla_dag.py for tasks to queue
[2022-05-21 00:36:52,365] {logging_mixin.py:109} INFO - [2022-05-21 00:36:52,365] {dagbag.py:500} INFO - Filling up the DagBag from /home/airflow/.local/lib/python3.8/site-packages/airflow/example_dags/example_sla_dag.py
[2022-05-21 00:36:52,396] {processor.py:654} INFO - DAG(s) dict_keys(['example_sla_dag']) retrieved from /home/airflow/.local/lib/python3.8/site-packages/airflow/example_dags/example_sla_dag.py
[2022-05-21 00:36:52,405] {logging_mixin.py:109} INFO - [2022-05-21 00:36:52,405] {dag.py:2398} INFO - Sync 1 DAGs
[2022-05-21 00:36:52,422] {logging_mixin.py:109} INFO - [2022-05-21 00:36:52,422] {dag.py:2937} INFO - Setting next_dagrun for example_sla_dag to 2022-05-21T00:34:00+00:00
[2022-05-21 00:36:52,433] {processor.py:171} INFO - Processing /home/airflow/.local/lib/python3.8/site-packages/airflow/example_dags/example_sla_dag.py took 0.072 seconds
[2022-05-21 00:37:22,686] {processor.py:163} INFO - Started process (PID=16172) to work on /home/airflow/.local/lib/python3.8/site-packages/airflow/example_dags/example_sla_dag.py
[2022-05-21 00:37:22,686] {processor.py:642} INFO - Processing file /home/airflow/.local/lib/python3.8/site-packages/airflow/example_dags/example_sla_dag.py for tasks to queue
[2022-05-21 00:37:22,687] {logging_mixin.py:109} INFO - [2022-05-21 00:37:22,687] {dagbag.py:500} INFO - Filling up the DagBag from /home/airflow/.local/lib/python3.8/site-packages/airflow/example_dags/example_sla_dag.py
[2022-05-21 00:37:22,720] {processor.py:654} INFO - DAG(s) dict_keys(['example_sla_dag']) retrieved from /home/airflow/.local/lib/python3.8/site-packages/airflow/example_dags/example_sla_dag.py
[2022-05-21 00:37:22,730] {logging_mixin.py:109} INFO - [2022-05-21 00:37:22,730] {dag.py:2398} INFO - Sync 1 DAGs
[2022-05-21 00:37:22,749] {logging_mixin.py:109} INFO - [2022-05-21 00:37:22,749] {dag.py:2937} INFO - Setting next_dagrun for example_sla_dag to 2022-05-21T00:34:00+00:00
[2022-05-21 00:37:22,762] {processor.py:171} INFO - Processing /home/airflow/.local/lib/python3.8/site-packages/airflow/example_dags/example_sla_dag.py took 0.079 seconds
[2022-05-21 00:37:53,818] {processor.py:163} INFO - Started process (PID=16257) to work on /home/airflow/.local/lib/python3.8/site-packages/airflow/example_dags/example_sla_dag.py
[2022-05-21 00:37:53,819] {processor.py:642} INFO - Processing file /home/airflow/.local/lib/python3.8/site-packages/airflow/example_dags/example_sla_dag.py for tasks to queue
[2022-05-21 00:37:53,820] {logging_mixin.py:109} INFO - [2022-05-21 00:37:53,820] {dagbag.py:500} INFO - Filling up the DagBag from /home/airflow/.local/lib/python3.8/site-packages/airflow/example_dags/example_sla_dag.py
[2022-05-21 00:37:53,846] {processor.py:654} INFO - DAG(s) dict_keys(['example_sla_dag']) retrieved from /home/airflow/.local/lib/python3.8/site-packages/airflow/example_dags/example_sla_dag.py
[2022-05-21 00:37:53,856] {logging_mixin.py:109} INFO - [2022-05-21 00:37:53,856] {dag.py:2398} INFO - Sync 1 DAGs
[2022-05-21 00:37:53,877] {logging_mixin.py:109} INFO - [2022-05-21 00:37:53,877] {dag.py:2937} INFO - Setting next_dagrun for example_sla_dag to 2022-05-21T00:34:00+00:00
[2022-05-21 00:37:53,888] {processor.py:171} INFO - Processing /home/airflow/.local/lib/python3.8/site-packages/airflow/example_dags/example_sla_dag.py took 0.072 seconds
[2022-05-21 00:38:24,310] {processor.py:163} INFO - Started process (PID=16342) to work on /home/airflow/.local/lib/python3.8/site-packages/airflow/example_dags/example_sla_dag.py
[2022-05-21 00:38:24,312] {processor.py:642} INFO - Processing file /home/airflow/.local/lib/python3.8/site-packages/airflow/example_dags/example_sla_dag.py for tasks to queue
[2022-05-21 00:38:24,313] {logging_mixin.py:109} INFO - [2022-05-21 00:38:24,313] {dagbag.py:500} INFO - Filling up the DagBag from /home/airflow/.local/lib/python3.8/site-packages/airflow/example_dags/example_sla_dag.py
[2022-05-21 00:38:24,349] {processor.py:654} INFO - DAG(s) dict_keys(['example_sla_dag']) retrieved from /home/airflow/.local/lib/python3.8/site-packages/airflow/example_dags/example_sla_dag.py
[2022-05-21 00:38:24,358] {logging_mixin.py:109} INFO - [2022-05-21 00:38:24,358] {dag.py:2398} INFO - Sync 1 DAGs
[2022-05-21 00:38:24,387] {logging_mixin.py:109} INFO - [2022-05-21 00:38:24,386] {dag.py:2937} INFO - Setting next_dagrun for example_sla_dag to 2022-05-21T00:36:00+00:00
[2022-05-21 00:38:24,399] {processor.py:171} INFO - Processing /home/airflow/.local/lib/python3.8/site-packages/airflow/example_dags/example_sla_dag.py took 0.092 seconds
[2022-05-21 00:38:54,651] {processor.py:163} INFO - Started process (PID=16435) to work on /home/airflow/.local/lib/python3.8/site-packages/airflow/example_dags/example_sla_dag.py
[2022-05-21 00:38:54,652] {processor.py:642} INFO - Processing file /home/airflow/.local/lib/python3.8/site-packages/airflow/example_dags/example_sla_dag.py for tasks to queue
[2022-05-21 00:38:54,653] {logging_mixin.py:109} INFO - [2022-05-21 00:38:54,653] {dagbag.py:500} INFO - Filling up the DagBag from /home/airflow/.local/lib/python3.8/site-packages/airflow/example_dags/example_sla_dag.py
[2022-05-21 00:38:54,685] {processor.py:654} INFO - DAG(s) dict_keys(['example_sla_dag']) retrieved from /home/airflow/.local/lib/python3.8/site-packages/airflow/example_dags/example_sla_dag.py
[2022-05-21 00:38:54,694] {logging_mixin.py:109} INFO - [2022-05-21 00:38:54,694] {dag.py:2398} INFO - Sync 1 DAGs
[2022-05-21 00:38:54,711] {logging_mixin.py:109} INFO - [2022-05-21 00:38:54,711] {dag.py:2937} INFO - Setting next_dagrun for example_sla_dag to 2022-05-21T00:36:00+00:00
[2022-05-21 00:38:54,721] {processor.py:171} INFO - Processing /home/airflow/.local/lib/python3.8/site-packages/airflow/example_dags/example_sla_dag.py took 0.072 seconds
[2022-05-21 00:39:26,057] {processor.py:163} INFO - Started process (PID=16520) to work on /home/airflow/.local/lib/python3.8/site-packages/airflow/example_dags/example_sla_dag.py
[2022-05-21 00:39:26,058] {processor.py:642} INFO - Processing file /home/airflow/.local/lib/python3.8/site-packages/airflow/example_dags/example_sla_dag.py for tasks to queue
[2022-05-21 00:39:26,059] {logging_mixin.py:109} INFO - [2022-05-21 00:39:26,059] {dagbag.py:500} INFO - Filling up the DagBag from /home/airflow/.local/lib/python3.8/site-packages/airflow/example_dags/example_sla_dag.py
[2022-05-21 00:39:26,098] {processor.py:654} INFO - DAG(s) dict_keys(['example_sla_dag']) retrieved from /home/airflow/.local/lib/python3.8/site-packages/airflow/example_dags/example_sla_dag.py
[2022-05-21 00:39:26,108] {logging_mixin.py:109} INFO - [2022-05-21 00:39:26,108] {dag.py:2398} INFO - Sync 1 DAGs
[2022-05-21 00:39:26,124] {logging_mixin.py:109} INFO - [2022-05-21 00:39:26,124] {dag.py:2937} INFO - Setting next_dagrun for example_sla_dag to 2022-05-21T00:36:00+00:00
[2022-05-21 00:39:26,146] {processor.py:171} INFO - Processing /home/airflow/.local/lib/python3.8/site-packages/airflow/example_dags/example_sla_dag.py took 0.092 seconds
[2022-05-21 00:39:56,626] {processor.py:163} INFO - Started process (PID=16632) to work on /home/airflow/.local/lib/python3.8/site-packages/airflow/example_dags/example_sla_dag.py
[2022-05-21 00:39:56,626] {processor.py:642} INFO - Processing file /home/airflow/.local/lib/python3.8/site-packages/airflow/example_dags/example_sla_dag.py for tasks to queue
[2022-05-21 00:39:56,627] {logging_mixin.py:109} INFO - [2022-05-21 00:39:56,627] {dagbag.py:500} INFO - Filling up the DagBag from /home/airflow/.local/lib/python3.8/site-packages/airflow/example_dags/example_sla_dag.py
[2022-05-21 00:39:56,656] {processor.py:654} INFO - DAG(s) dict_keys(['example_sla_dag']) retrieved from /home/airflow/.local/lib/python3.8/site-packages/airflow/example_dags/example_sla_dag.py
[2022-05-21 00:39:56,664] {logging_mixin.py:109} INFO - [2022-05-21 00:39:56,664] {dag.py:2398} INFO - Sync 1 DAGs
[2022-05-21 00:39:56,679] {logging_mixin.py:109} INFO - [2022-05-21 00:39:56,679] {dag.py:2937} INFO - Setting next_dagrun for example_sla_dag to 2022-05-21T00:36:00+00:00
[2022-05-21 00:39:56,688] {processor.py:171} INFO - Processing /home/airflow/.local/lib/python3.8/site-packages/airflow/example_dags/example_sla_dag.py took 0.065 seconds
[2022-05-21 00:40:27,580] {processor.py:163} INFO - Started process (PID=16716) to work on /home/airflow/.local/lib/python3.8/site-packages/airflow/example_dags/example_sla_dag.py
[2022-05-21 00:40:27,581] {processor.py:642} INFO - Processing file /home/airflow/.local/lib/python3.8/site-packages/airflow/example_dags/example_sla_dag.py for tasks to queue
[2022-05-21 00:40:27,582] {logging_mixin.py:109} INFO - [2022-05-21 00:40:27,582] {dagbag.py:500} INFO - Filling up the DagBag from /home/airflow/.local/lib/python3.8/site-packages/airflow/example_dags/example_sla_dag.py
[2022-05-21 00:40:27,614] {processor.py:654} INFO - DAG(s) dict_keys(['example_sla_dag']) retrieved from /home/airflow/.local/lib/python3.8/site-packages/airflow/example_dags/example_sla_dag.py
[2022-05-21 00:40:27,622] {logging_mixin.py:109} INFO - [2022-05-21 00:40:27,622] {dag.py:2398} INFO - Sync 1 DAGs
[2022-05-21 00:40:27,637] {logging_mixin.py:109} INFO - [2022-05-21 00:40:27,637] {dag.py:2937} INFO - Setting next_dagrun for example_sla_dag to 2022-05-21T00:38:00+00:00
[2022-05-21 00:40:27,646] {processor.py:171} INFO - Processing /home/airflow/.local/lib/python3.8/site-packages/airflow/example_dags/example_sla_dag.py took 0.068 seconds
[2022-05-21 00:40:58,605] {processor.py:163} INFO - Started process (PID=16809) to work on /home/airflow/.local/lib/python3.8/site-packages/airflow/example_dags/example_sla_dag.py
[2022-05-21 00:40:58,605] {processor.py:642} INFO - Processing file /home/airflow/.local/lib/python3.8/site-packages/airflow/example_dags/example_sla_dag.py for tasks to queue
[2022-05-21 00:40:58,606] {logging_mixin.py:109} INFO - [2022-05-21 00:40:58,606] {dagbag.py:500} INFO - Filling up the DagBag from /home/airflow/.local/lib/python3.8/site-packages/airflow/example_dags/example_sla_dag.py
[2022-05-21 00:40:58,638] {processor.py:654} INFO - DAG(s) dict_keys(['example_sla_dag']) retrieved from /home/airflow/.local/lib/python3.8/site-packages/airflow/example_dags/example_sla_dag.py
[2022-05-21 00:40:58,647] {logging_mixin.py:109} INFO - [2022-05-21 00:40:58,647] {dag.py:2398} INFO - Sync 1 DAGs
[2022-05-21 00:40:58,664] {logging_mixin.py:109} INFO - [2022-05-21 00:40:58,664] {dag.py:2937} INFO - Setting next_dagrun for example_sla_dag to 2022-05-21T00:38:00+00:00
[2022-05-21 00:40:58,674] {processor.py:171} INFO - Processing /home/airflow/.local/lib/python3.8/site-packages/airflow/example_dags/example_sla_dag.py took 0.071 seconds
[2022-05-21 00:41:29,736] {processor.py:163} INFO - Started process (PID=16894) to work on /home/airflow/.local/lib/python3.8/site-packages/airflow/example_dags/example_sla_dag.py
[2022-05-21 00:41:29,737] {processor.py:642} INFO - Processing file /home/airflow/.local/lib/python3.8/site-packages/airflow/example_dags/example_sla_dag.py for tasks to queue
[2022-05-21 00:41:29,738] {logging_mixin.py:109} INFO - [2022-05-21 00:41:29,738] {dagbag.py:500} INFO - Filling up the DagBag from /home/airflow/.local/lib/python3.8/site-packages/airflow/example_dags/example_sla_dag.py
[2022-05-21 00:41:29,767] {processor.py:654} INFO - DAG(s) dict_keys(['example_sla_dag']) retrieved from /home/airflow/.local/lib/python3.8/site-packages/airflow/example_dags/example_sla_dag.py
[2022-05-21 00:41:29,776] {logging_mixin.py:109} INFO - [2022-05-21 00:41:29,776] {dag.py:2398} INFO - Sync 1 DAGs
[2022-05-21 00:41:29,793] {logging_mixin.py:109} INFO - [2022-05-21 00:41:29,792] {dag.py:2937} INFO - Setting next_dagrun for example_sla_dag to 2022-05-21T00:38:00+00:00
[2022-05-21 00:41:29,804] {processor.py:171} INFO - Processing /home/airflow/.local/lib/python3.8/site-packages/airflow/example_dags/example_sla_dag.py took 0.070 seconds
[2022-05-21 00:42:01,014] {processor.py:163} INFO - Started process (PID=16987) to work on /home/airflow/.local/lib/python3.8/site-packages/airflow/example_dags/example_sla_dag.py
[2022-05-21 00:42:01,015] {processor.py:642} INFO - Processing file /home/airflow/.local/lib/python3.8/site-packages/airflow/example_dags/example_sla_dag.py for tasks to queue
[2022-05-21 00:42:01,016] {logging_mixin.py:109} INFO - [2022-05-21 00:42:01,015] {dagbag.py:500} INFO - Filling up the DagBag from /home/airflow/.local/lib/python3.8/site-packages/airflow/example_dags/example_sla_dag.py
[2022-05-21 00:42:01,047] {processor.py:654} INFO - DAG(s) dict_keys(['example_sla_dag']) retrieved from /home/airflow/.local/lib/python3.8/site-packages/airflow/example_dags/example_sla_dag.py
[2022-05-21 00:42:01,055] {logging_mixin.py:109} INFO - [2022-05-21 00:42:01,055] {dag.py:2398} INFO - Sync 1 DAGs
[2022-05-21 00:42:01,070] {logging_mixin.py:109} INFO - [2022-05-21 00:42:01,070] {dag.py:2937} INFO - Setting next_dagrun for example_sla_dag to 2022-05-21T00:40:00+00:00
[2022-05-21 00:42:01,080] {processor.py:171} INFO - Processing /home/airflow/.local/lib/python3.8/site-packages/airflow/example_dags/example_sla_dag.py took 0.068 seconds
[2022-05-21 00:42:32,120] {processor.py:163} INFO - Started process (PID=17073) to work on /home/airflow/.local/lib/python3.8/site-packages/airflow/example_dags/example_sla_dag.py
[2022-05-21 00:42:32,121] {processor.py:642} INFO - Processing file /home/airflow/.local/lib/python3.8/site-packages/airflow/example_dags/example_sla_dag.py for tasks to queue
[2022-05-21 00:42:32,122] {logging_mixin.py:109} INFO - [2022-05-21 00:42:32,122] {dagbag.py:500} INFO - Filling up the DagBag from /home/airflow/.local/lib/python3.8/site-packages/airflow/example_dags/example_sla_dag.py
[2022-05-21 00:42:32,154] {processor.py:654} INFO - DAG(s) dict_keys(['example_sla_dag']) retrieved from /home/airflow/.local/lib/python3.8/site-packages/airflow/example_dags/example_sla_dag.py
[2022-05-21 00:42:32,162] {logging_mixin.py:109} INFO - [2022-05-21 00:42:32,161] {dag.py:2398} INFO - Sync 1 DAGs
[2022-05-21 00:42:32,176] {logging_mixin.py:109} INFO - [2022-05-21 00:42:32,176] {dag.py:2937} INFO - Setting next_dagrun for example_sla_dag to 2022-05-21T00:40:00+00:00
[2022-05-21 00:42:32,186] {processor.py:171} INFO - Processing /home/airflow/.local/lib/python3.8/site-packages/airflow/example_dags/example_sla_dag.py took 0.068 seconds
[2022-05-21 00:43:02,541] {processor.py:163} INFO - Started process (PID=17175) to work on /home/airflow/.local/lib/python3.8/site-packages/airflow/example_dags/example_sla_dag.py
[2022-05-21 00:43:02,542] {processor.py:642} INFO - Processing file /home/airflow/.local/lib/python3.8/site-packages/airflow/example_dags/example_sla_dag.py for tasks to queue
[2022-05-21 00:43:02,542] {logging_mixin.py:109} INFO - [2022-05-21 00:43:02,542] {dagbag.py:500} INFO - Filling up the DagBag from /home/airflow/.local/lib/python3.8/site-packages/airflow/example_dags/example_sla_dag.py
[2022-05-21 00:43:02,570] {processor.py:654} INFO - DAG(s) dict_keys(['example_sla_dag']) retrieved from /home/airflow/.local/lib/python3.8/site-packages/airflow/example_dags/example_sla_dag.py
[2022-05-21 00:43:02,578] {logging_mixin.py:109} INFO - [2022-05-21 00:43:02,578] {dag.py:2398} INFO - Sync 1 DAGs
[2022-05-21 00:43:02,593] {logging_mixin.py:109} INFO - [2022-05-21 00:43:02,593] {dag.py:2937} INFO - Setting next_dagrun for example_sla_dag to 2022-05-21T00:40:00+00:00
[2022-05-21 00:43:02,603] {processor.py:171} INFO - Processing /home/airflow/.local/lib/python3.8/site-packages/airflow/example_dags/example_sla_dag.py took 0.064 seconds
[2022-05-21 00:43:32,774] {processor.py:163} INFO - Started process (PID=17266) to work on /home/airflow/.local/lib/python3.8/site-packages/airflow/example_dags/example_sla_dag.py
[2022-05-21 00:43:32,775] {processor.py:642} INFO - Processing file /home/airflow/.local/lib/python3.8/site-packages/airflow/example_dags/example_sla_dag.py for tasks to queue
[2022-05-21 00:43:32,776] {logging_mixin.py:109} INFO - [2022-05-21 00:43:32,776] {dagbag.py:500} INFO - Filling up the DagBag from /home/airflow/.local/lib/python3.8/site-packages/airflow/example_dags/example_sla_dag.py
[2022-05-21 00:43:32,811] {processor.py:654} INFO - DAG(s) dict_keys(['example_sla_dag']) retrieved from /home/airflow/.local/lib/python3.8/site-packages/airflow/example_dags/example_sla_dag.py
[2022-05-21 00:43:32,819] {logging_mixin.py:109} INFO - [2022-05-21 00:43:32,819] {dag.py:2398} INFO - Sync 1 DAGs
[2022-05-21 00:43:32,836] {logging_mixin.py:109} INFO - [2022-05-21 00:43:32,836] {dag.py:2937} INFO - Setting next_dagrun for example_sla_dag to 2022-05-21T00:40:00+00:00
[2022-05-21 00:43:32,848] {processor.py:171} INFO - Processing /home/airflow/.local/lib/python3.8/site-packages/airflow/example_dags/example_sla_dag.py took 0.076 seconds
[2022-05-21 00:44:02,997] {processor.py:163} INFO - Started process (PID=17350) to work on /home/airflow/.local/lib/python3.8/site-packages/airflow/example_dags/example_sla_dag.py
[2022-05-21 00:44:02,998] {processor.py:642} INFO - Processing file /home/airflow/.local/lib/python3.8/site-packages/airflow/example_dags/example_sla_dag.py for tasks to queue
[2022-05-21 00:44:02,999] {logging_mixin.py:109} INFO - [2022-05-21 00:44:02,999] {dagbag.py:500} INFO - Filling up the DagBag from /home/airflow/.local/lib/python3.8/site-packages/airflow/example_dags/example_sla_dag.py
[2022-05-21 00:44:03,026] {processor.py:654} INFO - DAG(s) dict_keys(['example_sla_dag']) retrieved from /home/airflow/.local/lib/python3.8/site-packages/airflow/example_dags/example_sla_dag.py
[2022-05-21 00:44:03,035] {logging_mixin.py:109} INFO - [2022-05-21 00:44:03,035] {dag.py:2398} INFO - Sync 1 DAGs
[2022-05-21 00:44:03,049] {logging_mixin.py:109} INFO - [2022-05-21 00:44:03,049] {dag.py:2937} INFO - Setting next_dagrun for example_sla_dag to 2022-05-21T00:42:00+00:00
[2022-05-21 00:44:03,059] {processor.py:171} INFO - Processing /home/airflow/.local/lib/python3.8/site-packages/airflow/example_dags/example_sla_dag.py took 0.064 seconds
[2022-05-21 00:44:33,503] {processor.py:163} INFO - Started process (PID=17461) to work on /home/airflow/.local/lib/python3.8/site-packages/airflow/example_dags/example_sla_dag.py
[2022-05-21 00:44:33,504] {processor.py:642} INFO - Processing file /home/airflow/.local/lib/python3.8/site-packages/airflow/example_dags/example_sla_dag.py for tasks to queue
[2022-05-21 00:44:33,505] {logging_mixin.py:109} INFO - [2022-05-21 00:44:33,504] {dagbag.py:500} INFO - Filling up the DagBag from /home/airflow/.local/lib/python3.8/site-packages/airflow/example_dags/example_sla_dag.py
[2022-05-21 00:44:33,543] {processor.py:654} INFO - DAG(s) dict_keys(['example_sla_dag']) retrieved from /home/airflow/.local/lib/python3.8/site-packages/airflow/example_dags/example_sla_dag.py
[2022-05-21 00:44:33,552] {logging_mixin.py:109} INFO - [2022-05-21 00:44:33,552] {dag.py:2398} INFO - Sync 1 DAGs
[2022-05-21 00:44:33,571] {logging_mixin.py:109} INFO - [2022-05-21 00:44:33,571] {dag.py:2937} INFO - Setting next_dagrun for example_sla_dag to 2022-05-21T00:42:00+00:00
[2022-05-21 00:44:33,584] {processor.py:171} INFO - Processing /home/airflow/.local/lib/python3.8/site-packages/airflow/example_dags/example_sla_dag.py took 0.083 seconds
[2022-05-21 00:45:04,085] {processor.py:163} INFO - Started process (PID=17547) to work on /home/airflow/.local/lib/python3.8/site-packages/airflow/example_dags/example_sla_dag.py
[2022-05-21 00:45:04,086] {processor.py:642} INFO - Processing file /home/airflow/.local/lib/python3.8/site-packages/airflow/example_dags/example_sla_dag.py for tasks to queue
[2022-05-21 00:45:04,086] {logging_mixin.py:109} INFO - [2022-05-21 00:45:04,086] {dagbag.py:500} INFO - Filling up the DagBag from /home/airflow/.local/lib/python3.8/site-packages/airflow/example_dags/example_sla_dag.py
[2022-05-21 00:45:04,114] {processor.py:654} INFO - DAG(s) dict_keys(['example_sla_dag']) retrieved from /home/airflow/.local/lib/python3.8/site-packages/airflow/example_dags/example_sla_dag.py
[2022-05-21 00:45:04,123] {logging_mixin.py:109} INFO - [2022-05-21 00:45:04,123] {dag.py:2398} INFO - Sync 1 DAGs
[2022-05-21 00:45:04,139] {logging_mixin.py:109} INFO - [2022-05-21 00:45:04,139] {dag.py:2937} INFO - Setting next_dagrun for example_sla_dag to 2022-05-21T00:42:00+00:00
[2022-05-21 00:45:04,147] {processor.py:171} INFO - Processing /home/airflow/.local/lib/python3.8/site-packages/airflow/example_dags/example_sla_dag.py took 0.065 seconds
[2022-05-21 00:45:34,328] {processor.py:163} INFO - Started process (PID=17633) to work on /home/airflow/.local/lib/python3.8/site-packages/airflow/example_dags/example_sla_dag.py
[2022-05-21 00:45:34,329] {processor.py:642} INFO - Processing file /home/airflow/.local/lib/python3.8/site-packages/airflow/example_dags/example_sla_dag.py for tasks to queue
[2022-05-21 00:45:34,330] {logging_mixin.py:109} INFO - [2022-05-21 00:45:34,329] {dagbag.py:500} INFO - Filling up the DagBag from /home/airflow/.local/lib/python3.8/site-packages/airflow/example_dags/example_sla_dag.py
[2022-05-21 00:45:34,374] {processor.py:654} INFO - DAG(s) dict_keys(['example_sla_dag']) retrieved from /home/airflow/.local/lib/python3.8/site-packages/airflow/example_dags/example_sla_dag.py
[2022-05-21 00:45:34,383] {logging_mixin.py:109} INFO - [2022-05-21 00:45:34,383] {dag.py:2398} INFO - Sync 1 DAGs
[2022-05-21 00:45:34,400] {logging_mixin.py:109} INFO - [2022-05-21 00:45:34,400] {dag.py:2937} INFO - Setting next_dagrun for example_sla_dag to 2022-05-21T00:42:00+00:00
[2022-05-21 00:45:34,415] {processor.py:171} INFO - Processing /home/airflow/.local/lib/python3.8/site-packages/airflow/example_dags/example_sla_dag.py took 0.089 seconds
[2022-05-21 00:46:04,952] {processor.py:163} INFO - Started process (PID=17727) to work on /home/airflow/.local/lib/python3.8/site-packages/airflow/example_dags/example_sla_dag.py
[2022-05-21 00:46:04,953] {processor.py:642} INFO - Processing file /home/airflow/.local/lib/python3.8/site-packages/airflow/example_dags/example_sla_dag.py for tasks to queue
[2022-05-21 00:46:04,954] {logging_mixin.py:109} INFO - [2022-05-21 00:46:04,954] {dagbag.py:500} INFO - Filling up the DagBag from /home/airflow/.local/lib/python3.8/site-packages/airflow/example_dags/example_sla_dag.py
[2022-05-21 00:46:04,989] {processor.py:654} INFO - DAG(s) dict_keys(['example_sla_dag']) retrieved from /home/airflow/.local/lib/python3.8/site-packages/airflow/example_dags/example_sla_dag.py
[2022-05-21 00:46:05,000] {logging_mixin.py:109} INFO - [2022-05-21 00:46:05,000] {dag.py:2398} INFO - Sync 1 DAGs
[2022-05-21 00:46:05,020] {logging_mixin.py:109} INFO - [2022-05-21 00:46:05,019] {dag.py:2937} INFO - Setting next_dagrun for example_sla_dag to 2022-05-21T00:44:00+00:00
[2022-05-21 00:46:05,031] {processor.py:171} INFO - Processing /home/airflow/.local/lib/python3.8/site-packages/airflow/example_dags/example_sla_dag.py took 0.082 seconds
[2022-05-21 00:46:35,545] {processor.py:163} INFO - Started process (PID=17830) to work on /home/airflow/.local/lib/python3.8/site-packages/airflow/example_dags/example_sla_dag.py
[2022-05-21 00:46:35,546] {processor.py:642} INFO - Processing file /home/airflow/.local/lib/python3.8/site-packages/airflow/example_dags/example_sla_dag.py for tasks to queue
[2022-05-21 00:46:35,547] {logging_mixin.py:109} INFO - [2022-05-21 00:46:35,547] {dagbag.py:500} INFO - Filling up the DagBag from /home/airflow/.local/lib/python3.8/site-packages/airflow/example_dags/example_sla_dag.py
[2022-05-21 00:46:35,590] {processor.py:654} INFO - DAG(s) dict_keys(['example_sla_dag']) retrieved from /home/airflow/.local/lib/python3.8/site-packages/airflow/example_dags/example_sla_dag.py
[2022-05-21 00:46:35,602] {logging_mixin.py:109} INFO - [2022-05-21 00:46:35,602] {dag.py:2398} INFO - Sync 1 DAGs
[2022-05-21 00:46:35,624] {logging_mixin.py:109} INFO - [2022-05-21 00:46:35,624] {dag.py:2937} INFO - Setting next_dagrun for example_sla_dag to 2022-05-21T00:44:00+00:00
[2022-05-21 00:46:35,634] {processor.py:171} INFO - Processing /home/airflow/.local/lib/python3.8/site-packages/airflow/example_dags/example_sla_dag.py took 0.093 seconds
[2022-05-21 00:47:05,926] {processor.py:163} INFO - Started process (PID=17921) to work on /home/airflow/.local/lib/python3.8/site-packages/airflow/example_dags/example_sla_dag.py
[2022-05-21 00:47:05,928] {processor.py:642} INFO - Processing file /home/airflow/.local/lib/python3.8/site-packages/airflow/example_dags/example_sla_dag.py for tasks to queue
[2022-05-21 00:47:05,929] {logging_mixin.py:109} INFO - [2022-05-21 00:47:05,929] {dagbag.py:500} INFO - Filling up the DagBag from /home/airflow/.local/lib/python3.8/site-packages/airflow/example_dags/example_sla_dag.py
[2022-05-21 00:47:05,967] {processor.py:654} INFO - DAG(s) dict_keys(['example_sla_dag']) retrieved from /home/airflow/.local/lib/python3.8/site-packages/airflow/example_dags/example_sla_dag.py
[2022-05-21 00:47:05,977] {logging_mixin.py:109} INFO - [2022-05-21 00:47:05,976] {dag.py:2398} INFO - Sync 1 DAGs
[2022-05-21 00:47:05,997] {logging_mixin.py:109} INFO - [2022-05-21 00:47:05,997] {dag.py:2937} INFO - Setting next_dagrun for example_sla_dag to 2022-05-21T00:44:00+00:00
[2022-05-21 00:47:06,009] {processor.py:171} INFO - Processing /home/airflow/.local/lib/python3.8/site-packages/airflow/example_dags/example_sla_dag.py took 0.085 seconds
[2022-05-21 00:47:36,739] {processor.py:163} INFO - Started process (PID=18006) to work on /home/airflow/.local/lib/python3.8/site-packages/airflow/example_dags/example_sla_dag.py
[2022-05-21 00:47:36,740] {processor.py:642} INFO - Processing file /home/airflow/.local/lib/python3.8/site-packages/airflow/example_dags/example_sla_dag.py for tasks to queue
[2022-05-21 00:47:36,741] {logging_mixin.py:109} INFO - [2022-05-21 00:47:36,741] {dagbag.py:500} INFO - Filling up the DagBag from /home/airflow/.local/lib/python3.8/site-packages/airflow/example_dags/example_sla_dag.py
[2022-05-21 00:47:36,776] {processor.py:654} INFO - DAG(s) dict_keys(['example_sla_dag']) retrieved from /home/airflow/.local/lib/python3.8/site-packages/airflow/example_dags/example_sla_dag.py
[2022-05-21 00:47:36,785] {logging_mixin.py:109} INFO - [2022-05-21 00:47:36,785] {dag.py:2398} INFO - Sync 1 DAGs
[2022-05-21 00:47:36,811] {logging_mixin.py:109} INFO - [2022-05-21 00:47:36,811] {dag.py:2937} INFO - Setting next_dagrun for example_sla_dag to 2022-05-21T00:44:00+00:00
[2022-05-21 00:47:36,825] {processor.py:171} INFO - Processing /home/airflow/.local/lib/python3.8/site-packages/airflow/example_dags/example_sla_dag.py took 0.090 seconds
[2022-05-21 00:48:07,913] {processor.py:163} INFO - Started process (PID=18091) to work on /home/airflow/.local/lib/python3.8/site-packages/airflow/example_dags/example_sla_dag.py
[2022-05-21 00:48:07,914] {processor.py:642} INFO - Processing file /home/airflow/.local/lib/python3.8/site-packages/airflow/example_dags/example_sla_dag.py for tasks to queue
[2022-05-21 00:48:07,915] {logging_mixin.py:109} INFO - [2022-05-21 00:48:07,915] {dagbag.py:500} INFO - Filling up the DagBag from /home/airflow/.local/lib/python3.8/site-packages/airflow/example_dags/example_sla_dag.py
[2022-05-21 00:48:07,950] {processor.py:654} INFO - DAG(s) dict_keys(['example_sla_dag']) retrieved from /home/airflow/.local/lib/python3.8/site-packages/airflow/example_dags/example_sla_dag.py
[2022-05-21 00:48:07,960] {logging_mixin.py:109} INFO - [2022-05-21 00:48:07,960] {dag.py:2398} INFO - Sync 1 DAGs
[2022-05-21 00:48:07,978] {logging_mixin.py:109} INFO - [2022-05-21 00:48:07,977] {dag.py:2937} INFO - Setting next_dagrun for example_sla_dag to 2022-05-21T00:46:00+00:00
[2022-05-21 00:48:07,988] {processor.py:171} INFO - Processing /home/airflow/.local/lib/python3.8/site-packages/airflow/example_dags/example_sla_dag.py took 0.077 seconds
[2022-05-21 00:48:38,696] {processor.py:163} INFO - Started process (PID=18185) to work on /home/airflow/.local/lib/python3.8/site-packages/airflow/example_dags/example_sla_dag.py
[2022-05-21 00:48:38,697] {processor.py:642} INFO - Processing file /home/airflow/.local/lib/python3.8/site-packages/airflow/example_dags/example_sla_dag.py for tasks to queue
[2022-05-21 00:48:38,698] {logging_mixin.py:109} INFO - [2022-05-21 00:48:38,698] {dagbag.py:500} INFO - Filling up the DagBag from /home/airflow/.local/lib/python3.8/site-packages/airflow/example_dags/example_sla_dag.py
[2022-05-21 00:48:38,742] {processor.py:654} INFO - DAG(s) dict_keys(['example_sla_dag']) retrieved from /home/airflow/.local/lib/python3.8/site-packages/airflow/example_dags/example_sla_dag.py
[2022-05-21 00:48:38,756] {logging_mixin.py:109} INFO - [2022-05-21 00:48:38,756] {dag.py:2398} INFO - Sync 1 DAGs
[2022-05-21 00:48:38,773] {logging_mixin.py:109} INFO - [2022-05-21 00:48:38,773] {dag.py:2937} INFO - Setting next_dagrun for example_sla_dag to 2022-05-21T00:46:00+00:00
[2022-05-21 00:48:38,786] {processor.py:171} INFO - Processing /home/airflow/.local/lib/python3.8/site-packages/airflow/example_dags/example_sla_dag.py took 0.093 seconds
[2022-05-21 00:49:09,219] {processor.py:163} INFO - Started process (PID=18269) to work on /home/airflow/.local/lib/python3.8/site-packages/airflow/example_dags/example_sla_dag.py
[2022-05-21 00:49:09,220] {processor.py:642} INFO - Processing file /home/airflow/.local/lib/python3.8/site-packages/airflow/example_dags/example_sla_dag.py for tasks to queue
[2022-05-21 00:49:09,220] {logging_mixin.py:109} INFO - [2022-05-21 00:49:09,220] {dagbag.py:500} INFO - Filling up the DagBag from /home/airflow/.local/lib/python3.8/site-packages/airflow/example_dags/example_sla_dag.py
[2022-05-21 00:49:09,257] {processor.py:654} INFO - DAG(s) dict_keys(['example_sla_dag']) retrieved from /home/airflow/.local/lib/python3.8/site-packages/airflow/example_dags/example_sla_dag.py
[2022-05-21 00:49:09,265] {logging_mixin.py:109} INFO - [2022-05-21 00:49:09,265] {dag.py:2398} INFO - Sync 1 DAGs
[2022-05-21 00:49:09,282] {logging_mixin.py:109} INFO - [2022-05-21 00:49:09,282] {dag.py:2937} INFO - Setting next_dagrun for example_sla_dag to 2022-05-21T00:46:00+00:00
[2022-05-21 00:49:09,292] {processor.py:171} INFO - Processing /home/airflow/.local/lib/python3.8/site-packages/airflow/example_dags/example_sla_dag.py took 0.076 seconds
[2022-05-21 00:49:40,279] {processor.py:163} INFO - Started process (PID=18362) to work on /home/airflow/.local/lib/python3.8/site-packages/airflow/example_dags/example_sla_dag.py
[2022-05-21 00:49:40,281] {processor.py:642} INFO - Processing file /home/airflow/.local/lib/python3.8/site-packages/airflow/example_dags/example_sla_dag.py for tasks to queue
[2022-05-21 00:49:40,281] {logging_mixin.py:109} INFO - [2022-05-21 00:49:40,281] {dagbag.py:500} INFO - Filling up the DagBag from /home/airflow/.local/lib/python3.8/site-packages/airflow/example_dags/example_sla_dag.py
[2022-05-21 00:49:40,321] {processor.py:654} INFO - DAG(s) dict_keys(['example_sla_dag']) retrieved from /home/airflow/.local/lib/python3.8/site-packages/airflow/example_dags/example_sla_dag.py
[2022-05-21 00:49:40,332] {logging_mixin.py:109} INFO - [2022-05-21 00:49:40,332] {dag.py:2398} INFO - Sync 1 DAGs
[2022-05-21 00:49:40,350] {logging_mixin.py:109} INFO - [2022-05-21 00:49:40,350] {dag.py:2937} INFO - Setting next_dagrun for example_sla_dag to 2022-05-21T00:46:00+00:00
[2022-05-21 00:49:40,360] {processor.py:171} INFO - Processing /home/airflow/.local/lib/python3.8/site-packages/airflow/example_dags/example_sla_dag.py took 0.084 seconds
[2022-05-21 00:50:10,642] {processor.py:163} INFO - Started process (PID=18447) to work on /home/airflow/.local/lib/python3.8/site-packages/airflow/example_dags/example_sla_dag.py
[2022-05-21 00:50:10,644] {processor.py:642} INFO - Processing file /home/airflow/.local/lib/python3.8/site-packages/airflow/example_dags/example_sla_dag.py for tasks to queue
[2022-05-21 00:50:10,645] {logging_mixin.py:109} INFO - [2022-05-21 00:50:10,645] {dagbag.py:500} INFO - Filling up the DagBag from /home/airflow/.local/lib/python3.8/site-packages/airflow/example_dags/example_sla_dag.py
[2022-05-21 00:50:10,677] {processor.py:654} INFO - DAG(s) dict_keys(['example_sla_dag']) retrieved from /home/airflow/.local/lib/python3.8/site-packages/airflow/example_dags/example_sla_dag.py
[2022-05-21 00:50:10,688] {logging_mixin.py:109} INFO - [2022-05-21 00:50:10,687] {dag.py:2398} INFO - Sync 1 DAGs
[2022-05-21 00:50:10,705] {logging_mixin.py:109} INFO - [2022-05-21 00:50:10,705] {dag.py:2937} INFO - Setting next_dagrun for example_sla_dag to 2022-05-21T00:48:00+00:00
[2022-05-21 00:50:10,715] {processor.py:171} INFO - Processing /home/airflow/.local/lib/python3.8/site-packages/airflow/example_dags/example_sla_dag.py took 0.075 seconds
[2022-05-21 00:50:41,747] {processor.py:163} INFO - Started process (PID=18539) to work on /home/airflow/.local/lib/python3.8/site-packages/airflow/example_dags/example_sla_dag.py
[2022-05-21 00:50:41,748] {processor.py:642} INFO - Processing file /home/airflow/.local/lib/python3.8/site-packages/airflow/example_dags/example_sla_dag.py for tasks to queue
[2022-05-21 00:50:41,749] {logging_mixin.py:109} INFO - [2022-05-21 00:50:41,749] {dagbag.py:500} INFO - Filling up the DagBag from /home/airflow/.local/lib/python3.8/site-packages/airflow/example_dags/example_sla_dag.py
[2022-05-21 00:50:41,778] {processor.py:654} INFO - DAG(s) dict_keys(['example_sla_dag']) retrieved from /home/airflow/.local/lib/python3.8/site-packages/airflow/example_dags/example_sla_dag.py
[2022-05-21 00:50:41,787] {logging_mixin.py:109} INFO - [2022-05-21 00:50:41,787] {dag.py:2398} INFO - Sync 1 DAGs
[2022-05-21 00:50:41,802] {logging_mixin.py:109} INFO - [2022-05-21 00:50:41,802] {dag.py:2937} INFO - Setting next_dagrun for example_sla_dag to 2022-05-21T00:48:00+00:00
[2022-05-21 00:50:41,814] {processor.py:171} INFO - Processing /home/airflow/.local/lib/python3.8/site-packages/airflow/example_dags/example_sla_dag.py took 0.068 seconds
[2022-05-21 00:51:12,288] {processor.py:163} INFO - Started process (PID=18624) to work on /home/airflow/.local/lib/python3.8/site-packages/airflow/example_dags/example_sla_dag.py
[2022-05-21 00:51:12,289] {processor.py:642} INFO - Processing file /home/airflow/.local/lib/python3.8/site-packages/airflow/example_dags/example_sla_dag.py for tasks to queue
[2022-05-21 00:51:12,290] {logging_mixin.py:109} INFO - [2022-05-21 00:51:12,290] {dagbag.py:500} INFO - Filling up the DagBag from /home/airflow/.local/lib/python3.8/site-packages/airflow/example_dags/example_sla_dag.py
[2022-05-21 00:51:12,326] {processor.py:654} INFO - DAG(s) dict_keys(['example_sla_dag']) retrieved from /home/airflow/.local/lib/python3.8/site-packages/airflow/example_dags/example_sla_dag.py
[2022-05-21 00:51:12,336] {logging_mixin.py:109} INFO - [2022-05-21 00:51:12,336] {dag.py:2398} INFO - Sync 1 DAGs
[2022-05-21 00:51:12,351] {logging_mixin.py:109} INFO - [2022-05-21 00:51:12,351] {dag.py:2937} INFO - Setting next_dagrun for example_sla_dag to 2022-05-21T00:48:00+00:00
[2022-05-21 00:51:12,361] {processor.py:171} INFO - Processing /home/airflow/.local/lib/python3.8/site-packages/airflow/example_dags/example_sla_dag.py took 0.076 seconds
[2022-05-21 00:51:43,384] {processor.py:163} INFO - Started process (PID=18709) to work on /home/airflow/.local/lib/python3.8/site-packages/airflow/example_dags/example_sla_dag.py
[2022-05-21 00:51:43,386] {processor.py:642} INFO - Processing file /home/airflow/.local/lib/python3.8/site-packages/airflow/example_dags/example_sla_dag.py for tasks to queue
[2022-05-21 00:51:43,387] {logging_mixin.py:109} INFO - [2022-05-21 00:51:43,387] {dagbag.py:500} INFO - Filling up the DagBag from /home/airflow/.local/lib/python3.8/site-packages/airflow/example_dags/example_sla_dag.py
[2022-05-21 00:51:43,426] {processor.py:654} INFO - DAG(s) dict_keys(['example_sla_dag']) retrieved from /home/airflow/.local/lib/python3.8/site-packages/airflow/example_dags/example_sla_dag.py
[2022-05-21 00:51:43,438] {logging_mixin.py:109} INFO - [2022-05-21 00:51:43,438] {dag.py:2398} INFO - Sync 1 DAGs
[2022-05-21 00:51:43,459] {logging_mixin.py:109} INFO - [2022-05-21 00:51:43,458] {dag.py:2937} INFO - Setting next_dagrun for example_sla_dag to 2022-05-21T00:48:00+00:00
[2022-05-21 00:51:43,472] {processor.py:171} INFO - Processing /home/airflow/.local/lib/python3.8/site-packages/airflow/example_dags/example_sla_dag.py took 0.091 seconds
[2022-05-21 00:52:14,560] {processor.py:163} INFO - Started process (PID=18802) to work on /home/airflow/.local/lib/python3.8/site-packages/airflow/example_dags/example_sla_dag.py
[2022-05-21 00:52:14,561] {processor.py:642} INFO - Processing file /home/airflow/.local/lib/python3.8/site-packages/airflow/example_dags/example_sla_dag.py for tasks to queue
[2022-05-21 00:52:14,562] {logging_mixin.py:109} INFO - [2022-05-21 00:52:14,561] {dagbag.py:500} INFO - Filling up the DagBag from /home/airflow/.local/lib/python3.8/site-packages/airflow/example_dags/example_sla_dag.py
[2022-05-21 00:52:14,598] {processor.py:654} INFO - DAG(s) dict_keys(['example_sla_dag']) retrieved from /home/airflow/.local/lib/python3.8/site-packages/airflow/example_dags/example_sla_dag.py
[2022-05-21 00:52:14,606] {logging_mixin.py:109} INFO - [2022-05-21 00:52:14,606] {dag.py:2398} INFO - Sync 1 DAGs
[2022-05-21 00:52:14,624] {logging_mixin.py:109} INFO - [2022-05-21 00:52:14,624] {dag.py:2937} INFO - Setting next_dagrun for example_sla_dag to 2022-05-21T00:50:00+00:00
[2022-05-21 00:52:14,636] {processor.py:171} INFO - Processing /home/airflow/.local/lib/python3.8/site-packages/airflow/example_dags/example_sla_dag.py took 0.079 seconds
[2022-05-21 00:52:45,806] {processor.py:163} INFO - Started process (PID=18887) to work on /home/airflow/.local/lib/python3.8/site-packages/airflow/example_dags/example_sla_dag.py
[2022-05-21 00:52:45,807] {processor.py:642} INFO - Processing file /home/airflow/.local/lib/python3.8/site-packages/airflow/example_dags/example_sla_dag.py for tasks to queue
[2022-05-21 00:52:45,807] {logging_mixin.py:109} INFO - [2022-05-21 00:52:45,807] {dagbag.py:500} INFO - Filling up the DagBag from /home/airflow/.local/lib/python3.8/site-packages/airflow/example_dags/example_sla_dag.py
[2022-05-21 00:52:45,840] {processor.py:654} INFO - DAG(s) dict_keys(['example_sla_dag']) retrieved from /home/airflow/.local/lib/python3.8/site-packages/airflow/example_dags/example_sla_dag.py
[2022-05-21 00:52:45,848] {logging_mixin.py:109} INFO - [2022-05-21 00:52:45,848] {dag.py:2398} INFO - Sync 1 DAGs
[2022-05-21 00:52:45,868] {logging_mixin.py:109} INFO - [2022-05-21 00:52:45,868] {dag.py:2937} INFO - Setting next_dagrun for example_sla_dag to 2022-05-21T00:50:00+00:00
[2022-05-21 00:52:45,876] {processor.py:171} INFO - Processing /home/airflow/.local/lib/python3.8/site-packages/airflow/example_dags/example_sla_dag.py took 0.073 seconds
[2022-05-21 00:53:16,492] {processor.py:163} INFO - Started process (PID=19018) to work on /home/airflow/.local/lib/python3.8/site-packages/airflow/example_dags/example_sla_dag.py
[2022-05-21 00:53:16,493] {processor.py:642} INFO - Processing file /home/airflow/.local/lib/python3.8/site-packages/airflow/example_dags/example_sla_dag.py for tasks to queue
[2022-05-21 00:53:16,494] {logging_mixin.py:109} INFO - [2022-05-21 00:53:16,493] {dagbag.py:500} INFO - Filling up the DagBag from /home/airflow/.local/lib/python3.8/site-packages/airflow/example_dags/example_sla_dag.py
[2022-05-21 00:53:16,528] {processor.py:654} INFO - DAG(s) dict_keys(['example_sla_dag']) retrieved from /home/airflow/.local/lib/python3.8/site-packages/airflow/example_dags/example_sla_dag.py
[2022-05-21 00:53:16,539] {logging_mixin.py:109} INFO - [2022-05-21 00:53:16,538] {dag.py:2398} INFO - Sync 1 DAGs
[2022-05-21 00:53:16,557] {logging_mixin.py:109} INFO - [2022-05-21 00:53:16,556] {dag.py:2937} INFO - Setting next_dagrun for example_sla_dag to 2022-05-21T00:50:00+00:00
[2022-05-21 00:53:16,567] {processor.py:171} INFO - Processing /home/airflow/.local/lib/python3.8/site-packages/airflow/example_dags/example_sla_dag.py took 0.078 seconds
[2022-05-21 00:53:47,090] {processor.py:163} INFO - Started process (PID=19103) to work on /home/airflow/.local/lib/python3.8/site-packages/airflow/example_dags/example_sla_dag.py
[2022-05-21 00:53:47,091] {processor.py:642} INFO - Processing file /home/airflow/.local/lib/python3.8/site-packages/airflow/example_dags/example_sla_dag.py for tasks to queue
[2022-05-21 00:53:47,092] {logging_mixin.py:109} INFO - [2022-05-21 00:53:47,091] {dagbag.py:500} INFO - Filling up the DagBag from /home/airflow/.local/lib/python3.8/site-packages/airflow/example_dags/example_sla_dag.py
[2022-05-21 00:53:47,132] {processor.py:654} INFO - DAG(s) dict_keys(['example_sla_dag']) retrieved from /home/airflow/.local/lib/python3.8/site-packages/airflow/example_dags/example_sla_dag.py
[2022-05-21 00:53:47,146] {logging_mixin.py:109} INFO - [2022-05-21 00:53:47,146] {dag.py:2398} INFO - Sync 1 DAGs
[2022-05-21 00:53:47,173] {logging_mixin.py:109} INFO - [2022-05-21 00:53:47,173] {dag.py:2937} INFO - Setting next_dagrun for example_sla_dag to 2022-05-21T00:50:00+00:00
[2022-05-21 00:53:47,187] {processor.py:171} INFO - Processing /home/airflow/.local/lib/python3.8/site-packages/airflow/example_dags/example_sla_dag.py took 0.100 seconds
[2022-05-21 00:54:17,779] {processor.py:163} INFO - Started process (PID=19206) to work on /home/airflow/.local/lib/python3.8/site-packages/airflow/example_dags/example_sla_dag.py
[2022-05-21 00:54:17,781] {processor.py:642} INFO - Processing file /home/airflow/.local/lib/python3.8/site-packages/airflow/example_dags/example_sla_dag.py for tasks to queue
[2022-05-21 00:54:17,782] {logging_mixin.py:109} INFO - [2022-05-21 00:54:17,782] {dagbag.py:500} INFO - Filling up the DagBag from /home/airflow/.local/lib/python3.8/site-packages/airflow/example_dags/example_sla_dag.py
[2022-05-21 00:54:17,825] {processor.py:654} INFO - DAG(s) dict_keys(['example_sla_dag']) retrieved from /home/airflow/.local/lib/python3.8/site-packages/airflow/example_dags/example_sla_dag.py
[2022-05-21 00:54:17,834] {logging_mixin.py:109} INFO - [2022-05-21 00:54:17,834] {dag.py:2398} INFO - Sync 1 DAGs
[2022-05-21 00:54:17,854] {logging_mixin.py:109} INFO - [2022-05-21 00:54:17,853] {dag.py:2937} INFO - Setting next_dagrun for example_sla_dag to 2022-05-21T00:52:00+00:00
[2022-05-21 00:54:17,865] {processor.py:171} INFO - Processing /home/airflow/.local/lib/python3.8/site-packages/airflow/example_dags/example_sla_dag.py took 0.088 seconds
[2022-05-21 00:54:48,523] {processor.py:163} INFO - Started process (PID=19299) to work on /home/airflow/.local/lib/python3.8/site-packages/airflow/example_dags/example_sla_dag.py
[2022-05-21 00:54:48,524] {processor.py:642} INFO - Processing file /home/airflow/.local/lib/python3.8/site-packages/airflow/example_dags/example_sla_dag.py for tasks to queue
[2022-05-21 00:54:48,524] {logging_mixin.py:109} INFO - [2022-05-21 00:54:48,524] {dagbag.py:500} INFO - Filling up the DagBag from /home/airflow/.local/lib/python3.8/site-packages/airflow/example_dags/example_sla_dag.py
[2022-05-21 00:54:48,557] {processor.py:654} INFO - DAG(s) dict_keys(['example_sla_dag']) retrieved from /home/airflow/.local/lib/python3.8/site-packages/airflow/example_dags/example_sla_dag.py
[2022-05-21 00:54:48,568] {logging_mixin.py:109} INFO - [2022-05-21 00:54:48,567] {dag.py:2398} INFO - Sync 1 DAGs
[2022-05-21 00:54:48,584] {logging_mixin.py:109} INFO - [2022-05-21 00:54:48,584] {dag.py:2937} INFO - Setting next_dagrun for example_sla_dag to 2022-05-21T00:52:00+00:00
[2022-05-21 00:54:48,595] {processor.py:171} INFO - Processing /home/airflow/.local/lib/python3.8/site-packages/airflow/example_dags/example_sla_dag.py took 0.074 seconds
[2022-05-21 00:55:19,991] {processor.py:163} INFO - Started process (PID=19383) to work on /home/airflow/.local/lib/python3.8/site-packages/airflow/example_dags/example_sla_dag.py
[2022-05-21 00:55:19,993] {processor.py:642} INFO - Processing file /home/airflow/.local/lib/python3.8/site-packages/airflow/example_dags/example_sla_dag.py for tasks to queue
[2022-05-21 00:55:19,993] {logging_mixin.py:109} INFO - [2022-05-21 00:55:19,993] {dagbag.py:500} INFO - Filling up the DagBag from /home/airflow/.local/lib/python3.8/site-packages/airflow/example_dags/example_sla_dag.py
[2022-05-21 00:55:20,029] {processor.py:654} INFO - DAG(s) dict_keys(['example_sla_dag']) retrieved from /home/airflow/.local/lib/python3.8/site-packages/airflow/example_dags/example_sla_dag.py
[2022-05-21 00:55:20,039] {logging_mixin.py:109} INFO - [2022-05-21 00:55:20,039] {dag.py:2398} INFO - Sync 1 DAGs
[2022-05-21 00:55:20,058] {logging_mixin.py:109} INFO - [2022-05-21 00:55:20,058] {dag.py:2937} INFO - Setting next_dagrun for example_sla_dag to 2022-05-21T00:52:00+00:00
[2022-05-21 00:55:20,070] {processor.py:171} INFO - Processing /home/airflow/.local/lib/python3.8/site-packages/airflow/example_dags/example_sla_dag.py took 0.082 seconds
[2022-05-21 00:55:50,865] {processor.py:163} INFO - Started process (PID=19477) to work on /home/airflow/.local/lib/python3.8/site-packages/airflow/example_dags/example_sla_dag.py
[2022-05-21 00:55:50,865] {processor.py:642} INFO - Processing file /home/airflow/.local/lib/python3.8/site-packages/airflow/example_dags/example_sla_dag.py for tasks to queue
[2022-05-21 00:55:50,866] {logging_mixin.py:109} INFO - [2022-05-21 00:55:50,866] {dagbag.py:500} INFO - Filling up the DagBag from /home/airflow/.local/lib/python3.8/site-packages/airflow/example_dags/example_sla_dag.py
[2022-05-21 00:55:50,896] {processor.py:654} INFO - DAG(s) dict_keys(['example_sla_dag']) retrieved from /home/airflow/.local/lib/python3.8/site-packages/airflow/example_dags/example_sla_dag.py
[2022-05-21 00:55:50,905] {logging_mixin.py:109} INFO - [2022-05-21 00:55:50,905] {dag.py:2398} INFO - Sync 1 DAGs
[2022-05-21 00:55:50,920] {logging_mixin.py:109} INFO - [2022-05-21 00:55:50,920] {dag.py:2937} INFO - Setting next_dagrun for example_sla_dag to 2022-05-21T00:52:00+00:00
[2022-05-21 00:55:50,930] {processor.py:171} INFO - Processing /home/airflow/.local/lib/python3.8/site-packages/airflow/example_dags/example_sla_dag.py took 0.067 seconds
[2022-05-21 00:56:21,543] {processor.py:163} INFO - Started process (PID=19579) to work on /home/airflow/.local/lib/python3.8/site-packages/airflow/example_dags/example_sla_dag.py
[2022-05-21 00:56:21,545] {processor.py:642} INFO - Processing file /home/airflow/.local/lib/python3.8/site-packages/airflow/example_dags/example_sla_dag.py for tasks to queue
[2022-05-21 00:56:21,545] {logging_mixin.py:109} INFO - [2022-05-21 00:56:21,545] {dagbag.py:500} INFO - Filling up the DagBag from /home/airflow/.local/lib/python3.8/site-packages/airflow/example_dags/example_sla_dag.py
[2022-05-21 00:56:21,578] {processor.py:654} INFO - DAG(s) dict_keys(['example_sla_dag']) retrieved from /home/airflow/.local/lib/python3.8/site-packages/airflow/example_dags/example_sla_dag.py
[2022-05-21 00:56:21,586] {logging_mixin.py:109} INFO - [2022-05-21 00:56:21,586] {dag.py:2398} INFO - Sync 1 DAGs
[2022-05-21 00:56:21,603] {logging_mixin.py:109} INFO - [2022-05-21 00:56:21,603] {dag.py:2937} INFO - Setting next_dagrun for example_sla_dag to 2022-05-21T00:54:00+00:00
[2022-05-21 00:56:21,613] {processor.py:171} INFO - Processing /home/airflow/.local/lib/python3.8/site-packages/airflow/example_dags/example_sla_dag.py took 0.071 seconds
[2022-05-21 00:56:53,055] {processor.py:163} INFO - Started process (PID=19674) to work on /home/airflow/.local/lib/python3.8/site-packages/airflow/example_dags/example_sla_dag.py
[2022-05-21 00:56:53,057] {processor.py:642} INFO - Processing file /home/airflow/.local/lib/python3.8/site-packages/airflow/example_dags/example_sla_dag.py for tasks to queue
[2022-05-21 00:56:53,057] {logging_mixin.py:109} INFO - [2022-05-21 00:56:53,057] {dagbag.py:500} INFO - Filling up the DagBag from /home/airflow/.local/lib/python3.8/site-packages/airflow/example_dags/example_sla_dag.py
[2022-05-21 00:56:53,091] {processor.py:654} INFO - DAG(s) dict_keys(['example_sla_dag']) retrieved from /home/airflow/.local/lib/python3.8/site-packages/airflow/example_dags/example_sla_dag.py
[2022-05-21 00:56:53,103] {logging_mixin.py:109} INFO - [2022-05-21 00:56:53,103] {dag.py:2398} INFO - Sync 1 DAGs
[2022-05-21 00:56:53,119] {logging_mixin.py:109} INFO - [2022-05-21 00:56:53,119] {dag.py:2937} INFO - Setting next_dagrun for example_sla_dag to 2022-05-21T00:54:00+00:00
[2022-05-21 00:56:53,130] {processor.py:171} INFO - Processing /home/airflow/.local/lib/python3.8/site-packages/airflow/example_dags/example_sla_dag.py took 0.077 seconds
[2022-05-21 00:57:24,355] {processor.py:163} INFO - Started process (PID=19760) to work on /home/airflow/.local/lib/python3.8/site-packages/airflow/example_dags/example_sla_dag.py
[2022-05-21 00:57:24,356] {processor.py:642} INFO - Processing file /home/airflow/.local/lib/python3.8/site-packages/airflow/example_dags/example_sla_dag.py for tasks to queue
[2022-05-21 00:57:24,356] {logging_mixin.py:109} INFO - [2022-05-21 00:57:24,356] {dagbag.py:500} INFO - Filling up the DagBag from /home/airflow/.local/lib/python3.8/site-packages/airflow/example_dags/example_sla_dag.py
[2022-05-21 00:57:24,389] {processor.py:654} INFO - DAG(s) dict_keys(['example_sla_dag']) retrieved from /home/airflow/.local/lib/python3.8/site-packages/airflow/example_dags/example_sla_dag.py
[2022-05-21 00:57:24,400] {logging_mixin.py:109} INFO - [2022-05-21 00:57:24,400] {dag.py:2398} INFO - Sync 1 DAGs
[2022-05-21 00:57:24,417] {logging_mixin.py:109} INFO - [2022-05-21 00:57:24,416] {dag.py:2937} INFO - Setting next_dagrun for example_sla_dag to 2022-05-21T00:54:00+00:00
[2022-05-21 00:57:24,430] {processor.py:171} INFO - Processing /home/airflow/.local/lib/python3.8/site-packages/airflow/example_dags/example_sla_dag.py took 0.078 seconds
[2022-05-21 00:57:55,702] {processor.py:163} INFO - Started process (PID=19846) to work on /home/airflow/.local/lib/python3.8/site-packages/airflow/example_dags/example_sla_dag.py
[2022-05-21 00:57:55,704] {processor.py:642} INFO - Processing file /home/airflow/.local/lib/python3.8/site-packages/airflow/example_dags/example_sla_dag.py for tasks to queue
[2022-05-21 00:57:55,704] {logging_mixin.py:109} INFO - [2022-05-21 00:57:55,704] {dagbag.py:500} INFO - Filling up the DagBag from /home/airflow/.local/lib/python3.8/site-packages/airflow/example_dags/example_sla_dag.py
[2022-05-21 00:57:55,736] {processor.py:654} INFO - DAG(s) dict_keys(['example_sla_dag']) retrieved from /home/airflow/.local/lib/python3.8/site-packages/airflow/example_dags/example_sla_dag.py
[2022-05-21 00:57:55,744] {logging_mixin.py:109} INFO - [2022-05-21 00:57:55,744] {dag.py:2398} INFO - Sync 1 DAGs
[2022-05-21 00:57:55,760] {logging_mixin.py:109} INFO - [2022-05-21 00:57:55,759] {dag.py:2937} INFO - Setting next_dagrun for example_sla_dag to 2022-05-21T00:54:00+00:00
[2022-05-21 00:57:55,772] {processor.py:171} INFO - Processing /home/airflow/.local/lib/python3.8/site-packages/airflow/example_dags/example_sla_dag.py took 0.072 seconds
[2022-05-21 00:58:26,152] {processor.py:163} INFO - Started process (PID=19922) to work on /home/airflow/.local/lib/python3.8/site-packages/airflow/example_dags/example_sla_dag.py
[2022-05-21 00:58:26,153] {processor.py:642} INFO - Processing file /home/airflow/.local/lib/python3.8/site-packages/airflow/example_dags/example_sla_dag.py for tasks to queue
[2022-05-21 00:58:26,153] {logging_mixin.py:109} INFO - [2022-05-21 00:58:26,153] {dagbag.py:500} INFO - Filling up the DagBag from /home/airflow/.local/lib/python3.8/site-packages/airflow/example_dags/example_sla_dag.py
[2022-05-21 00:58:26,185] {processor.py:654} INFO - DAG(s) dict_keys(['example_sla_dag']) retrieved from /home/airflow/.local/lib/python3.8/site-packages/airflow/example_dags/example_sla_dag.py
[2022-05-21 00:58:26,194] {logging_mixin.py:109} INFO - [2022-05-21 00:58:26,194] {dag.py:2398} INFO - Sync 1 DAGs
[2022-05-21 00:58:26,210] {logging_mixin.py:109} INFO - [2022-05-21 00:58:26,210] {dag.py:2937} INFO - Setting next_dagrun for example_sla_dag to 2022-05-21T00:56:00+00:00
[2022-05-21 00:58:26,221] {processor.py:171} INFO - Processing /home/airflow/.local/lib/python3.8/site-packages/airflow/example_dags/example_sla_dag.py took 0.071 seconds
[2022-05-21 00:58:56,877] {processor.py:163} INFO - Started process (PID=20026) to work on /home/airflow/.local/lib/python3.8/site-packages/airflow/example_dags/example_sla_dag.py
[2022-05-21 00:58:56,879] {processor.py:642} INFO - Processing file /home/airflow/.local/lib/python3.8/site-packages/airflow/example_dags/example_sla_dag.py for tasks to queue
[2022-05-21 00:58:56,880] {logging_mixin.py:109} INFO - [2022-05-21 00:58:56,879] {dagbag.py:500} INFO - Filling up the DagBag from /home/airflow/.local/lib/python3.8/site-packages/airflow/example_dags/example_sla_dag.py
[2022-05-21 00:58:56,909] {processor.py:654} INFO - DAG(s) dict_keys(['example_sla_dag']) retrieved from /home/airflow/.local/lib/python3.8/site-packages/airflow/example_dags/example_sla_dag.py
[2022-05-21 00:58:56,918] {logging_mixin.py:109} INFO - [2022-05-21 00:58:56,918] {dag.py:2398} INFO - Sync 1 DAGs
[2022-05-21 00:58:56,936] {logging_mixin.py:109} INFO - [2022-05-21 00:58:56,936] {dag.py:2937} INFO - Setting next_dagrun for example_sla_dag to 2022-05-21T00:56:00+00:00
[2022-05-21 00:58:56,946] {processor.py:171} INFO - Processing /home/airflow/.local/lib/python3.8/site-packages/airflow/example_dags/example_sla_dag.py took 0.071 seconds
[2022-05-21 00:59:27,413] {processor.py:163} INFO - Started process (PID=20137) to work on /home/airflow/.local/lib/python3.8/site-packages/airflow/example_dags/example_sla_dag.py
[2022-05-21 00:59:27,414] {processor.py:642} INFO - Processing file /home/airflow/.local/lib/python3.8/site-packages/airflow/example_dags/example_sla_dag.py for tasks to queue
[2022-05-21 00:59:27,414] {logging_mixin.py:109} INFO - [2022-05-21 00:59:27,414] {dagbag.py:500} INFO - Filling up the DagBag from /home/airflow/.local/lib/python3.8/site-packages/airflow/example_dags/example_sla_dag.py
[2022-05-21 00:59:27,448] {processor.py:654} INFO - DAG(s) dict_keys(['example_sla_dag']) retrieved from /home/airflow/.local/lib/python3.8/site-packages/airflow/example_dags/example_sla_dag.py
[2022-05-21 00:59:27,457] {logging_mixin.py:109} INFO - [2022-05-21 00:59:27,457] {dag.py:2398} INFO - Sync 1 DAGs
[2022-05-21 00:59:27,474] {logging_mixin.py:109} INFO - [2022-05-21 00:59:27,474] {dag.py:2937} INFO - Setting next_dagrun for example_sla_dag to 2022-05-21T00:56:00+00:00
[2022-05-21 00:59:27,485] {processor.py:171} INFO - Processing /home/airflow/.local/lib/python3.8/site-packages/airflow/example_dags/example_sla_dag.py took 0.076 seconds
[2022-05-21 00:59:58,107] {processor.py:163} INFO - Started process (PID=20221) to work on /home/airflow/.local/lib/python3.8/site-packages/airflow/example_dags/example_sla_dag.py
[2022-05-21 00:59:58,108] {processor.py:642} INFO - Processing file /home/airflow/.local/lib/python3.8/site-packages/airflow/example_dags/example_sla_dag.py for tasks to queue
[2022-05-21 00:59:58,109] {logging_mixin.py:109} INFO - [2022-05-21 00:59:58,109] {dagbag.py:500} INFO - Filling up the DagBag from /home/airflow/.local/lib/python3.8/site-packages/airflow/example_dags/example_sla_dag.py
[2022-05-21 00:59:58,138] {processor.py:654} INFO - DAG(s) dict_keys(['example_sla_dag']) retrieved from /home/airflow/.local/lib/python3.8/site-packages/airflow/example_dags/example_sla_dag.py
[2022-05-21 00:59:58,145] {logging_mixin.py:109} INFO - [2022-05-21 00:59:58,145] {dag.py:2398} INFO - Sync 1 DAGs
[2022-05-21 00:59:58,159] {logging_mixin.py:109} INFO - [2022-05-21 00:59:58,159] {dag.py:2937} INFO - Setting next_dagrun for example_sla_dag to 2022-05-21T00:56:00+00:00
[2022-05-21 00:59:58,171] {processor.py:171} INFO - Processing /home/airflow/.local/lib/python3.8/site-packages/airflow/example_dags/example_sla_dag.py took 0.066 seconds
[2022-05-21 01:00:28,424] {processor.py:163} INFO - Started process (PID=20288) to work on /home/airflow/.local/lib/python3.8/site-packages/airflow/example_dags/example_sla_dag.py
[2022-05-21 01:00:28,425] {processor.py:642} INFO - Processing file /home/airflow/.local/lib/python3.8/site-packages/airflow/example_dags/example_sla_dag.py for tasks to queue
[2022-05-21 01:00:28,425] {logging_mixin.py:109} INFO - [2022-05-21 01:00:28,425] {dagbag.py:500} INFO - Filling up the DagBag from /home/airflow/.local/lib/python3.8/site-packages/airflow/example_dags/example_sla_dag.py
[2022-05-21 01:00:28,451] {processor.py:654} INFO - DAG(s) dict_keys(['example_sla_dag']) retrieved from /home/airflow/.local/lib/python3.8/site-packages/airflow/example_dags/example_sla_dag.py
[2022-05-21 01:00:28,459] {logging_mixin.py:109} INFO - [2022-05-21 01:00:28,459] {dag.py:2398} INFO - Sync 1 DAGs
[2022-05-21 01:00:28,473] {logging_mixin.py:109} INFO - [2022-05-21 01:00:28,473] {dag.py:2937} INFO - Setting next_dagrun for example_sla_dag to 2022-05-21T00:58:00+00:00
[2022-05-21 01:00:28,482] {processor.py:171} INFO - Processing /home/airflow/.local/lib/python3.8/site-packages/airflow/example_dags/example_sla_dag.py took 0.060 seconds
[2022-05-21 01:00:59,121] {processor.py:163} INFO - Started process (PID=20382) to work on /home/airflow/.local/lib/python3.8/site-packages/airflow/example_dags/example_sla_dag.py
[2022-05-21 01:00:59,123] {processor.py:642} INFO - Processing file /home/airflow/.local/lib/python3.8/site-packages/airflow/example_dags/example_sla_dag.py for tasks to queue
[2022-05-21 01:00:59,123] {logging_mixin.py:109} INFO - [2022-05-21 01:00:59,123] {dagbag.py:500} INFO - Filling up the DagBag from /home/airflow/.local/lib/python3.8/site-packages/airflow/example_dags/example_sla_dag.py
[2022-05-21 01:00:59,163] {processor.py:654} INFO - DAG(s) dict_keys(['example_sla_dag']) retrieved from /home/airflow/.local/lib/python3.8/site-packages/airflow/example_dags/example_sla_dag.py
[2022-05-21 01:00:59,174] {logging_mixin.py:109} INFO - [2022-05-21 01:00:59,174] {dag.py:2398} INFO - Sync 1 DAGs
[2022-05-21 01:00:59,193] {logging_mixin.py:109} INFO - [2022-05-21 01:00:59,193] {dag.py:2937} INFO - Setting next_dagrun for example_sla_dag to 2022-05-21T00:58:00+00:00
[2022-05-21 01:00:59,205] {processor.py:171} INFO - Processing /home/airflow/.local/lib/python3.8/site-packages/airflow/example_dags/example_sla_dag.py took 0.087 seconds
[2022-05-21 01:01:29,819] {processor.py:163} INFO - Started process (PID=20467) to work on /home/airflow/.local/lib/python3.8/site-packages/airflow/example_dags/example_sla_dag.py
[2022-05-21 01:01:29,820] {processor.py:642} INFO - Processing file /home/airflow/.local/lib/python3.8/site-packages/airflow/example_dags/example_sla_dag.py for tasks to queue
[2022-05-21 01:01:29,821] {logging_mixin.py:109} INFO - [2022-05-21 01:01:29,821] {dagbag.py:500} INFO - Filling up the DagBag from /home/airflow/.local/lib/python3.8/site-packages/airflow/example_dags/example_sla_dag.py
[2022-05-21 01:01:29,880] {processor.py:654} INFO - DAG(s) dict_keys(['example_sla_dag']) retrieved from /home/airflow/.local/lib/python3.8/site-packages/airflow/example_dags/example_sla_dag.py
[2022-05-21 01:01:29,893] {logging_mixin.py:109} INFO - [2022-05-21 01:01:29,893] {dag.py:2398} INFO - Sync 1 DAGs
[2022-05-21 01:01:29,915] {logging_mixin.py:109} INFO - [2022-05-21 01:01:29,915] {dag.py:2937} INFO - Setting next_dagrun for example_sla_dag to 2022-05-21T00:58:00+00:00
[2022-05-21 01:01:29,928] {processor.py:171} INFO - Processing /home/airflow/.local/lib/python3.8/site-packages/airflow/example_dags/example_sla_dag.py took 0.113 seconds
[2022-05-21 01:02:00,327] {processor.py:163} INFO - Started process (PID=20561) to work on /home/airflow/.local/lib/python3.8/site-packages/airflow/example_dags/example_sla_dag.py
[2022-05-21 01:02:00,328] {processor.py:642} INFO - Processing file /home/airflow/.local/lib/python3.8/site-packages/airflow/example_dags/example_sla_dag.py for tasks to queue
[2022-05-21 01:02:00,328] {logging_mixin.py:109} INFO - [2022-05-21 01:02:00,328] {dagbag.py:500} INFO - Filling up the DagBag from /home/airflow/.local/lib/python3.8/site-packages/airflow/example_dags/example_sla_dag.py
[2022-05-21 01:02:00,361] {processor.py:654} INFO - DAG(s) dict_keys(['example_sla_dag']) retrieved from /home/airflow/.local/lib/python3.8/site-packages/airflow/example_dags/example_sla_dag.py
[2022-05-21 01:02:00,370] {logging_mixin.py:109} INFO - [2022-05-21 01:02:00,370] {dag.py:2398} INFO - Sync 1 DAGs
[2022-05-21 01:02:00,385] {logging_mixin.py:109} INFO - [2022-05-21 01:02:00,385] {dag.py:2937} INFO - Setting next_dagrun for example_sla_dag to 2022-05-21T01:00:00+00:00
[2022-05-21 01:02:00,394] {processor.py:171} INFO - Processing /home/airflow/.local/lib/python3.8/site-packages/airflow/example_dags/example_sla_dag.py took 0.070 seconds
[2022-05-21 01:02:31,355] {processor.py:163} INFO - Started process (PID=20647) to work on /home/airflow/.local/lib/python3.8/site-packages/airflow/example_dags/example_sla_dag.py
[2022-05-21 01:02:31,356] {processor.py:642} INFO - Processing file /home/airflow/.local/lib/python3.8/site-packages/airflow/example_dags/example_sla_dag.py for tasks to queue
[2022-05-21 01:02:31,357] {logging_mixin.py:109} INFO - [2022-05-21 01:02:31,356] {dagbag.py:500} INFO - Filling up the DagBag from /home/airflow/.local/lib/python3.8/site-packages/airflow/example_dags/example_sla_dag.py
[2022-05-21 01:02:31,386] {processor.py:654} INFO - DAG(s) dict_keys(['example_sla_dag']) retrieved from /home/airflow/.local/lib/python3.8/site-packages/airflow/example_dags/example_sla_dag.py
[2022-05-21 01:02:31,394] {logging_mixin.py:109} INFO - [2022-05-21 01:02:31,394] {dag.py:2398} INFO - Sync 1 DAGs
[2022-05-21 01:02:31,410] {logging_mixin.py:109} INFO - [2022-05-21 01:02:31,410] {dag.py:2937} INFO - Setting next_dagrun for example_sla_dag to 2022-05-21T01:00:00+00:00
[2022-05-21 01:02:31,420] {processor.py:171} INFO - Processing /home/airflow/.local/lib/python3.8/site-packages/airflow/example_dags/example_sla_dag.py took 0.068 seconds
[2022-05-21 01:03:01,509] {processor.py:163} INFO - Started process (PID=20740) to work on /home/airflow/.local/lib/python3.8/site-packages/airflow/example_dags/example_sla_dag.py
[2022-05-21 01:03:01,510] {processor.py:642} INFO - Processing file /home/airflow/.local/lib/python3.8/site-packages/airflow/example_dags/example_sla_dag.py for tasks to queue
[2022-05-21 01:03:01,511] {logging_mixin.py:109} INFO - [2022-05-21 01:03:01,511] {dagbag.py:500} INFO - Filling up the DagBag from /home/airflow/.local/lib/python3.8/site-packages/airflow/example_dags/example_sla_dag.py
[2022-05-21 01:03:01,544] {processor.py:654} INFO - DAG(s) dict_keys(['example_sla_dag']) retrieved from /home/airflow/.local/lib/python3.8/site-packages/airflow/example_dags/example_sla_dag.py
[2022-05-21 01:03:01,554] {logging_mixin.py:109} INFO - [2022-05-21 01:03:01,554] {dag.py:2398} INFO - Sync 1 DAGs
[2022-05-21 01:03:01,574] {logging_mixin.py:109} INFO - [2022-05-21 01:03:01,574] {dag.py:2937} INFO - Setting next_dagrun for example_sla_dag to 2022-05-21T01:00:00+00:00
[2022-05-21 01:03:01,583] {processor.py:171} INFO - Processing /home/airflow/.local/lib/python3.8/site-packages/airflow/example_dags/example_sla_dag.py took 0.076 seconds
