[2022-05-21 00:00:01,594] {processor.py:163} INFO - Started process (PID=13754) to work on /home/airflow/.local/lib/python3.8/site-packages/airflow/example_dags/tutorial.py
[2022-05-21 00:00:01,595] {processor.py:642} INFO - Processing file /home/airflow/.local/lib/python3.8/site-packages/airflow/example_dags/tutorial.py for tasks to queue
[2022-05-21 00:00:01,595] {logging_mixin.py:109} INFO - [2022-05-21 00:00:01,595] {dagbag.py:500} INFO - Filling up the DagBag from /home/airflow/.local/lib/python3.8/site-packages/airflow/example_dags/tutorial.py
[2022-05-21 00:00:01,618] {processor.py:654} INFO - DAG(s) dict_keys(['tutorial']) retrieved from /home/airflow/.local/lib/python3.8/site-packages/airflow/example_dags/tutorial.py
[2022-05-21 00:00:01,628] {logging_mixin.py:109} INFO - [2022-05-21 00:00:01,628] {dag.py:2398} INFO - Sync 1 DAGs
[2022-05-21 00:00:01,643] {logging_mixin.py:109} INFO - [2022-05-21 00:00:01,642] {dag.py:2937} INFO - Setting next_dagrun for tutorial to 2022-05-20T00:00:01.642675+00:00
[2022-05-21 00:00:01,652] {processor.py:171} INFO - Processing /home/airflow/.local/lib/python3.8/site-packages/airflow/example_dags/tutorial.py took 0.060 seconds
[2022-05-21 00:00:32,710] {processor.py:163} INFO - Started process (PID=13848) to work on /home/airflow/.local/lib/python3.8/site-packages/airflow/example_dags/tutorial.py
[2022-05-21 00:00:32,711] {processor.py:642} INFO - Processing file /home/airflow/.local/lib/python3.8/site-packages/airflow/example_dags/tutorial.py for tasks to queue
[2022-05-21 00:00:32,712] {logging_mixin.py:109} INFO - [2022-05-21 00:00:32,712] {dagbag.py:500} INFO - Filling up the DagBag from /home/airflow/.local/lib/python3.8/site-packages/airflow/example_dags/tutorial.py
[2022-05-21 00:00:32,734] {processor.py:654} INFO - DAG(s) dict_keys(['tutorial']) retrieved from /home/airflow/.local/lib/python3.8/site-packages/airflow/example_dags/tutorial.py
[2022-05-21 00:00:32,742] {logging_mixin.py:109} INFO - [2022-05-21 00:00:32,742] {dag.py:2398} INFO - Sync 1 DAGs
[2022-05-21 00:00:32,755] {logging_mixin.py:109} INFO - [2022-05-21 00:00:32,755] {dag.py:2937} INFO - Setting next_dagrun for tutorial to 2022-05-20T00:00:32.755088+00:00
[2022-05-21 00:00:32,766] {processor.py:171} INFO - Processing /home/airflow/.local/lib/python3.8/site-packages/airflow/example_dags/tutorial.py took 0.058 seconds
[2022-05-21 00:01:04,107] {processor.py:163} INFO - Started process (PID=13933) to work on /home/airflow/.local/lib/python3.8/site-packages/airflow/example_dags/tutorial.py
[2022-05-21 00:01:04,108] {processor.py:642} INFO - Processing file /home/airflow/.local/lib/python3.8/site-packages/airflow/example_dags/tutorial.py for tasks to queue
[2022-05-21 00:01:04,108] {logging_mixin.py:109} INFO - [2022-05-21 00:01:04,108] {dagbag.py:500} INFO - Filling up the DagBag from /home/airflow/.local/lib/python3.8/site-packages/airflow/example_dags/tutorial.py
[2022-05-21 00:01:04,133] {processor.py:654} INFO - DAG(s) dict_keys(['tutorial']) retrieved from /home/airflow/.local/lib/python3.8/site-packages/airflow/example_dags/tutorial.py
[2022-05-21 00:01:04,144] {logging_mixin.py:109} INFO - [2022-05-21 00:01:04,144] {dag.py:2398} INFO - Sync 1 DAGs
[2022-05-21 00:01:04,159] {logging_mixin.py:109} INFO - [2022-05-21 00:01:04,159] {dag.py:2937} INFO - Setting next_dagrun for tutorial to 2022-05-20T00:01:04.159703+00:00
[2022-05-21 00:01:04,169] {processor.py:171} INFO - Processing /home/airflow/.local/lib/python3.8/site-packages/airflow/example_dags/tutorial.py took 0.064 seconds
[2022-05-21 00:01:35,294] {processor.py:163} INFO - Started process (PID=14026) to work on /home/airflow/.local/lib/python3.8/site-packages/airflow/example_dags/tutorial.py
[2022-05-21 00:01:35,296] {processor.py:642} INFO - Processing file /home/airflow/.local/lib/python3.8/site-packages/airflow/example_dags/tutorial.py for tasks to queue
[2022-05-21 00:01:35,296] {logging_mixin.py:109} INFO - [2022-05-21 00:01:35,296] {dagbag.py:500} INFO - Filling up the DagBag from /home/airflow/.local/lib/python3.8/site-packages/airflow/example_dags/tutorial.py
[2022-05-21 00:01:35,320] {processor.py:654} INFO - DAG(s) dict_keys(['tutorial']) retrieved from /home/airflow/.local/lib/python3.8/site-packages/airflow/example_dags/tutorial.py
[2022-05-21 00:01:35,328] {logging_mixin.py:109} INFO - [2022-05-21 00:01:35,328] {dag.py:2398} INFO - Sync 1 DAGs
[2022-05-21 00:01:35,340] {logging_mixin.py:109} INFO - [2022-05-21 00:01:35,340] {dag.py:2937} INFO - Setting next_dagrun for tutorial to 2022-05-20T00:01:35.340067+00:00
[2022-05-21 00:01:35,350] {processor.py:171} INFO - Processing /home/airflow/.local/lib/python3.8/site-packages/airflow/example_dags/tutorial.py took 0.058 seconds
[2022-05-21 00:02:06,244] {processor.py:163} INFO - Started process (PID=14110) to work on /home/airflow/.local/lib/python3.8/site-packages/airflow/example_dags/tutorial.py
[2022-05-21 00:02:06,245] {processor.py:642} INFO - Processing file /home/airflow/.local/lib/python3.8/site-packages/airflow/example_dags/tutorial.py for tasks to queue
[2022-05-21 00:02:06,246] {logging_mixin.py:109} INFO - [2022-05-21 00:02:06,246] {dagbag.py:500} INFO - Filling up the DagBag from /home/airflow/.local/lib/python3.8/site-packages/airflow/example_dags/tutorial.py
[2022-05-21 00:02:06,273] {processor.py:654} INFO - DAG(s) dict_keys(['tutorial']) retrieved from /home/airflow/.local/lib/python3.8/site-packages/airflow/example_dags/tutorial.py
[2022-05-21 00:02:06,283] {logging_mixin.py:109} INFO - [2022-05-21 00:02:06,283] {dag.py:2398} INFO - Sync 1 DAGs
[2022-05-21 00:02:06,299] {logging_mixin.py:109} INFO - [2022-05-21 00:02:06,299] {dag.py:2937} INFO - Setting next_dagrun for tutorial to 2022-05-20T00:02:06.298869+00:00
[2022-05-21 00:02:06,309] {processor.py:171} INFO - Processing /home/airflow/.local/lib/python3.8/site-packages/airflow/example_dags/tutorial.py took 0.068 seconds
[2022-05-21 00:02:37,013] {processor.py:163} INFO - Started process (PID=14200) to work on /home/airflow/.local/lib/python3.8/site-packages/airflow/example_dags/tutorial.py
[2022-05-21 00:02:37,014] {processor.py:642} INFO - Processing file /home/airflow/.local/lib/python3.8/site-packages/airflow/example_dags/tutorial.py for tasks to queue
[2022-05-21 00:02:37,015] {logging_mixin.py:109} INFO - [2022-05-21 00:02:37,015] {dagbag.py:500} INFO - Filling up the DagBag from /home/airflow/.local/lib/python3.8/site-packages/airflow/example_dags/tutorial.py
[2022-05-21 00:02:37,046] {processor.py:654} INFO - DAG(s) dict_keys(['tutorial']) retrieved from /home/airflow/.local/lib/python3.8/site-packages/airflow/example_dags/tutorial.py
[2022-05-21 00:02:37,056] {logging_mixin.py:109} INFO - [2022-05-21 00:02:37,056] {dag.py:2398} INFO - Sync 1 DAGs
[2022-05-21 00:02:37,070] {logging_mixin.py:109} INFO - [2022-05-21 00:02:37,070] {dag.py:2937} INFO - Setting next_dagrun for tutorial to 2022-05-20T00:02:37.070331+00:00
[2022-05-21 00:02:37,081] {processor.py:171} INFO - Processing /home/airflow/.local/lib/python3.8/site-packages/airflow/example_dags/tutorial.py took 0.071 seconds
[2022-05-21 00:03:07,175] {processor.py:163} INFO - Started process (PID=14251) to work on /home/airflow/.local/lib/python3.8/site-packages/airflow/example_dags/tutorial.py
[2022-05-21 00:03:07,176] {processor.py:642} INFO - Processing file /home/airflow/.local/lib/python3.8/site-packages/airflow/example_dags/tutorial.py for tasks to queue
[2022-05-21 00:03:07,177] {logging_mixin.py:109} INFO - [2022-05-21 00:03:07,177] {dagbag.py:500} INFO - Filling up the DagBag from /home/airflow/.local/lib/python3.8/site-packages/airflow/example_dags/tutorial.py
[2022-05-21 00:03:07,209] {processor.py:654} INFO - DAG(s) dict_keys(['tutorial']) retrieved from /home/airflow/.local/lib/python3.8/site-packages/airflow/example_dags/tutorial.py
[2022-05-21 00:03:07,234] {logging_mixin.py:109} INFO - [2022-05-21 00:03:07,234] {dag.py:2398} INFO - Sync 1 DAGs
[2022-05-21 00:03:07,300] {logging_mixin.py:109} INFO - [2022-05-21 00:03:07,300] {dag.py:2937} INFO - Setting next_dagrun for tutorial to 2022-05-20T00:03:07.300202+00:00
[2022-05-21 00:03:07,328] {processor.py:171} INFO - Processing /home/airflow/.local/lib/python3.8/site-packages/airflow/example_dags/tutorial.py took 0.155 seconds
[2022-05-21 00:03:37,734] {processor.py:163} INFO - Started process (PID=14344) to work on /home/airflow/.local/lib/python3.8/site-packages/airflow/example_dags/tutorial.py
[2022-05-21 00:03:37,736] {processor.py:642} INFO - Processing file /home/airflow/.local/lib/python3.8/site-packages/airflow/example_dags/tutorial.py for tasks to queue
[2022-05-21 00:03:37,736] {logging_mixin.py:109} INFO - [2022-05-21 00:03:37,736] {dagbag.py:500} INFO - Filling up the DagBag from /home/airflow/.local/lib/python3.8/site-packages/airflow/example_dags/tutorial.py
[2022-05-21 00:03:37,760] {processor.py:654} INFO - DAG(s) dict_keys(['tutorial']) retrieved from /home/airflow/.local/lib/python3.8/site-packages/airflow/example_dags/tutorial.py
[2022-05-21 00:03:37,768] {logging_mixin.py:109} INFO - [2022-05-21 00:03:37,768] {dag.py:2398} INFO - Sync 1 DAGs
[2022-05-21 00:03:37,780] {logging_mixin.py:109} INFO - [2022-05-21 00:03:37,780] {dag.py:2937} INFO - Setting next_dagrun for tutorial to 2022-05-20T00:03:37.780506+00:00
[2022-05-21 00:03:37,790] {processor.py:171} INFO - Processing /home/airflow/.local/lib/python3.8/site-packages/airflow/example_dags/tutorial.py took 0.057 seconds
[2022-05-21 00:04:07,866] {processor.py:163} INFO - Started process (PID=14427) to work on /home/airflow/.local/lib/python3.8/site-packages/airflow/example_dags/tutorial.py
[2022-05-21 00:04:07,866] {processor.py:642} INFO - Processing file /home/airflow/.local/lib/python3.8/site-packages/airflow/example_dags/tutorial.py for tasks to queue
[2022-05-21 00:04:07,867] {logging_mixin.py:109} INFO - [2022-05-21 00:04:07,867] {dagbag.py:500} INFO - Filling up the DagBag from /home/airflow/.local/lib/python3.8/site-packages/airflow/example_dags/tutorial.py
[2022-05-21 00:04:07,906] {processor.py:654} INFO - DAG(s) dict_keys(['tutorial']) retrieved from /home/airflow/.local/lib/python3.8/site-packages/airflow/example_dags/tutorial.py
[2022-05-21 00:04:07,915] {logging_mixin.py:109} INFO - [2022-05-21 00:04:07,915] {dag.py:2398} INFO - Sync 1 DAGs
[2022-05-21 00:04:07,928] {logging_mixin.py:109} INFO - [2022-05-21 00:04:07,928] {dag.py:2937} INFO - Setting next_dagrun for tutorial to 2022-05-20T00:04:07.928302+00:00
[2022-05-21 00:04:07,939] {processor.py:171} INFO - Processing /home/airflow/.local/lib/python3.8/site-packages/airflow/example_dags/tutorial.py took 0.077 seconds
[2022-05-21 00:04:38,275] {processor.py:163} INFO - Started process (PID=14520) to work on /home/airflow/.local/lib/python3.8/site-packages/airflow/example_dags/tutorial.py
[2022-05-21 00:04:38,276] {processor.py:642} INFO - Processing file /home/airflow/.local/lib/python3.8/site-packages/airflow/example_dags/tutorial.py for tasks to queue
[2022-05-21 00:04:38,276] {logging_mixin.py:109} INFO - [2022-05-21 00:04:38,276] {dagbag.py:500} INFO - Filling up the DagBag from /home/airflow/.local/lib/python3.8/site-packages/airflow/example_dags/tutorial.py
[2022-05-21 00:04:38,298] {processor.py:654} INFO - DAG(s) dict_keys(['tutorial']) retrieved from /home/airflow/.local/lib/python3.8/site-packages/airflow/example_dags/tutorial.py
[2022-05-21 00:04:38,306] {logging_mixin.py:109} INFO - [2022-05-21 00:04:38,306] {dag.py:2398} INFO - Sync 1 DAGs
[2022-05-21 00:04:38,318] {logging_mixin.py:109} INFO - [2022-05-21 00:04:38,318] {dag.py:2937} INFO - Setting next_dagrun for tutorial to 2022-05-20T00:04:38.318375+00:00
[2022-05-21 00:04:38,328] {processor.py:171} INFO - Processing /home/airflow/.local/lib/python3.8/site-packages/airflow/example_dags/tutorial.py took 0.054 seconds
[2022-05-21 00:05:09,278] {processor.py:163} INFO - Started process (PID=14607) to work on /home/airflow/.local/lib/python3.8/site-packages/airflow/example_dags/tutorial.py
[2022-05-21 00:05:09,279] {processor.py:642} INFO - Processing file /home/airflow/.local/lib/python3.8/site-packages/airflow/example_dags/tutorial.py for tasks to queue
[2022-05-21 00:05:09,280] {logging_mixin.py:109} INFO - [2022-05-21 00:05:09,280] {dagbag.py:500} INFO - Filling up the DagBag from /home/airflow/.local/lib/python3.8/site-packages/airflow/example_dags/tutorial.py
[2022-05-21 00:05:09,301] {processor.py:654} INFO - DAG(s) dict_keys(['tutorial']) retrieved from /home/airflow/.local/lib/python3.8/site-packages/airflow/example_dags/tutorial.py
[2022-05-21 00:05:09,309] {logging_mixin.py:109} INFO - [2022-05-21 00:05:09,309] {dag.py:2398} INFO - Sync 1 DAGs
[2022-05-21 00:05:09,323] {logging_mixin.py:109} INFO - [2022-05-21 00:05:09,323] {dag.py:2937} INFO - Setting next_dagrun for tutorial to 2022-05-20T00:05:09.323193+00:00
[2022-05-21 00:05:09,333] {processor.py:171} INFO - Processing /home/airflow/.local/lib/python3.8/site-packages/airflow/example_dags/tutorial.py took 0.056 seconds
[2022-05-21 00:05:39,565] {processor.py:163} INFO - Started process (PID=14700) to work on /home/airflow/.local/lib/python3.8/site-packages/airflow/example_dags/tutorial.py
[2022-05-21 00:05:39,566] {processor.py:642} INFO - Processing file /home/airflow/.local/lib/python3.8/site-packages/airflow/example_dags/tutorial.py for tasks to queue
[2022-05-21 00:05:39,567] {logging_mixin.py:109} INFO - [2022-05-21 00:05:39,567] {dagbag.py:500} INFO - Filling up the DagBag from /home/airflow/.local/lib/python3.8/site-packages/airflow/example_dags/tutorial.py
[2022-05-21 00:05:39,600] {processor.py:654} INFO - DAG(s) dict_keys(['tutorial']) retrieved from /home/airflow/.local/lib/python3.8/site-packages/airflow/example_dags/tutorial.py
[2022-05-21 00:05:39,612] {logging_mixin.py:109} INFO - [2022-05-21 00:05:39,612] {dag.py:2398} INFO - Sync 1 DAGs
[2022-05-21 00:05:39,627] {logging_mixin.py:109} INFO - [2022-05-21 00:05:39,627] {dag.py:2937} INFO - Setting next_dagrun for tutorial to 2022-05-20T00:05:39.627292+00:00
[2022-05-21 00:05:39,641] {processor.py:171} INFO - Processing /home/airflow/.local/lib/python3.8/site-packages/airflow/example_dags/tutorial.py took 0.079 seconds
[2022-05-21 00:06:10,678] {processor.py:163} INFO - Started process (PID=14785) to work on /home/airflow/.local/lib/python3.8/site-packages/airflow/example_dags/tutorial.py
[2022-05-21 00:06:10,678] {processor.py:642} INFO - Processing file /home/airflow/.local/lib/python3.8/site-packages/airflow/example_dags/tutorial.py for tasks to queue
[2022-05-21 00:06:10,679] {logging_mixin.py:109} INFO - [2022-05-21 00:06:10,679] {dagbag.py:500} INFO - Filling up the DagBag from /home/airflow/.local/lib/python3.8/site-packages/airflow/example_dags/tutorial.py
[2022-05-21 00:06:10,709] {processor.py:654} INFO - DAG(s) dict_keys(['tutorial']) retrieved from /home/airflow/.local/lib/python3.8/site-packages/airflow/example_dags/tutorial.py
[2022-05-21 00:06:10,717] {logging_mixin.py:109} INFO - [2022-05-21 00:06:10,717] {dag.py:2398} INFO - Sync 1 DAGs
[2022-05-21 00:06:10,730] {logging_mixin.py:109} INFO - [2022-05-21 00:06:10,729] {dag.py:2937} INFO - Setting next_dagrun for tutorial to 2022-05-20T00:06:10.729505+00:00
[2022-05-21 00:06:10,739] {processor.py:171} INFO - Processing /home/airflow/.local/lib/python3.8/site-packages/airflow/example_dags/tutorial.py took 0.064 seconds
[2022-05-21 00:06:41,060] {processor.py:163} INFO - Started process (PID=14880) to work on /home/airflow/.local/lib/python3.8/site-packages/airflow/example_dags/tutorial.py
[2022-05-21 00:06:41,061] {processor.py:642} INFO - Processing file /home/airflow/.local/lib/python3.8/site-packages/airflow/example_dags/tutorial.py for tasks to queue
[2022-05-21 00:06:41,061] {logging_mixin.py:109} INFO - [2022-05-21 00:06:41,061] {dagbag.py:500} INFO - Filling up the DagBag from /home/airflow/.local/lib/python3.8/site-packages/airflow/example_dags/tutorial.py
[2022-05-21 00:06:41,089] {processor.py:654} INFO - DAG(s) dict_keys(['tutorial']) retrieved from /home/airflow/.local/lib/python3.8/site-packages/airflow/example_dags/tutorial.py
[2022-05-21 00:06:41,098] {logging_mixin.py:109} INFO - [2022-05-21 00:06:41,097] {dag.py:2398} INFO - Sync 1 DAGs
[2022-05-21 00:06:41,111] {logging_mixin.py:109} INFO - [2022-05-21 00:06:41,111] {dag.py:2937} INFO - Setting next_dagrun for tutorial to 2022-05-20T00:06:41.111047+00:00
[2022-05-21 00:06:41,122] {processor.py:171} INFO - Processing /home/airflow/.local/lib/python3.8/site-packages/airflow/example_dags/tutorial.py took 0.064 seconds
[2022-05-21 00:07:12,090] {processor.py:163} INFO - Started process (PID=14965) to work on /home/airflow/.local/lib/python3.8/site-packages/airflow/example_dags/tutorial.py
[2022-05-21 00:07:12,091] {processor.py:642} INFO - Processing file /home/airflow/.local/lib/python3.8/site-packages/airflow/example_dags/tutorial.py for tasks to queue
[2022-05-21 00:07:12,091] {logging_mixin.py:109} INFO - [2022-05-21 00:07:12,091] {dagbag.py:500} INFO - Filling up the DagBag from /home/airflow/.local/lib/python3.8/site-packages/airflow/example_dags/tutorial.py
[2022-05-21 00:07:12,116] {processor.py:654} INFO - DAG(s) dict_keys(['tutorial']) retrieved from /home/airflow/.local/lib/python3.8/site-packages/airflow/example_dags/tutorial.py
[2022-05-21 00:07:12,125] {logging_mixin.py:109} INFO - [2022-05-21 00:07:12,124] {dag.py:2398} INFO - Sync 1 DAGs
[2022-05-21 00:07:12,139] {logging_mixin.py:109} INFO - [2022-05-21 00:07:12,139] {dag.py:2937} INFO - Setting next_dagrun for tutorial to 2022-05-20T00:07:12.138910+00:00
[2022-05-21 00:07:12,148] {processor.py:171} INFO - Processing /home/airflow/.local/lib/python3.8/site-packages/airflow/example_dags/tutorial.py took 0.060 seconds
[2022-05-21 00:07:42,951] {processor.py:163} INFO - Started process (PID=15059) to work on /home/airflow/.local/lib/python3.8/site-packages/airflow/example_dags/tutorial.py
[2022-05-21 00:07:42,953] {processor.py:642} INFO - Processing file /home/airflow/.local/lib/python3.8/site-packages/airflow/example_dags/tutorial.py for tasks to queue
[2022-05-21 00:07:42,954] {logging_mixin.py:109} INFO - [2022-05-21 00:07:42,954] {dagbag.py:500} INFO - Filling up the DagBag from /home/airflow/.local/lib/python3.8/site-packages/airflow/example_dags/tutorial.py
[2022-05-21 00:07:42,988] {processor.py:654} INFO - DAG(s) dict_keys(['tutorial']) retrieved from /home/airflow/.local/lib/python3.8/site-packages/airflow/example_dags/tutorial.py
[2022-05-21 00:07:43,001] {logging_mixin.py:109} INFO - [2022-05-21 00:07:43,001] {dag.py:2398} INFO - Sync 1 DAGs
[2022-05-21 00:07:43,015] {logging_mixin.py:109} INFO - [2022-05-21 00:07:43,015] {dag.py:2937} INFO - Setting next_dagrun for tutorial to 2022-05-20T00:07:43.015046+00:00
[2022-05-21 00:07:43,024] {processor.py:171} INFO - Processing /home/airflow/.local/lib/python3.8/site-packages/airflow/example_dags/tutorial.py took 0.075 seconds
[2022-05-21 00:08:13,583] {processor.py:163} INFO - Started process (PID=15145) to work on /home/airflow/.local/lib/python3.8/site-packages/airflow/example_dags/tutorial.py
[2022-05-21 00:08:13,584] {processor.py:642} INFO - Processing file /home/airflow/.local/lib/python3.8/site-packages/airflow/example_dags/tutorial.py for tasks to queue
[2022-05-21 00:08:13,584] {logging_mixin.py:109} INFO - [2022-05-21 00:08:13,584] {dagbag.py:500} INFO - Filling up the DagBag from /home/airflow/.local/lib/python3.8/site-packages/airflow/example_dags/tutorial.py
[2022-05-21 00:08:13,608] {processor.py:654} INFO - DAG(s) dict_keys(['tutorial']) retrieved from /home/airflow/.local/lib/python3.8/site-packages/airflow/example_dags/tutorial.py
[2022-05-21 00:08:13,623] {logging_mixin.py:109} INFO - [2022-05-21 00:08:13,622] {dag.py:2398} INFO - Sync 1 DAGs
[2022-05-21 00:08:13,639] {logging_mixin.py:109} INFO - [2022-05-21 00:08:13,639] {dag.py:2937} INFO - Setting next_dagrun for tutorial to 2022-05-20T00:08:13.639620+00:00
[2022-05-21 00:08:13,649] {processor.py:171} INFO - Processing /home/airflow/.local/lib/python3.8/site-packages/airflow/example_dags/tutorial.py took 0.068 seconds
[2022-05-21 00:08:44,085] {processor.py:163} INFO - Started process (PID=15238) to work on /home/airflow/.local/lib/python3.8/site-packages/airflow/example_dags/tutorial.py
[2022-05-21 00:08:44,087] {processor.py:642} INFO - Processing file /home/airflow/.local/lib/python3.8/site-packages/airflow/example_dags/tutorial.py for tasks to queue
[2022-05-21 00:08:44,087] {logging_mixin.py:109} INFO - [2022-05-21 00:08:44,087] {dagbag.py:500} INFO - Filling up the DagBag from /home/airflow/.local/lib/python3.8/site-packages/airflow/example_dags/tutorial.py
[2022-05-21 00:08:44,111] {processor.py:654} INFO - DAG(s) dict_keys(['tutorial']) retrieved from /home/airflow/.local/lib/python3.8/site-packages/airflow/example_dags/tutorial.py
[2022-05-21 00:08:44,118] {logging_mixin.py:109} INFO - [2022-05-21 00:08:44,118] {dag.py:2398} INFO - Sync 1 DAGs
[2022-05-21 00:08:44,130] {logging_mixin.py:109} INFO - [2022-05-21 00:08:44,130] {dag.py:2937} INFO - Setting next_dagrun for tutorial to 2022-05-20T00:08:44.130707+00:00
[2022-05-21 00:08:44,140] {processor.py:171} INFO - Processing /home/airflow/.local/lib/python3.8/site-packages/airflow/example_dags/tutorial.py took 0.057 seconds
[2022-05-21 00:09:14,943] {processor.py:163} INFO - Started process (PID=15323) to work on /home/airflow/.local/lib/python3.8/site-packages/airflow/example_dags/tutorial.py
[2022-05-21 00:09:14,944] {processor.py:642} INFO - Processing file /home/airflow/.local/lib/python3.8/site-packages/airflow/example_dags/tutorial.py for tasks to queue
[2022-05-21 00:09:14,945] {logging_mixin.py:109} INFO - [2022-05-21 00:09:14,945] {dagbag.py:500} INFO - Filling up the DagBag from /home/airflow/.local/lib/python3.8/site-packages/airflow/example_dags/tutorial.py
[2022-05-21 00:09:14,981] {processor.py:654} INFO - DAG(s) dict_keys(['tutorial']) retrieved from /home/airflow/.local/lib/python3.8/site-packages/airflow/example_dags/tutorial.py
[2022-05-21 00:09:14,999] {logging_mixin.py:109} INFO - [2022-05-21 00:09:14,998] {dag.py:2398} INFO - Sync 1 DAGs
[2022-05-21 00:09:15,018] {logging_mixin.py:109} INFO - [2022-05-21 00:09:15,018] {dag.py:2937} INFO - Setting next_dagrun for tutorial to 2022-05-20T00:09:15.017452+00:00
[2022-05-21 00:09:15,031] {processor.py:171} INFO - Processing /home/airflow/.local/lib/python3.8/site-packages/airflow/example_dags/tutorial.py took 0.089 seconds
[2022-05-21 00:32:42,957] {processor.py:163} INFO - Started process (PID=15392) to work on /home/airflow/.local/lib/python3.8/site-packages/airflow/example_dags/tutorial.py
[2022-05-21 00:32:42,968] {processor.py:642} INFO - Processing file /home/airflow/.local/lib/python3.8/site-packages/airflow/example_dags/tutorial.py for tasks to queue
[2022-05-21 00:32:42,969] {logging_mixin.py:109} INFO - [2022-05-21 00:32:42,969] {dagbag.py:500} INFO - Filling up the DagBag from /home/airflow/.local/lib/python3.8/site-packages/airflow/example_dags/tutorial.py
[2022-05-21 00:32:43,017] {processor.py:654} INFO - DAG(s) dict_keys(['tutorial']) retrieved from /home/airflow/.local/lib/python3.8/site-packages/airflow/example_dags/tutorial.py
[2022-05-21 00:32:43,034] {logging_mixin.py:109} INFO - [2022-05-21 00:32:43,034] {dag.py:2398} INFO - Sync 1 DAGs
[2022-05-21 00:32:43,051] {logging_mixin.py:109} INFO - [2022-05-21 00:32:43,051] {dag.py:2937} INFO - Setting next_dagrun for tutorial to 2022-05-20T00:32:43.050700+00:00
[2022-05-21 00:32:43,069] {processor.py:171} INFO - Processing /home/airflow/.local/lib/python3.8/site-packages/airflow/example_dags/tutorial.py took 0.116 seconds
[2022-05-21 00:33:14,367] {processor.py:163} INFO - Started process (PID=15477) to work on /home/airflow/.local/lib/python3.8/site-packages/airflow/example_dags/tutorial.py
[2022-05-21 00:33:14,367] {processor.py:642} INFO - Processing file /home/airflow/.local/lib/python3.8/site-packages/airflow/example_dags/tutorial.py for tasks to queue
[2022-05-21 00:33:14,368] {logging_mixin.py:109} INFO - [2022-05-21 00:33:14,368] {dagbag.py:500} INFO - Filling up the DagBag from /home/airflow/.local/lib/python3.8/site-packages/airflow/example_dags/tutorial.py
[2022-05-21 00:33:14,394] {processor.py:654} INFO - DAG(s) dict_keys(['tutorial']) retrieved from /home/airflow/.local/lib/python3.8/site-packages/airflow/example_dags/tutorial.py
[2022-05-21 00:33:14,402] {logging_mixin.py:109} INFO - [2022-05-21 00:33:14,402] {dag.py:2398} INFO - Sync 1 DAGs
[2022-05-21 00:33:14,415] {logging_mixin.py:109} INFO - [2022-05-21 00:33:14,415] {dag.py:2937} INFO - Setting next_dagrun for tutorial to 2022-05-20T00:33:14.415065+00:00
[2022-05-21 00:33:14,424] {processor.py:171} INFO - Processing /home/airflow/.local/lib/python3.8/site-packages/airflow/example_dags/tutorial.py took 0.060 seconds
[2022-05-21 00:33:45,405] {processor.py:163} INFO - Started process (PID=15570) to work on /home/airflow/.local/lib/python3.8/site-packages/airflow/example_dags/tutorial.py
[2022-05-21 00:33:45,406] {processor.py:642} INFO - Processing file /home/airflow/.local/lib/python3.8/site-packages/airflow/example_dags/tutorial.py for tasks to queue
[2022-05-21 00:33:45,407] {logging_mixin.py:109} INFO - [2022-05-21 00:33:45,407] {dagbag.py:500} INFO - Filling up the DagBag from /home/airflow/.local/lib/python3.8/site-packages/airflow/example_dags/tutorial.py
[2022-05-21 00:33:45,434] {processor.py:654} INFO - DAG(s) dict_keys(['tutorial']) retrieved from /home/airflow/.local/lib/python3.8/site-packages/airflow/example_dags/tutorial.py
[2022-05-21 00:33:45,443] {logging_mixin.py:109} INFO - [2022-05-21 00:33:45,443] {dag.py:2398} INFO - Sync 1 DAGs
[2022-05-21 00:33:45,455] {logging_mixin.py:109} INFO - [2022-05-21 00:33:45,455] {dag.py:2937} INFO - Setting next_dagrun for tutorial to 2022-05-20T00:33:45.455374+00:00
[2022-05-21 00:33:45,466] {processor.py:171} INFO - Processing /home/airflow/.local/lib/python3.8/site-packages/airflow/example_dags/tutorial.py took 0.063 seconds
[2022-05-21 00:34:16,716] {processor.py:163} INFO - Started process (PID=15654) to work on /home/airflow/.local/lib/python3.8/site-packages/airflow/example_dags/tutorial.py
[2022-05-21 00:34:16,717] {processor.py:642} INFO - Processing file /home/airflow/.local/lib/python3.8/site-packages/airflow/example_dags/tutorial.py for tasks to queue
[2022-05-21 00:34:16,717] {logging_mixin.py:109} INFO - [2022-05-21 00:34:16,717] {dagbag.py:500} INFO - Filling up the DagBag from /home/airflow/.local/lib/python3.8/site-packages/airflow/example_dags/tutorial.py
[2022-05-21 00:34:16,744] {processor.py:654} INFO - DAG(s) dict_keys(['tutorial']) retrieved from /home/airflow/.local/lib/python3.8/site-packages/airflow/example_dags/tutorial.py
[2022-05-21 00:34:16,755] {logging_mixin.py:109} INFO - [2022-05-21 00:34:16,755] {dag.py:2398} INFO - Sync 1 DAGs
[2022-05-21 00:34:16,767] {logging_mixin.py:109} INFO - [2022-05-21 00:34:16,767] {dag.py:2937} INFO - Setting next_dagrun for tutorial to 2022-05-20T00:34:16.767560+00:00
[2022-05-21 00:34:16,779] {processor.py:171} INFO - Processing /home/airflow/.local/lib/python3.8/site-packages/airflow/example_dags/tutorial.py took 0.065 seconds
[2022-05-21 00:34:48,424] {processor.py:163} INFO - Started process (PID=15745) to work on /home/airflow/.local/lib/python3.8/site-packages/airflow/example_dags/tutorial.py
[2022-05-21 00:34:48,425] {processor.py:642} INFO - Processing file /home/airflow/.local/lib/python3.8/site-packages/airflow/example_dags/tutorial.py for tasks to queue
[2022-05-21 00:34:48,425] {logging_mixin.py:109} INFO - [2022-05-21 00:34:48,425] {dagbag.py:500} INFO - Filling up the DagBag from /home/airflow/.local/lib/python3.8/site-packages/airflow/example_dags/tutorial.py
[2022-05-21 00:34:48,453] {processor.py:654} INFO - DAG(s) dict_keys(['tutorial']) retrieved from /home/airflow/.local/lib/python3.8/site-packages/airflow/example_dags/tutorial.py
[2022-05-21 00:34:48,462] {logging_mixin.py:109} INFO - [2022-05-21 00:34:48,462] {dag.py:2398} INFO - Sync 1 DAGs
[2022-05-21 00:34:48,475] {logging_mixin.py:109} INFO - [2022-05-21 00:34:48,475] {dag.py:2937} INFO - Setting next_dagrun for tutorial to 2022-05-20T00:34:48.474869+00:00
[2022-05-21 00:34:48,486] {processor.py:171} INFO - Processing /home/airflow/.local/lib/python3.8/site-packages/airflow/example_dags/tutorial.py took 0.065 seconds
[2022-05-21 00:35:19,223] {processor.py:163} INFO - Started process (PID=15828) to work on /home/airflow/.local/lib/python3.8/site-packages/airflow/example_dags/tutorial.py
[2022-05-21 00:35:19,224] {processor.py:642} INFO - Processing file /home/airflow/.local/lib/python3.8/site-packages/airflow/example_dags/tutorial.py for tasks to queue
[2022-05-21 00:35:19,224] {logging_mixin.py:109} INFO - [2022-05-21 00:35:19,224] {dagbag.py:500} INFO - Filling up the DagBag from /home/airflow/.local/lib/python3.8/site-packages/airflow/example_dags/tutorial.py
[2022-05-21 00:35:19,249] {processor.py:654} INFO - DAG(s) dict_keys(['tutorial']) retrieved from /home/airflow/.local/lib/python3.8/site-packages/airflow/example_dags/tutorial.py
[2022-05-21 00:35:19,257] {logging_mixin.py:109} INFO - [2022-05-21 00:35:19,257] {dag.py:2398} INFO - Sync 1 DAGs
[2022-05-21 00:35:19,269] {logging_mixin.py:109} INFO - [2022-05-21 00:35:19,269] {dag.py:2937} INFO - Setting next_dagrun for tutorial to 2022-05-20T00:35:19.269485+00:00
[2022-05-21 00:35:19,279] {processor.py:171} INFO - Processing /home/airflow/.local/lib/python3.8/site-packages/airflow/example_dags/tutorial.py took 0.058 seconds
[2022-05-21 00:35:49,459] {processor.py:163} INFO - Started process (PID=15895) to work on /home/airflow/.local/lib/python3.8/site-packages/airflow/example_dags/tutorial.py
[2022-05-21 00:35:49,460] {processor.py:642} INFO - Processing file /home/airflow/.local/lib/python3.8/site-packages/airflow/example_dags/tutorial.py for tasks to queue
[2022-05-21 00:35:49,461] {logging_mixin.py:109} INFO - [2022-05-21 00:35:49,461] {dagbag.py:500} INFO - Filling up the DagBag from /home/airflow/.local/lib/python3.8/site-packages/airflow/example_dags/tutorial.py
[2022-05-21 00:35:49,491] {processor.py:654} INFO - DAG(s) dict_keys(['tutorial']) retrieved from /home/airflow/.local/lib/python3.8/site-packages/airflow/example_dags/tutorial.py
[2022-05-21 00:35:49,502] {logging_mixin.py:109} INFO - [2022-05-21 00:35:49,502] {dag.py:2398} INFO - Sync 1 DAGs
[2022-05-21 00:35:49,516] {logging_mixin.py:109} INFO - [2022-05-21 00:35:49,515] {dag.py:2937} INFO - Setting next_dagrun for tutorial to 2022-05-20T00:35:49.515779+00:00
[2022-05-21 00:35:49,527] {processor.py:171} INFO - Processing /home/airflow/.local/lib/python3.8/site-packages/airflow/example_dags/tutorial.py took 0.070 seconds
[2022-05-21 00:36:20,465] {processor.py:163} INFO - Started process (PID=15990) to work on /home/airflow/.local/lib/python3.8/site-packages/airflow/example_dags/tutorial.py
[2022-05-21 00:36:20,466] {processor.py:642} INFO - Processing file /home/airflow/.local/lib/python3.8/site-packages/airflow/example_dags/tutorial.py for tasks to queue
[2022-05-21 00:36:20,466] {logging_mixin.py:109} INFO - [2022-05-21 00:36:20,466] {dagbag.py:500} INFO - Filling up the DagBag from /home/airflow/.local/lib/python3.8/site-packages/airflow/example_dags/tutorial.py
[2022-05-21 00:36:20,495] {processor.py:654} INFO - DAG(s) dict_keys(['tutorial']) retrieved from /home/airflow/.local/lib/python3.8/site-packages/airflow/example_dags/tutorial.py
[2022-05-21 00:36:20,507] {logging_mixin.py:109} INFO - [2022-05-21 00:36:20,507] {dag.py:2398} INFO - Sync 1 DAGs
[2022-05-21 00:36:20,521] {logging_mixin.py:109} INFO - [2022-05-21 00:36:20,521] {dag.py:2937} INFO - Setting next_dagrun for tutorial to 2022-05-20T00:36:20.521349+00:00
[2022-05-21 00:36:20,532] {processor.py:171} INFO - Processing /home/airflow/.local/lib/python3.8/site-packages/airflow/example_dags/tutorial.py took 0.070 seconds
[2022-05-21 00:36:51,188] {processor.py:163} INFO - Started process (PID=16074) to work on /home/airflow/.local/lib/python3.8/site-packages/airflow/example_dags/tutorial.py
[2022-05-21 00:36:51,190] {processor.py:642} INFO - Processing file /home/airflow/.local/lib/python3.8/site-packages/airflow/example_dags/tutorial.py for tasks to queue
[2022-05-21 00:36:51,191] {logging_mixin.py:109} INFO - [2022-05-21 00:36:51,191] {dagbag.py:500} INFO - Filling up the DagBag from /home/airflow/.local/lib/python3.8/site-packages/airflow/example_dags/tutorial.py
[2022-05-21 00:36:51,223] {processor.py:654} INFO - DAG(s) dict_keys(['tutorial']) retrieved from /home/airflow/.local/lib/python3.8/site-packages/airflow/example_dags/tutorial.py
[2022-05-21 00:36:51,231] {logging_mixin.py:109} INFO - [2022-05-21 00:36:51,231] {dag.py:2398} INFO - Sync 1 DAGs
[2022-05-21 00:36:51,243] {logging_mixin.py:109} INFO - [2022-05-21 00:36:51,243] {dag.py:2937} INFO - Setting next_dagrun for tutorial to 2022-05-20T00:36:51.243284+00:00
[2022-05-21 00:36:51,253] {processor.py:171} INFO - Processing /home/airflow/.local/lib/python3.8/site-packages/airflow/example_dags/tutorial.py took 0.068 seconds
[2022-05-21 00:37:22,466] {processor.py:163} INFO - Started process (PID=16168) to work on /home/airflow/.local/lib/python3.8/site-packages/airflow/example_dags/tutorial.py
[2022-05-21 00:37:22,467] {processor.py:642} INFO - Processing file /home/airflow/.local/lib/python3.8/site-packages/airflow/example_dags/tutorial.py for tasks to queue
[2022-05-21 00:37:22,467] {logging_mixin.py:109} INFO - [2022-05-21 00:37:22,467] {dagbag.py:500} INFO - Filling up the DagBag from /home/airflow/.local/lib/python3.8/site-packages/airflow/example_dags/tutorial.py
[2022-05-21 00:37:22,512] {processor.py:654} INFO - DAG(s) dict_keys(['tutorial']) retrieved from /home/airflow/.local/lib/python3.8/site-packages/airflow/example_dags/tutorial.py
[2022-05-21 00:37:22,525] {logging_mixin.py:109} INFO - [2022-05-21 00:37:22,525] {dag.py:2398} INFO - Sync 1 DAGs
[2022-05-21 00:37:22,540] {logging_mixin.py:109} INFO - [2022-05-21 00:37:22,539] {dag.py:2937} INFO - Setting next_dagrun for tutorial to 2022-05-20T00:37:22.539760+00:00
[2022-05-21 00:37:22,551] {processor.py:171} INFO - Processing /home/airflow/.local/lib/python3.8/site-packages/airflow/example_dags/tutorial.py took 0.088 seconds
[2022-05-21 00:37:53,588] {processor.py:163} INFO - Started process (PID=16253) to work on /home/airflow/.local/lib/python3.8/site-packages/airflow/example_dags/tutorial.py
[2022-05-21 00:37:53,589] {processor.py:642} INFO - Processing file /home/airflow/.local/lib/python3.8/site-packages/airflow/example_dags/tutorial.py for tasks to queue
[2022-05-21 00:37:53,591] {logging_mixin.py:109} INFO - [2022-05-21 00:37:53,591] {dagbag.py:500} INFO - Filling up the DagBag from /home/airflow/.local/lib/python3.8/site-packages/airflow/example_dags/tutorial.py
[2022-05-21 00:37:53,619] {processor.py:654} INFO - DAG(s) dict_keys(['tutorial']) retrieved from /home/airflow/.local/lib/python3.8/site-packages/airflow/example_dags/tutorial.py
[2022-05-21 00:37:53,629] {logging_mixin.py:109} INFO - [2022-05-21 00:37:53,628] {dag.py:2398} INFO - Sync 1 DAGs
[2022-05-21 00:37:53,641] {logging_mixin.py:109} INFO - [2022-05-21 00:37:53,641] {dag.py:2937} INFO - Setting next_dagrun for tutorial to 2022-05-20T00:37:53.641129+00:00
[2022-05-21 00:37:53,653] {processor.py:171} INFO - Processing /home/airflow/.local/lib/python3.8/site-packages/airflow/example_dags/tutorial.py took 0.066 seconds
[2022-05-21 00:38:24,032] {processor.py:163} INFO - Started process (PID=16337) to work on /home/airflow/.local/lib/python3.8/site-packages/airflow/example_dags/tutorial.py
[2022-05-21 00:38:24,033] {processor.py:642} INFO - Processing file /home/airflow/.local/lib/python3.8/site-packages/airflow/example_dags/tutorial.py for tasks to queue
[2022-05-21 00:38:24,034] {logging_mixin.py:109} INFO - [2022-05-21 00:38:24,034] {dagbag.py:500} INFO - Filling up the DagBag from /home/airflow/.local/lib/python3.8/site-packages/airflow/example_dags/tutorial.py
[2022-05-21 00:38:24,064] {processor.py:654} INFO - DAG(s) dict_keys(['tutorial']) retrieved from /home/airflow/.local/lib/python3.8/site-packages/airflow/example_dags/tutorial.py
[2022-05-21 00:38:24,073] {logging_mixin.py:109} INFO - [2022-05-21 00:38:24,073] {dag.py:2398} INFO - Sync 1 DAGs
[2022-05-21 00:38:24,091] {logging_mixin.py:109} INFO - [2022-05-21 00:38:24,091] {dag.py:2937} INFO - Setting next_dagrun for tutorial to 2022-05-20T00:38:24.090733+00:00
[2022-05-21 00:38:24,103] {processor.py:171} INFO - Processing /home/airflow/.local/lib/python3.8/site-packages/airflow/example_dags/tutorial.py took 0.073 seconds
[2022-05-21 00:38:54,502] {processor.py:163} INFO - Started process (PID=16431) to work on /home/airflow/.local/lib/python3.8/site-packages/airflow/example_dags/tutorial.py
[2022-05-21 00:38:54,503] {processor.py:642} INFO - Processing file /home/airflow/.local/lib/python3.8/site-packages/airflow/example_dags/tutorial.py for tasks to queue
[2022-05-21 00:38:54,504] {logging_mixin.py:109} INFO - [2022-05-21 00:38:54,503] {dagbag.py:500} INFO - Filling up the DagBag from /home/airflow/.local/lib/python3.8/site-packages/airflow/example_dags/tutorial.py
[2022-05-21 00:38:54,531] {processor.py:654} INFO - DAG(s) dict_keys(['tutorial']) retrieved from /home/airflow/.local/lib/python3.8/site-packages/airflow/example_dags/tutorial.py
[2022-05-21 00:38:54,539] {logging_mixin.py:109} INFO - [2022-05-21 00:38:54,539] {dag.py:2398} INFO - Sync 1 DAGs
[2022-05-21 00:38:54,552] {logging_mixin.py:109} INFO - [2022-05-21 00:38:54,552] {dag.py:2937} INFO - Setting next_dagrun for tutorial to 2022-05-20T00:38:54.552611+00:00
[2022-05-21 00:38:54,563] {processor.py:171} INFO - Processing /home/airflow/.local/lib/python3.8/site-packages/airflow/example_dags/tutorial.py took 0.063 seconds
[2022-05-21 00:39:25,639] {processor.py:163} INFO - Started process (PID=16516) to work on /home/airflow/.local/lib/python3.8/site-packages/airflow/example_dags/tutorial.py
[2022-05-21 00:39:25,640] {processor.py:642} INFO - Processing file /home/airflow/.local/lib/python3.8/site-packages/airflow/example_dags/tutorial.py for tasks to queue
[2022-05-21 00:39:25,641] {logging_mixin.py:109} INFO - [2022-05-21 00:39:25,641] {dagbag.py:500} INFO - Filling up the DagBag from /home/airflow/.local/lib/python3.8/site-packages/airflow/example_dags/tutorial.py
[2022-05-21 00:39:25,713] {processor.py:654} INFO - DAG(s) dict_keys(['tutorial']) retrieved from /home/airflow/.local/lib/python3.8/site-packages/airflow/example_dags/tutorial.py
[2022-05-21 00:39:25,731] {logging_mixin.py:109} INFO - [2022-05-21 00:39:25,731] {dag.py:2398} INFO - Sync 1 DAGs
[2022-05-21 00:39:25,750] {logging_mixin.py:109} INFO - [2022-05-21 00:39:25,750] {dag.py:2937} INFO - Setting next_dagrun for tutorial to 2022-05-20T00:39:25.750271+00:00
[2022-05-21 00:39:25,764] {processor.py:171} INFO - Processing /home/airflow/.local/lib/python3.8/site-packages/airflow/example_dags/tutorial.py took 0.128 seconds
[2022-05-21 00:39:56,337] {processor.py:163} INFO - Started process (PID=16628) to work on /home/airflow/.local/lib/python3.8/site-packages/airflow/example_dags/tutorial.py
[2022-05-21 00:39:56,338] {processor.py:642} INFO - Processing file /home/airflow/.local/lib/python3.8/site-packages/airflow/example_dags/tutorial.py for tasks to queue
[2022-05-21 00:39:56,339] {logging_mixin.py:109} INFO - [2022-05-21 00:39:56,339] {dagbag.py:500} INFO - Filling up the DagBag from /home/airflow/.local/lib/python3.8/site-packages/airflow/example_dags/tutorial.py
[2022-05-21 00:39:56,364] {processor.py:654} INFO - DAG(s) dict_keys(['tutorial']) retrieved from /home/airflow/.local/lib/python3.8/site-packages/airflow/example_dags/tutorial.py
[2022-05-21 00:39:56,371] {logging_mixin.py:109} INFO - [2022-05-21 00:39:56,371] {dag.py:2398} INFO - Sync 1 DAGs
[2022-05-21 00:39:56,383] {logging_mixin.py:109} INFO - [2022-05-21 00:39:56,383] {dag.py:2937} INFO - Setting next_dagrun for tutorial to 2022-05-20T00:39:56.382939+00:00
[2022-05-21 00:39:56,392] {processor.py:171} INFO - Processing /home/airflow/.local/lib/python3.8/site-packages/airflow/example_dags/tutorial.py took 0.057 seconds
[2022-05-21 00:40:27,231] {processor.py:163} INFO - Started process (PID=16712) to work on /home/airflow/.local/lib/python3.8/site-packages/airflow/example_dags/tutorial.py
[2022-05-21 00:40:27,232] {processor.py:642} INFO - Processing file /home/airflow/.local/lib/python3.8/site-packages/airflow/example_dags/tutorial.py for tasks to queue
[2022-05-21 00:40:27,232] {logging_mixin.py:109} INFO - [2022-05-21 00:40:27,232] {dagbag.py:500} INFO - Filling up the DagBag from /home/airflow/.local/lib/python3.8/site-packages/airflow/example_dags/tutorial.py
[2022-05-21 00:40:27,265] {processor.py:654} INFO - DAG(s) dict_keys(['tutorial']) retrieved from /home/airflow/.local/lib/python3.8/site-packages/airflow/example_dags/tutorial.py
[2022-05-21 00:40:27,275] {logging_mixin.py:109} INFO - [2022-05-21 00:40:27,275] {dag.py:2398} INFO - Sync 1 DAGs
[2022-05-21 00:40:27,290] {logging_mixin.py:109} INFO - [2022-05-21 00:40:27,290] {dag.py:2937} INFO - Setting next_dagrun for tutorial to 2022-05-20T00:40:27.290078+00:00
[2022-05-21 00:40:27,302] {processor.py:171} INFO - Processing /home/airflow/.local/lib/python3.8/site-packages/airflow/example_dags/tutorial.py took 0.074 seconds
[2022-05-21 00:40:58,283] {processor.py:163} INFO - Started process (PID=16805) to work on /home/airflow/.local/lib/python3.8/site-packages/airflow/example_dags/tutorial.py
[2022-05-21 00:40:58,285] {processor.py:642} INFO - Processing file /home/airflow/.local/lib/python3.8/site-packages/airflow/example_dags/tutorial.py for tasks to queue
[2022-05-21 00:40:58,286] {logging_mixin.py:109} INFO - [2022-05-21 00:40:58,285] {dagbag.py:500} INFO - Filling up the DagBag from /home/airflow/.local/lib/python3.8/site-packages/airflow/example_dags/tutorial.py
[2022-05-21 00:40:58,314] {processor.py:654} INFO - DAG(s) dict_keys(['tutorial']) retrieved from /home/airflow/.local/lib/python3.8/site-packages/airflow/example_dags/tutorial.py
[2022-05-21 00:40:58,325] {logging_mixin.py:109} INFO - [2022-05-21 00:40:58,325] {dag.py:2398} INFO - Sync 1 DAGs
[2022-05-21 00:40:58,340] {logging_mixin.py:109} INFO - [2022-05-21 00:40:58,340] {dag.py:2937} INFO - Setting next_dagrun for tutorial to 2022-05-20T00:40:58.340222+00:00
[2022-05-21 00:40:58,351] {processor.py:171} INFO - Processing /home/airflow/.local/lib/python3.8/site-packages/airflow/example_dags/tutorial.py took 0.071 seconds
[2022-05-21 00:41:29,433] {processor.py:163} INFO - Started process (PID=16890) to work on /home/airflow/.local/lib/python3.8/site-packages/airflow/example_dags/tutorial.py
[2022-05-21 00:41:29,434] {processor.py:642} INFO - Processing file /home/airflow/.local/lib/python3.8/site-packages/airflow/example_dags/tutorial.py for tasks to queue
[2022-05-21 00:41:29,434] {logging_mixin.py:109} INFO - [2022-05-21 00:41:29,434] {dagbag.py:500} INFO - Filling up the DagBag from /home/airflow/.local/lib/python3.8/site-packages/airflow/example_dags/tutorial.py
[2022-05-21 00:41:29,463] {processor.py:654} INFO - DAG(s) dict_keys(['tutorial']) retrieved from /home/airflow/.local/lib/python3.8/site-packages/airflow/example_dags/tutorial.py
[2022-05-21 00:41:29,471] {logging_mixin.py:109} INFO - [2022-05-21 00:41:29,471] {dag.py:2398} INFO - Sync 1 DAGs
[2022-05-21 00:41:29,484] {logging_mixin.py:109} INFO - [2022-05-21 00:41:29,484] {dag.py:2937} INFO - Setting next_dagrun for tutorial to 2022-05-20T00:41:29.484693+00:00
[2022-05-21 00:41:29,494] {processor.py:171} INFO - Processing /home/airflow/.local/lib/python3.8/site-packages/airflow/example_dags/tutorial.py took 0.064 seconds
[2022-05-21 00:42:00,636] {processor.py:163} INFO - Started process (PID=16983) to work on /home/airflow/.local/lib/python3.8/site-packages/airflow/example_dags/tutorial.py
[2022-05-21 00:42:00,637] {processor.py:642} INFO - Processing file /home/airflow/.local/lib/python3.8/site-packages/airflow/example_dags/tutorial.py for tasks to queue
[2022-05-21 00:42:00,638] {logging_mixin.py:109} INFO - [2022-05-21 00:42:00,638] {dagbag.py:500} INFO - Filling up the DagBag from /home/airflow/.local/lib/python3.8/site-packages/airflow/example_dags/tutorial.py
[2022-05-21 00:42:00,676] {processor.py:654} INFO - DAG(s) dict_keys(['tutorial']) retrieved from /home/airflow/.local/lib/python3.8/site-packages/airflow/example_dags/tutorial.py
[2022-05-21 00:42:00,685] {logging_mixin.py:109} INFO - [2022-05-21 00:42:00,685] {dag.py:2398} INFO - Sync 1 DAGs
[2022-05-21 00:42:00,697] {logging_mixin.py:109} INFO - [2022-05-21 00:42:00,697] {dag.py:2937} INFO - Setting next_dagrun for tutorial to 2022-05-20T00:42:00.697387+00:00
[2022-05-21 00:42:00,708] {processor.py:171} INFO - Processing /home/airflow/.local/lib/python3.8/site-packages/airflow/example_dags/tutorial.py took 0.074 seconds
[2022-05-21 00:42:31,817] {processor.py:163} INFO - Started process (PID=17069) to work on /home/airflow/.local/lib/python3.8/site-packages/airflow/example_dags/tutorial.py
[2022-05-21 00:42:31,819] {processor.py:642} INFO - Processing file /home/airflow/.local/lib/python3.8/site-packages/airflow/example_dags/tutorial.py for tasks to queue
[2022-05-21 00:42:31,819] {logging_mixin.py:109} INFO - [2022-05-21 00:42:31,819] {dagbag.py:500} INFO - Filling up the DagBag from /home/airflow/.local/lib/python3.8/site-packages/airflow/example_dags/tutorial.py
[2022-05-21 00:42:31,847] {processor.py:654} INFO - DAG(s) dict_keys(['tutorial']) retrieved from /home/airflow/.local/lib/python3.8/site-packages/airflow/example_dags/tutorial.py
[2022-05-21 00:42:31,856] {logging_mixin.py:109} INFO - [2022-05-21 00:42:31,856] {dag.py:2398} INFO - Sync 1 DAGs
[2022-05-21 00:42:31,867] {logging_mixin.py:109} INFO - [2022-05-21 00:42:31,867] {dag.py:2937} INFO - Setting next_dagrun for tutorial to 2022-05-20T00:42:31.867497+00:00
[2022-05-21 00:42:31,877] {processor.py:171} INFO - Processing /home/airflow/.local/lib/python3.8/site-packages/airflow/example_dags/tutorial.py took 0.062 seconds
[2022-05-21 00:43:02,192] {processor.py:163} INFO - Started process (PID=17170) to work on /home/airflow/.local/lib/python3.8/site-packages/airflow/example_dags/tutorial.py
[2022-05-21 00:43:02,193] {processor.py:642} INFO - Processing file /home/airflow/.local/lib/python3.8/site-packages/airflow/example_dags/tutorial.py for tasks to queue
[2022-05-21 00:43:02,193] {logging_mixin.py:109} INFO - [2022-05-21 00:43:02,193] {dagbag.py:500} INFO - Filling up the DagBag from /home/airflow/.local/lib/python3.8/site-packages/airflow/example_dags/tutorial.py
[2022-05-21 00:43:02,233] {processor.py:654} INFO - DAG(s) dict_keys(['tutorial']) retrieved from /home/airflow/.local/lib/python3.8/site-packages/airflow/example_dags/tutorial.py
[2022-05-21 00:43:02,248] {logging_mixin.py:109} INFO - [2022-05-21 00:43:02,247] {dag.py:2398} INFO - Sync 1 DAGs
[2022-05-21 00:43:02,264] {logging_mixin.py:109} INFO - [2022-05-21 00:43:02,264] {dag.py:2937} INFO - Setting next_dagrun for tutorial to 2022-05-20T00:43:02.263840+00:00
[2022-05-21 00:43:02,275] {processor.py:171} INFO - Processing /home/airflow/.local/lib/python3.8/site-packages/airflow/example_dags/tutorial.py took 0.085 seconds
[2022-05-21 00:43:32,545] {processor.py:163} INFO - Started process (PID=17262) to work on /home/airflow/.local/lib/python3.8/site-packages/airflow/example_dags/tutorial.py
[2022-05-21 00:43:32,547] {processor.py:642} INFO - Processing file /home/airflow/.local/lib/python3.8/site-packages/airflow/example_dags/tutorial.py for tasks to queue
[2022-05-21 00:43:32,547] {logging_mixin.py:109} INFO - [2022-05-21 00:43:32,547] {dagbag.py:500} INFO - Filling up the DagBag from /home/airflow/.local/lib/python3.8/site-packages/airflow/example_dags/tutorial.py
[2022-05-21 00:43:32,573] {processor.py:654} INFO - DAG(s) dict_keys(['tutorial']) retrieved from /home/airflow/.local/lib/python3.8/site-packages/airflow/example_dags/tutorial.py
[2022-05-21 00:43:32,582] {logging_mixin.py:109} INFO - [2022-05-21 00:43:32,582] {dag.py:2398} INFO - Sync 1 DAGs
[2022-05-21 00:43:32,595] {logging_mixin.py:109} INFO - [2022-05-21 00:43:32,595] {dag.py:2937} INFO - Setting next_dagrun for tutorial to 2022-05-20T00:43:32.595202+00:00
[2022-05-21 00:43:32,606] {processor.py:171} INFO - Processing /home/airflow/.local/lib/python3.8/site-packages/airflow/example_dags/tutorial.py took 0.063 seconds
[2022-05-21 00:44:02,860] {processor.py:163} INFO - Started process (PID=17346) to work on /home/airflow/.local/lib/python3.8/site-packages/airflow/example_dags/tutorial.py
[2022-05-21 00:44:02,861] {processor.py:642} INFO - Processing file /home/airflow/.local/lib/python3.8/site-packages/airflow/example_dags/tutorial.py for tasks to queue
[2022-05-21 00:44:02,861] {logging_mixin.py:109} INFO - [2022-05-21 00:44:02,861] {dagbag.py:500} INFO - Filling up the DagBag from /home/airflow/.local/lib/python3.8/site-packages/airflow/example_dags/tutorial.py
[2022-05-21 00:44:02,887] {processor.py:654} INFO - DAG(s) dict_keys(['tutorial']) retrieved from /home/airflow/.local/lib/python3.8/site-packages/airflow/example_dags/tutorial.py
[2022-05-21 00:44:02,896] {logging_mixin.py:109} INFO - [2022-05-21 00:44:02,896] {dag.py:2398} INFO - Sync 1 DAGs
[2022-05-21 00:44:02,907] {logging_mixin.py:109} INFO - [2022-05-21 00:44:02,907] {dag.py:2937} INFO - Setting next_dagrun for tutorial to 2022-05-20T00:44:02.907624+00:00
[2022-05-21 00:44:02,916] {processor.py:171} INFO - Processing /home/airflow/.local/lib/python3.8/site-packages/airflow/example_dags/tutorial.py took 0.059 seconds
[2022-05-21 00:44:33,339] {processor.py:163} INFO - Started process (PID=17457) to work on /home/airflow/.local/lib/python3.8/site-packages/airflow/example_dags/tutorial.py
[2022-05-21 00:44:33,340] {processor.py:642} INFO - Processing file /home/airflow/.local/lib/python3.8/site-packages/airflow/example_dags/tutorial.py for tasks to queue
[2022-05-21 00:44:33,341] {logging_mixin.py:109} INFO - [2022-05-21 00:44:33,341] {dagbag.py:500} INFO - Filling up the DagBag from /home/airflow/.local/lib/python3.8/site-packages/airflow/example_dags/tutorial.py
[2022-05-21 00:44:33,368] {processor.py:654} INFO - DAG(s) dict_keys(['tutorial']) retrieved from /home/airflow/.local/lib/python3.8/site-packages/airflow/example_dags/tutorial.py
[2022-05-21 00:44:33,377] {logging_mixin.py:109} INFO - [2022-05-21 00:44:33,377] {dag.py:2398} INFO - Sync 1 DAGs
[2022-05-21 00:44:33,391] {logging_mixin.py:109} INFO - [2022-05-21 00:44:33,390] {dag.py:2937} INFO - Setting next_dagrun for tutorial to 2022-05-20T00:44:33.390636+00:00
[2022-05-21 00:44:33,402] {processor.py:171} INFO - Processing /home/airflow/.local/lib/python3.8/site-packages/airflow/example_dags/tutorial.py took 0.065 seconds
[2022-05-21 00:45:03,853] {processor.py:163} INFO - Started process (PID=17543) to work on /home/airflow/.local/lib/python3.8/site-packages/airflow/example_dags/tutorial.py
[2022-05-21 00:45:03,854] {processor.py:642} INFO - Processing file /home/airflow/.local/lib/python3.8/site-packages/airflow/example_dags/tutorial.py for tasks to queue
[2022-05-21 00:45:03,855] {logging_mixin.py:109} INFO - [2022-05-21 00:45:03,855] {dagbag.py:500} INFO - Filling up the DagBag from /home/airflow/.local/lib/python3.8/site-packages/airflow/example_dags/tutorial.py
[2022-05-21 00:45:03,885] {processor.py:654} INFO - DAG(s) dict_keys(['tutorial']) retrieved from /home/airflow/.local/lib/python3.8/site-packages/airflow/example_dags/tutorial.py
[2022-05-21 00:45:03,894] {logging_mixin.py:109} INFO - [2022-05-21 00:45:03,894] {dag.py:2398} INFO - Sync 1 DAGs
[2022-05-21 00:45:03,908] {logging_mixin.py:109} INFO - [2022-05-21 00:45:03,908] {dag.py:2937} INFO - Setting next_dagrun for tutorial to 2022-05-20T00:45:03.908679+00:00
[2022-05-21 00:45:03,918] {processor.py:171} INFO - Processing /home/airflow/.local/lib/python3.8/site-packages/airflow/example_dags/tutorial.py took 0.069 seconds
[2022-05-21 00:45:34,005] {processor.py:163} INFO - Started process (PID=17628) to work on /home/airflow/.local/lib/python3.8/site-packages/airflow/example_dags/tutorial.py
[2022-05-21 00:45:34,006] {processor.py:642} INFO - Processing file /home/airflow/.local/lib/python3.8/site-packages/airflow/example_dags/tutorial.py for tasks to queue
[2022-05-21 00:45:34,008] {logging_mixin.py:109} INFO - [2022-05-21 00:45:34,007] {dagbag.py:500} INFO - Filling up the DagBag from /home/airflow/.local/lib/python3.8/site-packages/airflow/example_dags/tutorial.py
[2022-05-21 00:45:34,045] {processor.py:654} INFO - DAG(s) dict_keys(['tutorial']) retrieved from /home/airflow/.local/lib/python3.8/site-packages/airflow/example_dags/tutorial.py
[2022-05-21 00:45:34,055] {logging_mixin.py:109} INFO - [2022-05-21 00:45:34,055] {dag.py:2398} INFO - Sync 1 DAGs
[2022-05-21 00:45:34,069] {logging_mixin.py:109} INFO - [2022-05-21 00:45:34,068] {dag.py:2937} INFO - Setting next_dagrun for tutorial to 2022-05-20T00:45:34.068598+00:00
[2022-05-21 00:45:34,080] {processor.py:171} INFO - Processing /home/airflow/.local/lib/python3.8/site-packages/airflow/example_dags/tutorial.py took 0.078 seconds
[2022-05-21 00:46:04,758] {processor.py:163} INFO - Started process (PID=17722) to work on /home/airflow/.local/lib/python3.8/site-packages/airflow/example_dags/tutorial.py
[2022-05-21 00:46:04,759] {processor.py:642} INFO - Processing file /home/airflow/.local/lib/python3.8/site-packages/airflow/example_dags/tutorial.py for tasks to queue
[2022-05-21 00:46:04,759] {logging_mixin.py:109} INFO - [2022-05-21 00:46:04,759] {dagbag.py:500} INFO - Filling up the DagBag from /home/airflow/.local/lib/python3.8/site-packages/airflow/example_dags/tutorial.py
[2022-05-21 00:46:04,790] {processor.py:654} INFO - DAG(s) dict_keys(['tutorial']) retrieved from /home/airflow/.local/lib/python3.8/site-packages/airflow/example_dags/tutorial.py
[2022-05-21 00:46:04,801] {logging_mixin.py:109} INFO - [2022-05-21 00:46:04,800] {dag.py:2398} INFO - Sync 1 DAGs
[2022-05-21 00:46:04,813] {logging_mixin.py:109} INFO - [2022-05-21 00:46:04,813] {dag.py:2937} INFO - Setting next_dagrun for tutorial to 2022-05-20T00:46:04.813383+00:00
[2022-05-21 00:46:04,824] {processor.py:171} INFO - Processing /home/airflow/.local/lib/python3.8/site-packages/airflow/example_dags/tutorial.py took 0.069 seconds
[2022-05-21 00:46:35,250] {processor.py:163} INFO - Started process (PID=17825) to work on /home/airflow/.local/lib/python3.8/site-packages/airflow/example_dags/tutorial.py
[2022-05-21 00:46:35,252] {processor.py:642} INFO - Processing file /home/airflow/.local/lib/python3.8/site-packages/airflow/example_dags/tutorial.py for tasks to queue
[2022-05-21 00:46:35,253] {logging_mixin.py:109} INFO - [2022-05-21 00:46:35,253] {dagbag.py:500} INFO - Filling up the DagBag from /home/airflow/.local/lib/python3.8/site-packages/airflow/example_dags/tutorial.py
[2022-05-21 00:46:35,292] {processor.py:654} INFO - DAG(s) dict_keys(['tutorial']) retrieved from /home/airflow/.local/lib/python3.8/site-packages/airflow/example_dags/tutorial.py
[2022-05-21 00:46:35,304] {logging_mixin.py:109} INFO - [2022-05-21 00:46:35,304] {dag.py:2398} INFO - Sync 1 DAGs
[2022-05-21 00:46:35,318] {logging_mixin.py:109} INFO - [2022-05-21 00:46:35,318] {dag.py:2937} INFO - Setting next_dagrun for tutorial to 2022-05-20T00:46:35.318203+00:00
[2022-05-21 00:46:35,331] {processor.py:171} INFO - Processing /home/airflow/.local/lib/python3.8/site-packages/airflow/example_dags/tutorial.py took 0.084 seconds
[2022-05-21 00:47:05,584] {processor.py:163} INFO - Started process (PID=17916) to work on /home/airflow/.local/lib/python3.8/site-packages/airflow/example_dags/tutorial.py
[2022-05-21 00:47:05,585] {processor.py:642} INFO - Processing file /home/airflow/.local/lib/python3.8/site-packages/airflow/example_dags/tutorial.py for tasks to queue
[2022-05-21 00:47:05,586] {logging_mixin.py:109} INFO - [2022-05-21 00:47:05,586] {dagbag.py:500} INFO - Filling up the DagBag from /home/airflow/.local/lib/python3.8/site-packages/airflow/example_dags/tutorial.py
[2022-05-21 00:47:05,625] {processor.py:654} INFO - DAG(s) dict_keys(['tutorial']) retrieved from /home/airflow/.local/lib/python3.8/site-packages/airflow/example_dags/tutorial.py
[2022-05-21 00:47:05,637] {logging_mixin.py:109} INFO - [2022-05-21 00:47:05,637] {dag.py:2398} INFO - Sync 1 DAGs
[2022-05-21 00:47:05,651] {logging_mixin.py:109} INFO - [2022-05-21 00:47:05,651] {dag.py:2937} INFO - Setting next_dagrun for tutorial to 2022-05-20T00:47:05.650851+00:00
[2022-05-21 00:47:05,663] {processor.py:171} INFO - Processing /home/airflow/.local/lib/python3.8/site-packages/airflow/example_dags/tutorial.py took 0.082 seconds
[2022-05-21 00:47:36,458] {processor.py:163} INFO - Started process (PID=18001) to work on /home/airflow/.local/lib/python3.8/site-packages/airflow/example_dags/tutorial.py
[2022-05-21 00:47:36,460] {processor.py:642} INFO - Processing file /home/airflow/.local/lib/python3.8/site-packages/airflow/example_dags/tutorial.py for tasks to queue
[2022-05-21 00:47:36,460] {logging_mixin.py:109} INFO - [2022-05-21 00:47:36,460] {dagbag.py:500} INFO - Filling up the DagBag from /home/airflow/.local/lib/python3.8/site-packages/airflow/example_dags/tutorial.py
[2022-05-21 00:47:36,517] {processor.py:654} INFO - DAG(s) dict_keys(['tutorial']) retrieved from /home/airflow/.local/lib/python3.8/site-packages/airflow/example_dags/tutorial.py
[2022-05-21 00:47:36,532] {logging_mixin.py:109} INFO - [2022-05-21 00:47:36,532] {dag.py:2398} INFO - Sync 1 DAGs
[2022-05-21 00:47:36,546] {logging_mixin.py:109} INFO - [2022-05-21 00:47:36,545] {dag.py:2937} INFO - Setting next_dagrun for tutorial to 2022-05-20T00:47:36.545684+00:00
[2022-05-21 00:47:36,557] {processor.py:171} INFO - Processing /home/airflow/.local/lib/python3.8/site-packages/airflow/example_dags/tutorial.py took 0.101 seconds
[2022-05-21 00:48:07,742] {processor.py:163} INFO - Started process (PID=18087) to work on /home/airflow/.local/lib/python3.8/site-packages/airflow/example_dags/tutorial.py
[2022-05-21 00:48:07,742] {processor.py:642} INFO - Processing file /home/airflow/.local/lib/python3.8/site-packages/airflow/example_dags/tutorial.py for tasks to queue
[2022-05-21 00:48:07,743] {logging_mixin.py:109} INFO - [2022-05-21 00:48:07,743] {dagbag.py:500} INFO - Filling up the DagBag from /home/airflow/.local/lib/python3.8/site-packages/airflow/example_dags/tutorial.py
[2022-05-21 00:48:07,770] {processor.py:654} INFO - DAG(s) dict_keys(['tutorial']) retrieved from /home/airflow/.local/lib/python3.8/site-packages/airflow/example_dags/tutorial.py
[2022-05-21 00:48:07,780] {logging_mixin.py:109} INFO - [2022-05-21 00:48:07,779] {dag.py:2398} INFO - Sync 1 DAGs
[2022-05-21 00:48:07,793] {logging_mixin.py:109} INFO - [2022-05-21 00:48:07,793] {dag.py:2937} INFO - Setting next_dagrun for tutorial to 2022-05-20T00:48:07.793497+00:00
[2022-05-21 00:48:07,803] {processor.py:171} INFO - Processing /home/airflow/.local/lib/python3.8/site-packages/airflow/example_dags/tutorial.py took 0.064 seconds
[2022-05-21 00:48:38,485] {processor.py:163} INFO - Started process (PID=18181) to work on /home/airflow/.local/lib/python3.8/site-packages/airflow/example_dags/tutorial.py
[2022-05-21 00:48:38,487] {processor.py:642} INFO - Processing file /home/airflow/.local/lib/python3.8/site-packages/airflow/example_dags/tutorial.py for tasks to queue
[2022-05-21 00:48:38,487] {logging_mixin.py:109} INFO - [2022-05-21 00:48:38,487] {dagbag.py:500} INFO - Filling up the DagBag from /home/airflow/.local/lib/python3.8/site-packages/airflow/example_dags/tutorial.py
[2022-05-21 00:48:38,513] {processor.py:654} INFO - DAG(s) dict_keys(['tutorial']) retrieved from /home/airflow/.local/lib/python3.8/site-packages/airflow/example_dags/tutorial.py
[2022-05-21 00:48:38,522] {logging_mixin.py:109} INFO - [2022-05-21 00:48:38,522] {dag.py:2398} INFO - Sync 1 DAGs
[2022-05-21 00:48:38,533] {logging_mixin.py:109} INFO - [2022-05-21 00:48:38,533] {dag.py:2937} INFO - Setting next_dagrun for tutorial to 2022-05-20T00:48:38.533382+00:00
[2022-05-21 00:48:38,543] {processor.py:171} INFO - Processing /home/airflow/.local/lib/python3.8/site-packages/airflow/example_dags/tutorial.py took 0.061 seconds
[2022-05-21 00:49:08,993] {processor.py:163} INFO - Started process (PID=18265) to work on /home/airflow/.local/lib/python3.8/site-packages/airflow/example_dags/tutorial.py
[2022-05-21 00:49:08,994] {processor.py:642} INFO - Processing file /home/airflow/.local/lib/python3.8/site-packages/airflow/example_dags/tutorial.py for tasks to queue
[2022-05-21 00:49:08,994] {logging_mixin.py:109} INFO - [2022-05-21 00:49:08,994] {dagbag.py:500} INFO - Filling up the DagBag from /home/airflow/.local/lib/python3.8/site-packages/airflow/example_dags/tutorial.py
[2022-05-21 00:49:09,021] {processor.py:654} INFO - DAG(s) dict_keys(['tutorial']) retrieved from /home/airflow/.local/lib/python3.8/site-packages/airflow/example_dags/tutorial.py
[2022-05-21 00:49:09,030] {logging_mixin.py:109} INFO - [2022-05-21 00:49:09,030] {dag.py:2398} INFO - Sync 1 DAGs
[2022-05-21 00:49:09,043] {logging_mixin.py:109} INFO - [2022-05-21 00:49:09,042] {dag.py:2937} INFO - Setting next_dagrun for tutorial to 2022-05-20T00:49:09.042668+00:00
[2022-05-21 00:49:09,054] {processor.py:171} INFO - Processing /home/airflow/.local/lib/python3.8/site-packages/airflow/example_dags/tutorial.py took 0.063 seconds
[2022-05-21 00:49:40,111] {processor.py:163} INFO - Started process (PID=18358) to work on /home/airflow/.local/lib/python3.8/site-packages/airflow/example_dags/tutorial.py
[2022-05-21 00:49:40,112] {processor.py:642} INFO - Processing file /home/airflow/.local/lib/python3.8/site-packages/airflow/example_dags/tutorial.py for tasks to queue
[2022-05-21 00:49:40,113] {logging_mixin.py:109} INFO - [2022-05-21 00:49:40,113] {dagbag.py:500} INFO - Filling up the DagBag from /home/airflow/.local/lib/python3.8/site-packages/airflow/example_dags/tutorial.py
[2022-05-21 00:49:40,138] {processor.py:654} INFO - DAG(s) dict_keys(['tutorial']) retrieved from /home/airflow/.local/lib/python3.8/site-packages/airflow/example_dags/tutorial.py
[2022-05-21 00:49:40,148] {logging_mixin.py:109} INFO - [2022-05-21 00:49:40,148] {dag.py:2398} INFO - Sync 1 DAGs
[2022-05-21 00:49:40,163] {logging_mixin.py:109} INFO - [2022-05-21 00:49:40,163] {dag.py:2937} INFO - Setting next_dagrun for tutorial to 2022-05-20T00:49:40.163082+00:00
[2022-05-21 00:49:40,175] {processor.py:171} INFO - Processing /home/airflow/.local/lib/python3.8/site-packages/airflow/example_dags/tutorial.py took 0.066 seconds
[2022-05-21 00:50:10,479] {processor.py:163} INFO - Started process (PID=18443) to work on /home/airflow/.local/lib/python3.8/site-packages/airflow/example_dags/tutorial.py
[2022-05-21 00:50:10,480] {processor.py:642} INFO - Processing file /home/airflow/.local/lib/python3.8/site-packages/airflow/example_dags/tutorial.py for tasks to queue
[2022-05-21 00:50:10,481] {logging_mixin.py:109} INFO - [2022-05-21 00:50:10,480] {dagbag.py:500} INFO - Filling up the DagBag from /home/airflow/.local/lib/python3.8/site-packages/airflow/example_dags/tutorial.py
[2022-05-21 00:50:10,506] {processor.py:654} INFO - DAG(s) dict_keys(['tutorial']) retrieved from /home/airflow/.local/lib/python3.8/site-packages/airflow/example_dags/tutorial.py
[2022-05-21 00:50:10,518] {logging_mixin.py:109} INFO - [2022-05-21 00:50:10,518] {dag.py:2398} INFO - Sync 1 DAGs
[2022-05-21 00:50:10,530] {logging_mixin.py:109} INFO - [2022-05-21 00:50:10,530] {dag.py:2937} INFO - Setting next_dagrun for tutorial to 2022-05-20T00:50:10.530250+00:00
[2022-05-21 00:50:10,540] {processor.py:171} INFO - Processing /home/airflow/.local/lib/python3.8/site-packages/airflow/example_dags/tutorial.py took 0.063 seconds
[2022-05-21 00:50:41,592] {processor.py:163} INFO - Started process (PID=18534) to work on /home/airflow/.local/lib/python3.8/site-packages/airflow/example_dags/tutorial.py
[2022-05-21 00:50:41,594] {processor.py:642} INFO - Processing file /home/airflow/.local/lib/python3.8/site-packages/airflow/example_dags/tutorial.py for tasks to queue
[2022-05-21 00:50:41,595] {logging_mixin.py:109} INFO - [2022-05-21 00:50:41,595] {dagbag.py:500} INFO - Filling up the DagBag from /home/airflow/.local/lib/python3.8/site-packages/airflow/example_dags/tutorial.py
[2022-05-21 00:50:41,624] {processor.py:654} INFO - DAG(s) dict_keys(['tutorial']) retrieved from /home/airflow/.local/lib/python3.8/site-packages/airflow/example_dags/tutorial.py
[2022-05-21 00:50:41,634] {logging_mixin.py:109} INFO - [2022-05-21 00:50:41,634] {dag.py:2398} INFO - Sync 1 DAGs
[2022-05-21 00:50:41,647] {logging_mixin.py:109} INFO - [2022-05-21 00:50:41,647] {dag.py:2937} INFO - Setting next_dagrun for tutorial to 2022-05-20T00:50:41.647380+00:00
[2022-05-21 00:50:41,658] {processor.py:171} INFO - Processing /home/airflow/.local/lib/python3.8/site-packages/airflow/example_dags/tutorial.py took 0.069 seconds
[2022-05-21 00:51:12,129] {processor.py:163} INFO - Started process (PID=18620) to work on /home/airflow/.local/lib/python3.8/site-packages/airflow/example_dags/tutorial.py
[2022-05-21 00:51:12,130] {processor.py:642} INFO - Processing file /home/airflow/.local/lib/python3.8/site-packages/airflow/example_dags/tutorial.py for tasks to queue
[2022-05-21 00:51:12,131] {logging_mixin.py:109} INFO - [2022-05-21 00:51:12,131] {dagbag.py:500} INFO - Filling up the DagBag from /home/airflow/.local/lib/python3.8/site-packages/airflow/example_dags/tutorial.py
[2022-05-21 00:51:12,158] {processor.py:654} INFO - DAG(s) dict_keys(['tutorial']) retrieved from /home/airflow/.local/lib/python3.8/site-packages/airflow/example_dags/tutorial.py
[2022-05-21 00:51:12,167] {logging_mixin.py:109} INFO - [2022-05-21 00:51:12,167] {dag.py:2398} INFO - Sync 1 DAGs
[2022-05-21 00:51:12,181] {logging_mixin.py:109} INFO - [2022-05-21 00:51:12,181] {dag.py:2937} INFO - Setting next_dagrun for tutorial to 2022-05-20T00:51:12.181089+00:00
[2022-05-21 00:51:12,191] {processor.py:171} INFO - Processing /home/airflow/.local/lib/python3.8/site-packages/airflow/example_dags/tutorial.py took 0.064 seconds
[2022-05-21 00:51:43,195] {processor.py:163} INFO - Started process (PID=18705) to work on /home/airflow/.local/lib/python3.8/site-packages/airflow/example_dags/tutorial.py
[2022-05-21 00:51:43,196] {processor.py:642} INFO - Processing file /home/airflow/.local/lib/python3.8/site-packages/airflow/example_dags/tutorial.py for tasks to queue
[2022-05-21 00:51:43,197] {logging_mixin.py:109} INFO - [2022-05-21 00:51:43,197] {dagbag.py:500} INFO - Filling up the DagBag from /home/airflow/.local/lib/python3.8/site-packages/airflow/example_dags/tutorial.py
[2022-05-21 00:51:43,232] {processor.py:654} INFO - DAG(s) dict_keys(['tutorial']) retrieved from /home/airflow/.local/lib/python3.8/site-packages/airflow/example_dags/tutorial.py
[2022-05-21 00:51:43,246] {logging_mixin.py:109} INFO - [2022-05-21 00:51:43,246] {dag.py:2398} INFO - Sync 1 DAGs
[2022-05-21 00:51:43,260] {logging_mixin.py:109} INFO - [2022-05-21 00:51:43,260] {dag.py:2937} INFO - Setting next_dagrun for tutorial to 2022-05-20T00:51:43.259916+00:00
[2022-05-21 00:51:43,273] {processor.py:171} INFO - Processing /home/airflow/.local/lib/python3.8/site-packages/airflow/example_dags/tutorial.py took 0.080 seconds
[2022-05-21 00:52:14,401] {processor.py:163} INFO - Started process (PID=18798) to work on /home/airflow/.local/lib/python3.8/site-packages/airflow/example_dags/tutorial.py
[2022-05-21 00:52:14,402] {processor.py:642} INFO - Processing file /home/airflow/.local/lib/python3.8/site-packages/airflow/example_dags/tutorial.py for tasks to queue
[2022-05-21 00:52:14,402] {logging_mixin.py:109} INFO - [2022-05-21 00:52:14,402] {dagbag.py:500} INFO - Filling up the DagBag from /home/airflow/.local/lib/python3.8/site-packages/airflow/example_dags/tutorial.py
[2022-05-21 00:52:14,435] {processor.py:654} INFO - DAG(s) dict_keys(['tutorial']) retrieved from /home/airflow/.local/lib/python3.8/site-packages/airflow/example_dags/tutorial.py
[2022-05-21 00:52:14,446] {logging_mixin.py:109} INFO - [2022-05-21 00:52:14,446] {dag.py:2398} INFO - Sync 1 DAGs
[2022-05-21 00:52:14,457] {logging_mixin.py:109} INFO - [2022-05-21 00:52:14,457] {dag.py:2937} INFO - Setting next_dagrun for tutorial to 2022-05-20T00:52:14.457096+00:00
[2022-05-21 00:52:14,467] {processor.py:171} INFO - Processing /home/airflow/.local/lib/python3.8/site-packages/airflow/example_dags/tutorial.py took 0.069 seconds
[2022-05-21 00:52:45,651] {processor.py:163} INFO - Started process (PID=18883) to work on /home/airflow/.local/lib/python3.8/site-packages/airflow/example_dags/tutorial.py
[2022-05-21 00:52:45,653] {processor.py:642} INFO - Processing file /home/airflow/.local/lib/python3.8/site-packages/airflow/example_dags/tutorial.py for tasks to queue
[2022-05-21 00:52:45,654] {logging_mixin.py:109} INFO - [2022-05-21 00:52:45,654] {dagbag.py:500} INFO - Filling up the DagBag from /home/airflow/.local/lib/python3.8/site-packages/airflow/example_dags/tutorial.py
[2022-05-21 00:52:45,686] {processor.py:654} INFO - DAG(s) dict_keys(['tutorial']) retrieved from /home/airflow/.local/lib/python3.8/site-packages/airflow/example_dags/tutorial.py
[2022-05-21 00:52:45,696] {logging_mixin.py:109} INFO - [2022-05-21 00:52:45,696] {dag.py:2398} INFO - Sync 1 DAGs
[2022-05-21 00:52:45,710] {logging_mixin.py:109} INFO - [2022-05-21 00:52:45,710] {dag.py:2937} INFO - Setting next_dagrun for tutorial to 2022-05-20T00:52:45.710443+00:00
[2022-05-21 00:52:45,720] {processor.py:171} INFO - Processing /home/airflow/.local/lib/python3.8/site-packages/airflow/example_dags/tutorial.py took 0.072 seconds
[2022-05-21 00:53:16,329] {processor.py:163} INFO - Started process (PID=19014) to work on /home/airflow/.local/lib/python3.8/site-packages/airflow/example_dags/tutorial.py
[2022-05-21 00:53:16,331] {processor.py:642} INFO - Processing file /home/airflow/.local/lib/python3.8/site-packages/airflow/example_dags/tutorial.py for tasks to queue
[2022-05-21 00:53:16,332] {logging_mixin.py:109} INFO - [2022-05-21 00:53:16,331] {dagbag.py:500} INFO - Filling up the DagBag from /home/airflow/.local/lib/python3.8/site-packages/airflow/example_dags/tutorial.py
[2022-05-21 00:53:16,360] {processor.py:654} INFO - DAG(s) dict_keys(['tutorial']) retrieved from /home/airflow/.local/lib/python3.8/site-packages/airflow/example_dags/tutorial.py
[2022-05-21 00:53:16,369] {logging_mixin.py:109} INFO - [2022-05-21 00:53:16,369] {dag.py:2398} INFO - Sync 1 DAGs
[2022-05-21 00:53:16,385] {logging_mixin.py:109} INFO - [2022-05-21 00:53:16,385] {dag.py:2937} INFO - Setting next_dagrun for tutorial to 2022-05-20T00:53:16.384860+00:00
[2022-05-21 00:53:16,397] {processor.py:171} INFO - Processing /home/airflow/.local/lib/python3.8/site-packages/airflow/example_dags/tutorial.py took 0.070 seconds
[2022-05-21 00:53:46,913] {processor.py:163} INFO - Started process (PID=19099) to work on /home/airflow/.local/lib/python3.8/site-packages/airflow/example_dags/tutorial.py
[2022-05-21 00:53:46,914] {processor.py:642} INFO - Processing file /home/airflow/.local/lib/python3.8/site-packages/airflow/example_dags/tutorial.py for tasks to queue
[2022-05-21 00:53:46,914] {logging_mixin.py:109} INFO - [2022-05-21 00:53:46,914] {dagbag.py:500} INFO - Filling up the DagBag from /home/airflow/.local/lib/python3.8/site-packages/airflow/example_dags/tutorial.py
[2022-05-21 00:53:46,946] {processor.py:654} INFO - DAG(s) dict_keys(['tutorial']) retrieved from /home/airflow/.local/lib/python3.8/site-packages/airflow/example_dags/tutorial.py
[2022-05-21 00:53:46,956] {logging_mixin.py:109} INFO - [2022-05-21 00:53:46,956] {dag.py:2398} INFO - Sync 1 DAGs
[2022-05-21 00:53:46,970] {logging_mixin.py:109} INFO - [2022-05-21 00:53:46,970] {dag.py:2937} INFO - Setting next_dagrun for tutorial to 2022-05-20T00:53:46.970067+00:00
[2022-05-21 00:53:46,980] {processor.py:171} INFO - Processing /home/airflow/.local/lib/python3.8/site-packages/airflow/example_dags/tutorial.py took 0.069 seconds
[2022-05-21 00:54:17,552] {processor.py:163} INFO - Started process (PID=19202) to work on /home/airflow/.local/lib/python3.8/site-packages/airflow/example_dags/tutorial.py
[2022-05-21 00:54:17,553] {processor.py:642} INFO - Processing file /home/airflow/.local/lib/python3.8/site-packages/airflow/example_dags/tutorial.py for tasks to queue
[2022-05-21 00:54:17,553] {logging_mixin.py:109} INFO - [2022-05-21 00:54:17,553] {dagbag.py:500} INFO - Filling up the DagBag from /home/airflow/.local/lib/python3.8/site-packages/airflow/example_dags/tutorial.py
[2022-05-21 00:54:17,580] {processor.py:654} INFO - DAG(s) dict_keys(['tutorial']) retrieved from /home/airflow/.local/lib/python3.8/site-packages/airflow/example_dags/tutorial.py
[2022-05-21 00:54:17,590] {logging_mixin.py:109} INFO - [2022-05-21 00:54:17,590] {dag.py:2398} INFO - Sync 1 DAGs
[2022-05-21 00:54:17,605] {logging_mixin.py:109} INFO - [2022-05-21 00:54:17,605] {dag.py:2937} INFO - Setting next_dagrun for tutorial to 2022-05-20T00:54:17.604963+00:00
[2022-05-21 00:54:17,616] {processor.py:171} INFO - Processing /home/airflow/.local/lib/python3.8/site-packages/airflow/example_dags/tutorial.py took 0.066 seconds
[2022-05-21 00:54:48,292] {processor.py:163} INFO - Started process (PID=19295) to work on /home/airflow/.local/lib/python3.8/site-packages/airflow/example_dags/tutorial.py
[2022-05-21 00:54:48,293] {processor.py:642} INFO - Processing file /home/airflow/.local/lib/python3.8/site-packages/airflow/example_dags/tutorial.py for tasks to queue
[2022-05-21 00:54:48,294] {logging_mixin.py:109} INFO - [2022-05-21 00:54:48,294] {dagbag.py:500} INFO - Filling up the DagBag from /home/airflow/.local/lib/python3.8/site-packages/airflow/example_dags/tutorial.py
[2022-05-21 00:54:48,324] {processor.py:654} INFO - DAG(s) dict_keys(['tutorial']) retrieved from /home/airflow/.local/lib/python3.8/site-packages/airflow/example_dags/tutorial.py
[2022-05-21 00:54:48,333] {logging_mixin.py:109} INFO - [2022-05-21 00:54:48,333] {dag.py:2398} INFO - Sync 1 DAGs
[2022-05-21 00:54:48,347] {logging_mixin.py:109} INFO - [2022-05-21 00:54:48,346] {dag.py:2937} INFO - Setting next_dagrun for tutorial to 2022-05-20T00:54:48.346691+00:00
[2022-05-21 00:54:48,358] {processor.py:171} INFO - Processing /home/airflow/.local/lib/python3.8/site-packages/airflow/example_dags/tutorial.py took 0.068 seconds
[2022-05-21 00:55:19,801] {processor.py:163} INFO - Started process (PID=19379) to work on /home/airflow/.local/lib/python3.8/site-packages/airflow/example_dags/tutorial.py
[2022-05-21 00:55:19,803] {processor.py:642} INFO - Processing file /home/airflow/.local/lib/python3.8/site-packages/airflow/example_dags/tutorial.py for tasks to queue
[2022-05-21 00:55:19,804] {logging_mixin.py:109} INFO - [2022-05-21 00:55:19,804] {dagbag.py:500} INFO - Filling up the DagBag from /home/airflow/.local/lib/python3.8/site-packages/airflow/example_dags/tutorial.py
[2022-05-21 00:55:19,840] {processor.py:654} INFO - DAG(s) dict_keys(['tutorial']) retrieved from /home/airflow/.local/lib/python3.8/site-packages/airflow/example_dags/tutorial.py
[2022-05-21 00:55:19,852] {logging_mixin.py:109} INFO - [2022-05-21 00:55:19,851] {dag.py:2398} INFO - Sync 1 DAGs
[2022-05-21 00:55:19,871] {logging_mixin.py:109} INFO - [2022-05-21 00:55:19,870] {dag.py:2937} INFO - Setting next_dagrun for tutorial to 2022-05-20T00:55:19.870803+00:00
[2022-05-21 00:55:19,886] {processor.py:171} INFO - Processing /home/airflow/.local/lib/python3.8/site-packages/airflow/example_dags/tutorial.py took 0.087 seconds
[2022-05-21 00:55:50,708] {processor.py:163} INFO - Started process (PID=19473) to work on /home/airflow/.local/lib/python3.8/site-packages/airflow/example_dags/tutorial.py
[2022-05-21 00:55:50,708] {processor.py:642} INFO - Processing file /home/airflow/.local/lib/python3.8/site-packages/airflow/example_dags/tutorial.py for tasks to queue
[2022-05-21 00:55:50,709] {logging_mixin.py:109} INFO - [2022-05-21 00:55:50,709] {dagbag.py:500} INFO - Filling up the DagBag from /home/airflow/.local/lib/python3.8/site-packages/airflow/example_dags/tutorial.py
[2022-05-21 00:55:50,733] {processor.py:654} INFO - DAG(s) dict_keys(['tutorial']) retrieved from /home/airflow/.local/lib/python3.8/site-packages/airflow/example_dags/tutorial.py
[2022-05-21 00:55:50,741] {logging_mixin.py:109} INFO - [2022-05-21 00:55:50,740] {dag.py:2398} INFO - Sync 1 DAGs
[2022-05-21 00:55:50,752] {logging_mixin.py:109} INFO - [2022-05-21 00:55:50,752] {dag.py:2937} INFO - Setting next_dagrun for tutorial to 2022-05-20T00:55:50.752529+00:00
[2022-05-21 00:55:50,762] {processor.py:171} INFO - Processing /home/airflow/.local/lib/python3.8/site-packages/airflow/example_dags/tutorial.py took 0.056 seconds
[2022-05-21 00:56:21,177] {processor.py:163} INFO - Started process (PID=19574) to work on /home/airflow/.local/lib/python3.8/site-packages/airflow/example_dags/tutorial.py
[2022-05-21 00:56:21,178] {processor.py:642} INFO - Processing file /home/airflow/.local/lib/python3.8/site-packages/airflow/example_dags/tutorial.py for tasks to queue
[2022-05-21 00:56:21,179] {logging_mixin.py:109} INFO - [2022-05-21 00:56:21,179] {dagbag.py:500} INFO - Filling up the DagBag from /home/airflow/.local/lib/python3.8/site-packages/airflow/example_dags/tutorial.py
[2022-05-21 00:56:21,215] {processor.py:654} INFO - DAG(s) dict_keys(['tutorial']) retrieved from /home/airflow/.local/lib/python3.8/site-packages/airflow/example_dags/tutorial.py
[2022-05-21 00:56:21,231] {logging_mixin.py:109} INFO - [2022-05-21 00:56:21,230] {dag.py:2398} INFO - Sync 1 DAGs
[2022-05-21 00:56:21,249] {logging_mixin.py:109} INFO - [2022-05-21 00:56:21,248] {dag.py:2937} INFO - Setting next_dagrun for tutorial to 2022-05-20T00:56:21.248338+00:00
[2022-05-21 00:56:21,268] {processor.py:171} INFO - Processing /home/airflow/.local/lib/python3.8/site-packages/airflow/example_dags/tutorial.py took 0.093 seconds
[2022-05-21 00:56:52,303] {processor.py:163} INFO - Started process (PID=19644) to work on /home/airflow/.local/lib/python3.8/site-packages/airflow/example_dags/tutorial.py
[2022-05-21 00:56:52,303] {processor.py:642} INFO - Processing file /home/airflow/.local/lib/python3.8/site-packages/airflow/example_dags/tutorial.py for tasks to queue
[2022-05-21 00:56:52,304] {logging_mixin.py:109} INFO - [2022-05-21 00:56:52,304] {dagbag.py:500} INFO - Filling up the DagBag from /home/airflow/.local/lib/python3.8/site-packages/airflow/example_dags/tutorial.py
[2022-05-21 00:56:52,338] {processor.py:654} INFO - DAG(s) dict_keys(['tutorial']) retrieved from /home/airflow/.local/lib/python3.8/site-packages/airflow/example_dags/tutorial.py
[2022-05-21 00:56:52,349] {logging_mixin.py:109} INFO - [2022-05-21 00:56:52,349] {dag.py:2398} INFO - Sync 1 DAGs
[2022-05-21 00:56:52,363] {logging_mixin.py:109} INFO - [2022-05-21 00:56:52,362] {dag.py:2937} INFO - Setting next_dagrun for tutorial to 2022-05-20T00:56:52.362782+00:00
[2022-05-21 00:56:52,374] {processor.py:171} INFO - Processing /home/airflow/.local/lib/python3.8/site-packages/airflow/example_dags/tutorial.py took 0.074 seconds
[2022-05-21 00:57:23,655] {processor.py:163} INFO - Started process (PID=19738) to work on /home/airflow/.local/lib/python3.8/site-packages/airflow/example_dags/tutorial.py
[2022-05-21 00:57:23,656] {processor.py:642} INFO - Processing file /home/airflow/.local/lib/python3.8/site-packages/airflow/example_dags/tutorial.py for tasks to queue
[2022-05-21 00:57:23,657] {logging_mixin.py:109} INFO - [2022-05-21 00:57:23,657] {dagbag.py:500} INFO - Filling up the DagBag from /home/airflow/.local/lib/python3.8/site-packages/airflow/example_dags/tutorial.py
[2022-05-21 00:57:23,685] {processor.py:654} INFO - DAG(s) dict_keys(['tutorial']) retrieved from /home/airflow/.local/lib/python3.8/site-packages/airflow/example_dags/tutorial.py
[2022-05-21 00:57:23,694] {logging_mixin.py:109} INFO - [2022-05-21 00:57:23,694] {dag.py:2398} INFO - Sync 1 DAGs
[2022-05-21 00:57:23,709] {logging_mixin.py:109} INFO - [2022-05-21 00:57:23,709] {dag.py:2937} INFO - Setting next_dagrun for tutorial to 2022-05-20T00:57:23.708939+00:00
[2022-05-21 00:57:23,720] {processor.py:171} INFO - Processing /home/airflow/.local/lib/python3.8/site-packages/airflow/example_dags/tutorial.py took 0.066 seconds
[2022-05-21 00:57:54,974] {processor.py:163} INFO - Started process (PID=19824) to work on /home/airflow/.local/lib/python3.8/site-packages/airflow/example_dags/tutorial.py
[2022-05-21 00:57:54,975] {processor.py:642} INFO - Processing file /home/airflow/.local/lib/python3.8/site-packages/airflow/example_dags/tutorial.py for tasks to queue
[2022-05-21 00:57:54,975] {logging_mixin.py:109} INFO - [2022-05-21 00:57:54,975] {dagbag.py:500} INFO - Filling up the DagBag from /home/airflow/.local/lib/python3.8/site-packages/airflow/example_dags/tutorial.py
[2022-05-21 00:57:55,004] {processor.py:654} INFO - DAG(s) dict_keys(['tutorial']) retrieved from /home/airflow/.local/lib/python3.8/site-packages/airflow/example_dags/tutorial.py
[2022-05-21 00:57:55,015] {logging_mixin.py:109} INFO - [2022-05-21 00:57:55,015] {dag.py:2398} INFO - Sync 1 DAGs
[2022-05-21 00:57:55,030] {logging_mixin.py:109} INFO - [2022-05-21 00:57:55,030] {dag.py:2937} INFO - Setting next_dagrun for tutorial to 2022-05-20T00:57:55.030301+00:00
[2022-05-21 00:57:55,041] {processor.py:171} INFO - Processing /home/airflow/.local/lib/python3.8/site-packages/airflow/example_dags/tutorial.py took 0.069 seconds
[2022-05-21 00:58:25,452] {processor.py:163} INFO - Started process (PID=19915) to work on /home/airflow/.local/lib/python3.8/site-packages/airflow/example_dags/tutorial.py
[2022-05-21 00:58:25,453] {processor.py:642} INFO - Processing file /home/airflow/.local/lib/python3.8/site-packages/airflow/example_dags/tutorial.py for tasks to queue
[2022-05-21 00:58:25,454] {logging_mixin.py:109} INFO - [2022-05-21 00:58:25,454] {dagbag.py:500} INFO - Filling up the DagBag from /home/airflow/.local/lib/python3.8/site-packages/airflow/example_dags/tutorial.py
[2022-05-21 00:58:25,482] {processor.py:654} INFO - DAG(s) dict_keys(['tutorial']) retrieved from /home/airflow/.local/lib/python3.8/site-packages/airflow/example_dags/tutorial.py
[2022-05-21 00:58:25,490] {logging_mixin.py:109} INFO - [2022-05-21 00:58:25,489] {dag.py:2398} INFO - Sync 1 DAGs
[2022-05-21 00:58:25,504] {logging_mixin.py:109} INFO - [2022-05-21 00:58:25,504] {dag.py:2937} INFO - Setting next_dagrun for tutorial to 2022-05-20T00:58:25.504449+00:00
[2022-05-21 00:58:25,515] {processor.py:171} INFO - Processing /home/airflow/.local/lib/python3.8/site-packages/airflow/example_dags/tutorial.py took 0.065 seconds
[2022-05-21 00:58:55,555] {processor.py:163} INFO - Started process (PID=20021) to work on /home/airflow/.local/lib/python3.8/site-packages/airflow/example_dags/tutorial.py
[2022-05-21 00:58:55,556] {processor.py:642} INFO - Processing file /home/airflow/.local/lib/python3.8/site-packages/airflow/example_dags/tutorial.py for tasks to queue
[2022-05-21 00:58:55,556] {logging_mixin.py:109} INFO - [2022-05-21 00:58:55,556] {dagbag.py:500} INFO - Filling up the DagBag from /home/airflow/.local/lib/python3.8/site-packages/airflow/example_dags/tutorial.py
[2022-05-21 00:58:55,589] {processor.py:654} INFO - DAG(s) dict_keys(['tutorial']) retrieved from /home/airflow/.local/lib/python3.8/site-packages/airflow/example_dags/tutorial.py
[2022-05-21 00:58:55,599] {logging_mixin.py:109} INFO - [2022-05-21 00:58:55,599] {dag.py:2398} INFO - Sync 1 DAGs
[2022-05-21 00:58:55,613] {logging_mixin.py:109} INFO - [2022-05-21 00:58:55,613] {dag.py:2937} INFO - Setting next_dagrun for tutorial to 2022-05-20T00:58:55.613279+00:00
[2022-05-21 00:58:55,625] {processor.py:171} INFO - Processing /home/airflow/.local/lib/python3.8/site-packages/airflow/example_dags/tutorial.py took 0.073 seconds
[2022-05-21 00:59:25,914] {processor.py:163} INFO - Started process (PID=20114) to work on /home/airflow/.local/lib/python3.8/site-packages/airflow/example_dags/tutorial.py
[2022-05-21 00:59:25,915] {processor.py:642} INFO - Processing file /home/airflow/.local/lib/python3.8/site-packages/airflow/example_dags/tutorial.py for tasks to queue
[2022-05-21 00:59:25,916] {logging_mixin.py:109} INFO - [2022-05-21 00:59:25,916] {dagbag.py:500} INFO - Filling up the DagBag from /home/airflow/.local/lib/python3.8/site-packages/airflow/example_dags/tutorial.py
[2022-05-21 00:59:25,947] {processor.py:654} INFO - DAG(s) dict_keys(['tutorial']) retrieved from /home/airflow/.local/lib/python3.8/site-packages/airflow/example_dags/tutorial.py
[2022-05-21 00:59:25,956] {logging_mixin.py:109} INFO - [2022-05-21 00:59:25,956] {dag.py:2398} INFO - Sync 1 DAGs
[2022-05-21 00:59:25,969] {logging_mixin.py:109} INFO - [2022-05-21 00:59:25,968] {dag.py:2937} INFO - Setting next_dagrun for tutorial to 2022-05-20T00:59:25.968606+00:00
[2022-05-21 00:59:25,982] {processor.py:171} INFO - Processing /home/airflow/.local/lib/python3.8/site-packages/airflow/example_dags/tutorial.py took 0.071 seconds
[2022-05-21 00:59:56,169] {processor.py:163} INFO - Started process (PID=20199) to work on /home/airflow/.local/lib/python3.8/site-packages/airflow/example_dags/tutorial.py
[2022-05-21 00:59:56,170] {processor.py:642} INFO - Processing file /home/airflow/.local/lib/python3.8/site-packages/airflow/example_dags/tutorial.py for tasks to queue
[2022-05-21 00:59:56,171] {logging_mixin.py:109} INFO - [2022-05-21 00:59:56,171] {dagbag.py:500} INFO - Filling up the DagBag from /home/airflow/.local/lib/python3.8/site-packages/airflow/example_dags/tutorial.py
[2022-05-21 00:59:56,203] {processor.py:654} INFO - DAG(s) dict_keys(['tutorial']) retrieved from /home/airflow/.local/lib/python3.8/site-packages/airflow/example_dags/tutorial.py
[2022-05-21 00:59:56,211] {logging_mixin.py:109} INFO - [2022-05-21 00:59:56,211] {dag.py:2398} INFO - Sync 1 DAGs
[2022-05-21 00:59:56,222] {logging_mixin.py:109} INFO - [2022-05-21 00:59:56,221] {dag.py:2937} INFO - Setting next_dagrun for tutorial to 2022-05-20T00:59:56.221798+00:00
[2022-05-21 00:59:56,233] {processor.py:171} INFO - Processing /home/airflow/.local/lib/python3.8/site-packages/airflow/example_dags/tutorial.py took 0.066 seconds
[2022-05-21 01:00:26,702] {processor.py:163} INFO - Started process (PID=20282) to work on /home/airflow/.local/lib/python3.8/site-packages/airflow/example_dags/tutorial.py
[2022-05-21 01:00:26,704] {processor.py:642} INFO - Processing file /home/airflow/.local/lib/python3.8/site-packages/airflow/example_dags/tutorial.py for tasks to queue
[2022-05-21 01:00:26,704] {logging_mixin.py:109} INFO - [2022-05-21 01:00:26,704] {dagbag.py:500} INFO - Filling up the DagBag from /home/airflow/.local/lib/python3.8/site-packages/airflow/example_dags/tutorial.py
[2022-05-21 01:00:26,730] {processor.py:654} INFO - DAG(s) dict_keys(['tutorial']) retrieved from /home/airflow/.local/lib/python3.8/site-packages/airflow/example_dags/tutorial.py
[2022-05-21 01:00:26,739] {logging_mixin.py:109} INFO - [2022-05-21 01:00:26,739] {dag.py:2398} INFO - Sync 1 DAGs
[2022-05-21 01:00:26,751] {logging_mixin.py:109} INFO - [2022-05-21 01:00:26,751] {dag.py:2937} INFO - Setting next_dagrun for tutorial to 2022-05-20T01:00:26.751005+00:00
[2022-05-21 01:00:26,760] {processor.py:171} INFO - Processing /home/airflow/.local/lib/python3.8/site-packages/airflow/example_dags/tutorial.py took 0.060 seconds
[2022-05-21 01:00:57,755] {processor.py:163} INFO - Started process (PID=20377) to work on /home/airflow/.local/lib/python3.8/site-packages/airflow/example_dags/tutorial.py
[2022-05-21 01:00:57,756] {processor.py:642} INFO - Processing file /home/airflow/.local/lib/python3.8/site-packages/airflow/example_dags/tutorial.py for tasks to queue
[2022-05-21 01:00:57,757] {logging_mixin.py:109} INFO - [2022-05-21 01:00:57,757] {dagbag.py:500} INFO - Filling up the DagBag from /home/airflow/.local/lib/python3.8/site-packages/airflow/example_dags/tutorial.py
[2022-05-21 01:00:57,782] {processor.py:654} INFO - DAG(s) dict_keys(['tutorial']) retrieved from /home/airflow/.local/lib/python3.8/site-packages/airflow/example_dags/tutorial.py
[2022-05-21 01:00:57,791] {logging_mixin.py:109} INFO - [2022-05-21 01:00:57,791] {dag.py:2398} INFO - Sync 1 DAGs
[2022-05-21 01:00:57,805] {logging_mixin.py:109} INFO - [2022-05-21 01:00:57,805] {dag.py:2937} INFO - Setting next_dagrun for tutorial to 2022-05-20T01:00:57.805400+00:00
[2022-05-21 01:00:57,818] {processor.py:171} INFO - Processing /home/airflow/.local/lib/python3.8/site-packages/airflow/example_dags/tutorial.py took 0.064 seconds
[2022-05-21 01:01:28,511] {processor.py:163} INFO - Started process (PID=20462) to work on /home/airflow/.local/lib/python3.8/site-packages/airflow/example_dags/tutorial.py
[2022-05-21 01:01:28,512] {processor.py:642} INFO - Processing file /home/airflow/.local/lib/python3.8/site-packages/airflow/example_dags/tutorial.py for tasks to queue
[2022-05-21 01:01:28,513] {logging_mixin.py:109} INFO - [2022-05-21 01:01:28,512] {dagbag.py:500} INFO - Filling up the DagBag from /home/airflow/.local/lib/python3.8/site-packages/airflow/example_dags/tutorial.py
[2022-05-21 01:01:28,547] {processor.py:654} INFO - DAG(s) dict_keys(['tutorial']) retrieved from /home/airflow/.local/lib/python3.8/site-packages/airflow/example_dags/tutorial.py
[2022-05-21 01:01:28,558] {logging_mixin.py:109} INFO - [2022-05-21 01:01:28,558] {dag.py:2398} INFO - Sync 1 DAGs
[2022-05-21 01:01:28,571] {logging_mixin.py:109} INFO - [2022-05-21 01:01:28,571] {dag.py:2937} INFO - Setting next_dagrun for tutorial to 2022-05-20T01:01:28.571433+00:00
[2022-05-21 01:01:28,584] {processor.py:171} INFO - Processing /home/airflow/.local/lib/python3.8/site-packages/airflow/example_dags/tutorial.py took 0.076 seconds
[2022-05-21 01:01:58,940] {processor.py:163} INFO - Started process (PID=20556) to work on /home/airflow/.local/lib/python3.8/site-packages/airflow/example_dags/tutorial.py
[2022-05-21 01:01:58,941] {processor.py:642} INFO - Processing file /home/airflow/.local/lib/python3.8/site-packages/airflow/example_dags/tutorial.py for tasks to queue
[2022-05-21 01:01:58,942] {logging_mixin.py:109} INFO - [2022-05-21 01:01:58,942] {dagbag.py:500} INFO - Filling up the DagBag from /home/airflow/.local/lib/python3.8/site-packages/airflow/example_dags/tutorial.py
[2022-05-21 01:01:58,972] {processor.py:654} INFO - DAG(s) dict_keys(['tutorial']) retrieved from /home/airflow/.local/lib/python3.8/site-packages/airflow/example_dags/tutorial.py
[2022-05-21 01:01:58,980] {logging_mixin.py:109} INFO - [2022-05-21 01:01:58,980] {dag.py:2398} INFO - Sync 1 DAGs
[2022-05-21 01:01:58,992] {logging_mixin.py:109} INFO - [2022-05-21 01:01:58,992] {dag.py:2937} INFO - Setting next_dagrun for tutorial to 2022-05-20T01:01:58.992488+00:00
[2022-05-21 01:01:59,003] {processor.py:171} INFO - Processing /home/airflow/.local/lib/python3.8/site-packages/airflow/example_dags/tutorial.py took 0.066 seconds
[2022-05-21 01:02:29,171] {processor.py:163} INFO - Started process (PID=20642) to work on /home/airflow/.local/lib/python3.8/site-packages/airflow/example_dags/tutorial.py
[2022-05-21 01:02:29,172] {processor.py:642} INFO - Processing file /home/airflow/.local/lib/python3.8/site-packages/airflow/example_dags/tutorial.py for tasks to queue
[2022-05-21 01:02:29,173] {logging_mixin.py:109} INFO - [2022-05-21 01:02:29,173] {dagbag.py:500} INFO - Filling up the DagBag from /home/airflow/.local/lib/python3.8/site-packages/airflow/example_dags/tutorial.py
[2022-05-21 01:02:29,201] {processor.py:654} INFO - DAG(s) dict_keys(['tutorial']) retrieved from /home/airflow/.local/lib/python3.8/site-packages/airflow/example_dags/tutorial.py
[2022-05-21 01:02:29,210] {logging_mixin.py:109} INFO - [2022-05-21 01:02:29,209] {dag.py:2398} INFO - Sync 1 DAGs
[2022-05-21 01:02:29,220] {logging_mixin.py:109} INFO - [2022-05-21 01:02:29,220] {dag.py:2937} INFO - Setting next_dagrun for tutorial to 2022-05-20T01:02:29.220497+00:00
[2022-05-21 01:02:29,229] {processor.py:171} INFO - Processing /home/airflow/.local/lib/python3.8/site-packages/airflow/example_dags/tutorial.py took 0.061 seconds
[2022-05-21 01:02:59,483] {processor.py:163} INFO - Started process (PID=20727) to work on /home/airflow/.local/lib/python3.8/site-packages/airflow/example_dags/tutorial.py
[2022-05-21 01:02:59,484] {processor.py:642} INFO - Processing file /home/airflow/.local/lib/python3.8/site-packages/airflow/example_dags/tutorial.py for tasks to queue
[2022-05-21 01:02:59,485] {logging_mixin.py:109} INFO - [2022-05-21 01:02:59,485] {dagbag.py:500} INFO - Filling up the DagBag from /home/airflow/.local/lib/python3.8/site-packages/airflow/example_dags/tutorial.py
[2022-05-21 01:02:59,521] {processor.py:654} INFO - DAG(s) dict_keys(['tutorial']) retrieved from /home/airflow/.local/lib/python3.8/site-packages/airflow/example_dags/tutorial.py
[2022-05-21 01:02:59,532] {logging_mixin.py:109} INFO - [2022-05-21 01:02:59,532] {dag.py:2398} INFO - Sync 1 DAGs
[2022-05-21 01:02:59,544] {logging_mixin.py:109} INFO - [2022-05-21 01:02:59,544] {dag.py:2937} INFO - Setting next_dagrun for tutorial to 2022-05-20T01:02:59.544334+00:00
[2022-05-21 01:02:59,556] {processor.py:171} INFO - Processing /home/airflow/.local/lib/python3.8/site-packages/airflow/example_dags/tutorial.py took 0.076 seconds
