[2022-05-21 00:00:01,455] {processor.py:163} INFO - Started process (PID=13751) to work on /home/airflow/.local/lib/python3.8/site-packages/airflow/example_dags/tutorial_etl_dag.py
[2022-05-21 00:00:01,455] {processor.py:642} INFO - Processing file /home/airflow/.local/lib/python3.8/site-packages/airflow/example_dags/tutorial_etl_dag.py for tasks to queue
[2022-05-21 00:00:01,456] {logging_mixin.py:109} INFO - [2022-05-21 00:00:01,456] {dagbag.py:500} INFO - Filling up the DagBag from /home/airflow/.local/lib/python3.8/site-packages/airflow/example_dags/tutorial_etl_dag.py
[2022-05-21 00:00:01,481] {processor.py:654} INFO - DAG(s) dict_keys(['tutorial_etl_dag']) retrieved from /home/airflow/.local/lib/python3.8/site-packages/airflow/example_dags/tutorial_etl_dag.py
[2022-05-21 00:00:01,491] {logging_mixin.py:109} INFO - [2022-05-21 00:00:01,490] {dag.py:2398} INFO - Sync 1 DAGs
[2022-05-21 00:00:01,505] {logging_mixin.py:109} INFO - [2022-05-21 00:00:01,505] {dag.py:2937} INFO - Setting next_dagrun for tutorial_etl_dag to None
[2022-05-21 00:00:01,517] {processor.py:171} INFO - Processing /home/airflow/.local/lib/python3.8/site-packages/airflow/example_dags/tutorial_etl_dag.py took 0.065 seconds
[2022-05-21 00:00:32,599] {processor.py:163} INFO - Started process (PID=13845) to work on /home/airflow/.local/lib/python3.8/site-packages/airflow/example_dags/tutorial_etl_dag.py
[2022-05-21 00:00:32,601] {processor.py:642} INFO - Processing file /home/airflow/.local/lib/python3.8/site-packages/airflow/example_dags/tutorial_etl_dag.py for tasks to queue
[2022-05-21 00:00:32,601] {logging_mixin.py:109} INFO - [2022-05-21 00:00:32,601] {dagbag.py:500} INFO - Filling up the DagBag from /home/airflow/.local/lib/python3.8/site-packages/airflow/example_dags/tutorial_etl_dag.py
[2022-05-21 00:00:32,626] {processor.py:654} INFO - DAG(s) dict_keys(['tutorial_etl_dag']) retrieved from /home/airflow/.local/lib/python3.8/site-packages/airflow/example_dags/tutorial_etl_dag.py
[2022-05-21 00:00:32,635] {logging_mixin.py:109} INFO - [2022-05-21 00:00:32,635] {dag.py:2398} INFO - Sync 1 DAGs
[2022-05-21 00:00:32,647] {logging_mixin.py:109} INFO - [2022-05-21 00:00:32,647] {dag.py:2937} INFO - Setting next_dagrun for tutorial_etl_dag to None
[2022-05-21 00:00:32,656] {processor.py:171} INFO - Processing /home/airflow/.local/lib/python3.8/site-packages/airflow/example_dags/tutorial_etl_dag.py took 0.059 seconds
[2022-05-21 00:01:03,737] {processor.py:163} INFO - Started process (PID=13929) to work on /home/airflow/.local/lib/python3.8/site-packages/airflow/example_dags/tutorial_etl_dag.py
[2022-05-21 00:01:03,738] {processor.py:642} INFO - Processing file /home/airflow/.local/lib/python3.8/site-packages/airflow/example_dags/tutorial_etl_dag.py for tasks to queue
[2022-05-21 00:01:03,739] {logging_mixin.py:109} INFO - [2022-05-21 00:01:03,739] {dagbag.py:500} INFO - Filling up the DagBag from /home/airflow/.local/lib/python3.8/site-packages/airflow/example_dags/tutorial_etl_dag.py
[2022-05-21 00:01:03,762] {processor.py:654} INFO - DAG(s) dict_keys(['tutorial_etl_dag']) retrieved from /home/airflow/.local/lib/python3.8/site-packages/airflow/example_dags/tutorial_etl_dag.py
[2022-05-21 00:01:03,770] {logging_mixin.py:109} INFO - [2022-05-21 00:01:03,770] {dag.py:2398} INFO - Sync 1 DAGs
[2022-05-21 00:01:03,782] {logging_mixin.py:109} INFO - [2022-05-21 00:01:03,782] {dag.py:2937} INFO - Setting next_dagrun for tutorial_etl_dag to None
[2022-05-21 00:01:03,791] {processor.py:171} INFO - Processing /home/airflow/.local/lib/python3.8/site-packages/airflow/example_dags/tutorial_etl_dag.py took 0.055 seconds
[2022-05-21 00:01:34,851] {processor.py:163} INFO - Started process (PID=14022) to work on /home/airflow/.local/lib/python3.8/site-packages/airflow/example_dags/tutorial_etl_dag.py
[2022-05-21 00:01:34,853] {processor.py:642} INFO - Processing file /home/airflow/.local/lib/python3.8/site-packages/airflow/example_dags/tutorial_etl_dag.py for tasks to queue
[2022-05-21 00:01:34,854] {logging_mixin.py:109} INFO - [2022-05-21 00:01:34,853] {dagbag.py:500} INFO - Filling up the DagBag from /home/airflow/.local/lib/python3.8/site-packages/airflow/example_dags/tutorial_etl_dag.py
[2022-05-21 00:01:34,884] {processor.py:654} INFO - DAG(s) dict_keys(['tutorial_etl_dag']) retrieved from /home/airflow/.local/lib/python3.8/site-packages/airflow/example_dags/tutorial_etl_dag.py
[2022-05-21 00:01:34,896] {logging_mixin.py:109} INFO - [2022-05-21 00:01:34,896] {dag.py:2398} INFO - Sync 1 DAGs
[2022-05-21 00:01:34,909] {logging_mixin.py:109} INFO - [2022-05-21 00:01:34,909] {dag.py:2937} INFO - Setting next_dagrun for tutorial_etl_dag to None
[2022-05-21 00:01:34,921] {processor.py:171} INFO - Processing /home/airflow/.local/lib/python3.8/site-packages/airflow/example_dags/tutorial_etl_dag.py took 0.072 seconds
[2022-05-21 00:02:05,893] {processor.py:163} INFO - Started process (PID=14106) to work on /home/airflow/.local/lib/python3.8/site-packages/airflow/example_dags/tutorial_etl_dag.py
[2022-05-21 00:02:05,894] {processor.py:642} INFO - Processing file /home/airflow/.local/lib/python3.8/site-packages/airflow/example_dags/tutorial_etl_dag.py for tasks to queue
[2022-05-21 00:02:05,894] {logging_mixin.py:109} INFO - [2022-05-21 00:02:05,894] {dagbag.py:500} INFO - Filling up the DagBag from /home/airflow/.local/lib/python3.8/site-packages/airflow/example_dags/tutorial_etl_dag.py
[2022-05-21 00:02:05,917] {processor.py:654} INFO - DAG(s) dict_keys(['tutorial_etl_dag']) retrieved from /home/airflow/.local/lib/python3.8/site-packages/airflow/example_dags/tutorial_etl_dag.py
[2022-05-21 00:02:05,925] {logging_mixin.py:109} INFO - [2022-05-21 00:02:05,925] {dag.py:2398} INFO - Sync 1 DAGs
[2022-05-21 00:02:05,937] {logging_mixin.py:109} INFO - [2022-05-21 00:02:05,937] {dag.py:2937} INFO - Setting next_dagrun for tutorial_etl_dag to None
[2022-05-21 00:02:05,946] {processor.py:171} INFO - Processing /home/airflow/.local/lib/python3.8/site-packages/airflow/example_dags/tutorial_etl_dag.py took 0.055 seconds
[2022-05-21 00:02:36,378] {processor.py:163} INFO - Started process (PID=14180) to work on /home/airflow/.local/lib/python3.8/site-packages/airflow/example_dags/tutorial_etl_dag.py
[2022-05-21 00:02:36,379] {processor.py:642} INFO - Processing file /home/airflow/.local/lib/python3.8/site-packages/airflow/example_dags/tutorial_etl_dag.py for tasks to queue
[2022-05-21 00:02:36,380] {logging_mixin.py:109} INFO - [2022-05-21 00:02:36,380] {dagbag.py:500} INFO - Filling up the DagBag from /home/airflow/.local/lib/python3.8/site-packages/airflow/example_dags/tutorial_etl_dag.py
[2022-05-21 00:02:36,405] {processor.py:654} INFO - DAG(s) dict_keys(['tutorial_etl_dag']) retrieved from /home/airflow/.local/lib/python3.8/site-packages/airflow/example_dags/tutorial_etl_dag.py
[2022-05-21 00:02:36,412] {logging_mixin.py:109} INFO - [2022-05-21 00:02:36,412] {dag.py:2398} INFO - Sync 1 DAGs
[2022-05-21 00:02:36,427] {logging_mixin.py:109} INFO - [2022-05-21 00:02:36,427] {dag.py:2937} INFO - Setting next_dagrun for tutorial_etl_dag to None
[2022-05-21 00:02:36,436] {processor.py:171} INFO - Processing /home/airflow/.local/lib/python3.8/site-packages/airflow/example_dags/tutorial_etl_dag.py took 0.060 seconds
[2022-05-21 00:03:06,832] {processor.py:163} INFO - Started process (PID=14247) to work on /home/airflow/.local/lib/python3.8/site-packages/airflow/example_dags/tutorial_etl_dag.py
[2022-05-21 00:03:06,833] {processor.py:642} INFO - Processing file /home/airflow/.local/lib/python3.8/site-packages/airflow/example_dags/tutorial_etl_dag.py for tasks to queue
[2022-05-21 00:03:06,834] {logging_mixin.py:109} INFO - [2022-05-21 00:03:06,833] {dagbag.py:500} INFO - Filling up the DagBag from /home/airflow/.local/lib/python3.8/site-packages/airflow/example_dags/tutorial_etl_dag.py
[2022-05-21 00:03:06,859] {processor.py:654} INFO - DAG(s) dict_keys(['tutorial_etl_dag']) retrieved from /home/airflow/.local/lib/python3.8/site-packages/airflow/example_dags/tutorial_etl_dag.py
[2022-05-21 00:03:06,872] {logging_mixin.py:109} INFO - [2022-05-21 00:03:06,872] {dag.py:2398} INFO - Sync 1 DAGs
[2022-05-21 00:03:06,885] {logging_mixin.py:109} INFO - [2022-05-21 00:03:06,885] {dag.py:2937} INFO - Setting next_dagrun for tutorial_etl_dag to None
[2022-05-21 00:03:06,894] {processor.py:171} INFO - Processing /home/airflow/.local/lib/python3.8/site-packages/airflow/example_dags/tutorial_etl_dag.py took 0.065 seconds
[2022-05-21 00:03:37,596] {processor.py:163} INFO - Started process (PID=14341) to work on /home/airflow/.local/lib/python3.8/site-packages/airflow/example_dags/tutorial_etl_dag.py
[2022-05-21 00:03:37,597] {processor.py:642} INFO - Processing file /home/airflow/.local/lib/python3.8/site-packages/airflow/example_dags/tutorial_etl_dag.py for tasks to queue
[2022-05-21 00:03:37,597] {logging_mixin.py:109} INFO - [2022-05-21 00:03:37,597] {dagbag.py:500} INFO - Filling up the DagBag from /home/airflow/.local/lib/python3.8/site-packages/airflow/example_dags/tutorial_etl_dag.py
[2022-05-21 00:03:37,621] {processor.py:654} INFO - DAG(s) dict_keys(['tutorial_etl_dag']) retrieved from /home/airflow/.local/lib/python3.8/site-packages/airflow/example_dags/tutorial_etl_dag.py
[2022-05-21 00:03:37,628] {logging_mixin.py:109} INFO - [2022-05-21 00:03:37,628] {dag.py:2398} INFO - Sync 1 DAGs
[2022-05-21 00:03:37,641] {logging_mixin.py:109} INFO - [2022-05-21 00:03:37,640] {dag.py:2937} INFO - Setting next_dagrun for tutorial_etl_dag to None
[2022-05-21 00:03:37,651] {processor.py:171} INFO - Processing /home/airflow/.local/lib/python3.8/site-packages/airflow/example_dags/tutorial_etl_dag.py took 0.057 seconds
[2022-05-21 00:04:07,712] {processor.py:163} INFO - Started process (PID=14425) to work on /home/airflow/.local/lib/python3.8/site-packages/airflow/example_dags/tutorial_etl_dag.py
[2022-05-21 00:04:07,712] {processor.py:642} INFO - Processing file /home/airflow/.local/lib/python3.8/site-packages/airflow/example_dags/tutorial_etl_dag.py for tasks to queue
[2022-05-21 00:04:07,713] {logging_mixin.py:109} INFO - [2022-05-21 00:04:07,713] {dagbag.py:500} INFO - Filling up the DagBag from /home/airflow/.local/lib/python3.8/site-packages/airflow/example_dags/tutorial_etl_dag.py
[2022-05-21 00:04:07,741] {processor.py:654} INFO - DAG(s) dict_keys(['tutorial_etl_dag']) retrieved from /home/airflow/.local/lib/python3.8/site-packages/airflow/example_dags/tutorial_etl_dag.py
[2022-05-21 00:04:07,750] {logging_mixin.py:109} INFO - [2022-05-21 00:04:07,750] {dag.py:2398} INFO - Sync 1 DAGs
[2022-05-21 00:04:07,763] {logging_mixin.py:109} INFO - [2022-05-21 00:04:07,763] {dag.py:2937} INFO - Setting next_dagrun for tutorial_etl_dag to None
[2022-05-21 00:04:07,774] {processor.py:171} INFO - Processing /home/airflow/.local/lib/python3.8/site-packages/airflow/example_dags/tutorial_etl_dag.py took 0.065 seconds
[2022-05-21 00:04:37,862] {processor.py:163} INFO - Started process (PID=14517) to work on /home/airflow/.local/lib/python3.8/site-packages/airflow/example_dags/tutorial_etl_dag.py
[2022-05-21 00:04:37,863] {processor.py:642} INFO - Processing file /home/airflow/.local/lib/python3.8/site-packages/airflow/example_dags/tutorial_etl_dag.py for tasks to queue
[2022-05-21 00:04:37,864] {logging_mixin.py:109} INFO - [2022-05-21 00:04:37,863] {dagbag.py:500} INFO - Filling up the DagBag from /home/airflow/.local/lib/python3.8/site-packages/airflow/example_dags/tutorial_etl_dag.py
[2022-05-21 00:04:37,888] {processor.py:654} INFO - DAG(s) dict_keys(['tutorial_etl_dag']) retrieved from /home/airflow/.local/lib/python3.8/site-packages/airflow/example_dags/tutorial_etl_dag.py
[2022-05-21 00:04:37,897] {logging_mixin.py:109} INFO - [2022-05-21 00:04:37,897] {dag.py:2398} INFO - Sync 1 DAGs
[2022-05-21 00:04:37,923] {logging_mixin.py:109} INFO - [2022-05-21 00:04:37,923] {dag.py:2937} INFO - Setting next_dagrun for tutorial_etl_dag to None
[2022-05-21 00:04:37,934] {processor.py:171} INFO - Processing /home/airflow/.local/lib/python3.8/site-packages/airflow/example_dags/tutorial_etl_dag.py took 0.074 seconds
[2022-05-21 00:05:09,149] {processor.py:163} INFO - Started process (PID=14604) to work on /home/airflow/.local/lib/python3.8/site-packages/airflow/example_dags/tutorial_etl_dag.py
[2022-05-21 00:05:09,150] {processor.py:642} INFO - Processing file /home/airflow/.local/lib/python3.8/site-packages/airflow/example_dags/tutorial_etl_dag.py for tasks to queue
[2022-05-21 00:05:09,150] {logging_mixin.py:109} INFO - [2022-05-21 00:05:09,150] {dagbag.py:500} INFO - Filling up the DagBag from /home/airflow/.local/lib/python3.8/site-packages/airflow/example_dags/tutorial_etl_dag.py
[2022-05-21 00:05:09,174] {processor.py:654} INFO - DAG(s) dict_keys(['tutorial_etl_dag']) retrieved from /home/airflow/.local/lib/python3.8/site-packages/airflow/example_dags/tutorial_etl_dag.py
[2022-05-21 00:05:09,182] {logging_mixin.py:109} INFO - [2022-05-21 00:05:09,181] {dag.py:2398} INFO - Sync 1 DAGs
[2022-05-21 00:05:09,193] {logging_mixin.py:109} INFO - [2022-05-21 00:05:09,193] {dag.py:2937} INFO - Setting next_dagrun for tutorial_etl_dag to None
[2022-05-21 00:05:09,201] {processor.py:171} INFO - Processing /home/airflow/.local/lib/python3.8/site-packages/airflow/example_dags/tutorial_etl_dag.py took 0.054 seconds
[2022-05-21 00:05:39,421] {processor.py:163} INFO - Started process (PID=14697) to work on /home/airflow/.local/lib/python3.8/site-packages/airflow/example_dags/tutorial_etl_dag.py
[2022-05-21 00:05:39,423] {processor.py:642} INFO - Processing file /home/airflow/.local/lib/python3.8/site-packages/airflow/example_dags/tutorial_etl_dag.py for tasks to queue
[2022-05-21 00:05:39,423] {logging_mixin.py:109} INFO - [2022-05-21 00:05:39,423] {dagbag.py:500} INFO - Filling up the DagBag from /home/airflow/.local/lib/python3.8/site-packages/airflow/example_dags/tutorial_etl_dag.py
[2022-05-21 00:05:39,451] {processor.py:654} INFO - DAG(s) dict_keys(['tutorial_etl_dag']) retrieved from /home/airflow/.local/lib/python3.8/site-packages/airflow/example_dags/tutorial_etl_dag.py
[2022-05-21 00:05:39,459] {logging_mixin.py:109} INFO - [2022-05-21 00:05:39,459] {dag.py:2398} INFO - Sync 1 DAGs
[2022-05-21 00:05:39,472] {logging_mixin.py:109} INFO - [2022-05-21 00:05:39,471] {dag.py:2937} INFO - Setting next_dagrun for tutorial_etl_dag to None
[2022-05-21 00:05:39,481] {processor.py:171} INFO - Processing /home/airflow/.local/lib/python3.8/site-packages/airflow/example_dags/tutorial_etl_dag.py took 0.062 seconds
[2022-05-21 00:06:10,402] {processor.py:163} INFO - Started process (PID=14782) to work on /home/airflow/.local/lib/python3.8/site-packages/airflow/example_dags/tutorial_etl_dag.py
[2022-05-21 00:06:10,403] {processor.py:642} INFO - Processing file /home/airflow/.local/lib/python3.8/site-packages/airflow/example_dags/tutorial_etl_dag.py for tasks to queue
[2022-05-21 00:06:10,404] {logging_mixin.py:109} INFO - [2022-05-21 00:06:10,404] {dagbag.py:500} INFO - Filling up the DagBag from /home/airflow/.local/lib/python3.8/site-packages/airflow/example_dags/tutorial_etl_dag.py
[2022-05-21 00:06:10,467] {processor.py:654} INFO - DAG(s) dict_keys(['tutorial_etl_dag']) retrieved from /home/airflow/.local/lib/python3.8/site-packages/airflow/example_dags/tutorial_etl_dag.py
[2022-05-21 00:06:10,478] {logging_mixin.py:109} INFO - [2022-05-21 00:06:10,478] {dag.py:2398} INFO - Sync 1 DAGs
[2022-05-21 00:06:10,493] {logging_mixin.py:109} INFO - [2022-05-21 00:06:10,493] {dag.py:2937} INFO - Setting next_dagrun for tutorial_etl_dag to None
[2022-05-21 00:06:10,503] {processor.py:171} INFO - Processing /home/airflow/.local/lib/python3.8/site-packages/airflow/example_dags/tutorial_etl_dag.py took 0.104 seconds
[2022-05-21 00:06:40,897] {processor.py:163} INFO - Started process (PID=14877) to work on /home/airflow/.local/lib/python3.8/site-packages/airflow/example_dags/tutorial_etl_dag.py
[2022-05-21 00:06:40,898] {processor.py:642} INFO - Processing file /home/airflow/.local/lib/python3.8/site-packages/airflow/example_dags/tutorial_etl_dag.py for tasks to queue
[2022-05-21 00:06:40,898] {logging_mixin.py:109} INFO - [2022-05-21 00:06:40,898] {dagbag.py:500} INFO - Filling up the DagBag from /home/airflow/.local/lib/python3.8/site-packages/airflow/example_dags/tutorial_etl_dag.py
[2022-05-21 00:06:40,927] {processor.py:654} INFO - DAG(s) dict_keys(['tutorial_etl_dag']) retrieved from /home/airflow/.local/lib/python3.8/site-packages/airflow/example_dags/tutorial_etl_dag.py
[2022-05-21 00:06:40,937] {logging_mixin.py:109} INFO - [2022-05-21 00:06:40,937] {dag.py:2398} INFO - Sync 1 DAGs
[2022-05-21 00:06:40,949] {logging_mixin.py:109} INFO - [2022-05-21 00:06:40,949] {dag.py:2937} INFO - Setting next_dagrun for tutorial_etl_dag to None
[2022-05-21 00:06:40,959] {processor.py:171} INFO - Processing /home/airflow/.local/lib/python3.8/site-packages/airflow/example_dags/tutorial_etl_dag.py took 0.064 seconds
[2022-05-21 00:07:11,816] {processor.py:163} INFO - Started process (PID=14962) to work on /home/airflow/.local/lib/python3.8/site-packages/airflow/example_dags/tutorial_etl_dag.py
[2022-05-21 00:07:11,823] {processor.py:642} INFO - Processing file /home/airflow/.local/lib/python3.8/site-packages/airflow/example_dags/tutorial_etl_dag.py for tasks to queue
[2022-05-21 00:07:11,824] {logging_mixin.py:109} INFO - [2022-05-21 00:07:11,824] {dagbag.py:500} INFO - Filling up the DagBag from /home/airflow/.local/lib/python3.8/site-packages/airflow/example_dags/tutorial_etl_dag.py
[2022-05-21 00:07:11,857] {processor.py:654} INFO - DAG(s) dict_keys(['tutorial_etl_dag']) retrieved from /home/airflow/.local/lib/python3.8/site-packages/airflow/example_dags/tutorial_etl_dag.py
[2022-05-21 00:07:11,876] {logging_mixin.py:109} INFO - [2022-05-21 00:07:11,876] {dag.py:2398} INFO - Sync 1 DAGs
[2022-05-21 00:07:11,904] {logging_mixin.py:109} INFO - [2022-05-21 00:07:11,904] {dag.py:2937} INFO - Setting next_dagrun for tutorial_etl_dag to None
[2022-05-21 00:07:11,916] {processor.py:171} INFO - Processing /home/airflow/.local/lib/python3.8/site-packages/airflow/example_dags/tutorial_etl_dag.py took 0.102 seconds
[2022-05-21 00:07:42,654] {processor.py:163} INFO - Started process (PID=15056) to work on /home/airflow/.local/lib/python3.8/site-packages/airflow/example_dags/tutorial_etl_dag.py
[2022-05-21 00:07:42,655] {processor.py:642} INFO - Processing file /home/airflow/.local/lib/python3.8/site-packages/airflow/example_dags/tutorial_etl_dag.py for tasks to queue
[2022-05-21 00:07:42,656] {logging_mixin.py:109} INFO - [2022-05-21 00:07:42,655] {dagbag.py:500} INFO - Filling up the DagBag from /home/airflow/.local/lib/python3.8/site-packages/airflow/example_dags/tutorial_etl_dag.py
[2022-05-21 00:07:42,686] {processor.py:654} INFO - DAG(s) dict_keys(['tutorial_etl_dag']) retrieved from /home/airflow/.local/lib/python3.8/site-packages/airflow/example_dags/tutorial_etl_dag.py
[2022-05-21 00:07:42,696] {logging_mixin.py:109} INFO - [2022-05-21 00:07:42,696] {dag.py:2398} INFO - Sync 1 DAGs
[2022-05-21 00:07:42,711] {logging_mixin.py:109} INFO - [2022-05-21 00:07:42,711] {dag.py:2937} INFO - Setting next_dagrun for tutorial_etl_dag to None
[2022-05-21 00:07:42,724] {processor.py:171} INFO - Processing /home/airflow/.local/lib/python3.8/site-packages/airflow/example_dags/tutorial_etl_dag.py took 0.072 seconds
[2022-05-21 00:08:13,294] {processor.py:163} INFO - Started process (PID=15142) to work on /home/airflow/.local/lib/python3.8/site-packages/airflow/example_dags/tutorial_etl_dag.py
[2022-05-21 00:08:13,297] {processor.py:642} INFO - Processing file /home/airflow/.local/lib/python3.8/site-packages/airflow/example_dags/tutorial_etl_dag.py for tasks to queue
[2022-05-21 00:08:13,298] {logging_mixin.py:109} INFO - [2022-05-21 00:08:13,298] {dagbag.py:500} INFO - Filling up the DagBag from /home/airflow/.local/lib/python3.8/site-packages/airflow/example_dags/tutorial_etl_dag.py
[2022-05-21 00:08:13,328] {processor.py:654} INFO - DAG(s) dict_keys(['tutorial_etl_dag']) retrieved from /home/airflow/.local/lib/python3.8/site-packages/airflow/example_dags/tutorial_etl_dag.py
[2022-05-21 00:08:13,339] {logging_mixin.py:109} INFO - [2022-05-21 00:08:13,339] {dag.py:2398} INFO - Sync 1 DAGs
[2022-05-21 00:08:13,356] {logging_mixin.py:109} INFO - [2022-05-21 00:08:13,356] {dag.py:2937} INFO - Setting next_dagrun for tutorial_etl_dag to None
[2022-05-21 00:08:13,368] {processor.py:171} INFO - Processing /home/airflow/.local/lib/python3.8/site-packages/airflow/example_dags/tutorial_etl_dag.py took 0.077 seconds
[2022-05-21 00:08:43,781] {processor.py:163} INFO - Started process (PID=15235) to work on /home/airflow/.local/lib/python3.8/site-packages/airflow/example_dags/tutorial_etl_dag.py
[2022-05-21 00:08:43,782] {processor.py:642} INFO - Processing file /home/airflow/.local/lib/python3.8/site-packages/airflow/example_dags/tutorial_etl_dag.py for tasks to queue
[2022-05-21 00:08:43,783] {logging_mixin.py:109} INFO - [2022-05-21 00:08:43,783] {dagbag.py:500} INFO - Filling up the DagBag from /home/airflow/.local/lib/python3.8/site-packages/airflow/example_dags/tutorial_etl_dag.py
[2022-05-21 00:08:43,814] {processor.py:654} INFO - DAG(s) dict_keys(['tutorial_etl_dag']) retrieved from /home/airflow/.local/lib/python3.8/site-packages/airflow/example_dags/tutorial_etl_dag.py
[2022-05-21 00:08:43,827] {logging_mixin.py:109} INFO - [2022-05-21 00:08:43,827] {dag.py:2398} INFO - Sync 1 DAGs
[2022-05-21 00:08:43,846] {logging_mixin.py:109} INFO - [2022-05-21 00:08:43,846] {dag.py:2937} INFO - Setting next_dagrun for tutorial_etl_dag to None
[2022-05-21 00:08:43,863] {processor.py:171} INFO - Processing /home/airflow/.local/lib/python3.8/site-packages/airflow/example_dags/tutorial_etl_dag.py took 0.084 seconds
[2022-05-21 00:09:14,695] {processor.py:163} INFO - Started process (PID=15320) to work on /home/airflow/.local/lib/python3.8/site-packages/airflow/example_dags/tutorial_etl_dag.py
[2022-05-21 00:09:14,703] {processor.py:642} INFO - Processing file /home/airflow/.local/lib/python3.8/site-packages/airflow/example_dags/tutorial_etl_dag.py for tasks to queue
[2022-05-21 00:09:14,704] {logging_mixin.py:109} INFO - [2022-05-21 00:09:14,704] {dagbag.py:500} INFO - Filling up the DagBag from /home/airflow/.local/lib/python3.8/site-packages/airflow/example_dags/tutorial_etl_dag.py
[2022-05-21 00:09:14,729] {processor.py:654} INFO - DAG(s) dict_keys(['tutorial_etl_dag']) retrieved from /home/airflow/.local/lib/python3.8/site-packages/airflow/example_dags/tutorial_etl_dag.py
[2022-05-21 00:09:14,738] {logging_mixin.py:109} INFO - [2022-05-21 00:09:14,738] {dag.py:2398} INFO - Sync 1 DAGs
[2022-05-21 00:09:14,751] {logging_mixin.py:109} INFO - [2022-05-21 00:09:14,751] {dag.py:2937} INFO - Setting next_dagrun for tutorial_etl_dag to None
[2022-05-21 00:09:14,761] {processor.py:171} INFO - Processing /home/airflow/.local/lib/python3.8/site-packages/airflow/example_dags/tutorial_etl_dag.py took 0.068 seconds
[2022-05-21 00:32:42,742] {processor.py:163} INFO - Started process (PID=15389) to work on /home/airflow/.local/lib/python3.8/site-packages/airflow/example_dags/tutorial_etl_dag.py
[2022-05-21 00:32:42,743] {processor.py:642} INFO - Processing file /home/airflow/.local/lib/python3.8/site-packages/airflow/example_dags/tutorial_etl_dag.py for tasks to queue
[2022-05-21 00:32:42,744] {logging_mixin.py:109} INFO - [2022-05-21 00:32:42,744] {dagbag.py:500} INFO - Filling up the DagBag from /home/airflow/.local/lib/python3.8/site-packages/airflow/example_dags/tutorial_etl_dag.py
[2022-05-21 00:32:42,784] {processor.py:654} INFO - DAG(s) dict_keys(['tutorial_etl_dag']) retrieved from /home/airflow/.local/lib/python3.8/site-packages/airflow/example_dags/tutorial_etl_dag.py
[2022-05-21 00:32:42,797] {logging_mixin.py:109} INFO - [2022-05-21 00:32:42,796] {dag.py:2398} INFO - Sync 1 DAGs
[2022-05-21 00:32:42,815] {logging_mixin.py:109} INFO - [2022-05-21 00:32:42,815] {dag.py:2937} INFO - Setting next_dagrun for tutorial_etl_dag to None
[2022-05-21 00:32:42,831] {processor.py:171} INFO - Processing /home/airflow/.local/lib/python3.8/site-packages/airflow/example_dags/tutorial_etl_dag.py took 0.092 seconds
[2022-05-21 00:33:14,194] {processor.py:163} INFO - Started process (PID=15474) to work on /home/airflow/.local/lib/python3.8/site-packages/airflow/example_dags/tutorial_etl_dag.py
[2022-05-21 00:33:14,195] {processor.py:642} INFO - Processing file /home/airflow/.local/lib/python3.8/site-packages/airflow/example_dags/tutorial_etl_dag.py for tasks to queue
[2022-05-21 00:33:14,195] {logging_mixin.py:109} INFO - [2022-05-21 00:33:14,195] {dagbag.py:500} INFO - Filling up the DagBag from /home/airflow/.local/lib/python3.8/site-packages/airflow/example_dags/tutorial_etl_dag.py
[2022-05-21 00:33:14,220] {processor.py:654} INFO - DAG(s) dict_keys(['tutorial_etl_dag']) retrieved from /home/airflow/.local/lib/python3.8/site-packages/airflow/example_dags/tutorial_etl_dag.py
[2022-05-21 00:33:14,229] {logging_mixin.py:109} INFO - [2022-05-21 00:33:14,229] {dag.py:2398} INFO - Sync 1 DAGs
[2022-05-21 00:33:14,242] {logging_mixin.py:109} INFO - [2022-05-21 00:33:14,242] {dag.py:2937} INFO - Setting next_dagrun for tutorial_etl_dag to None
[2022-05-21 00:33:14,251] {processor.py:171} INFO - Processing /home/airflow/.local/lib/python3.8/site-packages/airflow/example_dags/tutorial_etl_dag.py took 0.060 seconds
[2022-05-21 00:33:45,319] {processor.py:163} INFO - Started process (PID=15567) to work on /home/airflow/.local/lib/python3.8/site-packages/airflow/example_dags/tutorial_etl_dag.py
[2022-05-21 00:33:45,320] {processor.py:642} INFO - Processing file /home/airflow/.local/lib/python3.8/site-packages/airflow/example_dags/tutorial_etl_dag.py for tasks to queue
[2022-05-21 00:33:45,320] {logging_mixin.py:109} INFO - [2022-05-21 00:33:45,320] {dagbag.py:500} INFO - Filling up the DagBag from /home/airflow/.local/lib/python3.8/site-packages/airflow/example_dags/tutorial_etl_dag.py
[2022-05-21 00:33:45,346] {processor.py:654} INFO - DAG(s) dict_keys(['tutorial_etl_dag']) retrieved from /home/airflow/.local/lib/python3.8/site-packages/airflow/example_dags/tutorial_etl_dag.py
[2022-05-21 00:33:45,354] {logging_mixin.py:109} INFO - [2022-05-21 00:33:45,354] {dag.py:2398} INFO - Sync 1 DAGs
[2022-05-21 00:33:45,366] {logging_mixin.py:109} INFO - [2022-05-21 00:33:45,366] {dag.py:2937} INFO - Setting next_dagrun for tutorial_etl_dag to None
[2022-05-21 00:33:45,378] {processor.py:171} INFO - Processing /home/airflow/.local/lib/python3.8/site-packages/airflow/example_dags/tutorial_etl_dag.py took 0.061 seconds
[2022-05-21 00:34:16,592] {processor.py:163} INFO - Started process (PID=15651) to work on /home/airflow/.local/lib/python3.8/site-packages/airflow/example_dags/tutorial_etl_dag.py
[2022-05-21 00:34:16,593] {processor.py:642} INFO - Processing file /home/airflow/.local/lib/python3.8/site-packages/airflow/example_dags/tutorial_etl_dag.py for tasks to queue
[2022-05-21 00:34:16,593] {logging_mixin.py:109} INFO - [2022-05-21 00:34:16,593] {dagbag.py:500} INFO - Filling up the DagBag from /home/airflow/.local/lib/python3.8/site-packages/airflow/example_dags/tutorial_etl_dag.py
[2022-05-21 00:34:16,620] {processor.py:654} INFO - DAG(s) dict_keys(['tutorial_etl_dag']) retrieved from /home/airflow/.local/lib/python3.8/site-packages/airflow/example_dags/tutorial_etl_dag.py
[2022-05-21 00:34:16,631] {logging_mixin.py:109} INFO - [2022-05-21 00:34:16,631] {dag.py:2398} INFO - Sync 1 DAGs
[2022-05-21 00:34:16,644] {logging_mixin.py:109} INFO - [2022-05-21 00:34:16,644] {dag.py:2937} INFO - Setting next_dagrun for tutorial_etl_dag to None
[2022-05-21 00:34:16,654] {processor.py:171} INFO - Processing /home/airflow/.local/lib/python3.8/site-packages/airflow/example_dags/tutorial_etl_dag.py took 0.065 seconds
[2022-05-21 00:34:48,333] {processor.py:163} INFO - Started process (PID=15743) to work on /home/airflow/.local/lib/python3.8/site-packages/airflow/example_dags/tutorial_etl_dag.py
[2022-05-21 00:34:48,335] {processor.py:642} INFO - Processing file /home/airflow/.local/lib/python3.8/site-packages/airflow/example_dags/tutorial_etl_dag.py for tasks to queue
[2022-05-21 00:34:48,335] {logging_mixin.py:109} INFO - [2022-05-21 00:34:48,335] {dagbag.py:500} INFO - Filling up the DagBag from /home/airflow/.local/lib/python3.8/site-packages/airflow/example_dags/tutorial_etl_dag.py
[2022-05-21 00:34:48,370] {processor.py:654} INFO - DAG(s) dict_keys(['tutorial_etl_dag']) retrieved from /home/airflow/.local/lib/python3.8/site-packages/airflow/example_dags/tutorial_etl_dag.py
[2022-05-21 00:34:48,382] {logging_mixin.py:109} INFO - [2022-05-21 00:34:48,382] {dag.py:2398} INFO - Sync 1 DAGs
[2022-05-21 00:34:48,399] {logging_mixin.py:109} INFO - [2022-05-21 00:34:48,399] {dag.py:2937} INFO - Setting next_dagrun for tutorial_etl_dag to None
[2022-05-21 00:34:48,410] {processor.py:171} INFO - Processing /home/airflow/.local/lib/python3.8/site-packages/airflow/example_dags/tutorial_etl_dag.py took 0.080 seconds
[2022-05-21 00:35:19,087] {processor.py:163} INFO - Started process (PID=15825) to work on /home/airflow/.local/lib/python3.8/site-packages/airflow/example_dags/tutorial_etl_dag.py
[2022-05-21 00:35:19,088] {processor.py:642} INFO - Processing file /home/airflow/.local/lib/python3.8/site-packages/airflow/example_dags/tutorial_etl_dag.py for tasks to queue
[2022-05-21 00:35:19,089] {logging_mixin.py:109} INFO - [2022-05-21 00:35:19,089] {dagbag.py:500} INFO - Filling up the DagBag from /home/airflow/.local/lib/python3.8/site-packages/airflow/example_dags/tutorial_etl_dag.py
[2022-05-21 00:35:19,113] {processor.py:654} INFO - DAG(s) dict_keys(['tutorial_etl_dag']) retrieved from /home/airflow/.local/lib/python3.8/site-packages/airflow/example_dags/tutorial_etl_dag.py
[2022-05-21 00:35:19,121] {logging_mixin.py:109} INFO - [2022-05-21 00:35:19,121] {dag.py:2398} INFO - Sync 1 DAGs
[2022-05-21 00:35:19,132] {logging_mixin.py:109} INFO - [2022-05-21 00:35:19,132] {dag.py:2937} INFO - Setting next_dagrun for tutorial_etl_dag to None
[2022-05-21 00:35:19,143] {processor.py:171} INFO - Processing /home/airflow/.local/lib/python3.8/site-packages/airflow/example_dags/tutorial_etl_dag.py took 0.058 seconds
[2022-05-21 00:35:49,382] {processor.py:163} INFO - Started process (PID=15893) to work on /home/airflow/.local/lib/python3.8/site-packages/airflow/example_dags/tutorial_etl_dag.py
[2022-05-21 00:35:49,384] {processor.py:642} INFO - Processing file /home/airflow/.local/lib/python3.8/site-packages/airflow/example_dags/tutorial_etl_dag.py for tasks to queue
[2022-05-21 00:35:49,384] {logging_mixin.py:109} INFO - [2022-05-21 00:35:49,384] {dagbag.py:500} INFO - Filling up the DagBag from /home/airflow/.local/lib/python3.8/site-packages/airflow/example_dags/tutorial_etl_dag.py
[2022-05-21 00:35:49,415] {processor.py:654} INFO - DAG(s) dict_keys(['tutorial_etl_dag']) retrieved from /home/airflow/.local/lib/python3.8/site-packages/airflow/example_dags/tutorial_etl_dag.py
[2022-05-21 00:35:49,423] {logging_mixin.py:109} INFO - [2022-05-21 00:35:49,423] {dag.py:2398} INFO - Sync 1 DAGs
[2022-05-21 00:35:49,436] {logging_mixin.py:109} INFO - [2022-05-21 00:35:49,435] {dag.py:2937} INFO - Setting next_dagrun for tutorial_etl_dag to None
[2022-05-21 00:35:49,446] {processor.py:171} INFO - Processing /home/airflow/.local/lib/python3.8/site-packages/airflow/example_dags/tutorial_etl_dag.py took 0.066 seconds
[2022-05-21 00:36:20,354] {processor.py:163} INFO - Started process (PID=15988) to work on /home/airflow/.local/lib/python3.8/site-packages/airflow/example_dags/tutorial_etl_dag.py
[2022-05-21 00:36:20,355] {processor.py:642} INFO - Processing file /home/airflow/.local/lib/python3.8/site-packages/airflow/example_dags/tutorial_etl_dag.py for tasks to queue
[2022-05-21 00:36:20,356] {logging_mixin.py:109} INFO - [2022-05-21 00:36:20,356] {dagbag.py:500} INFO - Filling up the DagBag from /home/airflow/.local/lib/python3.8/site-packages/airflow/example_dags/tutorial_etl_dag.py
[2022-05-21 00:36:20,382] {processor.py:654} INFO - DAG(s) dict_keys(['tutorial_etl_dag']) retrieved from /home/airflow/.local/lib/python3.8/site-packages/airflow/example_dags/tutorial_etl_dag.py
[2022-05-21 00:36:20,392] {logging_mixin.py:109} INFO - [2022-05-21 00:36:20,392] {dag.py:2398} INFO - Sync 1 DAGs
[2022-05-21 00:36:20,404] {logging_mixin.py:109} INFO - [2022-05-21 00:36:20,404] {dag.py:2937} INFO - Setting next_dagrun for tutorial_etl_dag to None
[2022-05-21 00:36:20,414] {processor.py:171} INFO - Processing /home/airflow/.local/lib/python3.8/site-packages/airflow/example_dags/tutorial_etl_dag.py took 0.062 seconds
[2022-05-21 00:36:51,108] {processor.py:163} INFO - Started process (PID=16072) to work on /home/airflow/.local/lib/python3.8/site-packages/airflow/example_dags/tutorial_etl_dag.py
[2022-05-21 00:36:51,109] {processor.py:642} INFO - Processing file /home/airflow/.local/lib/python3.8/site-packages/airflow/example_dags/tutorial_etl_dag.py for tasks to queue
[2022-05-21 00:36:51,110] {logging_mixin.py:109} INFO - [2022-05-21 00:36:51,110] {dagbag.py:500} INFO - Filling up the DagBag from /home/airflow/.local/lib/python3.8/site-packages/airflow/example_dags/tutorial_etl_dag.py
[2022-05-21 00:36:51,135] {processor.py:654} INFO - DAG(s) dict_keys(['tutorial_etl_dag']) retrieved from /home/airflow/.local/lib/python3.8/site-packages/airflow/example_dags/tutorial_etl_dag.py
[2022-05-21 00:36:51,145] {logging_mixin.py:109} INFO - [2022-05-21 00:36:51,145] {dag.py:2398} INFO - Sync 1 DAGs
[2022-05-21 00:36:51,157] {logging_mixin.py:109} INFO - [2022-05-21 00:36:51,157] {dag.py:2937} INFO - Setting next_dagrun for tutorial_etl_dag to None
[2022-05-21 00:36:51,166] {processor.py:171} INFO - Processing /home/airflow/.local/lib/python3.8/site-packages/airflow/example_dags/tutorial_etl_dag.py took 0.061 seconds
[2022-05-21 00:37:22,383] {processor.py:163} INFO - Started process (PID=16166) to work on /home/airflow/.local/lib/python3.8/site-packages/airflow/example_dags/tutorial_etl_dag.py
[2022-05-21 00:37:22,384] {processor.py:642} INFO - Processing file /home/airflow/.local/lib/python3.8/site-packages/airflow/example_dags/tutorial_etl_dag.py for tasks to queue
[2022-05-21 00:37:22,385] {logging_mixin.py:109} INFO - [2022-05-21 00:37:22,385] {dagbag.py:500} INFO - Filling up the DagBag from /home/airflow/.local/lib/python3.8/site-packages/airflow/example_dags/tutorial_etl_dag.py
[2022-05-21 00:37:22,414] {processor.py:654} INFO - DAG(s) dict_keys(['tutorial_etl_dag']) retrieved from /home/airflow/.local/lib/python3.8/site-packages/airflow/example_dags/tutorial_etl_dag.py
[2022-05-21 00:37:22,424] {logging_mixin.py:109} INFO - [2022-05-21 00:37:22,424] {dag.py:2398} INFO - Sync 1 DAGs
[2022-05-21 00:37:22,439] {logging_mixin.py:109} INFO - [2022-05-21 00:37:22,439] {dag.py:2937} INFO - Setting next_dagrun for tutorial_etl_dag to None
[2022-05-21 00:37:22,450] {processor.py:171} INFO - Processing /home/airflow/.local/lib/python3.8/site-packages/airflow/example_dags/tutorial_etl_dag.py took 0.069 seconds
[2022-05-21 00:37:53,503] {processor.py:163} INFO - Started process (PID=16251) to work on /home/airflow/.local/lib/python3.8/site-packages/airflow/example_dags/tutorial_etl_dag.py
[2022-05-21 00:37:53,504] {processor.py:642} INFO - Processing file /home/airflow/.local/lib/python3.8/site-packages/airflow/example_dags/tutorial_etl_dag.py for tasks to queue
[2022-05-21 00:37:53,504] {logging_mixin.py:109} INFO - [2022-05-21 00:37:53,504] {dagbag.py:500} INFO - Filling up the DagBag from /home/airflow/.local/lib/python3.8/site-packages/airflow/example_dags/tutorial_etl_dag.py
[2022-05-21 00:37:53,531] {processor.py:654} INFO - DAG(s) dict_keys(['tutorial_etl_dag']) retrieved from /home/airflow/.local/lib/python3.8/site-packages/airflow/example_dags/tutorial_etl_dag.py
[2022-05-21 00:37:53,541] {logging_mixin.py:109} INFO - [2022-05-21 00:37:53,541] {dag.py:2398} INFO - Sync 1 DAGs
[2022-05-21 00:37:53,557] {logging_mixin.py:109} INFO - [2022-05-21 00:37:53,557] {dag.py:2937} INFO - Setting next_dagrun for tutorial_etl_dag to None
[2022-05-21 00:37:53,567] {processor.py:171} INFO - Processing /home/airflow/.local/lib/python3.8/site-packages/airflow/example_dags/tutorial_etl_dag.py took 0.066 seconds
[2022-05-21 00:38:23,945] {processor.py:163} INFO - Started process (PID=16335) to work on /home/airflow/.local/lib/python3.8/site-packages/airflow/example_dags/tutorial_etl_dag.py
[2022-05-21 00:38:23,946] {processor.py:642} INFO - Processing file /home/airflow/.local/lib/python3.8/site-packages/airflow/example_dags/tutorial_etl_dag.py for tasks to queue
[2022-05-21 00:38:23,947] {logging_mixin.py:109} INFO - [2022-05-21 00:38:23,947] {dagbag.py:500} INFO - Filling up the DagBag from /home/airflow/.local/lib/python3.8/site-packages/airflow/example_dags/tutorial_etl_dag.py
[2022-05-21 00:38:23,975] {processor.py:654} INFO - DAG(s) dict_keys(['tutorial_etl_dag']) retrieved from /home/airflow/.local/lib/python3.8/site-packages/airflow/example_dags/tutorial_etl_dag.py
[2022-05-21 00:38:23,985] {logging_mixin.py:109} INFO - [2022-05-21 00:38:23,985] {dag.py:2398} INFO - Sync 1 DAGs
[2022-05-21 00:38:23,999] {logging_mixin.py:109} INFO - [2022-05-21 00:38:23,999] {dag.py:2937} INFO - Setting next_dagrun for tutorial_etl_dag to None
[2022-05-21 00:38:24,010] {processor.py:171} INFO - Processing /home/airflow/.local/lib/python3.8/site-packages/airflow/example_dags/tutorial_etl_dag.py took 0.067 seconds
[2022-05-21 00:38:54,429] {processor.py:163} INFO - Started process (PID=16429) to work on /home/airflow/.local/lib/python3.8/site-packages/airflow/example_dags/tutorial_etl_dag.py
[2022-05-21 00:38:54,430] {processor.py:642} INFO - Processing file /home/airflow/.local/lib/python3.8/site-packages/airflow/example_dags/tutorial_etl_dag.py for tasks to queue
[2022-05-21 00:38:54,431] {logging_mixin.py:109} INFO - [2022-05-21 00:38:54,431] {dagbag.py:500} INFO - Filling up the DagBag from /home/airflow/.local/lib/python3.8/site-packages/airflow/example_dags/tutorial_etl_dag.py
[2022-05-21 00:38:54,455] {processor.py:654} INFO - DAG(s) dict_keys(['tutorial_etl_dag']) retrieved from /home/airflow/.local/lib/python3.8/site-packages/airflow/example_dags/tutorial_etl_dag.py
[2022-05-21 00:38:54,468] {logging_mixin.py:109} INFO - [2022-05-21 00:38:54,468] {dag.py:2398} INFO - Sync 1 DAGs
[2022-05-21 00:38:54,480] {logging_mixin.py:109} INFO - [2022-05-21 00:38:54,479] {dag.py:2937} INFO - Setting next_dagrun for tutorial_etl_dag to None
[2022-05-21 00:38:54,490] {processor.py:171} INFO - Processing /home/airflow/.local/lib/python3.8/site-packages/airflow/example_dags/tutorial_etl_dag.py took 0.063 seconds
[2022-05-21 00:39:25,484] {processor.py:163} INFO - Started process (PID=16513) to work on /home/airflow/.local/lib/python3.8/site-packages/airflow/example_dags/tutorial_etl_dag.py
[2022-05-21 00:39:25,485] {processor.py:642} INFO - Processing file /home/airflow/.local/lib/python3.8/site-packages/airflow/example_dags/tutorial_etl_dag.py for tasks to queue
[2022-05-21 00:39:25,486] {logging_mixin.py:109} INFO - [2022-05-21 00:39:25,486] {dagbag.py:500} INFO - Filling up the DagBag from /home/airflow/.local/lib/python3.8/site-packages/airflow/example_dags/tutorial_etl_dag.py
[2022-05-21 00:39:25,515] {processor.py:654} INFO - DAG(s) dict_keys(['tutorial_etl_dag']) retrieved from /home/airflow/.local/lib/python3.8/site-packages/airflow/example_dags/tutorial_etl_dag.py
[2022-05-21 00:39:25,526] {logging_mixin.py:109} INFO - [2022-05-21 00:39:25,526] {dag.py:2398} INFO - Sync 1 DAGs
[2022-05-21 00:39:25,540] {logging_mixin.py:109} INFO - [2022-05-21 00:39:25,540] {dag.py:2937} INFO - Setting next_dagrun for tutorial_etl_dag to None
[2022-05-21 00:39:25,552] {processor.py:171} INFO - Processing /home/airflow/.local/lib/python3.8/site-packages/airflow/example_dags/tutorial_etl_dag.py took 0.070 seconds
[2022-05-21 00:39:56,248] {processor.py:163} INFO - Started process (PID=16625) to work on /home/airflow/.local/lib/python3.8/site-packages/airflow/example_dags/tutorial_etl_dag.py
[2022-05-21 00:39:56,249] {processor.py:642} INFO - Processing file /home/airflow/.local/lib/python3.8/site-packages/airflow/example_dags/tutorial_etl_dag.py for tasks to queue
[2022-05-21 00:39:56,249] {logging_mixin.py:109} INFO - [2022-05-21 00:39:56,249] {dagbag.py:500} INFO - Filling up the DagBag from /home/airflow/.local/lib/python3.8/site-packages/airflow/example_dags/tutorial_etl_dag.py
[2022-05-21 00:39:56,278] {processor.py:654} INFO - DAG(s) dict_keys(['tutorial_etl_dag']) retrieved from /home/airflow/.local/lib/python3.8/site-packages/airflow/example_dags/tutorial_etl_dag.py
[2022-05-21 00:39:56,286] {logging_mixin.py:109} INFO - [2022-05-21 00:39:56,286] {dag.py:2398} INFO - Sync 1 DAGs
[2022-05-21 00:39:56,299] {logging_mixin.py:109} INFO - [2022-05-21 00:39:56,299] {dag.py:2937} INFO - Setting next_dagrun for tutorial_etl_dag to None
[2022-05-21 00:39:56,309] {processor.py:171} INFO - Processing /home/airflow/.local/lib/python3.8/site-packages/airflow/example_dags/tutorial_etl_dag.py took 0.064 seconds
[2022-05-21 00:40:27,147] {processor.py:163} INFO - Started process (PID=16709) to work on /home/airflow/.local/lib/python3.8/site-packages/airflow/example_dags/tutorial_etl_dag.py
[2022-05-21 00:40:27,148] {processor.py:642} INFO - Processing file /home/airflow/.local/lib/python3.8/site-packages/airflow/example_dags/tutorial_etl_dag.py for tasks to queue
[2022-05-21 00:40:27,148] {logging_mixin.py:109} INFO - [2022-05-21 00:40:27,148] {dagbag.py:500} INFO - Filling up the DagBag from /home/airflow/.local/lib/python3.8/site-packages/airflow/example_dags/tutorial_etl_dag.py
[2022-05-21 00:40:27,177] {processor.py:654} INFO - DAG(s) dict_keys(['tutorial_etl_dag']) retrieved from /home/airflow/.local/lib/python3.8/site-packages/airflow/example_dags/tutorial_etl_dag.py
[2022-05-21 00:40:27,186] {logging_mixin.py:109} INFO - [2022-05-21 00:40:27,186] {dag.py:2398} INFO - Sync 1 DAGs
[2022-05-21 00:40:27,199] {logging_mixin.py:109} INFO - [2022-05-21 00:40:27,199] {dag.py:2937} INFO - Setting next_dagrun for tutorial_etl_dag to None
[2022-05-21 00:40:27,210] {processor.py:171} INFO - Processing /home/airflow/.local/lib/python3.8/site-packages/airflow/example_dags/tutorial_etl_dag.py took 0.065 seconds
[2022-05-21 00:40:58,176] {processor.py:163} INFO - Started process (PID=16802) to work on /home/airflow/.local/lib/python3.8/site-packages/airflow/example_dags/tutorial_etl_dag.py
[2022-05-21 00:40:58,177] {processor.py:642} INFO - Processing file /home/airflow/.local/lib/python3.8/site-packages/airflow/example_dags/tutorial_etl_dag.py for tasks to queue
[2022-05-21 00:40:58,177] {logging_mixin.py:109} INFO - [2022-05-21 00:40:58,177] {dagbag.py:500} INFO - Filling up the DagBag from /home/airflow/.local/lib/python3.8/site-packages/airflow/example_dags/tutorial_etl_dag.py
[2022-05-21 00:40:58,212] {processor.py:654} INFO - DAG(s) dict_keys(['tutorial_etl_dag']) retrieved from /home/airflow/.local/lib/python3.8/site-packages/airflow/example_dags/tutorial_etl_dag.py
[2022-05-21 00:40:58,223] {logging_mixin.py:109} INFO - [2022-05-21 00:40:58,223] {dag.py:2398} INFO - Sync 1 DAGs
[2022-05-21 00:40:58,235] {logging_mixin.py:109} INFO - [2022-05-21 00:40:58,235] {dag.py:2937} INFO - Setting next_dagrun for tutorial_etl_dag to None
[2022-05-21 00:40:58,246] {processor.py:171} INFO - Processing /home/airflow/.local/lib/python3.8/site-packages/airflow/example_dags/tutorial_etl_dag.py took 0.072 seconds
[2022-05-21 00:41:29,326] {processor.py:163} INFO - Started process (PID=16887) to work on /home/airflow/.local/lib/python3.8/site-packages/airflow/example_dags/tutorial_etl_dag.py
[2022-05-21 00:41:29,326] {processor.py:642} INFO - Processing file /home/airflow/.local/lib/python3.8/site-packages/airflow/example_dags/tutorial_etl_dag.py for tasks to queue
[2022-05-21 00:41:29,327] {logging_mixin.py:109} INFO - [2022-05-21 00:41:29,327] {dagbag.py:500} INFO - Filling up the DagBag from /home/airflow/.local/lib/python3.8/site-packages/airflow/example_dags/tutorial_etl_dag.py
[2022-05-21 00:41:29,360] {processor.py:654} INFO - DAG(s) dict_keys(['tutorial_etl_dag']) retrieved from /home/airflow/.local/lib/python3.8/site-packages/airflow/example_dags/tutorial_etl_dag.py
[2022-05-21 00:41:29,369] {logging_mixin.py:109} INFO - [2022-05-21 00:41:29,369] {dag.py:2398} INFO - Sync 1 DAGs
[2022-05-21 00:41:29,384] {logging_mixin.py:109} INFO - [2022-05-21 00:41:29,384] {dag.py:2937} INFO - Setting next_dagrun for tutorial_etl_dag to None
[2022-05-21 00:41:29,393] {processor.py:171} INFO - Processing /home/airflow/.local/lib/python3.8/site-packages/airflow/example_dags/tutorial_etl_dag.py took 0.069 seconds
[2022-05-21 00:42:00,545] {processor.py:163} INFO - Started process (PID=16980) to work on /home/airflow/.local/lib/python3.8/site-packages/airflow/example_dags/tutorial_etl_dag.py
[2022-05-21 00:42:00,546] {processor.py:642} INFO - Processing file /home/airflow/.local/lib/python3.8/site-packages/airflow/example_dags/tutorial_etl_dag.py for tasks to queue
[2022-05-21 00:42:00,547] {logging_mixin.py:109} INFO - [2022-05-21 00:42:00,547] {dagbag.py:500} INFO - Filling up the DagBag from /home/airflow/.local/lib/python3.8/site-packages/airflow/example_dags/tutorial_etl_dag.py
[2022-05-21 00:42:00,579] {processor.py:654} INFO - DAG(s) dict_keys(['tutorial_etl_dag']) retrieved from /home/airflow/.local/lib/python3.8/site-packages/airflow/example_dags/tutorial_etl_dag.py
[2022-05-21 00:42:00,588] {logging_mixin.py:109} INFO - [2022-05-21 00:42:00,588] {dag.py:2398} INFO - Sync 1 DAGs
[2022-05-21 00:42:00,602] {logging_mixin.py:109} INFO - [2022-05-21 00:42:00,602] {dag.py:2937} INFO - Setting next_dagrun for tutorial_etl_dag to None
[2022-05-21 00:42:00,613] {processor.py:171} INFO - Processing /home/airflow/.local/lib/python3.8/site-packages/airflow/example_dags/tutorial_etl_dag.py took 0.070 seconds
[2022-05-21 00:42:31,729] {processor.py:163} INFO - Started process (PID=17066) to work on /home/airflow/.local/lib/python3.8/site-packages/airflow/example_dags/tutorial_etl_dag.py
[2022-05-21 00:42:31,730] {processor.py:642} INFO - Processing file /home/airflow/.local/lib/python3.8/site-packages/airflow/example_dags/tutorial_etl_dag.py for tasks to queue
[2022-05-21 00:42:31,731] {logging_mixin.py:109} INFO - [2022-05-21 00:42:31,731] {dagbag.py:500} INFO - Filling up the DagBag from /home/airflow/.local/lib/python3.8/site-packages/airflow/example_dags/tutorial_etl_dag.py
[2022-05-21 00:42:31,759] {processor.py:654} INFO - DAG(s) dict_keys(['tutorial_etl_dag']) retrieved from /home/airflow/.local/lib/python3.8/site-packages/airflow/example_dags/tutorial_etl_dag.py
[2022-05-21 00:42:31,769] {logging_mixin.py:109} INFO - [2022-05-21 00:42:31,769] {dag.py:2398} INFO - Sync 1 DAGs
[2022-05-21 00:42:31,780] {logging_mixin.py:109} INFO - [2022-05-21 00:42:31,780] {dag.py:2937} INFO - Setting next_dagrun for tutorial_etl_dag to None
[2022-05-21 00:42:31,790] {processor.py:171} INFO - Processing /home/airflow/.local/lib/python3.8/site-packages/airflow/example_dags/tutorial_etl_dag.py took 0.063 seconds
[2022-05-21 00:43:02,120] {processor.py:163} INFO - Started process (PID=17168) to work on /home/airflow/.local/lib/python3.8/site-packages/airflow/example_dags/tutorial_etl_dag.py
[2022-05-21 00:43:02,121] {processor.py:642} INFO - Processing file /home/airflow/.local/lib/python3.8/site-packages/airflow/example_dags/tutorial_etl_dag.py for tasks to queue
[2022-05-21 00:43:02,121] {logging_mixin.py:109} INFO - [2022-05-21 00:43:02,121] {dagbag.py:500} INFO - Filling up the DagBag from /home/airflow/.local/lib/python3.8/site-packages/airflow/example_dags/tutorial_etl_dag.py
[2022-05-21 00:43:02,145] {processor.py:654} INFO - DAG(s) dict_keys(['tutorial_etl_dag']) retrieved from /home/airflow/.local/lib/python3.8/site-packages/airflow/example_dags/tutorial_etl_dag.py
[2022-05-21 00:43:02,154] {logging_mixin.py:109} INFO - [2022-05-21 00:43:02,154] {dag.py:2398} INFO - Sync 1 DAGs
[2022-05-21 00:43:02,165] {logging_mixin.py:109} INFO - [2022-05-21 00:43:02,165] {dag.py:2937} INFO - Setting next_dagrun for tutorial_etl_dag to None
[2022-05-21 00:43:02,174] {processor.py:171} INFO - Processing /home/airflow/.local/lib/python3.8/site-packages/airflow/example_dags/tutorial_etl_dag.py took 0.057 seconds
[2022-05-21 00:43:32,465] {processor.py:163} INFO - Started process (PID=17260) to work on /home/airflow/.local/lib/python3.8/site-packages/airflow/example_dags/tutorial_etl_dag.py
[2022-05-21 00:43:32,466] {processor.py:642} INFO - Processing file /home/airflow/.local/lib/python3.8/site-packages/airflow/example_dags/tutorial_etl_dag.py for tasks to queue
[2022-05-21 00:43:32,467] {logging_mixin.py:109} INFO - [2022-05-21 00:43:32,467] {dagbag.py:500} INFO - Filling up the DagBag from /home/airflow/.local/lib/python3.8/site-packages/airflow/example_dags/tutorial_etl_dag.py
[2022-05-21 00:43:32,498] {processor.py:654} INFO - DAG(s) dict_keys(['tutorial_etl_dag']) retrieved from /home/airflow/.local/lib/python3.8/site-packages/airflow/example_dags/tutorial_etl_dag.py
[2022-05-21 00:43:32,507] {logging_mixin.py:109} INFO - [2022-05-21 00:43:32,507] {dag.py:2398} INFO - Sync 1 DAGs
[2022-05-21 00:43:32,519] {logging_mixin.py:109} INFO - [2022-05-21 00:43:32,519] {dag.py:2937} INFO - Setting next_dagrun for tutorial_etl_dag to None
[2022-05-21 00:43:32,529] {processor.py:171} INFO - Processing /home/airflow/.local/lib/python3.8/site-packages/airflow/example_dags/tutorial_etl_dag.py took 0.067 seconds
[2022-05-21 00:44:02,743] {processor.py:163} INFO - Started process (PID=17344) to work on /home/airflow/.local/lib/python3.8/site-packages/airflow/example_dags/tutorial_etl_dag.py
[2022-05-21 00:44:02,743] {processor.py:642} INFO - Processing file /home/airflow/.local/lib/python3.8/site-packages/airflow/example_dags/tutorial_etl_dag.py for tasks to queue
[2022-05-21 00:44:02,744] {logging_mixin.py:109} INFO - [2022-05-21 00:44:02,744] {dagbag.py:500} INFO - Filling up the DagBag from /home/airflow/.local/lib/python3.8/site-packages/airflow/example_dags/tutorial_etl_dag.py
[2022-05-21 00:44:02,774] {processor.py:654} INFO - DAG(s) dict_keys(['tutorial_etl_dag']) retrieved from /home/airflow/.local/lib/python3.8/site-packages/airflow/example_dags/tutorial_etl_dag.py
[2022-05-21 00:44:02,784] {logging_mixin.py:109} INFO - [2022-05-21 00:44:02,784] {dag.py:2398} INFO - Sync 1 DAGs
[2022-05-21 00:44:02,797] {logging_mixin.py:109} INFO - [2022-05-21 00:44:02,797] {dag.py:2937} INFO - Setting next_dagrun for tutorial_etl_dag to None
[2022-05-21 00:44:02,810] {processor.py:171} INFO - Processing /home/airflow/.local/lib/python3.8/site-packages/airflow/example_dags/tutorial_etl_dag.py took 0.069 seconds
[2022-05-21 00:44:33,178] {processor.py:163} INFO - Started process (PID=17455) to work on /home/airflow/.local/lib/python3.8/site-packages/airflow/example_dags/tutorial_etl_dag.py
[2022-05-21 00:44:33,180] {processor.py:642} INFO - Processing file /home/airflow/.local/lib/python3.8/site-packages/airflow/example_dags/tutorial_etl_dag.py for tasks to queue
[2022-05-21 00:44:33,181] {logging_mixin.py:109} INFO - [2022-05-21 00:44:33,181] {dagbag.py:500} INFO - Filling up the DagBag from /home/airflow/.local/lib/python3.8/site-packages/airflow/example_dags/tutorial_etl_dag.py
[2022-05-21 00:44:33,218] {processor.py:654} INFO - DAG(s) dict_keys(['tutorial_etl_dag']) retrieved from /home/airflow/.local/lib/python3.8/site-packages/airflow/example_dags/tutorial_etl_dag.py
[2022-05-21 00:44:33,228] {logging_mixin.py:109} INFO - [2022-05-21 00:44:33,228] {dag.py:2398} INFO - Sync 1 DAGs
[2022-05-21 00:44:33,244] {logging_mixin.py:109} INFO - [2022-05-21 00:44:33,244] {dag.py:2937} INFO - Setting next_dagrun for tutorial_etl_dag to None
[2022-05-21 00:44:33,255] {processor.py:171} INFO - Processing /home/airflow/.local/lib/python3.8/site-packages/airflow/example_dags/tutorial_etl_dag.py took 0.079 seconds
[2022-05-21 00:45:03,637] {processor.py:163} INFO - Started process (PID=17541) to work on /home/airflow/.local/lib/python3.8/site-packages/airflow/example_dags/tutorial_etl_dag.py
[2022-05-21 00:45:03,638] {processor.py:642} INFO - Processing file /home/airflow/.local/lib/python3.8/site-packages/airflow/example_dags/tutorial_etl_dag.py for tasks to queue
[2022-05-21 00:45:03,639] {logging_mixin.py:109} INFO - [2022-05-21 00:45:03,639] {dagbag.py:500} INFO - Filling up the DagBag from /home/airflow/.local/lib/python3.8/site-packages/airflow/example_dags/tutorial_etl_dag.py
[2022-05-21 00:45:03,681] {processor.py:654} INFO - DAG(s) dict_keys(['tutorial_etl_dag']) retrieved from /home/airflow/.local/lib/python3.8/site-packages/airflow/example_dags/tutorial_etl_dag.py
[2022-05-21 00:45:03,696] {logging_mixin.py:109} INFO - [2022-05-21 00:45:03,696] {dag.py:2398} INFO - Sync 1 DAGs
[2022-05-21 00:45:03,714] {logging_mixin.py:109} INFO - [2022-05-21 00:45:03,714] {dag.py:2937} INFO - Setting next_dagrun for tutorial_etl_dag to None
[2022-05-21 00:45:03,729] {processor.py:171} INFO - Processing /home/airflow/.local/lib/python3.8/site-packages/airflow/example_dags/tutorial_etl_dag.py took 0.096 seconds
[2022-05-21 00:45:33,831] {processor.py:163} INFO - Started process (PID=17626) to work on /home/airflow/.local/lib/python3.8/site-packages/airflow/example_dags/tutorial_etl_dag.py
[2022-05-21 00:45:33,832] {processor.py:642} INFO - Processing file /home/airflow/.local/lib/python3.8/site-packages/airflow/example_dags/tutorial_etl_dag.py for tasks to queue
[2022-05-21 00:45:33,833] {logging_mixin.py:109} INFO - [2022-05-21 00:45:33,833] {dagbag.py:500} INFO - Filling up the DagBag from /home/airflow/.local/lib/python3.8/site-packages/airflow/example_dags/tutorial_etl_dag.py
[2022-05-21 00:45:33,867] {processor.py:654} INFO - DAG(s) dict_keys(['tutorial_etl_dag']) retrieved from /home/airflow/.local/lib/python3.8/site-packages/airflow/example_dags/tutorial_etl_dag.py
[2022-05-21 00:45:33,879] {logging_mixin.py:109} INFO - [2022-05-21 00:45:33,879] {dag.py:2398} INFO - Sync 1 DAGs
[2022-05-21 00:45:33,894] {logging_mixin.py:109} INFO - [2022-05-21 00:45:33,894] {dag.py:2937} INFO - Setting next_dagrun for tutorial_etl_dag to None
[2022-05-21 00:45:33,906] {processor.py:171} INFO - Processing /home/airflow/.local/lib/python3.8/site-packages/airflow/example_dags/tutorial_etl_dag.py took 0.078 seconds
[2022-05-21 00:46:04,606] {processor.py:163} INFO - Started process (PID=17720) to work on /home/airflow/.local/lib/python3.8/site-packages/airflow/example_dags/tutorial_etl_dag.py
[2022-05-21 00:46:04,607] {processor.py:642} INFO - Processing file /home/airflow/.local/lib/python3.8/site-packages/airflow/example_dags/tutorial_etl_dag.py for tasks to queue
[2022-05-21 00:46:04,608] {logging_mixin.py:109} INFO - [2022-05-21 00:46:04,607] {dagbag.py:500} INFO - Filling up the DagBag from /home/airflow/.local/lib/python3.8/site-packages/airflow/example_dags/tutorial_etl_dag.py
[2022-05-21 00:46:04,635] {processor.py:654} INFO - DAG(s) dict_keys(['tutorial_etl_dag']) retrieved from /home/airflow/.local/lib/python3.8/site-packages/airflow/example_dags/tutorial_etl_dag.py
[2022-05-21 00:46:04,644] {logging_mixin.py:109} INFO - [2022-05-21 00:46:04,644] {dag.py:2398} INFO - Sync 1 DAGs
[2022-05-21 00:46:04,657] {logging_mixin.py:109} INFO - [2022-05-21 00:46:04,657] {dag.py:2937} INFO - Setting next_dagrun for tutorial_etl_dag to None
[2022-05-21 00:46:04,668] {processor.py:171} INFO - Processing /home/airflow/.local/lib/python3.8/site-packages/airflow/example_dags/tutorial_etl_dag.py took 0.064 seconds
[2022-05-21 00:46:35,087] {processor.py:163} INFO - Started process (PID=17823) to work on /home/airflow/.local/lib/python3.8/site-packages/airflow/example_dags/tutorial_etl_dag.py
[2022-05-21 00:46:35,088] {processor.py:642} INFO - Processing file /home/airflow/.local/lib/python3.8/site-packages/airflow/example_dags/tutorial_etl_dag.py for tasks to queue
[2022-05-21 00:46:35,089] {logging_mixin.py:109} INFO - [2022-05-21 00:46:35,089] {dagbag.py:500} INFO - Filling up the DagBag from /home/airflow/.local/lib/python3.8/site-packages/airflow/example_dags/tutorial_etl_dag.py
[2022-05-21 00:46:35,120] {processor.py:654} INFO - DAG(s) dict_keys(['tutorial_etl_dag']) retrieved from /home/airflow/.local/lib/python3.8/site-packages/airflow/example_dags/tutorial_etl_dag.py
[2022-05-21 00:46:35,130] {logging_mixin.py:109} INFO - [2022-05-21 00:46:35,130] {dag.py:2398} INFO - Sync 1 DAGs
[2022-05-21 00:46:35,143] {logging_mixin.py:109} INFO - [2022-05-21 00:46:35,143] {dag.py:2937} INFO - Setting next_dagrun for tutorial_etl_dag to None
[2022-05-21 00:46:35,155] {processor.py:171} INFO - Processing /home/airflow/.local/lib/python3.8/site-packages/airflow/example_dags/tutorial_etl_dag.py took 0.070 seconds
[2022-05-21 00:47:05,372] {processor.py:163} INFO - Started process (PID=17913) to work on /home/airflow/.local/lib/python3.8/site-packages/airflow/example_dags/tutorial_etl_dag.py
[2022-05-21 00:47:05,376] {processor.py:642} INFO - Processing file /home/airflow/.local/lib/python3.8/site-packages/airflow/example_dags/tutorial_etl_dag.py for tasks to queue
[2022-05-21 00:47:05,377] {logging_mixin.py:109} INFO - [2022-05-21 00:47:05,377] {dagbag.py:500} INFO - Filling up the DagBag from /home/airflow/.local/lib/python3.8/site-packages/airflow/example_dags/tutorial_etl_dag.py
[2022-05-21 00:47:05,425] {processor.py:654} INFO - DAG(s) dict_keys(['tutorial_etl_dag']) retrieved from /home/airflow/.local/lib/python3.8/site-packages/airflow/example_dags/tutorial_etl_dag.py
[2022-05-21 00:47:05,442] {logging_mixin.py:109} INFO - [2022-05-21 00:47:05,442] {dag.py:2398} INFO - Sync 1 DAGs
[2022-05-21 00:47:05,462] {logging_mixin.py:109} INFO - [2022-05-21 00:47:05,462] {dag.py:2937} INFO - Setting next_dagrun for tutorial_etl_dag to None
[2022-05-21 00:47:05,476] {processor.py:171} INFO - Processing /home/airflow/.local/lib/python3.8/site-packages/airflow/example_dags/tutorial_etl_dag.py took 0.107 seconds
[2022-05-21 00:47:36,247] {processor.py:163} INFO - Started process (PID=17999) to work on /home/airflow/.local/lib/python3.8/site-packages/airflow/example_dags/tutorial_etl_dag.py
[2022-05-21 00:47:36,249] {processor.py:642} INFO - Processing file /home/airflow/.local/lib/python3.8/site-packages/airflow/example_dags/tutorial_etl_dag.py for tasks to queue
[2022-05-21 00:47:36,249] {logging_mixin.py:109} INFO - [2022-05-21 00:47:36,249] {dagbag.py:500} INFO - Filling up the DagBag from /home/airflow/.local/lib/python3.8/site-packages/airflow/example_dags/tutorial_etl_dag.py
[2022-05-21 00:47:36,290] {processor.py:654} INFO - DAG(s) dict_keys(['tutorial_etl_dag']) retrieved from /home/airflow/.local/lib/python3.8/site-packages/airflow/example_dags/tutorial_etl_dag.py
[2022-05-21 00:47:36,304] {logging_mixin.py:109} INFO - [2022-05-21 00:47:36,304] {dag.py:2398} INFO - Sync 1 DAGs
[2022-05-21 00:47:36,323] {logging_mixin.py:109} INFO - [2022-05-21 00:47:36,323] {dag.py:2937} INFO - Setting next_dagrun for tutorial_etl_dag to None
[2022-05-21 00:47:36,337] {processor.py:171} INFO - Processing /home/airflow/.local/lib/python3.8/site-packages/airflow/example_dags/tutorial_etl_dag.py took 0.094 seconds
[2022-05-21 00:48:07,655] {processor.py:163} INFO - Started process (PID=18085) to work on /home/airflow/.local/lib/python3.8/site-packages/airflow/example_dags/tutorial_etl_dag.py
[2022-05-21 00:48:07,656] {processor.py:642} INFO - Processing file /home/airflow/.local/lib/python3.8/site-packages/airflow/example_dags/tutorial_etl_dag.py for tasks to queue
[2022-05-21 00:48:07,657] {logging_mixin.py:109} INFO - [2022-05-21 00:48:07,657] {dagbag.py:500} INFO - Filling up the DagBag from /home/airflow/.local/lib/python3.8/site-packages/airflow/example_dags/tutorial_etl_dag.py
[2022-05-21 00:48:07,691] {processor.py:654} INFO - DAG(s) dict_keys(['tutorial_etl_dag']) retrieved from /home/airflow/.local/lib/python3.8/site-packages/airflow/example_dags/tutorial_etl_dag.py
[2022-05-21 00:48:07,702] {logging_mixin.py:109} INFO - [2022-05-21 00:48:07,701] {dag.py:2398} INFO - Sync 1 DAGs
[2022-05-21 00:48:07,716] {logging_mixin.py:109} INFO - [2022-05-21 00:48:07,716] {dag.py:2937} INFO - Setting next_dagrun for tutorial_etl_dag to None
[2022-05-21 00:48:07,727] {processor.py:171} INFO - Processing /home/airflow/.local/lib/python3.8/site-packages/airflow/example_dags/tutorial_etl_dag.py took 0.075 seconds
[2022-05-21 00:48:38,415] {processor.py:163} INFO - Started process (PID=18179) to work on /home/airflow/.local/lib/python3.8/site-packages/airflow/example_dags/tutorial_etl_dag.py
[2022-05-21 00:48:38,416] {processor.py:642} INFO - Processing file /home/airflow/.local/lib/python3.8/site-packages/airflow/example_dags/tutorial_etl_dag.py for tasks to queue
[2022-05-21 00:48:38,417] {logging_mixin.py:109} INFO - [2022-05-21 00:48:38,417] {dagbag.py:500} INFO - Filling up the DagBag from /home/airflow/.local/lib/python3.8/site-packages/airflow/example_dags/tutorial_etl_dag.py
[2022-05-21 00:48:38,441] {processor.py:654} INFO - DAG(s) dict_keys(['tutorial_etl_dag']) retrieved from /home/airflow/.local/lib/python3.8/site-packages/airflow/example_dags/tutorial_etl_dag.py
[2022-05-21 00:48:38,450] {logging_mixin.py:109} INFO - [2022-05-21 00:48:38,449] {dag.py:2398} INFO - Sync 1 DAGs
[2022-05-21 00:48:38,461] {logging_mixin.py:109} INFO - [2022-05-21 00:48:38,461] {dag.py:2937} INFO - Setting next_dagrun for tutorial_etl_dag to None
[2022-05-21 00:48:38,471] {processor.py:171} INFO - Processing /home/airflow/.local/lib/python3.8/site-packages/airflow/example_dags/tutorial_etl_dag.py took 0.058 seconds
[2022-05-21 00:49:08,914] {processor.py:163} INFO - Started process (PID=18263) to work on /home/airflow/.local/lib/python3.8/site-packages/airflow/example_dags/tutorial_etl_dag.py
[2022-05-21 00:49:08,915] {processor.py:642} INFO - Processing file /home/airflow/.local/lib/python3.8/site-packages/airflow/example_dags/tutorial_etl_dag.py for tasks to queue
[2022-05-21 00:49:08,915] {logging_mixin.py:109} INFO - [2022-05-21 00:49:08,915] {dagbag.py:500} INFO - Filling up the DagBag from /home/airflow/.local/lib/python3.8/site-packages/airflow/example_dags/tutorial_etl_dag.py
[2022-05-21 00:49:08,942] {processor.py:654} INFO - DAG(s) dict_keys(['tutorial_etl_dag']) retrieved from /home/airflow/.local/lib/python3.8/site-packages/airflow/example_dags/tutorial_etl_dag.py
[2022-05-21 00:49:08,951] {logging_mixin.py:109} INFO - [2022-05-21 00:49:08,951] {dag.py:2398} INFO - Sync 1 DAGs
[2022-05-21 00:49:08,963] {logging_mixin.py:109} INFO - [2022-05-21 00:49:08,963] {dag.py:2937} INFO - Setting next_dagrun for tutorial_etl_dag to None
[2022-05-21 00:49:08,974] {processor.py:171} INFO - Processing /home/airflow/.local/lib/python3.8/site-packages/airflow/example_dags/tutorial_etl_dag.py took 0.062 seconds
[2022-05-21 00:49:40,031] {processor.py:163} INFO - Started process (PID=18356) to work on /home/airflow/.local/lib/python3.8/site-packages/airflow/example_dags/tutorial_etl_dag.py
[2022-05-21 00:49:40,033] {processor.py:642} INFO - Processing file /home/airflow/.local/lib/python3.8/site-packages/airflow/example_dags/tutorial_etl_dag.py for tasks to queue
[2022-05-21 00:49:40,033] {logging_mixin.py:109} INFO - [2022-05-21 00:49:40,033] {dagbag.py:500} INFO - Filling up the DagBag from /home/airflow/.local/lib/python3.8/site-packages/airflow/example_dags/tutorial_etl_dag.py
[2022-05-21 00:49:40,062] {processor.py:654} INFO - DAG(s) dict_keys(['tutorial_etl_dag']) retrieved from /home/airflow/.local/lib/python3.8/site-packages/airflow/example_dags/tutorial_etl_dag.py
[2022-05-21 00:49:40,073] {logging_mixin.py:109} INFO - [2022-05-21 00:49:40,073] {dag.py:2398} INFO - Sync 1 DAGs
[2022-05-21 00:49:40,086] {logging_mixin.py:109} INFO - [2022-05-21 00:49:40,086] {dag.py:2937} INFO - Setting next_dagrun for tutorial_etl_dag to None
[2022-05-21 00:49:40,098] {processor.py:171} INFO - Processing /home/airflow/.local/lib/python3.8/site-packages/airflow/example_dags/tutorial_etl_dag.py took 0.069 seconds
[2022-05-21 00:50:10,331] {processor.py:163} INFO - Started process (PID=18441) to work on /home/airflow/.local/lib/python3.8/site-packages/airflow/example_dags/tutorial_etl_dag.py
[2022-05-21 00:50:10,332] {processor.py:642} INFO - Processing file /home/airflow/.local/lib/python3.8/site-packages/airflow/example_dags/tutorial_etl_dag.py for tasks to queue
[2022-05-21 00:50:10,333] {logging_mixin.py:109} INFO - [2022-05-21 00:50:10,333] {dagbag.py:500} INFO - Filling up the DagBag from /home/airflow/.local/lib/python3.8/site-packages/airflow/example_dags/tutorial_etl_dag.py
[2022-05-21 00:50:10,360] {processor.py:654} INFO - DAG(s) dict_keys(['tutorial_etl_dag']) retrieved from /home/airflow/.local/lib/python3.8/site-packages/airflow/example_dags/tutorial_etl_dag.py
[2022-05-21 00:50:10,369] {logging_mixin.py:109} INFO - [2022-05-21 00:50:10,369] {dag.py:2398} INFO - Sync 1 DAGs
[2022-05-21 00:50:10,381] {logging_mixin.py:109} INFO - [2022-05-21 00:50:10,381] {dag.py:2937} INFO - Setting next_dagrun for tutorial_etl_dag to None
[2022-05-21 00:50:10,391] {processor.py:171} INFO - Processing /home/airflow/.local/lib/python3.8/site-packages/airflow/example_dags/tutorial_etl_dag.py took 0.062 seconds
[2022-05-21 00:50:41,501] {processor.py:163} INFO - Started process (PID=18532) to work on /home/airflow/.local/lib/python3.8/site-packages/airflow/example_dags/tutorial_etl_dag.py
[2022-05-21 00:50:41,502] {processor.py:642} INFO - Processing file /home/airflow/.local/lib/python3.8/site-packages/airflow/example_dags/tutorial_etl_dag.py for tasks to queue
[2022-05-21 00:50:41,503] {logging_mixin.py:109} INFO - [2022-05-21 00:50:41,503] {dagbag.py:500} INFO - Filling up the DagBag from /home/airflow/.local/lib/python3.8/site-packages/airflow/example_dags/tutorial_etl_dag.py
[2022-05-21 00:50:41,531] {processor.py:654} INFO - DAG(s) dict_keys(['tutorial_etl_dag']) retrieved from /home/airflow/.local/lib/python3.8/site-packages/airflow/example_dags/tutorial_etl_dag.py
[2022-05-21 00:50:41,541] {logging_mixin.py:109} INFO - [2022-05-21 00:50:41,541] {dag.py:2398} INFO - Sync 1 DAGs
[2022-05-21 00:50:41,554] {logging_mixin.py:109} INFO - [2022-05-21 00:50:41,553] {dag.py:2937} INFO - Setting next_dagrun for tutorial_etl_dag to None
[2022-05-21 00:50:41,566] {processor.py:171} INFO - Processing /home/airflow/.local/lib/python3.8/site-packages/airflow/example_dags/tutorial_etl_dag.py took 0.067 seconds
[2022-05-21 00:51:11,980] {processor.py:163} INFO - Started process (PID=18617) to work on /home/airflow/.local/lib/python3.8/site-packages/airflow/example_dags/tutorial_etl_dag.py
[2022-05-21 00:51:11,980] {processor.py:642} INFO - Processing file /home/airflow/.local/lib/python3.8/site-packages/airflow/example_dags/tutorial_etl_dag.py for tasks to queue
[2022-05-21 00:51:11,981] {logging_mixin.py:109} INFO - [2022-05-21 00:51:11,981] {dagbag.py:500} INFO - Filling up the DagBag from /home/airflow/.local/lib/python3.8/site-packages/airflow/example_dags/tutorial_etl_dag.py
[2022-05-21 00:51:12,006] {processor.py:654} INFO - DAG(s) dict_keys(['tutorial_etl_dag']) retrieved from /home/airflow/.local/lib/python3.8/site-packages/airflow/example_dags/tutorial_etl_dag.py
[2022-05-21 00:51:12,015] {logging_mixin.py:109} INFO - [2022-05-21 00:51:12,015] {dag.py:2398} INFO - Sync 1 DAGs
[2022-05-21 00:51:12,027] {logging_mixin.py:109} INFO - [2022-05-21 00:51:12,027] {dag.py:2937} INFO - Setting next_dagrun for tutorial_etl_dag to None
[2022-05-21 00:51:12,037] {processor.py:171} INFO - Processing /home/airflow/.local/lib/python3.8/site-packages/airflow/example_dags/tutorial_etl_dag.py took 0.059 seconds
[2022-05-21 00:51:43,096] {processor.py:163} INFO - Started process (PID=18703) to work on /home/airflow/.local/lib/python3.8/site-packages/airflow/example_dags/tutorial_etl_dag.py
[2022-05-21 00:51:43,097] {processor.py:642} INFO - Processing file /home/airflow/.local/lib/python3.8/site-packages/airflow/example_dags/tutorial_etl_dag.py for tasks to queue
[2022-05-21 00:51:43,098] {logging_mixin.py:109} INFO - [2022-05-21 00:51:43,098] {dagbag.py:500} INFO - Filling up the DagBag from /home/airflow/.local/lib/python3.8/site-packages/airflow/example_dags/tutorial_etl_dag.py
[2022-05-21 00:51:43,141] {processor.py:654} INFO - DAG(s) dict_keys(['tutorial_etl_dag']) retrieved from /home/airflow/.local/lib/python3.8/site-packages/airflow/example_dags/tutorial_etl_dag.py
[2022-05-21 00:51:43,153] {logging_mixin.py:109} INFO - [2022-05-21 00:51:43,153] {dag.py:2398} INFO - Sync 1 DAGs
[2022-05-21 00:51:43,167] {logging_mixin.py:109} INFO - [2022-05-21 00:51:43,167] {dag.py:2937} INFO - Setting next_dagrun for tutorial_etl_dag to None
[2022-05-21 00:51:43,180] {processor.py:171} INFO - Processing /home/airflow/.local/lib/python3.8/site-packages/airflow/example_dags/tutorial_etl_dag.py took 0.086 seconds
[2022-05-21 00:52:14,308] {processor.py:163} INFO - Started process (PID=18796) to work on /home/airflow/.local/lib/python3.8/site-packages/airflow/example_dags/tutorial_etl_dag.py
[2022-05-21 00:52:14,308] {processor.py:642} INFO - Processing file /home/airflow/.local/lib/python3.8/site-packages/airflow/example_dags/tutorial_etl_dag.py for tasks to queue
[2022-05-21 00:52:14,309] {logging_mixin.py:109} INFO - [2022-05-21 00:52:14,309] {dagbag.py:500} INFO - Filling up the DagBag from /home/airflow/.local/lib/python3.8/site-packages/airflow/example_dags/tutorial_etl_dag.py
[2022-05-21 00:52:14,347] {processor.py:654} INFO - DAG(s) dict_keys(['tutorial_etl_dag']) retrieved from /home/airflow/.local/lib/python3.8/site-packages/airflow/example_dags/tutorial_etl_dag.py
[2022-05-21 00:52:14,358] {logging_mixin.py:109} INFO - [2022-05-21 00:52:14,358] {dag.py:2398} INFO - Sync 1 DAGs
[2022-05-21 00:52:14,373] {logging_mixin.py:109} INFO - [2022-05-21 00:52:14,372] {dag.py:2937} INFO - Setting next_dagrun for tutorial_etl_dag to None
[2022-05-21 00:52:14,385] {processor.py:171} INFO - Processing /home/airflow/.local/lib/python3.8/site-packages/airflow/example_dags/tutorial_etl_dag.py took 0.080 seconds
[2022-05-21 00:52:45,506] {processor.py:163} INFO - Started process (PID=18881) to work on /home/airflow/.local/lib/python3.8/site-packages/airflow/example_dags/tutorial_etl_dag.py
[2022-05-21 00:52:45,507] {processor.py:642} INFO - Processing file /home/airflow/.local/lib/python3.8/site-packages/airflow/example_dags/tutorial_etl_dag.py for tasks to queue
[2022-05-21 00:52:45,508] {logging_mixin.py:109} INFO - [2022-05-21 00:52:45,508] {dagbag.py:500} INFO - Filling up the DagBag from /home/airflow/.local/lib/python3.8/site-packages/airflow/example_dags/tutorial_etl_dag.py
[2022-05-21 00:52:45,551] {processor.py:654} INFO - DAG(s) dict_keys(['tutorial_etl_dag']) retrieved from /home/airflow/.local/lib/python3.8/site-packages/airflow/example_dags/tutorial_etl_dag.py
[2022-05-21 00:52:45,578] {logging_mixin.py:109} INFO - [2022-05-21 00:52:45,578] {dag.py:2398} INFO - Sync 1 DAGs
[2022-05-21 00:52:45,613] {logging_mixin.py:109} INFO - [2022-05-21 00:52:45,612] {dag.py:2937} INFO - Setting next_dagrun for tutorial_etl_dag to None
[2022-05-21 00:52:45,628] {processor.py:171} INFO - Processing /home/airflow/.local/lib/python3.8/site-packages/airflow/example_dags/tutorial_etl_dag.py took 0.126 seconds
[2022-05-21 00:53:16,252] {processor.py:163} INFO - Started process (PID=19012) to work on /home/airflow/.local/lib/python3.8/site-packages/airflow/example_dags/tutorial_etl_dag.py
[2022-05-21 00:53:16,253] {processor.py:642} INFO - Processing file /home/airflow/.local/lib/python3.8/site-packages/airflow/example_dags/tutorial_etl_dag.py for tasks to queue
[2022-05-21 00:53:16,253] {logging_mixin.py:109} INFO - [2022-05-21 00:53:16,253] {dagbag.py:500} INFO - Filling up the DagBag from /home/airflow/.local/lib/python3.8/site-packages/airflow/example_dags/tutorial_etl_dag.py
[2022-05-21 00:53:16,279] {processor.py:654} INFO - DAG(s) dict_keys(['tutorial_etl_dag']) retrieved from /home/airflow/.local/lib/python3.8/site-packages/airflow/example_dags/tutorial_etl_dag.py
[2022-05-21 00:53:16,288] {logging_mixin.py:109} INFO - [2022-05-21 00:53:16,287] {dag.py:2398} INFO - Sync 1 DAGs
[2022-05-21 00:53:16,300] {logging_mixin.py:109} INFO - [2022-05-21 00:53:16,300] {dag.py:2937} INFO - Setting next_dagrun for tutorial_etl_dag to None
[2022-05-21 00:53:16,311] {processor.py:171} INFO - Processing /home/airflow/.local/lib/python3.8/site-packages/airflow/example_dags/tutorial_etl_dag.py took 0.061 seconds
[2022-05-21 00:53:46,830] {processor.py:163} INFO - Started process (PID=19097) to work on /home/airflow/.local/lib/python3.8/site-packages/airflow/example_dags/tutorial_etl_dag.py
[2022-05-21 00:53:46,830] {processor.py:642} INFO - Processing file /home/airflow/.local/lib/python3.8/site-packages/airflow/example_dags/tutorial_etl_dag.py for tasks to queue
[2022-05-21 00:53:46,831] {logging_mixin.py:109} INFO - [2022-05-21 00:53:46,831] {dagbag.py:500} INFO - Filling up the DagBag from /home/airflow/.local/lib/python3.8/site-packages/airflow/example_dags/tutorial_etl_dag.py
[2022-05-21 00:53:46,861] {processor.py:654} INFO - DAG(s) dict_keys(['tutorial_etl_dag']) retrieved from /home/airflow/.local/lib/python3.8/site-packages/airflow/example_dags/tutorial_etl_dag.py
[2022-05-21 00:53:46,873] {logging_mixin.py:109} INFO - [2022-05-21 00:53:46,873] {dag.py:2398} INFO - Sync 1 DAGs
[2022-05-21 00:53:46,888] {logging_mixin.py:109} INFO - [2022-05-21 00:53:46,888] {dag.py:2937} INFO - Setting next_dagrun for tutorial_etl_dag to None
[2022-05-21 00:53:46,899] {processor.py:171} INFO - Processing /home/airflow/.local/lib/python3.8/site-packages/airflow/example_dags/tutorial_etl_dag.py took 0.071 seconds
[2022-05-21 00:54:17,397] {processor.py:163} INFO - Started process (PID=19200) to work on /home/airflow/.local/lib/python3.8/site-packages/airflow/example_dags/tutorial_etl_dag.py
[2022-05-21 00:54:17,399] {processor.py:642} INFO - Processing file /home/airflow/.local/lib/python3.8/site-packages/airflow/example_dags/tutorial_etl_dag.py for tasks to queue
[2022-05-21 00:54:17,399] {logging_mixin.py:109} INFO - [2022-05-21 00:54:17,399] {dagbag.py:500} INFO - Filling up the DagBag from /home/airflow/.local/lib/python3.8/site-packages/airflow/example_dags/tutorial_etl_dag.py
[2022-05-21 00:54:17,428] {processor.py:654} INFO - DAG(s) dict_keys(['tutorial_etl_dag']) retrieved from /home/airflow/.local/lib/python3.8/site-packages/airflow/example_dags/tutorial_etl_dag.py
[2022-05-21 00:54:17,436] {logging_mixin.py:109} INFO - [2022-05-21 00:54:17,436] {dag.py:2398} INFO - Sync 1 DAGs
[2022-05-21 00:54:17,450] {logging_mixin.py:109} INFO - [2022-05-21 00:54:17,450] {dag.py:2937} INFO - Setting next_dagrun for tutorial_etl_dag to None
[2022-05-21 00:54:17,463] {processor.py:171} INFO - Processing /home/airflow/.local/lib/python3.8/site-packages/airflow/example_dags/tutorial_etl_dag.py took 0.067 seconds
[2022-05-21 00:54:48,196] {processor.py:163} INFO - Started process (PID=19293) to work on /home/airflow/.local/lib/python3.8/site-packages/airflow/example_dags/tutorial_etl_dag.py
[2022-05-21 00:54:48,197] {processor.py:642} INFO - Processing file /home/airflow/.local/lib/python3.8/site-packages/airflow/example_dags/tutorial_etl_dag.py for tasks to queue
[2022-05-21 00:54:48,197] {logging_mixin.py:109} INFO - [2022-05-21 00:54:48,197] {dagbag.py:500} INFO - Filling up the DagBag from /home/airflow/.local/lib/python3.8/site-packages/airflow/example_dags/tutorial_etl_dag.py
[2022-05-21 00:54:48,234] {processor.py:654} INFO - DAG(s) dict_keys(['tutorial_etl_dag']) retrieved from /home/airflow/.local/lib/python3.8/site-packages/airflow/example_dags/tutorial_etl_dag.py
[2022-05-21 00:54:48,244] {logging_mixin.py:109} INFO - [2022-05-21 00:54:48,244] {dag.py:2398} INFO - Sync 1 DAGs
[2022-05-21 00:54:48,256] {logging_mixin.py:109} INFO - [2022-05-21 00:54:48,256] {dag.py:2937} INFO - Setting next_dagrun for tutorial_etl_dag to None
[2022-05-21 00:54:48,267] {processor.py:171} INFO - Processing /home/airflow/.local/lib/python3.8/site-packages/airflow/example_dags/tutorial_etl_dag.py took 0.074 seconds
[2022-05-21 00:55:19,619] {processor.py:163} INFO - Started process (PID=19377) to work on /home/airflow/.local/lib/python3.8/site-packages/airflow/example_dags/tutorial_etl_dag.py
[2022-05-21 00:55:19,621] {processor.py:642} INFO - Processing file /home/airflow/.local/lib/python3.8/site-packages/airflow/example_dags/tutorial_etl_dag.py for tasks to queue
[2022-05-21 00:55:19,621] {logging_mixin.py:109} INFO - [2022-05-21 00:55:19,621] {dagbag.py:500} INFO - Filling up the DagBag from /home/airflow/.local/lib/python3.8/site-packages/airflow/example_dags/tutorial_etl_dag.py
[2022-05-21 00:55:19,660] {processor.py:654} INFO - DAG(s) dict_keys(['tutorial_etl_dag']) retrieved from /home/airflow/.local/lib/python3.8/site-packages/airflow/example_dags/tutorial_etl_dag.py
[2022-05-21 00:55:19,671] {logging_mixin.py:109} INFO - [2022-05-21 00:55:19,671] {dag.py:2398} INFO - Sync 1 DAGs
[2022-05-21 00:55:19,686] {logging_mixin.py:109} INFO - [2022-05-21 00:55:19,686] {dag.py:2937} INFO - Setting next_dagrun for tutorial_etl_dag to None
[2022-05-21 00:55:19,699] {processor.py:171} INFO - Processing /home/airflow/.local/lib/python3.8/site-packages/airflow/example_dags/tutorial_etl_dag.py took 0.081 seconds
[2022-05-21 00:55:50,562] {processor.py:163} INFO - Started process (PID=19470) to work on /home/airflow/.local/lib/python3.8/site-packages/airflow/example_dags/tutorial_etl_dag.py
[2022-05-21 00:55:50,563] {processor.py:642} INFO - Processing file /home/airflow/.local/lib/python3.8/site-packages/airflow/example_dags/tutorial_etl_dag.py for tasks to queue
[2022-05-21 00:55:50,564] {logging_mixin.py:109} INFO - [2022-05-21 00:55:50,564] {dagbag.py:500} INFO - Filling up the DagBag from /home/airflow/.local/lib/python3.8/site-packages/airflow/example_dags/tutorial_etl_dag.py
[2022-05-21 00:55:50,589] {processor.py:654} INFO - DAG(s) dict_keys(['tutorial_etl_dag']) retrieved from /home/airflow/.local/lib/python3.8/site-packages/airflow/example_dags/tutorial_etl_dag.py
[2022-05-21 00:55:50,598] {logging_mixin.py:109} INFO - [2022-05-21 00:55:50,598] {dag.py:2398} INFO - Sync 1 DAGs
[2022-05-21 00:55:50,609] {logging_mixin.py:109} INFO - [2022-05-21 00:55:50,609] {dag.py:2937} INFO - Setting next_dagrun for tutorial_etl_dag to None
[2022-05-21 00:55:50,620] {processor.py:171} INFO - Processing /home/airflow/.local/lib/python3.8/site-packages/airflow/example_dags/tutorial_etl_dag.py took 0.060 seconds
[2022-05-21 00:56:20,937] {processor.py:163} INFO - Started process (PID=19557) to work on /home/airflow/.local/lib/python3.8/site-packages/airflow/example_dags/tutorial_etl_dag.py
[2022-05-21 00:56:20,939] {processor.py:642} INFO - Processing file /home/airflow/.local/lib/python3.8/site-packages/airflow/example_dags/tutorial_etl_dag.py for tasks to queue
[2022-05-21 00:56:20,940] {logging_mixin.py:109} INFO - [2022-05-21 00:56:20,940] {dagbag.py:500} INFO - Filling up the DagBag from /home/airflow/.local/lib/python3.8/site-packages/airflow/example_dags/tutorial_etl_dag.py
[2022-05-21 00:56:20,984] {processor.py:654} INFO - DAG(s) dict_keys(['tutorial_etl_dag']) retrieved from /home/airflow/.local/lib/python3.8/site-packages/airflow/example_dags/tutorial_etl_dag.py
[2022-05-21 00:56:21,021] {logging_mixin.py:109} INFO - [2022-05-21 00:56:21,021] {dag.py:2398} INFO - Sync 1 DAGs
[2022-05-21 00:56:21,053] {logging_mixin.py:109} INFO - [2022-05-21 00:56:21,053] {dag.py:2937} INFO - Setting next_dagrun for tutorial_etl_dag to None
[2022-05-21 00:56:21,077] {processor.py:171} INFO - Processing /home/airflow/.local/lib/python3.8/site-packages/airflow/example_dags/tutorial_etl_dag.py took 0.142 seconds
[2022-05-21 00:56:52,151] {processor.py:163} INFO - Started process (PID=19641) to work on /home/airflow/.local/lib/python3.8/site-packages/airflow/example_dags/tutorial_etl_dag.py
[2022-05-21 00:56:52,152] {processor.py:642} INFO - Processing file /home/airflow/.local/lib/python3.8/site-packages/airflow/example_dags/tutorial_etl_dag.py for tasks to queue
[2022-05-21 00:56:52,152] {logging_mixin.py:109} INFO - [2022-05-21 00:56:52,152] {dagbag.py:500} INFO - Filling up the DagBag from /home/airflow/.local/lib/python3.8/site-packages/airflow/example_dags/tutorial_etl_dag.py
[2022-05-21 00:56:52,178] {processor.py:654} INFO - DAG(s) dict_keys(['tutorial_etl_dag']) retrieved from /home/airflow/.local/lib/python3.8/site-packages/airflow/example_dags/tutorial_etl_dag.py
[2022-05-21 00:56:52,186] {logging_mixin.py:109} INFO - [2022-05-21 00:56:52,186] {dag.py:2398} INFO - Sync 1 DAGs
[2022-05-21 00:56:52,200] {logging_mixin.py:109} INFO - [2022-05-21 00:56:52,200] {dag.py:2937} INFO - Setting next_dagrun for tutorial_etl_dag to None
[2022-05-21 00:56:52,211] {processor.py:171} INFO - Processing /home/airflow/.local/lib/python3.8/site-packages/airflow/example_dags/tutorial_etl_dag.py took 0.062 seconds
[2022-05-21 00:57:23,511] {processor.py:163} INFO - Started process (PID=19735) to work on /home/airflow/.local/lib/python3.8/site-packages/airflow/example_dags/tutorial_etl_dag.py
[2022-05-21 00:57:23,513] {processor.py:642} INFO - Processing file /home/airflow/.local/lib/python3.8/site-packages/airflow/example_dags/tutorial_etl_dag.py for tasks to queue
[2022-05-21 00:57:23,513] {logging_mixin.py:109} INFO - [2022-05-21 00:57:23,513] {dagbag.py:500} INFO - Filling up the DagBag from /home/airflow/.local/lib/python3.8/site-packages/airflow/example_dags/tutorial_etl_dag.py
[2022-05-21 00:57:23,540] {processor.py:654} INFO - DAG(s) dict_keys(['tutorial_etl_dag']) retrieved from /home/airflow/.local/lib/python3.8/site-packages/airflow/example_dags/tutorial_etl_dag.py
[2022-05-21 00:57:23,548] {logging_mixin.py:109} INFO - [2022-05-21 00:57:23,548] {dag.py:2398} INFO - Sync 1 DAGs
[2022-05-21 00:57:23,560] {logging_mixin.py:109} INFO - [2022-05-21 00:57:23,560] {dag.py:2937} INFO - Setting next_dagrun for tutorial_etl_dag to None
[2022-05-21 00:57:23,570] {processor.py:171} INFO - Processing /home/airflow/.local/lib/python3.8/site-packages/airflow/example_dags/tutorial_etl_dag.py took 0.061 seconds
[2022-05-21 00:57:54,819] {processor.py:163} INFO - Started process (PID=19821) to work on /home/airflow/.local/lib/python3.8/site-packages/airflow/example_dags/tutorial_etl_dag.py
[2022-05-21 00:57:54,819] {processor.py:642} INFO - Processing file /home/airflow/.local/lib/python3.8/site-packages/airflow/example_dags/tutorial_etl_dag.py for tasks to queue
[2022-05-21 00:57:54,820] {logging_mixin.py:109} INFO - [2022-05-21 00:57:54,820] {dagbag.py:500} INFO - Filling up the DagBag from /home/airflow/.local/lib/python3.8/site-packages/airflow/example_dags/tutorial_etl_dag.py
[2022-05-21 00:57:54,850] {processor.py:654} INFO - DAG(s) dict_keys(['tutorial_etl_dag']) retrieved from /home/airflow/.local/lib/python3.8/site-packages/airflow/example_dags/tutorial_etl_dag.py
[2022-05-21 00:57:54,861] {logging_mixin.py:109} INFO - [2022-05-21 00:57:54,861] {dag.py:2398} INFO - Sync 1 DAGs
[2022-05-21 00:57:54,874] {logging_mixin.py:109} INFO - [2022-05-21 00:57:54,874] {dag.py:2937} INFO - Setting next_dagrun for tutorial_etl_dag to None
[2022-05-21 00:57:54,885] {processor.py:171} INFO - Processing /home/airflow/.local/lib/python3.8/site-packages/airflow/example_dags/tutorial_etl_dag.py took 0.069 seconds
[2022-05-21 00:58:25,294] {processor.py:163} INFO - Started process (PID=19913) to work on /home/airflow/.local/lib/python3.8/site-packages/airflow/example_dags/tutorial_etl_dag.py
[2022-05-21 00:58:25,296] {processor.py:642} INFO - Processing file /home/airflow/.local/lib/python3.8/site-packages/airflow/example_dags/tutorial_etl_dag.py for tasks to queue
[2022-05-21 00:58:25,296] {logging_mixin.py:109} INFO - [2022-05-21 00:58:25,296] {dagbag.py:500} INFO - Filling up the DagBag from /home/airflow/.local/lib/python3.8/site-packages/airflow/example_dags/tutorial_etl_dag.py
[2022-05-21 00:58:25,326] {processor.py:654} INFO - DAG(s) dict_keys(['tutorial_etl_dag']) retrieved from /home/airflow/.local/lib/python3.8/site-packages/airflow/example_dags/tutorial_etl_dag.py
[2022-05-21 00:58:25,336] {logging_mixin.py:109} INFO - [2022-05-21 00:58:25,335] {dag.py:2398} INFO - Sync 1 DAGs
[2022-05-21 00:58:25,348] {logging_mixin.py:109} INFO - [2022-05-21 00:58:25,348] {dag.py:2937} INFO - Setting next_dagrun for tutorial_etl_dag to None
[2022-05-21 00:58:25,358] {processor.py:171} INFO - Processing /home/airflow/.local/lib/python3.8/site-packages/airflow/example_dags/tutorial_etl_dag.py took 0.067 seconds
[2022-05-21 00:58:55,462] {processor.py:163} INFO - Started process (PID=20019) to work on /home/airflow/.local/lib/python3.8/site-packages/airflow/example_dags/tutorial_etl_dag.py
[2022-05-21 00:58:55,462] {processor.py:642} INFO - Processing file /home/airflow/.local/lib/python3.8/site-packages/airflow/example_dags/tutorial_etl_dag.py for tasks to queue
[2022-05-21 00:58:55,463] {logging_mixin.py:109} INFO - [2022-05-21 00:58:55,463] {dagbag.py:500} INFO - Filling up the DagBag from /home/airflow/.local/lib/python3.8/site-packages/airflow/example_dags/tutorial_etl_dag.py
[2022-05-21 00:58:55,488] {processor.py:654} INFO - DAG(s) dict_keys(['tutorial_etl_dag']) retrieved from /home/airflow/.local/lib/python3.8/site-packages/airflow/example_dags/tutorial_etl_dag.py
[2022-05-21 00:58:55,498] {logging_mixin.py:109} INFO - [2022-05-21 00:58:55,498] {dag.py:2398} INFO - Sync 1 DAGs
[2022-05-21 00:58:55,512] {logging_mixin.py:109} INFO - [2022-05-21 00:58:55,512] {dag.py:2937} INFO - Setting next_dagrun for tutorial_etl_dag to None
[2022-05-21 00:58:55,523] {processor.py:171} INFO - Processing /home/airflow/.local/lib/python3.8/site-packages/airflow/example_dags/tutorial_etl_dag.py took 0.064 seconds
[2022-05-21 00:59:25,747] {processor.py:163} INFO - Started process (PID=20111) to work on /home/airflow/.local/lib/python3.8/site-packages/airflow/example_dags/tutorial_etl_dag.py
[2022-05-21 00:59:25,748] {processor.py:642} INFO - Processing file /home/airflow/.local/lib/python3.8/site-packages/airflow/example_dags/tutorial_etl_dag.py for tasks to queue
[2022-05-21 00:59:25,748] {logging_mixin.py:109} INFO - [2022-05-21 00:59:25,748] {dagbag.py:500} INFO - Filling up the DagBag from /home/airflow/.local/lib/python3.8/site-packages/airflow/example_dags/tutorial_etl_dag.py
[2022-05-21 00:59:25,779] {processor.py:654} INFO - DAG(s) dict_keys(['tutorial_etl_dag']) retrieved from /home/airflow/.local/lib/python3.8/site-packages/airflow/example_dags/tutorial_etl_dag.py
[2022-05-21 00:59:25,789] {logging_mixin.py:109} INFO - [2022-05-21 00:59:25,789] {dag.py:2398} INFO - Sync 1 DAGs
[2022-05-21 00:59:25,803] {logging_mixin.py:109} INFO - [2022-05-21 00:59:25,803] {dag.py:2937} INFO - Setting next_dagrun for tutorial_etl_dag to None
[2022-05-21 00:59:25,816] {processor.py:171} INFO - Processing /home/airflow/.local/lib/python3.8/site-packages/airflow/example_dags/tutorial_etl_dag.py took 0.072 seconds
[2022-05-21 00:59:55,988] {processor.py:163} INFO - Started process (PID=20196) to work on /home/airflow/.local/lib/python3.8/site-packages/airflow/example_dags/tutorial_etl_dag.py
[2022-05-21 00:59:55,989] {processor.py:642} INFO - Processing file /home/airflow/.local/lib/python3.8/site-packages/airflow/example_dags/tutorial_etl_dag.py for tasks to queue
[2022-05-21 00:59:55,990] {logging_mixin.py:109} INFO - [2022-05-21 00:59:55,990] {dagbag.py:500} INFO - Filling up the DagBag from /home/airflow/.local/lib/python3.8/site-packages/airflow/example_dags/tutorial_etl_dag.py
[2022-05-21 00:59:56,026] {processor.py:654} INFO - DAG(s) dict_keys(['tutorial_etl_dag']) retrieved from /home/airflow/.local/lib/python3.8/site-packages/airflow/example_dags/tutorial_etl_dag.py
[2022-05-21 00:59:56,038] {logging_mixin.py:109} INFO - [2022-05-21 00:59:56,038] {dag.py:2398} INFO - Sync 1 DAGs
[2022-05-21 00:59:56,054] {logging_mixin.py:109} INFO - [2022-05-21 00:59:56,054] {dag.py:2937} INFO - Setting next_dagrun for tutorial_etl_dag to None
[2022-05-21 00:59:56,068] {processor.py:171} INFO - Processing /home/airflow/.local/lib/python3.8/site-packages/airflow/example_dags/tutorial_etl_dag.py took 0.082 seconds
[2022-05-21 01:00:26,544] {processor.py:163} INFO - Started process (PID=20280) to work on /home/airflow/.local/lib/python3.8/site-packages/airflow/example_dags/tutorial_etl_dag.py
[2022-05-21 01:00:26,546] {processor.py:642} INFO - Processing file /home/airflow/.local/lib/python3.8/site-packages/airflow/example_dags/tutorial_etl_dag.py for tasks to queue
[2022-05-21 01:00:26,546] {logging_mixin.py:109} INFO - [2022-05-21 01:00:26,546] {dagbag.py:500} INFO - Filling up the DagBag from /home/airflow/.local/lib/python3.8/site-packages/airflow/example_dags/tutorial_etl_dag.py
[2022-05-21 01:00:26,574] {processor.py:654} INFO - DAG(s) dict_keys(['tutorial_etl_dag']) retrieved from /home/airflow/.local/lib/python3.8/site-packages/airflow/example_dags/tutorial_etl_dag.py
[2022-05-21 01:00:26,583] {logging_mixin.py:109} INFO - [2022-05-21 01:00:26,583] {dag.py:2398} INFO - Sync 1 DAGs
[2022-05-21 01:00:26,596] {logging_mixin.py:109} INFO - [2022-05-21 01:00:26,596] {dag.py:2937} INFO - Setting next_dagrun for tutorial_etl_dag to None
[2022-05-21 01:00:26,607] {processor.py:171} INFO - Processing /home/airflow/.local/lib/python3.8/site-packages/airflow/example_dags/tutorial_etl_dag.py took 0.065 seconds
[2022-05-21 01:00:57,678] {processor.py:163} INFO - Started process (PID=20375) to work on /home/airflow/.local/lib/python3.8/site-packages/airflow/example_dags/tutorial_etl_dag.py
[2022-05-21 01:00:57,679] {processor.py:642} INFO - Processing file /home/airflow/.local/lib/python3.8/site-packages/airflow/example_dags/tutorial_etl_dag.py for tasks to queue
[2022-05-21 01:00:57,680] {logging_mixin.py:109} INFO - [2022-05-21 01:00:57,679] {dagbag.py:500} INFO - Filling up the DagBag from /home/airflow/.local/lib/python3.8/site-packages/airflow/example_dags/tutorial_etl_dag.py
[2022-05-21 01:00:57,705] {processor.py:654} INFO - DAG(s) dict_keys(['tutorial_etl_dag']) retrieved from /home/airflow/.local/lib/python3.8/site-packages/airflow/example_dags/tutorial_etl_dag.py
[2022-05-21 01:00:57,714] {logging_mixin.py:109} INFO - [2022-05-21 01:00:57,714] {dag.py:2398} INFO - Sync 1 DAGs
[2022-05-21 01:00:57,727] {logging_mixin.py:109} INFO - [2022-05-21 01:00:57,727] {dag.py:2937} INFO - Setting next_dagrun for tutorial_etl_dag to None
[2022-05-21 01:00:57,738] {processor.py:171} INFO - Processing /home/airflow/.local/lib/python3.8/site-packages/airflow/example_dags/tutorial_etl_dag.py took 0.062 seconds
[2022-05-21 01:01:28,345] {processor.py:163} INFO - Started process (PID=20460) to work on /home/airflow/.local/lib/python3.8/site-packages/airflow/example_dags/tutorial_etl_dag.py
[2022-05-21 01:01:28,347] {processor.py:642} INFO - Processing file /home/airflow/.local/lib/python3.8/site-packages/airflow/example_dags/tutorial_etl_dag.py for tasks to queue
[2022-05-21 01:01:28,347] {logging_mixin.py:109} INFO - [2022-05-21 01:01:28,347] {dagbag.py:500} INFO - Filling up the DagBag from /home/airflow/.local/lib/python3.8/site-packages/airflow/example_dags/tutorial_etl_dag.py
[2022-05-21 01:01:28,380] {processor.py:654} INFO - DAG(s) dict_keys(['tutorial_etl_dag']) retrieved from /home/airflow/.local/lib/python3.8/site-packages/airflow/example_dags/tutorial_etl_dag.py
[2022-05-21 01:01:28,389] {logging_mixin.py:109} INFO - [2022-05-21 01:01:28,389] {dag.py:2398} INFO - Sync 1 DAGs
[2022-05-21 01:01:28,401] {logging_mixin.py:109} INFO - [2022-05-21 01:01:28,401] {dag.py:2937} INFO - Setting next_dagrun for tutorial_etl_dag to None
[2022-05-21 01:01:28,412] {processor.py:171} INFO - Processing /home/airflow/.local/lib/python3.8/site-packages/airflow/example_dags/tutorial_etl_dag.py took 0.069 seconds
[2022-05-21 01:01:58,864] {processor.py:163} INFO - Started process (PID=20554) to work on /home/airflow/.local/lib/python3.8/site-packages/airflow/example_dags/tutorial_etl_dag.py
[2022-05-21 01:01:58,865] {processor.py:642} INFO - Processing file /home/airflow/.local/lib/python3.8/site-packages/airflow/example_dags/tutorial_etl_dag.py for tasks to queue
[2022-05-21 01:01:58,866] {logging_mixin.py:109} INFO - [2022-05-21 01:01:58,865] {dagbag.py:500} INFO - Filling up the DagBag from /home/airflow/.local/lib/python3.8/site-packages/airflow/example_dags/tutorial_etl_dag.py
[2022-05-21 01:01:58,891] {processor.py:654} INFO - DAG(s) dict_keys(['tutorial_etl_dag']) retrieved from /home/airflow/.local/lib/python3.8/site-packages/airflow/example_dags/tutorial_etl_dag.py
[2022-05-21 01:01:58,899] {logging_mixin.py:109} INFO - [2022-05-21 01:01:58,899] {dag.py:2398} INFO - Sync 1 DAGs
[2022-05-21 01:01:58,913] {logging_mixin.py:109} INFO - [2022-05-21 01:01:58,913] {dag.py:2937} INFO - Setting next_dagrun for tutorial_etl_dag to None
[2022-05-21 01:01:58,923] {processor.py:171} INFO - Processing /home/airflow/.local/lib/python3.8/site-packages/airflow/example_dags/tutorial_etl_dag.py took 0.061 seconds
[2022-05-21 01:02:29,013] {processor.py:163} INFO - Started process (PID=20640) to work on /home/airflow/.local/lib/python3.8/site-packages/airflow/example_dags/tutorial_etl_dag.py
[2022-05-21 01:02:29,015] {processor.py:642} INFO - Processing file /home/airflow/.local/lib/python3.8/site-packages/airflow/example_dags/tutorial_etl_dag.py for tasks to queue
[2022-05-21 01:02:29,016] {logging_mixin.py:109} INFO - [2022-05-21 01:02:29,016] {dagbag.py:500} INFO - Filling up the DagBag from /home/airflow/.local/lib/python3.8/site-packages/airflow/example_dags/tutorial_etl_dag.py
[2022-05-21 01:02:29,047] {processor.py:654} INFO - DAG(s) dict_keys(['tutorial_etl_dag']) retrieved from /home/airflow/.local/lib/python3.8/site-packages/airflow/example_dags/tutorial_etl_dag.py
[2022-05-21 01:02:29,058] {logging_mixin.py:109} INFO - [2022-05-21 01:02:29,058] {dag.py:2398} INFO - Sync 1 DAGs
[2022-05-21 01:02:29,070] {logging_mixin.py:109} INFO - [2022-05-21 01:02:29,070] {dag.py:2937} INFO - Setting next_dagrun for tutorial_etl_dag to None
[2022-05-21 01:02:29,081] {processor.py:171} INFO - Processing /home/airflow/.local/lib/python3.8/site-packages/airflow/example_dags/tutorial_etl_dag.py took 0.070 seconds
