[2022-06-21 04:02:50,866] {taskinstance.py:1037} INFO - Dependencies all met for <TaskInstance: match_details_dag.paths.path_matchinfo.create_matchinfo scheduled__2022-06-20T09:00:00+00:00 [queued]>
[2022-06-21 04:02:50,882] {taskinstance.py:1037} INFO - Dependencies all met for <TaskInstance: match_details_dag.paths.path_matchinfo.create_matchinfo scheduled__2022-06-20T09:00:00+00:00 [queued]>
[2022-06-21 04:02:50,882] {taskinstance.py:1243} INFO - 
--------------------------------------------------------------------------------
[2022-06-21 04:02:50,882] {taskinstance.py:1244} INFO - Starting attempt 1 of 2
[2022-06-21 04:02:50,882] {taskinstance.py:1245} INFO - 
--------------------------------------------------------------------------------
[2022-06-21 04:02:50,900] {taskinstance.py:1264} INFO - Executing <Task(SnowflakeOperator): paths.path_matchinfo.create_matchinfo> on 2022-06-20 09:00:00+00:00
[2022-06-21 04:02:50,907] {standard_task_runner.py:52} INFO - Started process 172 to run task
[2022-06-21 04:02:50,911] {standard_task_runner.py:76} INFO - Running: ['***', 'tasks', 'run', 'match_details_dag', 'paths.path_matchinfo.create_matchinfo', 'scheduled__2022-06-20T09:00:00+00:00', '--job-id', '253', '--raw', '--subdir', 'DAGS_FOLDER/matchData_dag.py', '--cfg-path', '/tmp/tmpifcn9k2z', '--error-file', '/tmp/tmpib6a9ck9']
[2022-06-21 04:02:50,913] {standard_task_runner.py:77} INFO - Job 253: Subtask paths.path_matchinfo.create_matchinfo
[2022-06-21 04:02:50,998] {logging_mixin.py:109} INFO - Running <TaskInstance: match_details_dag.paths.path_matchinfo.create_matchinfo scheduled__2022-06-20T09:00:00+00:00 [running]> on host ebe3cc7dbee2
[2022-06-21 04:02:51,089] {taskinstance.py:1429} INFO - Exporting the following env vars:
AIRFLOW_CTX_DAG_OWNER=admin
AIRFLOW_CTX_DAG_ID=match_details_dag
AIRFLOW_CTX_TASK_ID=paths.path_matchinfo.create_matchinfo
AIRFLOW_CTX_EXECUTION_DATE=2022-06-20T09:00:00+00:00
AIRFLOW_CTX_DAG_RUN_ID=scheduled__2022-06-20T09:00:00+00:00
[2022-06-21 04:02:51,090] {snowflake.py:118} INFO - Executing: CREATE OR REPLACE TABLE STAGING_MATCHINFO
        (
            matchId varchar,
            gameCreation integer,
            gameDuration integer,
            gameEndTimestamp integer,
            gameId varchar,
            gameMode string,
            gameName varchar,
            gameStartTimestamp integer,
            gameType varchar(25),
            gameVersion varchar,
            mapId integer,
            platformId varchar(3),
            queueId integer,
            tournamentCode varchar
        );
[2022-06-21 04:02:51,106] {connection.py:257} INFO - Snowflake Connector for Python Version: 2.7.8, Python Version: 3.8.12, Platform: Linux-5.10.102.1-microsoft-standard-WSL2-x86_64-with-glibc2.2.5
[2022-06-21 04:02:51,107] {connection.py:876} INFO - This connection is in OCSP Fail Open Mode. TLS Certificates would be checked for validity and revocation status. Any other Certificate Revocation related exceptions or OCSP Responder failures would be disregarded in favor of connectivity.
[2022-06-21 04:02:51,108] {connection.py:894} INFO - Setting use_openssl_only mode to False
[2022-06-21 04:02:51,898] {cursor.py:710} INFO - query: [ALTER SESSION SET autocommit=True]
[2022-06-21 04:02:52,090] {cursor.py:734} INFO - query execution done
[2022-06-21 04:02:52,091] {snowflake.py:324} INFO - Running statement: CREATE OR REPLACE TABLE STAGING_MATCHINFO
        (
            matchId varchar,
            gameCreation integer,
            gameDuration integer,
            gameEndTimestamp integer,
            gameId varchar,
            gameMode string,
            gameName varchar,
            gameStartTimestamp integer,
            gameType varchar(25),
            gameVersion varchar,
            mapId integer,
            platformId varchar(3),
            queueId integer,
            tournamentCode varchar
        );, parameters: None
[2022-06-21 04:02:52,092] {cursor.py:710} INFO - query: [CREATE OR REPLACE TABLE STAGING_MATCHINFO ( matchId varchar, gameCreation intege...]
[2022-06-21 04:02:52,269] {cursor.py:734} INFO - query execution done
[2022-06-21 04:02:52,270] {snowflake.py:334} INFO - Statement execution info - {'status': 'Table STAGING_MATCHINFO successfully created.'}
[2022-06-21 04:02:52,270] {snowflake.py:338} INFO - Rows affected: 1
[2022-06-21 04:02:52,271] {snowflake.py:339} INFO - Snowflake query id: 01a51672-0000-fac3-0000-d96900055bce
[2022-06-21 04:02:52,271] {connection.py:507} INFO - closed
[2022-06-21 04:02:52,304] {connection.py:510} INFO - No async queries seem to be running, deleting session
[2022-06-21 04:02:52,402] {taskinstance.py:1272} INFO - Marking task as SUCCESS. dag_id=match_details_dag, task_id=paths.path_matchinfo.create_matchinfo, execution_date=20220620T090000, start_date=20220621T040250, end_date=20220621T040252
[2022-06-21 04:02:52,452] {local_task_job.py:154} INFO - Task exited with return code 0
[2022-06-21 04:02:52,494] {local_task_job.py:264} INFO - 1 downstream tasks scheduled from follow-on schedule check
