[2022-05-21 00:00:00,215] {processor.py:163} INFO - Started process (PID=13713) to work on /opt/airflow/dags/dataDragon_dag.py
[2022-05-21 00:00:00,215] {processor.py:642} INFO - Processing file /opt/airflow/dags/dataDragon_dag.py for tasks to queue
[2022-05-21 00:00:00,216] {logging_mixin.py:109} INFO - [2022-05-21 00:00:00,216] {dagbag.py:500} INFO - Filling up the DagBag from /opt/airflow/dags/dataDragon_dag.py
[2022-05-21 00:00:00,858] {logging_mixin.py:109} WARNING - /home/airflow/.local/lib/python3.8/site-packages/snowflake/connector/options.py:94 UserWarning: You have an incompatible version of 'pyarrow' installed (6.0.1), please install a version that adheres to: 'pyarrow<3.1.0,>=3.0.0; extra == "pandas"'
[2022-05-21 00:00:01,164] {processor.py:654} INFO - DAG(s) dict_keys(['league_of_legends_dag']) retrieved from /opt/airflow/dags/dataDragon_dag.py
[2022-05-21 00:00:01,341] {logging_mixin.py:109} INFO - [2022-05-21 00:00:01,340] {dag.py:2398} INFO - Sync 1 DAGs
[2022-05-21 00:00:01,362] {processor.py:171} INFO - Processing /opt/airflow/dags/dataDragon_dag.py took 1.150 seconds
[2022-05-21 00:00:31,467] {processor.py:163} INFO - Started process (PID=13822) to work on /opt/airflow/dags/dataDragon_dag.py
[2022-05-21 00:00:31,468] {processor.py:642} INFO - Processing file /opt/airflow/dags/dataDragon_dag.py for tasks to queue
[2022-05-21 00:00:31,469] {logging_mixin.py:109} INFO - [2022-05-21 00:00:31,469] {dagbag.py:500} INFO - Filling up the DagBag from /opt/airflow/dags/dataDragon_dag.py
[2022-05-21 00:00:32,011] {logging_mixin.py:109} WARNING - /home/airflow/.local/lib/python3.8/site-packages/snowflake/connector/options.py:94 UserWarning: You have an incompatible version of 'pyarrow' installed (6.0.1), please install a version that adheres to: 'pyarrow<3.1.0,>=3.0.0; extra == "pandas"'
[2022-05-21 00:00:32,318] {processor.py:654} INFO - DAG(s) dict_keys(['league_of_legends_dag']) retrieved from /opt/airflow/dags/dataDragon_dag.py
[2022-05-21 00:00:32,331] {logging_mixin.py:109} INFO - [2022-05-21 00:00:32,331] {dag.py:2398} INFO - Sync 1 DAGs
[2022-05-21 00:00:32,351] {processor.py:171} INFO - Processing /opt/airflow/dags/dataDragon_dag.py took 0.887 seconds
[2022-05-21 00:01:03,193] {processor.py:163} INFO - Started process (PID=13909) to work on /opt/airflow/dags/dataDragon_dag.py
[2022-05-21 00:01:03,194] {processor.py:642} INFO - Processing file /opt/airflow/dags/dataDragon_dag.py for tasks to queue
[2022-05-21 00:01:03,195] {logging_mixin.py:109} INFO - [2022-05-21 00:01:03,195] {dagbag.py:500} INFO - Filling up the DagBag from /opt/airflow/dags/dataDragon_dag.py
[2022-05-21 00:01:03,747] {logging_mixin.py:109} WARNING - /home/airflow/.local/lib/python3.8/site-packages/snowflake/connector/options.py:94 UserWarning: You have an incompatible version of 'pyarrow' installed (6.0.1), please install a version that adheres to: 'pyarrow<3.1.0,>=3.0.0; extra == "pandas"'
[2022-05-21 00:01:04,059] {processor.py:654} INFO - DAG(s) dict_keys(['league_of_legends_dag']) retrieved from /opt/airflow/dags/dataDragon_dag.py
[2022-05-21 00:01:04,069] {logging_mixin.py:109} INFO - [2022-05-21 00:01:04,068] {dag.py:2398} INFO - Sync 1 DAGs
[2022-05-21 00:01:04,089] {processor.py:171} INFO - Processing /opt/airflow/dags/dataDragon_dag.py took 0.899 seconds
[2022-05-21 00:01:34,319] {processor.py:163} INFO - Started process (PID=14002) to work on /opt/airflow/dags/dataDragon_dag.py
[2022-05-21 00:01:34,320] {processor.py:642} INFO - Processing file /opt/airflow/dags/dataDragon_dag.py for tasks to queue
[2022-05-21 00:01:34,320] {logging_mixin.py:109} INFO - [2022-05-21 00:01:34,320] {dagbag.py:500} INFO - Filling up the DagBag from /opt/airflow/dags/dataDragon_dag.py
[2022-05-21 00:01:34,949] {logging_mixin.py:109} WARNING - /home/airflow/.local/lib/python3.8/site-packages/snowflake/connector/options.py:94 UserWarning: You have an incompatible version of 'pyarrow' installed (6.0.1), please install a version that adheres to: 'pyarrow<3.1.0,>=3.0.0; extra == "pandas"'
[2022-05-21 00:01:35,307] {processor.py:654} INFO - DAG(s) dict_keys(['league_of_legends_dag']) retrieved from /opt/airflow/dags/dataDragon_dag.py
[2022-05-21 00:01:35,318] {logging_mixin.py:109} INFO - [2022-05-21 00:01:35,317] {dag.py:2398} INFO - Sync 1 DAGs
[2022-05-21 00:01:35,339] {processor.py:171} INFO - Processing /opt/airflow/dags/dataDragon_dag.py took 1.023 seconds
[2022-05-21 00:02:05,410] {processor.py:163} INFO - Started process (PID=14086) to work on /opt/airflow/dags/dataDragon_dag.py
[2022-05-21 00:02:05,411] {processor.py:642} INFO - Processing file /opt/airflow/dags/dataDragon_dag.py for tasks to queue
[2022-05-21 00:02:05,412] {logging_mixin.py:109} INFO - [2022-05-21 00:02:05,411] {dagbag.py:500} INFO - Filling up the DagBag from /opt/airflow/dags/dataDragon_dag.py
[2022-05-21 00:02:05,967] {logging_mixin.py:109} WARNING - /home/airflow/.local/lib/python3.8/site-packages/snowflake/connector/options.py:94 UserWarning: You have an incompatible version of 'pyarrow' installed (6.0.1), please install a version that adheres to: 'pyarrow<3.1.0,>=3.0.0; extra == "pandas"'
[2022-05-21 00:02:06,271] {processor.py:654} INFO - DAG(s) dict_keys(['league_of_legends_dag']) retrieved from /opt/airflow/dags/dataDragon_dag.py
[2022-05-21 00:02:06,285] {logging_mixin.py:109} INFO - [2022-05-21 00:02:06,284] {dag.py:2398} INFO - Sync 1 DAGs
[2022-05-21 00:02:06,308] {processor.py:171} INFO - Processing /opt/airflow/dags/dataDragon_dag.py took 0.901 seconds
[2022-05-21 00:02:36,751] {processor.py:163} INFO - Started process (PID=14184) to work on /opt/airflow/dags/dataDragon_dag.py
[2022-05-21 00:02:36,751] {processor.py:642} INFO - Processing file /opt/airflow/dags/dataDragon_dag.py for tasks to queue
[2022-05-21 00:02:36,752] {logging_mixin.py:109} INFO - [2022-05-21 00:02:36,752] {dagbag.py:500} INFO - Filling up the DagBag from /opt/airflow/dags/dataDragon_dag.py
[2022-05-21 00:02:37,373] {logging_mixin.py:109} WARNING - /home/airflow/.local/lib/python3.8/site-packages/snowflake/connector/options.py:94 UserWarning: You have an incompatible version of 'pyarrow' installed (6.0.1), please install a version that adheres to: 'pyarrow<3.1.0,>=3.0.0; extra == "pandas"'
[2022-05-21 00:02:37,682] {processor.py:654} INFO - DAG(s) dict_keys(['league_of_legends_dag']) retrieved from /opt/airflow/dags/dataDragon_dag.py
[2022-05-21 00:02:37,696] {logging_mixin.py:109} INFO - [2022-05-21 00:02:37,695] {dag.py:2398} INFO - Sync 1 DAGs
[2022-05-21 00:02:37,717] {processor.py:171} INFO - Processing /opt/airflow/dags/dataDragon_dag.py took 0.968 seconds
[2022-05-21 00:03:07,875] {processor.py:163} INFO - Started process (PID=14273) to work on /opt/airflow/dags/dataDragon_dag.py
[2022-05-21 00:03:07,876] {processor.py:642} INFO - Processing file /opt/airflow/dags/dataDragon_dag.py for tasks to queue
[2022-05-21 00:03:07,877] {logging_mixin.py:109} INFO - [2022-05-21 00:03:07,877] {dagbag.py:500} INFO - Filling up the DagBag from /opt/airflow/dags/dataDragon_dag.py
[2022-05-21 00:03:08,332] {logging_mixin.py:109} WARNING - /home/airflow/.local/lib/python3.8/site-packages/snowflake/connector/options.py:94 UserWarning: You have an incompatible version of 'pyarrow' installed (6.0.1), please install a version that adheres to: 'pyarrow<3.1.0,>=3.0.0; extra == "pandas"'
[2022-05-21 00:03:08,668] {processor.py:654} INFO - DAG(s) dict_keys(['league_of_legends_dag']) retrieved from /opt/airflow/dags/dataDragon_dag.py
[2022-05-21 00:03:08,679] {logging_mixin.py:109} INFO - [2022-05-21 00:03:08,679] {dag.py:2398} INFO - Sync 1 DAGs
[2022-05-21 00:03:08,702] {processor.py:171} INFO - Processing /opt/airflow/dags/dataDragon_dag.py took 0.828 seconds
[2022-05-21 00:03:39,132] {processor.py:163} INFO - Started process (PID=14373) to work on /opt/airflow/dags/dataDragon_dag.py
[2022-05-21 00:03:39,134] {processor.py:642} INFO - Processing file /opt/airflow/dags/dataDragon_dag.py for tasks to queue
[2022-05-21 00:03:39,134] {logging_mixin.py:109} INFO - [2022-05-21 00:03:39,134] {dagbag.py:500} INFO - Filling up the DagBag from /opt/airflow/dags/dataDragon_dag.py
[2022-05-21 00:03:39,701] {logging_mixin.py:109} WARNING - /home/airflow/.local/lib/python3.8/site-packages/snowflake/connector/options.py:94 UserWarning: You have an incompatible version of 'pyarrow' installed (6.0.1), please install a version that adheres to: 'pyarrow<3.1.0,>=3.0.0; extra == "pandas"'
[2022-05-21 00:03:40,003] {processor.py:654} INFO - DAG(s) dict_keys(['league_of_legends_dag']) retrieved from /opt/airflow/dags/dataDragon_dag.py
[2022-05-21 00:03:40,014] {logging_mixin.py:109} INFO - [2022-05-21 00:03:40,014] {dag.py:2398} INFO - Sync 1 DAGs
[2022-05-21 00:03:40,035] {processor.py:171} INFO - Processing /opt/airflow/dags/dataDragon_dag.py took 0.904 seconds
[2022-05-21 00:04:10,389] {processor.py:163} INFO - Started process (PID=14466) to work on /opt/airflow/dags/dataDragon_dag.py
[2022-05-21 00:04:10,390] {processor.py:642} INFO - Processing file /opt/airflow/dags/dataDragon_dag.py for tasks to queue
[2022-05-21 00:04:10,391] {logging_mixin.py:109} INFO - [2022-05-21 00:04:10,390] {dagbag.py:500} INFO - Filling up the DagBag from /opt/airflow/dags/dataDragon_dag.py
[2022-05-21 00:04:10,965] {logging_mixin.py:109} WARNING - /home/airflow/.local/lib/python3.8/site-packages/snowflake/connector/options.py:94 UserWarning: You have an incompatible version of 'pyarrow' installed (6.0.1), please install a version that adheres to: 'pyarrow<3.1.0,>=3.0.0; extra == "pandas"'
[2022-05-21 00:04:11,262] {processor.py:654} INFO - DAG(s) dict_keys(['league_of_legends_dag']) retrieved from /opt/airflow/dags/dataDragon_dag.py
[2022-05-21 00:04:11,272] {logging_mixin.py:109} INFO - [2022-05-21 00:04:11,272] {dag.py:2398} INFO - Sync 1 DAGs
[2022-05-21 00:04:11,294] {processor.py:171} INFO - Processing /opt/airflow/dags/dataDragon_dag.py took 0.907 seconds
[2022-05-21 00:04:41,390] {processor.py:163} INFO - Started process (PID=14554) to work on /opt/airflow/dags/dataDragon_dag.py
[2022-05-21 00:04:41,392] {processor.py:642} INFO - Processing file /opt/airflow/dags/dataDragon_dag.py for tasks to queue
[2022-05-21 00:04:41,393] {logging_mixin.py:109} INFO - [2022-05-21 00:04:41,393] {dagbag.py:500} INFO - Filling up the DagBag from /opt/airflow/dags/dataDragon_dag.py
[2022-05-21 00:04:41,948] {logging_mixin.py:109} WARNING - /home/airflow/.local/lib/python3.8/site-packages/snowflake/connector/options.py:94 UserWarning: You have an incompatible version of 'pyarrow' installed (6.0.1), please install a version that adheres to: 'pyarrow<3.1.0,>=3.0.0; extra == "pandas"'
[2022-05-21 00:04:42,278] {processor.py:654} INFO - DAG(s) dict_keys(['league_of_legends_dag']) retrieved from /opt/airflow/dags/dataDragon_dag.py
[2022-05-21 00:04:42,289] {logging_mixin.py:109} INFO - [2022-05-21 00:04:42,289] {dag.py:2398} INFO - Sync 1 DAGs
[2022-05-21 00:04:42,310] {processor.py:171} INFO - Processing /opt/airflow/dags/dataDragon_dag.py took 0.922 seconds
[2022-05-21 00:05:13,086] {processor.py:163} INFO - Started process (PID=14649) to work on /opt/airflow/dags/dataDragon_dag.py
[2022-05-21 00:05:13,087] {processor.py:642} INFO - Processing file /opt/airflow/dags/dataDragon_dag.py for tasks to queue
[2022-05-21 00:05:13,087] {logging_mixin.py:109} INFO - [2022-05-21 00:05:13,087] {dagbag.py:500} INFO - Filling up the DagBag from /opt/airflow/dags/dataDragon_dag.py
[2022-05-21 00:05:13,633] {logging_mixin.py:109} WARNING - /home/airflow/.local/lib/python3.8/site-packages/snowflake/connector/options.py:94 UserWarning: You have an incompatible version of 'pyarrow' installed (6.0.1), please install a version that adheres to: 'pyarrow<3.1.0,>=3.0.0; extra == "pandas"'
[2022-05-21 00:05:13,966] {processor.py:654} INFO - DAG(s) dict_keys(['league_of_legends_dag']) retrieved from /opt/airflow/dags/dataDragon_dag.py
[2022-05-21 00:05:13,986] {logging_mixin.py:109} INFO - [2022-05-21 00:05:13,986] {dag.py:2398} INFO - Sync 1 DAGs
[2022-05-21 00:05:14,008] {processor.py:171} INFO - Processing /opt/airflow/dags/dataDragon_dag.py took 0.925 seconds
[2022-05-21 00:05:44,139] {processor.py:163} INFO - Started process (PID=14739) to work on /opt/airflow/dags/dataDragon_dag.py
[2022-05-21 00:05:44,140] {processor.py:642} INFO - Processing file /opt/airflow/dags/dataDragon_dag.py for tasks to queue
[2022-05-21 00:05:44,141] {logging_mixin.py:109} INFO - [2022-05-21 00:05:44,141] {dagbag.py:500} INFO - Filling up the DagBag from /opt/airflow/dags/dataDragon_dag.py
[2022-05-21 00:05:44,683] {logging_mixin.py:109} WARNING - /home/airflow/.local/lib/python3.8/site-packages/snowflake/connector/options.py:94 UserWarning: You have an incompatible version of 'pyarrow' installed (6.0.1), please install a version that adheres to: 'pyarrow<3.1.0,>=3.0.0; extra == "pandas"'
[2022-05-21 00:05:45,063] {processor.py:654} INFO - DAG(s) dict_keys(['league_of_legends_dag']) retrieved from /opt/airflow/dags/dataDragon_dag.py
[2022-05-21 00:05:45,073] {logging_mixin.py:109} INFO - [2022-05-21 00:05:45,072] {dag.py:2398} INFO - Sync 1 DAGs
[2022-05-21 00:05:45,091] {processor.py:171} INFO - Processing /opt/airflow/dags/dataDragon_dag.py took 0.954 seconds
[2022-05-21 00:06:15,301] {processor.py:163} INFO - Started process (PID=14836) to work on /opt/airflow/dags/dataDragon_dag.py
[2022-05-21 00:06:15,302] {processor.py:642} INFO - Processing file /opt/airflow/dags/dataDragon_dag.py for tasks to queue
[2022-05-21 00:06:15,303] {logging_mixin.py:109} INFO - [2022-05-21 00:06:15,303] {dagbag.py:500} INFO - Filling up the DagBag from /opt/airflow/dags/dataDragon_dag.py
[2022-05-21 00:06:15,863] {logging_mixin.py:109} WARNING - /home/airflow/.local/lib/python3.8/site-packages/snowflake/connector/options.py:94 UserWarning: You have an incompatible version of 'pyarrow' installed (6.0.1), please install a version that adheres to: 'pyarrow<3.1.0,>=3.0.0; extra == "pandas"'
[2022-05-21 00:06:16,174] {processor.py:654} INFO - DAG(s) dict_keys(['league_of_legends_dag']) retrieved from /opt/airflow/dags/dataDragon_dag.py
[2022-05-21 00:06:16,184] {logging_mixin.py:109} INFO - [2022-05-21 00:06:16,184] {dag.py:2398} INFO - Sync 1 DAGs
[2022-05-21 00:06:16,205] {processor.py:171} INFO - Processing /opt/airflow/dags/dataDragon_dag.py took 0.905 seconds
[2022-05-21 00:06:46,387] {processor.py:163} INFO - Started process (PID=14906) to work on /opt/airflow/dags/dataDragon_dag.py
[2022-05-21 00:06:46,388] {processor.py:642} INFO - Processing file /opt/airflow/dags/dataDragon_dag.py for tasks to queue
[2022-05-21 00:06:46,388] {logging_mixin.py:109} INFO - [2022-05-21 00:06:46,388] {dagbag.py:500} INFO - Filling up the DagBag from /opt/airflow/dags/dataDragon_dag.py
[2022-05-21 00:06:47,074] {logging_mixin.py:109} WARNING - /home/airflow/.local/lib/python3.8/site-packages/snowflake/connector/options.py:94 UserWarning: You have an incompatible version of 'pyarrow' installed (6.0.1), please install a version that adheres to: 'pyarrow<3.1.0,>=3.0.0; extra == "pandas"'
[2022-05-21 00:06:47,392] {processor.py:654} INFO - DAG(s) dict_keys(['league_of_legends_dag']) retrieved from /opt/airflow/dags/dataDragon_dag.py
[2022-05-21 00:06:47,402] {logging_mixin.py:109} INFO - [2022-05-21 00:06:47,402] {dag.py:2398} INFO - Sync 1 DAGs
[2022-05-21 00:06:47,425] {processor.py:171} INFO - Processing /opt/airflow/dags/dataDragon_dag.py took 1.040 seconds
[2022-05-21 00:07:18,335] {processor.py:163} INFO - Started process (PID=15000) to work on /opt/airflow/dags/dataDragon_dag.py
[2022-05-21 00:07:18,340] {processor.py:642} INFO - Processing file /opt/airflow/dags/dataDragon_dag.py for tasks to queue
[2022-05-21 00:07:18,341] {logging_mixin.py:109} INFO - [2022-05-21 00:07:18,341] {dagbag.py:500} INFO - Filling up the DagBag from /opt/airflow/dags/dataDragon_dag.py
[2022-05-21 00:07:18,995] {logging_mixin.py:109} WARNING - /home/airflow/.local/lib/python3.8/site-packages/snowflake/connector/options.py:94 UserWarning: You have an incompatible version of 'pyarrow' installed (6.0.1), please install a version that adheres to: 'pyarrow<3.1.0,>=3.0.0; extra == "pandas"'
[2022-05-21 00:07:19,375] {processor.py:654} INFO - DAG(s) dict_keys(['league_of_legends_dag']) retrieved from /opt/airflow/dags/dataDragon_dag.py
[2022-05-21 00:07:19,386] {logging_mixin.py:109} INFO - [2022-05-21 00:07:19,386] {dag.py:2398} INFO - Sync 1 DAGs
[2022-05-21 00:07:19,414] {processor.py:171} INFO - Processing /opt/airflow/dags/dataDragon_dag.py took 1.080 seconds
[2022-05-21 00:07:49,450] {processor.py:163} INFO - Started process (PID=15084) to work on /opt/airflow/dags/dataDragon_dag.py
[2022-05-21 00:07:49,450] {processor.py:642} INFO - Processing file /opt/airflow/dags/dataDragon_dag.py for tasks to queue
[2022-05-21 00:07:49,451] {logging_mixin.py:109} INFO - [2022-05-21 00:07:49,451] {dagbag.py:500} INFO - Filling up the DagBag from /opt/airflow/dags/dataDragon_dag.py
[2022-05-21 00:07:49,992] {logging_mixin.py:109} WARNING - /home/airflow/.local/lib/python3.8/site-packages/snowflake/connector/options.py:94 UserWarning: You have an incompatible version of 'pyarrow' installed (6.0.1), please install a version that adheres to: 'pyarrow<3.1.0,>=3.0.0; extra == "pandas"'
[2022-05-21 00:07:50,275] {processor.py:654} INFO - DAG(s) dict_keys(['league_of_legends_dag']) retrieved from /opt/airflow/dags/dataDragon_dag.py
[2022-05-21 00:07:50,284] {logging_mixin.py:109} INFO - [2022-05-21 00:07:50,284] {dag.py:2398} INFO - Sync 1 DAGs
[2022-05-21 00:07:50,309] {processor.py:171} INFO - Processing /opt/airflow/dags/dataDragon_dag.py took 0.862 seconds
[2022-05-21 00:08:20,879] {processor.py:163} INFO - Started process (PID=15178) to work on /opt/airflow/dags/dataDragon_dag.py
[2022-05-21 00:08:20,886] {processor.py:642} INFO - Processing file /opt/airflow/dags/dataDragon_dag.py for tasks to queue
[2022-05-21 00:08:20,887] {logging_mixin.py:109} INFO - [2022-05-21 00:08:20,887] {dagbag.py:500} INFO - Filling up the DagBag from /opt/airflow/dags/dataDragon_dag.py
[2022-05-21 00:08:21,458] {logging_mixin.py:109} WARNING - /home/airflow/.local/lib/python3.8/site-packages/snowflake/connector/options.py:94 UserWarning: You have an incompatible version of 'pyarrow' installed (6.0.1), please install a version that adheres to: 'pyarrow<3.1.0,>=3.0.0; extra == "pandas"'
[2022-05-21 00:08:21,717] {processor.py:654} INFO - DAG(s) dict_keys(['league_of_legends_dag']) retrieved from /opt/airflow/dags/dataDragon_dag.py
[2022-05-21 00:08:21,725] {logging_mixin.py:109} INFO - [2022-05-21 00:08:21,725] {dag.py:2398} INFO - Sync 1 DAGs
[2022-05-21 00:08:21,750] {processor.py:171} INFO - Processing /opt/airflow/dags/dataDragon_dag.py took 0.874 seconds
[2022-05-21 00:08:52,431] {processor.py:163} INFO - Started process (PID=15263) to work on /opt/airflow/dags/dataDragon_dag.py
[2022-05-21 00:08:52,432] {processor.py:642} INFO - Processing file /opt/airflow/dags/dataDragon_dag.py for tasks to queue
[2022-05-21 00:08:52,432] {logging_mixin.py:109} INFO - [2022-05-21 00:08:52,432] {dagbag.py:500} INFO - Filling up the DagBag from /opt/airflow/dags/dataDragon_dag.py
[2022-05-21 00:08:53,037] {logging_mixin.py:109} WARNING - /home/airflow/.local/lib/python3.8/site-packages/snowflake/connector/options.py:94 UserWarning: You have an incompatible version of 'pyarrow' installed (6.0.1), please install a version that adheres to: 'pyarrow<3.1.0,>=3.0.0; extra == "pandas"'
[2022-05-21 00:08:53,361] {processor.py:654} INFO - DAG(s) dict_keys(['league_of_legends_dag']) retrieved from /opt/airflow/dags/dataDragon_dag.py
[2022-05-21 00:08:53,374] {logging_mixin.py:109} INFO - [2022-05-21 00:08:53,374] {dag.py:2398} INFO - Sync 1 DAGs
[2022-05-21 00:08:53,400] {processor.py:171} INFO - Processing /opt/airflow/dags/dataDragon_dag.py took 0.970 seconds
[2022-05-21 00:32:37,711] {processor.py:163} INFO - Started process (PID=15346) to work on /opt/airflow/dags/dataDragon_dag.py
[2022-05-21 00:32:37,716] {processor.py:642} INFO - Processing file /opt/airflow/dags/dataDragon_dag.py for tasks to queue
[2022-05-21 00:32:37,723] {logging_mixin.py:109} INFO - [2022-05-21 00:32:37,717] {dagbag.py:500} INFO - Filling up the DagBag from /opt/airflow/dags/dataDragon_dag.py
[2022-05-21 00:32:40,395] {logging_mixin.py:109} WARNING - /home/airflow/.local/lib/python3.8/site-packages/snowflake/connector/options.py:94 UserWarning: You have an incompatible version of 'pyarrow' installed (6.0.1), please install a version that adheres to: 'pyarrow<3.1.0,>=3.0.0; extra == "pandas"'
[2022-05-21 00:32:41,385] {processor.py:654} INFO - DAG(s) dict_keys(['league_of_legends_dag']) retrieved from /opt/airflow/dags/dataDragon_dag.py
[2022-05-21 00:32:41,413] {logging_mixin.py:109} INFO - [2022-05-21 00:32:41,412] {dag.py:2398} INFO - Sync 1 DAGs
[2022-05-21 00:32:41,465] {processor.py:171} INFO - Processing /opt/airflow/dags/dataDragon_dag.py took 3.759 seconds
[2022-05-21 00:33:12,391] {processor.py:163} INFO - Started process (PID=15431) to work on /opt/airflow/dags/dataDragon_dag.py
[2022-05-21 00:33:12,392] {processor.py:642} INFO - Processing file /opt/airflow/dags/dataDragon_dag.py for tasks to queue
[2022-05-21 00:33:12,393] {logging_mixin.py:109} INFO - [2022-05-21 00:33:12,393] {dagbag.py:500} INFO - Filling up the DagBag from /opt/airflow/dags/dataDragon_dag.py
[2022-05-21 00:33:12,978] {logging_mixin.py:109} WARNING - /home/airflow/.local/lib/python3.8/site-packages/snowflake/connector/options.py:94 UserWarning: You have an incompatible version of 'pyarrow' installed (6.0.1), please install a version that adheres to: 'pyarrow<3.1.0,>=3.0.0; extra == "pandas"'
[2022-05-21 00:33:13,472] {processor.py:654} INFO - DAG(s) dict_keys(['league_of_legends_dag']) retrieved from /opt/airflow/dags/dataDragon_dag.py
[2022-05-21 00:33:13,489] {logging_mixin.py:109} INFO - [2022-05-21 00:33:13,488] {dag.py:2398} INFO - Sync 1 DAGs
[2022-05-21 00:33:13,519] {processor.py:171} INFO - Processing /opt/airflow/dags/dataDragon_dag.py took 1.131 seconds
[2022-05-21 00:33:43,681] {processor.py:163} INFO - Started process (PID=15523) to work on /opt/airflow/dags/dataDragon_dag.py
[2022-05-21 00:33:43,682] {processor.py:642} INFO - Processing file /opt/airflow/dags/dataDragon_dag.py for tasks to queue
[2022-05-21 00:33:43,683] {logging_mixin.py:109} INFO - [2022-05-21 00:33:43,683] {dagbag.py:500} INFO - Filling up the DagBag from /opt/airflow/dags/dataDragon_dag.py
[2022-05-21 00:33:44,280] {logging_mixin.py:109} WARNING - /home/airflow/.local/lib/python3.8/site-packages/snowflake/connector/options.py:94 UserWarning: You have an incompatible version of 'pyarrow' installed (6.0.1), please install a version that adheres to: 'pyarrow<3.1.0,>=3.0.0; extra == "pandas"'
[2022-05-21 00:33:44,685] {processor.py:654} INFO - DAG(s) dict_keys(['league_of_legends_dag']) retrieved from /opt/airflow/dags/dataDragon_dag.py
[2022-05-21 00:33:44,695] {logging_mixin.py:109} INFO - [2022-05-21 00:33:44,695] {dag.py:2398} INFO - Sync 1 DAGs
[2022-05-21 00:33:44,715] {processor.py:171} INFO - Processing /opt/airflow/dags/dataDragon_dag.py took 1.036 seconds
[2022-05-21 00:34:14,956] {processor.py:163} INFO - Started process (PID=15608) to work on /opt/airflow/dags/dataDragon_dag.py
[2022-05-21 00:34:14,959] {processor.py:642} INFO - Processing file /opt/airflow/dags/dataDragon_dag.py for tasks to queue
[2022-05-21 00:34:14,961] {logging_mixin.py:109} INFO - [2022-05-21 00:34:14,961] {dagbag.py:500} INFO - Filling up the DagBag from /opt/airflow/dags/dataDragon_dag.py
[2022-05-21 00:34:15,565] {logging_mixin.py:109} WARNING - /home/airflow/.local/lib/python3.8/site-packages/snowflake/connector/options.py:94 UserWarning: You have an incompatible version of 'pyarrow' installed (6.0.1), please install a version that adheres to: 'pyarrow<3.1.0,>=3.0.0; extra == "pandas"'
[2022-05-21 00:34:15,989] {processor.py:654} INFO - DAG(s) dict_keys(['league_of_legends_dag']) retrieved from /opt/airflow/dags/dataDragon_dag.py
[2022-05-21 00:34:16,001] {logging_mixin.py:109} INFO - [2022-05-21 00:34:16,000] {dag.py:2398} INFO - Sync 1 DAGs
[2022-05-21 00:34:16,021] {processor.py:171} INFO - Processing /opt/airflow/dags/dataDragon_dag.py took 1.069 seconds
[2022-05-21 00:34:46,982] {processor.py:163} INFO - Started process (PID=15709) to work on /opt/airflow/dags/dataDragon_dag.py
[2022-05-21 00:34:46,983] {processor.py:642} INFO - Processing file /opt/airflow/dags/dataDragon_dag.py for tasks to queue
[2022-05-21 00:34:46,984] {logging_mixin.py:109} INFO - [2022-05-21 00:34:46,984] {dagbag.py:500} INFO - Filling up the DagBag from /opt/airflow/dags/dataDragon_dag.py
[2022-05-21 00:34:47,680] {logging_mixin.py:109} WARNING - /home/airflow/.local/lib/python3.8/site-packages/snowflake/connector/options.py:94 UserWarning: You have an incompatible version of 'pyarrow' installed (6.0.1), please install a version that adheres to: 'pyarrow<3.1.0,>=3.0.0; extra == "pandas"'
[2022-05-21 00:34:48,240] {processor.py:654} INFO - DAG(s) dict_keys(['league_of_legends_dag']) retrieved from /opt/airflow/dags/dataDragon_dag.py
[2022-05-21 00:34:48,257] {logging_mixin.py:109} INFO - [2022-05-21 00:34:48,256] {dag.py:2398} INFO - Sync 1 DAGs
[2022-05-21 00:34:48,283] {processor.py:171} INFO - Processing /opt/airflow/dags/dataDragon_dag.py took 1.303 seconds
[2022-05-21 00:35:18,696] {processor.py:163} INFO - Started process (PID=15807) to work on /opt/airflow/dags/dataDragon_dag.py
[2022-05-21 00:35:18,697] {processor.py:642} INFO - Processing file /opt/airflow/dags/dataDragon_dag.py for tasks to queue
[2022-05-21 00:35:18,698] {logging_mixin.py:109} INFO - [2022-05-21 00:35:18,698] {dagbag.py:500} INFO - Filling up the DagBag from /opt/airflow/dags/dataDragon_dag.py
[2022-05-21 00:35:19,297] {logging_mixin.py:109} WARNING - /home/airflow/.local/lib/python3.8/site-packages/snowflake/connector/options.py:94 UserWarning: You have an incompatible version of 'pyarrow' installed (6.0.1), please install a version that adheres to: 'pyarrow<3.1.0,>=3.0.0; extra == "pandas"'
[2022-05-21 00:35:19,748] {processor.py:654} INFO - DAG(s) dict_keys(['league_of_legends_dag']) retrieved from /opt/airflow/dags/dataDragon_dag.py
[2022-05-21 00:35:19,760] {logging_mixin.py:109} INFO - [2022-05-21 00:35:19,760] {dag.py:2398} INFO - Sync 1 DAGs
[2022-05-21 00:35:19,786] {processor.py:171} INFO - Processing /opt/airflow/dags/dataDragon_dag.py took 1.093 seconds
[2022-05-21 00:35:50,619] {processor.py:163} INFO - Started process (PID=15899) to work on /opt/airflow/dags/dataDragon_dag.py
[2022-05-21 00:35:50,625] {processor.py:642} INFO - Processing file /opt/airflow/dags/dataDragon_dag.py for tasks to queue
[2022-05-21 00:35:50,625] {logging_mixin.py:109} INFO - [2022-05-21 00:35:50,625] {dagbag.py:500} INFO - Filling up the DagBag from /opt/airflow/dags/dataDragon_dag.py
[2022-05-21 00:35:51,336] {logging_mixin.py:109} WARNING - /home/airflow/.local/lib/python3.8/site-packages/snowflake/connector/options.py:94 UserWarning: You have an incompatible version of 'pyarrow' installed (6.0.1), please install a version that adheres to: 'pyarrow<3.1.0,>=3.0.0; extra == "pandas"'
[2022-05-21 00:35:51,758] {processor.py:654} INFO - DAG(s) dict_keys(['league_of_legends_dag']) retrieved from /opt/airflow/dags/dataDragon_dag.py
[2022-05-21 00:35:51,769] {logging_mixin.py:109} INFO - [2022-05-21 00:35:51,769] {dag.py:2398} INFO - Sync 1 DAGs
[2022-05-21 00:35:51,791] {processor.py:171} INFO - Processing /opt/airflow/dags/dataDragon_dag.py took 1.175 seconds
[2022-05-21 00:36:21,967] {processor.py:163} INFO - Started process (PID=15998) to work on /opt/airflow/dags/dataDragon_dag.py
[2022-05-21 00:36:21,967] {processor.py:642} INFO - Processing file /opt/airflow/dags/dataDragon_dag.py for tasks to queue
[2022-05-21 00:36:21,968] {logging_mixin.py:109} INFO - [2022-05-21 00:36:21,968] {dagbag.py:500} INFO - Filling up the DagBag from /opt/airflow/dags/dataDragon_dag.py
[2022-05-21 00:36:22,521] {logging_mixin.py:109} WARNING - /home/airflow/.local/lib/python3.8/site-packages/snowflake/connector/options.py:94 UserWarning: You have an incompatible version of 'pyarrow' installed (6.0.1), please install a version that adheres to: 'pyarrow<3.1.0,>=3.0.0; extra == "pandas"'
[2022-05-21 00:36:23,004] {processor.py:654} INFO - DAG(s) dict_keys(['league_of_legends_dag']) retrieved from /opt/airflow/dags/dataDragon_dag.py
[2022-05-21 00:36:23,031] {logging_mixin.py:109} INFO - [2022-05-21 00:36:23,031] {dag.py:2398} INFO - Sync 1 DAGs
[2022-05-21 00:36:23,064] {processor.py:171} INFO - Processing /opt/airflow/dags/dataDragon_dag.py took 1.100 seconds
[2022-05-21 00:36:53,515] {processor.py:163} INFO - Started process (PID=16088) to work on /opt/airflow/dags/dataDragon_dag.py
[2022-05-21 00:36:53,516] {processor.py:642} INFO - Processing file /opt/airflow/dags/dataDragon_dag.py for tasks to queue
[2022-05-21 00:36:53,517] {logging_mixin.py:109} INFO - [2022-05-21 00:36:53,517] {dagbag.py:500} INFO - Filling up the DagBag from /opt/airflow/dags/dataDragon_dag.py
[2022-05-21 00:36:54,123] {logging_mixin.py:109} WARNING - /home/airflow/.local/lib/python3.8/site-packages/snowflake/connector/options.py:94 UserWarning: You have an incompatible version of 'pyarrow' installed (6.0.1), please install a version that adheres to: 'pyarrow<3.1.0,>=3.0.0; extra == "pandas"'
[2022-05-21 00:36:54,605] {processor.py:654} INFO - DAG(s) dict_keys(['league_of_legends_dag']) retrieved from /opt/airflow/dags/dataDragon_dag.py
[2022-05-21 00:36:54,616] {logging_mixin.py:109} INFO - [2022-05-21 00:36:54,616] {dag.py:2398} INFO - Sync 1 DAGs
[2022-05-21 00:36:54,640] {processor.py:171} INFO - Processing /opt/airflow/dags/dataDragon_dag.py took 1.128 seconds
[2022-05-21 00:37:24,705] {processor.py:163} INFO - Started process (PID=16190) to work on /opt/airflow/dags/dataDragon_dag.py
[2022-05-21 00:37:24,706] {processor.py:642} INFO - Processing file /opt/airflow/dags/dataDragon_dag.py for tasks to queue
[2022-05-21 00:37:24,708] {logging_mixin.py:109} INFO - [2022-05-21 00:37:24,707] {dagbag.py:500} INFO - Filling up the DagBag from /opt/airflow/dags/dataDragon_dag.py
[2022-05-21 00:37:25,296] {logging_mixin.py:109} WARNING - /home/airflow/.local/lib/python3.8/site-packages/snowflake/connector/options.py:94 UserWarning: You have an incompatible version of 'pyarrow' installed (6.0.1), please install a version that adheres to: 'pyarrow<3.1.0,>=3.0.0; extra == "pandas"'
[2022-05-21 00:37:25,747] {processor.py:654} INFO - DAG(s) dict_keys(['league_of_legends_dag']) retrieved from /opt/airflow/dags/dataDragon_dag.py
[2022-05-21 00:37:25,758] {logging_mixin.py:109} INFO - [2022-05-21 00:37:25,757] {dag.py:2398} INFO - Sync 1 DAGs
[2022-05-21 00:37:25,785] {processor.py:171} INFO - Processing /opt/airflow/dags/dataDragon_dag.py took 1.085 seconds
[2022-05-21 00:37:56,154] {processor.py:163} INFO - Started process (PID=16275) to work on /opt/airflow/dags/dataDragon_dag.py
[2022-05-21 00:37:56,161] {processor.py:642} INFO - Processing file /opt/airflow/dags/dataDragon_dag.py for tasks to queue
[2022-05-21 00:37:56,162] {logging_mixin.py:109} INFO - [2022-05-21 00:37:56,162] {dagbag.py:500} INFO - Filling up the DagBag from /opt/airflow/dags/dataDragon_dag.py
[2022-05-21 00:37:56,784] {logging_mixin.py:109} WARNING - /home/airflow/.local/lib/python3.8/site-packages/snowflake/connector/options.py:94 UserWarning: You have an incompatible version of 'pyarrow' installed (6.0.1), please install a version that adheres to: 'pyarrow<3.1.0,>=3.0.0; extra == "pandas"'
[2022-05-21 00:37:57,195] {processor.py:654} INFO - DAG(s) dict_keys(['league_of_legends_dag']) retrieved from /opt/airflow/dags/dataDragon_dag.py
[2022-05-21 00:37:57,205] {logging_mixin.py:109} INFO - [2022-05-21 00:37:57,205] {dag.py:2398} INFO - Sync 1 DAGs
[2022-05-21 00:37:57,227] {processor.py:171} INFO - Processing /opt/airflow/dags/dataDragon_dag.py took 1.076 seconds
[2022-05-21 00:38:27,668] {processor.py:163} INFO - Started process (PID=16368) to work on /opt/airflow/dags/dataDragon_dag.py
[2022-05-21 00:38:27,669] {processor.py:642} INFO - Processing file /opt/airflow/dags/dataDragon_dag.py for tasks to queue
[2022-05-21 00:38:27,670] {logging_mixin.py:109} INFO - [2022-05-21 00:38:27,670] {dagbag.py:500} INFO - Filling up the DagBag from /opt/airflow/dags/dataDragon_dag.py
[2022-05-21 00:38:28,219] {logging_mixin.py:109} WARNING - /home/airflow/.local/lib/python3.8/site-packages/snowflake/connector/options.py:94 UserWarning: You have an incompatible version of 'pyarrow' installed (6.0.1), please install a version that adheres to: 'pyarrow<3.1.0,>=3.0.0; extra == "pandas"'
[2022-05-21 00:38:28,608] {processor.py:654} INFO - DAG(s) dict_keys(['league_of_legends_dag']) retrieved from /opt/airflow/dags/dataDragon_dag.py
[2022-05-21 00:38:28,620] {logging_mixin.py:109} INFO - [2022-05-21 00:38:28,619] {dag.py:2398} INFO - Sync 1 DAGs
[2022-05-21 00:38:28,646] {processor.py:171} INFO - Processing /opt/airflow/dags/dataDragon_dag.py took 0.981 seconds
[2022-05-21 00:38:59,201] {processor.py:163} INFO - Started process (PID=16453) to work on /opt/airflow/dags/dataDragon_dag.py
[2022-05-21 00:38:59,205] {processor.py:642} INFO - Processing file /opt/airflow/dags/dataDragon_dag.py for tasks to queue
[2022-05-21 00:38:59,206] {logging_mixin.py:109} INFO - [2022-05-21 00:38:59,206] {dagbag.py:500} INFO - Filling up the DagBag from /opt/airflow/dags/dataDragon_dag.py
[2022-05-21 00:38:59,793] {logging_mixin.py:109} WARNING - /home/airflow/.local/lib/python3.8/site-packages/snowflake/connector/options.py:94 UserWarning: You have an incompatible version of 'pyarrow' installed (6.0.1), please install a version that adheres to: 'pyarrow<3.1.0,>=3.0.0; extra == "pandas"'
[2022-05-21 00:39:00,248] {processor.py:654} INFO - DAG(s) dict_keys(['league_of_legends_dag']) retrieved from /opt/airflow/dags/dataDragon_dag.py
[2022-05-21 00:39:00,260] {logging_mixin.py:109} INFO - [2022-05-21 00:39:00,260] {dag.py:2398} INFO - Sync 1 DAGs
[2022-05-21 00:39:00,284] {processor.py:171} INFO - Processing /opt/airflow/dags/dataDragon_dag.py took 1.085 seconds
[2022-05-21 00:39:30,586] {processor.py:163} INFO - Started process (PID=16546) to work on /opt/airflow/dags/dataDragon_dag.py
[2022-05-21 00:39:30,593] {processor.py:642} INFO - Processing file /opt/airflow/dags/dataDragon_dag.py for tasks to queue
[2022-05-21 00:39:30,593] {logging_mixin.py:109} INFO - [2022-05-21 00:39:30,593] {dagbag.py:500} INFO - Filling up the DagBag from /opt/airflow/dags/dataDragon_dag.py
[2022-05-21 00:39:31,178] {logging_mixin.py:109} WARNING - /home/airflow/.local/lib/python3.8/site-packages/snowflake/connector/options.py:94 UserWarning: You have an incompatible version of 'pyarrow' installed (6.0.1), please install a version that adheres to: 'pyarrow<3.1.0,>=3.0.0; extra == "pandas"'
[2022-05-21 00:39:31,590] {processor.py:654} INFO - DAG(s) dict_keys(['league_of_legends_dag']) retrieved from /opt/airflow/dags/dataDragon_dag.py
[2022-05-21 00:39:31,601] {logging_mixin.py:109} INFO - [2022-05-21 00:39:31,601] {dag.py:2398} INFO - Sync 1 DAGs
[2022-05-21 00:39:31,633] {processor.py:171} INFO - Processing /opt/airflow/dags/dataDragon_dag.py took 1.050 seconds
[2022-05-21 00:39:33,596] {processor.py:163} INFO - Started process (PID=16564) to work on /opt/airflow/dags/dataDragon_dag.py
[2022-05-21 00:39:33,598] {processor.py:642} INFO - Processing file /opt/airflow/dags/dataDragon_dag.py for tasks to queue
[2022-05-21 00:39:33,599] {logging_mixin.py:109} INFO - [2022-05-21 00:39:33,599] {dagbag.py:500} INFO - Filling up the DagBag from /opt/airflow/dags/dataDragon_dag.py
[2022-05-21 00:39:34,150] {logging_mixin.py:109} WARNING - /home/airflow/.local/lib/python3.8/site-packages/snowflake/connector/options.py:94 UserWarning: You have an incompatible version of 'pyarrow' installed (6.0.1), please install a version that adheres to: 'pyarrow<3.1.0,>=3.0.0; extra == "pandas"'
[2022-05-21 00:39:34,633] {processor.py:654} INFO - DAG(s) dict_keys(['league_of_legends_dag']) retrieved from /opt/airflow/dags/dataDragon_dag.py
[2022-05-21 00:39:34,645] {logging_mixin.py:109} INFO - [2022-05-21 00:39:34,644] {dag.py:2398} INFO - Sync 1 DAGs
[2022-05-21 00:39:34,670] {processor.py:171} INFO - Processing /opt/airflow/dags/dataDragon_dag.py took 1.076 seconds
[2022-05-21 00:40:04,896] {processor.py:163} INFO - Started process (PID=16649) to work on /opt/airflow/dags/dataDragon_dag.py
[2022-05-21 00:40:04,903] {processor.py:642} INFO - Processing file /opt/airflow/dags/dataDragon_dag.py for tasks to queue
[2022-05-21 00:40:04,904] {logging_mixin.py:109} INFO - [2022-05-21 00:40:04,904] {dagbag.py:500} INFO - Filling up the DagBag from /opt/airflow/dags/dataDragon_dag.py
[2022-05-21 00:40:05,469] {logging_mixin.py:109} WARNING - /home/airflow/.local/lib/python3.8/site-packages/snowflake/connector/options.py:94 UserWarning: You have an incompatible version of 'pyarrow' installed (6.0.1), please install a version that adheres to: 'pyarrow<3.1.0,>=3.0.0; extra == "pandas"'
[2022-05-21 00:40:05,841] {processor.py:654} INFO - DAG(s) dict_keys(['league_of_legends_dag']) retrieved from /opt/airflow/dags/dataDragon_dag.py
[2022-05-21 00:40:05,855] {logging_mixin.py:109} INFO - [2022-05-21 00:40:05,855] {dag.py:2398} INFO - Sync 1 DAGs
[2022-05-21 00:40:05,884] {processor.py:171} INFO - Processing /opt/airflow/dags/dataDragon_dag.py took 0.989 seconds
[2022-05-21 00:40:36,506] {processor.py:163} INFO - Started process (PID=16742) to work on /opt/airflow/dags/dataDragon_dag.py
[2022-05-21 00:40:36,507] {processor.py:642} INFO - Processing file /opt/airflow/dags/dataDragon_dag.py for tasks to queue
[2022-05-21 00:40:36,507] {logging_mixin.py:109} INFO - [2022-05-21 00:40:36,507] {dagbag.py:500} INFO - Filling up the DagBag from /opt/airflow/dags/dataDragon_dag.py
[2022-05-21 00:40:37,078] {logging_mixin.py:109} WARNING - /home/airflow/.local/lib/python3.8/site-packages/snowflake/connector/options.py:94 UserWarning: You have an incompatible version of 'pyarrow' installed (6.0.1), please install a version that adheres to: 'pyarrow<3.1.0,>=3.0.0; extra == "pandas"'
[2022-05-21 00:40:37,440] {processor.py:654} INFO - DAG(s) dict_keys(['league_of_legends_dag']) retrieved from /opt/airflow/dags/dataDragon_dag.py
[2022-05-21 00:40:37,450] {logging_mixin.py:109} INFO - [2022-05-21 00:40:37,450] {dag.py:2398} INFO - Sync 1 DAGs
[2022-05-21 00:40:37,479] {processor.py:171} INFO - Processing /opt/airflow/dags/dataDragon_dag.py took 0.974 seconds
[2022-05-21 00:41:07,621] {processor.py:163} INFO - Started process (PID=16826) to work on /opt/airflow/dags/dataDragon_dag.py
[2022-05-21 00:41:07,622] {processor.py:642} INFO - Processing file /opt/airflow/dags/dataDragon_dag.py for tasks to queue
[2022-05-21 00:41:07,622] {logging_mixin.py:109} INFO - [2022-05-21 00:41:07,622] {dagbag.py:500} INFO - Filling up the DagBag from /opt/airflow/dags/dataDragon_dag.py
[2022-05-21 00:41:08,189] {logging_mixin.py:109} WARNING - /home/airflow/.local/lib/python3.8/site-packages/snowflake/connector/options.py:94 UserWarning: You have an incompatible version of 'pyarrow' installed (6.0.1), please install a version that adheres to: 'pyarrow<3.1.0,>=3.0.0; extra == "pandas"'
[2022-05-21 00:41:08,564] {processor.py:654} INFO - DAG(s) dict_keys(['league_of_legends_dag']) retrieved from /opt/airflow/dags/dataDragon_dag.py
[2022-05-21 00:41:08,574] {logging_mixin.py:109} INFO - [2022-05-21 00:41:08,574] {dag.py:2398} INFO - Sync 1 DAGs
[2022-05-21 00:41:08,601] {processor.py:171} INFO - Processing /opt/airflow/dags/dataDragon_dag.py took 0.981 seconds
[2022-05-21 00:41:38,676] {processor.py:163} INFO - Started process (PID=16919) to work on /opt/airflow/dags/dataDragon_dag.py
[2022-05-21 00:41:38,684] {processor.py:642} INFO - Processing file /opt/airflow/dags/dataDragon_dag.py for tasks to queue
[2022-05-21 00:41:38,685] {logging_mixin.py:109} INFO - [2022-05-21 00:41:38,685] {dagbag.py:500} INFO - Filling up the DagBag from /opt/airflow/dags/dataDragon_dag.py
[2022-05-21 00:41:39,243] {logging_mixin.py:109} WARNING - /home/airflow/.local/lib/python3.8/site-packages/snowflake/connector/options.py:94 UserWarning: You have an incompatible version of 'pyarrow' installed (6.0.1), please install a version that adheres to: 'pyarrow<3.1.0,>=3.0.0; extra == "pandas"'
[2022-05-21 00:41:39,630] {processor.py:654} INFO - DAG(s) dict_keys(['league_of_legends_dag']) retrieved from /opt/airflow/dags/dataDragon_dag.py
[2022-05-21 00:41:39,640] {logging_mixin.py:109} INFO - [2022-05-21 00:41:39,640] {dag.py:2398} INFO - Sync 1 DAGs
[2022-05-21 00:41:39,666] {processor.py:171} INFO - Processing /opt/airflow/dags/dataDragon_dag.py took 0.993 seconds
[2022-05-21 00:42:10,102] {processor.py:163} INFO - Started process (PID=17004) to work on /opt/airflow/dags/dataDragon_dag.py
[2022-05-21 00:42:10,102] {processor.py:642} INFO - Processing file /opt/airflow/dags/dataDragon_dag.py for tasks to queue
[2022-05-21 00:42:10,103] {logging_mixin.py:109} INFO - [2022-05-21 00:42:10,103] {dagbag.py:500} INFO - Filling up the DagBag from /opt/airflow/dags/dataDragon_dag.py
[2022-05-21 00:42:10,739] {logging_mixin.py:109} WARNING - /home/airflow/.local/lib/python3.8/site-packages/snowflake/connector/options.py:94 UserWarning: You have an incompatible version of 'pyarrow' installed (6.0.1), please install a version that adheres to: 'pyarrow<3.1.0,>=3.0.0; extra == "pandas"'
[2022-05-21 00:42:11,185] {processor.py:654} INFO - DAG(s) dict_keys(['league_of_legends_dag']) retrieved from /opt/airflow/dags/dataDragon_dag.py
[2022-05-21 00:42:11,195] {logging_mixin.py:109} INFO - [2022-05-21 00:42:11,195] {dag.py:2398} INFO - Sync 1 DAGs
[2022-05-21 00:42:11,217] {processor.py:171} INFO - Processing /opt/airflow/dags/dataDragon_dag.py took 1.117 seconds
[2022-05-21 00:42:41,447] {processor.py:163} INFO - Started process (PID=17098) to work on /opt/airflow/dags/dataDragon_dag.py
[2022-05-21 00:42:41,455] {processor.py:642} INFO - Processing file /opt/airflow/dags/dataDragon_dag.py for tasks to queue
[2022-05-21 00:42:41,455] {logging_mixin.py:109} INFO - [2022-05-21 00:42:41,455] {dagbag.py:500} INFO - Filling up the DagBag from /opt/airflow/dags/dataDragon_dag.py
[2022-05-21 00:42:42,072] {logging_mixin.py:109} WARNING - /home/airflow/.local/lib/python3.8/site-packages/snowflake/connector/options.py:94 UserWarning: You have an incompatible version of 'pyarrow' installed (6.0.1), please install a version that adheres to: 'pyarrow<3.1.0,>=3.0.0; extra == "pandas"'
[2022-05-21 00:42:42,493] {processor.py:654} INFO - DAG(s) dict_keys(['league_of_legends_dag']) retrieved from /opt/airflow/dags/dataDragon_dag.py
[2022-05-21 00:42:42,504] {logging_mixin.py:109} INFO - [2022-05-21 00:42:42,504] {dag.py:2398} INFO - Sync 1 DAGs
[2022-05-21 00:42:42,529] {processor.py:171} INFO - Processing /opt/airflow/dags/dataDragon_dag.py took 1.083 seconds
[2022-05-21 00:43:12,732] {processor.py:163} INFO - Started process (PID=17200) to work on /opt/airflow/dags/dataDragon_dag.py
[2022-05-21 00:43:12,733] {processor.py:642} INFO - Processing file /opt/airflow/dags/dataDragon_dag.py for tasks to queue
[2022-05-21 00:43:12,733] {logging_mixin.py:109} INFO - [2022-05-21 00:43:12,733] {dagbag.py:500} INFO - Filling up the DagBag from /opt/airflow/dags/dataDragon_dag.py
[2022-05-21 00:43:13,380] {logging_mixin.py:109} WARNING - /home/airflow/.local/lib/python3.8/site-packages/snowflake/connector/options.py:94 UserWarning: You have an incompatible version of 'pyarrow' installed (6.0.1), please install a version that adheres to: 'pyarrow<3.1.0,>=3.0.0; extra == "pandas"'
[2022-05-21 00:43:13,795] {processor.py:654} INFO - DAG(s) dict_keys(['league_of_legends_dag']) retrieved from /opt/airflow/dags/dataDragon_dag.py
[2022-05-21 00:43:13,805] {logging_mixin.py:109} INFO - [2022-05-21 00:43:13,805] {dag.py:2398} INFO - Sync 1 DAGs
[2022-05-21 00:43:13,827] {processor.py:171} INFO - Processing /opt/airflow/dags/dataDragon_dag.py took 1.098 seconds
[2022-05-21 00:43:44,188] {processor.py:163} INFO - Started process (PID=17310) to work on /opt/airflow/dags/dataDragon_dag.py
[2022-05-21 00:43:44,196] {processor.py:642} INFO - Processing file /opt/airflow/dags/dataDragon_dag.py for tasks to queue
[2022-05-21 00:43:44,196] {logging_mixin.py:109} INFO - [2022-05-21 00:43:44,196] {dagbag.py:500} INFO - Filling up the DagBag from /opt/airflow/dags/dataDragon_dag.py
[2022-05-21 00:43:44,828] {logging_mixin.py:109} WARNING - /home/airflow/.local/lib/python3.8/site-packages/snowflake/connector/options.py:94 UserWarning: You have an incompatible version of 'pyarrow' installed (6.0.1), please install a version that adheres to: 'pyarrow<3.1.0,>=3.0.0; extra == "pandas"'
[2022-05-21 00:43:45,205] {processor.py:654} INFO - DAG(s) dict_keys(['league_of_legends_dag']) retrieved from /opt/airflow/dags/dataDragon_dag.py
[2022-05-21 00:43:45,217] {logging_mixin.py:109} INFO - [2022-05-21 00:43:45,217] {dag.py:2398} INFO - Sync 1 DAGs
[2022-05-21 00:43:45,247] {processor.py:171} INFO - Processing /opt/airflow/dags/dataDragon_dag.py took 1.061 seconds
[2022-05-21 00:44:15,547] {processor.py:163} INFO - Started process (PID=17413) to work on /opt/airflow/dags/dataDragon_dag.py
[2022-05-21 00:44:15,547] {processor.py:642} INFO - Processing file /opt/airflow/dags/dataDragon_dag.py for tasks to queue
[2022-05-21 00:44:15,548] {logging_mixin.py:109} INFO - [2022-05-21 00:44:15,548] {dagbag.py:500} INFO - Filling up the DagBag from /opt/airflow/dags/dataDragon_dag.py
[2022-05-21 00:44:16,042] {logging_mixin.py:109} WARNING - /home/airflow/.local/lib/python3.8/site-packages/snowflake/connector/options.py:94 UserWarning: You have an incompatible version of 'pyarrow' installed (6.0.1), please install a version that adheres to: 'pyarrow<3.1.0,>=3.0.0; extra == "pandas"'
[2022-05-21 00:44:16,450] {processor.py:654} INFO - DAG(s) dict_keys(['league_of_legends_dag']) retrieved from /opt/airflow/dags/dataDragon_dag.py
[2022-05-21 00:44:16,460] {logging_mixin.py:109} INFO - [2022-05-21 00:44:16,460] {dag.py:2398} INFO - Sync 1 DAGs
[2022-05-21 00:44:16,488] {processor.py:171} INFO - Processing /opt/airflow/dags/dataDragon_dag.py took 0.945 seconds
[2022-05-21 00:44:46,860] {processor.py:163} INFO - Started process (PID=17506) to work on /opt/airflow/dags/dataDragon_dag.py
[2022-05-21 00:44:46,865] {processor.py:642} INFO - Processing file /opt/airflow/dags/dataDragon_dag.py for tasks to queue
[2022-05-21 00:44:46,866] {logging_mixin.py:109} INFO - [2022-05-21 00:44:46,866] {dagbag.py:500} INFO - Filling up the DagBag from /opt/airflow/dags/dataDragon_dag.py
[2022-05-21 00:44:47,495] {logging_mixin.py:109} WARNING - /home/airflow/.local/lib/python3.8/site-packages/snowflake/connector/options.py:94 UserWarning: You have an incompatible version of 'pyarrow' installed (6.0.1), please install a version that adheres to: 'pyarrow<3.1.0,>=3.0.0; extra == "pandas"'
[2022-05-21 00:44:47,920] {processor.py:654} INFO - DAG(s) dict_keys(['league_of_legends_dag']) retrieved from /opt/airflow/dags/dataDragon_dag.py
[2022-05-21 00:44:47,933] {logging_mixin.py:109} INFO - [2022-05-21 00:44:47,932] {dag.py:2398} INFO - Sync 1 DAGs
[2022-05-21 00:44:47,956] {processor.py:171} INFO - Processing /opt/airflow/dags/dataDragon_dag.py took 1.104 seconds
[2022-05-21 00:45:18,106] {processor.py:163} INFO - Started process (PID=17592) to work on /opt/airflow/dags/dataDragon_dag.py
[2022-05-21 00:45:18,108] {processor.py:642} INFO - Processing file /opt/airflow/dags/dataDragon_dag.py for tasks to queue
[2022-05-21 00:45:18,109] {logging_mixin.py:109} INFO - [2022-05-21 00:45:18,109] {dagbag.py:500} INFO - Filling up the DagBag from /opt/airflow/dags/dataDragon_dag.py
[2022-05-21 00:45:18,838] {logging_mixin.py:109} WARNING - /home/airflow/.local/lib/python3.8/site-packages/snowflake/connector/options.py:94 UserWarning: You have an incompatible version of 'pyarrow' installed (6.0.1), please install a version that adheres to: 'pyarrow<3.1.0,>=3.0.0; extra == "pandas"'
[2022-05-21 00:45:19,332] {processor.py:654} INFO - DAG(s) dict_keys(['league_of_legends_dag']) retrieved from /opt/airflow/dags/dataDragon_dag.py
[2022-05-21 00:45:19,350] {logging_mixin.py:109} INFO - [2022-05-21 00:45:19,349] {dag.py:2398} INFO - Sync 1 DAGs
[2022-05-21 00:45:19,381] {processor.py:171} INFO - Processing /opt/airflow/dags/dataDragon_dag.py took 1.278 seconds
[2022-05-21 00:45:50,198] {processor.py:163} INFO - Started process (PID=17687) to work on /opt/airflow/dags/dataDragon_dag.py
[2022-05-21 00:45:50,199] {processor.py:642} INFO - Processing file /opt/airflow/dags/dataDragon_dag.py for tasks to queue
[2022-05-21 00:45:50,199] {logging_mixin.py:109} INFO - [2022-05-21 00:45:50,199] {dagbag.py:500} INFO - Filling up the DagBag from /opt/airflow/dags/dataDragon_dag.py
[2022-05-21 00:45:50,795] {logging_mixin.py:109} WARNING - /home/airflow/.local/lib/python3.8/site-packages/snowflake/connector/options.py:94 UserWarning: You have an incompatible version of 'pyarrow' installed (6.0.1), please install a version that adheres to: 'pyarrow<3.1.0,>=3.0.0; extra == "pandas"'
[2022-05-21 00:45:51,208] {processor.py:654} INFO - DAG(s) dict_keys(['league_of_legends_dag']) retrieved from /opt/airflow/dags/dataDragon_dag.py
[2022-05-21 00:45:51,219] {logging_mixin.py:109} INFO - [2022-05-21 00:45:51,219] {dag.py:2398} INFO - Sync 1 DAGs
[2022-05-21 00:45:51,238] {processor.py:171} INFO - Processing /opt/airflow/dags/dataDragon_dag.py took 1.043 seconds
[2022-05-21 00:46:21,558] {processor.py:163} INFO - Started process (PID=17789) to work on /opt/airflow/dags/dataDragon_dag.py
[2022-05-21 00:46:21,559] {processor.py:642} INFO - Processing file /opt/airflow/dags/dataDragon_dag.py for tasks to queue
[2022-05-21 00:46:21,560] {logging_mixin.py:109} INFO - [2022-05-21 00:46:21,559] {dagbag.py:500} INFO - Filling up the DagBag from /opt/airflow/dags/dataDragon_dag.py
[2022-05-21 00:46:22,114] {logging_mixin.py:109} WARNING - /home/airflow/.local/lib/python3.8/site-packages/snowflake/connector/options.py:94 UserWarning: You have an incompatible version of 'pyarrow' installed (6.0.1), please install a version that adheres to: 'pyarrow<3.1.0,>=3.0.0; extra == "pandas"'
[2022-05-21 00:46:22,636] {processor.py:654} INFO - DAG(s) dict_keys(['league_of_legends_dag']) retrieved from /opt/airflow/dags/dataDragon_dag.py
[2022-05-21 00:46:22,645] {logging_mixin.py:109} INFO - [2022-05-21 00:46:22,645] {dag.py:2398} INFO - Sync 1 DAGs
[2022-05-21 00:46:22,666] {processor.py:171} INFO - Processing /opt/airflow/dags/dataDragon_dag.py took 1.110 seconds
[2022-05-21 00:46:52,923] {processor.py:163} INFO - Started process (PID=17882) to work on /opt/airflow/dags/dataDragon_dag.py
[2022-05-21 00:46:52,924] {processor.py:642} INFO - Processing file /opt/airflow/dags/dataDragon_dag.py for tasks to queue
[2022-05-21 00:46:52,925] {logging_mixin.py:109} INFO - [2022-05-21 00:46:52,925] {dagbag.py:500} INFO - Filling up the DagBag from /opt/airflow/dags/dataDragon_dag.py
[2022-05-21 00:46:53,648] {logging_mixin.py:109} WARNING - /home/airflow/.local/lib/python3.8/site-packages/snowflake/connector/options.py:94 UserWarning: You have an incompatible version of 'pyarrow' installed (6.0.1), please install a version that adheres to: 'pyarrow<3.1.0,>=3.0.0; extra == "pandas"'
[2022-05-21 00:46:54,089] {processor.py:654} INFO - DAG(s) dict_keys(['league_of_legends_dag']) retrieved from /opt/airflow/dags/dataDragon_dag.py
[2022-05-21 00:46:54,103] {logging_mixin.py:109} INFO - [2022-05-21 00:46:54,102] {dag.py:2398} INFO - Sync 1 DAGs
[2022-05-21 00:46:54,126] {processor.py:171} INFO - Processing /opt/airflow/dags/dataDragon_dag.py took 1.205 seconds
[2022-05-21 00:47:24,358] {processor.py:163} INFO - Started process (PID=17966) to work on /opt/airflow/dags/dataDragon_dag.py
[2022-05-21 00:47:24,360] {processor.py:642} INFO - Processing file /opt/airflow/dags/dataDragon_dag.py for tasks to queue
[2022-05-21 00:47:24,361] {logging_mixin.py:109} INFO - [2022-05-21 00:47:24,360] {dagbag.py:500} INFO - Filling up the DagBag from /opt/airflow/dags/dataDragon_dag.py
[2022-05-21 00:47:25,173] {logging_mixin.py:109} WARNING - /home/airflow/.local/lib/python3.8/site-packages/snowflake/connector/options.py:94 UserWarning: You have an incompatible version of 'pyarrow' installed (6.0.1), please install a version that adheres to: 'pyarrow<3.1.0,>=3.0.0; extra == "pandas"'
[2022-05-21 00:47:25,634] {processor.py:654} INFO - DAG(s) dict_keys(['league_of_legends_dag']) retrieved from /opt/airflow/dags/dataDragon_dag.py
[2022-05-21 00:47:25,658] {logging_mixin.py:109} INFO - [2022-05-21 00:47:25,657] {dag.py:2398} INFO - Sync 1 DAGs
[2022-05-21 00:47:25,687] {processor.py:171} INFO - Processing /opt/airflow/dags/dataDragon_dag.py took 1.333 seconds
[2022-05-21 00:47:55,742] {processor.py:163} INFO - Started process (PID=18051) to work on /opt/airflow/dags/dataDragon_dag.py
[2022-05-21 00:47:55,744] {processor.py:642} INFO - Processing file /opt/airflow/dags/dataDragon_dag.py for tasks to queue
[2022-05-21 00:47:55,744] {logging_mixin.py:109} INFO - [2022-05-21 00:47:55,744] {dagbag.py:500} INFO - Filling up the DagBag from /opt/airflow/dags/dataDragon_dag.py
[2022-05-21 00:47:56,345] {logging_mixin.py:109} WARNING - /home/airflow/.local/lib/python3.8/site-packages/snowflake/connector/options.py:94 UserWarning: You have an incompatible version of 'pyarrow' installed (6.0.1), please install a version that adheres to: 'pyarrow<3.1.0,>=3.0.0; extra == "pandas"'
[2022-05-21 00:47:56,862] {processor.py:654} INFO - DAG(s) dict_keys(['league_of_legends_dag']) retrieved from /opt/airflow/dags/dataDragon_dag.py
[2022-05-21 00:47:56,872] {logging_mixin.py:109} INFO - [2022-05-21 00:47:56,872] {dag.py:2398} INFO - Sync 1 DAGs
[2022-05-21 00:47:56,893] {processor.py:171} INFO - Processing /opt/airflow/dags/dataDragon_dag.py took 1.154 seconds
[2022-05-21 00:48:27,778] {processor.py:163} INFO - Started process (PID=18144) to work on /opt/airflow/dags/dataDragon_dag.py
[2022-05-21 00:48:27,779] {processor.py:642} INFO - Processing file /opt/airflow/dags/dataDragon_dag.py for tasks to queue
[2022-05-21 00:48:27,779] {logging_mixin.py:109} INFO - [2022-05-21 00:48:27,779] {dagbag.py:500} INFO - Filling up the DagBag from /opt/airflow/dags/dataDragon_dag.py
[2022-05-21 00:48:28,402] {logging_mixin.py:109} WARNING - /home/airflow/.local/lib/python3.8/site-packages/snowflake/connector/options.py:94 UserWarning: You have an incompatible version of 'pyarrow' installed (6.0.1), please install a version that adheres to: 'pyarrow<3.1.0,>=3.0.0; extra == "pandas"'
[2022-05-21 00:48:28,789] {processor.py:654} INFO - DAG(s) dict_keys(['league_of_legends_dag']) retrieved from /opt/airflow/dags/dataDragon_dag.py
[2022-05-21 00:48:28,806] {logging_mixin.py:109} INFO - [2022-05-21 00:48:28,805] {dag.py:2398} INFO - Sync 1 DAGs
[2022-05-21 00:48:28,837] {processor.py:171} INFO - Processing /opt/airflow/dags/dataDragon_dag.py took 1.062 seconds
[2022-05-21 00:48:58,959] {processor.py:163} INFO - Started process (PID=18229) to work on /opt/airflow/dags/dataDragon_dag.py
[2022-05-21 00:48:58,960] {processor.py:642} INFO - Processing file /opt/airflow/dags/dataDragon_dag.py for tasks to queue
[2022-05-21 00:48:58,961] {logging_mixin.py:109} INFO - [2022-05-21 00:48:58,961] {dagbag.py:500} INFO - Filling up the DagBag from /opt/airflow/dags/dataDragon_dag.py
[2022-05-21 00:48:59,580] {logging_mixin.py:109} WARNING - /home/airflow/.local/lib/python3.8/site-packages/snowflake/connector/options.py:94 UserWarning: You have an incompatible version of 'pyarrow' installed (6.0.1), please install a version that adheres to: 'pyarrow<3.1.0,>=3.0.0; extra == "pandas"'
[2022-05-21 00:48:59,968] {processor.py:654} INFO - DAG(s) dict_keys(['league_of_legends_dag']) retrieved from /opt/airflow/dags/dataDragon_dag.py
[2022-05-21 00:48:59,978] {logging_mixin.py:109} INFO - [2022-05-21 00:48:59,978] {dag.py:2398} INFO - Sync 1 DAGs
[2022-05-21 00:48:59,998] {processor.py:171} INFO - Processing /opt/airflow/dags/dataDragon_dag.py took 1.042 seconds
[2022-05-21 00:49:30,526] {processor.py:163} INFO - Started process (PID=18326) to work on /opt/airflow/dags/dataDragon_dag.py
[2022-05-21 00:49:30,534] {processor.py:642} INFO - Processing file /opt/airflow/dags/dataDragon_dag.py for tasks to queue
[2022-05-21 00:49:30,535] {logging_mixin.py:109} INFO - [2022-05-21 00:49:30,535] {dagbag.py:500} INFO - Filling up the DagBag from /opt/airflow/dags/dataDragon_dag.py
[2022-05-21 00:49:31,283] {logging_mixin.py:109} WARNING - /home/airflow/.local/lib/python3.8/site-packages/snowflake/connector/options.py:94 UserWarning: You have an incompatible version of 'pyarrow' installed (6.0.1), please install a version that adheres to: 'pyarrow<3.1.0,>=3.0.0; extra == "pandas"'
[2022-05-21 00:49:31,679] {processor.py:654} INFO - DAG(s) dict_keys(['league_of_legends_dag']) retrieved from /opt/airflow/dags/dataDragon_dag.py
[2022-05-21 00:49:31,689] {logging_mixin.py:109} INFO - [2022-05-21 00:49:31,689] {dag.py:2398} INFO - Sync 1 DAGs
[2022-05-21 00:49:31,713] {processor.py:171} INFO - Processing /opt/airflow/dags/dataDragon_dag.py took 1.189 seconds
[2022-05-21 00:50:01,883] {processor.py:163} INFO - Started process (PID=18411) to work on /opt/airflow/dags/dataDragon_dag.py
[2022-05-21 00:50:01,884] {processor.py:642} INFO - Processing file /opt/airflow/dags/dataDragon_dag.py for tasks to queue
[2022-05-21 00:50:01,884] {logging_mixin.py:109} INFO - [2022-05-21 00:50:01,884] {dagbag.py:500} INFO - Filling up the DagBag from /opt/airflow/dags/dataDragon_dag.py
[2022-05-21 00:50:02,403] {logging_mixin.py:109} WARNING - /home/airflow/.local/lib/python3.8/site-packages/snowflake/connector/options.py:94 UserWarning: You have an incompatible version of 'pyarrow' installed (6.0.1), please install a version that adheres to: 'pyarrow<3.1.0,>=3.0.0; extra == "pandas"'
[2022-05-21 00:50:02,815] {processor.py:654} INFO - DAG(s) dict_keys(['league_of_legends_dag']) retrieved from /opt/airflow/dags/dataDragon_dag.py
[2022-05-21 00:50:02,826] {logging_mixin.py:109} INFO - [2022-05-21 00:50:02,825] {dag.py:2398} INFO - Sync 1 DAGs
[2022-05-21 00:50:02,848] {processor.py:171} INFO - Processing /opt/airflow/dags/dataDragon_dag.py took 0.967 seconds
[2022-05-21 00:50:33,057] {processor.py:163} INFO - Started process (PID=18503) to work on /opt/airflow/dags/dataDragon_dag.py
[2022-05-21 00:50:33,058] {processor.py:642} INFO - Processing file /opt/airflow/dags/dataDragon_dag.py for tasks to queue
[2022-05-21 00:50:33,059] {logging_mixin.py:109} INFO - [2022-05-21 00:50:33,058] {dagbag.py:500} INFO - Filling up the DagBag from /opt/airflow/dags/dataDragon_dag.py
[2022-05-21 00:50:33,763] {logging_mixin.py:109} WARNING - /home/airflow/.local/lib/python3.8/site-packages/snowflake/connector/options.py:94 UserWarning: You have an incompatible version of 'pyarrow' installed (6.0.1), please install a version that adheres to: 'pyarrow<3.1.0,>=3.0.0; extra == "pandas"'
[2022-05-21 00:50:34,150] {processor.py:654} INFO - DAG(s) dict_keys(['league_of_legends_dag']) retrieved from /opt/airflow/dags/dataDragon_dag.py
[2022-05-21 00:50:34,161] {logging_mixin.py:109} INFO - [2022-05-21 00:50:34,160] {dag.py:2398} INFO - Sync 1 DAGs
[2022-05-21 00:50:34,188] {processor.py:171} INFO - Processing /opt/airflow/dags/dataDragon_dag.py took 1.133 seconds
[2022-05-21 00:51:04,486] {processor.py:163} INFO - Started process (PID=18588) to work on /opt/airflow/dags/dataDragon_dag.py
[2022-05-21 00:51:04,486] {processor.py:642} INFO - Processing file /opt/airflow/dags/dataDragon_dag.py for tasks to queue
[2022-05-21 00:51:04,487] {logging_mixin.py:109} INFO - [2022-05-21 00:51:04,487] {dagbag.py:500} INFO - Filling up the DagBag from /opt/airflow/dags/dataDragon_dag.py
[2022-05-21 00:51:05,145] {logging_mixin.py:109} WARNING - /home/airflow/.local/lib/python3.8/site-packages/snowflake/connector/options.py:94 UserWarning: You have an incompatible version of 'pyarrow' installed (6.0.1), please install a version that adheres to: 'pyarrow<3.1.0,>=3.0.0; extra == "pandas"'
[2022-05-21 00:51:05,693] {processor.py:654} INFO - DAG(s) dict_keys(['league_of_legends_dag']) retrieved from /opt/airflow/dags/dataDragon_dag.py
[2022-05-21 00:51:05,706] {logging_mixin.py:109} INFO - [2022-05-21 00:51:05,706] {dag.py:2398} INFO - Sync 1 DAGs
[2022-05-21 00:51:05,735] {processor.py:171} INFO - Processing /opt/airflow/dags/dataDragon_dag.py took 1.252 seconds
[2022-05-21 00:51:36,342] {processor.py:163} INFO - Started process (PID=18681) to work on /opt/airflow/dags/dataDragon_dag.py
[2022-05-21 00:51:36,351] {processor.py:642} INFO - Processing file /opt/airflow/dags/dataDragon_dag.py for tasks to queue
[2022-05-21 00:51:36,352] {logging_mixin.py:109} INFO - [2022-05-21 00:51:36,351] {dagbag.py:500} INFO - Filling up the DagBag from /opt/airflow/dags/dataDragon_dag.py
[2022-05-21 00:51:37,016] {logging_mixin.py:109} WARNING - /home/airflow/.local/lib/python3.8/site-packages/snowflake/connector/options.py:94 UserWarning: You have an incompatible version of 'pyarrow' installed (6.0.1), please install a version that adheres to: 'pyarrow<3.1.0,>=3.0.0; extra == "pandas"'
[2022-05-21 00:51:37,533] {processor.py:654} INFO - DAG(s) dict_keys(['league_of_legends_dag']) retrieved from /opt/airflow/dags/dataDragon_dag.py
[2022-05-21 00:51:37,543] {logging_mixin.py:109} INFO - [2022-05-21 00:51:37,543] {dag.py:2398} INFO - Sync 1 DAGs
[2022-05-21 00:51:37,569] {processor.py:171} INFO - Processing /opt/airflow/dags/dataDragon_dag.py took 1.229 seconds
[2022-05-21 00:52:07,830] {processor.py:163} INFO - Started process (PID=18766) to work on /opt/airflow/dags/dataDragon_dag.py
[2022-05-21 00:52:07,831] {processor.py:642} INFO - Processing file /opt/airflow/dags/dataDragon_dag.py for tasks to queue
[2022-05-21 00:52:07,832] {logging_mixin.py:109} INFO - [2022-05-21 00:52:07,831] {dagbag.py:500} INFO - Filling up the DagBag from /opt/airflow/dags/dataDragon_dag.py
[2022-05-21 00:52:08,459] {logging_mixin.py:109} WARNING - /home/airflow/.local/lib/python3.8/site-packages/snowflake/connector/options.py:94 UserWarning: You have an incompatible version of 'pyarrow' installed (6.0.1), please install a version that adheres to: 'pyarrow<3.1.0,>=3.0.0; extra == "pandas"'
[2022-05-21 00:52:08,869] {processor.py:654} INFO - DAG(s) dict_keys(['league_of_legends_dag']) retrieved from /opt/airflow/dags/dataDragon_dag.py
[2022-05-21 00:52:08,890] {logging_mixin.py:109} INFO - [2022-05-21 00:52:08,889] {dag.py:2398} INFO - Sync 1 DAGs
[2022-05-21 00:52:08,923] {processor.py:171} INFO - Processing /opt/airflow/dags/dataDragon_dag.py took 1.095 seconds
[2022-05-21 00:52:39,682] {processor.py:163} INFO - Started process (PID=18859) to work on /opt/airflow/dags/dataDragon_dag.py
[2022-05-21 00:52:39,689] {processor.py:642} INFO - Processing file /opt/airflow/dags/dataDragon_dag.py for tasks to queue
[2022-05-21 00:52:39,690] {logging_mixin.py:109} INFO - [2022-05-21 00:52:39,690] {dagbag.py:500} INFO - Filling up the DagBag from /opt/airflow/dags/dataDragon_dag.py
[2022-05-21 00:52:40,404] {logging_mixin.py:109} WARNING - /home/airflow/.local/lib/python3.8/site-packages/snowflake/connector/options.py:94 UserWarning: You have an incompatible version of 'pyarrow' installed (6.0.1), please install a version that adheres to: 'pyarrow<3.1.0,>=3.0.0; extra == "pandas"'
[2022-05-21 00:52:40,837] {processor.py:654} INFO - DAG(s) dict_keys(['league_of_legends_dag']) retrieved from /opt/airflow/dags/dataDragon_dag.py
[2022-05-21 00:52:40,851] {logging_mixin.py:109} INFO - [2022-05-21 00:52:40,850] {dag.py:2398} INFO - Sync 1 DAGs
[2022-05-21 00:52:40,875] {processor.py:171} INFO - Processing /opt/airflow/dags/dataDragon_dag.py took 1.196 seconds
[2022-05-21 00:53:11,555] {processor.py:163} INFO - Started process (PID=18982) to work on /opt/airflow/dags/dataDragon_dag.py
[2022-05-21 00:53:11,563] {processor.py:642} INFO - Processing file /opt/airflow/dags/dataDragon_dag.py for tasks to queue
[2022-05-21 00:53:11,564] {logging_mixin.py:109} INFO - [2022-05-21 00:53:11,564] {dagbag.py:500} INFO - Filling up the DagBag from /opt/airflow/dags/dataDragon_dag.py
[2022-05-21 00:53:12,188] {logging_mixin.py:109} WARNING - /home/airflow/.local/lib/python3.8/site-packages/snowflake/connector/options.py:94 UserWarning: You have an incompatible version of 'pyarrow' installed (6.0.1), please install a version that adheres to: 'pyarrow<3.1.0,>=3.0.0; extra == "pandas"'
[2022-05-21 00:53:12,602] {processor.py:654} INFO - DAG(s) dict_keys(['league_of_legends_dag']) retrieved from /opt/airflow/dags/dataDragon_dag.py
[2022-05-21 00:53:12,615] {logging_mixin.py:109} INFO - [2022-05-21 00:53:12,614] {dag.py:2398} INFO - Sync 1 DAGs
[2022-05-21 00:53:12,641] {processor.py:171} INFO - Processing /opt/airflow/dags/dataDragon_dag.py took 1.088 seconds
[2022-05-21 00:53:43,277] {processor.py:163} INFO - Started process (PID=19076) to work on /opt/airflow/dags/dataDragon_dag.py
[2022-05-21 00:53:43,278] {processor.py:642} INFO - Processing file /opt/airflow/dags/dataDragon_dag.py for tasks to queue
[2022-05-21 00:53:43,278] {logging_mixin.py:109} INFO - [2022-05-21 00:53:43,278] {dagbag.py:500} INFO - Filling up the DagBag from /opt/airflow/dags/dataDragon_dag.py
[2022-05-21 00:53:43,858] {logging_mixin.py:109} WARNING - /home/airflow/.local/lib/python3.8/site-packages/snowflake/connector/options.py:94 UserWarning: You have an incompatible version of 'pyarrow' installed (6.0.1), please install a version that adheres to: 'pyarrow<3.1.0,>=3.0.0; extra == "pandas"'
[2022-05-21 00:53:44,341] {processor.py:654} INFO - DAG(s) dict_keys(['league_of_legends_dag']) retrieved from /opt/airflow/dags/dataDragon_dag.py
[2022-05-21 00:53:44,350] {logging_mixin.py:109} INFO - [2022-05-21 00:53:44,350] {dag.py:2398} INFO - Sync 1 DAGs
[2022-05-21 00:53:44,372] {processor.py:171} INFO - Processing /opt/airflow/dags/dataDragon_dag.py took 1.098 seconds
[2022-05-21 00:54:14,951] {processor.py:163} INFO - Started process (PID=19179) to work on /opt/airflow/dags/dataDragon_dag.py
[2022-05-21 00:54:14,953] {processor.py:642} INFO - Processing file /opt/airflow/dags/dataDragon_dag.py for tasks to queue
[2022-05-21 00:54:14,955] {logging_mixin.py:109} INFO - [2022-05-21 00:54:14,954] {dagbag.py:500} INFO - Filling up the DagBag from /opt/airflow/dags/dataDragon_dag.py
[2022-05-21 00:54:15,564] {logging_mixin.py:109} WARNING - /home/airflow/.local/lib/python3.8/site-packages/snowflake/connector/options.py:94 UserWarning: You have an incompatible version of 'pyarrow' installed (6.0.1), please install a version that adheres to: 'pyarrow<3.1.0,>=3.0.0; extra == "pandas"'
[2022-05-21 00:54:15,992] {processor.py:654} INFO - DAG(s) dict_keys(['league_of_legends_dag']) retrieved from /opt/airflow/dags/dataDragon_dag.py
[2022-05-21 00:54:16,005] {logging_mixin.py:109} INFO - [2022-05-21 00:54:16,005] {dag.py:2398} INFO - Sync 1 DAGs
[2022-05-21 00:54:16,035] {processor.py:171} INFO - Processing /opt/airflow/dags/dataDragon_dag.py took 1.088 seconds
[2022-05-21 00:54:46,748] {processor.py:163} INFO - Started process (PID=19272) to work on /opt/airflow/dags/dataDragon_dag.py
[2022-05-21 00:54:46,749] {processor.py:642} INFO - Processing file /opt/airflow/dags/dataDragon_dag.py for tasks to queue
[2022-05-21 00:54:46,750] {logging_mixin.py:109} INFO - [2022-05-21 00:54:46,750] {dagbag.py:500} INFO - Filling up the DagBag from /opt/airflow/dags/dataDragon_dag.py
[2022-05-21 00:54:47,470] {logging_mixin.py:109} WARNING - /home/airflow/.local/lib/python3.8/site-packages/snowflake/connector/options.py:94 UserWarning: You have an incompatible version of 'pyarrow' installed (6.0.1), please install a version that adheres to: 'pyarrow<3.1.0,>=3.0.0; extra == "pandas"'
[2022-05-21 00:54:47,860] {processor.py:654} INFO - DAG(s) dict_keys(['league_of_legends_dag']) retrieved from /opt/airflow/dags/dataDragon_dag.py
[2022-05-21 00:54:47,869] {logging_mixin.py:109} INFO - [2022-05-21 00:54:47,869] {dag.py:2398} INFO - Sync 1 DAGs
[2022-05-21 00:54:47,898] {processor.py:171} INFO - Processing /opt/airflow/dags/dataDragon_dag.py took 1.152 seconds
[2022-05-21 00:55:18,054] {processor.py:163} INFO - Started process (PID=19356) to work on /opt/airflow/dags/dataDragon_dag.py
[2022-05-21 00:55:18,062] {processor.py:642} INFO - Processing file /opt/airflow/dags/dataDragon_dag.py for tasks to queue
[2022-05-21 00:55:18,063] {logging_mixin.py:109} INFO - [2022-05-21 00:55:18,062] {dagbag.py:500} INFO - Filling up the DagBag from /opt/airflow/dags/dataDragon_dag.py
[2022-05-21 00:55:18,656] {logging_mixin.py:109} WARNING - /home/airflow/.local/lib/python3.8/site-packages/snowflake/connector/options.py:94 UserWarning: You have an incompatible version of 'pyarrow' installed (6.0.1), please install a version that adheres to: 'pyarrow<3.1.0,>=3.0.0; extra == "pandas"'
[2022-05-21 00:55:19,178] {processor.py:654} INFO - DAG(s) dict_keys(['league_of_legends_dag']) retrieved from /opt/airflow/dags/dataDragon_dag.py
[2022-05-21 00:55:19,195] {logging_mixin.py:109} INFO - [2022-05-21 00:55:19,195] {dag.py:2398} INFO - Sync 1 DAGs
[2022-05-21 00:55:19,225] {processor.py:171} INFO - Processing /opt/airflow/dags/dataDragon_dag.py took 1.173 seconds
[2022-05-21 00:55:49,678] {processor.py:163} INFO - Started process (PID=19450) to work on /opt/airflow/dags/dataDragon_dag.py
[2022-05-21 00:55:49,679] {processor.py:642} INFO - Processing file /opt/airflow/dags/dataDragon_dag.py for tasks to queue
[2022-05-21 00:55:49,680] {logging_mixin.py:109} INFO - [2022-05-21 00:55:49,680] {dagbag.py:500} INFO - Filling up the DagBag from /opt/airflow/dags/dataDragon_dag.py
[2022-05-21 00:55:50,318] {logging_mixin.py:109} WARNING - /home/airflow/.local/lib/python3.8/site-packages/snowflake/connector/options.py:94 UserWarning: You have an incompatible version of 'pyarrow' installed (6.0.1), please install a version that adheres to: 'pyarrow<3.1.0,>=3.0.0; extra == "pandas"'
[2022-05-21 00:55:50,733] {processor.py:654} INFO - DAG(s) dict_keys(['league_of_legends_dag']) retrieved from /opt/airflow/dags/dataDragon_dag.py
[2022-05-21 00:55:50,743] {logging_mixin.py:109} INFO - [2022-05-21 00:55:50,743] {dag.py:2398} INFO - Sync 1 DAGs
[2022-05-21 00:55:50,767] {processor.py:171} INFO - Processing /opt/airflow/dags/dataDragon_dag.py took 1.094 seconds
[2022-05-21 00:56:20,933] {processor.py:163} INFO - Started process (PID=19556) to work on /opt/airflow/dags/dataDragon_dag.py
[2022-05-21 00:56:20,934] {processor.py:642} INFO - Processing file /opt/airflow/dags/dataDragon_dag.py for tasks to queue
[2022-05-21 00:56:20,935] {logging_mixin.py:109} INFO - [2022-05-21 00:56:20,935] {dagbag.py:500} INFO - Filling up the DagBag from /opt/airflow/dags/dataDragon_dag.py
[2022-05-21 00:56:21,595] {logging_mixin.py:109} WARNING - /home/airflow/.local/lib/python3.8/site-packages/snowflake/connector/options.py:94 UserWarning: You have an incompatible version of 'pyarrow' installed (6.0.1), please install a version that adheres to: 'pyarrow<3.1.0,>=3.0.0; extra == "pandas"'
[2022-05-21 00:56:22,006] {processor.py:654} INFO - DAG(s) dict_keys(['league_of_legends_dag']) retrieved from /opt/airflow/dags/dataDragon_dag.py
[2022-05-21 00:56:22,018] {logging_mixin.py:109} INFO - [2022-05-21 00:56:22,017] {dag.py:2398} INFO - Sync 1 DAGs
[2022-05-21 00:56:22,051] {processor.py:171} INFO - Processing /opt/airflow/dags/dataDragon_dag.py took 1.121 seconds
[2022-05-21 00:56:52,366] {processor.py:163} INFO - Started process (PID=19645) to work on /opt/airflow/dags/dataDragon_dag.py
[2022-05-21 00:56:52,367] {processor.py:642} INFO - Processing file /opt/airflow/dags/dataDragon_dag.py for tasks to queue
[2022-05-21 00:56:52,367] {logging_mixin.py:109} INFO - [2022-05-21 00:56:52,367] {dagbag.py:500} INFO - Filling up the DagBag from /opt/airflow/dags/dataDragon_dag.py
[2022-05-21 00:56:52,982] {logging_mixin.py:109} WARNING - /home/airflow/.local/lib/python3.8/site-packages/snowflake/connector/options.py:94 UserWarning: You have an incompatible version of 'pyarrow' installed (6.0.1), please install a version that adheres to: 'pyarrow<3.1.0,>=3.0.0; extra == "pandas"'
[2022-05-21 00:56:53,444] {processor.py:654} INFO - DAG(s) dict_keys(['league_of_legends_dag']) retrieved from /opt/airflow/dags/dataDragon_dag.py
[2022-05-21 00:56:53,456] {logging_mixin.py:109} INFO - [2022-05-21 00:56:53,456] {dag.py:2398} INFO - Sync 1 DAGs
[2022-05-21 00:56:53,480] {processor.py:171} INFO - Processing /opt/airflow/dags/dataDragon_dag.py took 1.117 seconds
[2022-05-21 00:57:23,711] {processor.py:163} INFO - Started process (PID=19739) to work on /opt/airflow/dags/dataDragon_dag.py
[2022-05-21 00:57:23,712] {processor.py:642} INFO - Processing file /opt/airflow/dags/dataDragon_dag.py for tasks to queue
[2022-05-21 00:57:23,713] {logging_mixin.py:109} INFO - [2022-05-21 00:57:23,713] {dagbag.py:500} INFO - Filling up the DagBag from /opt/airflow/dags/dataDragon_dag.py
[2022-05-21 00:57:24,282] {logging_mixin.py:109} WARNING - /home/airflow/.local/lib/python3.8/site-packages/snowflake/connector/options.py:94 UserWarning: You have an incompatible version of 'pyarrow' installed (6.0.1), please install a version that adheres to: 'pyarrow<3.1.0,>=3.0.0; extra == "pandas"'
[2022-05-21 00:57:24,680] {processor.py:654} INFO - DAG(s) dict_keys(['league_of_legends_dag']) retrieved from /opt/airflow/dags/dataDragon_dag.py
[2022-05-21 00:57:24,691] {logging_mixin.py:109} INFO - [2022-05-21 00:57:24,690] {dag.py:2398} INFO - Sync 1 DAGs
[2022-05-21 00:57:24,712] {processor.py:171} INFO - Processing /opt/airflow/dags/dataDragon_dag.py took 1.004 seconds
[2022-05-21 00:57:55,054] {processor.py:163} INFO - Started process (PID=19825) to work on /opt/airflow/dags/dataDragon_dag.py
[2022-05-21 00:57:55,055] {processor.py:642} INFO - Processing file /opt/airflow/dags/dataDragon_dag.py for tasks to queue
[2022-05-21 00:57:55,056] {logging_mixin.py:109} INFO - [2022-05-21 00:57:55,056] {dagbag.py:500} INFO - Filling up the DagBag from /opt/airflow/dags/dataDragon_dag.py
[2022-05-21 00:57:55,605] {logging_mixin.py:109} WARNING - /home/airflow/.local/lib/python3.8/site-packages/snowflake/connector/options.py:94 UserWarning: You have an incompatible version of 'pyarrow' installed (6.0.1), please install a version that adheres to: 'pyarrow<3.1.0,>=3.0.0; extra == "pandas"'
[2022-05-21 00:57:56,029] {processor.py:654} INFO - DAG(s) dict_keys(['league_of_legends_dag']) retrieved from /opt/airflow/dags/dataDragon_dag.py
[2022-05-21 00:57:56,039] {logging_mixin.py:109} INFO - [2022-05-21 00:57:56,039] {dag.py:2398} INFO - Sync 1 DAGs
[2022-05-21 00:57:56,071] {processor.py:171} INFO - Processing /opt/airflow/dags/dataDragon_dag.py took 1.020 seconds
[2022-05-21 00:58:26,260] {processor.py:163} INFO - Started process (PID=19924) to work on /opt/airflow/dags/dataDragon_dag.py
[2022-05-21 00:58:26,261] {processor.py:642} INFO - Processing file /opt/airflow/dags/dataDragon_dag.py for tasks to queue
[2022-05-21 00:58:26,261] {logging_mixin.py:109} INFO - [2022-05-21 00:58:26,261] {dagbag.py:500} INFO - Filling up the DagBag from /opt/airflow/dags/dataDragon_dag.py
[2022-05-21 00:58:26,860] {logging_mixin.py:109} WARNING - /home/airflow/.local/lib/python3.8/site-packages/snowflake/connector/options.py:94 UserWarning: You have an incompatible version of 'pyarrow' installed (6.0.1), please install a version that adheres to: 'pyarrow<3.1.0,>=3.0.0; extra == "pandas"'
[2022-05-21 00:58:27,280] {processor.py:654} INFO - DAG(s) dict_keys(['league_of_legends_dag']) retrieved from /opt/airflow/dags/dataDragon_dag.py
[2022-05-21 00:58:27,290] {logging_mixin.py:109} INFO - [2022-05-21 00:58:27,290] {dag.py:2398} INFO - Sync 1 DAGs
[2022-05-21 00:58:27,314] {processor.py:171} INFO - Processing /opt/airflow/dags/dataDragon_dag.py took 1.056 seconds
[2022-05-21 00:58:57,417] {processor.py:163} INFO - Started process (PID=20036) to work on /opt/airflow/dags/dataDragon_dag.py
[2022-05-21 00:58:57,418] {processor.py:642} INFO - Processing file /opt/airflow/dags/dataDragon_dag.py for tasks to queue
[2022-05-21 00:58:57,418] {logging_mixin.py:109} INFO - [2022-05-21 00:58:57,418] {dagbag.py:500} INFO - Filling up the DagBag from /opt/airflow/dags/dataDragon_dag.py
[2022-05-21 00:58:58,024] {logging_mixin.py:109} WARNING - /home/airflow/.local/lib/python3.8/site-packages/snowflake/connector/options.py:94 UserWarning: You have an incompatible version of 'pyarrow' installed (6.0.1), please install a version that adheres to: 'pyarrow<3.1.0,>=3.0.0; extra == "pandas"'
[2022-05-21 00:58:58,392] {processor.py:654} INFO - DAG(s) dict_keys(['league_of_legends_dag']) retrieved from /opt/airflow/dags/dataDragon_dag.py
[2022-05-21 00:58:58,406] {logging_mixin.py:109} INFO - [2022-05-21 00:58:58,405] {dag.py:2398} INFO - Sync 1 DAGs
[2022-05-21 00:58:58,434] {processor.py:171} INFO - Processing /opt/airflow/dags/dataDragon_dag.py took 1.019 seconds
[2022-05-21 00:59:28,563] {processor.py:163} INFO - Started process (PID=20154) to work on /opt/airflow/dags/dataDragon_dag.py
[2022-05-21 00:59:28,564] {processor.py:642} INFO - Processing file /opt/airflow/dags/dataDragon_dag.py for tasks to queue
[2022-05-21 00:59:28,565] {logging_mixin.py:109} INFO - [2022-05-21 00:59:28,565] {dagbag.py:500} INFO - Filling up the DagBag from /opt/airflow/dags/dataDragon_dag.py
[2022-05-21 00:59:29,243] {logging_mixin.py:109} WARNING - /home/airflow/.local/lib/python3.8/site-packages/snowflake/connector/options.py:94 UserWarning: You have an incompatible version of 'pyarrow' installed (6.0.1), please install a version that adheres to: 'pyarrow<3.1.0,>=3.0.0; extra == "pandas"'
[2022-05-21 00:59:29,765] {processor.py:654} INFO - DAG(s) dict_keys(['league_of_legends_dag']) retrieved from /opt/airflow/dags/dataDragon_dag.py
[2022-05-21 00:59:29,781] {logging_mixin.py:109} INFO - [2022-05-21 00:59:29,780] {dag.py:2398} INFO - Sync 1 DAGs
[2022-05-21 00:59:29,814] {processor.py:171} INFO - Processing /opt/airflow/dags/dataDragon_dag.py took 1.254 seconds
[2022-05-21 01:00:00,066] {processor.py:163} INFO - Started process (PID=20239) to work on /opt/airflow/dags/dataDragon_dag.py
[2022-05-21 01:00:00,067] {processor.py:642} INFO - Processing file /opt/airflow/dags/dataDragon_dag.py for tasks to queue
[2022-05-21 01:00:00,067] {logging_mixin.py:109} INFO - [2022-05-21 01:00:00,067] {dagbag.py:500} INFO - Filling up the DagBag from /opt/airflow/dags/dataDragon_dag.py
[2022-05-21 01:00:00,727] {logging_mixin.py:109} WARNING - /home/airflow/.local/lib/python3.8/site-packages/snowflake/connector/options.py:94 UserWarning: You have an incompatible version of 'pyarrow' installed (6.0.1), please install a version that adheres to: 'pyarrow<3.1.0,>=3.0.0; extra == "pandas"'
[2022-05-21 01:00:01,143] {processor.py:654} INFO - DAG(s) dict_keys(['league_of_legends_dag']) retrieved from /opt/airflow/dags/dataDragon_dag.py
[2022-05-21 01:00:01,320] {logging_mixin.py:109} INFO - [2022-05-21 01:00:01,320] {dag.py:2398} INFO - Sync 1 DAGs
[2022-05-21 01:00:01,354] {processor.py:171} INFO - Processing /opt/airflow/dags/dataDragon_dag.py took 1.290 seconds
[2022-05-21 01:00:32,005] {processor.py:163} INFO - Started process (PID=20332) to work on /opt/airflow/dags/dataDragon_dag.py
[2022-05-21 01:00:32,006] {processor.py:642} INFO - Processing file /opt/airflow/dags/dataDragon_dag.py for tasks to queue
[2022-05-21 01:00:32,007] {logging_mixin.py:109} INFO - [2022-05-21 01:00:32,007] {dagbag.py:500} INFO - Filling up the DagBag from /opt/airflow/dags/dataDragon_dag.py
[2022-05-21 01:00:32,640] {logging_mixin.py:109} WARNING - /home/airflow/.local/lib/python3.8/site-packages/snowflake/connector/options.py:94 UserWarning: You have an incompatible version of 'pyarrow' installed (6.0.1), please install a version that adheres to: 'pyarrow<3.1.0,>=3.0.0; extra == "pandas"'
[2022-05-21 01:00:33,137] {processor.py:654} INFO - DAG(s) dict_keys(['league_of_legends_dag']) retrieved from /opt/airflow/dags/dataDragon_dag.py
[2022-05-21 01:00:33,149] {logging_mixin.py:109} INFO - [2022-05-21 01:00:33,149] {dag.py:2398} INFO - Sync 1 DAGs
[2022-05-21 01:00:33,175] {processor.py:171} INFO - Processing /opt/airflow/dags/dataDragon_dag.py took 1.172 seconds
[2022-05-21 01:01:03,682] {processor.py:163} INFO - Started process (PID=20417) to work on /opt/airflow/dags/dataDragon_dag.py
[2022-05-21 01:01:03,683] {processor.py:642} INFO - Processing file /opt/airflow/dags/dataDragon_dag.py for tasks to queue
[2022-05-21 01:01:03,684] {logging_mixin.py:109} INFO - [2022-05-21 01:01:03,684] {dagbag.py:500} INFO - Filling up the DagBag from /opt/airflow/dags/dataDragon_dag.py
[2022-05-21 01:01:04,288] {logging_mixin.py:109} WARNING - /home/airflow/.local/lib/python3.8/site-packages/snowflake/connector/options.py:94 UserWarning: You have an incompatible version of 'pyarrow' installed (6.0.1), please install a version that adheres to: 'pyarrow<3.1.0,>=3.0.0; extra == "pandas"'
[2022-05-21 01:01:04,707] {processor.py:654} INFO - DAG(s) dict_keys(['league_of_legends_dag']) retrieved from /opt/airflow/dags/dataDragon_dag.py
[2022-05-21 01:01:04,722] {logging_mixin.py:109} INFO - [2022-05-21 01:01:04,721] {dag.py:2398} INFO - Sync 1 DAGs
[2022-05-21 01:01:04,744] {processor.py:171} INFO - Processing /opt/airflow/dags/dataDragon_dag.py took 1.063 seconds
[2022-05-21 01:01:35,114] {processor.py:163} INFO - Started process (PID=20511) to work on /opt/airflow/dags/dataDragon_dag.py
[2022-05-21 01:01:35,115] {processor.py:642} INFO - Processing file /opt/airflow/dags/dataDragon_dag.py for tasks to queue
[2022-05-21 01:01:35,116] {logging_mixin.py:109} INFO - [2022-05-21 01:01:35,116] {dagbag.py:500} INFO - Filling up the DagBag from /opt/airflow/dags/dataDragon_dag.py
[2022-05-21 01:01:35,659] {logging_mixin.py:109} WARNING - /home/airflow/.local/lib/python3.8/site-packages/snowflake/connector/options.py:94 UserWarning: You have an incompatible version of 'pyarrow' installed (6.0.1), please install a version that adheres to: 'pyarrow<3.1.0,>=3.0.0; extra == "pandas"'
[2022-05-21 01:01:36,007] {processor.py:654} INFO - DAG(s) dict_keys(['league_of_legends_dag']) retrieved from /opt/airflow/dags/dataDragon_dag.py
[2022-05-21 01:01:36,018] {logging_mixin.py:109} INFO - [2022-05-21 01:01:36,018] {dag.py:2398} INFO - Sync 1 DAGs
[2022-05-21 01:01:36,045] {processor.py:171} INFO - Processing /opt/airflow/dags/dataDragon_dag.py took 0.934 seconds
[2022-05-21 01:02:06,452] {processor.py:163} INFO - Started process (PID=20596) to work on /opt/airflow/dags/dataDragon_dag.py
[2022-05-21 01:02:06,455] {processor.py:642} INFO - Processing file /opt/airflow/dags/dataDragon_dag.py for tasks to queue
[2022-05-21 01:02:06,456] {logging_mixin.py:109} INFO - [2022-05-21 01:02:06,456] {dagbag.py:500} INFO - Filling up the DagBag from /opt/airflow/dags/dataDragon_dag.py
[2022-05-21 01:02:07,028] {logging_mixin.py:109} WARNING - /home/airflow/.local/lib/python3.8/site-packages/snowflake/connector/options.py:94 UserWarning: You have an incompatible version of 'pyarrow' installed (6.0.1), please install a version that adheres to: 'pyarrow<3.1.0,>=3.0.0; extra == "pandas"'
[2022-05-21 01:02:07,446] {processor.py:654} INFO - DAG(s) dict_keys(['league_of_legends_dag']) retrieved from /opt/airflow/dags/dataDragon_dag.py
[2022-05-21 01:02:07,457] {logging_mixin.py:109} INFO - [2022-05-21 01:02:07,457] {dag.py:2398} INFO - Sync 1 DAGs
[2022-05-21 01:02:07,483] {processor.py:171} INFO - Processing /opt/airflow/dags/dataDragon_dag.py took 1.033 seconds
[2022-05-21 01:02:37,583] {processor.py:163} INFO - Started process (PID=20691) to work on /opt/airflow/dags/dataDragon_dag.py
[2022-05-21 01:02:37,583] {processor.py:642} INFO - Processing file /opt/airflow/dags/dataDragon_dag.py for tasks to queue
[2022-05-21 01:02:37,584] {logging_mixin.py:109} INFO - [2022-05-21 01:02:37,584] {dagbag.py:500} INFO - Filling up the DagBag from /opt/airflow/dags/dataDragon_dag.py
[2022-05-21 01:02:38,178] {logging_mixin.py:109} WARNING - /home/airflow/.local/lib/python3.8/site-packages/snowflake/connector/options.py:94 UserWarning: You have an incompatible version of 'pyarrow' installed (6.0.1), please install a version that adheres to: 'pyarrow<3.1.0,>=3.0.0; extra == "pandas"'
[2022-05-21 01:02:38,614] {processor.py:654} INFO - DAG(s) dict_keys(['league_of_legends_dag']) retrieved from /opt/airflow/dags/dataDragon_dag.py
[2022-05-21 01:02:38,627] {logging_mixin.py:109} INFO - [2022-05-21 01:02:38,626] {dag.py:2398} INFO - Sync 1 DAGs
[2022-05-21 01:02:38,649] {processor.py:171} INFO - Processing /opt/airflow/dags/dataDragon_dag.py took 1.068 seconds
