[2022-06-20 05:54:07,235] {taskinstance.py:1037} INFO - Dependencies all met for <TaskInstance: match_details_dag.staging_match_data scheduled__2022-06-18T02:00:00+00:00 [queued]>
[2022-06-20 05:54:07,243] {taskinstance.py:1037} INFO - Dependencies all met for <TaskInstance: match_details_dag.staging_match_data scheduled__2022-06-18T02:00:00+00:00 [queued]>
[2022-06-20 05:54:07,243] {taskinstance.py:1243} INFO - 
--------------------------------------------------------------------------------
[2022-06-20 05:54:07,243] {taskinstance.py:1244} INFO - Starting attempt 2 of 2
[2022-06-20 05:54:07,243] {taskinstance.py:1245} INFO - 
--------------------------------------------------------------------------------
[2022-06-20 05:54:07,253] {taskinstance.py:1264} INFO - Executing <Task(riot_matchDetailsToADLSOperator): staging_match_data> on 2022-06-18 02:00:00+00:00
[2022-06-20 05:54:07,257] {standard_task_runner.py:52} INFO - Started process 157 to run task
[2022-06-20 05:54:07,259] {standard_task_runner.py:76} INFO - Running: ['***', 'tasks', 'run', 'match_details_dag', 'staging_match_data', 'scheduled__2022-06-18T02:00:00+00:00', '--job-id', '167', '--raw', '--subdir', 'DAGS_FOLDER/matchData_dag.py', '--cfg-path', '/tmp/tmpojderbmo', '--error-file', '/tmp/tmpwcmmx8lj']
[2022-06-20 05:54:07,260] {standard_task_runner.py:77} INFO - Job 167: Subtask staging_match_data
[2022-06-20 05:54:07,296] {logging_mixin.py:109} INFO - Running <TaskInstance: match_details_dag.staging_match_data scheduled__2022-06-18T02:00:00+00:00 [running]> on host ebe3cc7dbee2
[2022-06-20 05:54:07,332] {taskinstance.py:1429} INFO - Exporting the following env vars:
AIRFLOW_CTX_DAG_OWNER=admin
AIRFLOW_CTX_DAG_ID=match_details_dag
AIRFLOW_CTX_TASK_ID=staging_match_data
AIRFLOW_CTX_EXECUTION_DATE=2022-06-18T02:00:00+00:00
AIRFLOW_CTX_DAG_RUN_ID=scheduled__2022-06-18T02:00:00+00:00
[2022-06-20 05:54:07,333] {riot_matchdetails_toADLS_Operator.py:61} INFO - StageToAzureLake not implemented yet
[2022-06-20 05:54:07,341] {riot_matchdetails_toADLS_Operator.py:70} INFO - <bound method WasbHook.get_conn of <airflow.providers.microsoft.azure.hooks.wasb.WasbHook object at 0x7f995e1c4e50>>
[2022-06-20 05:54:07,342] {riot_matchdetails_toADLS_Operator.py:71} INFO - Created Azure Connection
[2022-06-20 05:54:07,348] {riot_matchdetails_toADLS_Operator.py:74} INFO - Created Riot Connection
[2022-06-20 05:54:07,660] {Limits.py:87} INFO - rate limit changed from 0/0s to 20/1s
[2022-06-20 05:54:07,660] {Limits.py:87} INFO - rate limit changed from 0/0s to 100/120s
[2022-06-20 05:54:07,660] {Limits.py:87} INFO - rate limit changed from 0/0s to 50/10s
[2022-06-20 05:54:07,661] {logging_mixin.py:109} INFO - [{'leagueId': '49ecb9ed-5b83-4b8f-9d0b-82c1a483ae0f', 'queueType': 'RANKED_SOLO_5x5', 'tier': 'PLATINUM', 'rank': 'I', 'summonerId': 'HdxS18ksOdstUGgfPIsfM4XNFuLAURXzpd91aMErixXM-E3J', 'summonerName': 'SmiteIsDeadGame', 'leaguePoints': 100, 'wins': 19, 'losses': 20, 'veteran': False, 'inactive': False, 'freshBlood': False, 'hotStreak': False, 'miniSeries': {'target': 3, 'wins': 0, 'losses': 0, 'progress': 'NNNNN'}}, {'leagueId': '3077d668-5344-4f97-970b-4965e1d76f5a', 'queueType': 'RANKED_SOLO_5x5', 'tier': 'PLATINUM', 'rank': 'I', 'summonerId': 'etzoRcqNcxdfPl4zkLea-wPSMWpJBDkotzkQ8HQtsvBOuT2L', 'summonerName': 'tuotA', 'leaguePoints': 100, 'wins': 66, 'losses': 58, 'veteran': False, 'inactive': False, 'freshBlood': False, 'hotStreak': False, 'miniSeries': {'target': 3, 'wins': 0, 'losses': 1, 'progress': 'LNNNN'}}]
[2022-06-20 05:54:07,743] {Limits.py:87} INFO - rate limit changed from 0/0s to 2000/60s
[2022-06-20 05:54:08,073] {Limits.py:87} INFO - rate limit changed from 0/0s to 20/1s
[2022-06-20 05:54:08,073] {Limits.py:87} INFO - rate limit changed from 0/0s to 100/120s
[2022-06-20 05:54:08,073] {Limits.py:87} INFO - rate limit changed from 0/0s to 500/10s
[2022-06-20 05:54:08,229] {Limits.py:87} INFO - rate limit changed from 0/0s to 250/10s
[2022-06-20 05:54:08,845] {riot_matchdetails_toADLS_Operator.py:128} INFO - /tmp/tmp5j5mlo60/match_details.csv
[2022-06-20 05:54:08,846] {_universal.py:472} INFO - Request URL: 'https://leagueoflegends.blob.core.windows.net/match-details/2022/6/20/5.csv?sv=REDACTED&ss=REDACTED&srt=REDACTED&sp=REDACTED&se=REDACTED&st=REDACTED&spr=REDACTED&sig=REDACTED'/nRequest method: 'PUT'/nRequest headers:/n    'x-ms-blob-type': 'REDACTED'/n    'Content-Length': '12182'/n    'If-None-Match': '*'/n    'x-ms-version': 'REDACTED'/n    'Content-Type': 'application/octet-stream'/n    'Accept': 'application/xml'/n    'User-Agent': 'azsdk-python-storage-blob/12.8.1 Python/3.8.12 (Linux-5.10.102.1-microsoft-standard-WSL2-x86_64-with-glibc2.2.5)'/n    'x-ms-date': 'REDACTED'/n    'x-ms-client-request-id': '66c52ffe-f05d-11ec-8206-0242ac120007'/nA body is sent with the request
[2022-06-20 05:54:09,059] {_universal.py:503} INFO - Response status: 409/nResponse headers:/n    'Content-Length': '220'/n    'Content-Type': 'application/xml'/n    'Server': 'Windows-Azure-Blob/1.0 Microsoft-HTTPAPI/2.0'/n    'x-ms-request-id': '2a5494d8-a01e-00e9-0c6a-841d2d000000'/n    'x-ms-client-request-id': '66c52ffe-f05d-11ec-8206-0242ac120007'/n    'x-ms-version': 'REDACTED'/n    'x-ms-error-code': 'REDACTED'/n    'Date': 'Mon, 20 Jun 2022 05:54:09 GMT'
[2022-06-20 05:54:09,061] {taskinstance.py:1718} ERROR - Task failed with exception
Traceback (most recent call last):
  File "/home/airflow/.local/lib/python3.8/site-packages/azure/storage/blob/_upload_helpers.py", line 94, in upload_block_blob
    return client.upload(
  File "/home/airflow/.local/lib/python3.8/site-packages/azure/storage/blob/_generated/operations/_block_blob_operations.py", line 228, in upload
    map_error(status_code=response.status_code, response=response, error_map=error_map)
  File "/home/airflow/.local/lib/python3.8/site-packages/azure/core/exceptions.py", line 105, in map_error
    raise error
azure.core.exceptions.ResourceExistsError: Operation returned an invalid status 'The specified blob already exists.'
Content: <?xml version="1.0" encoding="utf-8"?><Error><Code>BlobAlreadyExists</Code><Message>The specified blob already exists.
RequestId:2a5494d8-a01e-00e9-0c6a-841d2d000000
Time:2022-06-20T05:54:10.1957283Z</Message></Error>

During handling of the above exception, another exception occurred:

Traceback (most recent call last):
  File "/home/airflow/.local/lib/python3.8/site-packages/airflow/models/taskinstance.py", line 1334, in _run_raw_task
    self._execute_task_with_callbacks(context)
  File "/home/airflow/.local/lib/python3.8/site-packages/airflow/models/taskinstance.py", line 1460, in _execute_task_with_callbacks
    result = self._execute_task(context, self.task)
  File "/home/airflow/.local/lib/python3.8/site-packages/airflow/models/taskinstance.py", line 1516, in _execute_task
    result = execute_callable(context=context)
  File "/opt/airflow/plugins/custom_operators/riot_matchdetails_toADLS_Operator.py", line 62, in execute
    self.upload_to_azureLake()
  File "/opt/airflow/plugins/custom_operators/riot_matchdetails_toADLS_Operator.py", line 129, in upload_to_azureLake
    wasb_hook.load_file(
  File "/home/airflow/.local/lib/python3.8/site-packages/airflow/providers/microsoft/azure/hooks/wasb.py", line 254, in load_file
    self.upload(
  File "/home/airflow/.local/lib/python3.8/site-packages/airflow/providers/microsoft/azure/hooks/wasb.py", line 339, in upload
    return blob_client.upload_blob(data, blob_type, length=length, **kwargs)
  File "/home/airflow/.local/lib/python3.8/site-packages/azure/core/tracing/decorator.py", line 83, in wrapper_use_tracer
    return func(*args, **kwargs)
  File "/home/airflow/.local/lib/python3.8/site-packages/azure/storage/blob/_blob_client.py", line 693, in upload_blob
    return upload_block_blob(**options)
  File "/home/airflow/.local/lib/python3.8/site-packages/azure/storage/blob/_upload_helpers.py", line 157, in upload_block_blob
    process_storage_error(error)
  File "/home/airflow/.local/lib/python3.8/site-packages/azure/storage/blob/_shared/response_handlers.py", line 150, in process_storage_error
    error.raise_with_traceback()
  File "/home/airflow/.local/lib/python3.8/site-packages/azure/core/exceptions.py", line 247, in raise_with_traceback
    raise super(AzureError, self).with_traceback(self.exc_traceback)
  File "/home/airflow/.local/lib/python3.8/site-packages/azure/storage/blob/_upload_helpers.py", line 94, in upload_block_blob
    return client.upload(
  File "/home/airflow/.local/lib/python3.8/site-packages/azure/storage/blob/_generated/operations/_block_blob_operations.py", line 228, in upload
    map_error(status_code=response.status_code, response=response, error_map=error_map)
  File "/home/airflow/.local/lib/python3.8/site-packages/azure/core/exceptions.py", line 105, in map_error
    raise error
azure.core.exceptions.ResourceExistsError: The specified blob already exists.
RequestId:2a5494d8-a01e-00e9-0c6a-841d2d000000
Time:2022-06-20T05:54:10.1957283Z
ErrorCode:BlobAlreadyExists
Error:None
Content: <?xml version="1.0" encoding="utf-8"?><Error><Code>BlobAlreadyExists</Code><Message>The specified blob already exists.
RequestId:2a5494d8-a01e-00e9-0c6a-841d2d000000
Time:2022-06-20T05:54:10.1957283Z</Message></Error>
[2022-06-20 05:54:09,072] {taskinstance.py:1272} INFO - Marking task as FAILED. dag_id=match_details_dag, task_id=staging_match_data, execution_date=20220618T020000, start_date=20220620T055407, end_date=20220620T055409
[2022-06-20 05:54:09,085] {standard_task_runner.py:89} ERROR - Failed to execute job 167 for task staging_match_data
Traceback (most recent call last):
  File "/home/airflow/.local/lib/python3.8/site-packages/azure/storage/blob/_upload_helpers.py", line 94, in upload_block_blob
    return client.upload(
  File "/home/airflow/.local/lib/python3.8/site-packages/azure/storage/blob/_generated/operations/_block_blob_operations.py", line 228, in upload
    map_error(status_code=response.status_code, response=response, error_map=error_map)
  File "/home/airflow/.local/lib/python3.8/site-packages/azure/core/exceptions.py", line 105, in map_error
    raise error
azure.core.exceptions.ResourceExistsError: Operation returned an invalid status 'The specified blob already exists.'
Content: <?xml version="1.0" encoding="utf-8"?><Error><Code>BlobAlreadyExists</Code><Message>The specified blob already exists.
RequestId:2a5494d8-a01e-00e9-0c6a-841d2d000000
Time:2022-06-20T05:54:10.1957283Z</Message></Error>

During handling of the above exception, another exception occurred:

Traceback (most recent call last):
  File "/home/airflow/.local/lib/python3.8/site-packages/airflow/task/task_runner/standard_task_runner.py", line 85, in _start_by_fork
    args.func(args, dag=self.dag)
  File "/home/airflow/.local/lib/python3.8/site-packages/airflow/cli/cli_parser.py", line 48, in command
    return func(*args, **kwargs)
  File "/home/airflow/.local/lib/python3.8/site-packages/airflow/utils/cli.py", line 92, in wrapper
    return f(*args, **kwargs)
  File "/home/airflow/.local/lib/python3.8/site-packages/airflow/cli/commands/task_command.py", line 298, in task_run
    _run_task_by_selected_method(args, dag, ti)
  File "/home/airflow/.local/lib/python3.8/site-packages/airflow/cli/commands/task_command.py", line 107, in _run_task_by_selected_method
    _run_raw_task(args, ti)
  File "/home/airflow/.local/lib/python3.8/site-packages/airflow/cli/commands/task_command.py", line 180, in _run_raw_task
    ti._run_raw_task(
  File "/home/airflow/.local/lib/python3.8/site-packages/airflow/utils/session.py", line 70, in wrapper
    return func(*args, session=session, **kwargs)
  File "/home/airflow/.local/lib/python3.8/site-packages/airflow/models/taskinstance.py", line 1334, in _run_raw_task
    self._execute_task_with_callbacks(context)
  File "/home/airflow/.local/lib/python3.8/site-packages/airflow/models/taskinstance.py", line 1460, in _execute_task_with_callbacks
    result = self._execute_task(context, self.task)
  File "/home/airflow/.local/lib/python3.8/site-packages/airflow/models/taskinstance.py", line 1516, in _execute_task
    result = execute_callable(context=context)
  File "/opt/airflow/plugins/custom_operators/riot_matchdetails_toADLS_Operator.py", line 62, in execute
    self.upload_to_azureLake()
  File "/opt/airflow/plugins/custom_operators/riot_matchdetails_toADLS_Operator.py", line 129, in upload_to_azureLake
    wasb_hook.load_file(
  File "/home/airflow/.local/lib/python3.8/site-packages/airflow/providers/microsoft/azure/hooks/wasb.py", line 254, in load_file
    self.upload(
  File "/home/airflow/.local/lib/python3.8/site-packages/airflow/providers/microsoft/azure/hooks/wasb.py", line 339, in upload
    return blob_client.upload_blob(data, blob_type, length=length, **kwargs)
  File "/home/airflow/.local/lib/python3.8/site-packages/azure/core/tracing/decorator.py", line 83, in wrapper_use_tracer
    return func(*args, **kwargs)
  File "/home/airflow/.local/lib/python3.8/site-packages/azure/storage/blob/_blob_client.py", line 693, in upload_blob
    return upload_block_blob(**options)
  File "/home/airflow/.local/lib/python3.8/site-packages/azure/storage/blob/_upload_helpers.py", line 157, in upload_block_blob
    process_storage_error(error)
  File "/home/airflow/.local/lib/python3.8/site-packages/azure/storage/blob/_shared/response_handlers.py", line 150, in process_storage_error
    error.raise_with_traceback()
  File "/home/airflow/.local/lib/python3.8/site-packages/azure/core/exceptions.py", line 247, in raise_with_traceback
    raise super(AzureError, self).with_traceback(self.exc_traceback)
  File "/home/airflow/.local/lib/python3.8/site-packages/azure/storage/blob/_upload_helpers.py", line 94, in upload_block_blob
    return client.upload(
  File "/home/airflow/.local/lib/python3.8/site-packages/azure/storage/blob/_generated/operations/_block_blob_operations.py", line 228, in upload
    map_error(status_code=response.status_code, response=response, error_map=error_map)
  File "/home/airflow/.local/lib/python3.8/site-packages/azure/core/exceptions.py", line 105, in map_error
    raise error
azure.core.exceptions.ResourceExistsError: The specified blob already exists.
RequestId:2a5494d8-a01e-00e9-0c6a-841d2d000000
Time:2022-06-20T05:54:10.1957283Z
ErrorCode:BlobAlreadyExists
Error:None
Content: <?xml version="1.0" encoding="utf-8"?><Error><Code>BlobAlreadyExists</Code><Message>The specified blob already exists.
RequestId:2a5494d8-a01e-00e9-0c6a-841d2d000000
Time:2022-06-20T05:54:10.1957283Z</Message></Error>
[2022-06-20 05:54:09,120] {local_task_job.py:154} INFO - Task exited with return code 1
[2022-06-20 05:54:09,155] {local_task_job.py:264} INFO - 0 downstream tasks scheduled from follow-on schedule check
