[2022-06-12 22:02:44,706] {processor.py:163} INFO - Started process (PID=7244) to work on /home/airflow/.local/lib/python3.8/site-packages/airflow/example_dags/example_branch_labels.py
[2022-06-12 22:02:44,708] {processor.py:642} INFO - Processing file /home/airflow/.local/lib/python3.8/site-packages/airflow/example_dags/example_branch_labels.py for tasks to queue
[2022-06-12 22:02:44,709] {logging_mixin.py:109} INFO - [2022-06-12 22:02:44,709] {dagbag.py:500} INFO - Filling up the DagBag from /home/airflow/.local/lib/python3.8/site-packages/airflow/example_dags/example_branch_labels.py
[2022-06-12 22:02:44,747] {processor.py:654} INFO - DAG(s) dict_keys(['example_branch_labels']) retrieved from /home/airflow/.local/lib/python3.8/site-packages/airflow/example_dags/example_branch_labels.py
[2022-06-12 22:02:44,757] {logging_mixin.py:109} INFO - [2022-06-12 22:02:44,757] {dag.py:2398} INFO - Sync 1 DAGs
[2022-06-12 22:02:44,772] {logging_mixin.py:109} INFO - [2022-06-12 22:02:44,772] {dag.py:2937} INFO - Setting next_dagrun for example_branch_labels to 2022-06-11 00:00:00+00:00
[2022-06-12 22:02:45,056] {processor.py:171} INFO - Processing /home/airflow/.local/lib/python3.8/site-packages/airflow/example_dags/example_branch_labels.py took 0.353 seconds
[2022-06-12 22:03:15,935] {processor.py:163} INFO - Started process (PID=7309) to work on /home/airflow/.local/lib/python3.8/site-packages/airflow/example_dags/example_branch_labels.py
[2022-06-12 22:03:15,936] {processor.py:642} INFO - Processing file /home/airflow/.local/lib/python3.8/site-packages/airflow/example_dags/example_branch_labels.py for tasks to queue
[2022-06-12 22:03:15,937] {logging_mixin.py:109} INFO - [2022-06-12 22:03:15,936] {dagbag.py:500} INFO - Filling up the DagBag from /home/airflow/.local/lib/python3.8/site-packages/airflow/example_dags/example_branch_labels.py
[2022-06-12 22:03:15,993] {processor.py:654} INFO - DAG(s) dict_keys(['example_branch_labels']) retrieved from /home/airflow/.local/lib/python3.8/site-packages/airflow/example_dags/example_branch_labels.py
[2022-06-12 22:03:16,013] {logging_mixin.py:109} INFO - [2022-06-12 22:03:16,013] {dag.py:2398} INFO - Sync 1 DAGs
[2022-06-12 22:03:16,049] {logging_mixin.py:109} INFO - [2022-06-12 22:03:16,049] {dag.py:2937} INFO - Setting next_dagrun for example_branch_labels to 2022-06-11 00:00:00+00:00
[2022-06-12 22:03:16,071] {processor.py:171} INFO - Processing /home/airflow/.local/lib/python3.8/site-packages/airflow/example_dags/example_branch_labels.py took 0.140 seconds
[2022-06-12 22:03:46,702] {processor.py:163} INFO - Started process (PID=7359) to work on /home/airflow/.local/lib/python3.8/site-packages/airflow/example_dags/example_branch_labels.py
[2022-06-12 22:03:46,703] {processor.py:642} INFO - Processing file /home/airflow/.local/lib/python3.8/site-packages/airflow/example_dags/example_branch_labels.py for tasks to queue
[2022-06-12 22:03:46,704] {logging_mixin.py:109} INFO - [2022-06-12 22:03:46,703] {dagbag.py:500} INFO - Filling up the DagBag from /home/airflow/.local/lib/python3.8/site-packages/airflow/example_dags/example_branch_labels.py
[2022-06-12 22:03:46,727] {processor.py:654} INFO - DAG(s) dict_keys(['example_branch_labels']) retrieved from /home/airflow/.local/lib/python3.8/site-packages/airflow/example_dags/example_branch_labels.py
[2022-06-12 22:03:46,738] {logging_mixin.py:109} INFO - [2022-06-12 22:03:46,738] {dag.py:2398} INFO - Sync 1 DAGs
[2022-06-12 22:03:46,776] {logging_mixin.py:109} INFO - [2022-06-12 22:03:46,776] {dag.py:2937} INFO - Setting next_dagrun for example_branch_labels to 2022-06-11 00:00:00+00:00
[2022-06-12 22:03:46,806] {processor.py:171} INFO - Processing /home/airflow/.local/lib/python3.8/site-packages/airflow/example_dags/example_branch_labels.py took 0.106 seconds
[2022-06-12 22:04:17,154] {processor.py:163} INFO - Started process (PID=7423) to work on /home/airflow/.local/lib/python3.8/site-packages/airflow/example_dags/example_branch_labels.py
[2022-06-12 22:04:17,155] {processor.py:642} INFO - Processing file /home/airflow/.local/lib/python3.8/site-packages/airflow/example_dags/example_branch_labels.py for tasks to queue
[2022-06-12 22:04:17,155] {logging_mixin.py:109} INFO - [2022-06-12 22:04:17,155] {dagbag.py:500} INFO - Filling up the DagBag from /home/airflow/.local/lib/python3.8/site-packages/airflow/example_dags/example_branch_labels.py
[2022-06-12 22:04:17,207] {processor.py:654} INFO - DAG(s) dict_keys(['example_branch_labels']) retrieved from /home/airflow/.local/lib/python3.8/site-packages/airflow/example_dags/example_branch_labels.py
[2022-06-12 22:04:17,227] {logging_mixin.py:109} INFO - [2022-06-12 22:04:17,227] {dag.py:2398} INFO - Sync 1 DAGs
[2022-06-12 22:04:17,245] {logging_mixin.py:109} INFO - [2022-06-12 22:04:17,245] {dag.py:2937} INFO - Setting next_dagrun for example_branch_labels to 2022-06-11 00:00:00+00:00
[2022-06-12 22:04:17,254] {processor.py:171} INFO - Processing /home/airflow/.local/lib/python3.8/site-packages/airflow/example_dags/example_branch_labels.py took 0.102 seconds
[2022-06-12 22:04:47,451] {processor.py:163} INFO - Started process (PID=7473) to work on /home/airflow/.local/lib/python3.8/site-packages/airflow/example_dags/example_branch_labels.py
[2022-06-12 22:04:47,456] {processor.py:642} INFO - Processing file /home/airflow/.local/lib/python3.8/site-packages/airflow/example_dags/example_branch_labels.py for tasks to queue
[2022-06-12 22:04:47,456] {logging_mixin.py:109} INFO - [2022-06-12 22:04:47,456] {dagbag.py:500} INFO - Filling up the DagBag from /home/airflow/.local/lib/python3.8/site-packages/airflow/example_dags/example_branch_labels.py
[2022-06-12 22:04:47,479] {processor.py:654} INFO - DAG(s) dict_keys(['example_branch_labels']) retrieved from /home/airflow/.local/lib/python3.8/site-packages/airflow/example_dags/example_branch_labels.py
[2022-06-12 22:04:47,488] {logging_mixin.py:109} INFO - [2022-06-12 22:04:47,488] {dag.py:2398} INFO - Sync 1 DAGs
[2022-06-12 22:04:47,501] {logging_mixin.py:109} INFO - [2022-06-12 22:04:47,501] {dag.py:2937} INFO - Setting next_dagrun for example_branch_labels to 2022-06-11 00:00:00+00:00
[2022-06-12 22:04:47,510] {processor.py:171} INFO - Processing /home/airflow/.local/lib/python3.8/site-packages/airflow/example_dags/example_branch_labels.py took 0.061 seconds
[2022-06-12 22:05:18,195] {processor.py:163} INFO - Started process (PID=7540) to work on /home/airflow/.local/lib/python3.8/site-packages/airflow/example_dags/example_branch_labels.py
[2022-06-12 22:05:18,195] {processor.py:642} INFO - Processing file /home/airflow/.local/lib/python3.8/site-packages/airflow/example_dags/example_branch_labels.py for tasks to queue
[2022-06-12 22:05:18,196] {logging_mixin.py:109} INFO - [2022-06-12 22:05:18,196] {dagbag.py:500} INFO - Filling up the DagBag from /home/airflow/.local/lib/python3.8/site-packages/airflow/example_dags/example_branch_labels.py
[2022-06-12 22:05:18,222] {processor.py:654} INFO - DAG(s) dict_keys(['example_branch_labels']) retrieved from /home/airflow/.local/lib/python3.8/site-packages/airflow/example_dags/example_branch_labels.py
[2022-06-12 22:05:18,230] {logging_mixin.py:109} INFO - [2022-06-12 22:05:18,229] {dag.py:2398} INFO - Sync 1 DAGs
[2022-06-12 22:05:18,245] {logging_mixin.py:109} INFO - [2022-06-12 22:05:18,245] {dag.py:2937} INFO - Setting next_dagrun for example_branch_labels to 2022-06-11 00:00:00+00:00
[2022-06-12 22:05:18,256] {processor.py:171} INFO - Processing /home/airflow/.local/lib/python3.8/site-packages/airflow/example_dags/example_branch_labels.py took 0.063 seconds
[2022-06-12 22:05:49,191] {processor.py:163} INFO - Started process (PID=7606) to work on /home/airflow/.local/lib/python3.8/site-packages/airflow/example_dags/example_branch_labels.py
[2022-06-12 22:05:49,192] {processor.py:642} INFO - Processing file /home/airflow/.local/lib/python3.8/site-packages/airflow/example_dags/example_branch_labels.py for tasks to queue
[2022-06-12 22:05:49,193] {logging_mixin.py:109} INFO - [2022-06-12 22:05:49,193] {dagbag.py:500} INFO - Filling up the DagBag from /home/airflow/.local/lib/python3.8/site-packages/airflow/example_dags/example_branch_labels.py
[2022-06-12 22:05:49,216] {processor.py:654} INFO - DAG(s) dict_keys(['example_branch_labels']) retrieved from /home/airflow/.local/lib/python3.8/site-packages/airflow/example_dags/example_branch_labels.py
[2022-06-12 22:05:49,225] {logging_mixin.py:109} INFO - [2022-06-12 22:05:49,225] {dag.py:2398} INFO - Sync 1 DAGs
[2022-06-12 22:05:49,238] {logging_mixin.py:109} INFO - [2022-06-12 22:05:49,238] {dag.py:2937} INFO - Setting next_dagrun for example_branch_labels to 2022-06-11 00:00:00+00:00
[2022-06-12 22:05:49,248] {processor.py:171} INFO - Processing /home/airflow/.local/lib/python3.8/site-packages/airflow/example_dags/example_branch_labels.py took 0.058 seconds
[2022-06-12 22:06:19,297] {processor.py:163} INFO - Started process (PID=7671) to work on /home/airflow/.local/lib/python3.8/site-packages/airflow/example_dags/example_branch_labels.py
[2022-06-12 22:06:19,298] {processor.py:642} INFO - Processing file /home/airflow/.local/lib/python3.8/site-packages/airflow/example_dags/example_branch_labels.py for tasks to queue
[2022-06-12 22:06:19,298] {logging_mixin.py:109} INFO - [2022-06-12 22:06:19,298] {dagbag.py:500} INFO - Filling up the DagBag from /home/airflow/.local/lib/python3.8/site-packages/airflow/example_dags/example_branch_labels.py
[2022-06-12 22:06:19,320] {processor.py:654} INFO - DAG(s) dict_keys(['example_branch_labels']) retrieved from /home/airflow/.local/lib/python3.8/site-packages/airflow/example_dags/example_branch_labels.py
[2022-06-12 22:06:19,327] {logging_mixin.py:109} INFO - [2022-06-12 22:06:19,327] {dag.py:2398} INFO - Sync 1 DAGs
[2022-06-12 22:06:19,339] {logging_mixin.py:109} INFO - [2022-06-12 22:06:19,339] {dag.py:2937} INFO - Setting next_dagrun for example_branch_labels to 2022-06-11 00:00:00+00:00
[2022-06-12 22:06:19,347] {processor.py:171} INFO - Processing /home/airflow/.local/lib/python3.8/site-packages/airflow/example_dags/example_branch_labels.py took 0.052 seconds
[2022-06-12 22:06:49,753] {processor.py:163} INFO - Started process (PID=7738) to work on /home/airflow/.local/lib/python3.8/site-packages/airflow/example_dags/example_branch_labels.py
[2022-06-12 22:06:49,755] {processor.py:642} INFO - Processing file /home/airflow/.local/lib/python3.8/site-packages/airflow/example_dags/example_branch_labels.py for tasks to queue
[2022-06-12 22:06:49,755] {logging_mixin.py:109} INFO - [2022-06-12 22:06:49,755] {dagbag.py:500} INFO - Filling up the DagBag from /home/airflow/.local/lib/python3.8/site-packages/airflow/example_dags/example_branch_labels.py
[2022-06-12 22:06:49,775] {processor.py:654} INFO - DAG(s) dict_keys(['example_branch_labels']) retrieved from /home/airflow/.local/lib/python3.8/site-packages/airflow/example_dags/example_branch_labels.py
[2022-06-12 22:06:49,783] {logging_mixin.py:109} INFO - [2022-06-12 22:06:49,783] {dag.py:2398} INFO - Sync 1 DAGs
[2022-06-12 22:06:49,799] {logging_mixin.py:109} INFO - [2022-06-12 22:06:49,799] {dag.py:2937} INFO - Setting next_dagrun for example_branch_labels to 2022-06-11 00:00:00+00:00
[2022-06-12 22:06:49,809] {processor.py:171} INFO - Processing /home/airflow/.local/lib/python3.8/site-packages/airflow/example_dags/example_branch_labels.py took 0.057 seconds
[2022-06-12 22:07:20,249] {processor.py:163} INFO - Started process (PID=7804) to work on /home/airflow/.local/lib/python3.8/site-packages/airflow/example_dags/example_branch_labels.py
[2022-06-12 22:07:20,250] {processor.py:642} INFO - Processing file /home/airflow/.local/lib/python3.8/site-packages/airflow/example_dags/example_branch_labels.py for tasks to queue
[2022-06-12 22:07:20,251] {logging_mixin.py:109} INFO - [2022-06-12 22:07:20,251] {dagbag.py:500} INFO - Filling up the DagBag from /home/airflow/.local/lib/python3.8/site-packages/airflow/example_dags/example_branch_labels.py
[2022-06-12 22:07:20,281] {processor.py:654} INFO - DAG(s) dict_keys(['example_branch_labels']) retrieved from /home/airflow/.local/lib/python3.8/site-packages/airflow/example_dags/example_branch_labels.py
[2022-06-12 22:07:20,291] {logging_mixin.py:109} INFO - [2022-06-12 22:07:20,291] {dag.py:2398} INFO - Sync 1 DAGs
[2022-06-12 22:07:20,306] {logging_mixin.py:109} INFO - [2022-06-12 22:07:20,306] {dag.py:2937} INFO - Setting next_dagrun for example_branch_labels to 2022-06-11 00:00:00+00:00
[2022-06-12 22:07:20,318] {processor.py:171} INFO - Processing /home/airflow/.local/lib/python3.8/site-packages/airflow/example_dags/example_branch_labels.py took 0.070 seconds
[2022-06-12 22:07:50,788] {processor.py:163} INFO - Started process (PID=7870) to work on /home/airflow/.local/lib/python3.8/site-packages/airflow/example_dags/example_branch_labels.py
[2022-06-12 22:07:50,789] {processor.py:642} INFO - Processing file /home/airflow/.local/lib/python3.8/site-packages/airflow/example_dags/example_branch_labels.py for tasks to queue
[2022-06-12 22:07:50,789] {logging_mixin.py:109} INFO - [2022-06-12 22:07:50,789] {dagbag.py:500} INFO - Filling up the DagBag from /home/airflow/.local/lib/python3.8/site-packages/airflow/example_dags/example_branch_labels.py
[2022-06-12 22:07:50,817] {processor.py:654} INFO - DAG(s) dict_keys(['example_branch_labels']) retrieved from /home/airflow/.local/lib/python3.8/site-packages/airflow/example_dags/example_branch_labels.py
[2022-06-12 22:07:50,826] {logging_mixin.py:109} INFO - [2022-06-12 22:07:50,826] {dag.py:2398} INFO - Sync 1 DAGs
[2022-06-12 22:07:50,843] {logging_mixin.py:109} INFO - [2022-06-12 22:07:50,843] {dag.py:2937} INFO - Setting next_dagrun for example_branch_labels to 2022-06-11 00:00:00+00:00
[2022-06-12 22:07:50,856] {processor.py:171} INFO - Processing /home/airflow/.local/lib/python3.8/site-packages/airflow/example_dags/example_branch_labels.py took 0.070 seconds
