[2022-06-12 22:02:51,037] {processor.py:163} INFO - Started process (PID=7263) to work on /home/airflow/.local/lib/python3.8/site-packages/airflow/example_dags/example_branch_python_dop_operator_3.py
[2022-06-12 22:02:51,039] {processor.py:642} INFO - Processing file /home/airflow/.local/lib/python3.8/site-packages/airflow/example_dags/example_branch_python_dop_operator_3.py for tasks to queue
[2022-06-12 22:02:51,039] {logging_mixin.py:109} INFO - [2022-06-12 22:02:51,039] {dagbag.py:500} INFO - Filling up the DagBag from /home/airflow/.local/lib/python3.8/site-packages/airflow/example_dags/example_branch_python_dop_operator_3.py
[2022-06-12 22:02:51,066] {processor.py:654} INFO - DAG(s) dict_keys(['example_branch_dop_operator_v3']) retrieved from /home/airflow/.local/lib/python3.8/site-packages/airflow/example_dags/example_branch_python_dop_operator_3.py
[2022-06-12 22:02:51,076] {logging_mixin.py:109} INFO - [2022-06-12 22:02:51,076] {dag.py:2398} INFO - Sync 1 DAGs
[2022-06-12 22:02:51,095] {logging_mixin.py:109} INFO - [2022-06-12 22:02:51,095] {dag.py:2937} INFO - Setting next_dagrun for example_branch_dop_operator_v3 to 2022-06-12T22:01:00+00:00
[2022-06-12 22:02:51,478] {processor.py:171} INFO - Processing /home/airflow/.local/lib/python3.8/site-packages/airflow/example_dags/example_branch_python_dop_operator_3.py took 0.444 seconds
[2022-06-12 22:03:22,189] {processor.py:163} INFO - Started process (PID=7328) to work on /home/airflow/.local/lib/python3.8/site-packages/airflow/example_dags/example_branch_python_dop_operator_3.py
[2022-06-12 22:03:22,189] {processor.py:642} INFO - Processing file /home/airflow/.local/lib/python3.8/site-packages/airflow/example_dags/example_branch_python_dop_operator_3.py for tasks to queue
[2022-06-12 22:03:22,189] {logging_mixin.py:109} INFO - [2022-06-12 22:03:22,189] {dagbag.py:500} INFO - Filling up the DagBag from /home/airflow/.local/lib/python3.8/site-packages/airflow/example_dags/example_branch_python_dop_operator_3.py
[2022-06-12 22:03:22,212] {processor.py:654} INFO - DAG(s) dict_keys(['example_branch_dop_operator_v3']) retrieved from /home/airflow/.local/lib/python3.8/site-packages/airflow/example_dags/example_branch_python_dop_operator_3.py
[2022-06-12 22:03:22,220] {logging_mixin.py:109} INFO - [2022-06-12 22:03:22,220] {dag.py:2398} INFO - Sync 1 DAGs
[2022-06-12 22:03:22,236] {logging_mixin.py:109} INFO - [2022-06-12 22:03:22,236] {dag.py:2937} INFO - Setting next_dagrun for example_branch_dop_operator_v3 to 2022-06-12T22:02:00+00:00
[2022-06-12 22:03:22,249] {processor.py:171} INFO - Processing /home/airflow/.local/lib/python3.8/site-packages/airflow/example_dags/example_branch_python_dop_operator_3.py took 0.062 seconds
[2022-06-12 22:03:52,445] {processor.py:163} INFO - Started process (PID=7394) to work on /home/airflow/.local/lib/python3.8/site-packages/airflow/example_dags/example_branch_python_dop_operator_3.py
[2022-06-12 22:03:52,446] {processor.py:642} INFO - Processing file /home/airflow/.local/lib/python3.8/site-packages/airflow/example_dags/example_branch_python_dop_operator_3.py for tasks to queue
[2022-06-12 22:03:52,447] {logging_mixin.py:109} INFO - [2022-06-12 22:03:52,447] {dagbag.py:500} INFO - Filling up the DagBag from /home/airflow/.local/lib/python3.8/site-packages/airflow/example_dags/example_branch_python_dop_operator_3.py
[2022-06-12 22:03:52,472] {processor.py:654} INFO - DAG(s) dict_keys(['example_branch_dop_operator_v3']) retrieved from /home/airflow/.local/lib/python3.8/site-packages/airflow/example_dags/example_branch_python_dop_operator_3.py
[2022-06-12 22:03:52,481] {logging_mixin.py:109} INFO - [2022-06-12 22:03:52,481] {dag.py:2398} INFO - Sync 1 DAGs
[2022-06-12 22:03:52,498] {logging_mixin.py:109} INFO - [2022-06-12 22:03:52,498] {dag.py:2937} INFO - Setting next_dagrun for example_branch_dop_operator_v3 to 2022-06-12T22:02:00+00:00
[2022-06-12 22:03:52,508] {processor.py:171} INFO - Processing /home/airflow/.local/lib/python3.8/site-packages/airflow/example_dags/example_branch_python_dop_operator_3.py took 0.064 seconds
[2022-06-12 22:04:22,654] {processor.py:163} INFO - Started process (PID=7460) to work on /home/airflow/.local/lib/python3.8/site-packages/airflow/example_dags/example_branch_python_dop_operator_3.py
[2022-06-12 22:04:22,654] {processor.py:642} INFO - Processing file /home/airflow/.local/lib/python3.8/site-packages/airflow/example_dags/example_branch_python_dop_operator_3.py for tasks to queue
[2022-06-12 22:04:22,655] {logging_mixin.py:109} INFO - [2022-06-12 22:04:22,655] {dagbag.py:500} INFO - Filling up the DagBag from /home/airflow/.local/lib/python3.8/site-packages/airflow/example_dags/example_branch_python_dop_operator_3.py
[2022-06-12 22:04:22,679] {processor.py:654} INFO - DAG(s) dict_keys(['example_branch_dop_operator_v3']) retrieved from /home/airflow/.local/lib/python3.8/site-packages/airflow/example_dags/example_branch_python_dop_operator_3.py
[2022-06-12 22:04:22,687] {logging_mixin.py:109} INFO - [2022-06-12 22:04:22,687] {dag.py:2398} INFO - Sync 1 DAGs
[2022-06-12 22:04:22,702] {logging_mixin.py:109} INFO - [2022-06-12 22:04:22,702] {dag.py:2937} INFO - Setting next_dagrun for example_branch_dop_operator_v3 to 2022-06-12T22:03:00+00:00
[2022-06-12 22:04:22,711] {processor.py:171} INFO - Processing /home/airflow/.local/lib/python3.8/site-packages/airflow/example_dags/example_branch_python_dop_operator_3.py took 0.060 seconds
[2022-06-12 22:04:53,567] {processor.py:163} INFO - Started process (PID=7526) to work on /home/airflow/.local/lib/python3.8/site-packages/airflow/example_dags/example_branch_python_dop_operator_3.py
[2022-06-12 22:04:53,568] {processor.py:642} INFO - Processing file /home/airflow/.local/lib/python3.8/site-packages/airflow/example_dags/example_branch_python_dop_operator_3.py for tasks to queue
[2022-06-12 22:04:53,569] {logging_mixin.py:109} INFO - [2022-06-12 22:04:53,569] {dagbag.py:500} INFO - Filling up the DagBag from /home/airflow/.local/lib/python3.8/site-packages/airflow/example_dags/example_branch_python_dop_operator_3.py
[2022-06-12 22:04:53,595] {processor.py:654} INFO - DAG(s) dict_keys(['example_branch_dop_operator_v3']) retrieved from /home/airflow/.local/lib/python3.8/site-packages/airflow/example_dags/example_branch_python_dop_operator_3.py
[2022-06-12 22:04:53,605] {logging_mixin.py:109} INFO - [2022-06-12 22:04:53,605] {dag.py:2398} INFO - Sync 1 DAGs
[2022-06-12 22:04:53,625] {logging_mixin.py:109} INFO - [2022-06-12 22:04:53,625] {dag.py:2937} INFO - Setting next_dagrun for example_branch_dop_operator_v3 to 2022-06-12T22:03:00+00:00
[2022-06-12 22:04:53,638] {processor.py:171} INFO - Processing /home/airflow/.local/lib/python3.8/site-packages/airflow/example_dags/example_branch_python_dop_operator_3.py took 0.073 seconds
[2022-06-12 22:05:24,285] {processor.py:163} INFO - Started process (PID=7592) to work on /home/airflow/.local/lib/python3.8/site-packages/airflow/example_dags/example_branch_python_dop_operator_3.py
[2022-06-12 22:05:24,285] {processor.py:642} INFO - Processing file /home/airflow/.local/lib/python3.8/site-packages/airflow/example_dags/example_branch_python_dop_operator_3.py for tasks to queue
[2022-06-12 22:05:24,289] {logging_mixin.py:109} INFO - [2022-06-12 22:05:24,289] {dagbag.py:500} INFO - Filling up the DagBag from /home/airflow/.local/lib/python3.8/site-packages/airflow/example_dags/example_branch_python_dop_operator_3.py
[2022-06-12 22:05:24,312] {processor.py:654} INFO - DAG(s) dict_keys(['example_branch_dop_operator_v3']) retrieved from /home/airflow/.local/lib/python3.8/site-packages/airflow/example_dags/example_branch_python_dop_operator_3.py
[2022-06-12 22:05:24,320] {logging_mixin.py:109} INFO - [2022-06-12 22:05:24,319] {dag.py:2398} INFO - Sync 1 DAGs
[2022-06-12 22:05:24,336] {logging_mixin.py:109} INFO - [2022-06-12 22:05:24,335] {dag.py:2937} INFO - Setting next_dagrun for example_branch_dop_operator_v3 to 2022-06-12T22:04:00+00:00
[2022-06-12 22:05:24,344] {processor.py:171} INFO - Processing /home/airflow/.local/lib/python3.8/site-packages/airflow/example_dags/example_branch_python_dop_operator_3.py took 0.061 seconds
[2022-06-12 22:05:54,593] {processor.py:163} INFO - Started process (PID=7658) to work on /home/airflow/.local/lib/python3.8/site-packages/airflow/example_dags/example_branch_python_dop_operator_3.py
[2022-06-12 22:05:54,600] {processor.py:642} INFO - Processing file /home/airflow/.local/lib/python3.8/site-packages/airflow/example_dags/example_branch_python_dop_operator_3.py for tasks to queue
[2022-06-12 22:05:54,601] {logging_mixin.py:109} INFO - [2022-06-12 22:05:54,601] {dagbag.py:500} INFO - Filling up the DagBag from /home/airflow/.local/lib/python3.8/site-packages/airflow/example_dags/example_branch_python_dop_operator_3.py
[2022-06-12 22:05:54,625] {processor.py:654} INFO - DAG(s) dict_keys(['example_branch_dop_operator_v3']) retrieved from /home/airflow/.local/lib/python3.8/site-packages/airflow/example_dags/example_branch_python_dop_operator_3.py
[2022-06-12 22:05:54,633] {logging_mixin.py:109} INFO - [2022-06-12 22:05:54,633] {dag.py:2398} INFO - Sync 1 DAGs
[2022-06-12 22:05:54,649] {logging_mixin.py:109} INFO - [2022-06-12 22:05:54,649] {dag.py:2937} INFO - Setting next_dagrun for example_branch_dop_operator_v3 to 2022-06-12T22:04:00+00:00
[2022-06-12 22:05:54,658] {processor.py:171} INFO - Processing /home/airflow/.local/lib/python3.8/site-packages/airflow/example_dags/example_branch_python_dop_operator_3.py took 0.066 seconds
[2022-06-12 22:06:25,156] {processor.py:163} INFO - Started process (PID=7724) to work on /home/airflow/.local/lib/python3.8/site-packages/airflow/example_dags/example_branch_python_dop_operator_3.py
[2022-06-12 22:06:25,157] {processor.py:642} INFO - Processing file /home/airflow/.local/lib/python3.8/site-packages/airflow/example_dags/example_branch_python_dop_operator_3.py for tasks to queue
[2022-06-12 22:06:25,157] {logging_mixin.py:109} INFO - [2022-06-12 22:06:25,157] {dagbag.py:500} INFO - Filling up the DagBag from /home/airflow/.local/lib/python3.8/site-packages/airflow/example_dags/example_branch_python_dop_operator_3.py
[2022-06-12 22:06:25,179] {processor.py:654} INFO - DAG(s) dict_keys(['example_branch_dop_operator_v3']) retrieved from /home/airflow/.local/lib/python3.8/site-packages/airflow/example_dags/example_branch_python_dop_operator_3.py
[2022-06-12 22:06:25,186] {logging_mixin.py:109} INFO - [2022-06-12 22:06:25,185] {dag.py:2398} INFO - Sync 1 DAGs
[2022-06-12 22:06:25,200] {logging_mixin.py:109} INFO - [2022-06-12 22:06:25,200] {dag.py:2937} INFO - Setting next_dagrun for example_branch_dop_operator_v3 to 2022-06-12T22:05:00+00:00
[2022-06-12 22:06:25,209] {processor.py:171} INFO - Processing /home/airflow/.local/lib/python3.8/site-packages/airflow/example_dags/example_branch_python_dop_operator_3.py took 0.054 seconds
[2022-06-12 22:06:55,656] {processor.py:163} INFO - Started process (PID=7790) to work on /home/airflow/.local/lib/python3.8/site-packages/airflow/example_dags/example_branch_python_dop_operator_3.py
[2022-06-12 22:06:55,663] {processor.py:642} INFO - Processing file /home/airflow/.local/lib/python3.8/site-packages/airflow/example_dags/example_branch_python_dop_operator_3.py for tasks to queue
[2022-06-12 22:06:55,663] {logging_mixin.py:109} INFO - [2022-06-12 22:06:55,663] {dagbag.py:500} INFO - Filling up the DagBag from /home/airflow/.local/lib/python3.8/site-packages/airflow/example_dags/example_branch_python_dop_operator_3.py
[2022-06-12 22:06:55,686] {processor.py:654} INFO - DAG(s) dict_keys(['example_branch_dop_operator_v3']) retrieved from /home/airflow/.local/lib/python3.8/site-packages/airflow/example_dags/example_branch_python_dop_operator_3.py
[2022-06-12 22:06:55,693] {logging_mixin.py:109} INFO - [2022-06-12 22:06:55,693] {dag.py:2398} INFO - Sync 1 DAGs
[2022-06-12 22:06:55,707] {logging_mixin.py:109} INFO - [2022-06-12 22:06:55,707] {dag.py:2937} INFO - Setting next_dagrun for example_branch_dop_operator_v3 to 2022-06-12T22:05:00+00:00
[2022-06-12 22:06:55,715] {processor.py:171} INFO - Processing /home/airflow/.local/lib/python3.8/site-packages/airflow/example_dags/example_branch_python_dop_operator_3.py took 0.060 seconds
[2022-06-12 22:07:26,233] {processor.py:163} INFO - Started process (PID=7856) to work on /home/airflow/.local/lib/python3.8/site-packages/airflow/example_dags/example_branch_python_dop_operator_3.py
[2022-06-12 22:07:26,239] {processor.py:642} INFO - Processing file /home/airflow/.local/lib/python3.8/site-packages/airflow/example_dags/example_branch_python_dop_operator_3.py for tasks to queue
[2022-06-12 22:07:26,240] {logging_mixin.py:109} INFO - [2022-06-12 22:07:26,240] {dagbag.py:500} INFO - Filling up the DagBag from /home/airflow/.local/lib/python3.8/site-packages/airflow/example_dags/example_branch_python_dop_operator_3.py
[2022-06-12 22:07:26,266] {processor.py:654} INFO - DAG(s) dict_keys(['example_branch_dop_operator_v3']) retrieved from /home/airflow/.local/lib/python3.8/site-packages/airflow/example_dags/example_branch_python_dop_operator_3.py
[2022-06-12 22:07:26,274] {logging_mixin.py:109} INFO - [2022-06-12 22:07:26,274] {dag.py:2398} INFO - Sync 1 DAGs
[2022-06-12 22:07:26,290] {logging_mixin.py:109} INFO - [2022-06-12 22:07:26,289] {dag.py:2937} INFO - Setting next_dagrun for example_branch_dop_operator_v3 to 2022-06-12T22:06:00+00:00
[2022-06-12 22:07:26,298] {processor.py:171} INFO - Processing /home/airflow/.local/lib/python3.8/site-packages/airflow/example_dags/example_branch_python_dop_operator_3.py took 0.067 seconds
[2022-06-12 22:07:56,492] {processor.py:163} INFO - Started process (PID=7922) to work on /home/airflow/.local/lib/python3.8/site-packages/airflow/example_dags/example_branch_python_dop_operator_3.py
[2022-06-12 22:07:56,493] {processor.py:642} INFO - Processing file /home/airflow/.local/lib/python3.8/site-packages/airflow/example_dags/example_branch_python_dop_operator_3.py for tasks to queue
[2022-06-12 22:07:56,493] {logging_mixin.py:109} INFO - [2022-06-12 22:07:56,493] {dagbag.py:500} INFO - Filling up the DagBag from /home/airflow/.local/lib/python3.8/site-packages/airflow/example_dags/example_branch_python_dop_operator_3.py
[2022-06-12 22:07:56,515] {processor.py:654} INFO - DAG(s) dict_keys(['example_branch_dop_operator_v3']) retrieved from /home/airflow/.local/lib/python3.8/site-packages/airflow/example_dags/example_branch_python_dop_operator_3.py
[2022-06-12 22:07:56,522] {logging_mixin.py:109} INFO - [2022-06-12 22:07:56,522] {dag.py:2398} INFO - Sync 1 DAGs
[2022-06-12 22:07:56,536] {logging_mixin.py:109} INFO - [2022-06-12 22:07:56,536] {dag.py:2937} INFO - Setting next_dagrun for example_branch_dop_operator_v3 to 2022-06-12T22:06:00+00:00
[2022-06-12 22:07:56,545] {processor.py:171} INFO - Processing /home/airflow/.local/lib/python3.8/site-packages/airflow/example_dags/example_branch_python_dop_operator_3.py took 0.054 seconds
