[2022-06-12 22:02:49,953] {processor.py:163} INFO - Started process (PID=7260) to work on /home/airflow/.local/lib/python3.8/site-packages/airflow/example_dags/example_bash_operator.py
[2022-06-12 22:02:49,954] {processor.py:642} INFO - Processing file /home/airflow/.local/lib/python3.8/site-packages/airflow/example_dags/example_bash_operator.py for tasks to queue
[2022-06-12 22:02:49,954] {logging_mixin.py:109} INFO - [2022-06-12 22:02:49,954] {dagbag.py:500} INFO - Filling up the DagBag from /home/airflow/.local/lib/python3.8/site-packages/airflow/example_dags/example_bash_operator.py
[2022-06-12 22:02:49,977] {processor.py:654} INFO - DAG(s) dict_keys(['example_bash_operator']) retrieved from /home/airflow/.local/lib/python3.8/site-packages/airflow/example_dags/example_bash_operator.py
[2022-06-12 22:02:49,987] {logging_mixin.py:109} INFO - [2022-06-12 22:02:49,987] {dag.py:2398} INFO - Sync 1 DAGs
[2022-06-12 22:02:50,000] {logging_mixin.py:109} INFO - [2022-06-12 22:02:50,000] {dag.py:2937} INFO - Setting next_dagrun for example_bash_operator to 2022-06-11 00:00:00+00:00
[2022-06-12 22:02:50,747] {processor.py:171} INFO - Processing /home/airflow/.local/lib/python3.8/site-packages/airflow/example_dags/example_bash_operator.py took 0.795 seconds
[2022-06-12 22:03:21,111] {processor.py:163} INFO - Started process (PID=7326) to work on /home/airflow/.local/lib/python3.8/site-packages/airflow/example_dags/example_bash_operator.py
[2022-06-12 22:03:21,111] {processor.py:642} INFO - Processing file /home/airflow/.local/lib/python3.8/site-packages/airflow/example_dags/example_bash_operator.py for tasks to queue
[2022-06-12 22:03:21,112] {logging_mixin.py:109} INFO - [2022-06-12 22:03:21,112] {dagbag.py:500} INFO - Filling up the DagBag from /home/airflow/.local/lib/python3.8/site-packages/airflow/example_dags/example_bash_operator.py
[2022-06-12 22:03:21,138] {processor.py:654} INFO - DAG(s) dict_keys(['example_bash_operator']) retrieved from /home/airflow/.local/lib/python3.8/site-packages/airflow/example_dags/example_bash_operator.py
[2022-06-12 22:03:21,145] {logging_mixin.py:109} INFO - [2022-06-12 22:03:21,145] {dag.py:2398} INFO - Sync 1 DAGs
[2022-06-12 22:03:21,158] {logging_mixin.py:109} INFO - [2022-06-12 22:03:21,158] {dag.py:2937} INFO - Setting next_dagrun for example_bash_operator to 2022-06-11 00:00:00+00:00
[2022-06-12 22:03:21,169] {processor.py:171} INFO - Processing /home/airflow/.local/lib/python3.8/site-packages/airflow/example_dags/example_bash_operator.py took 0.059 seconds
[2022-06-12 22:03:51,366] {processor.py:163} INFO - Started process (PID=7392) to work on /home/airflow/.local/lib/python3.8/site-packages/airflow/example_dags/example_bash_operator.py
[2022-06-12 22:03:51,367] {processor.py:642} INFO - Processing file /home/airflow/.local/lib/python3.8/site-packages/airflow/example_dags/example_bash_operator.py for tasks to queue
[2022-06-12 22:03:51,367] {logging_mixin.py:109} INFO - [2022-06-12 22:03:51,367] {dagbag.py:500} INFO - Filling up the DagBag from /home/airflow/.local/lib/python3.8/site-packages/airflow/example_dags/example_bash_operator.py
[2022-06-12 22:03:51,398] {processor.py:654} INFO - DAG(s) dict_keys(['example_bash_operator']) retrieved from /home/airflow/.local/lib/python3.8/site-packages/airflow/example_dags/example_bash_operator.py
[2022-06-12 22:03:51,408] {logging_mixin.py:109} INFO - [2022-06-12 22:03:51,408] {dag.py:2398} INFO - Sync 1 DAGs
[2022-06-12 22:03:51,421] {logging_mixin.py:109} INFO - [2022-06-12 22:03:51,421] {dag.py:2937} INFO - Setting next_dagrun for example_bash_operator to 2022-06-11 00:00:00+00:00
[2022-06-12 22:03:51,431] {processor.py:171} INFO - Processing /home/airflow/.local/lib/python3.8/site-packages/airflow/example_dags/example_bash_operator.py took 0.067 seconds
[2022-06-12 22:04:21,515] {processor.py:163} INFO - Started process (PID=7458) to work on /home/airflow/.local/lib/python3.8/site-packages/airflow/example_dags/example_bash_operator.py
[2022-06-12 22:04:21,516] {processor.py:642} INFO - Processing file /home/airflow/.local/lib/python3.8/site-packages/airflow/example_dags/example_bash_operator.py for tasks to queue
[2022-06-12 22:04:21,516] {logging_mixin.py:109} INFO - [2022-06-12 22:04:21,516] {dagbag.py:500} INFO - Filling up the DagBag from /home/airflow/.local/lib/python3.8/site-packages/airflow/example_dags/example_bash_operator.py
[2022-06-12 22:04:21,543] {processor.py:654} INFO - DAG(s) dict_keys(['example_bash_operator']) retrieved from /home/airflow/.local/lib/python3.8/site-packages/airflow/example_dags/example_bash_operator.py
[2022-06-12 22:04:21,552] {logging_mixin.py:109} INFO - [2022-06-12 22:04:21,552] {dag.py:2398} INFO - Sync 1 DAGs
[2022-06-12 22:04:21,564] {logging_mixin.py:109} INFO - [2022-06-12 22:04:21,564] {dag.py:2937} INFO - Setting next_dagrun for example_bash_operator to 2022-06-11 00:00:00+00:00
[2022-06-12 22:04:21,573] {processor.py:171} INFO - Processing /home/airflow/.local/lib/python3.8/site-packages/airflow/example_dags/example_bash_operator.py took 0.059 seconds
[2022-06-12 22:04:52,400] {processor.py:163} INFO - Started process (PID=7524) to work on /home/airflow/.local/lib/python3.8/site-packages/airflow/example_dags/example_bash_operator.py
[2022-06-12 22:04:52,402] {processor.py:642} INFO - Processing file /home/airflow/.local/lib/python3.8/site-packages/airflow/example_dags/example_bash_operator.py for tasks to queue
[2022-06-12 22:04:52,402] {logging_mixin.py:109} INFO - [2022-06-12 22:04:52,402] {dagbag.py:500} INFO - Filling up the DagBag from /home/airflow/.local/lib/python3.8/site-packages/airflow/example_dags/example_bash_operator.py
[2022-06-12 22:04:52,433] {processor.py:654} INFO - DAG(s) dict_keys(['example_bash_operator']) retrieved from /home/airflow/.local/lib/python3.8/site-packages/airflow/example_dags/example_bash_operator.py
[2022-06-12 22:04:52,445] {logging_mixin.py:109} INFO - [2022-06-12 22:04:52,445] {dag.py:2398} INFO - Sync 1 DAGs
[2022-06-12 22:04:52,461] {logging_mixin.py:109} INFO - [2022-06-12 22:04:52,461] {dag.py:2937} INFO - Setting next_dagrun for example_bash_operator to 2022-06-11 00:00:00+00:00
[2022-06-12 22:04:52,473] {processor.py:171} INFO - Processing /home/airflow/.local/lib/python3.8/site-packages/airflow/example_dags/example_bash_operator.py took 0.075 seconds
[2022-06-12 22:05:23,208] {processor.py:163} INFO - Started process (PID=7590) to work on /home/airflow/.local/lib/python3.8/site-packages/airflow/example_dags/example_bash_operator.py
[2022-06-12 22:05:23,209] {processor.py:642} INFO - Processing file /home/airflow/.local/lib/python3.8/site-packages/airflow/example_dags/example_bash_operator.py for tasks to queue
[2022-06-12 22:05:23,210] {logging_mixin.py:109} INFO - [2022-06-12 22:05:23,210] {dagbag.py:500} INFO - Filling up the DagBag from /home/airflow/.local/lib/python3.8/site-packages/airflow/example_dags/example_bash_operator.py
[2022-06-12 22:05:23,237] {processor.py:654} INFO - DAG(s) dict_keys(['example_bash_operator']) retrieved from /home/airflow/.local/lib/python3.8/site-packages/airflow/example_dags/example_bash_operator.py
[2022-06-12 22:05:23,247] {logging_mixin.py:109} INFO - [2022-06-12 22:05:23,247] {dag.py:2398} INFO - Sync 1 DAGs
[2022-06-12 22:05:23,260] {logging_mixin.py:109} INFO - [2022-06-12 22:05:23,260] {dag.py:2937} INFO - Setting next_dagrun for example_bash_operator to 2022-06-11 00:00:00+00:00
[2022-06-12 22:05:23,270] {processor.py:171} INFO - Processing /home/airflow/.local/lib/python3.8/site-packages/airflow/example_dags/example_bash_operator.py took 0.063 seconds
[2022-06-12 22:05:53,434] {processor.py:163} INFO - Started process (PID=7656) to work on /home/airflow/.local/lib/python3.8/site-packages/airflow/example_dags/example_bash_operator.py
[2022-06-12 22:05:53,435] {processor.py:642} INFO - Processing file /home/airflow/.local/lib/python3.8/site-packages/airflow/example_dags/example_bash_operator.py for tasks to queue
[2022-06-12 22:05:53,435] {logging_mixin.py:109} INFO - [2022-06-12 22:05:53,435] {dagbag.py:500} INFO - Filling up the DagBag from /home/airflow/.local/lib/python3.8/site-packages/airflow/example_dags/example_bash_operator.py
[2022-06-12 22:05:53,467] {processor.py:654} INFO - DAG(s) dict_keys(['example_bash_operator']) retrieved from /home/airflow/.local/lib/python3.8/site-packages/airflow/example_dags/example_bash_operator.py
[2022-06-12 22:05:53,480] {logging_mixin.py:109} INFO - [2022-06-12 22:05:53,480] {dag.py:2398} INFO - Sync 1 DAGs
[2022-06-12 22:05:53,498] {logging_mixin.py:109} INFO - [2022-06-12 22:05:53,497] {dag.py:2937} INFO - Setting next_dagrun for example_bash_operator to 2022-06-11 00:00:00+00:00
[2022-06-12 22:05:53,508] {processor.py:171} INFO - Processing /home/airflow/.local/lib/python3.8/site-packages/airflow/example_dags/example_bash_operator.py took 0.077 seconds
[2022-06-12 22:06:24,149] {processor.py:163} INFO - Started process (PID=7722) to work on /home/airflow/.local/lib/python3.8/site-packages/airflow/example_dags/example_bash_operator.py
[2022-06-12 22:06:24,149] {processor.py:642} INFO - Processing file /home/airflow/.local/lib/python3.8/site-packages/airflow/example_dags/example_bash_operator.py for tasks to queue
[2022-06-12 22:06:24,150] {logging_mixin.py:109} INFO - [2022-06-12 22:06:24,150] {dagbag.py:500} INFO - Filling up the DagBag from /home/airflow/.local/lib/python3.8/site-packages/airflow/example_dags/example_bash_operator.py
[2022-06-12 22:06:24,177] {processor.py:654} INFO - DAG(s) dict_keys(['example_bash_operator']) retrieved from /home/airflow/.local/lib/python3.8/site-packages/airflow/example_dags/example_bash_operator.py
[2022-06-12 22:06:24,187] {logging_mixin.py:109} INFO - [2022-06-12 22:06:24,187] {dag.py:2398} INFO - Sync 1 DAGs
[2022-06-12 22:06:24,197] {logging_mixin.py:109} INFO - [2022-06-12 22:06:24,197] {dag.py:2937} INFO - Setting next_dagrun for example_bash_operator to 2022-06-11 00:00:00+00:00
[2022-06-12 22:06:24,206] {processor.py:171} INFO - Processing /home/airflow/.local/lib/python3.8/site-packages/airflow/example_dags/example_bash_operator.py took 0.059 seconds
[2022-06-12 22:06:54,535] {processor.py:163} INFO - Started process (PID=7788) to work on /home/airflow/.local/lib/python3.8/site-packages/airflow/example_dags/example_bash_operator.py
[2022-06-12 22:06:54,536] {processor.py:642} INFO - Processing file /home/airflow/.local/lib/python3.8/site-packages/airflow/example_dags/example_bash_operator.py for tasks to queue
[2022-06-12 22:06:54,536] {logging_mixin.py:109} INFO - [2022-06-12 22:06:54,536] {dagbag.py:500} INFO - Filling up the DagBag from /home/airflow/.local/lib/python3.8/site-packages/airflow/example_dags/example_bash_operator.py
[2022-06-12 22:06:54,563] {processor.py:654} INFO - DAG(s) dict_keys(['example_bash_operator']) retrieved from /home/airflow/.local/lib/python3.8/site-packages/airflow/example_dags/example_bash_operator.py
[2022-06-12 22:06:54,579] {logging_mixin.py:109} INFO - [2022-06-12 22:06:54,579] {dag.py:2398} INFO - Sync 1 DAGs
[2022-06-12 22:06:54,608] {logging_mixin.py:109} INFO - [2022-06-12 22:06:54,608] {dag.py:2937} INFO - Setting next_dagrun for example_bash_operator to 2022-06-11 00:00:00+00:00
[2022-06-12 22:06:54,640] {processor.py:171} INFO - Processing /home/airflow/.local/lib/python3.8/site-packages/airflow/example_dags/example_bash_operator.py took 0.106 seconds
[2022-06-12 22:07:25,101] {processor.py:163} INFO - Started process (PID=7854) to work on /home/airflow/.local/lib/python3.8/site-packages/airflow/example_dags/example_bash_operator.py
[2022-06-12 22:07:25,101] {processor.py:642} INFO - Processing file /home/airflow/.local/lib/python3.8/site-packages/airflow/example_dags/example_bash_operator.py for tasks to queue
[2022-06-12 22:07:25,102] {logging_mixin.py:109} INFO - [2022-06-12 22:07:25,102] {dagbag.py:500} INFO - Filling up the DagBag from /home/airflow/.local/lib/python3.8/site-packages/airflow/example_dags/example_bash_operator.py
[2022-06-12 22:07:25,125] {processor.py:654} INFO - DAG(s) dict_keys(['example_bash_operator']) retrieved from /home/airflow/.local/lib/python3.8/site-packages/airflow/example_dags/example_bash_operator.py
[2022-06-12 22:07:25,133] {logging_mixin.py:109} INFO - [2022-06-12 22:07:25,133] {dag.py:2398} INFO - Sync 1 DAGs
[2022-06-12 22:07:25,147] {logging_mixin.py:109} INFO - [2022-06-12 22:07:25,146] {dag.py:2937} INFO - Setting next_dagrun for example_bash_operator to 2022-06-11 00:00:00+00:00
[2022-06-12 22:07:25,155] {processor.py:171} INFO - Processing /home/airflow/.local/lib/python3.8/site-packages/airflow/example_dags/example_bash_operator.py took 0.056 seconds
[2022-06-12 22:07:56,425] {processor.py:163} INFO - Started process (PID=7920) to work on /home/airflow/.local/lib/python3.8/site-packages/airflow/example_dags/example_bash_operator.py
[2022-06-12 22:07:56,426] {processor.py:642} INFO - Processing file /home/airflow/.local/lib/python3.8/site-packages/airflow/example_dags/example_bash_operator.py for tasks to queue
[2022-06-12 22:07:56,427] {logging_mixin.py:109} INFO - [2022-06-12 22:07:56,427] {dagbag.py:500} INFO - Filling up the DagBag from /home/airflow/.local/lib/python3.8/site-packages/airflow/example_dags/example_bash_operator.py
[2022-06-12 22:07:56,451] {processor.py:654} INFO - DAG(s) dict_keys(['example_bash_operator']) retrieved from /home/airflow/.local/lib/python3.8/site-packages/airflow/example_dags/example_bash_operator.py
[2022-06-12 22:07:56,459] {logging_mixin.py:109} INFO - [2022-06-12 22:07:56,459] {dag.py:2398} INFO - Sync 1 DAGs
[2022-06-12 22:07:56,471] {logging_mixin.py:109} INFO - [2022-06-12 22:07:56,471] {dag.py:2937} INFO - Setting next_dagrun for example_bash_operator to 2022-06-11 00:00:00+00:00
[2022-06-12 22:07:56,481] {processor.py:171} INFO - Processing /home/airflow/.local/lib/python3.8/site-packages/airflow/example_dags/example_bash_operator.py took 0.058 seconds
