[2022-06-12 22:02:47,455] {processor.py:163} INFO - Started process (PID=7249) to work on /home/airflow/.local/lib/python3.8/site-packages/airflow/example_dags/example_skip_dag.py
[2022-06-12 22:02:47,456] {processor.py:642} INFO - Processing file /home/airflow/.local/lib/python3.8/site-packages/airflow/example_dags/example_skip_dag.py for tasks to queue
[2022-06-12 22:02:47,457] {logging_mixin.py:109} INFO - [2022-06-12 22:02:47,457] {dagbag.py:500} INFO - Filling up the DagBag from /home/airflow/.local/lib/python3.8/site-packages/airflow/example_dags/example_skip_dag.py
[2022-06-12 22:02:47,486] {processor.py:654} INFO - DAG(s) dict_keys(['example_skip_dag']) retrieved from /home/airflow/.local/lib/python3.8/site-packages/airflow/example_dags/example_skip_dag.py
[2022-06-12 22:02:47,495] {logging_mixin.py:109} INFO - [2022-06-12 22:02:47,494] {dag.py:2398} INFO - Sync 1 DAGs
[2022-06-12 22:02:47,507] {logging_mixin.py:109} INFO - [2022-06-12 22:02:47,507] {dag.py:2937} INFO - Setting next_dagrun for example_skip_dag to 2022-06-11T22:02:47.506956+00:00
[2022-06-12 22:02:47,908] {processor.py:171} INFO - Processing /home/airflow/.local/lib/python3.8/site-packages/airflow/example_dags/example_skip_dag.py took 0.454 seconds
[2022-06-12 22:03:18,691] {processor.py:163} INFO - Started process (PID=7315) to work on /home/airflow/.local/lib/python3.8/site-packages/airflow/example_dags/example_skip_dag.py
[2022-06-12 22:03:18,692] {processor.py:642} INFO - Processing file /home/airflow/.local/lib/python3.8/site-packages/airflow/example_dags/example_skip_dag.py for tasks to queue
[2022-06-12 22:03:18,692] {logging_mixin.py:109} INFO - [2022-06-12 22:03:18,692] {dagbag.py:500} INFO - Filling up the DagBag from /home/airflow/.local/lib/python3.8/site-packages/airflow/example_dags/example_skip_dag.py
[2022-06-12 22:03:18,716] {processor.py:654} INFO - DAG(s) dict_keys(['example_skip_dag']) retrieved from /home/airflow/.local/lib/python3.8/site-packages/airflow/example_dags/example_skip_dag.py
[2022-06-12 22:03:18,724] {logging_mixin.py:109} INFO - [2022-06-12 22:03:18,723] {dag.py:2398} INFO - Sync 1 DAGs
[2022-06-12 22:03:18,736] {logging_mixin.py:109} INFO - [2022-06-12 22:03:18,735] {dag.py:2937} INFO - Setting next_dagrun for example_skip_dag to 2022-06-11T22:03:18.735718+00:00
[2022-06-12 22:03:18,748] {processor.py:171} INFO - Processing /home/airflow/.local/lib/python3.8/site-packages/airflow/example_dags/example_skip_dag.py took 0.058 seconds
[2022-06-12 22:03:48,781] {processor.py:163} INFO - Started process (PID=7381) to work on /home/airflow/.local/lib/python3.8/site-packages/airflow/example_dags/example_skip_dag.py
[2022-06-12 22:03:48,781] {processor.py:642} INFO - Processing file /home/airflow/.local/lib/python3.8/site-packages/airflow/example_dags/example_skip_dag.py for tasks to queue
[2022-06-12 22:03:48,782] {logging_mixin.py:109} INFO - [2022-06-12 22:03:48,782] {dagbag.py:500} INFO - Filling up the DagBag from /home/airflow/.local/lib/python3.8/site-packages/airflow/example_dags/example_skip_dag.py
[2022-06-12 22:03:48,806] {processor.py:654} INFO - DAG(s) dict_keys(['example_skip_dag']) retrieved from /home/airflow/.local/lib/python3.8/site-packages/airflow/example_dags/example_skip_dag.py
[2022-06-12 22:03:48,815] {logging_mixin.py:109} INFO - [2022-06-12 22:03:48,815] {dag.py:2398} INFO - Sync 1 DAGs
[2022-06-12 22:03:48,828] {logging_mixin.py:109} INFO - [2022-06-12 22:03:48,828] {dag.py:2937} INFO - Setting next_dagrun for example_skip_dag to 2022-06-11T22:03:48.827839+00:00
[2022-06-12 22:03:48,840] {processor.py:171} INFO - Processing /home/airflow/.local/lib/python3.8/site-packages/airflow/example_dags/example_skip_dag.py took 0.061 seconds
[2022-06-12 22:04:18,943] {processor.py:163} INFO - Started process (PID=7447) to work on /home/airflow/.local/lib/python3.8/site-packages/airflow/example_dags/example_skip_dag.py
[2022-06-12 22:04:18,944] {processor.py:642} INFO - Processing file /home/airflow/.local/lib/python3.8/site-packages/airflow/example_dags/example_skip_dag.py for tasks to queue
[2022-06-12 22:04:18,944] {logging_mixin.py:109} INFO - [2022-06-12 22:04:18,944] {dagbag.py:500} INFO - Filling up the DagBag from /home/airflow/.local/lib/python3.8/site-packages/airflow/example_dags/example_skip_dag.py
[2022-06-12 22:04:18,967] {processor.py:654} INFO - DAG(s) dict_keys(['example_skip_dag']) retrieved from /home/airflow/.local/lib/python3.8/site-packages/airflow/example_dags/example_skip_dag.py
[2022-06-12 22:04:18,975] {logging_mixin.py:109} INFO - [2022-06-12 22:04:18,975] {dag.py:2398} INFO - Sync 1 DAGs
[2022-06-12 22:04:18,988] {logging_mixin.py:109} INFO - [2022-06-12 22:04:18,988] {dag.py:2937} INFO - Setting next_dagrun for example_skip_dag to 2022-06-11T22:04:18.987924+00:00
[2022-06-12 22:04:18,997] {processor.py:171} INFO - Processing /home/airflow/.local/lib/python3.8/site-packages/airflow/example_dags/example_skip_dag.py took 0.055 seconds
[2022-06-12 22:04:49,749] {processor.py:163} INFO - Started process (PID=7513) to work on /home/airflow/.local/lib/python3.8/site-packages/airflow/example_dags/example_skip_dag.py
[2022-06-12 22:04:49,750] {processor.py:642} INFO - Processing file /home/airflow/.local/lib/python3.8/site-packages/airflow/example_dags/example_skip_dag.py for tasks to queue
[2022-06-12 22:04:49,751] {logging_mixin.py:109} INFO - [2022-06-12 22:04:49,750] {dagbag.py:500} INFO - Filling up the DagBag from /home/airflow/.local/lib/python3.8/site-packages/airflow/example_dags/example_skip_dag.py
[2022-06-12 22:04:49,775] {processor.py:654} INFO - DAG(s) dict_keys(['example_skip_dag']) retrieved from /home/airflow/.local/lib/python3.8/site-packages/airflow/example_dags/example_skip_dag.py
[2022-06-12 22:04:49,785] {logging_mixin.py:109} INFO - [2022-06-12 22:04:49,785] {dag.py:2398} INFO - Sync 1 DAGs
[2022-06-12 22:04:49,800] {logging_mixin.py:109} INFO - [2022-06-12 22:04:49,800] {dag.py:2937} INFO - Setting next_dagrun for example_skip_dag to 2022-06-11T22:04:49.799840+00:00
[2022-06-12 22:04:49,812] {processor.py:171} INFO - Processing /home/airflow/.local/lib/python3.8/site-packages/airflow/example_dags/example_skip_dag.py took 0.065 seconds
[2022-06-12 22:05:20,528] {processor.py:163} INFO - Started process (PID=7579) to work on /home/airflow/.local/lib/python3.8/site-packages/airflow/example_dags/example_skip_dag.py
[2022-06-12 22:05:20,529] {processor.py:642} INFO - Processing file /home/airflow/.local/lib/python3.8/site-packages/airflow/example_dags/example_skip_dag.py for tasks to queue
[2022-06-12 22:05:20,529] {logging_mixin.py:109} INFO - [2022-06-12 22:05:20,529] {dagbag.py:500} INFO - Filling up the DagBag from /home/airflow/.local/lib/python3.8/site-packages/airflow/example_dags/example_skip_dag.py
[2022-06-12 22:05:20,551] {processor.py:654} INFO - DAG(s) dict_keys(['example_skip_dag']) retrieved from /home/airflow/.local/lib/python3.8/site-packages/airflow/example_dags/example_skip_dag.py
[2022-06-12 22:05:20,559] {logging_mixin.py:109} INFO - [2022-06-12 22:05:20,559] {dag.py:2398} INFO - Sync 1 DAGs
[2022-06-12 22:05:20,569] {logging_mixin.py:109} INFO - [2022-06-12 22:05:20,569] {dag.py:2937} INFO - Setting next_dagrun for example_skip_dag to 2022-06-11T22:05:20.569429+00:00
[2022-06-12 22:05:20,578] {processor.py:171} INFO - Processing /home/airflow/.local/lib/python3.8/site-packages/airflow/example_dags/example_skip_dag.py took 0.051 seconds
[2022-06-12 22:05:50,941] {processor.py:163} INFO - Started process (PID=7628) to work on /home/airflow/.local/lib/python3.8/site-packages/airflow/example_dags/example_skip_dag.py
[2022-06-12 22:05:50,943] {processor.py:642} INFO - Processing file /home/airflow/.local/lib/python3.8/site-packages/airflow/example_dags/example_skip_dag.py for tasks to queue
[2022-06-12 22:05:50,944] {logging_mixin.py:109} INFO - [2022-06-12 22:05:50,943] {dagbag.py:500} INFO - Filling up the DagBag from /home/airflow/.local/lib/python3.8/site-packages/airflow/example_dags/example_skip_dag.py
[2022-06-12 22:05:50,971] {processor.py:654} INFO - DAG(s) dict_keys(['example_skip_dag']) retrieved from /home/airflow/.local/lib/python3.8/site-packages/airflow/example_dags/example_skip_dag.py
[2022-06-12 22:05:50,979] {logging_mixin.py:109} INFO - [2022-06-12 22:05:50,979] {dag.py:2398} INFO - Sync 1 DAGs
[2022-06-12 22:05:50,990] {logging_mixin.py:109} INFO - [2022-06-12 22:05:50,990] {dag.py:2937} INFO - Setting next_dagrun for example_skip_dag to 2022-06-11T22:05:50.990585+00:00
[2022-06-12 22:05:51,000] {processor.py:171} INFO - Processing /home/airflow/.local/lib/python3.8/site-packages/airflow/example_dags/example_skip_dag.py took 0.061 seconds
[2022-06-12 22:06:21,588] {processor.py:163} INFO - Started process (PID=7677) to work on /home/airflow/.local/lib/python3.8/site-packages/airflow/example_dags/example_skip_dag.py
[2022-06-12 22:06:21,588] {processor.py:642} INFO - Processing file /home/airflow/.local/lib/python3.8/site-packages/airflow/example_dags/example_skip_dag.py for tasks to queue
[2022-06-12 22:06:21,589] {logging_mixin.py:109} INFO - [2022-06-12 22:06:21,589] {dagbag.py:500} INFO - Filling up the DagBag from /home/airflow/.local/lib/python3.8/site-packages/airflow/example_dags/example_skip_dag.py
[2022-06-12 22:06:21,614] {processor.py:654} INFO - DAG(s) dict_keys(['example_skip_dag']) retrieved from /home/airflow/.local/lib/python3.8/site-packages/airflow/example_dags/example_skip_dag.py
[2022-06-12 22:06:21,624] {logging_mixin.py:109} INFO - [2022-06-12 22:06:21,624] {dag.py:2398} INFO - Sync 1 DAGs
[2022-06-12 22:06:21,637] {logging_mixin.py:109} INFO - [2022-06-12 22:06:21,637] {dag.py:2937} INFO - Setting next_dagrun for example_skip_dag to 2022-06-11T22:06:21.637447+00:00
[2022-06-12 22:06:21,647] {processor.py:171} INFO - Processing /home/airflow/.local/lib/python3.8/site-packages/airflow/example_dags/example_skip_dag.py took 0.061 seconds
[2022-06-12 22:06:52,049] {processor.py:163} INFO - Started process (PID=7743) to work on /home/airflow/.local/lib/python3.8/site-packages/airflow/example_dags/example_skip_dag.py
[2022-06-12 22:06:52,050] {processor.py:642} INFO - Processing file /home/airflow/.local/lib/python3.8/site-packages/airflow/example_dags/example_skip_dag.py for tasks to queue
[2022-06-12 22:06:52,050] {logging_mixin.py:109} INFO - [2022-06-12 22:06:52,050] {dagbag.py:500} INFO - Filling up the DagBag from /home/airflow/.local/lib/python3.8/site-packages/airflow/example_dags/example_skip_dag.py
[2022-06-12 22:06:52,074] {processor.py:654} INFO - DAG(s) dict_keys(['example_skip_dag']) retrieved from /home/airflow/.local/lib/python3.8/site-packages/airflow/example_dags/example_skip_dag.py
[2022-06-12 22:06:52,086] {logging_mixin.py:109} INFO - [2022-06-12 22:06:52,085] {dag.py:2398} INFO - Sync 1 DAGs
[2022-06-12 22:06:52,097] {logging_mixin.py:109} INFO - [2022-06-12 22:06:52,097] {dag.py:2937} INFO - Setting next_dagrun for example_skip_dag to 2022-06-11T22:06:52.097509+00:00
[2022-06-12 22:06:52,107] {processor.py:171} INFO - Processing /home/airflow/.local/lib/python3.8/site-packages/airflow/example_dags/example_skip_dag.py took 0.060 seconds
[2022-06-12 22:07:22,580] {processor.py:163} INFO - Started process (PID=7809) to work on /home/airflow/.local/lib/python3.8/site-packages/airflow/example_dags/example_skip_dag.py
[2022-06-12 22:07:22,580] {processor.py:642} INFO - Processing file /home/airflow/.local/lib/python3.8/site-packages/airflow/example_dags/example_skip_dag.py for tasks to queue
[2022-06-12 22:07:22,581] {logging_mixin.py:109} INFO - [2022-06-12 22:07:22,581] {dagbag.py:500} INFO - Filling up the DagBag from /home/airflow/.local/lib/python3.8/site-packages/airflow/example_dags/example_skip_dag.py
[2022-06-12 22:07:22,602] {processor.py:654} INFO - DAG(s) dict_keys(['example_skip_dag']) retrieved from /home/airflow/.local/lib/python3.8/site-packages/airflow/example_dags/example_skip_dag.py
[2022-06-12 22:07:22,612] {logging_mixin.py:109} INFO - [2022-06-12 22:07:22,612] {dag.py:2398} INFO - Sync 1 DAGs
[2022-06-12 22:07:22,627] {logging_mixin.py:109} INFO - [2022-06-12 22:07:22,627] {dag.py:2937} INFO - Setting next_dagrun for example_skip_dag to 2022-06-11T22:07:22.626842+00:00
[2022-06-12 22:07:22,636] {processor.py:171} INFO - Processing /home/airflow/.local/lib/python3.8/site-packages/airflow/example_dags/example_skip_dag.py took 0.058 seconds
[2022-06-12 22:07:53,113] {processor.py:163} INFO - Started process (PID=7875) to work on /home/airflow/.local/lib/python3.8/site-packages/airflow/example_dags/example_skip_dag.py
[2022-06-12 22:07:53,115] {processor.py:642} INFO - Processing file /home/airflow/.local/lib/python3.8/site-packages/airflow/example_dags/example_skip_dag.py for tasks to queue
[2022-06-12 22:07:53,115] {logging_mixin.py:109} INFO - [2022-06-12 22:07:53,115] {dagbag.py:500} INFO - Filling up the DagBag from /home/airflow/.local/lib/python3.8/site-packages/airflow/example_dags/example_skip_dag.py
[2022-06-12 22:07:53,139] {processor.py:654} INFO - DAG(s) dict_keys(['example_skip_dag']) retrieved from /home/airflow/.local/lib/python3.8/site-packages/airflow/example_dags/example_skip_dag.py
[2022-06-12 22:07:53,147] {logging_mixin.py:109} INFO - [2022-06-12 22:07:53,147] {dag.py:2398} INFO - Sync 1 DAGs
[2022-06-12 22:07:53,160] {logging_mixin.py:109} INFO - [2022-06-12 22:07:53,160] {dag.py:2937} INFO - Setting next_dagrun for example_skip_dag to 2022-06-11T22:07:53.160331+00:00
[2022-06-12 22:07:53,169] {processor.py:171} INFO - Processing /home/airflow/.local/lib/python3.8/site-packages/airflow/example_dags/example_skip_dag.py took 0.058 seconds
