[2022-06-12 22:02:50,256] {processor.py:163} INFO - Started process (PID=7261) to work on /home/airflow/.local/lib/python3.8/site-packages/airflow/example_dags/example_branch_datetime_operator.py
[2022-06-12 22:02:50,257] {processor.py:642} INFO - Processing file /home/airflow/.local/lib/python3.8/site-packages/airflow/example_dags/example_branch_datetime_operator.py for tasks to queue
[2022-06-12 22:02:50,257] {logging_mixin.py:109} INFO - [2022-06-12 22:02:50,257] {dagbag.py:500} INFO - Filling up the DagBag from /home/airflow/.local/lib/python3.8/site-packages/airflow/example_dags/example_branch_datetime_operator.py
[2022-06-12 22:02:50,747] {processor.py:654} INFO - DAG(s) dict_keys(['example_branch_datetime_operator_2']) retrieved from /home/airflow/.local/lib/python3.8/site-packages/airflow/example_dags/example_branch_datetime_operator.py
[2022-06-12 22:02:50,761] {logging_mixin.py:109} INFO - [2022-06-12 22:02:50,761] {dag.py:2398} INFO - Sync 1 DAGs
[2022-06-12 22:02:50,776] {logging_mixin.py:109} INFO - [2022-06-12 22:02:50,776] {dag.py:2937} INFO - Setting next_dagrun for example_branch_datetime_operator_2 to 2022-06-11 00:00:00+00:00
[2022-06-12 22:02:51,021] {processor.py:171} INFO - Processing /home/airflow/.local/lib/python3.8/site-packages/airflow/example_dags/example_branch_datetime_operator.py took 0.767 seconds
[2022-06-12 22:03:21,170] {processor.py:163} INFO - Started process (PID=7327) to work on /home/airflow/.local/lib/python3.8/site-packages/airflow/example_dags/example_branch_datetime_operator.py
[2022-06-12 22:03:21,170] {processor.py:642} INFO - Processing file /home/airflow/.local/lib/python3.8/site-packages/airflow/example_dags/example_branch_datetime_operator.py for tasks to queue
[2022-06-12 22:03:21,171] {logging_mixin.py:109} INFO - [2022-06-12 22:03:21,171] {dagbag.py:500} INFO - Filling up the DagBag from /home/airflow/.local/lib/python3.8/site-packages/airflow/example_dags/example_branch_datetime_operator.py
[2022-06-12 22:03:21,193] {processor.py:654} INFO - DAG(s) dict_keys(['example_branch_datetime_operator_2']) retrieved from /home/airflow/.local/lib/python3.8/site-packages/airflow/example_dags/example_branch_datetime_operator.py
[2022-06-12 22:03:21,201] {logging_mixin.py:109} INFO - [2022-06-12 22:03:21,200] {dag.py:2398} INFO - Sync 1 DAGs
[2022-06-12 22:03:21,219] {logging_mixin.py:109} INFO - [2022-06-12 22:03:21,218] {dag.py:2937} INFO - Setting next_dagrun for example_branch_datetime_operator_2 to 2022-06-11 00:00:00+00:00
[2022-06-12 22:03:21,243] {processor.py:171} INFO - Processing /home/airflow/.local/lib/python3.8/site-packages/airflow/example_dags/example_branch_datetime_operator.py took 0.075 seconds
[2022-06-12 22:03:51,433] {processor.py:163} INFO - Started process (PID=7393) to work on /home/airflow/.local/lib/python3.8/site-packages/airflow/example_dags/example_branch_datetime_operator.py
[2022-06-12 22:03:51,435] {processor.py:642} INFO - Processing file /home/airflow/.local/lib/python3.8/site-packages/airflow/example_dags/example_branch_datetime_operator.py for tasks to queue
[2022-06-12 22:03:51,435] {logging_mixin.py:109} INFO - [2022-06-12 22:03:51,435] {dagbag.py:500} INFO - Filling up the DagBag from /home/airflow/.local/lib/python3.8/site-packages/airflow/example_dags/example_branch_datetime_operator.py
[2022-06-12 22:03:51,460] {processor.py:654} INFO - DAG(s) dict_keys(['example_branch_datetime_operator_2']) retrieved from /home/airflow/.local/lib/python3.8/site-packages/airflow/example_dags/example_branch_datetime_operator.py
[2022-06-12 22:03:51,469] {logging_mixin.py:109} INFO - [2022-06-12 22:03:51,469] {dag.py:2398} INFO - Sync 1 DAGs
[2022-06-12 22:03:51,482] {logging_mixin.py:109} INFO - [2022-06-12 22:03:51,482] {dag.py:2937} INFO - Setting next_dagrun for example_branch_datetime_operator_2 to 2022-06-11 00:00:00+00:00
[2022-06-12 22:03:51,493] {processor.py:171} INFO - Processing /home/airflow/.local/lib/python3.8/site-packages/airflow/example_dags/example_branch_datetime_operator.py took 0.062 seconds
[2022-06-12 22:04:21,582] {processor.py:163} INFO - Started process (PID=7459) to work on /home/airflow/.local/lib/python3.8/site-packages/airflow/example_dags/example_branch_datetime_operator.py
[2022-06-12 22:04:21,583] {processor.py:642} INFO - Processing file /home/airflow/.local/lib/python3.8/site-packages/airflow/example_dags/example_branch_datetime_operator.py for tasks to queue
[2022-06-12 22:04:21,584] {logging_mixin.py:109} INFO - [2022-06-12 22:04:21,583] {dagbag.py:500} INFO - Filling up the DagBag from /home/airflow/.local/lib/python3.8/site-packages/airflow/example_dags/example_branch_datetime_operator.py
[2022-06-12 22:04:21,609] {processor.py:654} INFO - DAG(s) dict_keys(['example_branch_datetime_operator_2']) retrieved from /home/airflow/.local/lib/python3.8/site-packages/airflow/example_dags/example_branch_datetime_operator.py
[2022-06-12 22:04:21,617] {logging_mixin.py:109} INFO - [2022-06-12 22:04:21,617] {dag.py:2398} INFO - Sync 1 DAGs
[2022-06-12 22:04:21,631] {logging_mixin.py:109} INFO - [2022-06-12 22:04:21,631] {dag.py:2937} INFO - Setting next_dagrun for example_branch_datetime_operator_2 to 2022-06-11 00:00:00+00:00
[2022-06-12 22:04:21,641] {processor.py:171} INFO - Processing /home/airflow/.local/lib/python3.8/site-packages/airflow/example_dags/example_branch_datetime_operator.py took 0.060 seconds
[2022-06-12 22:04:52,485] {processor.py:163} INFO - Started process (PID=7525) to work on /home/airflow/.local/lib/python3.8/site-packages/airflow/example_dags/example_branch_datetime_operator.py
[2022-06-12 22:04:52,486] {processor.py:642} INFO - Processing file /home/airflow/.local/lib/python3.8/site-packages/airflow/example_dags/example_branch_datetime_operator.py for tasks to queue
[2022-06-12 22:04:52,487] {logging_mixin.py:109} INFO - [2022-06-12 22:04:52,487] {dagbag.py:500} INFO - Filling up the DagBag from /home/airflow/.local/lib/python3.8/site-packages/airflow/example_dags/example_branch_datetime_operator.py
[2022-06-12 22:04:52,517] {processor.py:654} INFO - DAG(s) dict_keys(['example_branch_datetime_operator_2']) retrieved from /home/airflow/.local/lib/python3.8/site-packages/airflow/example_dags/example_branch_datetime_operator.py
[2022-06-12 22:04:52,527] {logging_mixin.py:109} INFO - [2022-06-12 22:04:52,527] {dag.py:2398} INFO - Sync 1 DAGs
[2022-06-12 22:04:52,542] {logging_mixin.py:109} INFO - [2022-06-12 22:04:52,542] {dag.py:2937} INFO - Setting next_dagrun for example_branch_datetime_operator_2 to 2022-06-11 00:00:00+00:00
[2022-06-12 22:04:52,552] {processor.py:171} INFO - Processing /home/airflow/.local/lib/python3.8/site-packages/airflow/example_dags/example_branch_datetime_operator.py took 0.069 seconds
[2022-06-12 22:05:23,280] {processor.py:163} INFO - Started process (PID=7591) to work on /home/airflow/.local/lib/python3.8/site-packages/airflow/example_dags/example_branch_datetime_operator.py
[2022-06-12 22:05:23,281] {processor.py:642} INFO - Processing file /home/airflow/.local/lib/python3.8/site-packages/airflow/example_dags/example_branch_datetime_operator.py for tasks to queue
[2022-06-12 22:05:23,281] {logging_mixin.py:109} INFO - [2022-06-12 22:05:23,281] {dagbag.py:500} INFO - Filling up the DagBag from /home/airflow/.local/lib/python3.8/site-packages/airflow/example_dags/example_branch_datetime_operator.py
[2022-06-12 22:05:23,308] {processor.py:654} INFO - DAG(s) dict_keys(['example_branch_datetime_operator_2']) retrieved from /home/airflow/.local/lib/python3.8/site-packages/airflow/example_dags/example_branch_datetime_operator.py
[2022-06-12 22:05:23,316] {logging_mixin.py:109} INFO - [2022-06-12 22:05:23,316] {dag.py:2398} INFO - Sync 1 DAGs
[2022-06-12 22:05:23,327] {logging_mixin.py:109} INFO - [2022-06-12 22:05:23,327] {dag.py:2937} INFO - Setting next_dagrun for example_branch_datetime_operator_2 to 2022-06-11 00:00:00+00:00
[2022-06-12 22:05:23,337] {processor.py:171} INFO - Processing /home/airflow/.local/lib/python3.8/site-packages/airflow/example_dags/example_branch_datetime_operator.py took 0.058 seconds
[2022-06-12 22:05:53,519] {processor.py:163} INFO - Started process (PID=7657) to work on /home/airflow/.local/lib/python3.8/site-packages/airflow/example_dags/example_branch_datetime_operator.py
[2022-06-12 22:05:53,520] {processor.py:642} INFO - Processing file /home/airflow/.local/lib/python3.8/site-packages/airflow/example_dags/example_branch_datetime_operator.py for tasks to queue
[2022-06-12 22:05:53,521] {logging_mixin.py:109} INFO - [2022-06-12 22:05:53,521] {dagbag.py:500} INFO - Filling up the DagBag from /home/airflow/.local/lib/python3.8/site-packages/airflow/example_dags/example_branch_datetime_operator.py
[2022-06-12 22:05:53,547] {processor.py:654} INFO - DAG(s) dict_keys(['example_branch_datetime_operator_2']) retrieved from /home/airflow/.local/lib/python3.8/site-packages/airflow/example_dags/example_branch_datetime_operator.py
[2022-06-12 22:05:53,556] {logging_mixin.py:109} INFO - [2022-06-12 22:05:53,556] {dag.py:2398} INFO - Sync 1 DAGs
[2022-06-12 22:05:53,569] {logging_mixin.py:109} INFO - [2022-06-12 22:05:53,568] {dag.py:2937} INFO - Setting next_dagrun for example_branch_datetime_operator_2 to 2022-06-11 00:00:00+00:00
[2022-06-12 22:05:53,580] {processor.py:171} INFO - Processing /home/airflow/.local/lib/python3.8/site-packages/airflow/example_dags/example_branch_datetime_operator.py took 0.062 seconds
[2022-06-12 22:06:24,151] {processor.py:163} INFO - Started process (PID=7723) to work on /home/airflow/.local/lib/python3.8/site-packages/airflow/example_dags/example_branch_datetime_operator.py
[2022-06-12 22:06:24,152] {processor.py:642} INFO - Processing file /home/airflow/.local/lib/python3.8/site-packages/airflow/example_dags/example_branch_datetime_operator.py for tasks to queue
[2022-06-12 22:06:24,152] {logging_mixin.py:109} INFO - [2022-06-12 22:06:24,152] {dagbag.py:500} INFO - Filling up the DagBag from /home/airflow/.local/lib/python3.8/site-packages/airflow/example_dags/example_branch_datetime_operator.py
[2022-06-12 22:06:24,177] {processor.py:654} INFO - DAG(s) dict_keys(['example_branch_datetime_operator_2']) retrieved from /home/airflow/.local/lib/python3.8/site-packages/airflow/example_dags/example_branch_datetime_operator.py
[2022-06-12 22:06:24,187] {logging_mixin.py:109} INFO - [2022-06-12 22:06:24,186] {dag.py:2398} INFO - Sync 1 DAGs
[2022-06-12 22:06:24,197] {logging_mixin.py:109} INFO - [2022-06-12 22:06:24,197] {dag.py:2937} INFO - Setting next_dagrun for example_branch_datetime_operator_2 to 2022-06-11 00:00:00+00:00
[2022-06-12 22:06:24,206] {processor.py:171} INFO - Processing /home/airflow/.local/lib/python3.8/site-packages/airflow/example_dags/example_branch_datetime_operator.py took 0.057 seconds
[2022-06-12 22:06:54,656] {processor.py:163} INFO - Started process (PID=7789) to work on /home/airflow/.local/lib/python3.8/site-packages/airflow/example_dags/example_branch_datetime_operator.py
[2022-06-12 22:06:54,659] {processor.py:642} INFO - Processing file /home/airflow/.local/lib/python3.8/site-packages/airflow/example_dags/example_branch_datetime_operator.py for tasks to queue
[2022-06-12 22:06:54,660] {logging_mixin.py:109} INFO - [2022-06-12 22:06:54,660] {dagbag.py:500} INFO - Filling up the DagBag from /home/airflow/.local/lib/python3.8/site-packages/airflow/example_dags/example_branch_datetime_operator.py
[2022-06-12 22:06:54,741] {processor.py:654} INFO - DAG(s) dict_keys(['example_branch_datetime_operator_2']) retrieved from /home/airflow/.local/lib/python3.8/site-packages/airflow/example_dags/example_branch_datetime_operator.py
[2022-06-12 22:06:54,765] {logging_mixin.py:109} INFO - [2022-06-12 22:06:54,765] {dag.py:2398} INFO - Sync 1 DAGs
[2022-06-12 22:06:54,783] {logging_mixin.py:109} INFO - [2022-06-12 22:06:54,782] {dag.py:2937} INFO - Setting next_dagrun for example_branch_datetime_operator_2 to 2022-06-11 00:00:00+00:00
[2022-06-12 22:06:54,798] {processor.py:171} INFO - Processing /home/airflow/.local/lib/python3.8/site-packages/airflow/example_dags/example_branch_datetime_operator.py took 0.147 seconds
[2022-06-12 22:07:25,166] {processor.py:163} INFO - Started process (PID=7855) to work on /home/airflow/.local/lib/python3.8/site-packages/airflow/example_dags/example_branch_datetime_operator.py
[2022-06-12 22:07:25,166] {processor.py:642} INFO - Processing file /home/airflow/.local/lib/python3.8/site-packages/airflow/example_dags/example_branch_datetime_operator.py for tasks to queue
[2022-06-12 22:07:25,167] {logging_mixin.py:109} INFO - [2022-06-12 22:07:25,167] {dagbag.py:500} INFO - Filling up the DagBag from /home/airflow/.local/lib/python3.8/site-packages/airflow/example_dags/example_branch_datetime_operator.py
[2022-06-12 22:07:25,191] {processor.py:654} INFO - DAG(s) dict_keys(['example_branch_datetime_operator_2']) retrieved from /home/airflow/.local/lib/python3.8/site-packages/airflow/example_dags/example_branch_datetime_operator.py
[2022-06-12 22:07:25,199] {logging_mixin.py:109} INFO - [2022-06-12 22:07:25,198] {dag.py:2398} INFO - Sync 1 DAGs
[2022-06-12 22:07:25,210] {logging_mixin.py:109} INFO - [2022-06-12 22:07:25,210] {dag.py:2937} INFO - Setting next_dagrun for example_branch_datetime_operator_2 to 2022-06-11 00:00:00+00:00
[2022-06-12 22:07:25,220] {processor.py:171} INFO - Processing /home/airflow/.local/lib/python3.8/site-packages/airflow/example_dags/example_branch_datetime_operator.py took 0.056 seconds
[2022-06-12 22:07:56,479] {processor.py:163} INFO - Started process (PID=7921) to work on /home/airflow/.local/lib/python3.8/site-packages/airflow/example_dags/example_branch_datetime_operator.py
[2022-06-12 22:07:56,480] {processor.py:642} INFO - Processing file /home/airflow/.local/lib/python3.8/site-packages/airflow/example_dags/example_branch_datetime_operator.py for tasks to queue
[2022-06-12 22:07:56,480] {logging_mixin.py:109} INFO - [2022-06-12 22:07:56,480] {dagbag.py:500} INFO - Filling up the DagBag from /home/airflow/.local/lib/python3.8/site-packages/airflow/example_dags/example_branch_datetime_operator.py
[2022-06-12 22:07:56,505] {processor.py:654} INFO - DAG(s) dict_keys(['example_branch_datetime_operator_2']) retrieved from /home/airflow/.local/lib/python3.8/site-packages/airflow/example_dags/example_branch_datetime_operator.py
[2022-06-12 22:07:56,512] {logging_mixin.py:109} INFO - [2022-06-12 22:07:56,512] {dag.py:2398} INFO - Sync 1 DAGs
[2022-06-12 22:07:56,524] {logging_mixin.py:109} INFO - [2022-06-12 22:07:56,524] {dag.py:2937} INFO - Setting next_dagrun for example_branch_datetime_operator_2 to 2022-06-11 00:00:00+00:00
[2022-06-12 22:07:56,532] {processor.py:171} INFO - Processing /home/airflow/.local/lib/python3.8/site-packages/airflow/example_dags/example_branch_datetime_operator.py took 0.055 seconds
