[2022-06-12 22:02:47,288] {processor.py:163} INFO - Started process (PID=7248) to work on /home/airflow/.local/lib/python3.8/site-packages/airflow/example_dags/tutorial_etl_dag.py
[2022-06-12 22:02:47,289] {processor.py:642} INFO - Processing file /home/airflow/.local/lib/python3.8/site-packages/airflow/example_dags/tutorial_etl_dag.py for tasks to queue
[2022-06-12 22:02:47,290] {logging_mixin.py:109} INFO - [2022-06-12 22:02:47,290] {dagbag.py:500} INFO - Filling up the DagBag from /home/airflow/.local/lib/python3.8/site-packages/airflow/example_dags/tutorial_etl_dag.py
[2022-06-12 22:02:47,314] {processor.py:654} INFO - DAG(s) dict_keys(['tutorial_etl_dag']) retrieved from /home/airflow/.local/lib/python3.8/site-packages/airflow/example_dags/tutorial_etl_dag.py
[2022-06-12 22:02:47,323] {logging_mixin.py:109} INFO - [2022-06-12 22:02:47,323] {dag.py:2398} INFO - Sync 1 DAGs
[2022-06-12 22:02:47,417] {logging_mixin.py:109} INFO - [2022-06-12 22:02:47,417] {dag.py:2937} INFO - Setting next_dagrun for tutorial_etl_dag to None
[2022-06-12 22:02:47,445] {processor.py:171} INFO - Processing /home/airflow/.local/lib/python3.8/site-packages/airflow/example_dags/tutorial_etl_dag.py took 0.158 seconds
[2022-06-12 22:03:17,590] {processor.py:163} INFO - Started process (PID=7314) to work on /home/airflow/.local/lib/python3.8/site-packages/airflow/example_dags/tutorial_etl_dag.py
[2022-06-12 22:03:17,590] {processor.py:642} INFO - Processing file /home/airflow/.local/lib/python3.8/site-packages/airflow/example_dags/tutorial_etl_dag.py for tasks to queue
[2022-06-12 22:03:17,591] {logging_mixin.py:109} INFO - [2022-06-12 22:03:17,591] {dagbag.py:500} INFO - Filling up the DagBag from /home/airflow/.local/lib/python3.8/site-packages/airflow/example_dags/tutorial_etl_dag.py
[2022-06-12 22:03:17,624] {processor.py:654} INFO - DAG(s) dict_keys(['tutorial_etl_dag']) retrieved from /home/airflow/.local/lib/python3.8/site-packages/airflow/example_dags/tutorial_etl_dag.py
[2022-06-12 22:03:17,636] {logging_mixin.py:109} INFO - [2022-06-12 22:03:17,636] {dag.py:2398} INFO - Sync 1 DAGs
[2022-06-12 22:03:17,654] {logging_mixin.py:109} INFO - [2022-06-12 22:03:17,653] {dag.py:2937} INFO - Setting next_dagrun for tutorial_etl_dag to None
[2022-06-12 22:03:17,672] {processor.py:171} INFO - Processing /home/airflow/.local/lib/python3.8/site-packages/airflow/example_dags/tutorial_etl_dag.py took 0.084 seconds
[2022-06-12 22:03:48,596] {processor.py:163} INFO - Started process (PID=7380) to work on /home/airflow/.local/lib/python3.8/site-packages/airflow/example_dags/tutorial_etl_dag.py
[2022-06-12 22:03:48,597] {processor.py:642} INFO - Processing file /home/airflow/.local/lib/python3.8/site-packages/airflow/example_dags/tutorial_etl_dag.py for tasks to queue
[2022-06-12 22:03:48,597] {logging_mixin.py:109} INFO - [2022-06-12 22:03:48,597] {dagbag.py:500} INFO - Filling up the DagBag from /home/airflow/.local/lib/python3.8/site-packages/airflow/example_dags/tutorial_etl_dag.py
[2022-06-12 22:03:48,626] {processor.py:654} INFO - DAG(s) dict_keys(['tutorial_etl_dag']) retrieved from /home/airflow/.local/lib/python3.8/site-packages/airflow/example_dags/tutorial_etl_dag.py
[2022-06-12 22:03:48,639] {logging_mixin.py:109} INFO - [2022-06-12 22:03:48,638] {dag.py:2398} INFO - Sync 1 DAGs
[2022-06-12 22:03:48,652] {logging_mixin.py:109} INFO - [2022-06-12 22:03:48,651] {dag.py:2937} INFO - Setting next_dagrun for tutorial_etl_dag to None
[2022-06-12 22:03:48,665] {processor.py:171} INFO - Processing /home/airflow/.local/lib/python3.8/site-packages/airflow/example_dags/tutorial_etl_dag.py took 0.071 seconds
[2022-06-12 22:04:18,881] {processor.py:163} INFO - Started process (PID=7446) to work on /home/airflow/.local/lib/python3.8/site-packages/airflow/example_dags/tutorial_etl_dag.py
[2022-06-12 22:04:18,881] {processor.py:642} INFO - Processing file /home/airflow/.local/lib/python3.8/site-packages/airflow/example_dags/tutorial_etl_dag.py for tasks to queue
[2022-06-12 22:04:18,882] {logging_mixin.py:109} INFO - [2022-06-12 22:04:18,882] {dagbag.py:500} INFO - Filling up the DagBag from /home/airflow/.local/lib/python3.8/site-packages/airflow/example_dags/tutorial_etl_dag.py
[2022-06-12 22:04:18,907] {processor.py:654} INFO - DAG(s) dict_keys(['tutorial_etl_dag']) retrieved from /home/airflow/.local/lib/python3.8/site-packages/airflow/example_dags/tutorial_etl_dag.py
[2022-06-12 22:04:18,914] {logging_mixin.py:109} INFO - [2022-06-12 22:04:18,914] {dag.py:2398} INFO - Sync 1 DAGs
[2022-06-12 22:04:18,925] {logging_mixin.py:109} INFO - [2022-06-12 22:04:18,925] {dag.py:2937} INFO - Setting next_dagrun for tutorial_etl_dag to None
[2022-06-12 22:04:18,933] {processor.py:171} INFO - Processing /home/airflow/.local/lib/python3.8/site-packages/airflow/example_dags/tutorial_etl_dag.py took 0.054 seconds
[2022-06-12 22:04:49,690] {processor.py:163} INFO - Started process (PID=7512) to work on /home/airflow/.local/lib/python3.8/site-packages/airflow/example_dags/tutorial_etl_dag.py
[2022-06-12 22:04:49,691] {processor.py:642} INFO - Processing file /home/airflow/.local/lib/python3.8/site-packages/airflow/example_dags/tutorial_etl_dag.py for tasks to queue
[2022-06-12 22:04:49,691] {logging_mixin.py:109} INFO - [2022-06-12 22:04:49,691] {dagbag.py:500} INFO - Filling up the DagBag from /home/airflow/.local/lib/python3.8/site-packages/airflow/example_dags/tutorial_etl_dag.py
[2022-06-12 22:04:49,713] {processor.py:654} INFO - DAG(s) dict_keys(['tutorial_etl_dag']) retrieved from /home/airflow/.local/lib/python3.8/site-packages/airflow/example_dags/tutorial_etl_dag.py
[2022-06-12 22:04:49,721] {logging_mixin.py:109} INFO - [2022-06-12 22:04:49,721] {dag.py:2398} INFO - Sync 1 DAGs
[2022-06-12 22:04:49,731] {logging_mixin.py:109} INFO - [2022-06-12 22:04:49,731] {dag.py:2937} INFO - Setting next_dagrun for tutorial_etl_dag to None
[2022-06-12 22:04:49,739] {processor.py:171} INFO - Processing /home/airflow/.local/lib/python3.8/site-packages/airflow/example_dags/tutorial_etl_dag.py took 0.051 seconds
[2022-06-12 22:05:20,468] {processor.py:163} INFO - Started process (PID=7578) to work on /home/airflow/.local/lib/python3.8/site-packages/airflow/example_dags/tutorial_etl_dag.py
[2022-06-12 22:05:20,469] {processor.py:642} INFO - Processing file /home/airflow/.local/lib/python3.8/site-packages/airflow/example_dags/tutorial_etl_dag.py for tasks to queue
[2022-06-12 22:05:20,469] {logging_mixin.py:109} INFO - [2022-06-12 22:05:20,469] {dagbag.py:500} INFO - Filling up the DagBag from /home/airflow/.local/lib/python3.8/site-packages/airflow/example_dags/tutorial_etl_dag.py
[2022-06-12 22:05:20,491] {processor.py:654} INFO - DAG(s) dict_keys(['tutorial_etl_dag']) retrieved from /home/airflow/.local/lib/python3.8/site-packages/airflow/example_dags/tutorial_etl_dag.py
[2022-06-12 22:05:20,498] {logging_mixin.py:109} INFO - [2022-06-12 22:05:20,498] {dag.py:2398} INFO - Sync 1 DAGs
[2022-06-12 22:05:20,510] {logging_mixin.py:109} INFO - [2022-06-12 22:05:20,510] {dag.py:2937} INFO - Setting next_dagrun for tutorial_etl_dag to None
[2022-06-12 22:05:20,519] {processor.py:171} INFO - Processing /home/airflow/.local/lib/python3.8/site-packages/airflow/example_dags/tutorial_etl_dag.py took 0.052 seconds
[2022-06-12 22:05:50,863] {processor.py:163} INFO - Started process (PID=7627) to work on /home/airflow/.local/lib/python3.8/site-packages/airflow/example_dags/tutorial_etl_dag.py
[2022-06-12 22:05:50,864] {processor.py:642} INFO - Processing file /home/airflow/.local/lib/python3.8/site-packages/airflow/example_dags/tutorial_etl_dag.py for tasks to queue
[2022-06-12 22:05:50,864] {logging_mixin.py:109} INFO - [2022-06-12 22:05:50,864] {dagbag.py:500} INFO - Filling up the DagBag from /home/airflow/.local/lib/python3.8/site-packages/airflow/example_dags/tutorial_etl_dag.py
[2022-06-12 22:05:50,891] {processor.py:654} INFO - DAG(s) dict_keys(['tutorial_etl_dag']) retrieved from /home/airflow/.local/lib/python3.8/site-packages/airflow/example_dags/tutorial_etl_dag.py
[2022-06-12 22:05:50,901] {logging_mixin.py:109} INFO - [2022-06-12 22:05:50,901] {dag.py:2398} INFO - Sync 1 DAGs
[2022-06-12 22:05:50,919] {logging_mixin.py:109} INFO - [2022-06-12 22:05:50,918] {dag.py:2937} INFO - Setting next_dagrun for tutorial_etl_dag to None
[2022-06-12 22:05:50,929] {processor.py:171} INFO - Processing /home/airflow/.local/lib/python3.8/site-packages/airflow/example_dags/tutorial_etl_dag.py took 0.068 seconds
[2022-06-12 22:06:21,522] {processor.py:163} INFO - Started process (PID=7676) to work on /home/airflow/.local/lib/python3.8/site-packages/airflow/example_dags/tutorial_etl_dag.py
[2022-06-12 22:06:21,522] {processor.py:642} INFO - Processing file /home/airflow/.local/lib/python3.8/site-packages/airflow/example_dags/tutorial_etl_dag.py for tasks to queue
[2022-06-12 22:06:21,523] {logging_mixin.py:109} INFO - [2022-06-12 22:06:21,523] {dagbag.py:500} INFO - Filling up the DagBag from /home/airflow/.local/lib/python3.8/site-packages/airflow/example_dags/tutorial_etl_dag.py
[2022-06-12 22:06:21,544] {processor.py:654} INFO - DAG(s) dict_keys(['tutorial_etl_dag']) retrieved from /home/airflow/.local/lib/python3.8/site-packages/airflow/example_dags/tutorial_etl_dag.py
[2022-06-12 22:06:21,554] {logging_mixin.py:109} INFO - [2022-06-12 22:06:21,554] {dag.py:2398} INFO - Sync 1 DAGs
[2022-06-12 22:06:21,566] {logging_mixin.py:109} INFO - [2022-06-12 22:06:21,566] {dag.py:2937} INFO - Setting next_dagrun for tutorial_etl_dag to None
[2022-06-12 22:06:21,576] {processor.py:171} INFO - Processing /home/airflow/.local/lib/python3.8/site-packages/airflow/example_dags/tutorial_etl_dag.py took 0.056 seconds
[2022-06-12 22:06:51,987] {processor.py:163} INFO - Started process (PID=7742) to work on /home/airflow/.local/lib/python3.8/site-packages/airflow/example_dags/tutorial_etl_dag.py
[2022-06-12 22:06:51,988] {processor.py:642} INFO - Processing file /home/airflow/.local/lib/python3.8/site-packages/airflow/example_dags/tutorial_etl_dag.py for tasks to queue
[2022-06-12 22:06:51,988] {logging_mixin.py:109} INFO - [2022-06-12 22:06:51,988] {dagbag.py:500} INFO - Filling up the DagBag from /home/airflow/.local/lib/python3.8/site-packages/airflow/example_dags/tutorial_etl_dag.py
[2022-06-12 22:06:52,010] {processor.py:654} INFO - DAG(s) dict_keys(['tutorial_etl_dag']) retrieved from /home/airflow/.local/lib/python3.8/site-packages/airflow/example_dags/tutorial_etl_dag.py
[2022-06-12 22:06:52,018] {logging_mixin.py:109} INFO - [2022-06-12 22:06:52,018] {dag.py:2398} INFO - Sync 1 DAGs
[2022-06-12 22:06:52,028] {logging_mixin.py:109} INFO - [2022-06-12 22:06:52,028] {dag.py:2937} INFO - Setting next_dagrun for tutorial_etl_dag to None
[2022-06-12 22:06:52,038] {processor.py:171} INFO - Processing /home/airflow/.local/lib/python3.8/site-packages/airflow/example_dags/tutorial_etl_dag.py took 0.052 seconds
[2022-06-12 22:07:22,510] {processor.py:163} INFO - Started process (PID=7808) to work on /home/airflow/.local/lib/python3.8/site-packages/airflow/example_dags/tutorial_etl_dag.py
[2022-06-12 22:07:22,512] {processor.py:642} INFO - Processing file /home/airflow/.local/lib/python3.8/site-packages/airflow/example_dags/tutorial_etl_dag.py for tasks to queue
[2022-06-12 22:07:22,512] {logging_mixin.py:109} INFO - [2022-06-12 22:07:22,512] {dagbag.py:500} INFO - Filling up the DagBag from /home/airflow/.local/lib/python3.8/site-packages/airflow/example_dags/tutorial_etl_dag.py
[2022-06-12 22:07:22,539] {processor.py:654} INFO - DAG(s) dict_keys(['tutorial_etl_dag']) retrieved from /home/airflow/.local/lib/python3.8/site-packages/airflow/example_dags/tutorial_etl_dag.py
[2022-06-12 22:07:22,547] {logging_mixin.py:109} INFO - [2022-06-12 22:07:22,547] {dag.py:2398} INFO - Sync 1 DAGs
[2022-06-12 22:07:22,560] {logging_mixin.py:109} INFO - [2022-06-12 22:07:22,560] {dag.py:2937} INFO - Setting next_dagrun for tutorial_etl_dag to None
[2022-06-12 22:07:22,569] {processor.py:171} INFO - Processing /home/airflow/.local/lib/python3.8/site-packages/airflow/example_dags/tutorial_etl_dag.py took 0.061 seconds
[2022-06-12 22:07:53,045] {processor.py:163} INFO - Started process (PID=7874) to work on /home/airflow/.local/lib/python3.8/site-packages/airflow/example_dags/tutorial_etl_dag.py
[2022-06-12 22:07:53,045] {processor.py:642} INFO - Processing file /home/airflow/.local/lib/python3.8/site-packages/airflow/example_dags/tutorial_etl_dag.py for tasks to queue
[2022-06-12 22:07:53,046] {logging_mixin.py:109} INFO - [2022-06-12 22:07:53,046] {dagbag.py:500} INFO - Filling up the DagBag from /home/airflow/.local/lib/python3.8/site-packages/airflow/example_dags/tutorial_etl_dag.py
[2022-06-12 22:07:53,070] {processor.py:654} INFO - DAG(s) dict_keys(['tutorial_etl_dag']) retrieved from /home/airflow/.local/lib/python3.8/site-packages/airflow/example_dags/tutorial_etl_dag.py
[2022-06-12 22:07:53,081] {logging_mixin.py:109} INFO - [2022-06-12 22:07:53,081] {dag.py:2398} INFO - Sync 1 DAGs
[2022-06-12 22:07:53,092] {logging_mixin.py:109} INFO - [2022-06-12 22:07:53,092] {dag.py:2937} INFO - Setting next_dagrun for tutorial_etl_dag to None
[2022-06-12 22:07:53,102] {processor.py:171} INFO - Processing /home/airflow/.local/lib/python3.8/site-packages/airflow/example_dags/tutorial_etl_dag.py took 0.060 seconds
