[2022-06-12 22:02:47,920] {processor.py:163} INFO - Started process (PID=7251) to work on /home/airflow/.local/lib/python3.8/site-packages/airflow/example_dags/tutorial.py
[2022-06-12 22:02:47,921] {processor.py:642} INFO - Processing file /home/airflow/.local/lib/python3.8/site-packages/airflow/example_dags/tutorial.py for tasks to queue
[2022-06-12 22:02:47,921] {logging_mixin.py:109} INFO - [2022-06-12 22:02:47,921] {dagbag.py:500} INFO - Filling up the DagBag from /home/airflow/.local/lib/python3.8/site-packages/airflow/example_dags/tutorial.py
[2022-06-12 22:02:47,942] {processor.py:654} INFO - DAG(s) dict_keys(['tutorial']) retrieved from /home/airflow/.local/lib/python3.8/site-packages/airflow/example_dags/tutorial.py
[2022-06-12 22:02:47,949] {logging_mixin.py:109} INFO - [2022-06-12 22:02:47,949] {dag.py:2398} INFO - Sync 1 DAGs
[2022-06-12 22:02:47,959] {logging_mixin.py:109} INFO - [2022-06-12 22:02:47,959] {dag.py:2937} INFO - Setting next_dagrun for tutorial to 2022-06-11T22:02:47.958955+00:00
[2022-06-12 22:02:48,164] {processor.py:171} INFO - Processing /home/airflow/.local/lib/python3.8/site-packages/airflow/example_dags/tutorial.py took 0.245 seconds
[2022-06-12 22:03:18,760] {processor.py:163} INFO - Started process (PID=7317) to work on /home/airflow/.local/lib/python3.8/site-packages/airflow/example_dags/tutorial.py
[2022-06-12 22:03:18,761] {processor.py:642} INFO - Processing file /home/airflow/.local/lib/python3.8/site-packages/airflow/example_dags/tutorial.py for tasks to queue
[2022-06-12 22:03:18,761] {logging_mixin.py:109} INFO - [2022-06-12 22:03:18,761] {dagbag.py:500} INFO - Filling up the DagBag from /home/airflow/.local/lib/python3.8/site-packages/airflow/example_dags/tutorial.py
[2022-06-12 22:03:18,790] {processor.py:654} INFO - DAG(s) dict_keys(['tutorial']) retrieved from /home/airflow/.local/lib/python3.8/site-packages/airflow/example_dags/tutorial.py
[2022-06-12 22:03:18,798] {logging_mixin.py:109} INFO - [2022-06-12 22:03:18,798] {dag.py:2398} INFO - Sync 1 DAGs
[2022-06-12 22:03:18,810] {logging_mixin.py:109} INFO - [2022-06-12 22:03:18,810] {dag.py:2937} INFO - Setting next_dagrun for tutorial to 2022-06-11T22:03:18.810339+00:00
[2022-06-12 22:03:18,820] {processor.py:171} INFO - Processing /home/airflow/.local/lib/python3.8/site-packages/airflow/example_dags/tutorial.py took 0.062 seconds
[2022-06-12 22:03:48,858] {processor.py:163} INFO - Started process (PID=7382) to work on /home/airflow/.local/lib/python3.8/site-packages/airflow/example_dags/tutorial.py
[2022-06-12 22:03:48,859] {processor.py:642} INFO - Processing file /home/airflow/.local/lib/python3.8/site-packages/airflow/example_dags/tutorial.py for tasks to queue
[2022-06-12 22:03:48,859] {logging_mixin.py:109} INFO - [2022-06-12 22:03:48,859] {dagbag.py:500} INFO - Filling up the DagBag from /home/airflow/.local/lib/python3.8/site-packages/airflow/example_dags/tutorial.py
[2022-06-12 22:03:48,888] {processor.py:654} INFO - DAG(s) dict_keys(['tutorial']) retrieved from /home/airflow/.local/lib/python3.8/site-packages/airflow/example_dags/tutorial.py
[2022-06-12 22:03:48,897] {logging_mixin.py:109} INFO - [2022-06-12 22:03:48,897] {dag.py:2398} INFO - Sync 1 DAGs
[2022-06-12 22:03:48,911] {logging_mixin.py:109} INFO - [2022-06-12 22:03:48,911] {dag.py:2937} INFO - Setting next_dagrun for tutorial to 2022-06-11T22:03:48.910832+00:00
[2022-06-12 22:03:48,921] {processor.py:171} INFO - Processing /home/airflow/.local/lib/python3.8/site-packages/airflow/example_dags/tutorial.py took 0.067 seconds
[2022-06-12 22:04:19,006] {processor.py:163} INFO - Started process (PID=7448) to work on /home/airflow/.local/lib/python3.8/site-packages/airflow/example_dags/tutorial.py
[2022-06-12 22:04:19,007] {processor.py:642} INFO - Processing file /home/airflow/.local/lib/python3.8/site-packages/airflow/example_dags/tutorial.py for tasks to queue
[2022-06-12 22:04:19,008] {logging_mixin.py:109} INFO - [2022-06-12 22:04:19,008] {dagbag.py:500} INFO - Filling up the DagBag from /home/airflow/.local/lib/python3.8/site-packages/airflow/example_dags/tutorial.py
[2022-06-12 22:04:19,031] {processor.py:654} INFO - DAG(s) dict_keys(['tutorial']) retrieved from /home/airflow/.local/lib/python3.8/site-packages/airflow/example_dags/tutorial.py
[2022-06-12 22:04:19,039] {logging_mixin.py:109} INFO - [2022-06-12 22:04:19,039] {dag.py:2398} INFO - Sync 1 DAGs
[2022-06-12 22:04:19,048] {logging_mixin.py:109} INFO - [2022-06-12 22:04:19,048] {dag.py:2937} INFO - Setting next_dagrun for tutorial to 2022-06-11T22:04:19.048548+00:00
[2022-06-12 22:04:19,059] {processor.py:171} INFO - Processing /home/airflow/.local/lib/python3.8/site-packages/airflow/example_dags/tutorial.py took 0.054 seconds
[2022-06-12 22:04:49,825] {processor.py:163} INFO - Started process (PID=7514) to work on /home/airflow/.local/lib/python3.8/site-packages/airflow/example_dags/tutorial.py
[2022-06-12 22:04:49,826] {processor.py:642} INFO - Processing file /home/airflow/.local/lib/python3.8/site-packages/airflow/example_dags/tutorial.py for tasks to queue
[2022-06-12 22:04:49,827] {logging_mixin.py:109} INFO - [2022-06-12 22:04:49,827] {dagbag.py:500} INFO - Filling up the DagBag from /home/airflow/.local/lib/python3.8/site-packages/airflow/example_dags/tutorial.py
[2022-06-12 22:04:49,856] {processor.py:654} INFO - DAG(s) dict_keys(['tutorial']) retrieved from /home/airflow/.local/lib/python3.8/site-packages/airflow/example_dags/tutorial.py
[2022-06-12 22:04:49,865] {logging_mixin.py:109} INFO - [2022-06-12 22:04:49,864] {dag.py:2398} INFO - Sync 1 DAGs
[2022-06-12 22:04:49,877] {logging_mixin.py:109} INFO - [2022-06-12 22:04:49,877] {dag.py:2937} INFO - Setting next_dagrun for tutorial to 2022-06-11T22:04:49.877260+00:00
[2022-06-12 22:04:49,887] {processor.py:171} INFO - Processing /home/airflow/.local/lib/python3.8/site-packages/airflow/example_dags/tutorial.py took 0.064 seconds
[2022-06-12 22:05:20,587] {processor.py:163} INFO - Started process (PID=7580) to work on /home/airflow/.local/lib/python3.8/site-packages/airflow/example_dags/tutorial.py
[2022-06-12 22:05:20,588] {processor.py:642} INFO - Processing file /home/airflow/.local/lib/python3.8/site-packages/airflow/example_dags/tutorial.py for tasks to queue
[2022-06-12 22:05:20,588] {logging_mixin.py:109} INFO - [2022-06-12 22:05:20,588] {dagbag.py:500} INFO - Filling up the DagBag from /home/airflow/.local/lib/python3.8/site-packages/airflow/example_dags/tutorial.py
[2022-06-12 22:05:20,608] {processor.py:654} INFO - DAG(s) dict_keys(['tutorial']) retrieved from /home/airflow/.local/lib/python3.8/site-packages/airflow/example_dags/tutorial.py
[2022-06-12 22:05:20,616] {logging_mixin.py:109} INFO - [2022-06-12 22:05:20,616] {dag.py:2398} INFO - Sync 1 DAGs
[2022-06-12 22:05:20,627] {logging_mixin.py:109} INFO - [2022-06-12 22:05:20,627] {dag.py:2937} INFO - Setting next_dagrun for tutorial to 2022-06-11T22:05:20.627290+00:00
[2022-06-12 22:05:20,635] {processor.py:171} INFO - Processing /home/airflow/.local/lib/python3.8/site-packages/airflow/example_dags/tutorial.py took 0.049 seconds
[2022-06-12 22:05:51,010] {processor.py:163} INFO - Started process (PID=7629) to work on /home/airflow/.local/lib/python3.8/site-packages/airflow/example_dags/tutorial.py
[2022-06-12 22:05:51,011] {processor.py:642} INFO - Processing file /home/airflow/.local/lib/python3.8/site-packages/airflow/example_dags/tutorial.py for tasks to queue
[2022-06-12 22:05:51,011] {logging_mixin.py:109} INFO - [2022-06-12 22:05:51,011] {dagbag.py:500} INFO - Filling up the DagBag from /home/airflow/.local/lib/python3.8/site-packages/airflow/example_dags/tutorial.py
[2022-06-12 22:05:51,044] {processor.py:654} INFO - DAG(s) dict_keys(['tutorial']) retrieved from /home/airflow/.local/lib/python3.8/site-packages/airflow/example_dags/tutorial.py
[2022-06-12 22:05:51,055] {logging_mixin.py:109} INFO - [2022-06-12 22:05:51,055] {dag.py:2398} INFO - Sync 1 DAGs
[2022-06-12 22:05:51,072] {logging_mixin.py:109} INFO - [2022-06-12 22:05:51,072] {dag.py:2937} INFO - Setting next_dagrun for tutorial to 2022-06-11T22:05:51.071830+00:00
[2022-06-12 22:05:51,083] {processor.py:171} INFO - Processing /home/airflow/.local/lib/python3.8/site-packages/airflow/example_dags/tutorial.py took 0.075 seconds
[2022-06-12 22:06:21,658] {processor.py:163} INFO - Started process (PID=7678) to work on /home/airflow/.local/lib/python3.8/site-packages/airflow/example_dags/tutorial.py
[2022-06-12 22:06:21,659] {processor.py:642} INFO - Processing file /home/airflow/.local/lib/python3.8/site-packages/airflow/example_dags/tutorial.py for tasks to queue
[2022-06-12 22:06:21,659] {logging_mixin.py:109} INFO - [2022-06-12 22:06:21,659] {dagbag.py:500} INFO - Filling up the DagBag from /home/airflow/.local/lib/python3.8/site-packages/airflow/example_dags/tutorial.py
[2022-06-12 22:06:21,681] {processor.py:654} INFO - DAG(s) dict_keys(['tutorial']) retrieved from /home/airflow/.local/lib/python3.8/site-packages/airflow/example_dags/tutorial.py
[2022-06-12 22:06:21,692] {logging_mixin.py:109} INFO - [2022-06-12 22:06:21,692] {dag.py:2398} INFO - Sync 1 DAGs
[2022-06-12 22:06:21,703] {logging_mixin.py:109} INFO - [2022-06-12 22:06:21,703] {dag.py:2937} INFO - Setting next_dagrun for tutorial to 2022-06-11T22:06:21.703228+00:00
[2022-06-12 22:06:21,713] {processor.py:171} INFO - Processing /home/airflow/.local/lib/python3.8/site-packages/airflow/example_dags/tutorial.py took 0.056 seconds
[2022-06-12 22:06:52,117] {processor.py:163} INFO - Started process (PID=7744) to work on /home/airflow/.local/lib/python3.8/site-packages/airflow/example_dags/tutorial.py
[2022-06-12 22:06:52,118] {processor.py:642} INFO - Processing file /home/airflow/.local/lib/python3.8/site-packages/airflow/example_dags/tutorial.py for tasks to queue
[2022-06-12 22:06:52,119] {logging_mixin.py:109} INFO - [2022-06-12 22:06:52,119] {dagbag.py:500} INFO - Filling up the DagBag from /home/airflow/.local/lib/python3.8/site-packages/airflow/example_dags/tutorial.py
[2022-06-12 22:06:52,141] {processor.py:654} INFO - DAG(s) dict_keys(['tutorial']) retrieved from /home/airflow/.local/lib/python3.8/site-packages/airflow/example_dags/tutorial.py
[2022-06-12 22:06:52,150] {logging_mixin.py:109} INFO - [2022-06-12 22:06:52,150] {dag.py:2398} INFO - Sync 1 DAGs
[2022-06-12 22:06:52,163] {logging_mixin.py:109} INFO - [2022-06-12 22:06:52,163] {dag.py:2937} INFO - Setting next_dagrun for tutorial to 2022-06-11T22:06:52.163458+00:00
[2022-06-12 22:06:52,173] {processor.py:171} INFO - Processing /home/airflow/.local/lib/python3.8/site-packages/airflow/example_dags/tutorial.py took 0.058 seconds
[2022-06-12 22:07:22,647] {processor.py:163} INFO - Started process (PID=7810) to work on /home/airflow/.local/lib/python3.8/site-packages/airflow/example_dags/tutorial.py
[2022-06-12 22:07:22,647] {processor.py:642} INFO - Processing file /home/airflow/.local/lib/python3.8/site-packages/airflow/example_dags/tutorial.py for tasks to queue
[2022-06-12 22:07:22,648] {logging_mixin.py:109} INFO - [2022-06-12 22:07:22,648] {dagbag.py:500} INFO - Filling up the DagBag from /home/airflow/.local/lib/python3.8/site-packages/airflow/example_dags/tutorial.py
[2022-06-12 22:07:22,671] {processor.py:654} INFO - DAG(s) dict_keys(['tutorial']) retrieved from /home/airflow/.local/lib/python3.8/site-packages/airflow/example_dags/tutorial.py
[2022-06-12 22:07:22,680] {logging_mixin.py:109} INFO - [2022-06-12 22:07:22,680] {dag.py:2398} INFO - Sync 1 DAGs
[2022-06-12 22:07:22,693] {logging_mixin.py:109} INFO - [2022-06-12 22:07:22,692] {dag.py:2937} INFO - Setting next_dagrun for tutorial to 2022-06-11T22:07:22.692603+00:00
[2022-06-12 22:07:22,703] {processor.py:171} INFO - Processing /home/airflow/.local/lib/python3.8/site-packages/airflow/example_dags/tutorial.py took 0.058 seconds
[2022-06-12 22:07:53,180] {processor.py:163} INFO - Started process (PID=7876) to work on /home/airflow/.local/lib/python3.8/site-packages/airflow/example_dags/tutorial.py
[2022-06-12 22:07:53,181] {processor.py:642} INFO - Processing file /home/airflow/.local/lib/python3.8/site-packages/airflow/example_dags/tutorial.py for tasks to queue
[2022-06-12 22:07:53,181] {logging_mixin.py:109} INFO - [2022-06-12 22:07:53,181] {dagbag.py:500} INFO - Filling up the DagBag from /home/airflow/.local/lib/python3.8/site-packages/airflow/example_dags/tutorial.py
[2022-06-12 22:07:53,206] {processor.py:654} INFO - DAG(s) dict_keys(['tutorial']) retrieved from /home/airflow/.local/lib/python3.8/site-packages/airflow/example_dags/tutorial.py
[2022-06-12 22:07:53,214] {logging_mixin.py:109} INFO - [2022-06-12 22:07:53,214] {dag.py:2398} INFO - Sync 1 DAGs
[2022-06-12 22:07:53,225] {logging_mixin.py:109} INFO - [2022-06-12 22:07:53,225] {dag.py:2937} INFO - Setting next_dagrun for tutorial to 2022-06-11T22:07:53.225369+00:00
[2022-06-12 22:07:53,235] {processor.py:171} INFO - Processing /home/airflow/.local/lib/python3.8/site-packages/airflow/example_dags/tutorial.py took 0.057 seconds
