[2022-06-13 04:33:26,524] {processor.py:163} INFO - Started process (PID=7932) to work on /opt/airflow/dags/matchData_dag.py
[2022-06-13 04:33:26,526] {processor.py:642} INFO - Processing file /opt/airflow/dags/matchData_dag.py for tasks to queue
[2022-06-13 04:33:26,528] {logging_mixin.py:109} INFO - [2022-06-13 04:33:26,527] {dagbag.py:500} INFO - Filling up the DagBag from /opt/airflow/dags/matchData_dag.py
[2022-06-13 04:33:29,943] {processor.py:654} INFO - DAG(s) dict_keys(['match_details_dag']) retrieved from /opt/airflow/dags/matchData_dag.py
[2022-06-13 04:33:30,376] {logging_mixin.py:109} INFO - [2022-06-13 04:33:30,375] {dag.py:2398} INFO - Sync 1 DAGs
[2022-06-13 04:33:30,408] {processor.py:171} INFO - Processing /opt/airflow/dags/matchData_dag.py took 3.893 seconds
[2022-06-13 04:34:00,737] {processor.py:163} INFO - Started process (PID=7998) to work on /opt/airflow/dags/matchData_dag.py
[2022-06-13 04:34:00,738] {processor.py:642} INFO - Processing file /opt/airflow/dags/matchData_dag.py for tasks to queue
[2022-06-13 04:34:00,739] {logging_mixin.py:109} INFO - [2022-06-13 04:34:00,739] {dagbag.py:500} INFO - Filling up the DagBag from /opt/airflow/dags/matchData_dag.py
[2022-06-13 04:34:01,504] {processor.py:654} INFO - DAG(s) dict_keys(['match_details_dag']) retrieved from /opt/airflow/dags/matchData_dag.py
[2022-06-13 04:34:01,514] {logging_mixin.py:109} INFO - [2022-06-13 04:34:01,514] {dag.py:2398} INFO - Sync 1 DAGs
[2022-06-13 04:34:01,538] {processor.py:171} INFO - Processing /opt/airflow/dags/matchData_dag.py took 0.804 seconds
[2022-06-13 04:34:32,135] {processor.py:163} INFO - Started process (PID=8064) to work on /opt/airflow/dags/matchData_dag.py
[2022-06-13 04:34:32,136] {processor.py:642} INFO - Processing file /opt/airflow/dags/matchData_dag.py for tasks to queue
[2022-06-13 04:34:32,136] {logging_mixin.py:109} INFO - [2022-06-13 04:34:32,136] {dagbag.py:500} INFO - Filling up the DagBag from /opt/airflow/dags/matchData_dag.py
[2022-06-13 04:34:32,951] {processor.py:654} INFO - DAG(s) dict_keys(['match_details_dag']) retrieved from /opt/airflow/dags/matchData_dag.py
[2022-06-13 04:34:32,963] {logging_mixin.py:109} INFO - [2022-06-13 04:34:32,963] {dag.py:2398} INFO - Sync 1 DAGs
[2022-06-13 04:34:32,992] {processor.py:171} INFO - Processing /opt/airflow/dags/matchData_dag.py took 0.859 seconds
[2022-06-13 04:35:03,746] {processor.py:163} INFO - Started process (PID=8130) to work on /opt/airflow/dags/matchData_dag.py
[2022-06-13 04:35:03,747] {processor.py:642} INFO - Processing file /opt/airflow/dags/matchData_dag.py for tasks to queue
[2022-06-13 04:35:03,747] {logging_mixin.py:109} INFO - [2022-06-13 04:35:03,747] {dagbag.py:500} INFO - Filling up the DagBag from /opt/airflow/dags/matchData_dag.py
[2022-06-13 04:35:04,584] {processor.py:654} INFO - DAG(s) dict_keys(['match_details_dag']) retrieved from /opt/airflow/dags/matchData_dag.py
[2022-06-13 04:35:04,594] {logging_mixin.py:109} INFO - [2022-06-13 04:35:04,594] {dag.py:2398} INFO - Sync 1 DAGs
[2022-06-13 04:35:04,616] {processor.py:171} INFO - Processing /opt/airflow/dags/matchData_dag.py took 0.874 seconds
[2022-06-13 04:35:35,454] {processor.py:163} INFO - Started process (PID=8196) to work on /opt/airflow/dags/matchData_dag.py
[2022-06-13 04:35:35,461] {processor.py:642} INFO - Processing file /opt/airflow/dags/matchData_dag.py for tasks to queue
[2022-06-13 04:35:35,461] {logging_mixin.py:109} INFO - [2022-06-13 04:35:35,461] {dagbag.py:500} INFO - Filling up the DagBag from /opt/airflow/dags/matchData_dag.py
[2022-06-13 04:35:36,260] {processor.py:654} INFO - DAG(s) dict_keys(['match_details_dag']) retrieved from /opt/airflow/dags/matchData_dag.py
[2022-06-13 04:35:36,270] {logging_mixin.py:109} INFO - [2022-06-13 04:35:36,270] {dag.py:2398} INFO - Sync 1 DAGs
[2022-06-13 04:35:36,299] {processor.py:171} INFO - Processing /opt/airflow/dags/matchData_dag.py took 0.847 seconds
[2022-06-13 04:36:07,022] {processor.py:163} INFO - Started process (PID=8262) to work on /opt/airflow/dags/matchData_dag.py
[2022-06-13 04:36:07,023] {processor.py:642} INFO - Processing file /opt/airflow/dags/matchData_dag.py for tasks to queue
[2022-06-13 04:36:07,024] {logging_mixin.py:109} INFO - [2022-06-13 04:36:07,023] {dagbag.py:500} INFO - Filling up the DagBag from /opt/airflow/dags/matchData_dag.py
[2022-06-13 04:36:07,814] {processor.py:654} INFO - DAG(s) dict_keys(['match_details_dag']) retrieved from /opt/airflow/dags/matchData_dag.py
[2022-06-13 04:36:07,823] {logging_mixin.py:109} INFO - [2022-06-13 04:36:07,822] {dag.py:2398} INFO - Sync 1 DAGs
[2022-06-13 04:36:07,842] {processor.py:171} INFO - Processing /opt/airflow/dags/matchData_dag.py took 0.822 seconds
[2022-06-13 04:36:38,529] {processor.py:163} INFO - Started process (PID=8328) to work on /opt/airflow/dags/matchData_dag.py
[2022-06-13 04:36:38,530] {processor.py:642} INFO - Processing file /opt/airflow/dags/matchData_dag.py for tasks to queue
[2022-06-13 04:36:38,531] {logging_mixin.py:109} INFO - [2022-06-13 04:36:38,530] {dagbag.py:500} INFO - Filling up the DagBag from /opt/airflow/dags/matchData_dag.py
[2022-06-13 04:36:39,491] {processor.py:654} INFO - DAG(s) dict_keys(['match_details_dag']) retrieved from /opt/airflow/dags/matchData_dag.py
[2022-06-13 04:36:39,511] {logging_mixin.py:109} INFO - [2022-06-13 04:36:39,510] {dag.py:2398} INFO - Sync 1 DAGs
[2022-06-13 04:36:39,542] {processor.py:171} INFO - Processing /opt/airflow/dags/matchData_dag.py took 1.016 seconds
[2022-06-13 04:37:10,460] {processor.py:163} INFO - Started process (PID=8394) to work on /opt/airflow/dags/matchData_dag.py
[2022-06-13 04:37:10,462] {processor.py:642} INFO - Processing file /opt/airflow/dags/matchData_dag.py for tasks to queue
[2022-06-13 04:37:10,462] {logging_mixin.py:109} INFO - [2022-06-13 04:37:10,462] {dagbag.py:500} INFO - Filling up the DagBag from /opt/airflow/dags/matchData_dag.py
[2022-06-13 04:37:11,423] {processor.py:654} INFO - DAG(s) dict_keys(['match_details_dag']) retrieved from /opt/airflow/dags/matchData_dag.py
[2022-06-13 04:37:11,434] {logging_mixin.py:109} INFO - [2022-06-13 04:37:11,434] {dag.py:2398} INFO - Sync 1 DAGs
[2022-06-13 04:37:11,458] {processor.py:171} INFO - Processing /opt/airflow/dags/matchData_dag.py took 1.001 seconds
[2022-06-13 04:37:42,329] {processor.py:163} INFO - Started process (PID=8460) to work on /opt/airflow/dags/matchData_dag.py
[2022-06-13 04:37:42,330] {processor.py:642} INFO - Processing file /opt/airflow/dags/matchData_dag.py for tasks to queue
[2022-06-13 04:37:42,330] {logging_mixin.py:109} INFO - [2022-06-13 04:37:42,330] {dagbag.py:500} INFO - Filling up the DagBag from /opt/airflow/dags/matchData_dag.py
[2022-06-13 04:37:43,254] {processor.py:654} INFO - DAG(s) dict_keys(['match_details_dag']) retrieved from /opt/airflow/dags/matchData_dag.py
[2022-06-13 04:37:43,264] {logging_mixin.py:109} INFO - [2022-06-13 04:37:43,263] {dag.py:2398} INFO - Sync 1 DAGs
[2022-06-13 04:37:43,291] {processor.py:171} INFO - Processing /opt/airflow/dags/matchData_dag.py took 0.965 seconds
[2022-06-13 04:38:13,940] {processor.py:163} INFO - Started process (PID=8526) to work on /opt/airflow/dags/matchData_dag.py
[2022-06-13 04:38:13,940] {processor.py:642} INFO - Processing file /opt/airflow/dags/matchData_dag.py for tasks to queue
[2022-06-13 04:38:13,941] {logging_mixin.py:109} INFO - [2022-06-13 04:38:13,941] {dagbag.py:500} INFO - Filling up the DagBag from /opt/airflow/dags/matchData_dag.py
[2022-06-13 04:38:14,786] {processor.py:654} INFO - DAG(s) dict_keys(['match_details_dag']) retrieved from /opt/airflow/dags/matchData_dag.py
[2022-06-13 04:38:14,795] {logging_mixin.py:109} INFO - [2022-06-13 04:38:14,795] {dag.py:2398} INFO - Sync 1 DAGs
[2022-06-13 04:38:14,821] {processor.py:171} INFO - Processing /opt/airflow/dags/matchData_dag.py took 0.883 seconds
[2022-06-13 04:38:45,358] {processor.py:163} INFO - Started process (PID=8592) to work on /opt/airflow/dags/matchData_dag.py
[2022-06-13 04:38:45,359] {processor.py:642} INFO - Processing file /opt/airflow/dags/matchData_dag.py for tasks to queue
[2022-06-13 04:38:45,359] {logging_mixin.py:109} INFO - [2022-06-13 04:38:45,359] {dagbag.py:500} INFO - Filling up the DagBag from /opt/airflow/dags/matchData_dag.py
[2022-06-13 04:38:46,300] {processor.py:654} INFO - DAG(s) dict_keys(['match_details_dag']) retrieved from /opt/airflow/dags/matchData_dag.py
[2022-06-13 04:38:46,312] {logging_mixin.py:109} INFO - [2022-06-13 04:38:46,311] {dag.py:2398} INFO - Sync 1 DAGs
[2022-06-13 04:38:46,333] {processor.py:171} INFO - Processing /opt/airflow/dags/matchData_dag.py took 0.978 seconds
[2022-06-13 04:39:17,050] {processor.py:163} INFO - Started process (PID=8658) to work on /opt/airflow/dags/matchData_dag.py
[2022-06-13 04:39:17,050] {processor.py:642} INFO - Processing file /opt/airflow/dags/matchData_dag.py for tasks to queue
[2022-06-13 04:39:17,050] {logging_mixin.py:109} INFO - [2022-06-13 04:39:17,050] {dagbag.py:500} INFO - Filling up the DagBag from /opt/airflow/dags/matchData_dag.py
[2022-06-13 04:39:17,873] {processor.py:654} INFO - DAG(s) dict_keys(['match_details_dag']) retrieved from /opt/airflow/dags/matchData_dag.py
[2022-06-13 04:39:17,881] {logging_mixin.py:109} INFO - [2022-06-13 04:39:17,881] {dag.py:2398} INFO - Sync 1 DAGs
[2022-06-13 04:39:17,908] {processor.py:171} INFO - Processing /opt/airflow/dags/matchData_dag.py took 0.860 seconds
[2022-06-13 04:39:48,659] {processor.py:163} INFO - Started process (PID=8724) to work on /opt/airflow/dags/matchData_dag.py
[2022-06-13 04:39:48,660] {processor.py:642} INFO - Processing file /opt/airflow/dags/matchData_dag.py for tasks to queue
[2022-06-13 04:39:48,661] {logging_mixin.py:109} INFO - [2022-06-13 04:39:48,660] {dagbag.py:500} INFO - Filling up the DagBag from /opt/airflow/dags/matchData_dag.py
[2022-06-13 04:39:49,596] {processor.py:654} INFO - DAG(s) dict_keys(['match_details_dag']) retrieved from /opt/airflow/dags/matchData_dag.py
[2022-06-13 04:39:49,608] {logging_mixin.py:109} INFO - [2022-06-13 04:39:49,608] {dag.py:2398} INFO - Sync 1 DAGs
[2022-06-13 04:39:49,634] {processor.py:171} INFO - Processing /opt/airflow/dags/matchData_dag.py took 0.978 seconds
[2022-06-13 04:40:20,032] {processor.py:163} INFO - Started process (PID=8790) to work on /opt/airflow/dags/matchData_dag.py
[2022-06-13 04:40:20,033] {processor.py:642} INFO - Processing file /opt/airflow/dags/matchData_dag.py for tasks to queue
[2022-06-13 04:40:20,033] {logging_mixin.py:109} INFO - [2022-06-13 04:40:20,033] {dagbag.py:500} INFO - Filling up the DagBag from /opt/airflow/dags/matchData_dag.py
[2022-06-13 04:40:20,787] {processor.py:654} INFO - DAG(s) dict_keys(['match_details_dag']) retrieved from /opt/airflow/dags/matchData_dag.py
[2022-06-13 04:40:20,796] {logging_mixin.py:109} INFO - [2022-06-13 04:40:20,796] {dag.py:2398} INFO - Sync 1 DAGs
[2022-06-13 04:40:20,816] {processor.py:171} INFO - Processing /opt/airflow/dags/matchData_dag.py took 0.786 seconds
[2022-06-13 04:40:51,506] {processor.py:163} INFO - Started process (PID=8856) to work on /opt/airflow/dags/matchData_dag.py
[2022-06-13 04:40:51,507] {processor.py:642} INFO - Processing file /opt/airflow/dags/matchData_dag.py for tasks to queue
[2022-06-13 04:40:51,508] {logging_mixin.py:109} INFO - [2022-06-13 04:40:51,508] {dagbag.py:500} INFO - Filling up the DagBag from /opt/airflow/dags/matchData_dag.py
[2022-06-13 04:40:52,520] {processor.py:654} INFO - DAG(s) dict_keys(['match_details_dag']) retrieved from /opt/airflow/dags/matchData_dag.py
[2022-06-13 04:40:52,532] {logging_mixin.py:109} INFO - [2022-06-13 04:40:52,532] {dag.py:2398} INFO - Sync 1 DAGs
[2022-06-13 04:40:52,555] {processor.py:171} INFO - Processing /opt/airflow/dags/matchData_dag.py took 1.052 seconds
[2022-06-13 04:41:23,262] {processor.py:163} INFO - Started process (PID=8922) to work on /opt/airflow/dags/matchData_dag.py
[2022-06-13 04:41:23,263] {processor.py:642} INFO - Processing file /opt/airflow/dags/matchData_dag.py for tasks to queue
[2022-06-13 04:41:23,263] {logging_mixin.py:109} INFO - [2022-06-13 04:41:23,263] {dagbag.py:500} INFO - Filling up the DagBag from /opt/airflow/dags/matchData_dag.py
[2022-06-13 04:41:24,046] {processor.py:654} INFO - DAG(s) dict_keys(['match_details_dag']) retrieved from /opt/airflow/dags/matchData_dag.py
[2022-06-13 04:41:24,065] {logging_mixin.py:109} INFO - [2022-06-13 04:41:24,065] {dag.py:2398} INFO - Sync 1 DAGs
[2022-06-13 04:41:24,105] {processor.py:171} INFO - Processing /opt/airflow/dags/matchData_dag.py took 0.845 seconds
[2022-06-13 04:41:54,934] {processor.py:163} INFO - Started process (PID=8988) to work on /opt/airflow/dags/matchData_dag.py
[2022-06-13 04:41:54,941] {processor.py:642} INFO - Processing file /opt/airflow/dags/matchData_dag.py for tasks to queue
[2022-06-13 04:41:54,942] {logging_mixin.py:109} INFO - [2022-06-13 04:41:54,942] {dagbag.py:500} INFO - Filling up the DagBag from /opt/airflow/dags/matchData_dag.py
[2022-06-13 04:41:55,798] {processor.py:654} INFO - DAG(s) dict_keys(['match_details_dag']) retrieved from /opt/airflow/dags/matchData_dag.py
[2022-06-13 04:41:55,811] {logging_mixin.py:109} INFO - [2022-06-13 04:41:55,811] {dag.py:2398} INFO - Sync 1 DAGs
[2022-06-13 04:41:55,835] {processor.py:171} INFO - Processing /opt/airflow/dags/matchData_dag.py took 0.904 seconds
[2022-06-13 04:42:25,853] {processor.py:163} INFO - Started process (PID=9054) to work on /opt/airflow/dags/matchData_dag.py
[2022-06-13 04:42:25,854] {processor.py:642} INFO - Processing file /opt/airflow/dags/matchData_dag.py for tasks to queue
[2022-06-13 04:42:25,854] {logging_mixin.py:109} INFO - [2022-06-13 04:42:25,854] {dagbag.py:500} INFO - Filling up the DagBag from /opt/airflow/dags/matchData_dag.py
[2022-06-13 04:42:26,776] {processor.py:654} INFO - DAG(s) dict_keys(['match_details_dag']) retrieved from /opt/airflow/dags/matchData_dag.py
[2022-06-13 04:42:26,786] {logging_mixin.py:109} INFO - [2022-06-13 04:42:26,786] {dag.py:2398} INFO - Sync 1 DAGs
[2022-06-13 04:42:26,811] {processor.py:171} INFO - Processing /opt/airflow/dags/matchData_dag.py took 0.960 seconds
[2022-06-13 04:42:57,371] {processor.py:163} INFO - Started process (PID=9120) to work on /opt/airflow/dags/matchData_dag.py
[2022-06-13 04:42:57,372] {processor.py:642} INFO - Processing file /opt/airflow/dags/matchData_dag.py for tasks to queue
[2022-06-13 04:42:57,373] {logging_mixin.py:109} INFO - [2022-06-13 04:42:57,373] {dagbag.py:500} INFO - Filling up the DagBag from /opt/airflow/dags/matchData_dag.py
[2022-06-13 04:42:58,271] {processor.py:654} INFO - DAG(s) dict_keys(['match_details_dag']) retrieved from /opt/airflow/dags/matchData_dag.py
[2022-06-13 04:42:58,280] {logging_mixin.py:109} INFO - [2022-06-13 04:42:58,280] {dag.py:2398} INFO - Sync 1 DAGs
[2022-06-13 04:42:58,300] {processor.py:171} INFO - Processing /opt/airflow/dags/matchData_dag.py took 0.931 seconds
[2022-06-13 04:43:28,806] {processor.py:163} INFO - Started process (PID=9186) to work on /opt/airflow/dags/matchData_dag.py
[2022-06-13 04:43:28,807] {processor.py:642} INFO - Processing file /opt/airflow/dags/matchData_dag.py for tasks to queue
[2022-06-13 04:43:28,808] {logging_mixin.py:109} INFO - [2022-06-13 04:43:28,808] {dagbag.py:500} INFO - Filling up the DagBag from /opt/airflow/dags/matchData_dag.py
[2022-06-13 04:43:29,645] {processor.py:654} INFO - DAG(s) dict_keys(['match_details_dag']) retrieved from /opt/airflow/dags/matchData_dag.py
[2022-06-13 04:43:29,654] {logging_mixin.py:109} INFO - [2022-06-13 04:43:29,654] {dag.py:2398} INFO - Sync 1 DAGs
[2022-06-13 04:43:29,682] {processor.py:171} INFO - Processing /opt/airflow/dags/matchData_dag.py took 0.878 seconds
[2022-06-13 04:44:00,401] {processor.py:163} INFO - Started process (PID=9252) to work on /opt/airflow/dags/matchData_dag.py
[2022-06-13 04:44:00,405] {processor.py:642} INFO - Processing file /opt/airflow/dags/matchData_dag.py for tasks to queue
[2022-06-13 04:44:00,406] {logging_mixin.py:109} INFO - [2022-06-13 04:44:00,406] {dagbag.py:500} INFO - Filling up the DagBag from /opt/airflow/dags/matchData_dag.py
[2022-06-13 04:44:01,440] {processor.py:654} INFO - DAG(s) dict_keys(['match_details_dag']) retrieved from /opt/airflow/dags/matchData_dag.py
[2022-06-13 04:44:01,450] {logging_mixin.py:109} INFO - [2022-06-13 04:44:01,450] {dag.py:2398} INFO - Sync 1 DAGs
[2022-06-13 04:44:01,471] {processor.py:171} INFO - Processing /opt/airflow/dags/matchData_dag.py took 1.073 seconds
[2022-06-13 04:44:32,162] {processor.py:163} INFO - Started process (PID=9318) to work on /opt/airflow/dags/matchData_dag.py
[2022-06-13 04:44:32,169] {processor.py:642} INFO - Processing file /opt/airflow/dags/matchData_dag.py for tasks to queue
[2022-06-13 04:44:32,169] {logging_mixin.py:109} INFO - [2022-06-13 04:44:32,169] {dagbag.py:500} INFO - Filling up the DagBag from /opt/airflow/dags/matchData_dag.py
[2022-06-13 04:44:33,057] {processor.py:654} INFO - DAG(s) dict_keys(['match_details_dag']) retrieved from /opt/airflow/dags/matchData_dag.py
[2022-06-13 04:44:33,067] {logging_mixin.py:109} INFO - [2022-06-13 04:44:33,067] {dag.py:2398} INFO - Sync 1 DAGs
[2022-06-13 04:44:33,095] {processor.py:171} INFO - Processing /opt/airflow/dags/matchData_dag.py took 0.935 seconds
[2022-06-13 04:45:03,946] {processor.py:163} INFO - Started process (PID=9384) to work on /opt/airflow/dags/matchData_dag.py
[2022-06-13 04:45:03,947] {processor.py:642} INFO - Processing file /opt/airflow/dags/matchData_dag.py for tasks to queue
[2022-06-13 04:45:03,951] {logging_mixin.py:109} INFO - [2022-06-13 04:45:03,951] {dagbag.py:500} INFO - Filling up the DagBag from /opt/airflow/dags/matchData_dag.py
[2022-06-13 04:45:04,801] {processor.py:654} INFO - DAG(s) dict_keys(['match_details_dag']) retrieved from /opt/airflow/dags/matchData_dag.py
[2022-06-13 04:45:04,810] {logging_mixin.py:109} INFO - [2022-06-13 04:45:04,809] {dag.py:2398} INFO - Sync 1 DAGs
[2022-06-13 04:45:04,829] {processor.py:171} INFO - Processing /opt/airflow/dags/matchData_dag.py took 0.885 seconds
[2022-06-13 04:45:35,413] {processor.py:163} INFO - Started process (PID=9450) to work on /opt/airflow/dags/matchData_dag.py
[2022-06-13 04:45:35,419] {processor.py:642} INFO - Processing file /opt/airflow/dags/matchData_dag.py for tasks to queue
[2022-06-13 04:45:35,419] {logging_mixin.py:109} INFO - [2022-06-13 04:45:35,419] {dagbag.py:500} INFO - Filling up the DagBag from /opt/airflow/dags/matchData_dag.py
[2022-06-13 04:45:36,209] {processor.py:654} INFO - DAG(s) dict_keys(['match_details_dag']) retrieved from /opt/airflow/dags/matchData_dag.py
[2022-06-13 04:45:36,218] {logging_mixin.py:109} INFO - [2022-06-13 04:45:36,218] {dag.py:2398} INFO - Sync 1 DAGs
[2022-06-13 04:45:36,238] {processor.py:171} INFO - Processing /opt/airflow/dags/matchData_dag.py took 0.827 seconds
[2022-06-13 04:46:06,937] {processor.py:163} INFO - Started process (PID=9516) to work on /opt/airflow/dags/matchData_dag.py
[2022-06-13 04:46:06,938] {processor.py:642} INFO - Processing file /opt/airflow/dags/matchData_dag.py for tasks to queue
[2022-06-13 04:46:06,939] {logging_mixin.py:109} INFO - [2022-06-13 04:46:06,939] {dagbag.py:500} INFO - Filling up the DagBag from /opt/airflow/dags/matchData_dag.py
[2022-06-13 04:46:07,768] {processor.py:654} INFO - DAG(s) dict_keys(['match_details_dag']) retrieved from /opt/airflow/dags/matchData_dag.py
[2022-06-13 04:46:07,777] {logging_mixin.py:109} INFO - [2022-06-13 04:46:07,777] {dag.py:2398} INFO - Sync 1 DAGs
[2022-06-13 04:46:07,799] {processor.py:171} INFO - Processing /opt/airflow/dags/matchData_dag.py took 0.864 seconds
[2022-06-13 04:46:38,327] {processor.py:163} INFO - Started process (PID=9582) to work on /opt/airflow/dags/matchData_dag.py
[2022-06-13 04:46:38,329] {processor.py:642} INFO - Processing file /opt/airflow/dags/matchData_dag.py for tasks to queue
[2022-06-13 04:46:38,330] {logging_mixin.py:109} INFO - [2022-06-13 04:46:38,330] {dagbag.py:500} INFO - Filling up the DagBag from /opt/airflow/dags/matchData_dag.py
[2022-06-13 04:46:39,203] {processor.py:654} INFO - DAG(s) dict_keys(['match_details_dag']) retrieved from /opt/airflow/dags/matchData_dag.py
[2022-06-13 04:46:39,211] {logging_mixin.py:109} INFO - [2022-06-13 04:46:39,211] {dag.py:2398} INFO - Sync 1 DAGs
[2022-06-13 04:46:39,233] {processor.py:171} INFO - Processing /opt/airflow/dags/matchData_dag.py took 0.911 seconds
[2022-06-13 04:47:09,914] {processor.py:163} INFO - Started process (PID=9648) to work on /opt/airflow/dags/matchData_dag.py
[2022-06-13 04:47:09,922] {processor.py:642} INFO - Processing file /opt/airflow/dags/matchData_dag.py for tasks to queue
[2022-06-13 04:47:09,922] {logging_mixin.py:109} INFO - [2022-06-13 04:47:09,922] {dagbag.py:500} INFO - Filling up the DagBag from /opt/airflow/dags/matchData_dag.py
[2022-06-13 04:47:10,825] {processor.py:654} INFO - DAG(s) dict_keys(['match_details_dag']) retrieved from /opt/airflow/dags/matchData_dag.py
[2022-06-13 04:47:10,836] {logging_mixin.py:109} INFO - [2022-06-13 04:47:10,835] {dag.py:2398} INFO - Sync 1 DAGs
[2022-06-13 04:47:10,866] {processor.py:171} INFO - Processing /opt/airflow/dags/matchData_dag.py took 0.954 seconds
[2022-06-13 04:47:41,377] {processor.py:163} INFO - Started process (PID=9714) to work on /opt/airflow/dags/matchData_dag.py
[2022-06-13 04:47:41,378] {processor.py:642} INFO - Processing file /opt/airflow/dags/matchData_dag.py for tasks to queue
[2022-06-13 04:47:41,379] {logging_mixin.py:109} INFO - [2022-06-13 04:47:41,379] {dagbag.py:500} INFO - Filling up the DagBag from /opt/airflow/dags/matchData_dag.py
[2022-06-13 04:47:42,297] {processor.py:654} INFO - DAG(s) dict_keys(['match_details_dag']) retrieved from /opt/airflow/dags/matchData_dag.py
[2022-06-13 04:47:42,311] {logging_mixin.py:109} INFO - [2022-06-13 04:47:42,310] {dag.py:2398} INFO - Sync 1 DAGs
[2022-06-13 04:47:42,334] {processor.py:171} INFO - Processing /opt/airflow/dags/matchData_dag.py took 0.960 seconds
[2022-06-13 04:48:13,062] {processor.py:163} INFO - Started process (PID=9780) to work on /opt/airflow/dags/matchData_dag.py
[2022-06-13 04:48:13,064] {processor.py:642} INFO - Processing file /opt/airflow/dags/matchData_dag.py for tasks to queue
[2022-06-13 04:48:13,065] {logging_mixin.py:109} INFO - [2022-06-13 04:48:13,065] {dagbag.py:500} INFO - Filling up the DagBag from /opt/airflow/dags/matchData_dag.py
[2022-06-13 04:48:14,091] {processor.py:654} INFO - DAG(s) dict_keys(['match_details_dag']) retrieved from /opt/airflow/dags/matchData_dag.py
[2022-06-13 04:48:14,102] {logging_mixin.py:109} INFO - [2022-06-13 04:48:14,101] {dag.py:2398} INFO - Sync 1 DAGs
[2022-06-13 04:48:14,126] {processor.py:171} INFO - Processing /opt/airflow/dags/matchData_dag.py took 1.066 seconds
[2022-06-13 04:48:44,199] {processor.py:163} INFO - Started process (PID=9846) to work on /opt/airflow/dags/matchData_dag.py
[2022-06-13 04:48:44,200] {processor.py:642} INFO - Processing file /opt/airflow/dags/matchData_dag.py for tasks to queue
[2022-06-13 04:48:44,200] {logging_mixin.py:109} INFO - [2022-06-13 04:48:44,200] {dagbag.py:500} INFO - Filling up the DagBag from /opt/airflow/dags/matchData_dag.py
[2022-06-13 04:48:45,098] {processor.py:654} INFO - DAG(s) dict_keys(['match_details_dag']) retrieved from /opt/airflow/dags/matchData_dag.py
[2022-06-13 04:48:45,109] {logging_mixin.py:109} INFO - [2022-06-13 04:48:45,108] {dag.py:2398} INFO - Sync 1 DAGs
[2022-06-13 04:48:45,134] {processor.py:171} INFO - Processing /opt/airflow/dags/matchData_dag.py took 0.936 seconds
[2022-06-13 04:49:15,186] {processor.py:163} INFO - Started process (PID=9912) to work on /opt/airflow/dags/matchData_dag.py
[2022-06-13 04:49:15,187] {processor.py:642} INFO - Processing file /opt/airflow/dags/matchData_dag.py for tasks to queue
[2022-06-13 04:49:15,187] {logging_mixin.py:109} INFO - [2022-06-13 04:49:15,187] {dagbag.py:500} INFO - Filling up the DagBag from /opt/airflow/dags/matchData_dag.py
[2022-06-13 04:49:16,072] {processor.py:654} INFO - DAG(s) dict_keys(['match_details_dag']) retrieved from /opt/airflow/dags/matchData_dag.py
[2022-06-13 04:49:16,087] {logging_mixin.py:109} INFO - [2022-06-13 04:49:16,085] {dag.py:2398} INFO - Sync 1 DAGs
[2022-06-13 04:49:16,125] {processor.py:171} INFO - Processing /opt/airflow/dags/matchData_dag.py took 0.942 seconds
[2022-06-13 04:49:47,058] {processor.py:163} INFO - Started process (PID=9978) to work on /opt/airflow/dags/matchData_dag.py
[2022-06-13 04:49:47,059] {processor.py:642} INFO - Processing file /opt/airflow/dags/matchData_dag.py for tasks to queue
[2022-06-13 04:49:47,060] {logging_mixin.py:109} INFO - [2022-06-13 04:49:47,059] {dagbag.py:500} INFO - Filling up the DagBag from /opt/airflow/dags/matchData_dag.py
[2022-06-13 04:49:47,911] {processor.py:654} INFO - DAG(s) dict_keys(['match_details_dag']) retrieved from /opt/airflow/dags/matchData_dag.py
[2022-06-13 04:49:47,922] {logging_mixin.py:109} INFO - [2022-06-13 04:49:47,922] {dag.py:2398} INFO - Sync 1 DAGs
[2022-06-13 04:49:47,941] {processor.py:171} INFO - Processing /opt/airflow/dags/matchData_dag.py took 0.885 seconds
[2022-06-13 04:50:18,688] {processor.py:163} INFO - Started process (PID=10044) to work on /opt/airflow/dags/matchData_dag.py
[2022-06-13 04:50:18,689] {processor.py:642} INFO - Processing file /opt/airflow/dags/matchData_dag.py for tasks to queue
[2022-06-13 04:50:18,690] {logging_mixin.py:109} INFO - [2022-06-13 04:50:18,690] {dagbag.py:500} INFO - Filling up the DagBag from /opt/airflow/dags/matchData_dag.py
[2022-06-13 04:50:19,643] {processor.py:654} INFO - DAG(s) dict_keys(['match_details_dag']) retrieved from /opt/airflow/dags/matchData_dag.py
[2022-06-13 04:50:19,654] {logging_mixin.py:109} INFO - [2022-06-13 04:50:19,654] {dag.py:2398} INFO - Sync 1 DAGs
[2022-06-13 04:50:19,679] {processor.py:171} INFO - Processing /opt/airflow/dags/matchData_dag.py took 0.993 seconds
[2022-06-13 04:50:50,479] {processor.py:163} INFO - Started process (PID=10110) to work on /opt/airflow/dags/matchData_dag.py
[2022-06-13 04:50:50,480] {processor.py:642} INFO - Processing file /opt/airflow/dags/matchData_dag.py for tasks to queue
[2022-06-13 04:50:50,481] {logging_mixin.py:109} INFO - [2022-06-13 04:50:50,481] {dagbag.py:500} INFO - Filling up the DagBag from /opt/airflow/dags/matchData_dag.py
[2022-06-13 04:50:52,196] {processor.py:654} INFO - DAG(s) dict_keys(['match_details_dag']) retrieved from /opt/airflow/dags/matchData_dag.py
[2022-06-13 04:50:52,207] {logging_mixin.py:109} INFO - [2022-06-13 04:50:52,207] {dag.py:2398} INFO - Sync 1 DAGs
[2022-06-13 04:50:52,234] {processor.py:171} INFO - Processing /opt/airflow/dags/matchData_dag.py took 1.758 seconds
[2022-06-13 04:51:22,359] {processor.py:163} INFO - Started process (PID=10176) to work on /opt/airflow/dags/matchData_dag.py
[2022-06-13 04:51:22,364] {processor.py:642} INFO - Processing file /opt/airflow/dags/matchData_dag.py for tasks to queue
[2022-06-13 04:51:22,364] {logging_mixin.py:109} INFO - [2022-06-13 04:51:22,364] {dagbag.py:500} INFO - Filling up the DagBag from /opt/airflow/dags/matchData_dag.py
[2022-06-13 04:51:23,205] {processor.py:654} INFO - DAG(s) dict_keys(['match_details_dag']) retrieved from /opt/airflow/dags/matchData_dag.py
[2022-06-13 04:51:23,215] {logging_mixin.py:109} INFO - [2022-06-13 04:51:23,214] {dag.py:2398} INFO - Sync 1 DAGs
[2022-06-13 04:51:23,240] {processor.py:171} INFO - Processing /opt/airflow/dags/matchData_dag.py took 0.883 seconds
[2022-06-13 04:51:54,178] {processor.py:163} INFO - Started process (PID=10242) to work on /opt/airflow/dags/matchData_dag.py
[2022-06-13 04:51:54,180] {processor.py:642} INFO - Processing file /opt/airflow/dags/matchData_dag.py for tasks to queue
[2022-06-13 04:51:54,181] {logging_mixin.py:109} INFO - [2022-06-13 04:51:54,181] {dagbag.py:500} INFO - Filling up the DagBag from /opt/airflow/dags/matchData_dag.py
[2022-06-13 04:51:55,411] {processor.py:654} INFO - DAG(s) dict_keys(['match_details_dag']) retrieved from /opt/airflow/dags/matchData_dag.py
[2022-06-13 04:51:55,426] {logging_mixin.py:109} INFO - [2022-06-13 04:51:55,425] {dag.py:2398} INFO - Sync 1 DAGs
[2022-06-13 04:51:55,456] {processor.py:171} INFO - Processing /opt/airflow/dags/matchData_dag.py took 1.281 seconds
[2022-06-13 04:52:26,163] {processor.py:163} INFO - Started process (PID=10325) to work on /opt/airflow/dags/matchData_dag.py
[2022-06-13 04:52:26,164] {processor.py:642} INFO - Processing file /opt/airflow/dags/matchData_dag.py for tasks to queue
[2022-06-13 04:52:26,164] {logging_mixin.py:109} INFO - [2022-06-13 04:52:26,164] {dagbag.py:500} INFO - Filling up the DagBag from /opt/airflow/dags/matchData_dag.py
[2022-06-13 04:52:26,927] {processor.py:654} INFO - DAG(s) dict_keys(['match_details_dag']) retrieved from /opt/airflow/dags/matchData_dag.py
[2022-06-13 04:52:26,937] {logging_mixin.py:109} INFO - [2022-06-13 04:52:26,937] {dag.py:2398} INFO - Sync 1 DAGs
[2022-06-13 04:52:26,957] {processor.py:171} INFO - Processing /opt/airflow/dags/matchData_dag.py took 0.796 seconds
[2022-06-13 04:52:57,006] {processor.py:163} INFO - Started process (PID=10391) to work on /opt/airflow/dags/matchData_dag.py
[2022-06-13 04:52:57,007] {processor.py:642} INFO - Processing file /opt/airflow/dags/matchData_dag.py for tasks to queue
[2022-06-13 04:52:57,008] {logging_mixin.py:109} INFO - [2022-06-13 04:52:57,008] {dagbag.py:500} INFO - Filling up the DagBag from /opt/airflow/dags/matchData_dag.py
[2022-06-13 04:52:57,799] {processor.py:654} INFO - DAG(s) dict_keys(['match_details_dag']) retrieved from /opt/airflow/dags/matchData_dag.py
[2022-06-13 04:52:57,809] {logging_mixin.py:109} INFO - [2022-06-13 04:52:57,809] {dag.py:2398} INFO - Sync 1 DAGs
[2022-06-13 04:52:57,831] {processor.py:171} INFO - Processing /opt/airflow/dags/matchData_dag.py took 0.827 seconds
[2022-06-13 04:53:27,962] {processor.py:163} INFO - Started process (PID=10462) to work on /opt/airflow/dags/matchData_dag.py
[2022-06-13 04:53:27,963] {processor.py:642} INFO - Processing file /opt/airflow/dags/matchData_dag.py for tasks to queue
[2022-06-13 04:53:27,964] {logging_mixin.py:109} INFO - [2022-06-13 04:53:27,963] {dagbag.py:500} INFO - Filling up the DagBag from /opt/airflow/dags/matchData_dag.py
[2022-06-13 04:53:28,925] {processor.py:654} INFO - DAG(s) dict_keys(['match_details_dag']) retrieved from /opt/airflow/dags/matchData_dag.py
[2022-06-13 04:53:28,939] {logging_mixin.py:109} INFO - [2022-06-13 04:53:28,938] {dag.py:2398} INFO - Sync 1 DAGs
[2022-06-13 04:53:28,966] {processor.py:171} INFO - Processing /opt/airflow/dags/matchData_dag.py took 1.006 seconds
[2022-06-13 04:53:59,604] {processor.py:163} INFO - Started process (PID=10533) to work on /opt/airflow/dags/matchData_dag.py
[2022-06-13 04:53:59,605] {processor.py:642} INFO - Processing file /opt/airflow/dags/matchData_dag.py for tasks to queue
[2022-06-13 04:53:59,608] {logging_mixin.py:109} INFO - [2022-06-13 04:53:59,608] {dagbag.py:500} INFO - Filling up the DagBag from /opt/airflow/dags/matchData_dag.py
[2022-06-13 04:54:00,330] {processor.py:654} INFO - DAG(s) dict_keys(['match_details_dag']) retrieved from /opt/airflow/dags/matchData_dag.py
[2022-06-13 04:54:00,339] {logging_mixin.py:109} INFO - [2022-06-13 04:54:00,338] {dag.py:2398} INFO - Sync 1 DAGs
[2022-06-13 04:54:00,360] {processor.py:171} INFO - Processing /opt/airflow/dags/matchData_dag.py took 0.764 seconds
[2022-06-13 04:54:30,387] {processor.py:163} INFO - Started process (PID=10605) to work on /opt/airflow/dags/matchData_dag.py
[2022-06-13 04:54:30,388] {processor.py:642} INFO - Processing file /opt/airflow/dags/matchData_dag.py for tasks to queue
[2022-06-13 04:54:30,389] {logging_mixin.py:109} INFO - [2022-06-13 04:54:30,389] {dagbag.py:500} INFO - Filling up the DagBag from /opt/airflow/dags/matchData_dag.py
[2022-06-13 04:54:31,195] {processor.py:654} INFO - DAG(s) dict_keys(['match_details_dag']) retrieved from /opt/airflow/dags/matchData_dag.py
[2022-06-13 04:54:31,205] {logging_mixin.py:109} INFO - [2022-06-13 04:54:31,204] {dag.py:2398} INFO - Sync 1 DAGs
[2022-06-13 04:54:31,223] {processor.py:171} INFO - Processing /opt/airflow/dags/matchData_dag.py took 0.838 seconds
[2022-06-13 04:55:01,374] {processor.py:163} INFO - Started process (PID=10677) to work on /opt/airflow/dags/matchData_dag.py
[2022-06-13 04:55:01,375] {processor.py:642} INFO - Processing file /opt/airflow/dags/matchData_dag.py for tasks to queue
[2022-06-13 04:55:01,375] {logging_mixin.py:109} INFO - [2022-06-13 04:55:01,375] {dagbag.py:500} INFO - Filling up the DagBag from /opt/airflow/dags/matchData_dag.py
[2022-06-13 04:55:02,073] {processor.py:654} INFO - DAG(s) dict_keys(['match_details_dag']) retrieved from /opt/airflow/dags/matchData_dag.py
[2022-06-13 04:55:02,084] {logging_mixin.py:109} INFO - [2022-06-13 04:55:02,084] {dag.py:2398} INFO - Sync 1 DAGs
[2022-06-13 04:55:02,106] {processor.py:171} INFO - Processing /opt/airflow/dags/matchData_dag.py took 0.733 seconds
[2022-06-13 04:55:32,243] {processor.py:163} INFO - Started process (PID=10748) to work on /opt/airflow/dags/matchData_dag.py
[2022-06-13 04:55:32,244] {processor.py:642} INFO - Processing file /opt/airflow/dags/matchData_dag.py for tasks to queue
[2022-06-13 04:55:32,245] {logging_mixin.py:109} INFO - [2022-06-13 04:55:32,245] {dagbag.py:500} INFO - Filling up the DagBag from /opt/airflow/dags/matchData_dag.py
[2022-06-13 04:55:32,972] {processor.py:654} INFO - DAG(s) dict_keys(['match_details_dag']) retrieved from /opt/airflow/dags/matchData_dag.py
[2022-06-13 04:55:32,982] {logging_mixin.py:109} INFO - [2022-06-13 04:55:32,982] {dag.py:2398} INFO - Sync 1 DAGs
[2022-06-13 04:55:33,009] {processor.py:171} INFO - Processing /opt/airflow/dags/matchData_dag.py took 0.769 seconds
[2022-06-13 04:56:03,152] {processor.py:163} INFO - Started process (PID=10819) to work on /opt/airflow/dags/matchData_dag.py
[2022-06-13 04:56:03,153] {processor.py:642} INFO - Processing file /opt/airflow/dags/matchData_dag.py for tasks to queue
[2022-06-13 04:56:03,154] {logging_mixin.py:109} INFO - [2022-06-13 04:56:03,153] {dagbag.py:500} INFO - Filling up the DagBag from /opt/airflow/dags/matchData_dag.py
[2022-06-13 04:56:03,827] {processor.py:654} INFO - DAG(s) dict_keys(['match_details_dag']) retrieved from /opt/airflow/dags/matchData_dag.py
[2022-06-13 04:56:03,836] {logging_mixin.py:109} INFO - [2022-06-13 04:56:03,836] {dag.py:2398} INFO - Sync 1 DAGs
[2022-06-13 04:56:03,863] {processor.py:171} INFO - Processing /opt/airflow/dags/matchData_dag.py took 0.712 seconds
[2022-06-13 04:56:23,203] {processor.py:163} INFO - Started process (PID=10836) to work on /opt/airflow/dags/matchData_dag.py
[2022-06-13 04:56:23,207] {processor.py:642} INFO - Processing file /opt/airflow/dags/matchData_dag.py for tasks to queue
[2022-06-13 04:56:23,208] {logging_mixin.py:109} INFO - [2022-06-13 04:56:23,208] {dagbag.py:500} INFO - Filling up the DagBag from /opt/airflow/dags/matchData_dag.py
[2022-06-13 04:56:24,117] {processor.py:654} INFO - DAG(s) dict_keys(['match_details_dag']) retrieved from /opt/airflow/dags/matchData_dag.py
[2022-06-13 04:56:24,347] {logging_mixin.py:109} INFO - [2022-06-13 04:56:24,346] {dag.py:2398} INFO - Sync 1 DAGs
[2022-06-13 04:56:24,405] {processor.py:171} INFO - Processing /opt/airflow/dags/matchData_dag.py took 1.206 seconds
[2022-06-13 04:56:55,390] {processor.py:163} INFO - Started process (PID=10902) to work on /opt/airflow/dags/matchData_dag.py
[2022-06-13 04:56:55,391] {processor.py:642} INFO - Processing file /opt/airflow/dags/matchData_dag.py for tasks to queue
[2022-06-13 04:56:55,392] {logging_mixin.py:109} INFO - [2022-06-13 04:56:55,392] {dagbag.py:500} INFO - Filling up the DagBag from /opt/airflow/dags/matchData_dag.py
[2022-06-13 04:56:56,372] {processor.py:654} INFO - DAG(s) dict_keys(['match_details_dag']) retrieved from /opt/airflow/dags/matchData_dag.py
[2022-06-13 04:56:56,381] {logging_mixin.py:109} INFO - [2022-06-13 04:56:56,380] {dag.py:2398} INFO - Sync 1 DAGs
[2022-06-13 04:56:56,403] {processor.py:171} INFO - Processing /opt/airflow/dags/matchData_dag.py took 1.016 seconds
[2022-06-13 04:57:26,628] {processor.py:163} INFO - Started process (PID=10968) to work on /opt/airflow/dags/matchData_dag.py
[2022-06-13 04:57:26,639] {processor.py:642} INFO - Processing file /opt/airflow/dags/matchData_dag.py for tasks to queue
[2022-06-13 04:57:26,639] {logging_mixin.py:109} INFO - [2022-06-13 04:57:26,639] {dagbag.py:500} INFO - Filling up the DagBag from /opt/airflow/dags/matchData_dag.py
[2022-06-13 04:57:27,358] {processor.py:654} INFO - DAG(s) dict_keys(['match_details_dag']) retrieved from /opt/airflow/dags/matchData_dag.py
[2022-06-13 04:57:27,368] {logging_mixin.py:109} INFO - [2022-06-13 04:57:27,367] {dag.py:2398} INFO - Sync 1 DAGs
[2022-06-13 04:57:27,395] {processor.py:171} INFO - Processing /opt/airflow/dags/matchData_dag.py took 0.768 seconds
[2022-06-13 04:57:57,856] {processor.py:163} INFO - Started process (PID=11034) to work on /opt/airflow/dags/matchData_dag.py
[2022-06-13 04:57:57,857] {processor.py:642} INFO - Processing file /opt/airflow/dags/matchData_dag.py for tasks to queue
[2022-06-13 04:57:57,857] {logging_mixin.py:109} INFO - [2022-06-13 04:57:57,857] {dagbag.py:500} INFO - Filling up the DagBag from /opt/airflow/dags/matchData_dag.py
[2022-06-13 04:57:58,581] {processor.py:654} INFO - DAG(s) dict_keys(['match_details_dag']) retrieved from /opt/airflow/dags/matchData_dag.py
[2022-06-13 04:57:58,590] {logging_mixin.py:109} INFO - [2022-06-13 04:57:58,590] {dag.py:2398} INFO - Sync 1 DAGs
[2022-06-13 04:57:58,617] {processor.py:171} INFO - Processing /opt/airflow/dags/matchData_dag.py took 0.763 seconds
[2022-06-13 04:58:29,402] {processor.py:163} INFO - Started process (PID=11100) to work on /opt/airflow/dags/matchData_dag.py
[2022-06-13 04:58:29,402] {processor.py:642} INFO - Processing file /opt/airflow/dags/matchData_dag.py for tasks to queue
[2022-06-13 04:58:29,403] {logging_mixin.py:109} INFO - [2022-06-13 04:58:29,403] {dagbag.py:500} INFO - Filling up the DagBag from /opt/airflow/dags/matchData_dag.py
[2022-06-13 04:58:30,243] {processor.py:654} INFO - DAG(s) dict_keys(['match_details_dag']) retrieved from /opt/airflow/dags/matchData_dag.py
[2022-06-13 04:58:30,252] {logging_mixin.py:109} INFO - [2022-06-13 04:58:30,251] {dag.py:2398} INFO - Sync 1 DAGs
[2022-06-13 04:58:30,277] {processor.py:171} INFO - Processing /opt/airflow/dags/matchData_dag.py took 0.877 seconds
[2022-06-13 04:59:00,930] {processor.py:163} INFO - Started process (PID=11166) to work on /opt/airflow/dags/matchData_dag.py
[2022-06-13 04:59:00,937] {processor.py:642} INFO - Processing file /opt/airflow/dags/matchData_dag.py for tasks to queue
[2022-06-13 04:59:00,938] {logging_mixin.py:109} INFO - [2022-06-13 04:59:00,938] {dagbag.py:500} INFO - Filling up the DagBag from /opt/airflow/dags/matchData_dag.py
[2022-06-13 04:59:01,889] {processor.py:654} INFO - DAG(s) dict_keys(['match_details_dag']) retrieved from /opt/airflow/dags/matchData_dag.py
[2022-06-13 04:59:01,900] {logging_mixin.py:109} INFO - [2022-06-13 04:59:01,899] {dag.py:2398} INFO - Sync 1 DAGs
[2022-06-13 04:59:01,925] {processor.py:171} INFO - Processing /opt/airflow/dags/matchData_dag.py took 0.998 seconds
[2022-06-13 04:59:31,981] {processor.py:163} INFO - Started process (PID=11232) to work on /opt/airflow/dags/matchData_dag.py
[2022-06-13 04:59:31,982] {processor.py:642} INFO - Processing file /opt/airflow/dags/matchData_dag.py for tasks to queue
[2022-06-13 04:59:31,982] {logging_mixin.py:109} INFO - [2022-06-13 04:59:31,982] {dagbag.py:500} INFO - Filling up the DagBag from /opt/airflow/dags/matchData_dag.py
[2022-06-13 04:59:32,744] {processor.py:654} INFO - DAG(s) dict_keys(['match_details_dag']) retrieved from /opt/airflow/dags/matchData_dag.py
[2022-06-13 04:59:32,755] {logging_mixin.py:109} INFO - [2022-06-13 04:59:32,754] {dag.py:2398} INFO - Sync 1 DAGs
[2022-06-13 04:59:32,775] {processor.py:171} INFO - Processing /opt/airflow/dags/matchData_dag.py took 0.796 seconds
[2022-06-13 05:00:03,301] {processor.py:163} INFO - Started process (PID=11298) to work on /opt/airflow/dags/matchData_dag.py
[2022-06-13 05:00:03,302] {processor.py:642} INFO - Processing file /opt/airflow/dags/matchData_dag.py for tasks to queue
[2022-06-13 05:00:03,303] {logging_mixin.py:109} INFO - [2022-06-13 05:00:03,303] {dagbag.py:500} INFO - Filling up the DagBag from /opt/airflow/dags/matchData_dag.py
[2022-06-13 05:00:04,169] {processor.py:654} INFO - DAG(s) dict_keys(['match_details_dag']) retrieved from /opt/airflow/dags/matchData_dag.py
[2022-06-13 05:00:04,418] {logging_mixin.py:109} INFO - [2022-06-13 05:00:04,418] {dag.py:2398} INFO - Sync 1 DAGs
[2022-06-13 05:00:04,448] {processor.py:171} INFO - Processing /opt/airflow/dags/matchData_dag.py took 1.150 seconds
[2022-06-13 05:00:35,231] {processor.py:163} INFO - Started process (PID=11364) to work on /opt/airflow/dags/matchData_dag.py
[2022-06-13 05:00:35,231] {processor.py:642} INFO - Processing file /opt/airflow/dags/matchData_dag.py for tasks to queue
[2022-06-13 05:00:35,232] {logging_mixin.py:109} INFO - [2022-06-13 05:00:35,232] {dagbag.py:500} INFO - Filling up the DagBag from /opt/airflow/dags/matchData_dag.py
[2022-06-13 05:00:35,984] {processor.py:654} INFO - DAG(s) dict_keys(['match_details_dag']) retrieved from /opt/airflow/dags/matchData_dag.py
[2022-06-13 05:00:35,995] {logging_mixin.py:109} INFO - [2022-06-13 05:00:35,995] {dag.py:2398} INFO - Sync 1 DAGs
[2022-06-13 05:00:36,018] {processor.py:171} INFO - Processing /opt/airflow/dags/matchData_dag.py took 0.789 seconds
[2022-06-13 05:01:06,716] {processor.py:163} INFO - Started process (PID=11432) to work on /opt/airflow/dags/matchData_dag.py
[2022-06-13 05:01:06,723] {processor.py:642} INFO - Processing file /opt/airflow/dags/matchData_dag.py for tasks to queue
[2022-06-13 05:01:06,723] {logging_mixin.py:109} INFO - [2022-06-13 05:01:06,723] {dagbag.py:500} INFO - Filling up the DagBag from /opt/airflow/dags/matchData_dag.py
[2022-06-13 05:01:07,520] {processor.py:654} INFO - DAG(s) dict_keys(['match_details_dag']) retrieved from /opt/airflow/dags/matchData_dag.py
[2022-06-13 05:01:07,529] {logging_mixin.py:109} INFO - [2022-06-13 05:01:07,528] {dag.py:2398} INFO - Sync 1 DAGs
[2022-06-13 05:01:07,551] {processor.py:171} INFO - Processing /opt/airflow/dags/matchData_dag.py took 0.836 seconds
[2022-06-13 05:01:37,886] {processor.py:163} INFO - Started process (PID=11498) to work on /opt/airflow/dags/matchData_dag.py
[2022-06-13 05:01:37,886] {processor.py:642} INFO - Processing file /opt/airflow/dags/matchData_dag.py for tasks to queue
[2022-06-13 05:01:37,887] {logging_mixin.py:109} INFO - [2022-06-13 05:01:37,887] {dagbag.py:500} INFO - Filling up the DagBag from /opt/airflow/dags/matchData_dag.py
[2022-06-13 05:01:38,754] {processor.py:654} INFO - DAG(s) dict_keys(['match_details_dag']) retrieved from /opt/airflow/dags/matchData_dag.py
[2022-06-13 05:01:38,762] {logging_mixin.py:109} INFO - [2022-06-13 05:01:38,762] {dag.py:2398} INFO - Sync 1 DAGs
[2022-06-13 05:01:38,781] {processor.py:171} INFO - Processing /opt/airflow/dags/matchData_dag.py took 0.898 seconds
[2022-06-13 05:02:09,577] {processor.py:163} INFO - Started process (PID=11572) to work on /opt/airflow/dags/matchData_dag.py
[2022-06-13 05:02:09,578] {processor.py:642} INFO - Processing file /opt/airflow/dags/matchData_dag.py for tasks to queue
[2022-06-13 05:02:09,578] {logging_mixin.py:109} INFO - [2022-06-13 05:02:09,578] {dagbag.py:500} INFO - Filling up the DagBag from /opt/airflow/dags/matchData_dag.py
[2022-06-13 05:02:10,371] {processor.py:654} INFO - DAG(s) dict_keys(['match_details_dag']) retrieved from /opt/airflow/dags/matchData_dag.py
[2022-06-13 05:02:10,382] {logging_mixin.py:109} INFO - [2022-06-13 05:02:10,382] {dag.py:2398} INFO - Sync 1 DAGs
[2022-06-13 05:02:10,409] {processor.py:171} INFO - Processing /opt/airflow/dags/matchData_dag.py took 0.835 seconds
[2022-06-13 05:02:40,848] {processor.py:163} INFO - Started process (PID=11638) to work on /opt/airflow/dags/matchData_dag.py
[2022-06-13 05:02:40,849] {processor.py:642} INFO - Processing file /opt/airflow/dags/matchData_dag.py for tasks to queue
[2022-06-13 05:02:40,850] {logging_mixin.py:109} INFO - [2022-06-13 05:02:40,850] {dagbag.py:500} INFO - Filling up the DagBag from /opt/airflow/dags/matchData_dag.py
[2022-06-13 05:02:41,721] {processor.py:654} INFO - DAG(s) dict_keys(['match_details_dag']) retrieved from /opt/airflow/dags/matchData_dag.py
[2022-06-13 05:02:41,730] {logging_mixin.py:109} INFO - [2022-06-13 05:02:41,730] {dag.py:2398} INFO - Sync 1 DAGs
[2022-06-13 05:02:41,754] {processor.py:171} INFO - Processing /opt/airflow/dags/matchData_dag.py took 0.908 seconds
[2022-06-13 05:03:11,773] {processor.py:163} INFO - Started process (PID=11704) to work on /opt/airflow/dags/matchData_dag.py
[2022-06-13 05:03:11,780] {processor.py:642} INFO - Processing file /opt/airflow/dags/matchData_dag.py for tasks to queue
[2022-06-13 05:03:11,780] {logging_mixin.py:109} INFO - [2022-06-13 05:03:11,780] {dagbag.py:500} INFO - Filling up the DagBag from /opt/airflow/dags/matchData_dag.py
[2022-06-13 05:03:12,750] {processor.py:654} INFO - DAG(s) dict_keys(['match_details_dag']) retrieved from /opt/airflow/dags/matchData_dag.py
[2022-06-13 05:03:12,761] {logging_mixin.py:109} INFO - [2022-06-13 05:03:12,760] {dag.py:2398} INFO - Sync 1 DAGs
[2022-06-13 05:03:12,793] {processor.py:171} INFO - Processing /opt/airflow/dags/matchData_dag.py took 1.022 seconds
[2022-06-13 05:03:43,162] {processor.py:163} INFO - Started process (PID=11770) to work on /opt/airflow/dags/matchData_dag.py
[2022-06-13 05:03:43,164] {processor.py:642} INFO - Processing file /opt/airflow/dags/matchData_dag.py for tasks to queue
[2022-06-13 05:03:43,165] {logging_mixin.py:109} INFO - [2022-06-13 05:03:43,164] {dagbag.py:500} INFO - Filling up the DagBag from /opt/airflow/dags/matchData_dag.py
[2022-06-13 05:03:44,038] {processor.py:654} INFO - DAG(s) dict_keys(['match_details_dag']) retrieved from /opt/airflow/dags/matchData_dag.py
[2022-06-13 05:03:44,049] {logging_mixin.py:109} INFO - [2022-06-13 05:03:44,049] {dag.py:2398} INFO - Sync 1 DAGs
[2022-06-13 05:03:44,072] {processor.py:171} INFO - Processing /opt/airflow/dags/matchData_dag.py took 0.913 seconds
[2022-06-13 05:04:14,965] {processor.py:163} INFO - Started process (PID=11842) to work on /opt/airflow/dags/matchData_dag.py
[2022-06-13 05:04:14,968] {processor.py:642} INFO - Processing file /opt/airflow/dags/matchData_dag.py for tasks to queue
[2022-06-13 05:04:14,970] {logging_mixin.py:109} INFO - [2022-06-13 05:04:14,970] {dagbag.py:500} INFO - Filling up the DagBag from /opt/airflow/dags/matchData_dag.py
[2022-06-13 05:04:16,043] {processor.py:654} INFO - DAG(s) dict_keys(['match_details_dag']) retrieved from /opt/airflow/dags/matchData_dag.py
[2022-06-13 05:04:16,053] {logging_mixin.py:109} INFO - [2022-06-13 05:04:16,052] {dag.py:2398} INFO - Sync 1 DAGs
[2022-06-13 05:04:16,078] {processor.py:171} INFO - Processing /opt/airflow/dags/matchData_dag.py took 1.116 seconds
[2022-06-13 05:04:46,846] {processor.py:163} INFO - Started process (PID=11914) to work on /opt/airflow/dags/matchData_dag.py
[2022-06-13 05:04:46,848] {processor.py:642} INFO - Processing file /opt/airflow/dags/matchData_dag.py for tasks to queue
[2022-06-13 05:04:46,849] {logging_mixin.py:109} INFO - [2022-06-13 05:04:46,849] {dagbag.py:500} INFO - Filling up the DagBag from /opt/airflow/dags/matchData_dag.py
[2022-06-13 05:04:47,747] {processor.py:654} INFO - DAG(s) dict_keys(['match_details_dag']) retrieved from /opt/airflow/dags/matchData_dag.py
[2022-06-13 05:04:47,761] {logging_mixin.py:109} INFO - [2022-06-13 05:04:47,760] {dag.py:2398} INFO - Sync 1 DAGs
[2022-06-13 05:04:47,786] {processor.py:171} INFO - Processing /opt/airflow/dags/matchData_dag.py took 0.943 seconds
[2022-06-13 05:05:18,127] {processor.py:163} INFO - Started process (PID=11980) to work on /opt/airflow/dags/matchData_dag.py
[2022-06-13 05:05:18,128] {processor.py:642} INFO - Processing file /opt/airflow/dags/matchData_dag.py for tasks to queue
[2022-06-13 05:05:18,128] {logging_mixin.py:109} INFO - [2022-06-13 05:05:18,128] {dagbag.py:500} INFO - Filling up the DagBag from /opt/airflow/dags/matchData_dag.py
[2022-06-13 05:05:19,077] {processor.py:654} INFO - DAG(s) dict_keys(['match_details_dag']) retrieved from /opt/airflow/dags/matchData_dag.py
[2022-06-13 05:05:19,090] {logging_mixin.py:109} INFO - [2022-06-13 05:05:19,090] {dag.py:2398} INFO - Sync 1 DAGs
[2022-06-13 05:05:19,115] {processor.py:171} INFO - Processing /opt/airflow/dags/matchData_dag.py took 0.990 seconds
[2022-06-13 05:05:49,426] {processor.py:163} INFO - Started process (PID=12046) to work on /opt/airflow/dags/matchData_dag.py
[2022-06-13 05:05:49,433] {processor.py:642} INFO - Processing file /opt/airflow/dags/matchData_dag.py for tasks to queue
[2022-06-13 05:05:49,434] {logging_mixin.py:109} INFO - [2022-06-13 05:05:49,434] {dagbag.py:500} INFO - Filling up the DagBag from /opt/airflow/dags/matchData_dag.py
[2022-06-13 05:05:50,468] {processor.py:654} INFO - DAG(s) dict_keys(['match_details_dag']) retrieved from /opt/airflow/dags/matchData_dag.py
[2022-06-13 05:05:50,483] {logging_mixin.py:109} INFO - [2022-06-13 05:05:50,483] {dag.py:2398} INFO - Sync 1 DAGs
[2022-06-13 05:05:50,511] {processor.py:171} INFO - Processing /opt/airflow/dags/matchData_dag.py took 1.088 seconds
[2022-06-13 05:06:20,687] {processor.py:163} INFO - Started process (PID=12112) to work on /opt/airflow/dags/matchData_dag.py
[2022-06-13 05:06:20,688] {processor.py:642} INFO - Processing file /opt/airflow/dags/matchData_dag.py for tasks to queue
[2022-06-13 05:06:20,689] {logging_mixin.py:109} INFO - [2022-06-13 05:06:20,689] {dagbag.py:500} INFO - Filling up the DagBag from /opt/airflow/dags/matchData_dag.py
[2022-06-13 05:06:21,703] {processor.py:654} INFO - DAG(s) dict_keys(['match_details_dag']) retrieved from /opt/airflow/dags/matchData_dag.py
[2022-06-13 05:06:21,713] {logging_mixin.py:109} INFO - [2022-06-13 05:06:21,713] {dag.py:2398} INFO - Sync 1 DAGs
[2022-06-13 05:06:21,738] {processor.py:171} INFO - Processing /opt/airflow/dags/matchData_dag.py took 1.054 seconds
[2022-06-13 05:06:52,004] {processor.py:163} INFO - Started process (PID=12178) to work on /opt/airflow/dags/matchData_dag.py
[2022-06-13 05:06:52,005] {processor.py:642} INFO - Processing file /opt/airflow/dags/matchData_dag.py for tasks to queue
[2022-06-13 05:06:52,005] {logging_mixin.py:109} INFO - [2022-06-13 05:06:52,005] {dagbag.py:500} INFO - Filling up the DagBag from /opt/airflow/dags/matchData_dag.py
[2022-06-13 05:06:52,964] {processor.py:654} INFO - DAG(s) dict_keys(['match_details_dag']) retrieved from /opt/airflow/dags/matchData_dag.py
[2022-06-13 05:06:52,976] {logging_mixin.py:109} INFO - [2022-06-13 05:06:52,975] {dag.py:2398} INFO - Sync 1 DAGs
[2022-06-13 05:06:53,003] {processor.py:171} INFO - Processing /opt/airflow/dags/matchData_dag.py took 1.001 seconds
[2022-06-13 05:07:23,765] {processor.py:163} INFO - Started process (PID=12249) to work on /opt/airflow/dags/matchData_dag.py
[2022-06-13 05:07:23,767] {processor.py:642} INFO - Processing file /opt/airflow/dags/matchData_dag.py for tasks to queue
[2022-06-13 05:07:23,769] {logging_mixin.py:109} INFO - [2022-06-13 05:07:23,768] {dagbag.py:500} INFO - Filling up the DagBag from /opt/airflow/dags/matchData_dag.py
[2022-06-13 05:07:24,642] {processor.py:654} INFO - DAG(s) dict_keys(['match_details_dag']) retrieved from /opt/airflow/dags/matchData_dag.py
[2022-06-13 05:07:24,650] {logging_mixin.py:109} INFO - [2022-06-13 05:07:24,649] {dag.py:2398} INFO - Sync 1 DAGs
[2022-06-13 05:07:24,674] {processor.py:171} INFO - Processing /opt/airflow/dags/matchData_dag.py took 0.913 seconds
[2022-06-13 05:07:55,259] {processor.py:163} INFO - Started process (PID=12317) to work on /opt/airflow/dags/matchData_dag.py
[2022-06-13 05:07:55,260] {processor.py:642} INFO - Processing file /opt/airflow/dags/matchData_dag.py for tasks to queue
[2022-06-13 05:07:55,261] {logging_mixin.py:109} INFO - [2022-06-13 05:07:55,261] {dagbag.py:500} INFO - Filling up the DagBag from /opt/airflow/dags/matchData_dag.py
[2022-06-13 05:07:56,164] {processor.py:654} INFO - DAG(s) dict_keys(['match_details_dag']) retrieved from /opt/airflow/dags/matchData_dag.py
[2022-06-13 05:07:56,173] {logging_mixin.py:109} INFO - [2022-06-13 05:07:56,173] {dag.py:2398} INFO - Sync 1 DAGs
[2022-06-13 05:07:56,199] {processor.py:171} INFO - Processing /opt/airflow/dags/matchData_dag.py took 0.943 seconds
[2022-06-13 05:08:26,573] {processor.py:163} INFO - Started process (PID=12383) to work on /opt/airflow/dags/matchData_dag.py
[2022-06-13 05:08:26,580] {processor.py:642} INFO - Processing file /opt/airflow/dags/matchData_dag.py for tasks to queue
[2022-06-13 05:08:26,581] {logging_mixin.py:109} INFO - [2022-06-13 05:08:26,580] {dagbag.py:500} INFO - Filling up the DagBag from /opt/airflow/dags/matchData_dag.py
[2022-06-13 05:08:27,428] {processor.py:654} INFO - DAG(s) dict_keys(['match_details_dag']) retrieved from /opt/airflow/dags/matchData_dag.py
[2022-06-13 05:08:27,438] {logging_mixin.py:109} INFO - [2022-06-13 05:08:27,438] {dag.py:2398} INFO - Sync 1 DAGs
[2022-06-13 05:08:27,465] {processor.py:171} INFO - Processing /opt/airflow/dags/matchData_dag.py took 0.894 seconds
[2022-06-13 05:08:57,902] {processor.py:163} INFO - Started process (PID=12449) to work on /opt/airflow/dags/matchData_dag.py
[2022-06-13 05:08:57,909] {processor.py:642} INFO - Processing file /opt/airflow/dags/matchData_dag.py for tasks to queue
[2022-06-13 05:08:57,909] {logging_mixin.py:109} INFO - [2022-06-13 05:08:57,909] {dagbag.py:500} INFO - Filling up the DagBag from /opt/airflow/dags/matchData_dag.py
[2022-06-13 05:08:58,772] {processor.py:654} INFO - DAG(s) dict_keys(['match_details_dag']) retrieved from /opt/airflow/dags/matchData_dag.py
[2022-06-13 05:08:58,786] {logging_mixin.py:109} INFO - [2022-06-13 05:08:58,785] {dag.py:2398} INFO - Sync 1 DAGs
[2022-06-13 05:08:58,812] {processor.py:171} INFO - Processing /opt/airflow/dags/matchData_dag.py took 0.913 seconds
[2022-06-13 05:09:29,194] {processor.py:163} INFO - Started process (PID=12515) to work on /opt/airflow/dags/matchData_dag.py
[2022-06-13 05:09:29,195] {processor.py:642} INFO - Processing file /opt/airflow/dags/matchData_dag.py for tasks to queue
[2022-06-13 05:09:29,195] {logging_mixin.py:109} INFO - [2022-06-13 05:09:29,195] {dagbag.py:500} INFO - Filling up the DagBag from /opt/airflow/dags/matchData_dag.py
[2022-06-13 05:09:30,029] {processor.py:654} INFO - DAG(s) dict_keys(['match_details_dag']) retrieved from /opt/airflow/dags/matchData_dag.py
[2022-06-13 05:09:30,041] {logging_mixin.py:109} INFO - [2022-06-13 05:09:30,040] {dag.py:2398} INFO - Sync 1 DAGs
[2022-06-13 05:09:30,071] {processor.py:171} INFO - Processing /opt/airflow/dags/matchData_dag.py took 0.880 seconds
[2022-06-13 05:10:00,116] {processor.py:163} INFO - Started process (PID=12581) to work on /opt/airflow/dags/matchData_dag.py
[2022-06-13 05:10:00,118] {processor.py:642} INFO - Processing file /opt/airflow/dags/matchData_dag.py for tasks to queue
[2022-06-13 05:10:00,119] {logging_mixin.py:109} INFO - [2022-06-13 05:10:00,119] {dagbag.py:500} INFO - Filling up the DagBag from /opt/airflow/dags/matchData_dag.py
[2022-06-13 05:10:01,048] {processor.py:654} INFO - DAG(s) dict_keys(['match_details_dag']) retrieved from /opt/airflow/dags/matchData_dag.py
[2022-06-13 05:10:01,062] {logging_mixin.py:109} INFO - [2022-06-13 05:10:01,062] {dag.py:2398} INFO - Sync 1 DAGs
[2022-06-13 05:10:01,083] {processor.py:171} INFO - Processing /opt/airflow/dags/matchData_dag.py took 0.969 seconds
[2022-06-13 05:10:31,846] {processor.py:163} INFO - Started process (PID=12650) to work on /opt/airflow/dags/matchData_dag.py
[2022-06-13 05:10:31,847] {processor.py:642} INFO - Processing file /opt/airflow/dags/matchData_dag.py for tasks to queue
[2022-06-13 05:10:31,848] {logging_mixin.py:109} INFO - [2022-06-13 05:10:31,848] {dagbag.py:500} INFO - Filling up the DagBag from /opt/airflow/dags/matchData_dag.py
[2022-06-13 05:10:32,648] {processor.py:654} INFO - DAG(s) dict_keys(['match_details_dag']) retrieved from /opt/airflow/dags/matchData_dag.py
[2022-06-13 05:10:32,657] {logging_mixin.py:109} INFO - [2022-06-13 05:10:32,657] {dag.py:2398} INFO - Sync 1 DAGs
[2022-06-13 05:10:32,677] {processor.py:171} INFO - Processing /opt/airflow/dags/matchData_dag.py took 0.833 seconds
[2022-06-13 05:11:02,837] {processor.py:163} INFO - Started process (PID=12716) to work on /opt/airflow/dags/matchData_dag.py
[2022-06-13 05:11:02,844] {processor.py:642} INFO - Processing file /opt/airflow/dags/matchData_dag.py for tasks to queue
[2022-06-13 05:11:02,844] {logging_mixin.py:109} INFO - [2022-06-13 05:11:02,844] {dagbag.py:500} INFO - Filling up the DagBag from /opt/airflow/dags/matchData_dag.py
[2022-06-13 05:11:03,651] {processor.py:654} INFO - DAG(s) dict_keys(['match_details_dag']) retrieved from /opt/airflow/dags/matchData_dag.py
[2022-06-13 05:11:03,661] {logging_mixin.py:109} INFO - [2022-06-13 05:11:03,660] {dag.py:2398} INFO - Sync 1 DAGs
[2022-06-13 05:11:03,681] {processor.py:171} INFO - Processing /opt/airflow/dags/matchData_dag.py took 0.848 seconds
[2022-06-13 05:11:34,336] {processor.py:163} INFO - Started process (PID=12782) to work on /opt/airflow/dags/matchData_dag.py
[2022-06-13 05:11:34,337] {processor.py:642} INFO - Processing file /opt/airflow/dags/matchData_dag.py for tasks to queue
[2022-06-13 05:11:34,337] {logging_mixin.py:109} INFO - [2022-06-13 05:11:34,337] {dagbag.py:500} INFO - Filling up the DagBag from /opt/airflow/dags/matchData_dag.py
[2022-06-13 05:11:35,214] {processor.py:654} INFO - DAG(s) dict_keys(['match_details_dag']) retrieved from /opt/airflow/dags/matchData_dag.py
[2022-06-13 05:11:35,223] {logging_mixin.py:109} INFO - [2022-06-13 05:11:35,223] {dag.py:2398} INFO - Sync 1 DAGs
[2022-06-13 05:11:35,243] {processor.py:171} INFO - Processing /opt/airflow/dags/matchData_dag.py took 0.910 seconds
[2022-06-13 05:12:05,398] {processor.py:163} INFO - Started process (PID=12848) to work on /opt/airflow/dags/matchData_dag.py
[2022-06-13 05:12:05,399] {processor.py:642} INFO - Processing file /opt/airflow/dags/matchData_dag.py for tasks to queue
[2022-06-13 05:12:05,400] {logging_mixin.py:109} INFO - [2022-06-13 05:12:05,400] {dagbag.py:500} INFO - Filling up the DagBag from /opt/airflow/dags/matchData_dag.py
[2022-06-13 05:12:06,161] {processor.py:654} INFO - DAG(s) dict_keys(['match_details_dag']) retrieved from /opt/airflow/dags/matchData_dag.py
[2022-06-13 05:12:06,173] {logging_mixin.py:109} INFO - [2022-06-13 05:12:06,172] {dag.py:2398} INFO - Sync 1 DAGs
[2022-06-13 05:12:06,204] {processor.py:171} INFO - Processing /opt/airflow/dags/matchData_dag.py took 0.807 seconds
[2022-06-13 05:12:36,523] {processor.py:163} INFO - Started process (PID=12914) to work on /opt/airflow/dags/matchData_dag.py
[2022-06-13 05:12:36,526] {processor.py:642} INFO - Processing file /opt/airflow/dags/matchData_dag.py for tasks to queue
[2022-06-13 05:12:36,526] {logging_mixin.py:109} INFO - [2022-06-13 05:12:36,526] {dagbag.py:500} INFO - Filling up the DagBag from /opt/airflow/dags/matchData_dag.py
[2022-06-13 05:12:37,322] {processor.py:654} INFO - DAG(s) dict_keys(['match_details_dag']) retrieved from /opt/airflow/dags/matchData_dag.py
[2022-06-13 05:12:37,332] {logging_mixin.py:109} INFO - [2022-06-13 05:12:37,332] {dag.py:2398} INFO - Sync 1 DAGs
[2022-06-13 05:12:37,365] {processor.py:171} INFO - Processing /opt/airflow/dags/matchData_dag.py took 0.844 seconds
[2022-06-13 05:13:07,650] {processor.py:163} INFO - Started process (PID=12980) to work on /opt/airflow/dags/matchData_dag.py
[2022-06-13 05:13:07,650] {processor.py:642} INFO - Processing file /opt/airflow/dags/matchData_dag.py for tasks to queue
[2022-06-13 05:13:07,651] {logging_mixin.py:109} INFO - [2022-06-13 05:13:07,651] {dagbag.py:500} INFO - Filling up the DagBag from /opt/airflow/dags/matchData_dag.py
[2022-06-13 05:13:08,433] {processor.py:654} INFO - DAG(s) dict_keys(['match_details_dag']) retrieved from /opt/airflow/dags/matchData_dag.py
[2022-06-13 05:13:08,443] {logging_mixin.py:109} INFO - [2022-06-13 05:13:08,443] {dag.py:2398} INFO - Sync 1 DAGs
[2022-06-13 05:13:08,471] {processor.py:171} INFO - Processing /opt/airflow/dags/matchData_dag.py took 0.823 seconds
[2022-06-13 05:13:39,295] {processor.py:163} INFO - Started process (PID=13046) to work on /opt/airflow/dags/matchData_dag.py
[2022-06-13 05:13:39,302] {processor.py:642} INFO - Processing file /opt/airflow/dags/matchData_dag.py for tasks to queue
[2022-06-13 05:13:39,302] {logging_mixin.py:109} INFO - [2022-06-13 05:13:39,302] {dagbag.py:500} INFO - Filling up the DagBag from /opt/airflow/dags/matchData_dag.py
[2022-06-13 05:13:40,045] {processor.py:654} INFO - DAG(s) dict_keys(['match_details_dag']) retrieved from /opt/airflow/dags/matchData_dag.py
[2022-06-13 05:13:40,056] {logging_mixin.py:109} INFO - [2022-06-13 05:13:40,056] {dag.py:2398} INFO - Sync 1 DAGs
[2022-06-13 05:13:40,076] {processor.py:171} INFO - Processing /opt/airflow/dags/matchData_dag.py took 0.783 seconds
[2022-06-13 05:14:10,627] {processor.py:163} INFO - Started process (PID=13112) to work on /opt/airflow/dags/matchData_dag.py
[2022-06-13 05:14:10,628] {processor.py:642} INFO - Processing file /opt/airflow/dags/matchData_dag.py for tasks to queue
[2022-06-13 05:14:10,629] {logging_mixin.py:109} INFO - [2022-06-13 05:14:10,629] {dagbag.py:500} INFO - Filling up the DagBag from /opt/airflow/dags/matchData_dag.py
[2022-06-13 05:14:11,489] {processor.py:654} INFO - DAG(s) dict_keys(['match_details_dag']) retrieved from /opt/airflow/dags/matchData_dag.py
[2022-06-13 05:14:11,498] {logging_mixin.py:109} INFO - [2022-06-13 05:14:11,498] {dag.py:2398} INFO - Sync 1 DAGs
[2022-06-13 05:14:11,526] {processor.py:171} INFO - Processing /opt/airflow/dags/matchData_dag.py took 0.902 seconds
[2022-06-13 05:14:41,704] {processor.py:163} INFO - Started process (PID=13178) to work on /opt/airflow/dags/matchData_dag.py
[2022-06-13 05:14:41,705] {processor.py:642} INFO - Processing file /opt/airflow/dags/matchData_dag.py for tasks to queue
[2022-06-13 05:14:41,705] {logging_mixin.py:109} INFO - [2022-06-13 05:14:41,705] {dagbag.py:500} INFO - Filling up the DagBag from /opt/airflow/dags/matchData_dag.py
[2022-06-13 05:14:42,520] {processor.py:654} INFO - DAG(s) dict_keys(['match_details_dag']) retrieved from /opt/airflow/dags/matchData_dag.py
[2022-06-13 05:14:42,529] {logging_mixin.py:109} INFO - [2022-06-13 05:14:42,529] {dag.py:2398} INFO - Sync 1 DAGs
[2022-06-13 05:14:42,560] {processor.py:171} INFO - Processing /opt/airflow/dags/matchData_dag.py took 0.858 seconds
[2022-06-13 05:15:13,415] {processor.py:163} INFO - Started process (PID=13244) to work on /opt/airflow/dags/matchData_dag.py
[2022-06-13 05:15:13,422] {processor.py:642} INFO - Processing file /opt/airflow/dags/matchData_dag.py for tasks to queue
[2022-06-13 05:15:13,422] {logging_mixin.py:109} INFO - [2022-06-13 05:15:13,422] {dagbag.py:500} INFO - Filling up the DagBag from /opt/airflow/dags/matchData_dag.py
[2022-06-13 05:15:14,191] {processor.py:654} INFO - DAG(s) dict_keys(['match_details_dag']) retrieved from /opt/airflow/dags/matchData_dag.py
[2022-06-13 05:15:14,200] {logging_mixin.py:109} INFO - [2022-06-13 05:15:14,200] {dag.py:2398} INFO - Sync 1 DAGs
[2022-06-13 05:15:14,227] {processor.py:171} INFO - Processing /opt/airflow/dags/matchData_dag.py took 0.814 seconds
[2022-06-13 05:15:44,553] {processor.py:163} INFO - Started process (PID=13310) to work on /opt/airflow/dags/matchData_dag.py
[2022-06-13 05:15:44,553] {processor.py:642} INFO - Processing file /opt/airflow/dags/matchData_dag.py for tasks to queue
[2022-06-13 05:15:44,554] {logging_mixin.py:109} INFO - [2022-06-13 05:15:44,554] {dagbag.py:500} INFO - Filling up the DagBag from /opt/airflow/dags/matchData_dag.py
[2022-06-13 05:15:45,416] {processor.py:654} INFO - DAG(s) dict_keys(['match_details_dag']) retrieved from /opt/airflow/dags/matchData_dag.py
[2022-06-13 05:15:45,429] {logging_mixin.py:109} INFO - [2022-06-13 05:15:45,429] {dag.py:2398} INFO - Sync 1 DAGs
[2022-06-13 05:15:45,456] {processor.py:171} INFO - Processing /opt/airflow/dags/matchData_dag.py took 0.906 seconds
[2022-06-13 05:16:15,675] {processor.py:163} INFO - Started process (PID=13376) to work on /opt/airflow/dags/matchData_dag.py
[2022-06-13 05:16:15,677] {processor.py:642} INFO - Processing file /opt/airflow/dags/matchData_dag.py for tasks to queue
[2022-06-13 05:16:15,678] {logging_mixin.py:109} INFO - [2022-06-13 05:16:15,678] {dagbag.py:500} INFO - Filling up the DagBag from /opt/airflow/dags/matchData_dag.py
[2022-06-13 05:16:16,555] {processor.py:654} INFO - DAG(s) dict_keys(['match_details_dag']) retrieved from /opt/airflow/dags/matchData_dag.py
[2022-06-13 05:16:16,571] {logging_mixin.py:109} INFO - [2022-06-13 05:16:16,571] {dag.py:2398} INFO - Sync 1 DAGs
[2022-06-13 05:16:16,602] {processor.py:171} INFO - Processing /opt/airflow/dags/matchData_dag.py took 0.928 seconds
[2022-06-13 05:16:46,623] {processor.py:163} INFO - Started process (PID=13442) to work on /opt/airflow/dags/matchData_dag.py
[2022-06-13 05:16:46,630] {processor.py:642} INFO - Processing file /opt/airflow/dags/matchData_dag.py for tasks to queue
[2022-06-13 05:16:46,631] {logging_mixin.py:109} INFO - [2022-06-13 05:16:46,631] {dagbag.py:500} INFO - Filling up the DagBag from /opt/airflow/dags/matchData_dag.py
[2022-06-13 05:16:47,462] {processor.py:654} INFO - DAG(s) dict_keys(['match_details_dag']) retrieved from /opt/airflow/dags/matchData_dag.py
[2022-06-13 05:16:47,473] {logging_mixin.py:109} INFO - [2022-06-13 05:16:47,473] {dag.py:2398} INFO - Sync 1 DAGs
[2022-06-13 05:16:47,504] {processor.py:171} INFO - Processing /opt/airflow/dags/matchData_dag.py took 0.883 seconds
[2022-06-13 05:17:17,615] {processor.py:163} INFO - Started process (PID=13508) to work on /opt/airflow/dags/matchData_dag.py
[2022-06-13 05:17:17,616] {processor.py:642} INFO - Processing file /opt/airflow/dags/matchData_dag.py for tasks to queue
[2022-06-13 05:17:17,617] {logging_mixin.py:109} INFO - [2022-06-13 05:17:17,617] {dagbag.py:500} INFO - Filling up the DagBag from /opt/airflow/dags/matchData_dag.py
[2022-06-13 05:17:18,508] {processor.py:654} INFO - DAG(s) dict_keys(['match_details_dag']) retrieved from /opt/airflow/dags/matchData_dag.py
[2022-06-13 05:17:18,518] {logging_mixin.py:109} INFO - [2022-06-13 05:17:18,517] {dag.py:2398} INFO - Sync 1 DAGs
[2022-06-13 05:17:18,546] {processor.py:171} INFO - Processing /opt/airflow/dags/matchData_dag.py took 0.934 seconds
[2022-06-13 05:17:48,739] {processor.py:163} INFO - Started process (PID=13574) to work on /opt/airflow/dags/matchData_dag.py
[2022-06-13 05:17:48,748] {processor.py:642} INFO - Processing file /opt/airflow/dags/matchData_dag.py for tasks to queue
[2022-06-13 05:17:48,748] {logging_mixin.py:109} INFO - [2022-06-13 05:17:48,748] {dagbag.py:500} INFO - Filling up the DagBag from /opt/airflow/dags/matchData_dag.py
[2022-06-13 05:17:49,582] {processor.py:654} INFO - DAG(s) dict_keys(['match_details_dag']) retrieved from /opt/airflow/dags/matchData_dag.py
[2022-06-13 05:17:49,592] {logging_mixin.py:109} INFO - [2022-06-13 05:17:49,592] {dag.py:2398} INFO - Sync 1 DAGs
[2022-06-13 05:17:49,618] {processor.py:171} INFO - Processing /opt/airflow/dags/matchData_dag.py took 0.881 seconds
[2022-06-13 05:18:20,077] {processor.py:163} INFO - Started process (PID=13640) to work on /opt/airflow/dags/matchData_dag.py
[2022-06-13 05:18:20,078] {processor.py:642} INFO - Processing file /opt/airflow/dags/matchData_dag.py for tasks to queue
[2022-06-13 05:18:20,079] {logging_mixin.py:109} INFO - [2022-06-13 05:18:20,079] {dagbag.py:500} INFO - Filling up the DagBag from /opt/airflow/dags/matchData_dag.py
[2022-06-13 05:18:21,025] {processor.py:654} INFO - DAG(s) dict_keys(['match_details_dag']) retrieved from /opt/airflow/dags/matchData_dag.py
[2022-06-13 05:18:21,033] {logging_mixin.py:109} INFO - [2022-06-13 05:18:21,033] {dag.py:2398} INFO - Sync 1 DAGs
[2022-06-13 05:18:21,055] {processor.py:171} INFO - Processing /opt/airflow/dags/matchData_dag.py took 0.980 seconds
[2022-06-13 05:18:51,577] {processor.py:163} INFO - Started process (PID=13708) to work on /opt/airflow/dags/matchData_dag.py
[2022-06-13 05:18:51,578] {processor.py:642} INFO - Processing file /opt/airflow/dags/matchData_dag.py for tasks to queue
[2022-06-13 05:18:51,578] {logging_mixin.py:109} INFO - [2022-06-13 05:18:51,578] {dagbag.py:500} INFO - Filling up the DagBag from /opt/airflow/dags/matchData_dag.py
[2022-06-13 05:18:52,383] {processor.py:654} INFO - DAG(s) dict_keys(['match_details_dag']) retrieved from /opt/airflow/dags/matchData_dag.py
[2022-06-13 05:18:52,394] {logging_mixin.py:109} INFO - [2022-06-13 05:18:52,394] {dag.py:2398} INFO - Sync 1 DAGs
[2022-06-13 05:18:52,422] {processor.py:171} INFO - Processing /opt/airflow/dags/matchData_dag.py took 0.847 seconds
[2022-06-13 05:19:22,904] {processor.py:163} INFO - Started process (PID=13774) to work on /opt/airflow/dags/matchData_dag.py
[2022-06-13 05:19:22,905] {processor.py:642} INFO - Processing file /opt/airflow/dags/matchData_dag.py for tasks to queue
[2022-06-13 05:19:22,906] {logging_mixin.py:109} INFO - [2022-06-13 05:19:22,906] {dagbag.py:500} INFO - Filling up the DagBag from /opt/airflow/dags/matchData_dag.py
[2022-06-13 05:19:23,847] {processor.py:654} INFO - DAG(s) dict_keys(['match_details_dag']) retrieved from /opt/airflow/dags/matchData_dag.py
[2022-06-13 05:19:23,857] {logging_mixin.py:109} INFO - [2022-06-13 05:19:23,857] {dag.py:2398} INFO - Sync 1 DAGs
[2022-06-13 05:19:23,884] {processor.py:171} INFO - Processing /opt/airflow/dags/matchData_dag.py took 0.983 seconds
[2022-06-13 05:19:54,775] {processor.py:163} INFO - Started process (PID=13842) to work on /opt/airflow/dags/matchData_dag.py
[2022-06-13 05:19:54,776] {processor.py:642} INFO - Processing file /opt/airflow/dags/matchData_dag.py for tasks to queue
[2022-06-13 05:19:54,776] {logging_mixin.py:109} INFO - [2022-06-13 05:19:54,776] {dagbag.py:500} INFO - Filling up the DagBag from /opt/airflow/dags/matchData_dag.py
[2022-06-13 05:19:55,609] {processor.py:654} INFO - DAG(s) dict_keys(['match_details_dag']) retrieved from /opt/airflow/dags/matchData_dag.py
[2022-06-13 05:19:55,619] {logging_mixin.py:109} INFO - [2022-06-13 05:19:55,618] {dag.py:2398} INFO - Sync 1 DAGs
[2022-06-13 05:19:55,646] {processor.py:171} INFO - Processing /opt/airflow/dags/matchData_dag.py took 0.874 seconds
[2022-06-13 05:20:26,131] {processor.py:163} INFO - Started process (PID=13908) to work on /opt/airflow/dags/matchData_dag.py
[2022-06-13 05:20:26,132] {processor.py:642} INFO - Processing file /opt/airflow/dags/matchData_dag.py for tasks to queue
[2022-06-13 05:20:26,133] {logging_mixin.py:109} INFO - [2022-06-13 05:20:26,133] {dagbag.py:500} INFO - Filling up the DagBag from /opt/airflow/dags/matchData_dag.py
[2022-06-13 05:20:27,106] {processor.py:654} INFO - DAG(s) dict_keys(['match_details_dag']) retrieved from /opt/airflow/dags/matchData_dag.py
[2022-06-13 05:20:27,115] {logging_mixin.py:109} INFO - [2022-06-13 05:20:27,115] {dag.py:2398} INFO - Sync 1 DAGs
[2022-06-13 05:20:27,141] {processor.py:171} INFO - Processing /opt/airflow/dags/matchData_dag.py took 1.012 seconds
[2022-06-13 05:20:57,268] {processor.py:163} INFO - Started process (PID=13974) to work on /opt/airflow/dags/matchData_dag.py
[2022-06-13 05:20:57,268] {processor.py:642} INFO - Processing file /opt/airflow/dags/matchData_dag.py for tasks to queue
[2022-06-13 05:20:57,269] {logging_mixin.py:109} INFO - [2022-06-13 05:20:57,269] {dagbag.py:500} INFO - Filling up the DagBag from /opt/airflow/dags/matchData_dag.py
[2022-06-13 05:20:58,063] {processor.py:654} INFO - DAG(s) dict_keys(['match_details_dag']) retrieved from /opt/airflow/dags/matchData_dag.py
[2022-06-13 05:20:58,075] {logging_mixin.py:109} INFO - [2022-06-13 05:20:58,075] {dag.py:2398} INFO - Sync 1 DAGs
[2022-06-13 05:20:58,096] {processor.py:171} INFO - Processing /opt/airflow/dags/matchData_dag.py took 0.831 seconds
[2022-06-13 05:21:28,505] {processor.py:163} INFO - Started process (PID=14040) to work on /opt/airflow/dags/matchData_dag.py
[2022-06-13 05:21:28,511] {processor.py:642} INFO - Processing file /opt/airflow/dags/matchData_dag.py for tasks to queue
[2022-06-13 05:21:28,512] {logging_mixin.py:109} INFO - [2022-06-13 05:21:28,512] {dagbag.py:500} INFO - Filling up the DagBag from /opt/airflow/dags/matchData_dag.py
[2022-06-13 05:21:29,512] {processor.py:654} INFO - DAG(s) dict_keys(['match_details_dag']) retrieved from /opt/airflow/dags/matchData_dag.py
[2022-06-13 05:21:29,521] {logging_mixin.py:109} INFO - [2022-06-13 05:21:29,520] {dag.py:2398} INFO - Sync 1 DAGs
[2022-06-13 05:21:29,541] {processor.py:171} INFO - Processing /opt/airflow/dags/matchData_dag.py took 1.038 seconds
[2022-06-13 05:21:59,745] {processor.py:163} INFO - Started process (PID=14106) to work on /opt/airflow/dags/matchData_dag.py
[2022-06-13 05:21:59,746] {processor.py:642} INFO - Processing file /opt/airflow/dags/matchData_dag.py for tasks to queue
[2022-06-13 05:21:59,747] {logging_mixin.py:109} INFO - [2022-06-13 05:21:59,747] {dagbag.py:500} INFO - Filling up the DagBag from /opt/airflow/dags/matchData_dag.py
[2022-06-13 05:22:00,683] {processor.py:654} INFO - DAG(s) dict_keys(['match_details_dag']) retrieved from /opt/airflow/dags/matchData_dag.py
[2022-06-13 05:22:00,693] {logging_mixin.py:109} INFO - [2022-06-13 05:22:00,693] {dag.py:2398} INFO - Sync 1 DAGs
[2022-06-13 05:22:00,718] {processor.py:171} INFO - Processing /opt/airflow/dags/matchData_dag.py took 0.976 seconds
[2022-06-13 05:22:31,103] {processor.py:163} INFO - Started process (PID=14172) to work on /opt/airflow/dags/matchData_dag.py
[2022-06-13 05:22:31,109] {processor.py:642} INFO - Processing file /opt/airflow/dags/matchData_dag.py for tasks to queue
[2022-06-13 05:22:31,110] {logging_mixin.py:109} INFO - [2022-06-13 05:22:31,110] {dagbag.py:500} INFO - Filling up the DagBag from /opt/airflow/dags/matchData_dag.py
[2022-06-13 05:22:31,950] {processor.py:654} INFO - DAG(s) dict_keys(['match_details_dag']) retrieved from /opt/airflow/dags/matchData_dag.py
[2022-06-13 05:22:31,960] {logging_mixin.py:109} INFO - [2022-06-13 05:22:31,960] {dag.py:2398} INFO - Sync 1 DAGs
[2022-06-13 05:22:31,987] {processor.py:171} INFO - Processing /opt/airflow/dags/matchData_dag.py took 0.886 seconds
[2022-06-13 05:23:02,175] {processor.py:163} INFO - Started process (PID=14238) to work on /opt/airflow/dags/matchData_dag.py
[2022-06-13 05:23:02,176] {processor.py:642} INFO - Processing file /opt/airflow/dags/matchData_dag.py for tasks to queue
[2022-06-13 05:23:02,176] {logging_mixin.py:109} INFO - [2022-06-13 05:23:02,176] {dagbag.py:500} INFO - Filling up the DagBag from /opt/airflow/dags/matchData_dag.py
[2022-06-13 05:23:03,011] {processor.py:654} INFO - DAG(s) dict_keys(['match_details_dag']) retrieved from /opt/airflow/dags/matchData_dag.py
[2022-06-13 05:23:03,021] {logging_mixin.py:109} INFO - [2022-06-13 05:23:03,021] {dag.py:2398} INFO - Sync 1 DAGs
[2022-06-13 05:23:03,052] {processor.py:171} INFO - Processing /opt/airflow/dags/matchData_dag.py took 0.880 seconds
[2022-06-13 05:23:33,600] {processor.py:163} INFO - Started process (PID=14304) to work on /opt/airflow/dags/matchData_dag.py
[2022-06-13 05:23:33,602] {processor.py:642} INFO - Processing file /opt/airflow/dags/matchData_dag.py for tasks to queue
[2022-06-13 05:23:33,603] {logging_mixin.py:109} INFO - [2022-06-13 05:23:33,602] {dagbag.py:500} INFO - Filling up the DagBag from /opt/airflow/dags/matchData_dag.py
[2022-06-13 05:23:34,440] {processor.py:654} INFO - DAG(s) dict_keys(['match_details_dag']) retrieved from /opt/airflow/dags/matchData_dag.py
[2022-06-13 05:23:34,450] {logging_mixin.py:109} INFO - [2022-06-13 05:23:34,450] {dag.py:2398} INFO - Sync 1 DAGs
[2022-06-13 05:23:34,480] {processor.py:171} INFO - Processing /opt/airflow/dags/matchData_dag.py took 0.882 seconds
[2022-06-13 05:24:05,125] {processor.py:163} INFO - Started process (PID=14373) to work on /opt/airflow/dags/matchData_dag.py
[2022-06-13 05:24:05,132] {processor.py:642} INFO - Processing file /opt/airflow/dags/matchData_dag.py for tasks to queue
[2022-06-13 05:24:05,133] {logging_mixin.py:109} INFO - [2022-06-13 05:24:05,133] {dagbag.py:500} INFO - Filling up the DagBag from /opt/airflow/dags/matchData_dag.py
[2022-06-13 05:24:06,175] {processor.py:654} INFO - DAG(s) dict_keys(['match_details_dag']) retrieved from /opt/airflow/dags/matchData_dag.py
[2022-06-13 05:24:06,192] {logging_mixin.py:109} INFO - [2022-06-13 05:24:06,191] {dag.py:2398} INFO - Sync 1 DAGs
[2022-06-13 05:24:06,221] {processor.py:171} INFO - Processing /opt/airflow/dags/matchData_dag.py took 1.099 seconds
[2022-06-13 05:24:36,318] {processor.py:163} INFO - Started process (PID=14439) to work on /opt/airflow/dags/matchData_dag.py
[2022-06-13 05:24:36,318] {processor.py:642} INFO - Processing file /opt/airflow/dags/matchData_dag.py for tasks to queue
[2022-06-13 05:24:36,319] {logging_mixin.py:109} INFO - [2022-06-13 05:24:36,319] {dagbag.py:500} INFO - Filling up the DagBag from /opt/airflow/dags/matchData_dag.py
[2022-06-13 05:24:37,205] {processor.py:654} INFO - DAG(s) dict_keys(['match_details_dag']) retrieved from /opt/airflow/dags/matchData_dag.py
[2022-06-13 05:24:37,218] {logging_mixin.py:109} INFO - [2022-06-13 05:24:37,217] {dag.py:2398} INFO - Sync 1 DAGs
[2022-06-13 05:24:37,249] {processor.py:171} INFO - Processing /opt/airflow/dags/matchData_dag.py took 0.934 seconds
[2022-06-13 05:25:07,520] {processor.py:163} INFO - Started process (PID=14505) to work on /opt/airflow/dags/matchData_dag.py
[2022-06-13 05:25:07,527] {processor.py:642} INFO - Processing file /opt/airflow/dags/matchData_dag.py for tasks to queue
[2022-06-13 05:25:07,528] {logging_mixin.py:109} INFO - [2022-06-13 05:25:07,528] {dagbag.py:500} INFO - Filling up the DagBag from /opt/airflow/dags/matchData_dag.py
[2022-06-13 05:25:08,421] {processor.py:654} INFO - DAG(s) dict_keys(['match_details_dag']) retrieved from /opt/airflow/dags/matchData_dag.py
[2022-06-13 05:25:08,430] {logging_mixin.py:109} INFO - [2022-06-13 05:25:08,429] {dag.py:2398} INFO - Sync 1 DAGs
[2022-06-13 05:25:08,450] {processor.py:171} INFO - Processing /opt/airflow/dags/matchData_dag.py took 0.932 seconds
[2022-06-13 05:25:38,837] {processor.py:163} INFO - Started process (PID=14571) to work on /opt/airflow/dags/matchData_dag.py
[2022-06-13 05:25:38,838] {processor.py:642} INFO - Processing file /opt/airflow/dags/matchData_dag.py for tasks to queue
[2022-06-13 05:25:38,838] {logging_mixin.py:109} INFO - [2022-06-13 05:25:38,838] {dagbag.py:500} INFO - Filling up the DagBag from /opt/airflow/dags/matchData_dag.py
[2022-06-13 05:25:39,758] {processor.py:654} INFO - DAG(s) dict_keys(['match_details_dag']) retrieved from /opt/airflow/dags/matchData_dag.py
[2022-06-13 05:25:39,770] {logging_mixin.py:109} INFO - [2022-06-13 05:25:39,770] {dag.py:2398} INFO - Sync 1 DAGs
[2022-06-13 05:25:39,797] {processor.py:171} INFO - Processing /opt/airflow/dags/matchData_dag.py took 0.963 seconds
[2022-06-13 05:26:10,082] {processor.py:163} INFO - Started process (PID=14637) to work on /opt/airflow/dags/matchData_dag.py
[2022-06-13 05:26:10,089] {processor.py:642} INFO - Processing file /opt/airflow/dags/matchData_dag.py for tasks to queue
[2022-06-13 05:26:10,090] {logging_mixin.py:109} INFO - [2022-06-13 05:26:10,090] {dagbag.py:500} INFO - Filling up the DagBag from /opt/airflow/dags/matchData_dag.py
[2022-06-13 05:26:11,038] {processor.py:654} INFO - DAG(s) dict_keys(['match_details_dag']) retrieved from /opt/airflow/dags/matchData_dag.py
[2022-06-13 05:26:11,050] {logging_mixin.py:109} INFO - [2022-06-13 05:26:11,050] {dag.py:2398} INFO - Sync 1 DAGs
[2022-06-13 05:26:11,074] {processor.py:171} INFO - Processing /opt/airflow/dags/matchData_dag.py took 0.994 seconds
[2022-06-13 05:26:41,419] {processor.py:163} INFO - Started process (PID=14704) to work on /opt/airflow/dags/matchData_dag.py
[2022-06-13 05:26:41,426] {processor.py:642} INFO - Processing file /opt/airflow/dags/matchData_dag.py for tasks to queue
[2022-06-13 05:26:41,427] {logging_mixin.py:109} INFO - [2022-06-13 05:26:41,427] {dagbag.py:500} INFO - Filling up the DagBag from /opt/airflow/dags/matchData_dag.py
[2022-06-13 05:26:42,415] {processor.py:654} INFO - DAG(s) dict_keys(['match_details_dag']) retrieved from /opt/airflow/dags/matchData_dag.py
[2022-06-13 05:26:42,432] {logging_mixin.py:109} INFO - [2022-06-13 05:26:42,431] {dag.py:2398} INFO - Sync 1 DAGs
[2022-06-13 05:26:42,458] {processor.py:171} INFO - Processing /opt/airflow/dags/matchData_dag.py took 1.041 seconds
[2022-06-13 05:27:13,162] {processor.py:163} INFO - Started process (PID=14773) to work on /opt/airflow/dags/matchData_dag.py
[2022-06-13 05:27:13,163] {processor.py:642} INFO - Processing file /opt/airflow/dags/matchData_dag.py for tasks to queue
[2022-06-13 05:27:13,163] {logging_mixin.py:109} INFO - [2022-06-13 05:27:13,163] {dagbag.py:500} INFO - Filling up the DagBag from /opt/airflow/dags/matchData_dag.py
[2022-06-13 05:27:14,096] {processor.py:654} INFO - DAG(s) dict_keys(['match_details_dag']) retrieved from /opt/airflow/dags/matchData_dag.py
[2022-06-13 05:27:14,107] {logging_mixin.py:109} INFO - [2022-06-13 05:27:14,106] {dag.py:2398} INFO - Sync 1 DAGs
[2022-06-13 05:27:14,134] {processor.py:171} INFO - Processing /opt/airflow/dags/matchData_dag.py took 0.974 seconds
[2022-06-13 05:27:44,223] {processor.py:163} INFO - Started process (PID=14845) to work on /opt/airflow/dags/matchData_dag.py
[2022-06-13 05:27:44,225] {processor.py:642} INFO - Processing file /opt/airflow/dags/matchData_dag.py for tasks to queue
[2022-06-13 05:27:44,226] {logging_mixin.py:109} INFO - [2022-06-13 05:27:44,226] {dagbag.py:500} INFO - Filling up the DagBag from /opt/airflow/dags/matchData_dag.py
[2022-06-13 05:27:45,218] {processor.py:654} INFO - DAG(s) dict_keys(['match_details_dag']) retrieved from /opt/airflow/dags/matchData_dag.py
[2022-06-13 05:27:45,229] {logging_mixin.py:109} INFO - [2022-06-13 05:27:45,229] {dag.py:2398} INFO - Sync 1 DAGs
[2022-06-13 05:27:45,253] {processor.py:171} INFO - Processing /opt/airflow/dags/matchData_dag.py took 1.031 seconds
[2022-06-13 05:28:15,313] {processor.py:163} INFO - Started process (PID=14918) to work on /opt/airflow/dags/matchData_dag.py
[2022-06-13 05:28:15,314] {processor.py:642} INFO - Processing file /opt/airflow/dags/matchData_dag.py for tasks to queue
[2022-06-13 05:28:15,315] {logging_mixin.py:109} INFO - [2022-06-13 05:28:15,315] {dagbag.py:500} INFO - Filling up the DagBag from /opt/airflow/dags/matchData_dag.py
[2022-06-13 05:28:16,245] {processor.py:654} INFO - DAG(s) dict_keys(['match_details_dag']) retrieved from /opt/airflow/dags/matchData_dag.py
[2022-06-13 05:28:16,254] {logging_mixin.py:109} INFO - [2022-06-13 05:28:16,254] {dag.py:2398} INFO - Sync 1 DAGs
[2022-06-13 05:28:16,276] {processor.py:171} INFO - Processing /opt/airflow/dags/matchData_dag.py took 0.964 seconds
[2022-06-13 05:28:46,898] {processor.py:163} INFO - Started process (PID=14988) to work on /opt/airflow/dags/matchData_dag.py
[2022-06-13 05:28:46,899] {processor.py:642} INFO - Processing file /opt/airflow/dags/matchData_dag.py for tasks to queue
[2022-06-13 05:28:46,900] {logging_mixin.py:109} INFO - [2022-06-13 05:28:46,900] {dagbag.py:500} INFO - Filling up the DagBag from /opt/airflow/dags/matchData_dag.py
[2022-06-13 05:28:48,071] {processor.py:654} INFO - DAG(s) dict_keys(['match_details_dag']) retrieved from /opt/airflow/dags/matchData_dag.py
[2022-06-13 05:28:48,087] {logging_mixin.py:109} INFO - [2022-06-13 05:28:48,086] {dag.py:2398} INFO - Sync 1 DAGs
[2022-06-13 05:28:48,116] {processor.py:171} INFO - Processing /opt/airflow/dags/matchData_dag.py took 1.222 seconds
[2022-06-13 05:29:18,797] {processor.py:163} INFO - Started process (PID=15056) to work on /opt/airflow/dags/matchData_dag.py
[2022-06-13 05:29:18,799] {processor.py:642} INFO - Processing file /opt/airflow/dags/matchData_dag.py for tasks to queue
[2022-06-13 05:29:18,808] {logging_mixin.py:109} INFO - [2022-06-13 05:29:18,808] {dagbag.py:500} INFO - Filling up the DagBag from /opt/airflow/dags/matchData_dag.py
[2022-06-13 05:29:20,255] {processor.py:654} INFO - DAG(s) dict_keys(['match_details_dag']) retrieved from /opt/airflow/dags/matchData_dag.py
[2022-06-13 05:29:20,266] {logging_mixin.py:109} INFO - [2022-06-13 05:29:20,265] {dag.py:2398} INFO - Sync 1 DAGs
[2022-06-13 05:29:20,303] {processor.py:171} INFO - Processing /opt/airflow/dags/matchData_dag.py took 1.510 seconds
[2022-06-13 05:29:51,020] {processor.py:163} INFO - Started process (PID=15122) to work on /opt/airflow/dags/matchData_dag.py
[2022-06-13 05:29:51,021] {processor.py:642} INFO - Processing file /opt/airflow/dags/matchData_dag.py for tasks to queue
[2022-06-13 05:29:51,021] {logging_mixin.py:109} INFO - [2022-06-13 05:29:51,021] {dagbag.py:500} INFO - Filling up the DagBag from /opt/airflow/dags/matchData_dag.py
[2022-06-13 05:29:52,183] {processor.py:654} INFO - DAG(s) dict_keys(['match_details_dag']) retrieved from /opt/airflow/dags/matchData_dag.py
[2022-06-13 05:29:52,201] {logging_mixin.py:109} INFO - [2022-06-13 05:29:52,200] {dag.py:2398} INFO - Sync 1 DAGs
[2022-06-13 05:29:52,232] {processor.py:171} INFO - Processing /opt/airflow/dags/matchData_dag.py took 1.216 seconds
[2022-06-13 05:30:22,412] {processor.py:163} INFO - Started process (PID=15188) to work on /opt/airflow/dags/matchData_dag.py
[2022-06-13 05:30:22,414] {processor.py:642} INFO - Processing file /opt/airflow/dags/matchData_dag.py for tasks to queue
[2022-06-13 05:30:22,414] {logging_mixin.py:109} INFO - [2022-06-13 05:30:22,414] {dagbag.py:500} INFO - Filling up the DagBag from /opt/airflow/dags/matchData_dag.py
[2022-06-13 05:30:23,261] {processor.py:654} INFO - DAG(s) dict_keys(['match_details_dag']) retrieved from /opt/airflow/dags/matchData_dag.py
[2022-06-13 05:30:23,273] {logging_mixin.py:109} INFO - [2022-06-13 05:30:23,273] {dag.py:2398} INFO - Sync 1 DAGs
[2022-06-13 05:30:23,297] {processor.py:171} INFO - Processing /opt/airflow/dags/matchData_dag.py took 0.887 seconds
[2022-06-13 05:30:53,675] {processor.py:163} INFO - Started process (PID=15254) to work on /opt/airflow/dags/matchData_dag.py
[2022-06-13 05:30:53,677] {processor.py:642} INFO - Processing file /opt/airflow/dags/matchData_dag.py for tasks to queue
[2022-06-13 05:30:53,678] {logging_mixin.py:109} INFO - [2022-06-13 05:30:53,678] {dagbag.py:500} INFO - Filling up the DagBag from /opt/airflow/dags/matchData_dag.py
[2022-06-13 05:30:54,638] {processor.py:654} INFO - DAG(s) dict_keys(['match_details_dag']) retrieved from /opt/airflow/dags/matchData_dag.py
[2022-06-13 05:30:54,651] {logging_mixin.py:109} INFO - [2022-06-13 05:30:54,651] {dag.py:2398} INFO - Sync 1 DAGs
[2022-06-13 05:30:54,678] {processor.py:171} INFO - Processing /opt/airflow/dags/matchData_dag.py took 1.006 seconds
[2022-06-13 05:31:25,464] {processor.py:163} INFO - Started process (PID=15320) to work on /opt/airflow/dags/matchData_dag.py
[2022-06-13 05:31:25,465] {processor.py:642} INFO - Processing file /opt/airflow/dags/matchData_dag.py for tasks to queue
[2022-06-13 05:31:25,465] {logging_mixin.py:109} INFO - [2022-06-13 05:31:25,465] {dagbag.py:500} INFO - Filling up the DagBag from /opt/airflow/dags/matchData_dag.py
[2022-06-13 05:31:26,443] {processor.py:654} INFO - DAG(s) dict_keys(['match_details_dag']) retrieved from /opt/airflow/dags/matchData_dag.py
[2022-06-13 05:31:26,457] {logging_mixin.py:109} INFO - [2022-06-13 05:31:26,457] {dag.py:2398} INFO - Sync 1 DAGs
[2022-06-13 05:31:26,485] {processor.py:171} INFO - Processing /opt/airflow/dags/matchData_dag.py took 1.024 seconds
[2022-06-13 05:31:56,851] {processor.py:163} INFO - Started process (PID=15386) to work on /opt/airflow/dags/matchData_dag.py
[2022-06-13 05:31:56,852] {processor.py:642} INFO - Processing file /opt/airflow/dags/matchData_dag.py for tasks to queue
[2022-06-13 05:31:56,853] {logging_mixin.py:109} INFO - [2022-06-13 05:31:56,853] {dagbag.py:500} INFO - Filling up the DagBag from /opt/airflow/dags/matchData_dag.py
[2022-06-13 05:31:57,797] {processor.py:654} INFO - DAG(s) dict_keys(['match_details_dag']) retrieved from /opt/airflow/dags/matchData_dag.py
[2022-06-13 05:31:57,808] {logging_mixin.py:109} INFO - [2022-06-13 05:31:57,808] {dag.py:2398} INFO - Sync 1 DAGs
[2022-06-13 05:31:57,830] {processor.py:171} INFO - Processing /opt/airflow/dags/matchData_dag.py took 0.982 seconds
[2022-06-13 05:32:27,950] {processor.py:163} INFO - Started process (PID=15454) to work on /opt/airflow/dags/matchData_dag.py
[2022-06-13 05:32:27,951] {processor.py:642} INFO - Processing file /opt/airflow/dags/matchData_dag.py for tasks to queue
[2022-06-13 05:32:27,951] {logging_mixin.py:109} INFO - [2022-06-13 05:32:27,951] {dagbag.py:500} INFO - Filling up the DagBag from /opt/airflow/dags/matchData_dag.py
[2022-06-13 05:32:28,911] {processor.py:654} INFO - DAG(s) dict_keys(['match_details_dag']) retrieved from /opt/airflow/dags/matchData_dag.py
[2022-06-13 05:32:28,922] {logging_mixin.py:109} INFO - [2022-06-13 05:32:28,921] {dag.py:2398} INFO - Sync 1 DAGs
[2022-06-13 05:32:28,949] {processor.py:171} INFO - Processing /opt/airflow/dags/matchData_dag.py took 1.001 seconds
[2022-06-13 05:32:59,298] {processor.py:163} INFO - Started process (PID=15520) to work on /opt/airflow/dags/matchData_dag.py
[2022-06-13 05:32:59,299] {processor.py:642} INFO - Processing file /opt/airflow/dags/matchData_dag.py for tasks to queue
[2022-06-13 05:32:59,299] {logging_mixin.py:109} INFO - [2022-06-13 05:32:59,299] {dagbag.py:500} INFO - Filling up the DagBag from /opt/airflow/dags/matchData_dag.py
[2022-06-13 05:33:00,387] {processor.py:654} INFO - DAG(s) dict_keys(['match_details_dag']) retrieved from /opt/airflow/dags/matchData_dag.py
[2022-06-13 05:33:00,404] {logging_mixin.py:109} INFO - [2022-06-13 05:33:00,403] {dag.py:2398} INFO - Sync 1 DAGs
[2022-06-13 05:33:00,439] {processor.py:171} INFO - Processing /opt/airflow/dags/matchData_dag.py took 1.142 seconds
[2022-06-13 05:33:30,905] {processor.py:163} INFO - Started process (PID=15586) to work on /opt/airflow/dags/matchData_dag.py
[2022-06-13 05:33:30,908] {processor.py:642} INFO - Processing file /opt/airflow/dags/matchData_dag.py for tasks to queue
[2022-06-13 05:33:30,909] {logging_mixin.py:109} INFO - [2022-06-13 05:33:30,909] {dagbag.py:500} INFO - Filling up the DagBag from /opt/airflow/dags/matchData_dag.py
[2022-06-13 05:33:31,828] {processor.py:654} INFO - DAG(s) dict_keys(['match_details_dag']) retrieved from /opt/airflow/dags/matchData_dag.py
[2022-06-13 05:33:31,840] {logging_mixin.py:109} INFO - [2022-06-13 05:33:31,840] {dag.py:2398} INFO - Sync 1 DAGs
[2022-06-13 05:33:31,862] {processor.py:171} INFO - Processing /opt/airflow/dags/matchData_dag.py took 0.959 seconds
[2022-06-13 05:34:02,369] {processor.py:163} INFO - Started process (PID=15652) to work on /opt/airflow/dags/matchData_dag.py
[2022-06-13 05:34:02,371] {processor.py:642} INFO - Processing file /opt/airflow/dags/matchData_dag.py for tasks to queue
[2022-06-13 05:34:02,372] {logging_mixin.py:109} INFO - [2022-06-13 05:34:02,372] {dagbag.py:500} INFO - Filling up the DagBag from /opt/airflow/dags/matchData_dag.py
[2022-06-13 05:34:03,810] {processor.py:654} INFO - DAG(s) dict_keys(['match_details_dag']) retrieved from /opt/airflow/dags/matchData_dag.py
[2022-06-13 05:34:03,825] {logging_mixin.py:109} INFO - [2022-06-13 05:34:03,824] {dag.py:2398} INFO - Sync 1 DAGs
[2022-06-13 05:34:03,850] {processor.py:171} INFO - Processing /opt/airflow/dags/matchData_dag.py took 1.483 seconds
[2022-06-13 05:34:34,764] {processor.py:163} INFO - Started process (PID=15720) to work on /opt/airflow/dags/matchData_dag.py
[2022-06-13 05:34:34,766] {processor.py:642} INFO - Processing file /opt/airflow/dags/matchData_dag.py for tasks to queue
[2022-06-13 05:34:34,766] {logging_mixin.py:109} INFO - [2022-06-13 05:34:34,766] {dagbag.py:500} INFO - Filling up the DagBag from /opt/airflow/dags/matchData_dag.py
[2022-06-13 05:34:36,011] {processor.py:654} INFO - DAG(s) dict_keys(['match_details_dag']) retrieved from /opt/airflow/dags/matchData_dag.py
[2022-06-13 05:34:36,025] {logging_mixin.py:109} INFO - [2022-06-13 05:34:36,025] {dag.py:2398} INFO - Sync 1 DAGs
[2022-06-13 05:34:36,061] {processor.py:171} INFO - Processing /opt/airflow/dags/matchData_dag.py took 1.300 seconds
[2022-06-13 05:35:06,369] {processor.py:163} INFO - Started process (PID=15786) to work on /opt/airflow/dags/matchData_dag.py
[2022-06-13 05:35:06,370] {processor.py:642} INFO - Processing file /opt/airflow/dags/matchData_dag.py for tasks to queue
[2022-06-13 05:35:06,370] {logging_mixin.py:109} INFO - [2022-06-13 05:35:06,370] {dagbag.py:500} INFO - Filling up the DagBag from /opt/airflow/dags/matchData_dag.py
[2022-06-13 05:35:07,549] {processor.py:654} INFO - DAG(s) dict_keys(['match_details_dag']) retrieved from /opt/airflow/dags/matchData_dag.py
[2022-06-13 05:35:07,562] {logging_mixin.py:109} INFO - [2022-06-13 05:35:07,562] {dag.py:2398} INFO - Sync 1 DAGs
[2022-06-13 05:35:07,585] {processor.py:171} INFO - Processing /opt/airflow/dags/matchData_dag.py took 1.218 seconds
[2022-06-13 05:35:37,824] {processor.py:163} INFO - Started process (PID=15852) to work on /opt/airflow/dags/matchData_dag.py
[2022-06-13 05:35:37,825] {processor.py:642} INFO - Processing file /opt/airflow/dags/matchData_dag.py for tasks to queue
[2022-06-13 05:35:37,826] {logging_mixin.py:109} INFO - [2022-06-13 05:35:37,826] {dagbag.py:500} INFO - Filling up the DagBag from /opt/airflow/dags/matchData_dag.py
[2022-06-13 05:35:39,935] {processor.py:654} INFO - DAG(s) dict_keys(['match_details_dag']) retrieved from /opt/airflow/dags/matchData_dag.py
[2022-06-13 05:35:39,955] {logging_mixin.py:109} INFO - [2022-06-13 05:35:39,954] {dag.py:2398} INFO - Sync 1 DAGs
[2022-06-13 05:35:39,990] {processor.py:171} INFO - Processing /opt/airflow/dags/matchData_dag.py took 2.169 seconds
[2022-06-13 05:36:11,012] {processor.py:163} INFO - Started process (PID=15920) to work on /opt/airflow/dags/matchData_dag.py
[2022-06-13 05:36:11,014] {processor.py:642} INFO - Processing file /opt/airflow/dags/matchData_dag.py for tasks to queue
[2022-06-13 05:36:11,015] {logging_mixin.py:109} INFO - [2022-06-13 05:36:11,015] {dagbag.py:500} INFO - Filling up the DagBag from /opt/airflow/dags/matchData_dag.py
[2022-06-13 05:36:13,013] {processor.py:654} INFO - DAG(s) dict_keys(['match_details_dag']) retrieved from /opt/airflow/dags/matchData_dag.py
[2022-06-13 05:36:13,027] {logging_mixin.py:109} INFO - [2022-06-13 05:36:13,027] {dag.py:2398} INFO - Sync 1 DAGs
[2022-06-13 05:36:13,061] {processor.py:171} INFO - Processing /opt/airflow/dags/matchData_dag.py took 2.053 seconds
[2022-06-13 05:36:43,949] {processor.py:163} INFO - Started process (PID=15986) to work on /opt/airflow/dags/matchData_dag.py
[2022-06-13 05:36:43,950] {processor.py:642} INFO - Processing file /opt/airflow/dags/matchData_dag.py for tasks to queue
[2022-06-13 05:36:43,950] {logging_mixin.py:109} INFO - [2022-06-13 05:36:43,950] {dagbag.py:500} INFO - Filling up the DagBag from /opt/airflow/dags/matchData_dag.py
[2022-06-13 05:36:45,263] {processor.py:654} INFO - DAG(s) dict_keys(['match_details_dag']) retrieved from /opt/airflow/dags/matchData_dag.py
[2022-06-13 05:36:45,280] {logging_mixin.py:109} INFO - [2022-06-13 05:36:45,280] {dag.py:2398} INFO - Sync 1 DAGs
[2022-06-13 05:36:45,317] {processor.py:171} INFO - Processing /opt/airflow/dags/matchData_dag.py took 1.371 seconds
[2022-06-13 05:37:16,346] {processor.py:163} INFO - Started process (PID=16052) to work on /opt/airflow/dags/matchData_dag.py
[2022-06-13 05:37:16,349] {processor.py:642} INFO - Processing file /opt/airflow/dags/matchData_dag.py for tasks to queue
[2022-06-13 05:37:16,350] {logging_mixin.py:109} INFO - [2022-06-13 05:37:16,350] {dagbag.py:500} INFO - Filling up the DagBag from /opt/airflow/dags/matchData_dag.py
[2022-06-13 05:37:17,991] {processor.py:654} INFO - DAG(s) dict_keys(['match_details_dag']) retrieved from /opt/airflow/dags/matchData_dag.py
[2022-06-13 05:37:18,016] {logging_mixin.py:109} INFO - [2022-06-13 05:37:18,015] {dag.py:2398} INFO - Sync 1 DAGs
[2022-06-13 05:37:18,067] {processor.py:171} INFO - Processing /opt/airflow/dags/matchData_dag.py took 1.726 seconds
[2022-06-13 05:38:25,635] {processor.py:163} INFO - Started process (PID=29) to work on /opt/airflow/dags/matchData_dag.py
[2022-06-13 05:38:25,638] {processor.py:642} INFO - Processing file /opt/airflow/dags/matchData_dag.py for tasks to queue
[2022-06-13 05:38:25,640] {logging_mixin.py:109} INFO - [2022-06-13 05:38:25,639] {dagbag.py:500} INFO - Filling up the DagBag from /opt/airflow/dags/matchData_dag.py
[2022-06-13 05:38:30,272] {processor.py:654} INFO - DAG(s) dict_keys(['match_details_dag']) retrieved from /opt/airflow/dags/matchData_dag.py
[2022-06-13 05:38:30,290] {logging_mixin.py:109} INFO - [2022-06-13 05:38:30,290] {dag.py:2398} INFO - Sync 1 DAGs
[2022-06-13 05:38:31,198] {processor.py:171} INFO - Processing /opt/airflow/dags/matchData_dag.py took 5.579 seconds
[2022-06-13 05:39:01,433] {processor.py:163} INFO - Started process (PID=113) to work on /opt/airflow/dags/matchData_dag.py
[2022-06-13 05:39:01,434] {processor.py:642} INFO - Processing file /opt/airflow/dags/matchData_dag.py for tasks to queue
[2022-06-13 05:39:01,436] {logging_mixin.py:109} INFO - [2022-06-13 05:39:01,435] {dagbag.py:500} INFO - Filling up the DagBag from /opt/airflow/dags/matchData_dag.py
[2022-06-13 05:39:03,310] {processor.py:654} INFO - DAG(s) dict_keys(['match_details_dag']) retrieved from /opt/airflow/dags/matchData_dag.py
[2022-06-13 05:39:03,510] {logging_mixin.py:109} INFO - [2022-06-13 05:39:03,509] {dag.py:2398} INFO - Sync 1 DAGs
[2022-06-13 05:39:03,557] {processor.py:171} INFO - Processing /opt/airflow/dags/matchData_dag.py took 2.128 seconds
