[2022-05-19 06:19:52,164] {taskinstance.py:1037} INFO - Dependencies all met for <TaskInstance: league_of_legends_dag.paths.path_champions.staging_champions scheduled__2022-03-31T21:00:00+00:00 [queued]>
[2022-05-19 06:19:52,187] {taskinstance.py:1037} INFO - Dependencies all met for <TaskInstance: league_of_legends_dag.paths.path_champions.staging_champions scheduled__2022-03-31T21:00:00+00:00 [queued]>
[2022-05-19 06:19:52,188] {taskinstance.py:1243} INFO - 
--------------------------------------------------------------------------------
[2022-05-19 06:19:52,188] {taskinstance.py:1244} INFO - Starting attempt 2 of 2
[2022-05-19 06:19:52,188] {taskinstance.py:1245} INFO - 
--------------------------------------------------------------------------------
[2022-05-19 06:19:52,212] {taskinstance.py:1264} INFO - Executing <Task(riot_dataDragonToADLSOperator): paths.path_champions.staging_champions> on 2022-03-31 21:00:00+00:00
[2022-05-19 06:19:52,221] {standard_task_runner.py:52} INFO - Started process 863 to run task
[2022-05-19 06:19:52,227] {standard_task_runner.py:76} INFO - Running: ['***', 'tasks', 'run', 'league_of_legends_dag', 'paths.path_champions.staging_champions', 'scheduled__2022-03-31T21:00:00+00:00', '--job-id', '166', '--raw', '--subdir', 'DAGS_FOLDER/dataDragon_dag.py', '--cfg-path', '/tmp/tmp0qdckh86', '--error-file', '/tmp/tmpi442hhh9']
[2022-05-19 06:19:52,228] {standard_task_runner.py:77} INFO - Job 166: Subtask paths.path_champions.staging_champions
[2022-05-19 06:19:52,376] {logging_mixin.py:109} INFO - Running <TaskInstance: league_of_legends_dag.paths.path_champions.staging_champions scheduled__2022-03-31T21:00:00+00:00 [running]> on host ca9a242fab95
[2022-05-19 06:19:52,483] {taskinstance.py:1429} INFO - Exporting the following env vars:
AIRFLOW_CTX_DAG_OWNER=admin
AIRFLOW_CTX_DAG_ID=league_of_legends_dag
AIRFLOW_CTX_TASK_ID=paths.path_champions.staging_champions
AIRFLOW_CTX_EXECUTION_DATE=2022-03-31T21:00:00+00:00
AIRFLOW_CTX_DAG_RUN_ID=scheduled__2022-03-31T21:00:00+00:00
[2022-05-19 06:19:52,483] {riot_datadragon_toADLS_Operator.py:53} INFO - StageToAzureLake not implemented yet
[2022-05-19 06:19:52,484] {riot_datadragon_toADLS_Operator.py:59} INFO - <bound method WasbHook.get_conn of <airflow.providers.microsoft.azure.hooks.wasb.WasbHook object at 0x7f3333b05160>>
[2022-05-19 06:19:52,484] {riot_datadragon_toADLS_Operator.py:60} INFO - Created Azure Connections
[2022-05-19 06:19:52,484] {taskinstance.py:1718} ERROR - Task failed with exception
Traceback (most recent call last):
  File "/home/airflow/.local/lib/python3.8/site-packages/airflow/models/taskinstance.py", line 1334, in _run_raw_task
    self._execute_task_with_callbacks(context)
  File "/home/airflow/.local/lib/python3.8/site-packages/airflow/models/taskinstance.py", line 1460, in _execute_task_with_callbacks
    result = self._execute_task(context, self.task)
  File "/home/airflow/.local/lib/python3.8/site-packages/airflow/models/taskinstance.py", line 1516, in _execute_task
    result = execute_callable(context=context)
  File "/opt/airflow/plugins/custom_operators/riot_datadragon_toADLS_Operator.py", line 54, in execute
    self.upload_to_azureLake()
  File "/opt/airflow/plugins/custom_operators/riot_datadragon_toADLS_Operator.py", line 63, in upload_to_azureLake
    response_data = self.riot_hook.get_champions(version=self.version)
TypeError: get_champions() got multiple values for argument 'version'
[2022-05-19 06:19:52,506] {taskinstance.py:1272} INFO - Marking task as FAILED. dag_id=league_of_legends_dag, task_id=paths.path_champions.staging_champions, execution_date=20220331T210000, start_date=20220519T061952, end_date=20220519T061952
[2022-05-19 06:19:52,543] {standard_task_runner.py:89} ERROR - Failed to execute job 166 for task paths.path_champions.staging_champions
Traceback (most recent call last):
  File "/home/airflow/.local/lib/python3.8/site-packages/airflow/task/task_runner/standard_task_runner.py", line 85, in _start_by_fork
    args.func(args, dag=self.dag)
  File "/home/airflow/.local/lib/python3.8/site-packages/airflow/cli/cli_parser.py", line 48, in command
    return func(*args, **kwargs)
  File "/home/airflow/.local/lib/python3.8/site-packages/airflow/utils/cli.py", line 92, in wrapper
    return f(*args, **kwargs)
  File "/home/airflow/.local/lib/python3.8/site-packages/airflow/cli/commands/task_command.py", line 298, in task_run
    _run_task_by_selected_method(args, dag, ti)
  File "/home/airflow/.local/lib/python3.8/site-packages/airflow/cli/commands/task_command.py", line 107, in _run_task_by_selected_method
    _run_raw_task(args, ti)
  File "/home/airflow/.local/lib/python3.8/site-packages/airflow/cli/commands/task_command.py", line 180, in _run_raw_task
    ti._run_raw_task(
  File "/home/airflow/.local/lib/python3.8/site-packages/airflow/utils/session.py", line 70, in wrapper
    return func(*args, session=session, **kwargs)
  File "/home/airflow/.local/lib/python3.8/site-packages/airflow/models/taskinstance.py", line 1334, in _run_raw_task
    self._execute_task_with_callbacks(context)
  File "/home/airflow/.local/lib/python3.8/site-packages/airflow/models/taskinstance.py", line 1460, in _execute_task_with_callbacks
    result = self._execute_task(context, self.task)
  File "/home/airflow/.local/lib/python3.8/site-packages/airflow/models/taskinstance.py", line 1516, in _execute_task
    result = execute_callable(context=context)
  File "/opt/airflow/plugins/custom_operators/riot_datadragon_toADLS_Operator.py", line 54, in execute
    self.upload_to_azureLake()
  File "/opt/airflow/plugins/custom_operators/riot_datadragon_toADLS_Operator.py", line 63, in upload_to_azureLake
    response_data = self.riot_hook.get_champions(version=self.version)
TypeError: get_champions() got multiple values for argument 'version'
[2022-05-19 06:19:52,563] {local_task_job.py:154} INFO - Task exited with return code 1
