[2022-06-11 06:04:12,266] {taskinstance.py:1037} INFO - Dependencies all met for <TaskInstance: match_details_dag.staging_match_data scheduled__2022-05-23T04:00:00+00:00 [queued]>
[2022-06-11 06:04:12,280] {taskinstance.py:1037} INFO - Dependencies all met for <TaskInstance: match_details_dag.staging_match_data scheduled__2022-05-23T04:00:00+00:00 [queued]>
[2022-06-11 06:04:12,280] {taskinstance.py:1243} INFO - 
--------------------------------------------------------------------------------
[2022-06-11 06:04:12,281] {taskinstance.py:1244} INFO - Starting attempt 2 of 2
[2022-06-11 06:04:12,281] {taskinstance.py:1245} INFO - 
--------------------------------------------------------------------------------
[2022-06-11 06:04:12,295] {taskinstance.py:1264} INFO - Executing <Task(riot_matchDetailsToADLSOperator): staging_match_data> on 2022-05-23 04:00:00+00:00
[2022-06-11 06:04:12,301] {standard_task_runner.py:52} INFO - Started process 94 to run task
[2022-06-11 06:04:12,304] {standard_task_runner.py:76} INFO - Running: ['***', 'tasks', 'run', 'match_details_dag', 'staging_match_data', 'scheduled__2022-05-23T04:00:00+00:00', '--job-id', '29', '--raw', '--subdir', 'DAGS_FOLDER/matchData_dag.py', '--cfg-path', '/tmp/tmp770jpa8c', '--error-file', '/tmp/tmpm9gt3xvx']
[2022-06-11 06:04:12,305] {standard_task_runner.py:77} INFO - Job 29: Subtask staging_match_data
[2022-06-11 06:04:12,361] {logging_mixin.py:109} INFO - Running <TaskInstance: match_details_dag.staging_match_data scheduled__2022-05-23T04:00:00+00:00 [running]> on host a1cebf1185bf
[2022-06-11 06:04:12,414] {taskinstance.py:1429} INFO - Exporting the following env vars:
AIRFLOW_CTX_DAG_OWNER=admin
AIRFLOW_CTX_DAG_ID=match_details_dag
AIRFLOW_CTX_TASK_ID=staging_match_data
AIRFLOW_CTX_EXECUTION_DATE=2022-05-23T04:00:00+00:00
AIRFLOW_CTX_DAG_RUN_ID=scheduled__2022-05-23T04:00:00+00:00
[2022-06-11 06:04:12,415] {riot_matchdetails_toADLS_Operator.py:52} INFO - StageToAzureLake not implemented yet
[2022-06-11 06:04:12,428] {riot_matchdetails_toADLS_Operator.py:61} INFO - <bound method WasbHook.get_conn of <airflow.providers.microsoft.azure.hooks.wasb.WasbHook object at 0x7f6d6fb49cd0>>
[2022-06-11 06:04:12,429] {riot_matchdetails_toADLS_Operator.py:62} INFO - Created Azure Connection
[2022-06-11 06:04:12,440] {riot_matchdetails_toADLS_Operator.py:65} INFO - Created Riot Connection
[2022-06-11 06:04:12,874] {Limits.py:87} INFO - rate limit changed from 0/0s to 20/1s
[2022-06-11 06:04:12,874] {Limits.py:87} INFO - rate limit changed from 0/0s to 100/120s
[2022-06-11 06:04:12,874] {Limits.py:87} INFO - rate limit changed from 0/0s to 2000/60s
[2022-06-11 06:04:12,964] {Limits.py:87} INFO - rate limit changed from 0/0s to 2000/60s
[2022-06-11 06:04:13,336] {Limits.py:87} INFO - rate limit changed from 0/0s to 20/1s
[2022-06-11 06:04:13,337] {Limits.py:87} INFO - rate limit changed from 0/0s to 100/120s
[2022-06-11 06:04:13,337] {Limits.py:87} INFO - rate limit changed from 0/0s to 500/10s
[2022-06-11 06:04:13,513] {Limits.py:87} INFO - rate limit changed from 0/0s to 250/10s
[2022-06-11 06:04:19,397] {logging_mixin.py:109} INFO -           matchId   gameCreation  ...  queueId  tournamentCode
0  NA1_4338129137  1654919464000  ...      900                
0  NA1_4337611379  1654888682000  ...      900                
0  NA1_4337494378  1654885489000  ...      900                
0  NA1_4337471391  1654883852000  ...      900                
0  NA1_4337298617  1654882575000  ...      900                
0  NA1_4336913058  1654843947000  ...      900                
0  NA1_4336889747  1654842540000  ...      900                
0  NA1_4336864520  1654840846000  ...      900                
0  NA1_4336689188  1654833467000  ...      900                
0  NA1_4336432490  1654821367000  ...      900                
0  NA1_4336284751  1654812275000  ...      900                
0  NA1_4336200749  1654806458000  ...      900                
0  NA1_4336096734  1654799677000  ...      900                
0  NA1_4336103673  1654798370000  ...      900                
0  NA1_4336023730  1654792521000  ...      900                
0  NA1_4335804807  1654762365000  ...      900                
0  NA1_4335190089  1654728840000  ...      900                
0  NA1_4335112447  1654725908000  ...      900                
0  NA1_4334971343  1654717082000  ...      900                
0  NA1_4334923474  1654713411000  ...      900                

[20 rows x 14 columns]
[2022-06-11 06:04:19,412] {_universal.py:472} INFO - Request URL: 'https://leagueoflegends.blob.core.windows.net/match-details/2022/6/11/6.csv?sv=REDACTED&ss=REDACTED&srt=REDACTED&sp=REDACTED&se=REDACTED&st=REDACTED&spr=REDACTED&sig=REDACTED'/nRequest method: 'PUT'/nRequest headers:/n    'x-ms-blob-type': 'REDACTED'/n    'Content-Length': '106512'/n    'If-None-Match': '*'/n    'x-ms-version': 'REDACTED'/n    'Content-Type': 'application/octet-stream'/n    'Accept': 'application/xml'/n    'User-Agent': 'azsdk-python-storage-blob/12.8.1 Python/3.8.12 (Linux-5.10.102.1-microsoft-standard-WSL2-x86_64-with-glibc2.2.5)'/n    'x-ms-date': 'REDACTED'/n    'x-ms-client-request-id': '54fa6608-e94c-11ec-80aa-0242ac120007'/nA body is sent with the request
[2022-06-11 06:04:19,771] {_universal.py:503} INFO - Response status: 201/nResponse headers:/n    'Content-Length': '0'/n    'Content-MD5': 'REDACTED'/n    'Last-Modified': 'Sat, 11 Jun 2022 06:04:21 GMT'/n    'ETag': '"0x8DA4B703A5889E5"'/n    'Server': 'Windows-Azure-Blob/1.0 Microsoft-HTTPAPI/2.0'/n    'x-ms-request-id': 'cd7a2ab3-b01e-00f6-0659-7dc63d000000'/n    'x-ms-client-request-id': '54fa6608-e94c-11ec-80aa-0242ac120007'/n    'x-ms-version': 'REDACTED'/n    'x-ms-content-crc64': 'REDACTED'/n    'x-ms-request-server-encrypted': 'REDACTED'/n    'Date': 'Sat, 11 Jun 2022 06:04:21 GMT'
[2022-06-11 06:04:19,772] {riot_matchdetails_toADLS_Operator.py:143} INFO - match-details loaded
[2022-06-11 06:04:19,773] {_universal.py:472} INFO - Request URL: 'https://leagueoflegends.blob.core.windows.net/match-info/2022/6/11/6.csv?sv=REDACTED&ss=REDACTED&srt=REDACTED&sp=REDACTED&se=REDACTED&st=REDACTED&spr=REDACTED&sig=REDACTED'/nRequest method: 'PUT'/nRequest headers:/n    'x-ms-blob-type': 'REDACTED'/n    'Content-Length': '3073'/n    'If-None-Match': '*'/n    'x-ms-version': 'REDACTED'/n    'Content-Type': 'application/octet-stream'/n    'Accept': 'application/xml'/n    'User-Agent': 'azsdk-python-storage-blob/12.8.1 Python/3.8.12 (Linux-5.10.102.1-microsoft-standard-WSL2-x86_64-with-glibc2.2.5)'/n    'x-ms-date': 'REDACTED'/n    'x-ms-client-request-id': '55318246-e94c-11ec-80aa-0242ac120007'/nA body is sent with the request
[2022-06-11 06:04:19,830] {_universal.py:503} INFO - Response status: 201/nResponse headers:/n    'Content-Length': '0'/n    'Content-MD5': 'REDACTED'/n    'Last-Modified': 'Sat, 11 Jun 2022 06:04:21 GMT'/n    'ETag': '"0x8DA4B703A624AD1"'/n    'Server': 'Windows-Azure-Blob/1.0 Microsoft-HTTPAPI/2.0'/n    'x-ms-request-id': 'cd7a2aea-b01e-00f6-3659-7dc63d000000'/n    'x-ms-client-request-id': '55318246-e94c-11ec-80aa-0242ac120007'/n    'x-ms-version': 'REDACTED'/n    'x-ms-content-crc64': 'REDACTED'/n    'x-ms-request-server-encrypted': 'REDACTED'/n    'Date': 'Sat, 11 Jun 2022 06:04:21 GMT'
[2022-06-11 06:04:19,831] {riot_matchdetails_toADLS_Operator.py:154} INFO - match-info loaded
[2022-06-11 06:04:19,837] {riot_matchdetails_toADLS_Operator.py:54} INFO - Upload twitter data to Azure!
[2022-06-11 06:04:19,852] {taskinstance.py:1272} INFO - Marking task as SUCCESS. dag_id=match_details_dag, task_id=staging_match_data, execution_date=20220523T040000, start_date=20220611T060412, end_date=20220611T060419
[2022-06-11 06:04:19,881] {local_task_job.py:154} INFO - Task exited with return code 0
[2022-06-11 06:04:19,927] {local_task_job.py:264} INFO - 2 downstream tasks scheduled from follow-on schedule check
