[2022-06-20 23:29:29,731] {taskinstance.py:1037} INFO - Dependencies all met for <TaskInstance: match_details_dag.staging_match_data scheduled__2022-06-20T01:00:00+00:00 [queued]>
[2022-06-20 23:29:29,739] {taskinstance.py:1037} INFO - Dependencies all met for <TaskInstance: match_details_dag.staging_match_data scheduled__2022-06-20T01:00:00+00:00 [queued]>
[2022-06-20 23:29:29,740] {taskinstance.py:1243} INFO - 
--------------------------------------------------------------------------------
[2022-06-20 23:29:29,740] {taskinstance.py:1244} INFO - Starting attempt 2 of 2
[2022-06-20 23:29:29,740] {taskinstance.py:1245} INFO - 
--------------------------------------------------------------------------------
[2022-06-20 23:29:29,749] {taskinstance.py:1264} INFO - Executing <Task(riot_matchDetailsToADLSOperator): staging_match_data> on 2022-06-20 01:00:00+00:00
[2022-06-20 23:29:29,754] {standard_task_runner.py:52} INFO - Started process 416 to run task
[2022-06-20 23:29:29,755] {standard_task_runner.py:76} INFO - Running: ['***', 'tasks', 'run', 'match_details_dag', 'staging_match_data', 'scheduled__2022-06-20T01:00:00+00:00', '--job-id', '228', '--raw', '--subdir', 'DAGS_FOLDER/matchData_dag.py', '--cfg-path', '/tmp/tmpg8hj9j71', '--error-file', '/tmp/tmpluik5yb5']
[2022-06-20 23:29:29,756] {standard_task_runner.py:77} INFO - Job 228: Subtask staging_match_data
[2022-06-20 23:29:29,808] {logging_mixin.py:109} INFO - Running <TaskInstance: match_details_dag.staging_match_data scheduled__2022-06-20T01:00:00+00:00 [running]> on host ebe3cc7dbee2
[2022-06-20 23:29:29,853] {taskinstance.py:1429} INFO - Exporting the following env vars:
AIRFLOW_CTX_DAG_OWNER=admin
AIRFLOW_CTX_DAG_ID=match_details_dag
AIRFLOW_CTX_TASK_ID=staging_match_data
AIRFLOW_CTX_EXECUTION_DATE=2022-06-20T01:00:00+00:00
AIRFLOW_CTX_DAG_RUN_ID=scheduled__2022-06-20T01:00:00+00:00
[2022-06-20 23:29:29,854] {riot_matchdetails_toADLS_Operator.py:61} INFO - StageToAzureLake not implemented yet
[2022-06-20 23:29:29,864] {riot_matchdetails_toADLS_Operator.py:70} INFO - <bound method WasbHook.get_conn of <airflow.providers.microsoft.azure.hooks.wasb.WasbHook object at 0x7f110226aa60>>
[2022-06-20 23:29:29,864] {riot_matchdetails_toADLS_Operator.py:71} INFO - Created Azure Connection
[2022-06-20 23:29:29,871] {riot_matchdetails_toADLS_Operator.py:74} INFO - Created Riot Connection
[2022-06-20 23:29:30,264] {Limits.py:87} INFO - rate limit changed from 0/0s to 20/1s
[2022-06-20 23:29:30,264] {Limits.py:87} INFO - rate limit changed from 0/0s to 100/120s
[2022-06-20 23:29:30,265] {Limits.py:87} INFO - rate limit changed from 0/0s to 50/10s
[2022-06-20 23:29:30,266] {logging_mixin.py:109} INFO - [{'leagueId': '49ecb9ed-5b83-4b8f-9d0b-82c1a483ae0f', 'queueType': 'RANKED_SOLO_5x5', 'tier': 'PLATINUM', 'rank': 'I', 'summonerId': 'HdxS18ksOdstUGgfPIsfM4XNFuLAURXzpd91aMErixXM-E3J', 'summonerName': 'SmiteIsDeadGame', 'leaguePoints': 100, 'wins': 19, 'losses': 20, 'veteran': False, 'inactive': False, 'freshBlood': False, 'hotStreak': False, 'miniSeries': {'target': 3, 'wins': 0, 'losses': 0, 'progress': 'NNNNN'}}, {'leagueId': '3077d668-5344-4f97-970b-4965e1d76f5a', 'queueType': 'RANKED_SOLO_5x5', 'tier': 'PLATINUM', 'rank': 'I', 'summonerId': 'etzoRcqNcxdfPl4zkLea-wPSMWpJBDkotzkQ8HQtsvBOuT2L', 'summonerName': 'tuotA', 'leaguePoints': 100, 'wins': 66, 'losses': 58, 'veteran': False, 'inactive': False, 'freshBlood': False, 'hotStreak': False, 'miniSeries': {'target': 3, 'wins': 0, 'losses': 1, 'progress': 'LNNNN'}}, {'leagueId': '8c0a55fe-faf9-4253-92ee-7c41d107892d', 'queueType': 'RANKED_SOLO_5x5', 'tier': 'PLATINUM', 'rank': 'I', 'summonerId': 'wARcLUntLspdDYkV4XpPw7h1rWbhqrEkHwi2O-qYXZH3jx47', 'summonerName': 'McR0an', 'leaguePoints': 100, 'wins': 38, 'losses': 29, 'veteran': False, 'inactive': False, 'freshBlood': False, 'hotStreak': False, 'miniSeries': {'target': 3, 'wins': 0, 'losses': 1, 'progress': 'LNNNN'}}, {'leagueId': '260b1565-e341-442b-baa2-f8d50b601f43', 'queueType': 'RANKED_SOLO_5x5', 'tier': 'PLATINUM', 'rank': 'I', 'summonerId': 'F-bB84IHd4qCn0HHu9ke6xK63_3-u-D1ATGBUvVexeew6kyo', 'summonerName': 'Nenya', 'leaguePoints': 100, 'wins': 68, 'losses': 78, 'veteran': False, 'inactive': False, 'freshBlood': False, 'hotStreak': True, 'miniSeries': {'target': 3, 'wins': 0, 'losses': 0, 'progress': 'NNNNN'}}, {'leagueId': '241a8f12-26cd-4c5f-b002-ef7312c2d8bc', 'queueType': 'RANKED_SOLO_5x5', 'tier': 'PLATINUM', 'rank': 'I', 'summonerId': 'J5ft3DJjIbbyZq7MVZrcEh_xMKfBGElyzz-dc6Zueg6s4FdK', 'summonerName': 'topi conqueror', 'leaguePoints': 100, 'wins': 82, 'losses': 95, 'veteran': False, 'inactive': False, 'freshBlood': False, 'hotStreak': False, 'miniSeries': {'target': 3, 'wins': 0, 'losses': 0, 'progress': 'NNNNN'}}, {'leagueId': '888bd458-9d5b-455b-a602-b0baa7c6a976', 'queueType': 'RANKED_SOLO_5x5', 'tier': 'PLATINUM', 'rank': 'I', 'summonerId': 'CUTAb4tcFsL1BmPDdYn_oi9VW3XBFX7bliK9cfz0zUCUUTha', 'summonerName': 'eeeeek', 'leaguePoints': 100, 'wins': 76, 'losses': 58, 'veteran': False, 'inactive': False, 'freshBlood': False, 'hotStreak': False, 'miniSeries': {'target': 3, 'wins': 0, 'losses': 1, 'progress': 'LNNNN'}}, {'leagueId': '57a24f47-03c4-4b53-b3dd-66da6b9bc902', 'queueType': 'RANKED_SOLO_5x5', 'tier': 'PLATINUM', 'rank': 'I', 'summonerId': 'cfiNlpD114V4KqBBcX1aAt7oAj8eMbjohupPGydEEoTLXFZn', 'summonerName': 'EnterRebirth', 'leaguePoints': 100, 'wins': 25, 'losses': 17, 'veteran': False, 'inactive': False, 'freshBlood': False, 'hotStreak': True, 'miniSeries': {'target': 3, 'wins': 0, 'losses': 0, 'progress': 'NNNNN'}}, {'leagueId': '3311c1ba-3269-42ab-b059-be923729a75e', 'queueType': 'RANKED_SOLO_5x5', 'tier': 'PLATINUM', 'rank': 'I', 'summonerId': 'UbhzhrEbA8LuYZMhb0-iL88GriDSBXV_z-iq4u78PwILAt9R', 'summonerName': 'DlOR YOU', 'leaguePoints': 100, 'wins': 39, 'losses': 42, 'veteran': False, 'inactive': False, 'freshBlood': False, 'hotStreak': False, 'miniSeries': {'target': 3, 'wins': 0, 'losses': 0, 'progress': 'NNNNN'}}, {'leagueId': 'dd42a510-3686-40bb-b898-7be07caa8bd5', 'queueType': 'RANKED_SOLO_5x5', 'tier': 'PLATINUM', 'rank': 'I', 'summonerId': 'xEVHiRr1cWeAheAXdH3uRrZhiYiRM8ZT8I1bhAAUxPssXOVM', 'summonerName': 'kkytj2', 'leaguePoints': 100, 'wins': 95, 'losses': 52, 'veteran': False, 'inactive': False, 'freshBlood': False, 'hotStreak': False, 'miniSeries': {'target': 3, 'wins': 0, 'losses': 0, 'progress': 'NNNNN'}}, {'leagueId': '851c8032-0f57-4b3a-9f98-670180d61d2b', 'queueType': 'RANKED_SOLO_5x5', 'tier': 'PLATINUM', 'rank': 'I', 'summonerId': 'a9xKY_HTycsaAmfSp45dcVTPcB3J4jI64JlWsOOR-ty7FdTb', 'summonerName': 'COFFEE BEST DRUG', 'leaguePoints': 100, 'wins': 65, 'losses': 61, 'veteran': False, 'inactive': False, 'freshBlood': False, 'hotStreak': True, 'miniSeries': {'target': 3, 'wins': 0, 'losses': 0, 'progress': 'NNNNN'}}]
[2022-06-20 23:29:30,351] {Limits.py:87} INFO - rate limit changed from 0/0s to 2000/60s
[2022-06-20 23:29:30,654] {Limits.py:87} INFO - rate limit changed from 0/0s to 20/1s
[2022-06-20 23:29:30,654] {Limits.py:87} INFO - rate limit changed from 0/0s to 100/120s
[2022-06-20 23:29:30,655] {Limits.py:87} INFO - rate limit changed from 0/0s to 500/10s
[2022-06-20 23:29:30,829] {Limits.py:87} INFO - rate limit changed from 0/0s to 250/10s
[2022-06-20 23:30:01,733] {RateLimiterAdapter.py:41} INFO - waiting for 88.921655 seconds...
[2022-06-20 23:31:34,000] {riot_matchdetails_toADLS_Operator.py:128} INFO - /tmp/tmpzqco3__w/match_details.csv
[2022-06-20 23:31:34,001] {_universal.py:472} INFO - Request URL: 'https://leagueoflegends.blob.core.windows.net/match-details/2022/6/20/23.csv?sv=REDACTED&ss=REDACTED&srt=REDACTED&sp=REDACTED&se=REDACTED&st=REDACTED&spr=REDACTED&sig=REDACTED'/nRequest method: 'PUT'/nRequest headers:/n    'x-ms-blob-type': 'REDACTED'/n    'Content-Length': '527847'/n    'If-None-Match': '*'/n    'x-ms-version': 'REDACTED'/n    'Content-Type': 'application/octet-stream'/n    'Accept': 'application/xml'/n    'User-Agent': 'azsdk-python-storage-blob/12.8.1 Python/3.8.12 (Linux-5.10.102.1-microsoft-standard-WSL2-x86_64-with-glibc2.2.5)'/n    'x-ms-date': 'REDACTED'/n    'x-ms-client-request-id': '1f078682-f0f1-11ec-905f-0242ac120005'/nA body is sent with the request
[2022-06-20 23:31:34,220] {_universal.py:503} INFO - Response status: 409/nResponse headers:/n    'Content-Length': '220'/n    'Content-Type': 'application/xml'/n    'Server': 'Windows-Azure-Blob/1.0 Microsoft-HTTPAPI/2.0'/n    'x-ms-request-id': '40616dbd-b01e-005c-0cfd-8410d2000000'/n    'x-ms-client-request-id': '1f078682-f0f1-11ec-905f-0242ac120005'/n    'x-ms-version': 'REDACTED'/n    'x-ms-error-code': 'REDACTED'/n    'Date': 'Mon, 20 Jun 2022 23:31:34 GMT'
[2022-06-20 23:31:34,223] {taskinstance.py:1718} ERROR - Task failed with exception
Traceback (most recent call last):
  File "/home/airflow/.local/lib/python3.8/site-packages/azure/storage/blob/_upload_helpers.py", line 94, in upload_block_blob
    return client.upload(
  File "/home/airflow/.local/lib/python3.8/site-packages/azure/storage/blob/_generated/operations/_block_blob_operations.py", line 228, in upload
    map_error(status_code=response.status_code, response=response, error_map=error_map)
  File "/home/airflow/.local/lib/python3.8/site-packages/azure/core/exceptions.py", line 105, in map_error
    raise error
azure.core.exceptions.ResourceExistsError: Operation returned an invalid status 'The specified blob already exists.'
Content: <?xml version="1.0" encoding="utf-8"?><Error><Code>BlobAlreadyExists</Code><Message>The specified blob already exists.
RequestId:40616dbd-b01e-005c-0cfd-8410d2000000
Time:2022-06-20T23:31:34.5790104Z</Message></Error>

During handling of the above exception, another exception occurred:

Traceback (most recent call last):
  File "/home/airflow/.local/lib/python3.8/site-packages/airflow/models/taskinstance.py", line 1334, in _run_raw_task
    self._execute_task_with_callbacks(context)
  File "/home/airflow/.local/lib/python3.8/site-packages/airflow/models/taskinstance.py", line 1460, in _execute_task_with_callbacks
    result = self._execute_task(context, self.task)
  File "/home/airflow/.local/lib/python3.8/site-packages/airflow/models/taskinstance.py", line 1516, in _execute_task
    result = execute_callable(context=context)
  File "/opt/airflow/plugins/custom_operators/riot_matchdetails_toADLS_Operator.py", line 62, in execute
    self.upload_to_azureLake()
  File "/opt/airflow/plugins/custom_operators/riot_matchdetails_toADLS_Operator.py", line 129, in upload_to_azureLake
    wasb_hook.load_file(
  File "/home/airflow/.local/lib/python3.8/site-packages/airflow/providers/microsoft/azure/hooks/wasb.py", line 254, in load_file
    self.upload(
  File "/home/airflow/.local/lib/python3.8/site-packages/airflow/providers/microsoft/azure/hooks/wasb.py", line 339, in upload
    return blob_client.upload_blob(data, blob_type, length=length, **kwargs)
  File "/home/airflow/.local/lib/python3.8/site-packages/azure/core/tracing/decorator.py", line 83, in wrapper_use_tracer
    return func(*args, **kwargs)
  File "/home/airflow/.local/lib/python3.8/site-packages/azure/storage/blob/_blob_client.py", line 693, in upload_blob
    return upload_block_blob(**options)
  File "/home/airflow/.local/lib/python3.8/site-packages/azure/storage/blob/_upload_helpers.py", line 157, in upload_block_blob
    process_storage_error(error)
  File "/home/airflow/.local/lib/python3.8/site-packages/azure/storage/blob/_shared/response_handlers.py", line 150, in process_storage_error
    error.raise_with_traceback()
  File "/home/airflow/.local/lib/python3.8/site-packages/azure/core/exceptions.py", line 247, in raise_with_traceback
    raise super(AzureError, self).with_traceback(self.exc_traceback)
  File "/home/airflow/.local/lib/python3.8/site-packages/azure/storage/blob/_upload_helpers.py", line 94, in upload_block_blob
    return client.upload(
  File "/home/airflow/.local/lib/python3.8/site-packages/azure/storage/blob/_generated/operations/_block_blob_operations.py", line 228, in upload
    map_error(status_code=response.status_code, response=response, error_map=error_map)
  File "/home/airflow/.local/lib/python3.8/site-packages/azure/core/exceptions.py", line 105, in map_error
    raise error
azure.core.exceptions.ResourceExistsError: The specified blob already exists.
RequestId:40616dbd-b01e-005c-0cfd-8410d2000000
Time:2022-06-20T23:31:34.5790104Z
ErrorCode:BlobAlreadyExists
Error:None
Content: <?xml version="1.0" encoding="utf-8"?><Error><Code>BlobAlreadyExists</Code><Message>The specified blob already exists.
RequestId:40616dbd-b01e-005c-0cfd-8410d2000000
Time:2022-06-20T23:31:34.5790104Z</Message></Error>
[2022-06-20 23:31:34,237] {taskinstance.py:1272} INFO - Marking task as FAILED. dag_id=match_details_dag, task_id=staging_match_data, execution_date=20220620T010000, start_date=20220620T232929, end_date=20220620T233134
[2022-06-20 23:31:34,250] {standard_task_runner.py:89} ERROR - Failed to execute job 228 for task staging_match_data
Traceback (most recent call last):
  File "/home/airflow/.local/lib/python3.8/site-packages/azure/storage/blob/_upload_helpers.py", line 94, in upload_block_blob
    return client.upload(
  File "/home/airflow/.local/lib/python3.8/site-packages/azure/storage/blob/_generated/operations/_block_blob_operations.py", line 228, in upload
    map_error(status_code=response.status_code, response=response, error_map=error_map)
  File "/home/airflow/.local/lib/python3.8/site-packages/azure/core/exceptions.py", line 105, in map_error
    raise error
azure.core.exceptions.ResourceExistsError: Operation returned an invalid status 'The specified blob already exists.'
Content: <?xml version="1.0" encoding="utf-8"?><Error><Code>BlobAlreadyExists</Code><Message>The specified blob already exists.
RequestId:40616dbd-b01e-005c-0cfd-8410d2000000
Time:2022-06-20T23:31:34.5790104Z</Message></Error>

During handling of the above exception, another exception occurred:

Traceback (most recent call last):
  File "/home/airflow/.local/lib/python3.8/site-packages/airflow/task/task_runner/standard_task_runner.py", line 85, in _start_by_fork
    args.func(args, dag=self.dag)
  File "/home/airflow/.local/lib/python3.8/site-packages/airflow/cli/cli_parser.py", line 48, in command
    return func(*args, **kwargs)
  File "/home/airflow/.local/lib/python3.8/site-packages/airflow/utils/cli.py", line 92, in wrapper
    return f(*args, **kwargs)
  File "/home/airflow/.local/lib/python3.8/site-packages/airflow/cli/commands/task_command.py", line 298, in task_run
    _run_task_by_selected_method(args, dag, ti)
  File "/home/airflow/.local/lib/python3.8/site-packages/airflow/cli/commands/task_command.py", line 107, in _run_task_by_selected_method
    _run_raw_task(args, ti)
  File "/home/airflow/.local/lib/python3.8/site-packages/airflow/cli/commands/task_command.py", line 180, in _run_raw_task
    ti._run_raw_task(
  File "/home/airflow/.local/lib/python3.8/site-packages/airflow/utils/session.py", line 70, in wrapper
    return func(*args, session=session, **kwargs)
  File "/home/airflow/.local/lib/python3.8/site-packages/airflow/models/taskinstance.py", line 1334, in _run_raw_task
    self._execute_task_with_callbacks(context)
  File "/home/airflow/.local/lib/python3.8/site-packages/airflow/models/taskinstance.py", line 1460, in _execute_task_with_callbacks
    result = self._execute_task(context, self.task)
  File "/home/airflow/.local/lib/python3.8/site-packages/airflow/models/taskinstance.py", line 1516, in _execute_task
    result = execute_callable(context=context)
  File "/opt/airflow/plugins/custom_operators/riot_matchdetails_toADLS_Operator.py", line 62, in execute
    self.upload_to_azureLake()
  File "/opt/airflow/plugins/custom_operators/riot_matchdetails_toADLS_Operator.py", line 129, in upload_to_azureLake
    wasb_hook.load_file(
  File "/home/airflow/.local/lib/python3.8/site-packages/airflow/providers/microsoft/azure/hooks/wasb.py", line 254, in load_file
    self.upload(
  File "/home/airflow/.local/lib/python3.8/site-packages/airflow/providers/microsoft/azure/hooks/wasb.py", line 339, in upload
    return blob_client.upload_blob(data, blob_type, length=length, **kwargs)
  File "/home/airflow/.local/lib/python3.8/site-packages/azure/core/tracing/decorator.py", line 83, in wrapper_use_tracer
    return func(*args, **kwargs)
  File "/home/airflow/.local/lib/python3.8/site-packages/azure/storage/blob/_blob_client.py", line 693, in upload_blob
    return upload_block_blob(**options)
  File "/home/airflow/.local/lib/python3.8/site-packages/azure/storage/blob/_upload_helpers.py", line 157, in upload_block_blob
    process_storage_error(error)
  File "/home/airflow/.local/lib/python3.8/site-packages/azure/storage/blob/_shared/response_handlers.py", line 150, in process_storage_error
    error.raise_with_traceback()
  File "/home/airflow/.local/lib/python3.8/site-packages/azure/core/exceptions.py", line 247, in raise_with_traceback
    raise super(AzureError, self).with_traceback(self.exc_traceback)
  File "/home/airflow/.local/lib/python3.8/site-packages/azure/storage/blob/_upload_helpers.py", line 94, in upload_block_blob
    return client.upload(
  File "/home/airflow/.local/lib/python3.8/site-packages/azure/storage/blob/_generated/operations/_block_blob_operations.py", line 228, in upload
    map_error(status_code=response.status_code, response=response, error_map=error_map)
  File "/home/airflow/.local/lib/python3.8/site-packages/azure/core/exceptions.py", line 105, in map_error
    raise error
azure.core.exceptions.ResourceExistsError: The specified blob already exists.
RequestId:40616dbd-b01e-005c-0cfd-8410d2000000
Time:2022-06-20T23:31:34.5790104Z
ErrorCode:BlobAlreadyExists
Error:None
Content: <?xml version="1.0" encoding="utf-8"?><Error><Code>BlobAlreadyExists</Code><Message>The specified blob already exists.
RequestId:40616dbd-b01e-005c-0cfd-8410d2000000
Time:2022-06-20T23:31:34.5790104Z</Message></Error>
[2022-06-20 23:31:34,294] {local_task_job.py:154} INFO - Task exited with return code 1
[2022-06-20 23:31:34,334] {local_task_job.py:264} INFO - 0 downstream tasks scheduled from follow-on schedule check
