[2022-05-20 04:18:37,690] {taskinstance.py:1037} INFO - Dependencies all met for <TaskInstance: league_of_legends_dag.paths.path_champions.staging_champions scheduled__2022-04-01T22:00:00+00:00 [queued]>
[2022-05-20 04:18:37,699] {taskinstance.py:1037} INFO - Dependencies all met for <TaskInstance: league_of_legends_dag.paths.path_champions.staging_champions scheduled__2022-04-01T22:00:00+00:00 [queued]>
[2022-05-20 04:18:37,700] {taskinstance.py:1243} INFO - 
--------------------------------------------------------------------------------
[2022-05-20 04:18:37,700] {taskinstance.py:1244} INFO - Starting attempt 2 of 2
[2022-05-20 04:18:37,700] {taskinstance.py:1245} INFO - 
--------------------------------------------------------------------------------
[2022-05-20 04:18:37,710] {taskinstance.py:1264} INFO - Executing <Task(riot_dataDragonToADLSOperator): paths.path_champions.staging_champions> on 2022-04-01 22:00:00+00:00
[2022-05-20 04:18:37,715] {standard_task_runner.py:52} INFO - Started process 3683 to run task
[2022-05-20 04:18:37,718] {standard_task_runner.py:76} INFO - Running: ['***', 'tasks', 'run', 'league_of_legends_dag', 'paths.path_champions.staging_champions', 'scheduled__2022-04-01T22:00:00+00:00', '--job-id', '606', '--raw', '--subdir', 'DAGS_FOLDER/dataDragon_dag.py', '--cfg-path', '/tmp/tmpmw32yhcq', '--error-file', '/tmp/tmppxirero9']
[2022-05-20 04:18:37,718] {standard_task_runner.py:77} INFO - Job 606: Subtask paths.path_champions.staging_champions
[2022-05-20 04:18:37,770] {logging_mixin.py:109} INFO - Running <TaskInstance: league_of_legends_dag.paths.path_champions.staging_champions scheduled__2022-04-01T22:00:00+00:00 [running]> on host ca9a242fab95
[2022-05-20 04:18:37,820] {taskinstance.py:1429} INFO - Exporting the following env vars:
AIRFLOW_CTX_DAG_OWNER=admin
AIRFLOW_CTX_DAG_ID=league_of_legends_dag
AIRFLOW_CTX_TASK_ID=paths.path_champions.staging_champions
AIRFLOW_CTX_EXECUTION_DATE=2022-04-01T22:00:00+00:00
AIRFLOW_CTX_DAG_RUN_ID=scheduled__2022-04-01T22:00:00+00:00
[2022-05-20 04:18:37,821] {riot_datadragon_toADLS_Operator.py:55} INFO - StageToAzureLake not implemented yet
[2022-05-20 04:18:37,832] {riot_datadragon_toADLS_Operator.py:63} INFO - <bound method WasbHook.get_conn of <airflow.providers.microsoft.azure.hooks.wasb.WasbHook object at 0x7f9ca4813130>>
[2022-05-20 04:18:37,832] {riot_datadragon_toADLS_Operator.py:64} INFO - Created Azure Connections
[2022-05-20 04:18:37,980] {riot_datadragon_toADLS_Operator.py:86} INFO - About to load to Azure!
[2022-05-20 04:18:37,981] {riot_datadragon_toADLS_Operator.py:87} INFO - champions
[2022-05-20 04:18:37,982] {_universal.py:472} INFO - Request URL: 'https://leagueoflegends.blob.core.windows.net/datadragon-champions/2022/5/20/4.json'/nRequest method: 'PUT'/nRequest headers:/n    'x-ms-blob-type': 'REDACTED'/n    'Content-Length': '159472'/n    'If-None-Match': '*'/n    'x-ms-version': 'REDACTED'/n    'Content-Type': 'application/octet-stream'/n    'Accept': 'application/xml'/n    'User-Agent': 'azsdk-python-storage-blob/12.8.1 Python/3.8.12 (Linux-5.10.102.1-microsoft-standard-WSL2-x86_64-with-glibc2.2.5)'/n    'x-ms-date': 'REDACTED'/n    'x-ms-client-request-id': 'ec1a6b06-d7f3-11ec-8b80-0242ac140004'/n    'Authorization': 'REDACTED'/nA body is sent with the request
[2022-05-20 04:18:38,198] {_universal.py:503} INFO - Response status: 409/nResponse headers:/n    'Content-Length': '220'/n    'Content-Type': 'application/xml'/n    'Server': 'Windows-Azure-Blob/1.0 Microsoft-HTTPAPI/2.0'/n    'x-ms-request-id': '7aa50c44-601e-00d6-0100-6caaf1000000'/n    'x-ms-client-request-id': 'ec1a6b06-d7f3-11ec-8b80-0242ac140004'/n    'x-ms-version': 'REDACTED'/n    'x-ms-error-code': 'REDACTED'/n    'Date': 'Fri, 20 May 2022 04:18:39 GMT'
[2022-05-20 04:18:38,201] {taskinstance.py:1718} ERROR - Task failed with exception
Traceback (most recent call last):
  File "/home/airflow/.local/lib/python3.8/site-packages/azure/storage/blob/_upload_helpers.py", line 94, in upload_block_blob
    return client.upload(
  File "/home/airflow/.local/lib/python3.8/site-packages/azure/storage/blob/_generated/operations/_block_blob_operations.py", line 228, in upload
    map_error(status_code=response.status_code, response=response, error_map=error_map)
  File "/home/airflow/.local/lib/python3.8/site-packages/azure/core/exceptions.py", line 105, in map_error
    raise error
azure.core.exceptions.ResourceExistsError: Operation returned an invalid status 'The specified blob already exists.'
Content: <?xml version="1.0" encoding="utf-8"?><Error><Code>BlobAlreadyExists</Code><Message>The specified blob already exists.
RequestId:7aa50c44-601e-00d6-0100-6caaf1000000
Time:2022-05-20T04:18:39.7762061Z</Message></Error>

During handling of the above exception, another exception occurred:

Traceback (most recent call last):
  File "/home/airflow/.local/lib/python3.8/site-packages/airflow/models/taskinstance.py", line 1334, in _run_raw_task
    self._execute_task_with_callbacks(context)
  File "/home/airflow/.local/lib/python3.8/site-packages/airflow/models/taskinstance.py", line 1460, in _execute_task_with_callbacks
    result = self._execute_task(context, self.task)
  File "/home/airflow/.local/lib/python3.8/site-packages/airflow/models/taskinstance.py", line 1516, in _execute_task
    result = execute_callable(context=context)
  File "/opt/airflow/plugins/custom_operators/riot_datadragon_toADLS_Operator.py", line 56, in execute
    self.upload_to_azureLake()
  File "/opt/airflow/plugins/custom_operators/riot_datadragon_toADLS_Operator.py", line 88, in upload_to_azureLake
    wasb_hook.load_file(
  File "/home/airflow/.local/lib/python3.8/site-packages/airflow/providers/microsoft/azure/hooks/wasb.py", line 254, in load_file
    self.upload(
  File "/home/airflow/.local/lib/python3.8/site-packages/airflow/providers/microsoft/azure/hooks/wasb.py", line 339, in upload
    return blob_client.upload_blob(data, blob_type, length=length, **kwargs)
  File "/home/airflow/.local/lib/python3.8/site-packages/azure/core/tracing/decorator.py", line 83, in wrapper_use_tracer
    return func(*args, **kwargs)
  File "/home/airflow/.local/lib/python3.8/site-packages/azure/storage/blob/_blob_client.py", line 693, in upload_blob
    return upload_block_blob(**options)
  File "/home/airflow/.local/lib/python3.8/site-packages/azure/storage/blob/_upload_helpers.py", line 157, in upload_block_blob
    process_storage_error(error)
  File "/home/airflow/.local/lib/python3.8/site-packages/azure/storage/blob/_shared/response_handlers.py", line 150, in process_storage_error
    error.raise_with_traceback()
  File "/home/airflow/.local/lib/python3.8/site-packages/azure/core/exceptions.py", line 247, in raise_with_traceback
    raise super(AzureError, self).with_traceback(self.exc_traceback)
  File "/home/airflow/.local/lib/python3.8/site-packages/azure/storage/blob/_upload_helpers.py", line 94, in upload_block_blob
    return client.upload(
  File "/home/airflow/.local/lib/python3.8/site-packages/azure/storage/blob/_generated/operations/_block_blob_operations.py", line 228, in upload
    map_error(status_code=response.status_code, response=response, error_map=error_map)
  File "/home/airflow/.local/lib/python3.8/site-packages/azure/core/exceptions.py", line 105, in map_error
    raise error
azure.core.exceptions.ResourceExistsError: The specified blob already exists.
RequestId:7aa50c44-601e-00d6-0100-6caaf1000000
Time:2022-05-20T04:18:39.7762061Z
ErrorCode:BlobAlreadyExists
Error:None
Content: <?xml version="1.0" encoding="utf-8"?><Error><Code>BlobAlreadyExists</Code><Message>The specified blob already exists.
RequestId:7aa50c44-601e-00d6-0100-6caaf1000000
Time:2022-05-20T04:18:39.7762061Z</Message></Error>
[2022-05-20 04:18:38,215] {taskinstance.py:1272} INFO - Marking task as FAILED. dag_id=league_of_legends_dag, task_id=paths.path_champions.staging_champions, execution_date=20220401T220000, start_date=20220520T041837, end_date=20220520T041838
[2022-05-20 04:18:38,228] {standard_task_runner.py:89} ERROR - Failed to execute job 606 for task paths.path_champions.staging_champions
Traceback (most recent call last):
  File "/home/airflow/.local/lib/python3.8/site-packages/azure/storage/blob/_upload_helpers.py", line 94, in upload_block_blob
    return client.upload(
  File "/home/airflow/.local/lib/python3.8/site-packages/azure/storage/blob/_generated/operations/_block_blob_operations.py", line 228, in upload
    map_error(status_code=response.status_code, response=response, error_map=error_map)
  File "/home/airflow/.local/lib/python3.8/site-packages/azure/core/exceptions.py", line 105, in map_error
    raise error
azure.core.exceptions.ResourceExistsError: Operation returned an invalid status 'The specified blob already exists.'
Content: <?xml version="1.0" encoding="utf-8"?><Error><Code>BlobAlreadyExists</Code><Message>The specified blob already exists.
RequestId:7aa50c44-601e-00d6-0100-6caaf1000000
Time:2022-05-20T04:18:39.7762061Z</Message></Error>

During handling of the above exception, another exception occurred:

Traceback (most recent call last):
  File "/home/airflow/.local/lib/python3.8/site-packages/airflow/task/task_runner/standard_task_runner.py", line 85, in _start_by_fork
    args.func(args, dag=self.dag)
  File "/home/airflow/.local/lib/python3.8/site-packages/airflow/cli/cli_parser.py", line 48, in command
    return func(*args, **kwargs)
  File "/home/airflow/.local/lib/python3.8/site-packages/airflow/utils/cli.py", line 92, in wrapper
    return f(*args, **kwargs)
  File "/home/airflow/.local/lib/python3.8/site-packages/airflow/cli/commands/task_command.py", line 298, in task_run
    _run_task_by_selected_method(args, dag, ti)
  File "/home/airflow/.local/lib/python3.8/site-packages/airflow/cli/commands/task_command.py", line 107, in _run_task_by_selected_method
    _run_raw_task(args, ti)
  File "/home/airflow/.local/lib/python3.8/site-packages/airflow/cli/commands/task_command.py", line 180, in _run_raw_task
    ti._run_raw_task(
  File "/home/airflow/.local/lib/python3.8/site-packages/airflow/utils/session.py", line 70, in wrapper
    return func(*args, session=session, **kwargs)
  File "/home/airflow/.local/lib/python3.8/site-packages/airflow/models/taskinstance.py", line 1334, in _run_raw_task
    self._execute_task_with_callbacks(context)
  File "/home/airflow/.local/lib/python3.8/site-packages/airflow/models/taskinstance.py", line 1460, in _execute_task_with_callbacks
    result = self._execute_task(context, self.task)
  File "/home/airflow/.local/lib/python3.8/site-packages/airflow/models/taskinstance.py", line 1516, in _execute_task
    result = execute_callable(context=context)
  File "/opt/airflow/plugins/custom_operators/riot_datadragon_toADLS_Operator.py", line 56, in execute
    self.upload_to_azureLake()
  File "/opt/airflow/plugins/custom_operators/riot_datadragon_toADLS_Operator.py", line 88, in upload_to_azureLake
    wasb_hook.load_file(
  File "/home/airflow/.local/lib/python3.8/site-packages/airflow/providers/microsoft/azure/hooks/wasb.py", line 254, in load_file
    self.upload(
  File "/home/airflow/.local/lib/python3.8/site-packages/airflow/providers/microsoft/azure/hooks/wasb.py", line 339, in upload
    return blob_client.upload_blob(data, blob_type, length=length, **kwargs)
  File "/home/airflow/.local/lib/python3.8/site-packages/azure/core/tracing/decorator.py", line 83, in wrapper_use_tracer
    return func(*args, **kwargs)
  File "/home/airflow/.local/lib/python3.8/site-packages/azure/storage/blob/_blob_client.py", line 693, in upload_blob
    return upload_block_blob(**options)
  File "/home/airflow/.local/lib/python3.8/site-packages/azure/storage/blob/_upload_helpers.py", line 157, in upload_block_blob
    process_storage_error(error)
  File "/home/airflow/.local/lib/python3.8/site-packages/azure/storage/blob/_shared/response_handlers.py", line 150, in process_storage_error
    error.raise_with_traceback()
  File "/home/airflow/.local/lib/python3.8/site-packages/azure/core/exceptions.py", line 247, in raise_with_traceback
    raise super(AzureError, self).with_traceback(self.exc_traceback)
  File "/home/airflow/.local/lib/python3.8/site-packages/azure/storage/blob/_upload_helpers.py", line 94, in upload_block_blob
    return client.upload(
  File "/home/airflow/.local/lib/python3.8/site-packages/azure/storage/blob/_generated/operations/_block_blob_operations.py", line 228, in upload
    map_error(status_code=response.status_code, response=response, error_map=error_map)
  File "/home/airflow/.local/lib/python3.8/site-packages/azure/core/exceptions.py", line 105, in map_error
    raise error
azure.core.exceptions.ResourceExistsError: The specified blob already exists.
RequestId:7aa50c44-601e-00d6-0100-6caaf1000000
Time:2022-05-20T04:18:39.7762061Z
ErrorCode:BlobAlreadyExists
Error:None
Content: <?xml version="1.0" encoding="utf-8"?><Error><Code>BlobAlreadyExists</Code><Message>The specified blob already exists.
RequestId:7aa50c44-601e-00d6-0100-6caaf1000000
Time:2022-05-20T04:18:39.7762061Z</Message></Error>
[2022-05-20 04:18:38,252] {local_task_job.py:154} INFO - Task exited with return code 1
[2022-05-20 04:18:38,344] {local_task_job.py:264} INFO - 0 downstream tasks scheduled from follow-on schedule check
