[2022-05-18 23:24:24,915] {processor.py:163} INFO - Started process (PID=61) to work on /home/airflow/.local/lib/python3.8/site-packages/airflow/example_dags/example_task_group.py
[2022-05-18 23:24:24,915] {processor.py:642} INFO - Processing file /home/airflow/.local/lib/python3.8/site-packages/airflow/example_dags/example_task_group.py for tasks to queue
[2022-05-18 23:24:24,916] {logging_mixin.py:109} INFO - [2022-05-18 23:24:24,916] {dagbag.py:500} INFO - Filling up the DagBag from /home/airflow/.local/lib/python3.8/site-packages/airflow/example_dags/example_task_group.py
[2022-05-18 23:24:24,944] {processor.py:654} INFO - DAG(s) dict_keys(['example_task_group']) retrieved from /home/airflow/.local/lib/python3.8/site-packages/airflow/example_dags/example_task_group.py
[2022-05-18 23:24:24,956] {logging_mixin.py:109} INFO - [2022-05-18 23:24:24,956] {dag.py:2398} INFO - Sync 1 DAGs
[2022-05-18 23:24:24,972] {logging_mixin.py:109} INFO - [2022-05-18 23:24:24,972] {dag.py:2937} INFO - Setting next_dagrun for example_task_group to 2022-05-17T23:24:24.972020+00:00
[2022-05-18 23:24:24,983] {processor.py:171} INFO - Processing /home/airflow/.local/lib/python3.8/site-packages/airflow/example_dags/example_task_group.py took 0.070 seconds
[2022-05-18 23:24:56,827] {processor.py:163} INFO - Started process (PID=117) to work on /home/airflow/.local/lib/python3.8/site-packages/airflow/example_dags/example_task_group.py
[2022-05-18 23:24:56,996] {processor.py:642} INFO - Processing file /home/airflow/.local/lib/python3.8/site-packages/airflow/example_dags/example_task_group.py for tasks to queue
[2022-05-18 23:24:56,997] {logging_mixin.py:109} INFO - [2022-05-18 23:24:56,997] {dagbag.py:500} INFO - Filling up the DagBag from /home/airflow/.local/lib/python3.8/site-packages/airflow/example_dags/example_task_group.py
[2022-05-18 23:24:57,035] {processor.py:654} INFO - DAG(s) dict_keys(['example_task_group']) retrieved from /home/airflow/.local/lib/python3.8/site-packages/airflow/example_dags/example_task_group.py
[2022-05-18 23:24:57,049] {logging_mixin.py:109} INFO - [2022-05-18 23:24:57,049] {dag.py:2398} INFO - Sync 1 DAGs
[2022-05-18 23:24:57,067] {logging_mixin.py:109} INFO - [2022-05-18 23:24:57,066] {dag.py:2937} INFO - Setting next_dagrun for example_task_group to 2022-05-17T23:24:57.066771+00:00
[2022-05-18 23:24:57,763] {processor.py:171} INFO - Processing /home/airflow/.local/lib/python3.8/site-packages/airflow/example_dags/example_task_group.py took 0.939 seconds
[2022-05-18 23:25:28,831] {processor.py:163} INFO - Started process (PID=185) to work on /home/airflow/.local/lib/python3.8/site-packages/airflow/example_dags/example_task_group.py
[2022-05-18 23:25:28,833] {processor.py:642} INFO - Processing file /home/airflow/.local/lib/python3.8/site-packages/airflow/example_dags/example_task_group.py for tasks to queue
[2022-05-18 23:25:28,833] {logging_mixin.py:109} INFO - [2022-05-18 23:25:28,833] {dagbag.py:500} INFO - Filling up the DagBag from /home/airflow/.local/lib/python3.8/site-packages/airflow/example_dags/example_task_group.py
[2022-05-18 23:25:28,866] {processor.py:654} INFO - DAG(s) dict_keys(['example_task_group']) retrieved from /home/airflow/.local/lib/python3.8/site-packages/airflow/example_dags/example_task_group.py
[2022-05-18 23:25:28,875] {logging_mixin.py:109} INFO - [2022-05-18 23:25:28,875] {dag.py:2398} INFO - Sync 1 DAGs
[2022-05-18 23:25:28,888] {logging_mixin.py:109} INFO - [2022-05-18 23:25:28,888] {dag.py:2937} INFO - Setting next_dagrun for example_task_group to 2022-05-17T23:25:28.888207+00:00
[2022-05-18 23:25:28,898] {processor.py:171} INFO - Processing /home/airflow/.local/lib/python3.8/site-packages/airflow/example_dags/example_task_group.py took 0.070 seconds
[2022-05-18 23:25:59,413] {processor.py:163} INFO - Started process (PID=254) to work on /home/airflow/.local/lib/python3.8/site-packages/airflow/example_dags/example_task_group.py
[2022-05-18 23:25:59,419] {processor.py:642} INFO - Processing file /home/airflow/.local/lib/python3.8/site-packages/airflow/example_dags/example_task_group.py for tasks to queue
[2022-05-18 23:25:59,420] {logging_mixin.py:109} INFO - [2022-05-18 23:25:59,420] {dagbag.py:500} INFO - Filling up the DagBag from /home/airflow/.local/lib/python3.8/site-packages/airflow/example_dags/example_task_group.py
[2022-05-18 23:25:59,451] {processor.py:654} INFO - DAG(s) dict_keys(['example_task_group']) retrieved from /home/airflow/.local/lib/python3.8/site-packages/airflow/example_dags/example_task_group.py
[2022-05-18 23:25:59,460] {logging_mixin.py:109} INFO - [2022-05-18 23:25:59,459] {dag.py:2398} INFO - Sync 1 DAGs
[2022-05-18 23:25:59,471] {logging_mixin.py:109} INFO - [2022-05-18 23:25:59,471] {dag.py:2937} INFO - Setting next_dagrun for example_task_group to 2022-05-17T23:25:59.471540+00:00
[2022-05-18 23:25:59,481] {processor.py:171} INFO - Processing /home/airflow/.local/lib/python3.8/site-packages/airflow/example_dags/example_task_group.py took 0.071 seconds
[2022-05-18 23:26:30,270] {processor.py:163} INFO - Started process (PID=330) to work on /home/airflow/.local/lib/python3.8/site-packages/airflow/example_dags/example_task_group.py
[2022-05-18 23:26:30,271] {processor.py:642} INFO - Processing file /home/airflow/.local/lib/python3.8/site-packages/airflow/example_dags/example_task_group.py for tasks to queue
[2022-05-18 23:26:30,272] {logging_mixin.py:109} INFO - [2022-05-18 23:26:30,272] {dagbag.py:500} INFO - Filling up the DagBag from /home/airflow/.local/lib/python3.8/site-packages/airflow/example_dags/example_task_group.py
[2022-05-18 23:26:30,301] {processor.py:654} INFO - DAG(s) dict_keys(['example_task_group']) retrieved from /home/airflow/.local/lib/python3.8/site-packages/airflow/example_dags/example_task_group.py
[2022-05-18 23:26:30,311] {logging_mixin.py:109} INFO - [2022-05-18 23:26:30,311] {dag.py:2398} INFO - Sync 1 DAGs
[2022-05-18 23:26:30,323] {logging_mixin.py:109} INFO - [2022-05-18 23:26:30,323] {dag.py:2937} INFO - Setting next_dagrun for example_task_group to 2022-05-17T23:26:30.322919+00:00
[2022-05-18 23:26:30,333] {processor.py:171} INFO - Processing /home/airflow/.local/lib/python3.8/site-packages/airflow/example_dags/example_task_group.py took 0.065 seconds
[2022-05-18 23:27:00,638] {processor.py:163} INFO - Started process (PID=398) to work on /home/airflow/.local/lib/python3.8/site-packages/airflow/example_dags/example_task_group.py
[2022-05-18 23:27:00,639] {processor.py:642} INFO - Processing file /home/airflow/.local/lib/python3.8/site-packages/airflow/example_dags/example_task_group.py for tasks to queue
[2022-05-18 23:27:00,639] {logging_mixin.py:109} INFO - [2022-05-18 23:27:00,639] {dagbag.py:500} INFO - Filling up the DagBag from /home/airflow/.local/lib/python3.8/site-packages/airflow/example_dags/example_task_group.py
[2022-05-18 23:27:00,667] {processor.py:654} INFO - DAG(s) dict_keys(['example_task_group']) retrieved from /home/airflow/.local/lib/python3.8/site-packages/airflow/example_dags/example_task_group.py
[2022-05-18 23:27:00,679] {logging_mixin.py:109} INFO - [2022-05-18 23:27:00,679] {dag.py:2398} INFO - Sync 1 DAGs
[2022-05-18 23:27:00,693] {logging_mixin.py:109} INFO - [2022-05-18 23:27:00,693] {dag.py:2937} INFO - Setting next_dagrun for example_task_group to 2022-05-17T23:27:00.693677+00:00
[2022-05-18 23:27:00,707] {processor.py:171} INFO - Processing /home/airflow/.local/lib/python3.8/site-packages/airflow/example_dags/example_task_group.py took 0.071 seconds
[2022-05-18 23:27:30,874] {processor.py:163} INFO - Started process (PID=473) to work on /home/airflow/.local/lib/python3.8/site-packages/airflow/example_dags/example_task_group.py
[2022-05-18 23:27:30,875] {processor.py:642} INFO - Processing file /home/airflow/.local/lib/python3.8/site-packages/airflow/example_dags/example_task_group.py for tasks to queue
[2022-05-18 23:27:30,876] {logging_mixin.py:109} INFO - [2022-05-18 23:27:30,876] {dagbag.py:500} INFO - Filling up the DagBag from /home/airflow/.local/lib/python3.8/site-packages/airflow/example_dags/example_task_group.py
[2022-05-18 23:27:30,904] {processor.py:654} INFO - DAG(s) dict_keys(['example_task_group']) retrieved from /home/airflow/.local/lib/python3.8/site-packages/airflow/example_dags/example_task_group.py
[2022-05-18 23:27:30,913] {logging_mixin.py:109} INFO - [2022-05-18 23:27:30,913] {dag.py:2398} INFO - Sync 1 DAGs
[2022-05-18 23:27:30,927] {logging_mixin.py:109} INFO - [2022-05-18 23:27:30,926] {dag.py:2937} INFO - Setting next_dagrun for example_task_group to 2022-05-17T23:27:30.926787+00:00
[2022-05-18 23:27:30,936] {processor.py:171} INFO - Processing /home/airflow/.local/lib/python3.8/site-packages/airflow/example_dags/example_task_group.py took 0.064 seconds
[2022-05-18 23:28:01,393] {processor.py:163} INFO - Started process (PID=541) to work on /home/airflow/.local/lib/python3.8/site-packages/airflow/example_dags/example_task_group.py
[2022-05-18 23:28:01,394] {processor.py:642} INFO - Processing file /home/airflow/.local/lib/python3.8/site-packages/airflow/example_dags/example_task_group.py for tasks to queue
[2022-05-18 23:28:01,395] {logging_mixin.py:109} INFO - [2022-05-18 23:28:01,395] {dagbag.py:500} INFO - Filling up the DagBag from /home/airflow/.local/lib/python3.8/site-packages/airflow/example_dags/example_task_group.py
[2022-05-18 23:28:01,427] {processor.py:654} INFO - DAG(s) dict_keys(['example_task_group']) retrieved from /home/airflow/.local/lib/python3.8/site-packages/airflow/example_dags/example_task_group.py
[2022-05-18 23:28:01,436] {logging_mixin.py:109} INFO - [2022-05-18 23:28:01,436] {dag.py:2398} INFO - Sync 1 DAGs
[2022-05-18 23:28:01,450] {logging_mixin.py:109} INFO - [2022-05-18 23:28:01,450] {dag.py:2937} INFO - Setting next_dagrun for example_task_group to 2022-05-17T23:28:01.449998+00:00
[2022-05-18 23:28:01,459] {processor.py:171} INFO - Processing /home/airflow/.local/lib/python3.8/site-packages/airflow/example_dags/example_task_group.py took 0.067 seconds
[2022-05-18 23:28:32,678] {processor.py:163} INFO - Started process (PID=615) to work on /home/airflow/.local/lib/python3.8/site-packages/airflow/example_dags/example_task_group.py
[2022-05-18 23:28:32,679] {processor.py:642} INFO - Processing file /home/airflow/.local/lib/python3.8/site-packages/airflow/example_dags/example_task_group.py for tasks to queue
[2022-05-18 23:28:32,679] {logging_mixin.py:109} INFO - [2022-05-18 23:28:32,679] {dagbag.py:500} INFO - Filling up the DagBag from /home/airflow/.local/lib/python3.8/site-packages/airflow/example_dags/example_task_group.py
[2022-05-18 23:28:32,705] {processor.py:654} INFO - DAG(s) dict_keys(['example_task_group']) retrieved from /home/airflow/.local/lib/python3.8/site-packages/airflow/example_dags/example_task_group.py
[2022-05-18 23:28:32,714] {logging_mixin.py:109} INFO - [2022-05-18 23:28:32,714] {dag.py:2398} INFO - Sync 1 DAGs
[2022-05-18 23:28:32,730] {logging_mixin.py:109} INFO - [2022-05-18 23:28:32,730] {dag.py:2937} INFO - Setting next_dagrun for example_task_group to 2022-05-17T23:28:32.730131+00:00
[2022-05-18 23:28:32,741] {processor.py:171} INFO - Processing /home/airflow/.local/lib/python3.8/site-packages/airflow/example_dags/example_task_group.py took 0.065 seconds
[2022-05-18 23:29:03,899] {processor.py:163} INFO - Started process (PID=684) to work on /home/airflow/.local/lib/python3.8/site-packages/airflow/example_dags/example_task_group.py
[2022-05-18 23:29:03,901] {processor.py:642} INFO - Processing file /home/airflow/.local/lib/python3.8/site-packages/airflow/example_dags/example_task_group.py for tasks to queue
[2022-05-18 23:29:03,901] {logging_mixin.py:109} INFO - [2022-05-18 23:29:03,901] {dagbag.py:500} INFO - Filling up the DagBag from /home/airflow/.local/lib/python3.8/site-packages/airflow/example_dags/example_task_group.py
[2022-05-18 23:29:03,928] {processor.py:654} INFO - DAG(s) dict_keys(['example_task_group']) retrieved from /home/airflow/.local/lib/python3.8/site-packages/airflow/example_dags/example_task_group.py
[2022-05-18 23:29:03,938] {logging_mixin.py:109} INFO - [2022-05-18 23:29:03,938] {dag.py:2398} INFO - Sync 1 DAGs
[2022-05-18 23:29:03,952] {logging_mixin.py:109} INFO - [2022-05-18 23:29:03,952] {dag.py:2937} INFO - Setting next_dagrun for example_task_group to 2022-05-17T23:29:03.952288+00:00
[2022-05-18 23:29:03,961] {processor.py:171} INFO - Processing /home/airflow/.local/lib/python3.8/site-packages/airflow/example_dags/example_task_group.py took 0.063 seconds
[2022-05-18 23:29:35,044] {processor.py:163} INFO - Started process (PID=751) to work on /home/airflow/.local/lib/python3.8/site-packages/airflow/example_dags/example_task_group.py
[2022-05-18 23:29:35,045] {processor.py:642} INFO - Processing file /home/airflow/.local/lib/python3.8/site-packages/airflow/example_dags/example_task_group.py for tasks to queue
[2022-05-18 23:29:35,045] {logging_mixin.py:109} INFO - [2022-05-18 23:29:35,045] {dagbag.py:500} INFO - Filling up the DagBag from /home/airflow/.local/lib/python3.8/site-packages/airflow/example_dags/example_task_group.py
[2022-05-18 23:29:35,070] {processor.py:654} INFO - DAG(s) dict_keys(['example_task_group']) retrieved from /home/airflow/.local/lib/python3.8/site-packages/airflow/example_dags/example_task_group.py
[2022-05-18 23:29:35,079] {logging_mixin.py:109} INFO - [2022-05-18 23:29:35,079] {dag.py:2398} INFO - Sync 1 DAGs
[2022-05-18 23:29:35,091] {logging_mixin.py:109} INFO - [2022-05-18 23:29:35,091] {dag.py:2937} INFO - Setting next_dagrun for example_task_group to 2022-05-17T23:29:35.091313+00:00
[2022-05-18 23:29:35,103] {processor.py:171} INFO - Processing /home/airflow/.local/lib/python3.8/site-packages/airflow/example_dags/example_task_group.py took 0.060 seconds
[2022-05-18 23:30:06,231] {processor.py:163} INFO - Started process (PID=827) to work on /home/airflow/.local/lib/python3.8/site-packages/airflow/example_dags/example_task_group.py
[2022-05-18 23:30:06,232] {processor.py:642} INFO - Processing file /home/airflow/.local/lib/python3.8/site-packages/airflow/example_dags/example_task_group.py for tasks to queue
[2022-05-18 23:30:06,233] {logging_mixin.py:109} INFO - [2022-05-18 23:30:06,233] {dagbag.py:500} INFO - Filling up the DagBag from /home/airflow/.local/lib/python3.8/site-packages/airflow/example_dags/example_task_group.py
[2022-05-18 23:30:06,277] {processor.py:654} INFO - DAG(s) dict_keys(['example_task_group']) retrieved from /home/airflow/.local/lib/python3.8/site-packages/airflow/example_dags/example_task_group.py
[2022-05-18 23:30:06,288] {logging_mixin.py:109} INFO - [2022-05-18 23:30:06,288] {dag.py:2398} INFO - Sync 1 DAGs
[2022-05-18 23:30:06,306] {logging_mixin.py:109} INFO - [2022-05-18 23:30:06,306] {dag.py:2937} INFO - Setting next_dagrun for example_task_group to 2022-05-17T23:30:06.306011+00:00
[2022-05-18 23:30:06,317] {processor.py:171} INFO - Processing /home/airflow/.local/lib/python3.8/site-packages/airflow/example_dags/example_task_group.py took 0.090 seconds
[2022-05-18 23:30:36,629] {processor.py:163} INFO - Started process (PID=895) to work on /home/airflow/.local/lib/python3.8/site-packages/airflow/example_dags/example_task_group.py
[2022-05-18 23:30:36,630] {processor.py:642} INFO - Processing file /home/airflow/.local/lib/python3.8/site-packages/airflow/example_dags/example_task_group.py for tasks to queue
[2022-05-18 23:30:36,631] {logging_mixin.py:109} INFO - [2022-05-18 23:30:36,630] {dagbag.py:500} INFO - Filling up the DagBag from /home/airflow/.local/lib/python3.8/site-packages/airflow/example_dags/example_task_group.py
[2022-05-18 23:30:36,662] {processor.py:654} INFO - DAG(s) dict_keys(['example_task_group']) retrieved from /home/airflow/.local/lib/python3.8/site-packages/airflow/example_dags/example_task_group.py
[2022-05-18 23:30:36,673] {logging_mixin.py:109} INFO - [2022-05-18 23:30:36,673] {dag.py:2398} INFO - Sync 1 DAGs
[2022-05-18 23:30:36,691] {logging_mixin.py:109} INFO - [2022-05-18 23:30:36,691] {dag.py:2937} INFO - Setting next_dagrun for example_task_group to 2022-05-17T23:30:36.690661+00:00
[2022-05-18 23:30:36,703] {processor.py:171} INFO - Processing /home/airflow/.local/lib/python3.8/site-packages/airflow/example_dags/example_task_group.py took 0.077 seconds
[2022-05-18 23:31:07,017] {processor.py:163} INFO - Started process (PID=989) to work on /home/airflow/.local/lib/python3.8/site-packages/airflow/example_dags/example_task_group.py
[2022-05-18 23:31:07,019] {processor.py:642} INFO - Processing file /home/airflow/.local/lib/python3.8/site-packages/airflow/example_dags/example_task_group.py for tasks to queue
[2022-05-18 23:31:07,019] {logging_mixin.py:109} INFO - [2022-05-18 23:31:07,019] {dagbag.py:500} INFO - Filling up the DagBag from /home/airflow/.local/lib/python3.8/site-packages/airflow/example_dags/example_task_group.py
[2022-05-18 23:31:07,050] {processor.py:654} INFO - DAG(s) dict_keys(['example_task_group']) retrieved from /home/airflow/.local/lib/python3.8/site-packages/airflow/example_dags/example_task_group.py
[2022-05-18 23:31:07,060] {logging_mixin.py:109} INFO - [2022-05-18 23:31:07,060] {dag.py:2398} INFO - Sync 1 DAGs
[2022-05-18 23:31:07,075] {logging_mixin.py:109} INFO - [2022-05-18 23:31:07,075] {dag.py:2937} INFO - Setting next_dagrun for example_task_group to 2022-05-17T23:31:07.075425+00:00
[2022-05-18 23:31:07,086] {processor.py:171} INFO - Processing /home/airflow/.local/lib/python3.8/site-packages/airflow/example_dags/example_task_group.py took 0.071 seconds
[2022-05-18 23:31:37,162] {processor.py:163} INFO - Started process (PID=1073) to work on /home/airflow/.local/lib/python3.8/site-packages/airflow/example_dags/example_task_group.py
[2022-05-18 23:31:37,163] {processor.py:642} INFO - Processing file /home/airflow/.local/lib/python3.8/site-packages/airflow/example_dags/example_task_group.py for tasks to queue
[2022-05-18 23:31:37,164] {logging_mixin.py:109} INFO - [2022-05-18 23:31:37,164] {dagbag.py:500} INFO - Filling up the DagBag from /home/airflow/.local/lib/python3.8/site-packages/airflow/example_dags/example_task_group.py
[2022-05-18 23:31:37,190] {processor.py:654} INFO - DAG(s) dict_keys(['example_task_group']) retrieved from /home/airflow/.local/lib/python3.8/site-packages/airflow/example_dags/example_task_group.py
[2022-05-18 23:31:37,200] {logging_mixin.py:109} INFO - [2022-05-18 23:31:37,200] {dag.py:2398} INFO - Sync 1 DAGs
[2022-05-18 23:31:37,212] {logging_mixin.py:109} INFO - [2022-05-18 23:31:37,212] {dag.py:2937} INFO - Setting next_dagrun for example_task_group to 2022-05-17T23:31:37.212414+00:00
[2022-05-18 23:31:37,222] {processor.py:171} INFO - Processing /home/airflow/.local/lib/python3.8/site-packages/airflow/example_dags/example_task_group.py took 0.062 seconds
[2022-05-18 23:32:07,796] {processor.py:163} INFO - Started process (PID=1156) to work on /home/airflow/.local/lib/python3.8/site-packages/airflow/example_dags/example_task_group.py
[2022-05-18 23:32:07,797] {processor.py:642} INFO - Processing file /home/airflow/.local/lib/python3.8/site-packages/airflow/example_dags/example_task_group.py for tasks to queue
[2022-05-18 23:32:07,797] {logging_mixin.py:109} INFO - [2022-05-18 23:32:07,797] {dagbag.py:500} INFO - Filling up the DagBag from /home/airflow/.local/lib/python3.8/site-packages/airflow/example_dags/example_task_group.py
[2022-05-18 23:32:07,829] {processor.py:654} INFO - DAG(s) dict_keys(['example_task_group']) retrieved from /home/airflow/.local/lib/python3.8/site-packages/airflow/example_dags/example_task_group.py
[2022-05-18 23:32:07,840] {logging_mixin.py:109} INFO - [2022-05-18 23:32:07,839] {dag.py:2398} INFO - Sync 1 DAGs
[2022-05-18 23:32:07,855] {logging_mixin.py:109} INFO - [2022-05-18 23:32:07,855] {dag.py:2937} INFO - Setting next_dagrun for example_task_group to 2022-05-17T23:32:07.854679+00:00
[2022-05-18 23:32:07,866] {processor.py:171} INFO - Processing /home/airflow/.local/lib/python3.8/site-packages/airflow/example_dags/example_task_group.py took 0.072 seconds
[2022-05-18 23:32:38,116] {processor.py:163} INFO - Started process (PID=1250) to work on /home/airflow/.local/lib/python3.8/site-packages/airflow/example_dags/example_task_group.py
[2022-05-18 23:32:38,118] {processor.py:642} INFO - Processing file /home/airflow/.local/lib/python3.8/site-packages/airflow/example_dags/example_task_group.py for tasks to queue
[2022-05-18 23:32:38,118] {logging_mixin.py:109} INFO - [2022-05-18 23:32:38,118] {dagbag.py:500} INFO - Filling up the DagBag from /home/airflow/.local/lib/python3.8/site-packages/airflow/example_dags/example_task_group.py
[2022-05-18 23:32:38,154] {processor.py:654} INFO - DAG(s) dict_keys(['example_task_group']) retrieved from /home/airflow/.local/lib/python3.8/site-packages/airflow/example_dags/example_task_group.py
[2022-05-18 23:32:38,164] {logging_mixin.py:109} INFO - [2022-05-18 23:32:38,164] {dag.py:2398} INFO - Sync 1 DAGs
[2022-05-18 23:32:38,179] {logging_mixin.py:109} INFO - [2022-05-18 23:32:38,179] {dag.py:2937} INFO - Setting next_dagrun for example_task_group to 2022-05-17T23:32:38.179492+00:00
[2022-05-18 23:32:38,189] {processor.py:171} INFO - Processing /home/airflow/.local/lib/python3.8/site-packages/airflow/example_dags/example_task_group.py took 0.074 seconds
[2022-05-18 23:33:08,300] {processor.py:163} INFO - Started process (PID=1335) to work on /home/airflow/.local/lib/python3.8/site-packages/airflow/example_dags/example_task_group.py
[2022-05-18 23:33:08,300] {processor.py:642} INFO - Processing file /home/airflow/.local/lib/python3.8/site-packages/airflow/example_dags/example_task_group.py for tasks to queue
[2022-05-18 23:33:08,301] {logging_mixin.py:109} INFO - [2022-05-18 23:33:08,301] {dagbag.py:500} INFO - Filling up the DagBag from /home/airflow/.local/lib/python3.8/site-packages/airflow/example_dags/example_task_group.py
[2022-05-18 23:33:08,328] {processor.py:654} INFO - DAG(s) dict_keys(['example_task_group']) retrieved from /home/airflow/.local/lib/python3.8/site-packages/airflow/example_dags/example_task_group.py
[2022-05-18 23:33:08,337] {logging_mixin.py:109} INFO - [2022-05-18 23:33:08,337] {dag.py:2398} INFO - Sync 1 DAGs
[2022-05-18 23:33:08,350] {logging_mixin.py:109} INFO - [2022-05-18 23:33:08,350] {dag.py:2937} INFO - Setting next_dagrun for example_task_group to 2022-05-17T23:33:08.350235+00:00
[2022-05-18 23:33:08,359] {processor.py:171} INFO - Processing /home/airflow/.local/lib/python3.8/site-packages/airflow/example_dags/example_task_group.py took 0.061 seconds
[2022-05-18 23:33:38,609] {processor.py:163} INFO - Started process (PID=1427) to work on /home/airflow/.local/lib/python3.8/site-packages/airflow/example_dags/example_task_group.py
[2022-05-18 23:33:38,617] {processor.py:642} INFO - Processing file /home/airflow/.local/lib/python3.8/site-packages/airflow/example_dags/example_task_group.py for tasks to queue
[2022-05-18 23:33:38,617] {logging_mixin.py:109} INFO - [2022-05-18 23:33:38,617] {dagbag.py:500} INFO - Filling up the DagBag from /home/airflow/.local/lib/python3.8/site-packages/airflow/example_dags/example_task_group.py
[2022-05-18 23:33:38,677] {processor.py:654} INFO - DAG(s) dict_keys(['example_task_group']) retrieved from /home/airflow/.local/lib/python3.8/site-packages/airflow/example_dags/example_task_group.py
[2022-05-18 23:33:38,695] {logging_mixin.py:109} INFO - [2022-05-18 23:33:38,694] {dag.py:2398} INFO - Sync 1 DAGs
[2022-05-18 23:33:38,718] {logging_mixin.py:109} INFO - [2022-05-18 23:33:38,718] {dag.py:2937} INFO - Setting next_dagrun for example_task_group to 2022-05-17T23:33:38.718219+00:00
[2022-05-18 23:33:38,733] {processor.py:171} INFO - Processing /home/airflow/.local/lib/python3.8/site-packages/airflow/example_dags/example_task_group.py took 0.127 seconds
[2022-05-18 23:34:08,957] {processor.py:163} INFO - Started process (PID=1511) to work on /home/airflow/.local/lib/python3.8/site-packages/airflow/example_dags/example_task_group.py
[2022-05-18 23:34:08,957] {processor.py:642} INFO - Processing file /home/airflow/.local/lib/python3.8/site-packages/airflow/example_dags/example_task_group.py for tasks to queue
[2022-05-18 23:34:08,958] {logging_mixin.py:109} INFO - [2022-05-18 23:34:08,958] {dagbag.py:500} INFO - Filling up the DagBag from /home/airflow/.local/lib/python3.8/site-packages/airflow/example_dags/example_task_group.py
[2022-05-18 23:34:08,983] {processor.py:654} INFO - DAG(s) dict_keys(['example_task_group']) retrieved from /home/airflow/.local/lib/python3.8/site-packages/airflow/example_dags/example_task_group.py
[2022-05-18 23:34:08,993] {logging_mixin.py:109} INFO - [2022-05-18 23:34:08,993] {dag.py:2398} INFO - Sync 1 DAGs
[2022-05-18 23:34:09,005] {logging_mixin.py:109} INFO - [2022-05-18 23:34:09,005] {dag.py:2937} INFO - Setting next_dagrun for example_task_group to 2022-05-17T23:34:09.005671+00:00
[2022-05-18 23:34:09,015] {processor.py:171} INFO - Processing /home/airflow/.local/lib/python3.8/site-packages/airflow/example_dags/example_task_group.py took 0.060 seconds
[2022-05-18 23:34:39,443] {processor.py:163} INFO - Started process (PID=1580) to work on /home/airflow/.local/lib/python3.8/site-packages/airflow/example_dags/example_task_group.py
[2022-05-18 23:34:39,448] {processor.py:642} INFO - Processing file /home/airflow/.local/lib/python3.8/site-packages/airflow/example_dags/example_task_group.py for tasks to queue
[2022-05-18 23:34:39,449] {logging_mixin.py:109} INFO - [2022-05-18 23:34:39,449] {dagbag.py:500} INFO - Filling up the DagBag from /home/airflow/.local/lib/python3.8/site-packages/airflow/example_dags/example_task_group.py
[2022-05-18 23:34:39,479] {processor.py:654} INFO - DAG(s) dict_keys(['example_task_group']) retrieved from /home/airflow/.local/lib/python3.8/site-packages/airflow/example_dags/example_task_group.py
[2022-05-18 23:34:39,530] {logging_mixin.py:109} INFO - [2022-05-18 23:34:39,529] {dag.py:2398} INFO - Sync 1 DAGs
[2022-05-18 23:34:39,590] {logging_mixin.py:109} INFO - [2022-05-18 23:34:39,590] {dag.py:2937} INFO - Setting next_dagrun for example_task_group to 2022-05-17T23:34:39.590215+00:00
[2022-05-18 23:34:39,601] {processor.py:171} INFO - Processing /home/airflow/.local/lib/python3.8/site-packages/airflow/example_dags/example_task_group.py took 0.160 seconds
[2022-05-18 23:35:09,799] {processor.py:163} INFO - Started process (PID=1672) to work on /home/airflow/.local/lib/python3.8/site-packages/airflow/example_dags/example_task_group.py
[2022-05-18 23:35:09,800] {processor.py:642} INFO - Processing file /home/airflow/.local/lib/python3.8/site-packages/airflow/example_dags/example_task_group.py for tasks to queue
[2022-05-18 23:35:09,801] {logging_mixin.py:109} INFO - [2022-05-18 23:35:09,800] {dagbag.py:500} INFO - Filling up the DagBag from /home/airflow/.local/lib/python3.8/site-packages/airflow/example_dags/example_task_group.py
[2022-05-18 23:35:09,827] {processor.py:654} INFO - DAG(s) dict_keys(['example_task_group']) retrieved from /home/airflow/.local/lib/python3.8/site-packages/airflow/example_dags/example_task_group.py
[2022-05-18 23:35:09,837] {logging_mixin.py:109} INFO - [2022-05-18 23:35:09,837] {dag.py:2398} INFO - Sync 1 DAGs
[2022-05-18 23:35:09,851] {logging_mixin.py:109} INFO - [2022-05-18 23:35:09,851] {dag.py:2937} INFO - Setting next_dagrun for example_task_group to 2022-05-17T23:35:09.850878+00:00
[2022-05-18 23:35:09,866] {processor.py:171} INFO - Processing /home/airflow/.local/lib/python3.8/site-packages/airflow/example_dags/example_task_group.py took 0.069 seconds
[2022-05-18 23:35:40,309] {processor.py:163} INFO - Started process (PID=1757) to work on /home/airflow/.local/lib/python3.8/site-packages/airflow/example_dags/example_task_group.py
[2022-05-18 23:35:40,310] {processor.py:642} INFO - Processing file /home/airflow/.local/lib/python3.8/site-packages/airflow/example_dags/example_task_group.py for tasks to queue
[2022-05-18 23:35:40,310] {logging_mixin.py:109} INFO - [2022-05-18 23:35:40,310] {dagbag.py:500} INFO - Filling up the DagBag from /home/airflow/.local/lib/python3.8/site-packages/airflow/example_dags/example_task_group.py
[2022-05-18 23:35:40,337] {processor.py:654} INFO - DAG(s) dict_keys(['example_task_group']) retrieved from /home/airflow/.local/lib/python3.8/site-packages/airflow/example_dags/example_task_group.py
[2022-05-18 23:35:40,346] {logging_mixin.py:109} INFO - [2022-05-18 23:35:40,346] {dag.py:2398} INFO - Sync 1 DAGs
[2022-05-18 23:35:40,359] {logging_mixin.py:109} INFO - [2022-05-18 23:35:40,359] {dag.py:2937} INFO - Setting next_dagrun for example_task_group to 2022-05-17T23:35:40.359304+00:00
[2022-05-18 23:35:40,370] {processor.py:171} INFO - Processing /home/airflow/.local/lib/python3.8/site-packages/airflow/example_dags/example_task_group.py took 0.063 seconds
[2022-05-18 23:36:10,636] {processor.py:163} INFO - Started process (PID=1849) to work on /home/airflow/.local/lib/python3.8/site-packages/airflow/example_dags/example_task_group.py
[2022-05-18 23:36:10,637] {processor.py:642} INFO - Processing file /home/airflow/.local/lib/python3.8/site-packages/airflow/example_dags/example_task_group.py for tasks to queue
[2022-05-18 23:36:10,638] {logging_mixin.py:109} INFO - [2022-05-18 23:36:10,638] {dagbag.py:500} INFO - Filling up the DagBag from /home/airflow/.local/lib/python3.8/site-packages/airflow/example_dags/example_task_group.py
[2022-05-18 23:36:10,672] {processor.py:654} INFO - DAG(s) dict_keys(['example_task_group']) retrieved from /home/airflow/.local/lib/python3.8/site-packages/airflow/example_dags/example_task_group.py
[2022-05-18 23:36:10,683] {logging_mixin.py:109} INFO - [2022-05-18 23:36:10,683] {dag.py:2398} INFO - Sync 1 DAGs
[2022-05-18 23:36:10,702] {logging_mixin.py:109} INFO - [2022-05-18 23:36:10,701] {dag.py:2937} INFO - Setting next_dagrun for example_task_group to 2022-05-17T23:36:10.701316+00:00
[2022-05-18 23:36:10,713] {processor.py:171} INFO - Processing /home/airflow/.local/lib/python3.8/site-packages/airflow/example_dags/example_task_group.py took 0.079 seconds
[2022-05-18 23:36:40,815] {processor.py:163} INFO - Started process (PID=1934) to work on /home/airflow/.local/lib/python3.8/site-packages/airflow/example_dags/example_task_group.py
[2022-05-18 23:36:40,816] {processor.py:642} INFO - Processing file /home/airflow/.local/lib/python3.8/site-packages/airflow/example_dags/example_task_group.py for tasks to queue
[2022-05-18 23:36:40,817] {logging_mixin.py:109} INFO - [2022-05-18 23:36:40,817] {dagbag.py:500} INFO - Filling up the DagBag from /home/airflow/.local/lib/python3.8/site-packages/airflow/example_dags/example_task_group.py
[2022-05-18 23:36:40,842] {processor.py:654} INFO - DAG(s) dict_keys(['example_task_group']) retrieved from /home/airflow/.local/lib/python3.8/site-packages/airflow/example_dags/example_task_group.py
[2022-05-18 23:36:40,854] {logging_mixin.py:109} INFO - [2022-05-18 23:36:40,853] {dag.py:2398} INFO - Sync 1 DAGs
[2022-05-18 23:36:40,868] {logging_mixin.py:109} INFO - [2022-05-18 23:36:40,867] {dag.py:2937} INFO - Setting next_dagrun for example_task_group to 2022-05-17T23:36:40.867733+00:00
[2022-05-18 23:36:40,876] {processor.py:171} INFO - Processing /home/airflow/.local/lib/python3.8/site-packages/airflow/example_dags/example_task_group.py took 0.063 seconds
[2022-05-18 23:37:11,443] {processor.py:163} INFO - Started process (PID=2001) to work on /home/airflow/.local/lib/python3.8/site-packages/airflow/example_dags/example_task_group.py
[2022-05-18 23:37:11,443] {processor.py:642} INFO - Processing file /home/airflow/.local/lib/python3.8/site-packages/airflow/example_dags/example_task_group.py for tasks to queue
[2022-05-18 23:37:11,444] {logging_mixin.py:109} INFO - [2022-05-18 23:37:11,444] {dagbag.py:500} INFO - Filling up the DagBag from /home/airflow/.local/lib/python3.8/site-packages/airflow/example_dags/example_task_group.py
[2022-05-18 23:37:11,468] {processor.py:654} INFO - DAG(s) dict_keys(['example_task_group']) retrieved from /home/airflow/.local/lib/python3.8/site-packages/airflow/example_dags/example_task_group.py
[2022-05-18 23:37:11,490] {logging_mixin.py:109} INFO - [2022-05-18 23:37:11,490] {dag.py:2398} INFO - Sync 1 DAGs
[2022-05-18 23:37:11,567] {logging_mixin.py:109} INFO - [2022-05-18 23:37:11,566] {dag.py:2937} INFO - Setting next_dagrun for example_task_group to 2022-05-17T23:37:11.566551+00:00
[2022-05-18 23:37:11,585] {processor.py:171} INFO - Processing /home/airflow/.local/lib/python3.8/site-packages/airflow/example_dags/example_task_group.py took 0.144 seconds
[2022-05-18 23:37:41,769] {processor.py:163} INFO - Started process (PID=2094) to work on /home/airflow/.local/lib/python3.8/site-packages/airflow/example_dags/example_task_group.py
[2022-05-18 23:37:41,771] {processor.py:642} INFO - Processing file /home/airflow/.local/lib/python3.8/site-packages/airflow/example_dags/example_task_group.py for tasks to queue
[2022-05-18 23:37:41,771] {logging_mixin.py:109} INFO - [2022-05-18 23:37:41,771] {dagbag.py:500} INFO - Filling up the DagBag from /home/airflow/.local/lib/python3.8/site-packages/airflow/example_dags/example_task_group.py
[2022-05-18 23:37:41,807] {processor.py:654} INFO - DAG(s) dict_keys(['example_task_group']) retrieved from /home/airflow/.local/lib/python3.8/site-packages/airflow/example_dags/example_task_group.py
[2022-05-18 23:37:41,818] {logging_mixin.py:109} INFO - [2022-05-18 23:37:41,818] {dag.py:2398} INFO - Sync 1 DAGs
[2022-05-18 23:37:41,836] {logging_mixin.py:109} INFO - [2022-05-18 23:37:41,836] {dag.py:2937} INFO - Setting next_dagrun for example_task_group to 2022-05-17T23:37:41.836123+00:00
[2022-05-18 23:37:41,848] {processor.py:171} INFO - Processing /home/airflow/.local/lib/python3.8/site-packages/airflow/example_dags/example_task_group.py took 0.081 seconds
[2022-05-18 23:38:12,531] {processor.py:163} INFO - Started process (PID=2178) to work on /home/airflow/.local/lib/python3.8/site-packages/airflow/example_dags/example_task_group.py
[2022-05-18 23:38:12,532] {processor.py:642} INFO - Processing file /home/airflow/.local/lib/python3.8/site-packages/airflow/example_dags/example_task_group.py for tasks to queue
[2022-05-18 23:38:12,533] {logging_mixin.py:109} INFO - [2022-05-18 23:38:12,532] {dagbag.py:500} INFO - Filling up the DagBag from /home/airflow/.local/lib/python3.8/site-packages/airflow/example_dags/example_task_group.py
[2022-05-18 23:38:12,557] {processor.py:654} INFO - DAG(s) dict_keys(['example_task_group']) retrieved from /home/airflow/.local/lib/python3.8/site-packages/airflow/example_dags/example_task_group.py
[2022-05-18 23:38:12,567] {logging_mixin.py:109} INFO - [2022-05-18 23:38:12,567] {dag.py:2398} INFO - Sync 1 DAGs
[2022-05-18 23:38:12,582] {logging_mixin.py:109} INFO - [2022-05-18 23:38:12,581] {dag.py:2937} INFO - Setting next_dagrun for example_task_group to 2022-05-17T23:38:12.581702+00:00
[2022-05-18 23:38:12,591] {processor.py:171} INFO - Processing /home/airflow/.local/lib/python3.8/site-packages/airflow/example_dags/example_task_group.py took 0.062 seconds
[2022-05-18 23:38:42,751] {processor.py:163} INFO - Started process (PID=2264) to work on /home/airflow/.local/lib/python3.8/site-packages/airflow/example_dags/example_task_group.py
[2022-05-18 23:38:42,755] {processor.py:642} INFO - Processing file /home/airflow/.local/lib/python3.8/site-packages/airflow/example_dags/example_task_group.py for tasks to queue
[2022-05-18 23:38:42,756] {logging_mixin.py:109} INFO - [2022-05-18 23:38:42,756] {dagbag.py:500} INFO - Filling up the DagBag from /home/airflow/.local/lib/python3.8/site-packages/airflow/example_dags/example_task_group.py
[2022-05-18 23:38:42,796] {processor.py:654} INFO - DAG(s) dict_keys(['example_task_group']) retrieved from /home/airflow/.local/lib/python3.8/site-packages/airflow/example_dags/example_task_group.py
[2022-05-18 23:38:42,810] {logging_mixin.py:109} INFO - [2022-05-18 23:38:42,810] {dag.py:2398} INFO - Sync 1 DAGs
[2022-05-18 23:38:42,829] {logging_mixin.py:109} INFO - [2022-05-18 23:38:42,828] {dag.py:2937} INFO - Setting next_dagrun for example_task_group to 2022-05-17T23:38:42.828487+00:00
[2022-05-18 23:38:42,856] {processor.py:171} INFO - Processing /home/airflow/.local/lib/python3.8/site-packages/airflow/example_dags/example_task_group.py took 0.108 seconds
[2022-05-18 23:39:12,999] {processor.py:163} INFO - Started process (PID=2357) to work on /home/airflow/.local/lib/python3.8/site-packages/airflow/example_dags/example_task_group.py
[2022-05-18 23:39:13,000] {processor.py:642} INFO - Processing file /home/airflow/.local/lib/python3.8/site-packages/airflow/example_dags/example_task_group.py for tasks to queue
[2022-05-18 23:39:13,001] {logging_mixin.py:109} INFO - [2022-05-18 23:39:13,000] {dagbag.py:500} INFO - Filling up the DagBag from /home/airflow/.local/lib/python3.8/site-packages/airflow/example_dags/example_task_group.py
[2022-05-18 23:39:13,027] {processor.py:654} INFO - DAG(s) dict_keys(['example_task_group']) retrieved from /home/airflow/.local/lib/python3.8/site-packages/airflow/example_dags/example_task_group.py
[2022-05-18 23:39:13,039] {logging_mixin.py:109} INFO - [2022-05-18 23:39:13,039] {dag.py:2398} INFO - Sync 1 DAGs
[2022-05-18 23:39:13,059] {logging_mixin.py:109} INFO - [2022-05-18 23:39:13,059] {dag.py:2937} INFO - Setting next_dagrun for example_task_group to 2022-05-17T23:39:13.058764+00:00
[2022-05-18 23:39:13,069] {processor.py:171} INFO - Processing /home/airflow/.local/lib/python3.8/site-packages/airflow/example_dags/example_task_group.py took 0.074 seconds
[2022-05-18 23:39:43,322] {processor.py:163} INFO - Started process (PID=2442) to work on /home/airflow/.local/lib/python3.8/site-packages/airflow/example_dags/example_task_group.py
[2022-05-18 23:39:43,329] {processor.py:642} INFO - Processing file /home/airflow/.local/lib/python3.8/site-packages/airflow/example_dags/example_task_group.py for tasks to queue
[2022-05-18 23:39:43,329] {logging_mixin.py:109} INFO - [2022-05-18 23:39:43,329] {dagbag.py:500} INFO - Filling up the DagBag from /home/airflow/.local/lib/python3.8/site-packages/airflow/example_dags/example_task_group.py
[2022-05-18 23:39:43,361] {processor.py:654} INFO - DAG(s) dict_keys(['example_task_group']) retrieved from /home/airflow/.local/lib/python3.8/site-packages/airflow/example_dags/example_task_group.py
[2022-05-18 23:39:43,374] {logging_mixin.py:109} INFO - [2022-05-18 23:39:43,374] {dag.py:2398} INFO - Sync 1 DAGs
[2022-05-18 23:39:43,393] {logging_mixin.py:109} INFO - [2022-05-18 23:39:43,393] {dag.py:2937} INFO - Setting next_dagrun for example_task_group to 2022-05-17T23:39:43.392886+00:00
[2022-05-18 23:39:43,407] {processor.py:171} INFO - Processing /home/airflow/.local/lib/python3.8/site-packages/airflow/example_dags/example_task_group.py took 0.087 seconds
[2022-05-18 23:40:13,687] {processor.py:163} INFO - Started process (PID=2534) to work on /home/airflow/.local/lib/python3.8/site-packages/airflow/example_dags/example_task_group.py
[2022-05-18 23:40:13,689] {processor.py:642} INFO - Processing file /home/airflow/.local/lib/python3.8/site-packages/airflow/example_dags/example_task_group.py for tasks to queue
[2022-05-18 23:40:13,689] {logging_mixin.py:109} INFO - [2022-05-18 23:40:13,689] {dagbag.py:500} INFO - Filling up the DagBag from /home/airflow/.local/lib/python3.8/site-packages/airflow/example_dags/example_task_group.py
[2022-05-18 23:40:13,724] {processor.py:654} INFO - DAG(s) dict_keys(['example_task_group']) retrieved from /home/airflow/.local/lib/python3.8/site-packages/airflow/example_dags/example_task_group.py
[2022-05-18 23:40:13,737] {logging_mixin.py:109} INFO - [2022-05-18 23:40:13,737] {dag.py:2398} INFO - Sync 1 DAGs
[2022-05-18 23:40:13,753] {logging_mixin.py:109} INFO - [2022-05-18 23:40:13,753] {dag.py:2937} INFO - Setting next_dagrun for example_task_group to 2022-05-17T23:40:13.753163+00:00
[2022-05-18 23:40:13,765] {processor.py:171} INFO - Processing /home/airflow/.local/lib/python3.8/site-packages/airflow/example_dags/example_task_group.py took 0.081 seconds
[2022-05-18 23:40:43,903] {processor.py:163} INFO - Started process (PID=2620) to work on /home/airflow/.local/lib/python3.8/site-packages/airflow/example_dags/example_task_group.py
[2022-05-18 23:40:43,910] {processor.py:642} INFO - Processing file /home/airflow/.local/lib/python3.8/site-packages/airflow/example_dags/example_task_group.py for tasks to queue
[2022-05-18 23:40:43,910] {logging_mixin.py:109} INFO - [2022-05-18 23:40:43,910] {dagbag.py:500} INFO - Filling up the DagBag from /home/airflow/.local/lib/python3.8/site-packages/airflow/example_dags/example_task_group.py
[2022-05-18 23:40:43,939] {processor.py:654} INFO - DAG(s) dict_keys(['example_task_group']) retrieved from /home/airflow/.local/lib/python3.8/site-packages/airflow/example_dags/example_task_group.py
[2022-05-18 23:40:43,950] {logging_mixin.py:109} INFO - [2022-05-18 23:40:43,950] {dag.py:2398} INFO - Sync 1 DAGs
[2022-05-18 23:40:43,963] {logging_mixin.py:109} INFO - [2022-05-18 23:40:43,963] {dag.py:2937} INFO - Setting next_dagrun for example_task_group to 2022-05-17T23:40:43.963258+00:00
[2022-05-18 23:40:43,977] {processor.py:171} INFO - Processing /home/airflow/.local/lib/python3.8/site-packages/airflow/example_dags/example_task_group.py took 0.076 seconds
[2022-05-18 23:41:14,266] {processor.py:163} INFO - Started process (PID=2705) to work on /home/airflow/.local/lib/python3.8/site-packages/airflow/example_dags/example_task_group.py
[2022-05-18 23:41:14,267] {processor.py:642} INFO - Processing file /home/airflow/.local/lib/python3.8/site-packages/airflow/example_dags/example_task_group.py for tasks to queue
[2022-05-18 23:41:14,268] {logging_mixin.py:109} INFO - [2022-05-18 23:41:14,267] {dagbag.py:500} INFO - Filling up the DagBag from /home/airflow/.local/lib/python3.8/site-packages/airflow/example_dags/example_task_group.py
[2022-05-18 23:41:14,298] {processor.py:654} INFO - DAG(s) dict_keys(['example_task_group']) retrieved from /home/airflow/.local/lib/python3.8/site-packages/airflow/example_dags/example_task_group.py
[2022-05-18 23:41:14,309] {logging_mixin.py:109} INFO - [2022-05-18 23:41:14,308] {dag.py:2398} INFO - Sync 1 DAGs
[2022-05-18 23:41:14,323] {logging_mixin.py:109} INFO - [2022-05-18 23:41:14,322] {dag.py:2937} INFO - Setting next_dagrun for example_task_group to 2022-05-17T23:41:14.322475+00:00
[2022-05-18 23:41:14,334] {processor.py:171} INFO - Processing /home/airflow/.local/lib/python3.8/site-packages/airflow/example_dags/example_task_group.py took 0.070 seconds
[2022-05-18 23:41:45,173] {processor.py:163} INFO - Started process (PID=2798) to work on /home/airflow/.local/lib/python3.8/site-packages/airflow/example_dags/example_task_group.py
[2022-05-18 23:41:45,180] {processor.py:642} INFO - Processing file /home/airflow/.local/lib/python3.8/site-packages/airflow/example_dags/example_task_group.py for tasks to queue
[2022-05-18 23:41:45,181] {logging_mixin.py:109} INFO - [2022-05-18 23:41:45,181] {dagbag.py:500} INFO - Filling up the DagBag from /home/airflow/.local/lib/python3.8/site-packages/airflow/example_dags/example_task_group.py
[2022-05-18 23:41:45,274] {processor.py:654} INFO - DAG(s) dict_keys(['example_task_group']) retrieved from /home/airflow/.local/lib/python3.8/site-packages/airflow/example_dags/example_task_group.py
[2022-05-18 23:41:45,294] {logging_mixin.py:109} INFO - [2022-05-18 23:41:45,294] {dag.py:2398} INFO - Sync 1 DAGs
[2022-05-18 23:41:45,316] {logging_mixin.py:109} INFO - [2022-05-18 23:41:45,316] {dag.py:2937} INFO - Setting next_dagrun for example_task_group to 2022-05-17T23:41:45.316194+00:00
[2022-05-18 23:41:45,338] {processor.py:171} INFO - Processing /home/airflow/.local/lib/python3.8/site-packages/airflow/example_dags/example_task_group.py took 0.168 seconds
[2022-05-18 23:42:15,874] {processor.py:163} INFO - Started process (PID=2883) to work on /home/airflow/.local/lib/python3.8/site-packages/airflow/example_dags/example_task_group.py
[2022-05-18 23:42:15,875] {processor.py:642} INFO - Processing file /home/airflow/.local/lib/python3.8/site-packages/airflow/example_dags/example_task_group.py for tasks to queue
[2022-05-18 23:42:15,876] {logging_mixin.py:109} INFO - [2022-05-18 23:42:15,876] {dagbag.py:500} INFO - Filling up the DagBag from /home/airflow/.local/lib/python3.8/site-packages/airflow/example_dags/example_task_group.py
[2022-05-18 23:42:15,915] {processor.py:654} INFO - DAG(s) dict_keys(['example_task_group']) retrieved from /home/airflow/.local/lib/python3.8/site-packages/airflow/example_dags/example_task_group.py
[2022-05-18 23:42:15,924] {logging_mixin.py:109} INFO - [2022-05-18 23:42:15,923] {dag.py:2398} INFO - Sync 1 DAGs
[2022-05-18 23:42:15,943] {logging_mixin.py:109} INFO - [2022-05-18 23:42:15,943] {dag.py:2937} INFO - Setting next_dagrun for example_task_group to 2022-05-17T23:42:15.942954+00:00
[2022-05-18 23:42:15,982] {processor.py:171} INFO - Processing /home/airflow/.local/lib/python3.8/site-packages/airflow/example_dags/example_task_group.py took 0.111 seconds
[2022-05-18 23:42:46,152] {processor.py:163} INFO - Started process (PID=2969) to work on /home/airflow/.local/lib/python3.8/site-packages/airflow/example_dags/example_task_group.py
[2022-05-18 23:42:46,159] {processor.py:642} INFO - Processing file /home/airflow/.local/lib/python3.8/site-packages/airflow/example_dags/example_task_group.py for tasks to queue
[2022-05-18 23:42:46,159] {logging_mixin.py:109} INFO - [2022-05-18 23:42:46,159] {dagbag.py:500} INFO - Filling up the DagBag from /home/airflow/.local/lib/python3.8/site-packages/airflow/example_dags/example_task_group.py
[2022-05-18 23:42:46,246] {processor.py:654} INFO - DAG(s) dict_keys(['example_task_group']) retrieved from /home/airflow/.local/lib/python3.8/site-packages/airflow/example_dags/example_task_group.py
[2022-05-18 23:42:46,268] {logging_mixin.py:109} INFO - [2022-05-18 23:42:46,267] {dag.py:2398} INFO - Sync 1 DAGs
[2022-05-18 23:42:46,303] {logging_mixin.py:109} INFO - [2022-05-18 23:42:46,303] {dag.py:2937} INFO - Setting next_dagrun for example_task_group to 2022-05-17T23:42:46.302966+00:00
[2022-05-18 23:42:46,322] {processor.py:171} INFO - Processing /home/airflow/.local/lib/python3.8/site-packages/airflow/example_dags/example_task_group.py took 0.174 seconds
[2022-05-18 23:43:16,557] {processor.py:163} INFO - Started process (PID=3062) to work on /home/airflow/.local/lib/python3.8/site-packages/airflow/example_dags/example_task_group.py
[2022-05-18 23:43:16,558] {processor.py:642} INFO - Processing file /home/airflow/.local/lib/python3.8/site-packages/airflow/example_dags/example_task_group.py for tasks to queue
[2022-05-18 23:43:16,558] {logging_mixin.py:109} INFO - [2022-05-18 23:43:16,558] {dagbag.py:500} INFO - Filling up the DagBag from /home/airflow/.local/lib/python3.8/site-packages/airflow/example_dags/example_task_group.py
[2022-05-18 23:43:16,598] {processor.py:654} INFO - DAG(s) dict_keys(['example_task_group']) retrieved from /home/airflow/.local/lib/python3.8/site-packages/airflow/example_dags/example_task_group.py
[2022-05-18 23:43:16,608] {logging_mixin.py:109} INFO - [2022-05-18 23:43:16,608] {dag.py:2398} INFO - Sync 1 DAGs
[2022-05-18 23:43:16,625] {logging_mixin.py:109} INFO - [2022-05-18 23:43:16,625] {dag.py:2937} INFO - Setting next_dagrun for example_task_group to 2022-05-17T23:43:16.624835+00:00
[2022-05-18 23:43:16,646] {processor.py:171} INFO - Processing /home/airflow/.local/lib/python3.8/site-packages/airflow/example_dags/example_task_group.py took 0.092 seconds
[2022-05-18 23:43:46,727] {processor.py:163} INFO - Started process (PID=3166) to work on /home/airflow/.local/lib/python3.8/site-packages/airflow/example_dags/example_task_group.py
[2022-05-18 23:43:46,733] {processor.py:642} INFO - Processing file /home/airflow/.local/lib/python3.8/site-packages/airflow/example_dags/example_task_group.py for tasks to queue
[2022-05-18 23:43:46,734] {logging_mixin.py:109} INFO - [2022-05-18 23:43:46,734] {dagbag.py:500} INFO - Filling up the DagBag from /home/airflow/.local/lib/python3.8/site-packages/airflow/example_dags/example_task_group.py
[2022-05-18 23:43:46,768] {processor.py:654} INFO - DAG(s) dict_keys(['example_task_group']) retrieved from /home/airflow/.local/lib/python3.8/site-packages/airflow/example_dags/example_task_group.py
[2022-05-18 23:43:46,777] {logging_mixin.py:109} INFO - [2022-05-18 23:43:46,777] {dag.py:2398} INFO - Sync 1 DAGs
[2022-05-18 23:43:46,791] {logging_mixin.py:109} INFO - [2022-05-18 23:43:46,791] {dag.py:2937} INFO - Setting next_dagrun for example_task_group to 2022-05-17T23:43:46.791133+00:00
[2022-05-18 23:43:46,801] {processor.py:171} INFO - Processing /home/airflow/.local/lib/python3.8/site-packages/airflow/example_dags/example_task_group.py took 0.076 seconds
[2022-05-18 23:44:17,619] {processor.py:163} INFO - Started process (PID=3269) to work on /home/airflow/.local/lib/python3.8/site-packages/airflow/example_dags/example_task_group.py
[2022-05-18 23:44:17,620] {processor.py:642} INFO - Processing file /home/airflow/.local/lib/python3.8/site-packages/airflow/example_dags/example_task_group.py for tasks to queue
[2022-05-18 23:44:17,622] {logging_mixin.py:109} INFO - [2022-05-18 23:44:17,621] {dagbag.py:500} INFO - Filling up the DagBag from /home/airflow/.local/lib/python3.8/site-packages/airflow/example_dags/example_task_group.py
[2022-05-18 23:44:17,677] {processor.py:654} INFO - DAG(s) dict_keys(['example_task_group']) retrieved from /home/airflow/.local/lib/python3.8/site-packages/airflow/example_dags/example_task_group.py
[2022-05-18 23:44:17,690] {logging_mixin.py:109} INFO - [2022-05-18 23:44:17,690] {dag.py:2398} INFO - Sync 1 DAGs
[2022-05-18 23:44:17,710] {logging_mixin.py:109} INFO - [2022-05-18 23:44:17,710] {dag.py:2937} INFO - Setting next_dagrun for example_task_group to 2022-05-17T23:44:17.710467+00:00
[2022-05-18 23:44:17,722] {processor.py:171} INFO - Processing /home/airflow/.local/lib/python3.8/site-packages/airflow/example_dags/example_task_group.py took 0.107 seconds
[2022-05-18 23:44:47,878] {processor.py:163} INFO - Started process (PID=3362) to work on /home/airflow/.local/lib/python3.8/site-packages/airflow/example_dags/example_task_group.py
[2022-05-18 23:44:47,880] {processor.py:642} INFO - Processing file /home/airflow/.local/lib/python3.8/site-packages/airflow/example_dags/example_task_group.py for tasks to queue
[2022-05-18 23:44:47,881] {logging_mixin.py:109} INFO - [2022-05-18 23:44:47,881] {dagbag.py:500} INFO - Filling up the DagBag from /home/airflow/.local/lib/python3.8/site-packages/airflow/example_dags/example_task_group.py
[2022-05-18 23:44:47,914] {processor.py:654} INFO - DAG(s) dict_keys(['example_task_group']) retrieved from /home/airflow/.local/lib/python3.8/site-packages/airflow/example_dags/example_task_group.py
[2022-05-18 23:44:47,935] {logging_mixin.py:109} INFO - [2022-05-18 23:44:47,935] {dag.py:2398} INFO - Sync 1 DAGs
[2022-05-18 23:44:47,963] {logging_mixin.py:109} INFO - [2022-05-18 23:44:47,963] {dag.py:2937} INFO - Setting next_dagrun for example_task_group to 2022-05-17T23:44:47.962952+00:00
[2022-05-18 23:44:47,976] {processor.py:171} INFO - Processing /home/airflow/.local/lib/python3.8/site-packages/airflow/example_dags/example_task_group.py took 0.100 seconds
[2022-05-18 23:45:18,028] {processor.py:163} INFO - Started process (PID=3447) to work on /home/airflow/.local/lib/python3.8/site-packages/airflow/example_dags/example_task_group.py
[2022-05-18 23:45:18,029] {processor.py:642} INFO - Processing file /home/airflow/.local/lib/python3.8/site-packages/airflow/example_dags/example_task_group.py for tasks to queue
[2022-05-18 23:45:18,030] {logging_mixin.py:109} INFO - [2022-05-18 23:45:18,030] {dagbag.py:500} INFO - Filling up the DagBag from /home/airflow/.local/lib/python3.8/site-packages/airflow/example_dags/example_task_group.py
[2022-05-18 23:45:18,069] {processor.py:654} INFO - DAG(s) dict_keys(['example_task_group']) retrieved from /home/airflow/.local/lib/python3.8/site-packages/airflow/example_dags/example_task_group.py
[2022-05-18 23:45:18,079] {logging_mixin.py:109} INFO - [2022-05-18 23:45:18,079] {dag.py:2398} INFO - Sync 1 DAGs
[2022-05-18 23:45:18,096] {logging_mixin.py:109} INFO - [2022-05-18 23:45:18,096] {dag.py:2937} INFO - Setting next_dagrun for example_task_group to 2022-05-17T23:45:18.096450+00:00
[2022-05-18 23:45:18,109] {processor.py:171} INFO - Processing /home/airflow/.local/lib/python3.8/site-packages/airflow/example_dags/example_task_group.py took 0.084 seconds
[2022-05-18 23:45:48,655] {processor.py:163} INFO - Started process (PID=3533) to work on /home/airflow/.local/lib/python3.8/site-packages/airflow/example_dags/example_task_group.py
[2022-05-18 23:45:48,656] {processor.py:642} INFO - Processing file /home/airflow/.local/lib/python3.8/site-packages/airflow/example_dags/example_task_group.py for tasks to queue
[2022-05-18 23:45:48,658] {logging_mixin.py:109} INFO - [2022-05-18 23:45:48,657] {dagbag.py:500} INFO - Filling up the DagBag from /home/airflow/.local/lib/python3.8/site-packages/airflow/example_dags/example_task_group.py
[2022-05-18 23:45:48,705] {processor.py:654} INFO - DAG(s) dict_keys(['example_task_group']) retrieved from /home/airflow/.local/lib/python3.8/site-packages/airflow/example_dags/example_task_group.py
[2022-05-18 23:45:48,724] {logging_mixin.py:109} INFO - [2022-05-18 23:45:48,724] {dag.py:2398} INFO - Sync 1 DAGs
[2022-05-18 23:45:48,759] {logging_mixin.py:109} INFO - [2022-05-18 23:45:48,759] {dag.py:2937} INFO - Setting next_dagrun for example_task_group to 2022-05-17T23:45:48.758923+00:00
[2022-05-18 23:45:48,779] {processor.py:171} INFO - Processing /home/airflow/.local/lib/python3.8/site-packages/airflow/example_dags/example_task_group.py took 0.127 seconds
[2022-05-18 23:46:18,914] {processor.py:163} INFO - Started process (PID=3662) to work on /home/airflow/.local/lib/python3.8/site-packages/airflow/example_dags/example_task_group.py
[2022-05-18 23:46:18,915] {processor.py:642} INFO - Processing file /home/airflow/.local/lib/python3.8/site-packages/airflow/example_dags/example_task_group.py for tasks to queue
[2022-05-18 23:46:18,916] {logging_mixin.py:109} INFO - [2022-05-18 23:46:18,916] {dagbag.py:500} INFO - Filling up the DagBag from /home/airflow/.local/lib/python3.8/site-packages/airflow/example_dags/example_task_group.py
[2022-05-18 23:46:18,953] {processor.py:654} INFO - DAG(s) dict_keys(['example_task_group']) retrieved from /home/airflow/.local/lib/python3.8/site-packages/airflow/example_dags/example_task_group.py
[2022-05-18 23:46:18,963] {logging_mixin.py:109} INFO - [2022-05-18 23:46:18,963] {dag.py:2398} INFO - Sync 1 DAGs
[2022-05-18 23:46:18,979] {logging_mixin.py:109} INFO - [2022-05-18 23:46:18,979] {dag.py:2937} INFO - Setting next_dagrun for example_task_group to 2022-05-17T23:46:18.979644+00:00
[2022-05-18 23:46:18,990] {processor.py:171} INFO - Processing /home/airflow/.local/lib/python3.8/site-packages/airflow/example_dags/example_task_group.py took 0.079 seconds
[2022-05-18 23:46:49,022] {processor.py:163} INFO - Started process (PID=3745) to work on /home/airflow/.local/lib/python3.8/site-packages/airflow/example_dags/example_task_group.py
[2022-05-18 23:46:49,023] {processor.py:642} INFO - Processing file /home/airflow/.local/lib/python3.8/site-packages/airflow/example_dags/example_task_group.py for tasks to queue
[2022-05-18 23:46:49,024] {logging_mixin.py:109} INFO - [2022-05-18 23:46:49,024] {dagbag.py:500} INFO - Filling up the DagBag from /home/airflow/.local/lib/python3.8/site-packages/airflow/example_dags/example_task_group.py
[2022-05-18 23:46:49,104] {processor.py:654} INFO - DAG(s) dict_keys(['example_task_group']) retrieved from /home/airflow/.local/lib/python3.8/site-packages/airflow/example_dags/example_task_group.py
[2022-05-18 23:46:49,129] {logging_mixin.py:109} INFO - [2022-05-18 23:46:49,129] {dag.py:2398} INFO - Sync 1 DAGs
[2022-05-18 23:46:49,151] {logging_mixin.py:109} INFO - [2022-05-18 23:46:49,151] {dag.py:2937} INFO - Setting next_dagrun for example_task_group to 2022-05-17T23:46:49.151410+00:00
[2022-05-18 23:46:49,162] {processor.py:171} INFO - Processing /home/airflow/.local/lib/python3.8/site-packages/airflow/example_dags/example_task_group.py took 0.143 seconds
[2022-05-18 23:47:19,628] {processor.py:163} INFO - Started process (PID=3830) to work on /home/airflow/.local/lib/python3.8/site-packages/airflow/example_dags/example_task_group.py
[2022-05-18 23:47:19,630] {processor.py:642} INFO - Processing file /home/airflow/.local/lib/python3.8/site-packages/airflow/example_dags/example_task_group.py for tasks to queue
[2022-05-18 23:47:19,630] {logging_mixin.py:109} INFO - [2022-05-18 23:47:19,630] {dagbag.py:500} INFO - Filling up the DagBag from /home/airflow/.local/lib/python3.8/site-packages/airflow/example_dags/example_task_group.py
[2022-05-18 23:47:19,685] {processor.py:654} INFO - DAG(s) dict_keys(['example_task_group']) retrieved from /home/airflow/.local/lib/python3.8/site-packages/airflow/example_dags/example_task_group.py
[2022-05-18 23:47:19,705] {logging_mixin.py:109} INFO - [2022-05-18 23:47:19,704] {dag.py:2398} INFO - Sync 1 DAGs
[2022-05-18 23:47:19,721] {logging_mixin.py:109} INFO - [2022-05-18 23:47:19,721] {dag.py:2937} INFO - Setting next_dagrun for example_task_group to 2022-05-17T23:47:19.721253+00:00
[2022-05-18 23:47:19,733] {processor.py:171} INFO - Processing /home/airflow/.local/lib/python3.8/site-packages/airflow/example_dags/example_task_group.py took 0.108 seconds
[2022-05-18 23:47:50,160] {processor.py:163} INFO - Started process (PID=3923) to work on /home/airflow/.local/lib/python3.8/site-packages/airflow/example_dags/example_task_group.py
[2022-05-18 23:47:50,161] {processor.py:642} INFO - Processing file /home/airflow/.local/lib/python3.8/site-packages/airflow/example_dags/example_task_group.py for tasks to queue
[2022-05-18 23:47:50,161] {logging_mixin.py:109} INFO - [2022-05-18 23:47:50,161] {dagbag.py:500} INFO - Filling up the DagBag from /home/airflow/.local/lib/python3.8/site-packages/airflow/example_dags/example_task_group.py
[2022-05-18 23:47:50,192] {processor.py:654} INFO - DAG(s) dict_keys(['example_task_group']) retrieved from /home/airflow/.local/lib/python3.8/site-packages/airflow/example_dags/example_task_group.py
[2022-05-18 23:47:50,204] {logging_mixin.py:109} INFO - [2022-05-18 23:47:50,204] {dag.py:2398} INFO - Sync 1 DAGs
[2022-05-18 23:47:50,223] {logging_mixin.py:109} INFO - [2022-05-18 23:47:50,223] {dag.py:2937} INFO - Setting next_dagrun for example_task_group to 2022-05-17T23:47:50.223352+00:00
[2022-05-18 23:47:50,235] {processor.py:171} INFO - Processing /home/airflow/.local/lib/python3.8/site-packages/airflow/example_dags/example_task_group.py took 0.077 seconds
[2022-05-18 23:48:20,762] {processor.py:163} INFO - Started process (PID=4026) to work on /home/airflow/.local/lib/python3.8/site-packages/airflow/example_dags/example_task_group.py
[2022-05-18 23:48:20,766] {processor.py:642} INFO - Processing file /home/airflow/.local/lib/python3.8/site-packages/airflow/example_dags/example_task_group.py for tasks to queue
[2022-05-18 23:48:20,767] {logging_mixin.py:109} INFO - [2022-05-18 23:48:20,766] {dagbag.py:500} INFO - Filling up the DagBag from /home/airflow/.local/lib/python3.8/site-packages/airflow/example_dags/example_task_group.py
[2022-05-18 23:48:20,796] {processor.py:654} INFO - DAG(s) dict_keys(['example_task_group']) retrieved from /home/airflow/.local/lib/python3.8/site-packages/airflow/example_dags/example_task_group.py
[2022-05-18 23:48:20,805] {logging_mixin.py:109} INFO - [2022-05-18 23:48:20,805] {dag.py:2398} INFO - Sync 1 DAGs
[2022-05-18 23:48:20,825] {logging_mixin.py:109} INFO - [2022-05-18 23:48:20,825] {dag.py:2937} INFO - Setting next_dagrun for example_task_group to 2022-05-17T23:48:20.824697+00:00
[2022-05-18 23:48:20,837] {processor.py:171} INFO - Processing /home/airflow/.local/lib/python3.8/site-packages/airflow/example_dags/example_task_group.py took 0.077 seconds
[2022-05-18 23:48:51,416] {processor.py:163} INFO - Started process (PID=4112) to work on /home/airflow/.local/lib/python3.8/site-packages/airflow/example_dags/example_task_group.py
[2022-05-18 23:48:51,417] {processor.py:642} INFO - Processing file /home/airflow/.local/lib/python3.8/site-packages/airflow/example_dags/example_task_group.py for tasks to queue
[2022-05-18 23:48:51,418] {logging_mixin.py:109} INFO - [2022-05-18 23:48:51,418] {dagbag.py:500} INFO - Filling up the DagBag from /home/airflow/.local/lib/python3.8/site-packages/airflow/example_dags/example_task_group.py
[2022-05-18 23:48:51,460] {processor.py:654} INFO - DAG(s) dict_keys(['example_task_group']) retrieved from /home/airflow/.local/lib/python3.8/site-packages/airflow/example_dags/example_task_group.py
[2022-05-18 23:48:51,476] {logging_mixin.py:109} INFO - [2022-05-18 23:48:51,476] {dag.py:2398} INFO - Sync 1 DAGs
[2022-05-18 23:48:51,496] {logging_mixin.py:109} INFO - [2022-05-18 23:48:51,496] {dag.py:2937} INFO - Setting next_dagrun for example_task_group to 2022-05-17T23:48:51.495782+00:00
[2022-05-18 23:48:51,511] {processor.py:171} INFO - Processing /home/airflow/.local/lib/python3.8/site-packages/airflow/example_dags/example_task_group.py took 0.098 seconds
[2022-05-18 23:49:22,508] {processor.py:163} INFO - Started process (PID=4204) to work on /home/airflow/.local/lib/python3.8/site-packages/airflow/example_dags/example_task_group.py
[2022-05-18 23:49:22,509] {processor.py:642} INFO - Processing file /home/airflow/.local/lib/python3.8/site-packages/airflow/example_dags/example_task_group.py for tasks to queue
[2022-05-18 23:49:22,510] {logging_mixin.py:109} INFO - [2022-05-18 23:49:22,510] {dagbag.py:500} INFO - Filling up the DagBag from /home/airflow/.local/lib/python3.8/site-packages/airflow/example_dags/example_task_group.py
[2022-05-18 23:49:22,547] {processor.py:654} INFO - DAG(s) dict_keys(['example_task_group']) retrieved from /home/airflow/.local/lib/python3.8/site-packages/airflow/example_dags/example_task_group.py
[2022-05-18 23:49:22,558] {logging_mixin.py:109} INFO - [2022-05-18 23:49:22,558] {dag.py:2398} INFO - Sync 1 DAGs
[2022-05-18 23:49:22,576] {logging_mixin.py:109} INFO - [2022-05-18 23:49:22,576] {dag.py:2937} INFO - Setting next_dagrun for example_task_group to 2022-05-17T23:49:22.576115+00:00
[2022-05-18 23:49:22,594] {processor.py:171} INFO - Processing /home/airflow/.local/lib/python3.8/site-packages/airflow/example_dags/example_task_group.py took 0.088 seconds
[2022-05-18 23:49:53,216] {processor.py:163} INFO - Started process (PID=4288) to work on /home/airflow/.local/lib/python3.8/site-packages/airflow/example_dags/example_task_group.py
[2022-05-18 23:49:53,216] {processor.py:642} INFO - Processing file /home/airflow/.local/lib/python3.8/site-packages/airflow/example_dags/example_task_group.py for tasks to queue
[2022-05-18 23:49:53,217] {logging_mixin.py:109} INFO - [2022-05-18 23:49:53,217] {dagbag.py:500} INFO - Filling up the DagBag from /home/airflow/.local/lib/python3.8/site-packages/airflow/example_dags/example_task_group.py
[2022-05-18 23:49:53,250] {processor.py:654} INFO - DAG(s) dict_keys(['example_task_group']) retrieved from /home/airflow/.local/lib/python3.8/site-packages/airflow/example_dags/example_task_group.py
[2022-05-18 23:49:53,260] {logging_mixin.py:109} INFO - [2022-05-18 23:49:53,260] {dag.py:2398} INFO - Sync 1 DAGs
[2022-05-18 23:49:53,274] {logging_mixin.py:109} INFO - [2022-05-18 23:49:53,274] {dag.py:2937} INFO - Setting next_dagrun for example_task_group to 2022-05-17T23:49:53.274031+00:00
[2022-05-18 23:49:53,284] {processor.py:171} INFO - Processing /home/airflow/.local/lib/python3.8/site-packages/airflow/example_dags/example_task_group.py took 0.071 seconds
[2022-05-18 23:50:23,973] {processor.py:163} INFO - Started process (PID=4391) to work on /home/airflow/.local/lib/python3.8/site-packages/airflow/example_dags/example_task_group.py
[2022-05-18 23:50:23,974] {processor.py:642} INFO - Processing file /home/airflow/.local/lib/python3.8/site-packages/airflow/example_dags/example_task_group.py for tasks to queue
[2022-05-18 23:50:23,974] {logging_mixin.py:109} INFO - [2022-05-18 23:50:23,974] {dagbag.py:500} INFO - Filling up the DagBag from /home/airflow/.local/lib/python3.8/site-packages/airflow/example_dags/example_task_group.py
[2022-05-18 23:50:24,010] {processor.py:654} INFO - DAG(s) dict_keys(['example_task_group']) retrieved from /home/airflow/.local/lib/python3.8/site-packages/airflow/example_dags/example_task_group.py
[2022-05-18 23:50:24,021] {logging_mixin.py:109} INFO - [2022-05-18 23:50:24,020] {dag.py:2398} INFO - Sync 1 DAGs
[2022-05-18 23:50:24,034] {logging_mixin.py:109} INFO - [2022-05-18 23:50:24,034] {dag.py:2937} INFO - Setting next_dagrun for example_task_group to 2022-05-17T23:50:24.034504+00:00
[2022-05-18 23:50:24,047] {processor.py:171} INFO - Processing /home/airflow/.local/lib/python3.8/site-packages/airflow/example_dags/example_task_group.py took 0.077 seconds
[2022-05-18 23:50:54,332] {processor.py:163} INFO - Started process (PID=4484) to work on /home/airflow/.local/lib/python3.8/site-packages/airflow/example_dags/example_task_group.py
[2022-05-18 23:50:54,333] {processor.py:642} INFO - Processing file /home/airflow/.local/lib/python3.8/site-packages/airflow/example_dags/example_task_group.py for tasks to queue
[2022-05-18 23:50:54,334] {logging_mixin.py:109} INFO - [2022-05-18 23:50:54,334] {dagbag.py:500} INFO - Filling up the DagBag from /home/airflow/.local/lib/python3.8/site-packages/airflow/example_dags/example_task_group.py
[2022-05-18 23:50:54,372] {processor.py:654} INFO - DAG(s) dict_keys(['example_task_group']) retrieved from /home/airflow/.local/lib/python3.8/site-packages/airflow/example_dags/example_task_group.py
[2022-05-18 23:50:54,383] {logging_mixin.py:109} INFO - [2022-05-18 23:50:54,383] {dag.py:2398} INFO - Sync 1 DAGs
[2022-05-18 23:50:54,400] {logging_mixin.py:109} INFO - [2022-05-18 23:50:54,400] {dag.py:2937} INFO - Setting next_dagrun for example_task_group to 2022-05-17T23:50:54.400585+00:00
[2022-05-18 23:50:54,411] {processor.py:171} INFO - Processing /home/airflow/.local/lib/python3.8/site-packages/airflow/example_dags/example_task_group.py took 0.081 seconds
[2022-05-18 23:51:24,609] {processor.py:163} INFO - Started process (PID=4569) to work on /home/airflow/.local/lib/python3.8/site-packages/airflow/example_dags/example_task_group.py
[2022-05-18 23:51:24,615] {processor.py:642} INFO - Processing file /home/airflow/.local/lib/python3.8/site-packages/airflow/example_dags/example_task_group.py for tasks to queue
[2022-05-18 23:51:24,616] {logging_mixin.py:109} INFO - [2022-05-18 23:51:24,616] {dagbag.py:500} INFO - Filling up the DagBag from /home/airflow/.local/lib/python3.8/site-packages/airflow/example_dags/example_task_group.py
[2022-05-18 23:51:24,664] {processor.py:654} INFO - DAG(s) dict_keys(['example_task_group']) retrieved from /home/airflow/.local/lib/python3.8/site-packages/airflow/example_dags/example_task_group.py
[2022-05-18 23:51:24,679] {logging_mixin.py:109} INFO - [2022-05-18 23:51:24,679] {dag.py:2398} INFO - Sync 1 DAGs
[2022-05-18 23:51:24,694] {logging_mixin.py:109} INFO - [2022-05-18 23:51:24,694] {dag.py:2937} INFO - Setting next_dagrun for example_task_group to 2022-05-17T23:51:24.694258+00:00
[2022-05-18 23:51:24,709] {processor.py:171} INFO - Processing /home/airflow/.local/lib/python3.8/site-packages/airflow/example_dags/example_task_group.py took 0.102 seconds
[2022-05-18 23:51:54,812] {processor.py:163} INFO - Started process (PID=4655) to work on /home/airflow/.local/lib/python3.8/site-packages/airflow/example_dags/example_task_group.py
[2022-05-18 23:51:54,812] {processor.py:642} INFO - Processing file /home/airflow/.local/lib/python3.8/site-packages/airflow/example_dags/example_task_group.py for tasks to queue
[2022-05-18 23:51:54,813] {logging_mixin.py:109} INFO - [2022-05-18 23:51:54,813] {dagbag.py:500} INFO - Filling up the DagBag from /home/airflow/.local/lib/python3.8/site-packages/airflow/example_dags/example_task_group.py
[2022-05-18 23:51:54,851] {processor.py:654} INFO - DAG(s) dict_keys(['example_task_group']) retrieved from /home/airflow/.local/lib/python3.8/site-packages/airflow/example_dags/example_task_group.py
[2022-05-18 23:51:54,866] {logging_mixin.py:109} INFO - [2022-05-18 23:51:54,865] {dag.py:2398} INFO - Sync 1 DAGs
[2022-05-18 23:51:54,884] {logging_mixin.py:109} INFO - [2022-05-18 23:51:54,884] {dag.py:2937} INFO - Setting next_dagrun for example_task_group to 2022-05-17T23:51:54.883823+00:00
[2022-05-18 23:51:54,896] {processor.py:171} INFO - Processing /home/airflow/.local/lib/python3.8/site-packages/airflow/example_dags/example_task_group.py took 0.087 seconds
[2022-05-18 23:52:25,130] {processor.py:163} INFO - Started process (PID=4748) to work on /home/airflow/.local/lib/python3.8/site-packages/airflow/example_dags/example_task_group.py
[2022-05-18 23:52:25,131] {processor.py:642} INFO - Processing file /home/airflow/.local/lib/python3.8/site-packages/airflow/example_dags/example_task_group.py for tasks to queue
[2022-05-18 23:52:25,132] {logging_mixin.py:109} INFO - [2022-05-18 23:52:25,131] {dagbag.py:500} INFO - Filling up the DagBag from /home/airflow/.local/lib/python3.8/site-packages/airflow/example_dags/example_task_group.py
[2022-05-18 23:52:25,162] {processor.py:654} INFO - DAG(s) dict_keys(['example_task_group']) retrieved from /home/airflow/.local/lib/python3.8/site-packages/airflow/example_dags/example_task_group.py
[2022-05-18 23:52:25,170] {logging_mixin.py:109} INFO - [2022-05-18 23:52:25,170] {dag.py:2398} INFO - Sync 1 DAGs
[2022-05-18 23:52:25,185] {logging_mixin.py:109} INFO - [2022-05-18 23:52:25,185] {dag.py:2937} INFO - Setting next_dagrun for example_task_group to 2022-05-17T23:52:25.184849+00:00
[2022-05-18 23:52:25,196] {processor.py:171} INFO - Processing /home/airflow/.local/lib/python3.8/site-packages/airflow/example_dags/example_task_group.py took 0.069 seconds
[2022-05-18 23:52:56,800] {processor.py:163} INFO - Started process (PID=4834) to work on /home/airflow/.local/lib/python3.8/site-packages/airflow/example_dags/example_task_group.py
[2022-05-18 23:52:56,800] {processor.py:642} INFO - Processing file /home/airflow/.local/lib/python3.8/site-packages/airflow/example_dags/example_task_group.py for tasks to queue
[2022-05-18 23:52:56,801] {logging_mixin.py:109} INFO - [2022-05-18 23:52:56,801] {dagbag.py:500} INFO - Filling up the DagBag from /home/airflow/.local/lib/python3.8/site-packages/airflow/example_dags/example_task_group.py
[2022-05-18 23:52:56,836] {processor.py:654} INFO - DAG(s) dict_keys(['example_task_group']) retrieved from /home/airflow/.local/lib/python3.8/site-packages/airflow/example_dags/example_task_group.py
[2022-05-18 23:52:56,847] {logging_mixin.py:109} INFO - [2022-05-18 23:52:56,846] {dag.py:2398} INFO - Sync 1 DAGs
[2022-05-18 23:52:56,860] {logging_mixin.py:109} INFO - [2022-05-18 23:52:56,860] {dag.py:2937} INFO - Setting next_dagrun for example_task_group to 2022-05-17T23:52:56.860343+00:00
[2022-05-18 23:52:56,872] {processor.py:171} INFO - Processing /home/airflow/.local/lib/python3.8/site-packages/airflow/example_dags/example_task_group.py took 0.075 seconds
[2022-05-18 23:53:28,971] {processor.py:163} INFO - Started process (PID=4927) to work on /home/airflow/.local/lib/python3.8/site-packages/airflow/example_dags/example_task_group.py
[2022-05-18 23:53:28,972] {processor.py:642} INFO - Processing file /home/airflow/.local/lib/python3.8/site-packages/airflow/example_dags/example_task_group.py for tasks to queue
[2022-05-18 23:53:28,972] {logging_mixin.py:109} INFO - [2022-05-18 23:53:28,972] {dagbag.py:500} INFO - Filling up the DagBag from /home/airflow/.local/lib/python3.8/site-packages/airflow/example_dags/example_task_group.py
[2022-05-18 23:53:29,001] {processor.py:654} INFO - DAG(s) dict_keys(['example_task_group']) retrieved from /home/airflow/.local/lib/python3.8/site-packages/airflow/example_dags/example_task_group.py
[2022-05-18 23:53:29,012] {logging_mixin.py:109} INFO - [2022-05-18 23:53:29,012] {dag.py:2398} INFO - Sync 1 DAGs
[2022-05-18 23:53:29,031] {logging_mixin.py:109} INFO - [2022-05-18 23:53:29,031] {dag.py:2937} INFO - Setting next_dagrun for example_task_group to 2022-05-17T23:53:29.031026+00:00
[2022-05-18 23:53:29,043] {processor.py:171} INFO - Processing /home/airflow/.local/lib/python3.8/site-packages/airflow/example_dags/example_task_group.py took 0.076 seconds
[2022-05-18 23:54:00,534] {processor.py:163} INFO - Started process (PID=5013) to work on /home/airflow/.local/lib/python3.8/site-packages/airflow/example_dags/example_task_group.py
[2022-05-18 23:54:00,535] {processor.py:642} INFO - Processing file /home/airflow/.local/lib/python3.8/site-packages/airflow/example_dags/example_task_group.py for tasks to queue
[2022-05-18 23:54:00,535] {logging_mixin.py:109} INFO - [2022-05-18 23:54:00,535] {dagbag.py:500} INFO - Filling up the DagBag from /home/airflow/.local/lib/python3.8/site-packages/airflow/example_dags/example_task_group.py
[2022-05-18 23:54:00,565] {processor.py:654} INFO - DAG(s) dict_keys(['example_task_group']) retrieved from /home/airflow/.local/lib/python3.8/site-packages/airflow/example_dags/example_task_group.py
[2022-05-18 23:54:00,573] {logging_mixin.py:109} INFO - [2022-05-18 23:54:00,573] {dag.py:2398} INFO - Sync 1 DAGs
[2022-05-18 23:54:00,585] {logging_mixin.py:109} INFO - [2022-05-18 23:54:00,585] {dag.py:2937} INFO - Setting next_dagrun for example_task_group to 2022-05-17T23:54:00.585277+00:00
[2022-05-18 23:54:00,595] {processor.py:171} INFO - Processing /home/airflow/.local/lib/python3.8/site-packages/airflow/example_dags/example_task_group.py took 0.063 seconds
[2022-05-18 23:54:32,548] {processor.py:163} INFO - Started process (PID=5106) to work on /home/airflow/.local/lib/python3.8/site-packages/airflow/example_dags/example_task_group.py
[2022-05-18 23:54:32,549] {processor.py:642} INFO - Processing file /home/airflow/.local/lib/python3.8/site-packages/airflow/example_dags/example_task_group.py for tasks to queue
[2022-05-18 23:54:32,550] {logging_mixin.py:109} INFO - [2022-05-18 23:54:32,550] {dagbag.py:500} INFO - Filling up the DagBag from /home/airflow/.local/lib/python3.8/site-packages/airflow/example_dags/example_task_group.py
[2022-05-18 23:54:32,587] {processor.py:654} INFO - DAG(s) dict_keys(['example_task_group']) retrieved from /home/airflow/.local/lib/python3.8/site-packages/airflow/example_dags/example_task_group.py
[2022-05-18 23:54:32,597] {logging_mixin.py:109} INFO - [2022-05-18 23:54:32,597] {dag.py:2398} INFO - Sync 1 DAGs
[2022-05-18 23:54:32,612] {logging_mixin.py:109} INFO - [2022-05-18 23:54:32,612] {dag.py:2937} INFO - Setting next_dagrun for example_task_group to 2022-05-17T23:54:32.611862+00:00
[2022-05-18 23:54:32,624] {processor.py:171} INFO - Processing /home/airflow/.local/lib/python3.8/site-packages/airflow/example_dags/example_task_group.py took 0.079 seconds
[2022-05-18 23:55:04,359] {processor.py:163} INFO - Started process (PID=5192) to work on /home/airflow/.local/lib/python3.8/site-packages/airflow/example_dags/example_task_group.py
[2022-05-18 23:55:04,360] {processor.py:642} INFO - Processing file /home/airflow/.local/lib/python3.8/site-packages/airflow/example_dags/example_task_group.py for tasks to queue
[2022-05-18 23:55:04,360] {logging_mixin.py:109} INFO - [2022-05-18 23:55:04,360] {dagbag.py:500} INFO - Filling up the DagBag from /home/airflow/.local/lib/python3.8/site-packages/airflow/example_dags/example_task_group.py
[2022-05-18 23:55:04,394] {processor.py:654} INFO - DAG(s) dict_keys(['example_task_group']) retrieved from /home/airflow/.local/lib/python3.8/site-packages/airflow/example_dags/example_task_group.py
[2022-05-18 23:55:04,406] {logging_mixin.py:109} INFO - [2022-05-18 23:55:04,406] {dag.py:2398} INFO - Sync 1 DAGs
[2022-05-18 23:55:04,425] {logging_mixin.py:109} INFO - [2022-05-18 23:55:04,425] {dag.py:2937} INFO - Setting next_dagrun for example_task_group to 2022-05-17T23:55:04.425260+00:00
[2022-05-18 23:55:04,440] {processor.py:171} INFO - Processing /home/airflow/.local/lib/python3.8/site-packages/airflow/example_dags/example_task_group.py took 0.083 seconds
[2022-05-18 23:55:36,280] {processor.py:163} INFO - Started process (PID=5276) to work on /home/airflow/.local/lib/python3.8/site-packages/airflow/example_dags/example_task_group.py
[2022-05-18 23:55:36,281] {processor.py:642} INFO - Processing file /home/airflow/.local/lib/python3.8/site-packages/airflow/example_dags/example_task_group.py for tasks to queue
[2022-05-18 23:55:36,282] {logging_mixin.py:109} INFO - [2022-05-18 23:55:36,282] {dagbag.py:500} INFO - Filling up the DagBag from /home/airflow/.local/lib/python3.8/site-packages/airflow/example_dags/example_task_group.py
[2022-05-18 23:55:36,316] {processor.py:654} INFO - DAG(s) dict_keys(['example_task_group']) retrieved from /home/airflow/.local/lib/python3.8/site-packages/airflow/example_dags/example_task_group.py
[2022-05-18 23:55:36,327] {logging_mixin.py:109} INFO - [2022-05-18 23:55:36,327] {dag.py:2398} INFO - Sync 1 DAGs
[2022-05-18 23:55:36,342] {logging_mixin.py:109} INFO - [2022-05-18 23:55:36,342] {dag.py:2937} INFO - Setting next_dagrun for example_task_group to 2022-05-17T23:55:36.341749+00:00
[2022-05-18 23:55:36,355] {processor.py:171} INFO - Processing /home/airflow/.local/lib/python3.8/site-packages/airflow/example_dags/example_task_group.py took 0.076 seconds
[2022-05-18 23:56:07,987] {processor.py:163} INFO - Started process (PID=5368) to work on /home/airflow/.local/lib/python3.8/site-packages/airflow/example_dags/example_task_group.py
[2022-05-18 23:56:07,988] {processor.py:642} INFO - Processing file /home/airflow/.local/lib/python3.8/site-packages/airflow/example_dags/example_task_group.py for tasks to queue
[2022-05-18 23:56:07,988] {logging_mixin.py:109} INFO - [2022-05-18 23:56:07,988] {dagbag.py:500} INFO - Filling up the DagBag from /home/airflow/.local/lib/python3.8/site-packages/airflow/example_dags/example_task_group.py
[2022-05-18 23:56:08,015] {processor.py:654} INFO - DAG(s) dict_keys(['example_task_group']) retrieved from /home/airflow/.local/lib/python3.8/site-packages/airflow/example_dags/example_task_group.py
[2022-05-18 23:56:08,024] {logging_mixin.py:109} INFO - [2022-05-18 23:56:08,024] {dag.py:2398} INFO - Sync 1 DAGs
[2022-05-18 23:56:08,036] {logging_mixin.py:109} INFO - [2022-05-18 23:56:08,036] {dag.py:2937} INFO - Setting next_dagrun for example_task_group to 2022-05-17T23:56:08.036064+00:00
[2022-05-18 23:56:08,045] {processor.py:171} INFO - Processing /home/airflow/.local/lib/python3.8/site-packages/airflow/example_dags/example_task_group.py took 0.060 seconds
[2022-05-18 23:56:39,521] {processor.py:163} INFO - Started process (PID=5453) to work on /home/airflow/.local/lib/python3.8/site-packages/airflow/example_dags/example_task_group.py
[2022-05-18 23:56:39,522] {processor.py:642} INFO - Processing file /home/airflow/.local/lib/python3.8/site-packages/airflow/example_dags/example_task_group.py for tasks to queue
[2022-05-18 23:56:39,523] {logging_mixin.py:109} INFO - [2022-05-18 23:56:39,523] {dagbag.py:500} INFO - Filling up the DagBag from /home/airflow/.local/lib/python3.8/site-packages/airflow/example_dags/example_task_group.py
[2022-05-18 23:56:39,559] {processor.py:654} INFO - DAG(s) dict_keys(['example_task_group']) retrieved from /home/airflow/.local/lib/python3.8/site-packages/airflow/example_dags/example_task_group.py
[2022-05-18 23:56:39,570] {logging_mixin.py:109} INFO - [2022-05-18 23:56:39,570] {dag.py:2398} INFO - Sync 1 DAGs
[2022-05-18 23:56:39,587] {logging_mixin.py:109} INFO - [2022-05-18 23:56:39,587] {dag.py:2937} INFO - Setting next_dagrun for example_task_group to 2022-05-17T23:56:39.586908+00:00
[2022-05-18 23:56:39,598] {processor.py:171} INFO - Processing /home/airflow/.local/lib/python3.8/site-packages/airflow/example_dags/example_task_group.py took 0.080 seconds
[2022-05-18 23:57:11,309] {processor.py:163} INFO - Started process (PID=5547) to work on /home/airflow/.local/lib/python3.8/site-packages/airflow/example_dags/example_task_group.py
[2022-05-18 23:57:11,310] {processor.py:642} INFO - Processing file /home/airflow/.local/lib/python3.8/site-packages/airflow/example_dags/example_task_group.py for tasks to queue
[2022-05-18 23:57:11,310] {logging_mixin.py:109} INFO - [2022-05-18 23:57:11,310] {dagbag.py:500} INFO - Filling up the DagBag from /home/airflow/.local/lib/python3.8/site-packages/airflow/example_dags/example_task_group.py
[2022-05-18 23:57:11,336] {processor.py:654} INFO - DAG(s) dict_keys(['example_task_group']) retrieved from /home/airflow/.local/lib/python3.8/site-packages/airflow/example_dags/example_task_group.py
[2022-05-18 23:57:11,344] {logging_mixin.py:109} INFO - [2022-05-18 23:57:11,344] {dag.py:2398} INFO - Sync 1 DAGs
[2022-05-18 23:57:11,358] {logging_mixin.py:109} INFO - [2022-05-18 23:57:11,357] {dag.py:2937} INFO - Setting next_dagrun for example_task_group to 2022-05-17T23:57:11.357541+00:00
[2022-05-18 23:57:11,368] {processor.py:171} INFO - Processing /home/airflow/.local/lib/python3.8/site-packages/airflow/example_dags/example_task_group.py took 0.060 seconds
[2022-05-18 23:57:43,149] {processor.py:163} INFO - Started process (PID=5632) to work on /home/airflow/.local/lib/python3.8/site-packages/airflow/example_dags/example_task_group.py
[2022-05-18 23:57:43,150] {processor.py:642} INFO - Processing file /home/airflow/.local/lib/python3.8/site-packages/airflow/example_dags/example_task_group.py for tasks to queue
[2022-05-18 23:57:43,151] {logging_mixin.py:109} INFO - [2022-05-18 23:57:43,151] {dagbag.py:500} INFO - Filling up the DagBag from /home/airflow/.local/lib/python3.8/site-packages/airflow/example_dags/example_task_group.py
[2022-05-18 23:57:43,181] {processor.py:654} INFO - DAG(s) dict_keys(['example_task_group']) retrieved from /home/airflow/.local/lib/python3.8/site-packages/airflow/example_dags/example_task_group.py
[2022-05-18 23:57:43,195] {logging_mixin.py:109} INFO - [2022-05-18 23:57:43,195] {dag.py:2398} INFO - Sync 1 DAGs
[2022-05-18 23:57:43,212] {logging_mixin.py:109} INFO - [2022-05-18 23:57:43,212] {dag.py:2937} INFO - Setting next_dagrun for example_task_group to 2022-05-17T23:57:43.212625+00:00
[2022-05-18 23:57:43,223] {processor.py:171} INFO - Processing /home/airflow/.local/lib/python3.8/site-packages/airflow/example_dags/example_task_group.py took 0.077 seconds
[2022-05-18 23:58:13,515] {processor.py:163} INFO - Started process (PID=5708) to work on /home/airflow/.local/lib/python3.8/site-packages/airflow/example_dags/example_task_group.py
[2022-05-18 23:58:13,516] {processor.py:642} INFO - Processing file /home/airflow/.local/lib/python3.8/site-packages/airflow/example_dags/example_task_group.py for tasks to queue
[2022-05-18 23:58:13,517] {logging_mixin.py:109} INFO - [2022-05-18 23:58:13,517] {dagbag.py:500} INFO - Filling up the DagBag from /home/airflow/.local/lib/python3.8/site-packages/airflow/example_dags/example_task_group.py
[2022-05-18 23:58:13,551] {processor.py:654} INFO - DAG(s) dict_keys(['example_task_group']) retrieved from /home/airflow/.local/lib/python3.8/site-packages/airflow/example_dags/example_task_group.py
[2022-05-18 23:58:13,575] {logging_mixin.py:109} INFO - [2022-05-18 23:58:13,575] {dag.py:2398} INFO - Sync 1 DAGs
[2022-05-18 23:58:13,607] {logging_mixin.py:109} INFO - [2022-05-18 23:58:13,607] {dag.py:2937} INFO - Setting next_dagrun for example_task_group to 2022-05-17T23:58:13.607619+00:00
[2022-05-18 23:58:13,659] {processor.py:171} INFO - Processing /home/airflow/.local/lib/python3.8/site-packages/airflow/example_dags/example_task_group.py took 0.147 seconds
[2022-05-18 23:58:44,387] {processor.py:163} INFO - Started process (PID=5792) to work on /home/airflow/.local/lib/python3.8/site-packages/airflow/example_dags/example_task_group.py
[2022-05-18 23:58:44,394] {processor.py:642} INFO - Processing file /home/airflow/.local/lib/python3.8/site-packages/airflow/example_dags/example_task_group.py for tasks to queue
[2022-05-18 23:58:44,395] {logging_mixin.py:109} INFO - [2022-05-18 23:58:44,395] {dagbag.py:500} INFO - Filling up the DagBag from /home/airflow/.local/lib/python3.8/site-packages/airflow/example_dags/example_task_group.py
[2022-05-18 23:58:44,422] {processor.py:654} INFO - DAG(s) dict_keys(['example_task_group']) retrieved from /home/airflow/.local/lib/python3.8/site-packages/airflow/example_dags/example_task_group.py
[2022-05-18 23:58:44,432] {logging_mixin.py:109} INFO - [2022-05-18 23:58:44,432] {dag.py:2398} INFO - Sync 1 DAGs
[2022-05-18 23:58:44,443] {logging_mixin.py:109} INFO - [2022-05-18 23:58:44,443] {dag.py:2937} INFO - Setting next_dagrun for example_task_group to 2022-05-17T23:58:44.443669+00:00
[2022-05-18 23:58:44,453] {processor.py:171} INFO - Processing /home/airflow/.local/lib/python3.8/site-packages/airflow/example_dags/example_task_group.py took 0.067 seconds
[2022-05-18 23:59:14,637] {processor.py:163} INFO - Started process (PID=5895) to work on /home/airflow/.local/lib/python3.8/site-packages/airflow/example_dags/example_task_group.py
[2022-05-18 23:59:14,640] {processor.py:642} INFO - Processing file /home/airflow/.local/lib/python3.8/site-packages/airflow/example_dags/example_task_group.py for tasks to queue
[2022-05-18 23:59:14,641] {logging_mixin.py:109} INFO - [2022-05-18 23:59:14,641] {dagbag.py:500} INFO - Filling up the DagBag from /home/airflow/.local/lib/python3.8/site-packages/airflow/example_dags/example_task_group.py
[2022-05-18 23:59:14,711] {processor.py:654} INFO - DAG(s) dict_keys(['example_task_group']) retrieved from /home/airflow/.local/lib/python3.8/site-packages/airflow/example_dags/example_task_group.py
[2022-05-18 23:59:14,728] {logging_mixin.py:109} INFO - [2022-05-18 23:59:14,727] {dag.py:2398} INFO - Sync 1 DAGs
[2022-05-18 23:59:14,747] {logging_mixin.py:109} INFO - [2022-05-18 23:59:14,747] {dag.py:2937} INFO - Setting next_dagrun for example_task_group to 2022-05-17T23:59:14.747075+00:00
[2022-05-18 23:59:14,761] {processor.py:171} INFO - Processing /home/airflow/.local/lib/python3.8/site-packages/airflow/example_dags/example_task_group.py took 0.130 seconds
[2022-05-18 23:59:45,216] {processor.py:163} INFO - Started process (PID=5989) to work on /home/airflow/.local/lib/python3.8/site-packages/airflow/example_dags/example_task_group.py
[2022-05-18 23:59:45,229] {processor.py:642} INFO - Processing file /home/airflow/.local/lib/python3.8/site-packages/airflow/example_dags/example_task_group.py for tasks to queue
[2022-05-18 23:59:45,230] {logging_mixin.py:109} INFO - [2022-05-18 23:59:45,230] {dagbag.py:500} INFO - Filling up the DagBag from /home/airflow/.local/lib/python3.8/site-packages/airflow/example_dags/example_task_group.py
[2022-05-18 23:59:45,261] {processor.py:654} INFO - DAG(s) dict_keys(['example_task_group']) retrieved from /home/airflow/.local/lib/python3.8/site-packages/airflow/example_dags/example_task_group.py
[2022-05-18 23:59:45,278] {logging_mixin.py:109} INFO - [2022-05-18 23:59:45,278] {dag.py:2398} INFO - Sync 1 DAGs
[2022-05-18 23:59:45,295] {logging_mixin.py:109} INFO - [2022-05-18 23:59:45,295] {dag.py:2937} INFO - Setting next_dagrun for example_task_group to 2022-05-17T23:59:45.295422+00:00
[2022-05-18 23:59:45,307] {processor.py:171} INFO - Processing /home/airflow/.local/lib/python3.8/site-packages/airflow/example_dags/example_task_group.py took 0.093 seconds
