[2022-05-18 23:24:26,182] {processor.py:163} INFO - Started process (PID=69) to work on /home/airflow/.local/lib/python3.8/site-packages/airflow/example_dags/example_latest_only.py
[2022-05-18 23:24:26,183] {processor.py:642} INFO - Processing file /home/airflow/.local/lib/python3.8/site-packages/airflow/example_dags/example_latest_only.py for tasks to queue
[2022-05-18 23:24:26,184] {logging_mixin.py:109} INFO - [2022-05-18 23:24:26,184] {dagbag.py:500} INFO - Filling up the DagBag from /home/airflow/.local/lib/python3.8/site-packages/airflow/example_dags/example_latest_only.py
[2022-05-18 23:24:26,217] {processor.py:654} INFO - DAG(s) dict_keys(['latest_only']) retrieved from /home/airflow/.local/lib/python3.8/site-packages/airflow/example_dags/example_latest_only.py
[2022-05-18 23:24:26,228] {logging_mixin.py:109} INFO - [2022-05-18 23:24:26,228] {dag.py:2398} INFO - Sync 1 DAGs
[2022-05-18 23:24:26,246] {logging_mixin.py:109} INFO - [2022-05-18 23:24:26,246] {dag.py:2937} INFO - Setting next_dagrun for latest_only to 2022-05-18T19:24:26.246454+00:00
[2022-05-18 23:24:26,260] {processor.py:171} INFO - Processing /home/airflow/.local/lib/python3.8/site-packages/airflow/example_dags/example_latest_only.py took 0.081 seconds
[2022-05-18 23:25:10,589] {processor.py:163} INFO - Started process (PID=151) to work on /home/airflow/.local/lib/python3.8/site-packages/airflow/example_dags/example_latest_only.py
[2022-05-18 23:25:10,609] {processor.py:642} INFO - Processing file /home/airflow/.local/lib/python3.8/site-packages/airflow/example_dags/example_latest_only.py for tasks to queue
[2022-05-18 23:25:10,610] {logging_mixin.py:109} INFO - [2022-05-18 23:25:10,610] {dagbag.py:500} INFO - Filling up the DagBag from /home/airflow/.local/lib/python3.8/site-packages/airflow/example_dags/example_latest_only.py
[2022-05-18 23:25:10,714] {processor.py:654} INFO - DAG(s) dict_keys(['latest_only']) retrieved from /home/airflow/.local/lib/python3.8/site-packages/airflow/example_dags/example_latest_only.py
[2022-05-18 23:25:10,728] {logging_mixin.py:109} INFO - [2022-05-18 23:25:10,728] {dag.py:2398} INFO - Sync 1 DAGs
[2022-05-18 23:25:10,757] {logging_mixin.py:109} INFO - [2022-05-18 23:25:10,757] {dag.py:2937} INFO - Setting next_dagrun for latest_only to 2022-05-18T19:25:10.756833+00:00
[2022-05-18 23:25:10,779] {processor.py:171} INFO - Processing /home/airflow/.local/lib/python3.8/site-packages/airflow/example_dags/example_latest_only.py took 0.205 seconds
[2022-05-18 23:25:41,661] {processor.py:163} INFO - Started process (PID=218) to work on /home/airflow/.local/lib/python3.8/site-packages/airflow/example_dags/example_latest_only.py
[2022-05-18 23:25:41,662] {processor.py:642} INFO - Processing file /home/airflow/.local/lib/python3.8/site-packages/airflow/example_dags/example_latest_only.py for tasks to queue
[2022-05-18 23:25:41,663] {logging_mixin.py:109} INFO - [2022-05-18 23:25:41,662] {dagbag.py:500} INFO - Filling up the DagBag from /home/airflow/.local/lib/python3.8/site-packages/airflow/example_dags/example_latest_only.py
[2022-05-18 23:25:41,686] {processor.py:654} INFO - DAG(s) dict_keys(['latest_only']) retrieved from /home/airflow/.local/lib/python3.8/site-packages/airflow/example_dags/example_latest_only.py
[2022-05-18 23:25:41,696] {logging_mixin.py:109} INFO - [2022-05-18 23:25:41,696] {dag.py:2398} INFO - Sync 1 DAGs
[2022-05-18 23:25:41,710] {logging_mixin.py:109} INFO - [2022-05-18 23:25:41,710] {dag.py:2937} INFO - Setting next_dagrun for latest_only to 2022-05-18T19:25:41.709989+00:00
[2022-05-18 23:25:41,723] {processor.py:171} INFO - Processing /home/airflow/.local/lib/python3.8/site-packages/airflow/example_dags/example_latest_only.py took 0.063 seconds
[2022-05-18 23:26:11,779] {processor.py:163} INFO - Started process (PID=270) to work on /home/airflow/.local/lib/python3.8/site-packages/airflow/example_dags/example_latest_only.py
[2022-05-18 23:26:11,780] {processor.py:642} INFO - Processing file /home/airflow/.local/lib/python3.8/site-packages/airflow/example_dags/example_latest_only.py for tasks to queue
[2022-05-18 23:26:11,781] {logging_mixin.py:109} INFO - [2022-05-18 23:26:11,781] {dagbag.py:500} INFO - Filling up the DagBag from /home/airflow/.local/lib/python3.8/site-packages/airflow/example_dags/example_latest_only.py
[2022-05-18 23:26:11,808] {processor.py:654} INFO - DAG(s) dict_keys(['latest_only']) retrieved from /home/airflow/.local/lib/python3.8/site-packages/airflow/example_dags/example_latest_only.py
[2022-05-18 23:26:11,817] {logging_mixin.py:109} INFO - [2022-05-18 23:26:11,817] {dag.py:2398} INFO - Sync 1 DAGs
[2022-05-18 23:26:11,833] {logging_mixin.py:109} INFO - [2022-05-18 23:26:11,833] {dag.py:2937} INFO - Setting next_dagrun for latest_only to 2022-05-18T19:26:11.832809+00:00
[2022-05-18 23:26:11,844] {processor.py:171} INFO - Processing /home/airflow/.local/lib/python3.8/site-packages/airflow/example_dags/example_latest_only.py took 0.068 seconds
[2022-05-18 23:26:42,640] {processor.py:163} INFO - Started process (PID=346) to work on /home/airflow/.local/lib/python3.8/site-packages/airflow/example_dags/example_latest_only.py
[2022-05-18 23:26:42,641] {processor.py:642} INFO - Processing file /home/airflow/.local/lib/python3.8/site-packages/airflow/example_dags/example_latest_only.py for tasks to queue
[2022-05-18 23:26:42,642] {logging_mixin.py:109} INFO - [2022-05-18 23:26:42,641] {dagbag.py:500} INFO - Filling up the DagBag from /home/airflow/.local/lib/python3.8/site-packages/airflow/example_dags/example_latest_only.py
[2022-05-18 23:26:42,676] {processor.py:654} INFO - DAG(s) dict_keys(['latest_only']) retrieved from /home/airflow/.local/lib/python3.8/site-packages/airflow/example_dags/example_latest_only.py
[2022-05-18 23:26:42,685] {logging_mixin.py:109} INFO - [2022-05-18 23:26:42,685] {dag.py:2398} INFO - Sync 1 DAGs
[2022-05-18 23:26:42,699] {logging_mixin.py:109} INFO - [2022-05-18 23:26:42,699] {dag.py:2937} INFO - Setting next_dagrun for latest_only to 2022-05-18T19:26:42.698938+00:00
[2022-05-18 23:26:42,710] {processor.py:171} INFO - Processing /home/airflow/.local/lib/python3.8/site-packages/airflow/example_dags/example_latest_only.py took 0.072 seconds
[2022-05-18 23:27:12,922] {processor.py:163} INFO - Started process (PID=413) to work on /home/airflow/.local/lib/python3.8/site-packages/airflow/example_dags/example_latest_only.py
[2022-05-18 23:27:12,923] {processor.py:642} INFO - Processing file /home/airflow/.local/lib/python3.8/site-packages/airflow/example_dags/example_latest_only.py for tasks to queue
[2022-05-18 23:27:12,924] {logging_mixin.py:109} INFO - [2022-05-18 23:27:12,924] {dagbag.py:500} INFO - Filling up the DagBag from /home/airflow/.local/lib/python3.8/site-packages/airflow/example_dags/example_latest_only.py
[2022-05-18 23:27:12,951] {processor.py:654} INFO - DAG(s) dict_keys(['latest_only']) retrieved from /home/airflow/.local/lib/python3.8/site-packages/airflow/example_dags/example_latest_only.py
[2022-05-18 23:27:12,961] {logging_mixin.py:109} INFO - [2022-05-18 23:27:12,961] {dag.py:2398} INFO - Sync 1 DAGs
[2022-05-18 23:27:12,979] {logging_mixin.py:109} INFO - [2022-05-18 23:27:12,979] {dag.py:2937} INFO - Setting next_dagrun for latest_only to 2022-05-18T19:27:12.979568+00:00
[2022-05-18 23:27:12,992] {processor.py:171} INFO - Processing /home/airflow/.local/lib/python3.8/site-packages/airflow/example_dags/example_latest_only.py took 0.072 seconds
[2022-05-18 23:27:43,166] {processor.py:163} INFO - Started process (PID=488) to work on /home/airflow/.local/lib/python3.8/site-packages/airflow/example_dags/example_latest_only.py
[2022-05-18 23:27:43,166] {processor.py:642} INFO - Processing file /home/airflow/.local/lib/python3.8/site-packages/airflow/example_dags/example_latest_only.py for tasks to queue
[2022-05-18 23:27:43,167] {logging_mixin.py:109} INFO - [2022-05-18 23:27:43,166] {dagbag.py:500} INFO - Filling up the DagBag from /home/airflow/.local/lib/python3.8/site-packages/airflow/example_dags/example_latest_only.py
[2022-05-18 23:27:43,190] {processor.py:654} INFO - DAG(s) dict_keys(['latest_only']) retrieved from /home/airflow/.local/lib/python3.8/site-packages/airflow/example_dags/example_latest_only.py
[2022-05-18 23:27:43,198] {logging_mixin.py:109} INFO - [2022-05-18 23:27:43,198] {dag.py:2398} INFO - Sync 1 DAGs
[2022-05-18 23:27:43,211] {logging_mixin.py:109} INFO - [2022-05-18 23:27:43,211] {dag.py:2937} INFO - Setting next_dagrun for latest_only to 2022-05-18T19:27:43.211060+00:00
[2022-05-18 23:27:43,221] {processor.py:171} INFO - Processing /home/airflow/.local/lib/python3.8/site-packages/airflow/example_dags/example_latest_only.py took 0.058 seconds
[2022-05-18 23:28:13,604] {processor.py:163} INFO - Started process (PID=556) to work on /home/airflow/.local/lib/python3.8/site-packages/airflow/example_dags/example_latest_only.py
[2022-05-18 23:28:13,605] {processor.py:642} INFO - Processing file /home/airflow/.local/lib/python3.8/site-packages/airflow/example_dags/example_latest_only.py for tasks to queue
[2022-05-18 23:28:13,606] {logging_mixin.py:109} INFO - [2022-05-18 23:28:13,606] {dagbag.py:500} INFO - Filling up the DagBag from /home/airflow/.local/lib/python3.8/site-packages/airflow/example_dags/example_latest_only.py
[2022-05-18 23:28:13,628] {processor.py:654} INFO - DAG(s) dict_keys(['latest_only']) retrieved from /home/airflow/.local/lib/python3.8/site-packages/airflow/example_dags/example_latest_only.py
[2022-05-18 23:28:13,637] {logging_mixin.py:109} INFO - [2022-05-18 23:28:13,637] {dag.py:2398} INFO - Sync 1 DAGs
[2022-05-18 23:28:13,650] {logging_mixin.py:109} INFO - [2022-05-18 23:28:13,650] {dag.py:2937} INFO - Setting next_dagrun for latest_only to 2022-05-18T19:28:13.650129+00:00
[2022-05-18 23:28:13,660] {processor.py:171} INFO - Processing /home/airflow/.local/lib/python3.8/site-packages/airflow/example_dags/example_latest_only.py took 0.058 seconds
[2022-05-18 23:28:43,968] {processor.py:163} INFO - Started process (PID=623) to work on /home/airflow/.local/lib/python3.8/site-packages/airflow/example_dags/example_latest_only.py
[2022-05-18 23:28:43,969] {processor.py:642} INFO - Processing file /home/airflow/.local/lib/python3.8/site-packages/airflow/example_dags/example_latest_only.py for tasks to queue
[2022-05-18 23:28:43,969] {logging_mixin.py:109} INFO - [2022-05-18 23:28:43,969] {dagbag.py:500} INFO - Filling up the DagBag from /home/airflow/.local/lib/python3.8/site-packages/airflow/example_dags/example_latest_only.py
[2022-05-18 23:28:43,991] {processor.py:654} INFO - DAG(s) dict_keys(['latest_only']) retrieved from /home/airflow/.local/lib/python3.8/site-packages/airflow/example_dags/example_latest_only.py
[2022-05-18 23:28:43,999] {logging_mixin.py:109} INFO - [2022-05-18 23:28:43,998] {dag.py:2398} INFO - Sync 1 DAGs
[2022-05-18 23:28:44,011] {logging_mixin.py:109} INFO - [2022-05-18 23:28:44,011] {dag.py:2937} INFO - Setting next_dagrun for latest_only to 2022-05-18T19:28:44.011061+00:00
[2022-05-18 23:28:44,020] {processor.py:171} INFO - Processing /home/airflow/.local/lib/python3.8/site-packages/airflow/example_dags/example_latest_only.py took 0.054 seconds
[2022-05-18 23:29:14,363] {processor.py:163} INFO - Started process (PID=698) to work on /home/airflow/.local/lib/python3.8/site-packages/airflow/example_dags/example_latest_only.py
[2022-05-18 23:29:14,364] {processor.py:642} INFO - Processing file /home/airflow/.local/lib/python3.8/site-packages/airflow/example_dags/example_latest_only.py for tasks to queue
[2022-05-18 23:29:14,364] {logging_mixin.py:109} INFO - [2022-05-18 23:29:14,364] {dagbag.py:500} INFO - Filling up the DagBag from /home/airflow/.local/lib/python3.8/site-packages/airflow/example_dags/example_latest_only.py
[2022-05-18 23:29:14,387] {processor.py:654} INFO - DAG(s) dict_keys(['latest_only']) retrieved from /home/airflow/.local/lib/python3.8/site-packages/airflow/example_dags/example_latest_only.py
[2022-05-18 23:29:14,395] {logging_mixin.py:109} INFO - [2022-05-18 23:29:14,395] {dag.py:2398} INFO - Sync 1 DAGs
[2022-05-18 23:29:14,408] {logging_mixin.py:109} INFO - [2022-05-18 23:29:14,408] {dag.py:2937} INFO - Setting next_dagrun for latest_only to 2022-05-18T19:29:14.407829+00:00
[2022-05-18 23:29:14,419] {processor.py:171} INFO - Processing /home/airflow/.local/lib/python3.8/site-packages/airflow/example_dags/example_latest_only.py took 0.058 seconds
[2022-05-18 23:29:45,306] {processor.py:163} INFO - Started process (PID=765) to work on /home/airflow/.local/lib/python3.8/site-packages/airflow/example_dags/example_latest_only.py
[2022-05-18 23:29:45,306] {processor.py:642} INFO - Processing file /home/airflow/.local/lib/python3.8/site-packages/airflow/example_dags/example_latest_only.py for tasks to queue
[2022-05-18 23:29:45,307] {logging_mixin.py:109} INFO - [2022-05-18 23:29:45,307] {dagbag.py:500} INFO - Filling up the DagBag from /home/airflow/.local/lib/python3.8/site-packages/airflow/example_dags/example_latest_only.py
[2022-05-18 23:29:45,335] {processor.py:654} INFO - DAG(s) dict_keys(['latest_only']) retrieved from /home/airflow/.local/lib/python3.8/site-packages/airflow/example_dags/example_latest_only.py
[2022-05-18 23:29:45,343] {logging_mixin.py:109} INFO - [2022-05-18 23:29:45,343] {dag.py:2398} INFO - Sync 1 DAGs
[2022-05-18 23:29:45,357] {logging_mixin.py:109} INFO - [2022-05-18 23:29:45,356] {dag.py:2937} INFO - Setting next_dagrun for latest_only to 2022-05-18T19:29:45.356784+00:00
[2022-05-18 23:29:45,369] {processor.py:171} INFO - Processing /home/airflow/.local/lib/python3.8/site-packages/airflow/example_dags/example_latest_only.py took 0.065 seconds
[2022-05-18 23:30:15,536] {processor.py:163} INFO - Started process (PID=843) to work on /home/airflow/.local/lib/python3.8/site-packages/airflow/example_dags/example_latest_only.py
[2022-05-18 23:30:15,537] {processor.py:642} INFO - Processing file /home/airflow/.local/lib/python3.8/site-packages/airflow/example_dags/example_latest_only.py for tasks to queue
[2022-05-18 23:30:15,538] {logging_mixin.py:109} INFO - [2022-05-18 23:30:15,538] {dagbag.py:500} INFO - Filling up the DagBag from /home/airflow/.local/lib/python3.8/site-packages/airflow/example_dags/example_latest_only.py
[2022-05-18 23:30:15,560] {processor.py:654} INFO - DAG(s) dict_keys(['latest_only']) retrieved from /home/airflow/.local/lib/python3.8/site-packages/airflow/example_dags/example_latest_only.py
[2022-05-18 23:30:15,569] {logging_mixin.py:109} INFO - [2022-05-18 23:30:15,569] {dag.py:2398} INFO - Sync 1 DAGs
[2022-05-18 23:30:15,583] {logging_mixin.py:109} INFO - [2022-05-18 23:30:15,583] {dag.py:2937} INFO - Setting next_dagrun for latest_only to 2022-05-18T19:30:15.583293+00:00
[2022-05-18 23:30:15,594] {processor.py:171} INFO - Processing /home/airflow/.local/lib/python3.8/site-packages/airflow/example_dags/example_latest_only.py took 0.059 seconds
[2022-05-18 23:30:45,910] {processor.py:163} INFO - Started process (PID=910) to work on /home/airflow/.local/lib/python3.8/site-packages/airflow/example_dags/example_latest_only.py
[2022-05-18 23:30:45,911] {processor.py:642} INFO - Processing file /home/airflow/.local/lib/python3.8/site-packages/airflow/example_dags/example_latest_only.py for tasks to queue
[2022-05-18 23:30:45,912] {logging_mixin.py:109} INFO - [2022-05-18 23:30:45,912] {dagbag.py:500} INFO - Filling up the DagBag from /home/airflow/.local/lib/python3.8/site-packages/airflow/example_dags/example_latest_only.py
[2022-05-18 23:30:45,948] {processor.py:654} INFO - DAG(s) dict_keys(['latest_only']) retrieved from /home/airflow/.local/lib/python3.8/site-packages/airflow/example_dags/example_latest_only.py
[2022-05-18 23:30:45,957] {logging_mixin.py:109} INFO - [2022-05-18 23:30:45,957] {dag.py:2398} INFO - Sync 1 DAGs
[2022-05-18 23:30:45,972] {logging_mixin.py:109} INFO - [2022-05-18 23:30:45,972] {dag.py:2937} INFO - Setting next_dagrun for latest_only to 2022-05-18T19:30:45.972167+00:00
[2022-05-18 23:30:45,986] {processor.py:171} INFO - Processing /home/airflow/.local/lib/python3.8/site-packages/airflow/example_dags/example_latest_only.py took 0.077 seconds
[2022-05-18 23:31:16,476] {processor.py:163} INFO - Started process (PID=995) to work on /home/airflow/.local/lib/python3.8/site-packages/airflow/example_dags/example_latest_only.py
[2022-05-18 23:31:16,477] {processor.py:642} INFO - Processing file /home/airflow/.local/lib/python3.8/site-packages/airflow/example_dags/example_latest_only.py for tasks to queue
[2022-05-18 23:31:16,479] {logging_mixin.py:109} INFO - [2022-05-18 23:31:16,478] {dagbag.py:500} INFO - Filling up the DagBag from /home/airflow/.local/lib/python3.8/site-packages/airflow/example_dags/example_latest_only.py
[2022-05-18 23:31:16,511] {processor.py:654} INFO - DAG(s) dict_keys(['latest_only']) retrieved from /home/airflow/.local/lib/python3.8/site-packages/airflow/example_dags/example_latest_only.py
[2022-05-18 23:31:16,523] {logging_mixin.py:109} INFO - [2022-05-18 23:31:16,523] {dag.py:2398} INFO - Sync 1 DAGs
[2022-05-18 23:31:16,539] {logging_mixin.py:109} INFO - [2022-05-18 23:31:16,539] {dag.py:2937} INFO - Setting next_dagrun for latest_only to 2022-05-18T19:31:16.539616+00:00
[2022-05-18 23:31:16,553] {processor.py:171} INFO - Processing /home/airflow/.local/lib/python3.8/site-packages/airflow/example_dags/example_latest_only.py took 0.080 seconds
[2022-05-18 23:31:47,016] {processor.py:163} INFO - Started process (PID=1088) to work on /home/airflow/.local/lib/python3.8/site-packages/airflow/example_dags/example_latest_only.py
[2022-05-18 23:31:47,017] {processor.py:642} INFO - Processing file /home/airflow/.local/lib/python3.8/site-packages/airflow/example_dags/example_latest_only.py for tasks to queue
[2022-05-18 23:31:47,018] {logging_mixin.py:109} INFO - [2022-05-18 23:31:47,018] {dagbag.py:500} INFO - Filling up the DagBag from /home/airflow/.local/lib/python3.8/site-packages/airflow/example_dags/example_latest_only.py
[2022-05-18 23:31:47,042] {processor.py:654} INFO - DAG(s) dict_keys(['latest_only']) retrieved from /home/airflow/.local/lib/python3.8/site-packages/airflow/example_dags/example_latest_only.py
[2022-05-18 23:31:47,051] {logging_mixin.py:109} INFO - [2022-05-18 23:31:47,051] {dag.py:2398} INFO - Sync 1 DAGs
[2022-05-18 23:31:47,069] {logging_mixin.py:109} INFO - [2022-05-18 23:31:47,069] {dag.py:2937} INFO - Setting next_dagrun for latest_only to 2022-05-18T19:31:47.069305+00:00
[2022-05-18 23:31:47,080] {processor.py:171} INFO - Processing /home/airflow/.local/lib/python3.8/site-packages/airflow/example_dags/example_latest_only.py took 0.065 seconds
[2022-05-18 23:32:17,501] {processor.py:163} INFO - Started process (PID=1173) to work on /home/airflow/.local/lib/python3.8/site-packages/airflow/example_dags/example_latest_only.py
[2022-05-18 23:32:17,502] {processor.py:642} INFO - Processing file /home/airflow/.local/lib/python3.8/site-packages/airflow/example_dags/example_latest_only.py for tasks to queue
[2022-05-18 23:32:17,503] {logging_mixin.py:109} INFO - [2022-05-18 23:32:17,502] {dagbag.py:500} INFO - Filling up the DagBag from /home/airflow/.local/lib/python3.8/site-packages/airflow/example_dags/example_latest_only.py
[2022-05-18 23:32:17,527] {processor.py:654} INFO - DAG(s) dict_keys(['latest_only']) retrieved from /home/airflow/.local/lib/python3.8/site-packages/airflow/example_dags/example_latest_only.py
[2022-05-18 23:32:17,537] {logging_mixin.py:109} INFO - [2022-05-18 23:32:17,537] {dag.py:2398} INFO - Sync 1 DAGs
[2022-05-18 23:32:17,551] {logging_mixin.py:109} INFO - [2022-05-18 23:32:17,551] {dag.py:2937} INFO - Setting next_dagrun for latest_only to 2022-05-18T19:32:17.551111+00:00
[2022-05-18 23:32:17,561] {processor.py:171} INFO - Processing /home/airflow/.local/lib/python3.8/site-packages/airflow/example_dags/example_latest_only.py took 0.061 seconds
[2022-05-18 23:32:47,684] {processor.py:163} INFO - Started process (PID=1267) to work on /home/airflow/.local/lib/python3.8/site-packages/airflow/example_dags/example_latest_only.py
[2022-05-18 23:32:47,685] {processor.py:642} INFO - Processing file /home/airflow/.local/lib/python3.8/site-packages/airflow/example_dags/example_latest_only.py for tasks to queue
[2022-05-18 23:32:47,685] {logging_mixin.py:109} INFO - [2022-05-18 23:32:47,685] {dagbag.py:500} INFO - Filling up the DagBag from /home/airflow/.local/lib/python3.8/site-packages/airflow/example_dags/example_latest_only.py
[2022-05-18 23:32:47,709] {processor.py:654} INFO - DAG(s) dict_keys(['latest_only']) retrieved from /home/airflow/.local/lib/python3.8/site-packages/airflow/example_dags/example_latest_only.py
[2022-05-18 23:32:47,721] {logging_mixin.py:109} INFO - [2022-05-18 23:32:47,721] {dag.py:2398} INFO - Sync 1 DAGs
[2022-05-18 23:32:47,737] {logging_mixin.py:109} INFO - [2022-05-18 23:32:47,737] {dag.py:2937} INFO - Setting next_dagrun for latest_only to 2022-05-18T19:32:47.736642+00:00
[2022-05-18 23:32:47,747] {processor.py:171} INFO - Processing /home/airflow/.local/lib/python3.8/site-packages/airflow/example_dags/example_latest_only.py took 0.065 seconds
[2022-05-18 23:33:17,883] {processor.py:163} INFO - Started process (PID=1351) to work on /home/airflow/.local/lib/python3.8/site-packages/airflow/example_dags/example_latest_only.py
[2022-05-18 23:33:17,884] {processor.py:642} INFO - Processing file /home/airflow/.local/lib/python3.8/site-packages/airflow/example_dags/example_latest_only.py for tasks to queue
[2022-05-18 23:33:17,885] {logging_mixin.py:109} INFO - [2022-05-18 23:33:17,884] {dagbag.py:500} INFO - Filling up the DagBag from /home/airflow/.local/lib/python3.8/site-packages/airflow/example_dags/example_latest_only.py
[2022-05-18 23:33:17,911] {processor.py:654} INFO - DAG(s) dict_keys(['latest_only']) retrieved from /home/airflow/.local/lib/python3.8/site-packages/airflow/example_dags/example_latest_only.py
[2022-05-18 23:33:17,920] {logging_mixin.py:109} INFO - [2022-05-18 23:33:17,920] {dag.py:2398} INFO - Sync 1 DAGs
[2022-05-18 23:33:17,933] {logging_mixin.py:109} INFO - [2022-05-18 23:33:17,933] {dag.py:2937} INFO - Setting next_dagrun for latest_only to 2022-05-18T19:33:17.933139+00:00
[2022-05-18 23:33:17,942] {processor.py:171} INFO - Processing /home/airflow/.local/lib/python3.8/site-packages/airflow/example_dags/example_latest_only.py took 0.061 seconds
[2022-05-18 23:33:48,330] {processor.py:163} INFO - Started process (PID=1435) to work on /home/airflow/.local/lib/python3.8/site-packages/airflow/example_dags/example_latest_only.py
[2022-05-18 23:33:48,331] {processor.py:642} INFO - Processing file /home/airflow/.local/lib/python3.8/site-packages/airflow/example_dags/example_latest_only.py for tasks to queue
[2022-05-18 23:33:48,331] {logging_mixin.py:109} INFO - [2022-05-18 23:33:48,331] {dagbag.py:500} INFO - Filling up the DagBag from /home/airflow/.local/lib/python3.8/site-packages/airflow/example_dags/example_latest_only.py
[2022-05-18 23:33:48,355] {processor.py:654} INFO - DAG(s) dict_keys(['latest_only']) retrieved from /home/airflow/.local/lib/python3.8/site-packages/airflow/example_dags/example_latest_only.py
[2022-05-18 23:33:48,366] {logging_mixin.py:109} INFO - [2022-05-18 23:33:48,366] {dag.py:2398} INFO - Sync 1 DAGs
[2022-05-18 23:33:48,381] {logging_mixin.py:109} INFO - [2022-05-18 23:33:48,381] {dag.py:2937} INFO - Setting next_dagrun for latest_only to 2022-05-18T19:33:48.380942+00:00
[2022-05-18 23:33:48,390] {processor.py:171} INFO - Processing /home/airflow/.local/lib/python3.8/site-packages/airflow/example_dags/example_latest_only.py took 0.062 seconds
[2022-05-18 23:34:18,795] {processor.py:163} INFO - Started process (PID=1529) to work on /home/airflow/.local/lib/python3.8/site-packages/airflow/example_dags/example_latest_only.py
[2022-05-18 23:34:18,796] {processor.py:642} INFO - Processing file /home/airflow/.local/lib/python3.8/site-packages/airflow/example_dags/example_latest_only.py for tasks to queue
[2022-05-18 23:34:18,796] {logging_mixin.py:109} INFO - [2022-05-18 23:34:18,796] {dagbag.py:500} INFO - Filling up the DagBag from /home/airflow/.local/lib/python3.8/site-packages/airflow/example_dags/example_latest_only.py
[2022-05-18 23:34:18,823] {processor.py:654} INFO - DAG(s) dict_keys(['latest_only']) retrieved from /home/airflow/.local/lib/python3.8/site-packages/airflow/example_dags/example_latest_only.py
[2022-05-18 23:34:18,831] {logging_mixin.py:109} INFO - [2022-05-18 23:34:18,831] {dag.py:2398} INFO - Sync 1 DAGs
[2022-05-18 23:34:18,845] {logging_mixin.py:109} INFO - [2022-05-18 23:34:18,845] {dag.py:2937} INFO - Setting next_dagrun for latest_only to 2022-05-18T19:34:18.845631+00:00
[2022-05-18 23:34:18,855] {processor.py:171} INFO - Processing /home/airflow/.local/lib/python3.8/site-packages/airflow/example_dags/example_latest_only.py took 0.062 seconds
[2022-05-18 23:34:49,204] {processor.py:163} INFO - Started process (PID=1613) to work on /home/airflow/.local/lib/python3.8/site-packages/airflow/example_dags/example_latest_only.py
[2022-05-18 23:34:49,205] {processor.py:642} INFO - Processing file /home/airflow/.local/lib/python3.8/site-packages/airflow/example_dags/example_latest_only.py for tasks to queue
[2022-05-18 23:34:49,205] {logging_mixin.py:109} INFO - [2022-05-18 23:34:49,205] {dagbag.py:500} INFO - Filling up the DagBag from /home/airflow/.local/lib/python3.8/site-packages/airflow/example_dags/example_latest_only.py
[2022-05-18 23:34:49,236] {processor.py:654} INFO - DAG(s) dict_keys(['latest_only']) retrieved from /home/airflow/.local/lib/python3.8/site-packages/airflow/example_dags/example_latest_only.py
[2022-05-18 23:34:49,245] {logging_mixin.py:109} INFO - [2022-05-18 23:34:49,245] {dag.py:2398} INFO - Sync 1 DAGs
[2022-05-18 23:34:49,259] {logging_mixin.py:109} INFO - [2022-05-18 23:34:49,259] {dag.py:2937} INFO - Setting next_dagrun for latest_only to 2022-05-18T19:34:49.258766+00:00
[2022-05-18 23:34:49,268] {processor.py:171} INFO - Processing /home/airflow/.local/lib/python3.8/site-packages/airflow/example_dags/example_latest_only.py took 0.067 seconds
[2022-05-18 23:35:19,777] {processor.py:163} INFO - Started process (PID=1706) to work on /home/airflow/.local/lib/python3.8/site-packages/airflow/example_dags/example_latest_only.py
[2022-05-18 23:35:19,778] {processor.py:642} INFO - Processing file /home/airflow/.local/lib/python3.8/site-packages/airflow/example_dags/example_latest_only.py for tasks to queue
[2022-05-18 23:35:19,779] {logging_mixin.py:109} INFO - [2022-05-18 23:35:19,779] {dagbag.py:500} INFO - Filling up the DagBag from /home/airflow/.local/lib/python3.8/site-packages/airflow/example_dags/example_latest_only.py
[2022-05-18 23:35:19,820] {processor.py:654} INFO - DAG(s) dict_keys(['latest_only']) retrieved from /home/airflow/.local/lib/python3.8/site-packages/airflow/example_dags/example_latest_only.py
[2022-05-18 23:35:19,832] {logging_mixin.py:109} INFO - [2022-05-18 23:35:19,832] {dag.py:2398} INFO - Sync 1 DAGs
[2022-05-18 23:35:19,850] {logging_mixin.py:109} INFO - [2022-05-18 23:35:19,850] {dag.py:2937} INFO - Setting next_dagrun for latest_only to 2022-05-18T19:35:19.850063+00:00
[2022-05-18 23:35:19,863] {processor.py:171} INFO - Processing /home/airflow/.local/lib/python3.8/site-packages/airflow/example_dags/example_latest_only.py took 0.089 seconds
[2022-05-18 23:35:49,914] {processor.py:163} INFO - Started process (PID=1791) to work on /home/airflow/.local/lib/python3.8/site-packages/airflow/example_dags/example_latest_only.py
[2022-05-18 23:35:49,915] {processor.py:642} INFO - Processing file /home/airflow/.local/lib/python3.8/site-packages/airflow/example_dags/example_latest_only.py for tasks to queue
[2022-05-18 23:35:49,915] {logging_mixin.py:109} INFO - [2022-05-18 23:35:49,915] {dagbag.py:500} INFO - Filling up the DagBag from /home/airflow/.local/lib/python3.8/site-packages/airflow/example_dags/example_latest_only.py
[2022-05-18 23:35:49,938] {processor.py:654} INFO - DAG(s) dict_keys(['latest_only']) retrieved from /home/airflow/.local/lib/python3.8/site-packages/airflow/example_dags/example_latest_only.py
[2022-05-18 23:35:49,948] {logging_mixin.py:109} INFO - [2022-05-18 23:35:49,948] {dag.py:2398} INFO - Sync 1 DAGs
[2022-05-18 23:35:49,963] {logging_mixin.py:109} INFO - [2022-05-18 23:35:49,962] {dag.py:2937} INFO - Setting next_dagrun for latest_only to 2022-05-18T19:35:49.962749+00:00
[2022-05-18 23:35:49,975] {processor.py:171} INFO - Processing /home/airflow/.local/lib/python3.8/site-packages/airflow/example_dags/example_latest_only.py took 0.063 seconds
[2022-05-18 23:36:21,035] {processor.py:163} INFO - Started process (PID=1875) to work on /home/airflow/.local/lib/python3.8/site-packages/airflow/example_dags/example_latest_only.py
[2022-05-18 23:36:21,043] {processor.py:642} INFO - Processing file /home/airflow/.local/lib/python3.8/site-packages/airflow/example_dags/example_latest_only.py for tasks to queue
[2022-05-18 23:36:21,043] {logging_mixin.py:109} INFO - [2022-05-18 23:36:21,043] {dagbag.py:500} INFO - Filling up the DagBag from /home/airflow/.local/lib/python3.8/site-packages/airflow/example_dags/example_latest_only.py
[2022-05-18 23:36:21,069] {processor.py:654} INFO - DAG(s) dict_keys(['latest_only']) retrieved from /home/airflow/.local/lib/python3.8/site-packages/airflow/example_dags/example_latest_only.py
[2022-05-18 23:36:21,080] {logging_mixin.py:109} INFO - [2022-05-18 23:36:21,080] {dag.py:2398} INFO - Sync 1 DAGs
[2022-05-18 23:36:21,095] {logging_mixin.py:109} INFO - [2022-05-18 23:36:21,094] {dag.py:2937} INFO - Setting next_dagrun for latest_only to 2022-05-18T19:36:21.094786+00:00
[2022-05-18 23:36:21,106] {processor.py:171} INFO - Processing /home/airflow/.local/lib/python3.8/site-packages/airflow/example_dags/example_latest_only.py took 0.073 seconds
[2022-05-18 23:36:51,764] {processor.py:163} INFO - Started process (PID=1968) to work on /home/airflow/.local/lib/python3.8/site-packages/airflow/example_dags/example_latest_only.py
[2022-05-18 23:36:51,765] {processor.py:642} INFO - Processing file /home/airflow/.local/lib/python3.8/site-packages/airflow/example_dags/example_latest_only.py for tasks to queue
[2022-05-18 23:36:51,766] {logging_mixin.py:109} INFO - [2022-05-18 23:36:51,766] {dagbag.py:500} INFO - Filling up the DagBag from /home/airflow/.local/lib/python3.8/site-packages/airflow/example_dags/example_latest_only.py
[2022-05-18 23:36:51,791] {processor.py:654} INFO - DAG(s) dict_keys(['latest_only']) retrieved from /home/airflow/.local/lib/python3.8/site-packages/airflow/example_dags/example_latest_only.py
[2022-05-18 23:36:51,802] {logging_mixin.py:109} INFO - [2022-05-18 23:36:51,802] {dag.py:2398} INFO - Sync 1 DAGs
[2022-05-18 23:36:51,815] {logging_mixin.py:109} INFO - [2022-05-18 23:36:51,815] {dag.py:2937} INFO - Setting next_dagrun for latest_only to 2022-05-18T19:36:51.815645+00:00
[2022-05-18 23:36:51,825] {processor.py:171} INFO - Processing /home/airflow/.local/lib/python3.8/site-packages/airflow/example_dags/example_latest_only.py took 0.063 seconds
[2022-05-18 23:37:22,427] {processor.py:163} INFO - Started process (PID=2053) to work on /home/airflow/.local/lib/python3.8/site-packages/airflow/example_dags/example_latest_only.py
[2022-05-18 23:37:22,429] {processor.py:642} INFO - Processing file /home/airflow/.local/lib/python3.8/site-packages/airflow/example_dags/example_latest_only.py for tasks to queue
[2022-05-18 23:37:22,430] {logging_mixin.py:109} INFO - [2022-05-18 23:37:22,429] {dagbag.py:500} INFO - Filling up the DagBag from /home/airflow/.local/lib/python3.8/site-packages/airflow/example_dags/example_latest_only.py
[2022-05-18 23:37:22,456] {processor.py:654} INFO - DAG(s) dict_keys(['latest_only']) retrieved from /home/airflow/.local/lib/python3.8/site-packages/airflow/example_dags/example_latest_only.py
[2022-05-18 23:37:22,472] {logging_mixin.py:109} INFO - [2022-05-18 23:37:22,472] {dag.py:2398} INFO - Sync 1 DAGs
[2022-05-18 23:37:22,487] {logging_mixin.py:109} INFO - [2022-05-18 23:37:22,487] {dag.py:2937} INFO - Setting next_dagrun for latest_only to 2022-05-18T19:37:22.487110+00:00
[2022-05-18 23:37:22,496] {processor.py:171} INFO - Processing /home/airflow/.local/lib/python3.8/site-packages/airflow/example_dags/example_latest_only.py took 0.071 seconds
[2022-05-18 23:37:52,773] {processor.py:163} INFO - Started process (PID=2146) to work on /home/airflow/.local/lib/python3.8/site-packages/airflow/example_dags/example_latest_only.py
[2022-05-18 23:37:52,774] {processor.py:642} INFO - Processing file /home/airflow/.local/lib/python3.8/site-packages/airflow/example_dags/example_latest_only.py for tasks to queue
[2022-05-18 23:37:52,774] {logging_mixin.py:109} INFO - [2022-05-18 23:37:52,774] {dagbag.py:500} INFO - Filling up the DagBag from /home/airflow/.local/lib/python3.8/site-packages/airflow/example_dags/example_latest_only.py
[2022-05-18 23:37:52,806] {processor.py:654} INFO - DAG(s) dict_keys(['latest_only']) retrieved from /home/airflow/.local/lib/python3.8/site-packages/airflow/example_dags/example_latest_only.py
[2022-05-18 23:37:52,816] {logging_mixin.py:109} INFO - [2022-05-18 23:37:52,816] {dag.py:2398} INFO - Sync 1 DAGs
[2022-05-18 23:37:52,832] {logging_mixin.py:109} INFO - [2022-05-18 23:37:52,832] {dag.py:2937} INFO - Setting next_dagrun for latest_only to 2022-05-18T19:37:52.832001+00:00
[2022-05-18 23:37:52,856] {processor.py:171} INFO - Processing /home/airflow/.local/lib/python3.8/site-packages/airflow/example_dags/example_latest_only.py took 0.086 seconds
[2022-05-18 23:38:22,980] {processor.py:163} INFO - Started process (PID=2231) to work on /home/airflow/.local/lib/python3.8/site-packages/airflow/example_dags/example_latest_only.py
[2022-05-18 23:38:22,990] {processor.py:642} INFO - Processing file /home/airflow/.local/lib/python3.8/site-packages/airflow/example_dags/example_latest_only.py for tasks to queue
[2022-05-18 23:38:22,991] {logging_mixin.py:109} INFO - [2022-05-18 23:38:22,991] {dagbag.py:500} INFO - Filling up the DagBag from /home/airflow/.local/lib/python3.8/site-packages/airflow/example_dags/example_latest_only.py
[2022-05-18 23:38:23,024] {processor.py:654} INFO - DAG(s) dict_keys(['latest_only']) retrieved from /home/airflow/.local/lib/python3.8/site-packages/airflow/example_dags/example_latest_only.py
[2022-05-18 23:38:23,037] {logging_mixin.py:109} INFO - [2022-05-18 23:38:23,037] {dag.py:2398} INFO - Sync 1 DAGs
[2022-05-18 23:38:23,052] {logging_mixin.py:109} INFO - [2022-05-18 23:38:23,052] {dag.py:2937} INFO - Setting next_dagrun for latest_only to 2022-05-18T19:38:23.051763+00:00
[2022-05-18 23:38:23,068] {processor.py:171} INFO - Processing /home/airflow/.local/lib/python3.8/site-packages/airflow/example_dags/example_latest_only.py took 0.089 seconds
[2022-05-18 23:38:53,353] {processor.py:163} INFO - Started process (PID=2317) to work on /home/airflow/.local/lib/python3.8/site-packages/airflow/example_dags/example_latest_only.py
[2022-05-18 23:38:53,353] {processor.py:642} INFO - Processing file /home/airflow/.local/lib/python3.8/site-packages/airflow/example_dags/example_latest_only.py for tasks to queue
[2022-05-18 23:38:53,354] {logging_mixin.py:109} INFO - [2022-05-18 23:38:53,354] {dagbag.py:500} INFO - Filling up the DagBag from /home/airflow/.local/lib/python3.8/site-packages/airflow/example_dags/example_latest_only.py
[2022-05-18 23:38:53,377] {processor.py:654} INFO - DAG(s) dict_keys(['latest_only']) retrieved from /home/airflow/.local/lib/python3.8/site-packages/airflow/example_dags/example_latest_only.py
[2022-05-18 23:38:53,386] {logging_mixin.py:109} INFO - [2022-05-18 23:38:53,385] {dag.py:2398} INFO - Sync 1 DAGs
[2022-05-18 23:38:53,398] {logging_mixin.py:109} INFO - [2022-05-18 23:38:53,398] {dag.py:2937} INFO - Setting next_dagrun for latest_only to 2022-05-18T19:38:53.398454+00:00
[2022-05-18 23:38:53,407] {processor.py:171} INFO - Processing /home/airflow/.local/lib/python3.8/site-packages/airflow/example_dags/example_latest_only.py took 0.057 seconds
[2022-05-18 23:39:23,761] {processor.py:163} INFO - Started process (PID=2410) to work on /home/airflow/.local/lib/python3.8/site-packages/airflow/example_dags/example_latest_only.py
[2022-05-18 23:39:23,763] {processor.py:642} INFO - Processing file /home/airflow/.local/lib/python3.8/site-packages/airflow/example_dags/example_latest_only.py for tasks to queue
[2022-05-18 23:39:23,764] {logging_mixin.py:109} INFO - [2022-05-18 23:39:23,764] {dagbag.py:500} INFO - Filling up the DagBag from /home/airflow/.local/lib/python3.8/site-packages/airflow/example_dags/example_latest_only.py
[2022-05-18 23:39:23,794] {processor.py:654} INFO - DAG(s) dict_keys(['latest_only']) retrieved from /home/airflow/.local/lib/python3.8/site-packages/airflow/example_dags/example_latest_only.py
[2022-05-18 23:39:23,810] {logging_mixin.py:109} INFO - [2022-05-18 23:39:23,809] {dag.py:2398} INFO - Sync 1 DAGs
[2022-05-18 23:39:23,835] {logging_mixin.py:109} INFO - [2022-05-18 23:39:23,835] {dag.py:2937} INFO - Setting next_dagrun for latest_only to 2022-05-18T19:39:23.834700+00:00
[2022-05-18 23:39:23,859] {processor.py:171} INFO - Processing /home/airflow/.local/lib/python3.8/site-packages/airflow/example_dags/example_latest_only.py took 0.101 seconds
[2022-05-18 23:39:54,020] {processor.py:163} INFO - Started process (PID=2494) to work on /home/airflow/.local/lib/python3.8/site-packages/airflow/example_dags/example_latest_only.py
[2022-05-18 23:39:54,021] {processor.py:642} INFO - Processing file /home/airflow/.local/lib/python3.8/site-packages/airflow/example_dags/example_latest_only.py for tasks to queue
[2022-05-18 23:39:54,021] {logging_mixin.py:109} INFO - [2022-05-18 23:39:54,021] {dagbag.py:500} INFO - Filling up the DagBag from /home/airflow/.local/lib/python3.8/site-packages/airflow/example_dags/example_latest_only.py
[2022-05-18 23:39:54,054] {processor.py:654} INFO - DAG(s) dict_keys(['latest_only']) retrieved from /home/airflow/.local/lib/python3.8/site-packages/airflow/example_dags/example_latest_only.py
[2022-05-18 23:39:54,066] {logging_mixin.py:109} INFO - [2022-05-18 23:39:54,066] {dag.py:2398} INFO - Sync 1 DAGs
[2022-05-18 23:39:54,082] {logging_mixin.py:109} INFO - [2022-05-18 23:39:54,082] {dag.py:2937} INFO - Setting next_dagrun for latest_only to 2022-05-18T19:39:54.082070+00:00
[2022-05-18 23:39:54,092] {processor.py:171} INFO - Processing /home/airflow/.local/lib/python3.8/site-packages/airflow/example_dags/example_latest_only.py took 0.074 seconds
[2022-05-18 23:40:25,099] {processor.py:163} INFO - Started process (PID=2579) to work on /home/airflow/.local/lib/python3.8/site-packages/airflow/example_dags/example_latest_only.py
[2022-05-18 23:40:25,100] {processor.py:642} INFO - Processing file /home/airflow/.local/lib/python3.8/site-packages/airflow/example_dags/example_latest_only.py for tasks to queue
[2022-05-18 23:40:25,101] {logging_mixin.py:109} INFO - [2022-05-18 23:40:25,101] {dagbag.py:500} INFO - Filling up the DagBag from /home/airflow/.local/lib/python3.8/site-packages/airflow/example_dags/example_latest_only.py
[2022-05-18 23:40:25,150] {processor.py:654} INFO - DAG(s) dict_keys(['latest_only']) retrieved from /home/airflow/.local/lib/python3.8/site-packages/airflow/example_dags/example_latest_only.py
[2022-05-18 23:40:25,164] {logging_mixin.py:109} INFO - [2022-05-18 23:40:25,164] {dag.py:2398} INFO - Sync 1 DAGs
[2022-05-18 23:40:25,181] {logging_mixin.py:109} INFO - [2022-05-18 23:40:25,181] {dag.py:2937} INFO - Setting next_dagrun for latest_only to 2022-05-18T19:40:25.181042+00:00
[2022-05-18 23:40:25,192] {processor.py:171} INFO - Processing /home/airflow/.local/lib/python3.8/site-packages/airflow/example_dags/example_latest_only.py took 0.096 seconds
[2022-05-18 23:40:55,269] {processor.py:163} INFO - Started process (PID=2655) to work on /home/airflow/.local/lib/python3.8/site-packages/airflow/example_dags/example_latest_only.py
[2022-05-18 23:40:55,270] {processor.py:642} INFO - Processing file /home/airflow/.local/lib/python3.8/site-packages/airflow/example_dags/example_latest_only.py for tasks to queue
[2022-05-18 23:40:55,271] {logging_mixin.py:109} INFO - [2022-05-18 23:40:55,271] {dagbag.py:500} INFO - Filling up the DagBag from /home/airflow/.local/lib/python3.8/site-packages/airflow/example_dags/example_latest_only.py
[2022-05-18 23:40:55,313] {processor.py:654} INFO - DAG(s) dict_keys(['latest_only']) retrieved from /home/airflow/.local/lib/python3.8/site-packages/airflow/example_dags/example_latest_only.py
[2022-05-18 23:40:55,330] {logging_mixin.py:109} INFO - [2022-05-18 23:40:55,330] {dag.py:2398} INFO - Sync 1 DAGs
[2022-05-18 23:40:55,350] {logging_mixin.py:109} INFO - [2022-05-18 23:40:55,350] {dag.py:2937} INFO - Setting next_dagrun for latest_only to 2022-05-18T19:40:55.350386+00:00
[2022-05-18 23:40:55,371] {processor.py:171} INFO - Processing /home/airflow/.local/lib/python3.8/site-packages/airflow/example_dags/example_latest_only.py took 0.105 seconds
[2022-05-18 23:41:25,466] {processor.py:163} INFO - Started process (PID=2740) to work on /home/airflow/.local/lib/python3.8/site-packages/airflow/example_dags/example_latest_only.py
[2022-05-18 23:41:25,467] {processor.py:642} INFO - Processing file /home/airflow/.local/lib/python3.8/site-packages/airflow/example_dags/example_latest_only.py for tasks to queue
[2022-05-18 23:41:25,468] {logging_mixin.py:109} INFO - [2022-05-18 23:41:25,468] {dagbag.py:500} INFO - Filling up the DagBag from /home/airflow/.local/lib/python3.8/site-packages/airflow/example_dags/example_latest_only.py
[2022-05-18 23:41:25,492] {processor.py:654} INFO - DAG(s) dict_keys(['latest_only']) retrieved from /home/airflow/.local/lib/python3.8/site-packages/airflow/example_dags/example_latest_only.py
[2022-05-18 23:41:25,501] {logging_mixin.py:109} INFO - [2022-05-18 23:41:25,501] {dag.py:2398} INFO - Sync 1 DAGs
[2022-05-18 23:41:25,515] {logging_mixin.py:109} INFO - [2022-05-18 23:41:25,515] {dag.py:2937} INFO - Setting next_dagrun for latest_only to 2022-05-18T19:41:25.514771+00:00
[2022-05-18 23:41:25,525] {processor.py:171} INFO - Processing /home/airflow/.local/lib/python3.8/site-packages/airflow/example_dags/example_latest_only.py took 0.061 seconds
[2022-05-18 23:41:55,912] {processor.py:163} INFO - Started process (PID=2824) to work on /home/airflow/.local/lib/python3.8/site-packages/airflow/example_dags/example_latest_only.py
[2022-05-18 23:41:55,913] {processor.py:642} INFO - Processing file /home/airflow/.local/lib/python3.8/site-packages/airflow/example_dags/example_latest_only.py for tasks to queue
[2022-05-18 23:41:55,913] {logging_mixin.py:109} INFO - [2022-05-18 23:41:55,913] {dagbag.py:500} INFO - Filling up the DagBag from /home/airflow/.local/lib/python3.8/site-packages/airflow/example_dags/example_latest_only.py
[2022-05-18 23:41:56,035] {processor.py:654} INFO - DAG(s) dict_keys(['latest_only']) retrieved from /home/airflow/.local/lib/python3.8/site-packages/airflow/example_dags/example_latest_only.py
[2022-05-18 23:41:56,052] {logging_mixin.py:109} INFO - [2022-05-18 23:41:56,052] {dag.py:2398} INFO - Sync 1 DAGs
[2022-05-18 23:41:56,086] {logging_mixin.py:109} INFO - [2022-05-18 23:41:56,086] {dag.py:2937} INFO - Setting next_dagrun for latest_only to 2022-05-18T19:41:56.086206+00:00
[2022-05-18 23:41:56,101] {processor.py:171} INFO - Processing /home/airflow/.local/lib/python3.8/site-packages/airflow/example_dags/example_latest_only.py took 0.191 seconds
[2022-05-18 23:42:26,565] {processor.py:163} INFO - Started process (PID=2918) to work on /home/airflow/.local/lib/python3.8/site-packages/airflow/example_dags/example_latest_only.py
[2022-05-18 23:42:26,567] {processor.py:642} INFO - Processing file /home/airflow/.local/lib/python3.8/site-packages/airflow/example_dags/example_latest_only.py for tasks to queue
[2022-05-18 23:42:26,567] {logging_mixin.py:109} INFO - [2022-05-18 23:42:26,567] {dagbag.py:500} INFO - Filling up the DagBag from /home/airflow/.local/lib/python3.8/site-packages/airflow/example_dags/example_latest_only.py
[2022-05-18 23:42:26,590] {processor.py:654} INFO - DAG(s) dict_keys(['latest_only']) retrieved from /home/airflow/.local/lib/python3.8/site-packages/airflow/example_dags/example_latest_only.py
[2022-05-18 23:42:26,598] {logging_mixin.py:109} INFO - [2022-05-18 23:42:26,598] {dag.py:2398} INFO - Sync 1 DAGs
[2022-05-18 23:42:26,611] {logging_mixin.py:109} INFO - [2022-05-18 23:42:26,611] {dag.py:2937} INFO - Setting next_dagrun for latest_only to 2022-05-18T19:42:26.611390+00:00
[2022-05-18 23:42:26,620] {processor.py:171} INFO - Processing /home/airflow/.local/lib/python3.8/site-packages/airflow/example_dags/example_latest_only.py took 0.057 seconds
[2022-05-18 23:42:57,008] {processor.py:163} INFO - Started process (PID=2986) to work on /home/airflow/.local/lib/python3.8/site-packages/airflow/example_dags/example_latest_only.py
[2022-05-18 23:42:57,009] {processor.py:642} INFO - Processing file /home/airflow/.local/lib/python3.8/site-packages/airflow/example_dags/example_latest_only.py for tasks to queue
[2022-05-18 23:42:57,009] {logging_mixin.py:109} INFO - [2022-05-18 23:42:57,009] {dagbag.py:500} INFO - Filling up the DagBag from /home/airflow/.local/lib/python3.8/site-packages/airflow/example_dags/example_latest_only.py
[2022-05-18 23:42:57,043] {processor.py:654} INFO - DAG(s) dict_keys(['latest_only']) retrieved from /home/airflow/.local/lib/python3.8/site-packages/airflow/example_dags/example_latest_only.py
[2022-05-18 23:42:57,053] {logging_mixin.py:109} INFO - [2022-05-18 23:42:57,053] {dag.py:2398} INFO - Sync 1 DAGs
[2022-05-18 23:42:57,124] {logging_mixin.py:109} INFO - [2022-05-18 23:42:57,124] {dag.py:2937} INFO - Setting next_dagrun for latest_only to 2022-05-18T19:42:57.117751+00:00
[2022-05-18 23:42:57,148] {processor.py:171} INFO - Processing /home/airflow/.local/lib/python3.8/site-packages/airflow/example_dags/example_latest_only.py took 0.143 seconds
[2022-05-18 23:43:27,261] {processor.py:163} INFO - Started process (PID=3078) to work on /home/airflow/.local/lib/python3.8/site-packages/airflow/example_dags/example_latest_only.py
[2022-05-18 23:43:27,261] {processor.py:642} INFO - Processing file /home/airflow/.local/lib/python3.8/site-packages/airflow/example_dags/example_latest_only.py for tasks to queue
[2022-05-18 23:43:27,262] {logging_mixin.py:109} INFO - [2022-05-18 23:43:27,262] {dagbag.py:500} INFO - Filling up the DagBag from /home/airflow/.local/lib/python3.8/site-packages/airflow/example_dags/example_latest_only.py
[2022-05-18 23:43:27,295] {processor.py:654} INFO - DAG(s) dict_keys(['latest_only']) retrieved from /home/airflow/.local/lib/python3.8/site-packages/airflow/example_dags/example_latest_only.py
[2022-05-18 23:43:27,305] {logging_mixin.py:109} INFO - [2022-05-18 23:43:27,305] {dag.py:2398} INFO - Sync 1 DAGs
[2022-05-18 23:43:27,322] {logging_mixin.py:109} INFO - [2022-05-18 23:43:27,322] {dag.py:2937} INFO - Setting next_dagrun for latest_only to 2022-05-18T19:43:27.321929+00:00
[2022-05-18 23:43:27,335] {processor.py:171} INFO - Processing /home/airflow/.local/lib/python3.8/site-packages/airflow/example_dags/example_latest_only.py took 0.078 seconds
[2022-05-18 23:43:57,424] {processor.py:163} INFO - Started process (PID=3182) to work on /home/airflow/.local/lib/python3.8/site-packages/airflow/example_dags/example_latest_only.py
[2022-05-18 23:43:57,425] {processor.py:642} INFO - Processing file /home/airflow/.local/lib/python3.8/site-packages/airflow/example_dags/example_latest_only.py for tasks to queue
[2022-05-18 23:43:57,426] {logging_mixin.py:109} INFO - [2022-05-18 23:43:57,426] {dagbag.py:500} INFO - Filling up the DagBag from /home/airflow/.local/lib/python3.8/site-packages/airflow/example_dags/example_latest_only.py
[2022-05-18 23:43:57,454] {processor.py:654} INFO - DAG(s) dict_keys(['latest_only']) retrieved from /home/airflow/.local/lib/python3.8/site-packages/airflow/example_dags/example_latest_only.py
[2022-05-18 23:43:57,466] {logging_mixin.py:109} INFO - [2022-05-18 23:43:57,466] {dag.py:2398} INFO - Sync 1 DAGs
[2022-05-18 23:43:57,481] {logging_mixin.py:109} INFO - [2022-05-18 23:43:57,481] {dag.py:2937} INFO - Setting next_dagrun for latest_only to 2022-05-18T19:43:57.481035+00:00
[2022-05-18 23:43:57,491] {processor.py:171} INFO - Processing /home/airflow/.local/lib/python3.8/site-packages/airflow/example_dags/example_latest_only.py took 0.069 seconds
[2022-05-18 23:44:28,376] {processor.py:163} INFO - Started process (PID=3285) to work on /home/airflow/.local/lib/python3.8/site-packages/airflow/example_dags/example_latest_only.py
[2022-05-18 23:44:28,377] {processor.py:642} INFO - Processing file /home/airflow/.local/lib/python3.8/site-packages/airflow/example_dags/example_latest_only.py for tasks to queue
[2022-05-18 23:44:28,377] {logging_mixin.py:109} INFO - [2022-05-18 23:44:28,377] {dagbag.py:500} INFO - Filling up the DagBag from /home/airflow/.local/lib/python3.8/site-packages/airflow/example_dags/example_latest_only.py
[2022-05-18 23:44:28,402] {processor.py:654} INFO - DAG(s) dict_keys(['latest_only']) retrieved from /home/airflow/.local/lib/python3.8/site-packages/airflow/example_dags/example_latest_only.py
[2022-05-18 23:44:28,416] {logging_mixin.py:109} INFO - [2022-05-18 23:44:28,415] {dag.py:2398} INFO - Sync 1 DAGs
[2022-05-18 23:44:28,429] {logging_mixin.py:109} INFO - [2022-05-18 23:44:28,429] {dag.py:2937} INFO - Setting next_dagrun for latest_only to 2022-05-18T19:44:28.429482+00:00
[2022-05-18 23:44:28,440] {processor.py:171} INFO - Processing /home/airflow/.local/lib/python3.8/site-packages/airflow/example_dags/example_latest_only.py took 0.066 seconds
[2022-05-18 23:44:59,469] {processor.py:163} INFO - Started process (PID=3396) to work on /home/airflow/.local/lib/python3.8/site-packages/airflow/example_dags/example_latest_only.py
[2022-05-18 23:44:59,470] {processor.py:642} INFO - Processing file /home/airflow/.local/lib/python3.8/site-packages/airflow/example_dags/example_latest_only.py for tasks to queue
[2022-05-18 23:44:59,470] {logging_mixin.py:109} INFO - [2022-05-18 23:44:59,470] {dagbag.py:500} INFO - Filling up the DagBag from /home/airflow/.local/lib/python3.8/site-packages/airflow/example_dags/example_latest_only.py
[2022-05-18 23:44:59,498] {processor.py:654} INFO - DAG(s) dict_keys(['latest_only']) retrieved from /home/airflow/.local/lib/python3.8/site-packages/airflow/example_dags/example_latest_only.py
[2022-05-18 23:44:59,506] {logging_mixin.py:109} INFO - [2022-05-18 23:44:59,505] {dag.py:2398} INFO - Sync 1 DAGs
[2022-05-18 23:44:59,521] {logging_mixin.py:109} INFO - [2022-05-18 23:44:59,521] {dag.py:2937} INFO - Setting next_dagrun for latest_only to 2022-05-18T19:44:59.521452+00:00
[2022-05-18 23:44:59,534] {processor.py:171} INFO - Processing /home/airflow/.local/lib/python3.8/site-packages/airflow/example_dags/example_latest_only.py took 0.068 seconds
[2022-05-18 23:45:29,915] {processor.py:163} INFO - Started process (PID=3482) to work on /home/airflow/.local/lib/python3.8/site-packages/airflow/example_dags/example_latest_only.py
[2022-05-18 23:45:29,917] {processor.py:642} INFO - Processing file /home/airflow/.local/lib/python3.8/site-packages/airflow/example_dags/example_latest_only.py for tasks to queue
[2022-05-18 23:45:29,918] {logging_mixin.py:109} INFO - [2022-05-18 23:45:29,918] {dagbag.py:500} INFO - Filling up the DagBag from /home/airflow/.local/lib/python3.8/site-packages/airflow/example_dags/example_latest_only.py
[2022-05-18 23:45:29,968] {processor.py:654} INFO - DAG(s) dict_keys(['latest_only']) retrieved from /home/airflow/.local/lib/python3.8/site-packages/airflow/example_dags/example_latest_only.py
[2022-05-18 23:45:29,993] {logging_mixin.py:109} INFO - [2022-05-18 23:45:29,992] {dag.py:2398} INFO - Sync 1 DAGs
[2022-05-18 23:45:30,020] {logging_mixin.py:109} INFO - [2022-05-18 23:45:30,020] {dag.py:2937} INFO - Setting next_dagrun for latest_only to 2022-05-18T19:45:30.020057+00:00
[2022-05-18 23:45:30,037] {processor.py:171} INFO - Processing /home/airflow/.local/lib/python3.8/site-packages/airflow/example_dags/example_latest_only.py took 0.124 seconds
[2022-05-18 23:46:00,371] {processor.py:163} INFO - Started process (PID=3567) to work on /home/airflow/.local/lib/python3.8/site-packages/airflow/example_dags/example_latest_only.py
[2022-05-18 23:46:00,372] {processor.py:642} INFO - Processing file /home/airflow/.local/lib/python3.8/site-packages/airflow/example_dags/example_latest_only.py for tasks to queue
[2022-05-18 23:46:00,373] {logging_mixin.py:109} INFO - [2022-05-18 23:46:00,373] {dagbag.py:500} INFO - Filling up the DagBag from /home/airflow/.local/lib/python3.8/site-packages/airflow/example_dags/example_latest_only.py
[2022-05-18 23:46:00,407] {processor.py:654} INFO - DAG(s) dict_keys(['latest_only']) retrieved from /home/airflow/.local/lib/python3.8/site-packages/airflow/example_dags/example_latest_only.py
[2022-05-18 23:46:00,419] {logging_mixin.py:109} INFO - [2022-05-18 23:46:00,419] {dag.py:2398} INFO - Sync 1 DAGs
[2022-05-18 23:46:00,441] {logging_mixin.py:109} INFO - [2022-05-18 23:46:00,441] {dag.py:2937} INFO - Setting next_dagrun for latest_only to 2022-05-18T19:46:00.440934+00:00
[2022-05-18 23:46:00,454] {processor.py:171} INFO - Processing /home/airflow/.local/lib/python3.8/site-packages/airflow/example_dags/example_latest_only.py took 0.085 seconds
[2022-05-18 23:46:31,586] {processor.py:163} INFO - Started process (PID=3679) to work on /home/airflow/.local/lib/python3.8/site-packages/airflow/example_dags/example_latest_only.py
[2022-05-18 23:46:31,588] {processor.py:642} INFO - Processing file /home/airflow/.local/lib/python3.8/site-packages/airflow/example_dags/example_latest_only.py for tasks to queue
[2022-05-18 23:46:31,589] {logging_mixin.py:109} INFO - [2022-05-18 23:46:31,589] {dagbag.py:500} INFO - Filling up the DagBag from /home/airflow/.local/lib/python3.8/site-packages/airflow/example_dags/example_latest_only.py
[2022-05-18 23:46:31,706] {processor.py:654} INFO - DAG(s) dict_keys(['latest_only']) retrieved from /home/airflow/.local/lib/python3.8/site-packages/airflow/example_dags/example_latest_only.py
[2022-05-18 23:46:31,721] {logging_mixin.py:109} INFO - [2022-05-18 23:46:31,721] {dag.py:2398} INFO - Sync 1 DAGs
[2022-05-18 23:46:31,750] {logging_mixin.py:109} INFO - [2022-05-18 23:46:31,749] {dag.py:2937} INFO - Setting next_dagrun for latest_only to 2022-05-18T19:46:31.749719+00:00
[2022-05-18 23:46:31,772] {processor.py:171} INFO - Processing /home/airflow/.local/lib/python3.8/site-packages/airflow/example_dags/example_latest_only.py took 0.192 seconds
[2022-05-18 23:47:02,305] {processor.py:163} INFO - Started process (PID=3782) to work on /home/airflow/.local/lib/python3.8/site-packages/airflow/example_dags/example_latest_only.py
[2022-05-18 23:47:02,306] {processor.py:642} INFO - Processing file /home/airflow/.local/lib/python3.8/site-packages/airflow/example_dags/example_latest_only.py for tasks to queue
[2022-05-18 23:47:02,306] {logging_mixin.py:109} INFO - [2022-05-18 23:47:02,306] {dagbag.py:500} INFO - Filling up the DagBag from /home/airflow/.local/lib/python3.8/site-packages/airflow/example_dags/example_latest_only.py
[2022-05-18 23:47:02,332] {processor.py:654} INFO - DAG(s) dict_keys(['latest_only']) retrieved from /home/airflow/.local/lib/python3.8/site-packages/airflow/example_dags/example_latest_only.py
[2022-05-18 23:47:02,342] {logging_mixin.py:109} INFO - [2022-05-18 23:47:02,342] {dag.py:2398} INFO - Sync 1 DAGs
[2022-05-18 23:47:02,357] {logging_mixin.py:109} INFO - [2022-05-18 23:47:02,356] {dag.py:2937} INFO - Setting next_dagrun for latest_only to 2022-05-18T19:47:02.356776+00:00
[2022-05-18 23:47:02,367] {processor.py:171} INFO - Processing /home/airflow/.local/lib/python3.8/site-packages/airflow/example_dags/example_latest_only.py took 0.064 seconds
[2022-05-18 23:47:32,931] {processor.py:163} INFO - Started process (PID=3867) to work on /home/airflow/.local/lib/python3.8/site-packages/airflow/example_dags/example_latest_only.py
[2022-05-18 23:47:32,933] {processor.py:642} INFO - Processing file /home/airflow/.local/lib/python3.8/site-packages/airflow/example_dags/example_latest_only.py for tasks to queue
[2022-05-18 23:47:32,933] {logging_mixin.py:109} INFO - [2022-05-18 23:47:32,933] {dagbag.py:500} INFO - Filling up the DagBag from /home/airflow/.local/lib/python3.8/site-packages/airflow/example_dags/example_latest_only.py
[2022-05-18 23:47:32,960] {processor.py:654} INFO - DAG(s) dict_keys(['latest_only']) retrieved from /home/airflow/.local/lib/python3.8/site-packages/airflow/example_dags/example_latest_only.py
[2022-05-18 23:47:32,971] {logging_mixin.py:109} INFO - [2022-05-18 23:47:32,971] {dag.py:2398} INFO - Sync 1 DAGs
[2022-05-18 23:47:32,985] {logging_mixin.py:109} INFO - [2022-05-18 23:47:32,985] {dag.py:2937} INFO - Setting next_dagrun for latest_only to 2022-05-18T19:47:32.984981+00:00
[2022-05-18 23:47:32,996] {processor.py:171} INFO - Processing /home/airflow/.local/lib/python3.8/site-packages/airflow/example_dags/example_latest_only.py took 0.067 seconds
[2022-05-18 23:48:03,477] {processor.py:163} INFO - Started process (PID=3960) to work on /home/airflow/.local/lib/python3.8/site-packages/airflow/example_dags/example_latest_only.py
[2022-05-18 23:48:03,478] {processor.py:642} INFO - Processing file /home/airflow/.local/lib/python3.8/site-packages/airflow/example_dags/example_latest_only.py for tasks to queue
[2022-05-18 23:48:03,479] {logging_mixin.py:109} INFO - [2022-05-18 23:48:03,478] {dagbag.py:500} INFO - Filling up the DagBag from /home/airflow/.local/lib/python3.8/site-packages/airflow/example_dags/example_latest_only.py
[2022-05-18 23:48:03,508] {processor.py:654} INFO - DAG(s) dict_keys(['latest_only']) retrieved from /home/airflow/.local/lib/python3.8/site-packages/airflow/example_dags/example_latest_only.py
[2022-05-18 23:48:03,517] {logging_mixin.py:109} INFO - [2022-05-18 23:48:03,516] {dag.py:2398} INFO - Sync 1 DAGs
[2022-05-18 23:48:03,531] {logging_mixin.py:109} INFO - [2022-05-18 23:48:03,531] {dag.py:2937} INFO - Setting next_dagrun for latest_only to 2022-05-18T19:48:03.531359+00:00
[2022-05-18 23:48:03,541] {processor.py:171} INFO - Processing /home/airflow/.local/lib/python3.8/site-packages/airflow/example_dags/example_latest_only.py took 0.066 seconds
[2022-05-18 23:48:34,869] {processor.py:163} INFO - Started process (PID=4045) to work on /home/airflow/.local/lib/python3.8/site-packages/airflow/example_dags/example_latest_only.py
[2022-05-18 23:48:34,870] {processor.py:642} INFO - Processing file /home/airflow/.local/lib/python3.8/site-packages/airflow/example_dags/example_latest_only.py for tasks to queue
[2022-05-18 23:48:34,871] {logging_mixin.py:109} INFO - [2022-05-18 23:48:34,871] {dagbag.py:500} INFO - Filling up the DagBag from /home/airflow/.local/lib/python3.8/site-packages/airflow/example_dags/example_latest_only.py
[2022-05-18 23:48:34,912] {processor.py:654} INFO - DAG(s) dict_keys(['latest_only']) retrieved from /home/airflow/.local/lib/python3.8/site-packages/airflow/example_dags/example_latest_only.py
[2022-05-18 23:48:34,922] {logging_mixin.py:109} INFO - [2022-05-18 23:48:34,922] {dag.py:2398} INFO - Sync 1 DAGs
[2022-05-18 23:48:34,934] {logging_mixin.py:109} INFO - [2022-05-18 23:48:34,934] {dag.py:2937} INFO - Setting next_dagrun for latest_only to 2022-05-18T19:48:34.934097+00:00
[2022-05-18 23:48:34,946] {processor.py:171} INFO - Processing /home/airflow/.local/lib/python3.8/site-packages/airflow/example_dags/example_latest_only.py took 0.079 seconds
[2022-05-18 23:49:06,237] {processor.py:163} INFO - Started process (PID=4138) to work on /home/airflow/.local/lib/python3.8/site-packages/airflow/example_dags/example_latest_only.py
[2022-05-18 23:49:06,239] {processor.py:642} INFO - Processing file /home/airflow/.local/lib/python3.8/site-packages/airflow/example_dags/example_latest_only.py for tasks to queue
[2022-05-18 23:49:06,239] {logging_mixin.py:109} INFO - [2022-05-18 23:49:06,239] {dagbag.py:500} INFO - Filling up the DagBag from /home/airflow/.local/lib/python3.8/site-packages/airflow/example_dags/example_latest_only.py
[2022-05-18 23:49:06,274] {processor.py:654} INFO - DAG(s) dict_keys(['latest_only']) retrieved from /home/airflow/.local/lib/python3.8/site-packages/airflow/example_dags/example_latest_only.py
[2022-05-18 23:49:06,287] {logging_mixin.py:109} INFO - [2022-05-18 23:49:06,286] {dag.py:2398} INFO - Sync 1 DAGs
[2022-05-18 23:49:06,303] {logging_mixin.py:109} INFO - [2022-05-18 23:49:06,302] {dag.py:2937} INFO - Setting next_dagrun for latest_only to 2022-05-18T19:49:06.302797+00:00
[2022-05-18 23:49:06,318] {processor.py:171} INFO - Processing /home/airflow/.local/lib/python3.8/site-packages/airflow/example_dags/example_latest_only.py took 0.083 seconds
[2022-05-18 23:49:37,575] {processor.py:163} INFO - Started process (PID=4222) to work on /home/airflow/.local/lib/python3.8/site-packages/airflow/example_dags/example_latest_only.py
[2022-05-18 23:49:37,576] {processor.py:642} INFO - Processing file /home/airflow/.local/lib/python3.8/site-packages/airflow/example_dags/example_latest_only.py for tasks to queue
[2022-05-18 23:49:37,577] {logging_mixin.py:109} INFO - [2022-05-18 23:49:37,577] {dagbag.py:500} INFO - Filling up the DagBag from /home/airflow/.local/lib/python3.8/site-packages/airflow/example_dags/example_latest_only.py
[2022-05-18 23:49:37,611] {processor.py:654} INFO - DAG(s) dict_keys(['latest_only']) retrieved from /home/airflow/.local/lib/python3.8/site-packages/airflow/example_dags/example_latest_only.py
[2022-05-18 23:49:37,621] {logging_mixin.py:109} INFO - [2022-05-18 23:49:37,621] {dag.py:2398} INFO - Sync 1 DAGs
[2022-05-18 23:49:37,635] {logging_mixin.py:109} INFO - [2022-05-18 23:49:37,635] {dag.py:2937} INFO - Setting next_dagrun for latest_only to 2022-05-18T19:49:37.635007+00:00
[2022-05-18 23:49:37,646] {processor.py:171} INFO - Processing /home/airflow/.local/lib/python3.8/site-packages/airflow/example_dags/example_latest_only.py took 0.074 seconds
[2022-05-18 23:50:08,323] {processor.py:163} INFO - Started process (PID=4307) to work on /home/airflow/.local/lib/python3.8/site-packages/airflow/example_dags/example_latest_only.py
[2022-05-18 23:50:08,324] {processor.py:642} INFO - Processing file /home/airflow/.local/lib/python3.8/site-packages/airflow/example_dags/example_latest_only.py for tasks to queue
[2022-05-18 23:50:08,325] {logging_mixin.py:109} INFO - [2022-05-18 23:50:08,325] {dagbag.py:500} INFO - Filling up the DagBag from /home/airflow/.local/lib/python3.8/site-packages/airflow/example_dags/example_latest_only.py
[2022-05-18 23:50:08,352] {processor.py:654} INFO - DAG(s) dict_keys(['latest_only']) retrieved from /home/airflow/.local/lib/python3.8/site-packages/airflow/example_dags/example_latest_only.py
[2022-05-18 23:50:08,362] {logging_mixin.py:109} INFO - [2022-05-18 23:50:08,362] {dag.py:2398} INFO - Sync 1 DAGs
[2022-05-18 23:50:08,382] {logging_mixin.py:109} INFO - [2022-05-18 23:50:08,382] {dag.py:2937} INFO - Setting next_dagrun for latest_only to 2022-05-18T19:50:08.381979+00:00
[2022-05-18 23:50:08,395] {processor.py:171} INFO - Processing /home/airflow/.local/lib/python3.8/site-packages/airflow/example_dags/example_latest_only.py took 0.076 seconds
[2022-05-18 23:50:39,284] {processor.py:163} INFO - Started process (PID=4418) to work on /home/airflow/.local/lib/python3.8/site-packages/airflow/example_dags/example_latest_only.py
[2022-05-18 23:50:39,285] {processor.py:642} INFO - Processing file /home/airflow/.local/lib/python3.8/site-packages/airflow/example_dags/example_latest_only.py for tasks to queue
[2022-05-18 23:50:39,286] {logging_mixin.py:109} INFO - [2022-05-18 23:50:39,286] {dagbag.py:500} INFO - Filling up the DagBag from /home/airflow/.local/lib/python3.8/site-packages/airflow/example_dags/example_latest_only.py
[2022-05-18 23:50:39,329] {processor.py:654} INFO - DAG(s) dict_keys(['latest_only']) retrieved from /home/airflow/.local/lib/python3.8/site-packages/airflow/example_dags/example_latest_only.py
[2022-05-18 23:50:39,343] {logging_mixin.py:109} INFO - [2022-05-18 23:50:39,343] {dag.py:2398} INFO - Sync 1 DAGs
[2022-05-18 23:50:39,359] {logging_mixin.py:109} INFO - [2022-05-18 23:50:39,359] {dag.py:2937} INFO - Setting next_dagrun for latest_only to 2022-05-18T19:50:39.359122+00:00
[2022-05-18 23:50:39,369] {processor.py:171} INFO - Processing /home/airflow/.local/lib/python3.8/site-packages/airflow/example_dags/example_latest_only.py took 0.090 seconds
[2022-05-18 23:51:09,843] {processor.py:163} INFO - Started process (PID=4503) to work on /home/airflow/.local/lib/python3.8/site-packages/airflow/example_dags/example_latest_only.py
[2022-05-18 23:51:09,845] {processor.py:642} INFO - Processing file /home/airflow/.local/lib/python3.8/site-packages/airflow/example_dags/example_latest_only.py for tasks to queue
[2022-05-18 23:51:09,845] {logging_mixin.py:109} INFO - [2022-05-18 23:51:09,845] {dagbag.py:500} INFO - Filling up the DagBag from /home/airflow/.local/lib/python3.8/site-packages/airflow/example_dags/example_latest_only.py
[2022-05-18 23:51:09,872] {processor.py:654} INFO - DAG(s) dict_keys(['latest_only']) retrieved from /home/airflow/.local/lib/python3.8/site-packages/airflow/example_dags/example_latest_only.py
[2022-05-18 23:51:09,885] {logging_mixin.py:109} INFO - [2022-05-18 23:51:09,885] {dag.py:2398} INFO - Sync 1 DAGs
[2022-05-18 23:51:09,903] {logging_mixin.py:109} INFO - [2022-05-18 23:51:09,903] {dag.py:2937} INFO - Setting next_dagrun for latest_only to 2022-05-18T19:51:09.903215+00:00
[2022-05-18 23:51:09,914] {processor.py:171} INFO - Processing /home/airflow/.local/lib/python3.8/site-packages/airflow/example_dags/example_latest_only.py took 0.074 seconds
[2022-05-18 23:51:40,458] {processor.py:163} INFO - Started process (PID=4588) to work on /home/airflow/.local/lib/python3.8/site-packages/airflow/example_dags/example_latest_only.py
[2022-05-18 23:51:40,459] {processor.py:642} INFO - Processing file /home/airflow/.local/lib/python3.8/site-packages/airflow/example_dags/example_latest_only.py for tasks to queue
[2022-05-18 23:51:40,459] {logging_mixin.py:109} INFO - [2022-05-18 23:51:40,459] {dagbag.py:500} INFO - Filling up the DagBag from /home/airflow/.local/lib/python3.8/site-packages/airflow/example_dags/example_latest_only.py
[2022-05-18 23:51:40,499] {processor.py:654} INFO - DAG(s) dict_keys(['latest_only']) retrieved from /home/airflow/.local/lib/python3.8/site-packages/airflow/example_dags/example_latest_only.py
[2022-05-18 23:51:40,509] {logging_mixin.py:109} INFO - [2022-05-18 23:51:40,509] {dag.py:2398} INFO - Sync 1 DAGs
[2022-05-18 23:51:40,526] {logging_mixin.py:109} INFO - [2022-05-18 23:51:40,526] {dag.py:2937} INFO - Setting next_dagrun for latest_only to 2022-05-18T19:51:40.526538+00:00
[2022-05-18 23:51:40,539] {processor.py:171} INFO - Processing /home/airflow/.local/lib/python3.8/site-packages/airflow/example_dags/example_latest_only.py took 0.083 seconds
[2022-05-18 23:52:11,508] {processor.py:163} INFO - Started process (PID=4682) to work on /home/airflow/.local/lib/python3.8/site-packages/airflow/example_dags/example_latest_only.py
[2022-05-18 23:52:11,510] {processor.py:642} INFO - Processing file /home/airflow/.local/lib/python3.8/site-packages/airflow/example_dags/example_latest_only.py for tasks to queue
[2022-05-18 23:52:11,511] {logging_mixin.py:109} INFO - [2022-05-18 23:52:11,511] {dagbag.py:500} INFO - Filling up the DagBag from /home/airflow/.local/lib/python3.8/site-packages/airflow/example_dags/example_latest_only.py
[2022-05-18 23:52:11,543] {processor.py:654} INFO - DAG(s) dict_keys(['latest_only']) retrieved from /home/airflow/.local/lib/python3.8/site-packages/airflow/example_dags/example_latest_only.py
[2022-05-18 23:52:11,555] {logging_mixin.py:109} INFO - [2022-05-18 23:52:11,555] {dag.py:2398} INFO - Sync 1 DAGs
[2022-05-18 23:52:11,573] {logging_mixin.py:109} INFO - [2022-05-18 23:52:11,573] {dag.py:2937} INFO - Setting next_dagrun for latest_only to 2022-05-18T19:52:11.572882+00:00
[2022-05-18 23:52:11,589] {processor.py:171} INFO - Processing /home/airflow/.local/lib/python3.8/site-packages/airflow/example_dags/example_latest_only.py took 0.084 seconds
[2022-05-18 23:52:42,025] {processor.py:163} INFO - Started process (PID=4767) to work on /home/airflow/.local/lib/python3.8/site-packages/airflow/example_dags/example_latest_only.py
[2022-05-18 23:52:42,026] {processor.py:642} INFO - Processing file /home/airflow/.local/lib/python3.8/site-packages/airflow/example_dags/example_latest_only.py for tasks to queue
[2022-05-18 23:52:42,027] {logging_mixin.py:109} INFO - [2022-05-18 23:52:42,027] {dagbag.py:500} INFO - Filling up the DagBag from /home/airflow/.local/lib/python3.8/site-packages/airflow/example_dags/example_latest_only.py
[2022-05-18 23:52:42,052] {processor.py:654} INFO - DAG(s) dict_keys(['latest_only']) retrieved from /home/airflow/.local/lib/python3.8/site-packages/airflow/example_dags/example_latest_only.py
[2022-05-18 23:52:42,060] {logging_mixin.py:109} INFO - [2022-05-18 23:52:42,060] {dag.py:2398} INFO - Sync 1 DAGs
[2022-05-18 23:52:42,075] {logging_mixin.py:109} INFO - [2022-05-18 23:52:42,075] {dag.py:2937} INFO - Setting next_dagrun for latest_only to 2022-05-18T19:52:42.075643+00:00
[2022-05-18 23:52:42,085] {processor.py:171} INFO - Processing /home/airflow/.local/lib/python3.8/site-packages/airflow/example_dags/example_latest_only.py took 0.062 seconds
[2022-05-18 23:53:12,787] {processor.py:163} INFO - Started process (PID=4852) to work on /home/airflow/.local/lib/python3.8/site-packages/airflow/example_dags/example_latest_only.py
[2022-05-18 23:53:12,788] {processor.py:642} INFO - Processing file /home/airflow/.local/lib/python3.8/site-packages/airflow/example_dags/example_latest_only.py for tasks to queue
[2022-05-18 23:53:12,788] {logging_mixin.py:109} INFO - [2022-05-18 23:53:12,788] {dagbag.py:500} INFO - Filling up the DagBag from /home/airflow/.local/lib/python3.8/site-packages/airflow/example_dags/example_latest_only.py
[2022-05-18 23:53:12,815] {processor.py:654} INFO - DAG(s) dict_keys(['latest_only']) retrieved from /home/airflow/.local/lib/python3.8/site-packages/airflow/example_dags/example_latest_only.py
[2022-05-18 23:53:12,827] {logging_mixin.py:109} INFO - [2022-05-18 23:53:12,826] {dag.py:2398} INFO - Sync 1 DAGs
[2022-05-18 23:53:12,840] {logging_mixin.py:109} INFO - [2022-05-18 23:53:12,840] {dag.py:2937} INFO - Setting next_dagrun for latest_only to 2022-05-18T19:53:12.840592+00:00
[2022-05-18 23:53:12,850] {processor.py:171} INFO - Processing /home/airflow/.local/lib/python3.8/site-packages/airflow/example_dags/example_latest_only.py took 0.065 seconds
[2022-05-18 23:53:44,097] {processor.py:163} INFO - Started process (PID=4946) to work on /home/airflow/.local/lib/python3.8/site-packages/airflow/example_dags/example_latest_only.py
[2022-05-18 23:53:44,098] {processor.py:642} INFO - Processing file /home/airflow/.local/lib/python3.8/site-packages/airflow/example_dags/example_latest_only.py for tasks to queue
[2022-05-18 23:53:44,098] {logging_mixin.py:109} INFO - [2022-05-18 23:53:44,098] {dagbag.py:500} INFO - Filling up the DagBag from /home/airflow/.local/lib/python3.8/site-packages/airflow/example_dags/example_latest_only.py
[2022-05-18 23:53:44,123] {processor.py:654} INFO - DAG(s) dict_keys(['latest_only']) retrieved from /home/airflow/.local/lib/python3.8/site-packages/airflow/example_dags/example_latest_only.py
[2022-05-18 23:53:44,132] {logging_mixin.py:109} INFO - [2022-05-18 23:53:44,132] {dag.py:2398} INFO - Sync 1 DAGs
[2022-05-18 23:53:44,145] {logging_mixin.py:109} INFO - [2022-05-18 23:53:44,145] {dag.py:2937} INFO - Setting next_dagrun for latest_only to 2022-05-18T19:53:44.145431+00:00
[2022-05-18 23:53:44,156] {processor.py:171} INFO - Processing /home/airflow/.local/lib/python3.8/site-packages/airflow/example_dags/example_latest_only.py took 0.061 seconds
[2022-05-18 23:54:14,681] {processor.py:163} INFO - Started process (PID=5031) to work on /home/airflow/.local/lib/python3.8/site-packages/airflow/example_dags/example_latest_only.py
[2022-05-18 23:54:14,682] {processor.py:642} INFO - Processing file /home/airflow/.local/lib/python3.8/site-packages/airflow/example_dags/example_latest_only.py for tasks to queue
[2022-05-18 23:54:14,683] {logging_mixin.py:109} INFO - [2022-05-18 23:54:14,683] {dagbag.py:500} INFO - Filling up the DagBag from /home/airflow/.local/lib/python3.8/site-packages/airflow/example_dags/example_latest_only.py
[2022-05-18 23:54:14,726] {processor.py:654} INFO - DAG(s) dict_keys(['latest_only']) retrieved from /home/airflow/.local/lib/python3.8/site-packages/airflow/example_dags/example_latest_only.py
[2022-05-18 23:54:14,739] {logging_mixin.py:109} INFO - [2022-05-18 23:54:14,739] {dag.py:2398} INFO - Sync 1 DAGs
[2022-05-18 23:54:14,756] {logging_mixin.py:109} INFO - [2022-05-18 23:54:14,756] {dag.py:2937} INFO - Setting next_dagrun for latest_only to 2022-05-18T19:54:14.756411+00:00
[2022-05-18 23:54:14,769] {processor.py:171} INFO - Processing /home/airflow/.local/lib/python3.8/site-packages/airflow/example_dags/example_latest_only.py took 0.092 seconds
[2022-05-18 23:54:45,609] {processor.py:163} INFO - Started process (PID=5125) to work on /home/airflow/.local/lib/python3.8/site-packages/airflow/example_dags/example_latest_only.py
[2022-05-18 23:54:45,611] {processor.py:642} INFO - Processing file /home/airflow/.local/lib/python3.8/site-packages/airflow/example_dags/example_latest_only.py for tasks to queue
[2022-05-18 23:54:45,612] {logging_mixin.py:109} INFO - [2022-05-18 23:54:45,611] {dagbag.py:500} INFO - Filling up the DagBag from /home/airflow/.local/lib/python3.8/site-packages/airflow/example_dags/example_latest_only.py
[2022-05-18 23:54:45,644] {processor.py:654} INFO - DAG(s) dict_keys(['latest_only']) retrieved from /home/airflow/.local/lib/python3.8/site-packages/airflow/example_dags/example_latest_only.py
[2022-05-18 23:54:45,654] {logging_mixin.py:109} INFO - [2022-05-18 23:54:45,654] {dag.py:2398} INFO - Sync 1 DAGs
[2022-05-18 23:54:45,672] {logging_mixin.py:109} INFO - [2022-05-18 23:54:45,671] {dag.py:2937} INFO - Setting next_dagrun for latest_only to 2022-05-18T19:54:45.671422+00:00
[2022-05-18 23:54:45,684] {processor.py:171} INFO - Processing /home/airflow/.local/lib/python3.8/site-packages/airflow/example_dags/example_latest_only.py took 0.077 seconds
[2022-05-18 23:55:16,442] {processor.py:163} INFO - Started process (PID=5210) to work on /home/airflow/.local/lib/python3.8/site-packages/airflow/example_dags/example_latest_only.py
[2022-05-18 23:55:16,443] {processor.py:642} INFO - Processing file /home/airflow/.local/lib/python3.8/site-packages/airflow/example_dags/example_latest_only.py for tasks to queue
[2022-05-18 23:55:16,444] {logging_mixin.py:109} INFO - [2022-05-18 23:55:16,444] {dagbag.py:500} INFO - Filling up the DagBag from /home/airflow/.local/lib/python3.8/site-packages/airflow/example_dags/example_latest_only.py
[2022-05-18 23:55:16,470] {processor.py:654} INFO - DAG(s) dict_keys(['latest_only']) retrieved from /home/airflow/.local/lib/python3.8/site-packages/airflow/example_dags/example_latest_only.py
[2022-05-18 23:55:16,482] {logging_mixin.py:109} INFO - [2022-05-18 23:55:16,482] {dag.py:2398} INFO - Sync 1 DAGs
[2022-05-18 23:55:16,496] {logging_mixin.py:109} INFO - [2022-05-18 23:55:16,496] {dag.py:2937} INFO - Setting next_dagrun for latest_only to 2022-05-18T19:55:16.496139+00:00
[2022-05-18 23:55:16,508] {processor.py:171} INFO - Processing /home/airflow/.local/lib/python3.8/site-packages/airflow/example_dags/example_latest_only.py took 0.069 seconds
[2022-05-18 23:55:47,446] {processor.py:163} INFO - Started process (PID=5294) to work on /home/airflow/.local/lib/python3.8/site-packages/airflow/example_dags/example_latest_only.py
[2022-05-18 23:55:47,447] {processor.py:642} INFO - Processing file /home/airflow/.local/lib/python3.8/site-packages/airflow/example_dags/example_latest_only.py for tasks to queue
[2022-05-18 23:55:47,448] {logging_mixin.py:109} INFO - [2022-05-18 23:55:47,448] {dagbag.py:500} INFO - Filling up the DagBag from /home/airflow/.local/lib/python3.8/site-packages/airflow/example_dags/example_latest_only.py
[2022-05-18 23:55:47,476] {processor.py:654} INFO - DAG(s) dict_keys(['latest_only']) retrieved from /home/airflow/.local/lib/python3.8/site-packages/airflow/example_dags/example_latest_only.py
[2022-05-18 23:55:47,489] {logging_mixin.py:109} INFO - [2022-05-18 23:55:47,489] {dag.py:2398} INFO - Sync 1 DAGs
[2022-05-18 23:55:47,511] {logging_mixin.py:109} INFO - [2022-05-18 23:55:47,511] {dag.py:2937} INFO - Setting next_dagrun for latest_only to 2022-05-18T19:55:47.510730+00:00
[2022-05-18 23:55:47,526] {processor.py:171} INFO - Processing /home/airflow/.local/lib/python3.8/site-packages/airflow/example_dags/example_latest_only.py took 0.082 seconds
[2022-05-18 23:56:17,850] {processor.py:163} INFO - Started process (PID=5386) to work on /home/airflow/.local/lib/python3.8/site-packages/airflow/example_dags/example_latest_only.py
[2022-05-18 23:56:17,851] {processor.py:642} INFO - Processing file /home/airflow/.local/lib/python3.8/site-packages/airflow/example_dags/example_latest_only.py for tasks to queue
[2022-05-18 23:56:17,851] {logging_mixin.py:109} INFO - [2022-05-18 23:56:17,851] {dagbag.py:500} INFO - Filling up the DagBag from /home/airflow/.local/lib/python3.8/site-packages/airflow/example_dags/example_latest_only.py
[2022-05-18 23:56:17,879] {processor.py:654} INFO - DAG(s) dict_keys(['latest_only']) retrieved from /home/airflow/.local/lib/python3.8/site-packages/airflow/example_dags/example_latest_only.py
[2022-05-18 23:56:17,893] {logging_mixin.py:109} INFO - [2022-05-18 23:56:17,892] {dag.py:2398} INFO - Sync 1 DAGs
[2022-05-18 23:56:17,908] {logging_mixin.py:109} INFO - [2022-05-18 23:56:17,908] {dag.py:2937} INFO - Setting next_dagrun for latest_only to 2022-05-18T19:56:17.908440+00:00
[2022-05-18 23:56:17,919] {processor.py:171} INFO - Processing /home/airflow/.local/lib/python3.8/site-packages/airflow/example_dags/example_latest_only.py took 0.071 seconds
[2022-05-18 23:56:48,654] {processor.py:163} INFO - Started process (PID=5472) to work on /home/airflow/.local/lib/python3.8/site-packages/airflow/example_dags/example_latest_only.py
[2022-05-18 23:56:48,656] {processor.py:642} INFO - Processing file /home/airflow/.local/lib/python3.8/site-packages/airflow/example_dags/example_latest_only.py for tasks to queue
[2022-05-18 23:56:48,657] {logging_mixin.py:109} INFO - [2022-05-18 23:56:48,657] {dagbag.py:500} INFO - Filling up the DagBag from /home/airflow/.local/lib/python3.8/site-packages/airflow/example_dags/example_latest_only.py
[2022-05-18 23:56:48,697] {processor.py:654} INFO - DAG(s) dict_keys(['latest_only']) retrieved from /home/airflow/.local/lib/python3.8/site-packages/airflow/example_dags/example_latest_only.py
[2022-05-18 23:56:48,711] {logging_mixin.py:109} INFO - [2022-05-18 23:56:48,710] {dag.py:2398} INFO - Sync 1 DAGs
[2022-05-18 23:56:48,730] {logging_mixin.py:109} INFO - [2022-05-18 23:56:48,730] {dag.py:2937} INFO - Setting next_dagrun for latest_only to 2022-05-18T19:56:48.729932+00:00
[2022-05-18 23:56:48,751] {processor.py:171} INFO - Processing /home/airflow/.local/lib/python3.8/site-packages/airflow/example_dags/example_latest_only.py took 0.099 seconds
[2022-05-18 23:57:19,483] {processor.py:163} INFO - Started process (PID=5557) to work on /home/airflow/.local/lib/python3.8/site-packages/airflow/example_dags/example_latest_only.py
[2022-05-18 23:57:19,485] {processor.py:642} INFO - Processing file /home/airflow/.local/lib/python3.8/site-packages/airflow/example_dags/example_latest_only.py for tasks to queue
[2022-05-18 23:57:19,486] {logging_mixin.py:109} INFO - [2022-05-18 23:57:19,486] {dagbag.py:500} INFO - Filling up the DagBag from /home/airflow/.local/lib/python3.8/site-packages/airflow/example_dags/example_latest_only.py
[2022-05-18 23:57:19,514] {processor.py:654} INFO - DAG(s) dict_keys(['latest_only']) retrieved from /home/airflow/.local/lib/python3.8/site-packages/airflow/example_dags/example_latest_only.py
[2022-05-18 23:57:19,524] {logging_mixin.py:109} INFO - [2022-05-18 23:57:19,524] {dag.py:2398} INFO - Sync 1 DAGs
[2022-05-18 23:57:19,540] {logging_mixin.py:109} INFO - [2022-05-18 23:57:19,539] {dag.py:2937} INFO - Setting next_dagrun for latest_only to 2022-05-18T19:57:19.539425+00:00
[2022-05-18 23:57:19,552] {processor.py:171} INFO - Processing /home/airflow/.local/lib/python3.8/site-packages/airflow/example_dags/example_latest_only.py took 0.071 seconds
[2022-05-18 23:57:50,202] {processor.py:163} INFO - Started process (PID=5650) to work on /home/airflow/.local/lib/python3.8/site-packages/airflow/example_dags/example_latest_only.py
[2022-05-18 23:57:50,203] {processor.py:642} INFO - Processing file /home/airflow/.local/lib/python3.8/site-packages/airflow/example_dags/example_latest_only.py for tasks to queue
[2022-05-18 23:57:50,204] {logging_mixin.py:109} INFO - [2022-05-18 23:57:50,204] {dagbag.py:500} INFO - Filling up the DagBag from /home/airflow/.local/lib/python3.8/site-packages/airflow/example_dags/example_latest_only.py
[2022-05-18 23:57:50,228] {processor.py:654} INFO - DAG(s) dict_keys(['latest_only']) retrieved from /home/airflow/.local/lib/python3.8/site-packages/airflow/example_dags/example_latest_only.py
[2022-05-18 23:57:50,236] {logging_mixin.py:109} INFO - [2022-05-18 23:57:50,236] {dag.py:2398} INFO - Sync 1 DAGs
[2022-05-18 23:57:50,251] {logging_mixin.py:109} INFO - [2022-05-18 23:57:50,251] {dag.py:2937} INFO - Setting next_dagrun for latest_only to 2022-05-18T19:57:50.250849+00:00
[2022-05-18 23:57:50,261] {processor.py:171} INFO - Processing /home/airflow/.local/lib/python3.8/site-packages/airflow/example_dags/example_latest_only.py took 0.061 seconds
[2022-05-18 23:58:20,921] {processor.py:163} INFO - Started process (PID=5735) to work on /home/airflow/.local/lib/python3.8/site-packages/airflow/example_dags/example_latest_only.py
[2022-05-18 23:58:20,922] {processor.py:642} INFO - Processing file /home/airflow/.local/lib/python3.8/site-packages/airflow/example_dags/example_latest_only.py for tasks to queue
[2022-05-18 23:58:20,923] {logging_mixin.py:109} INFO - [2022-05-18 23:58:20,923] {dagbag.py:500} INFO - Filling up the DagBag from /home/airflow/.local/lib/python3.8/site-packages/airflow/example_dags/example_latest_only.py
[2022-05-18 23:58:20,956] {processor.py:654} INFO - DAG(s) dict_keys(['latest_only']) retrieved from /home/airflow/.local/lib/python3.8/site-packages/airflow/example_dags/example_latest_only.py
[2022-05-18 23:58:20,967] {logging_mixin.py:109} INFO - [2022-05-18 23:58:20,967] {dag.py:2398} INFO - Sync 1 DAGs
[2022-05-18 23:58:20,987] {logging_mixin.py:109} INFO - [2022-05-18 23:58:20,987] {dag.py:2937} INFO - Setting next_dagrun for latest_only to 2022-05-18T19:58:20.987195+00:00
[2022-05-18 23:58:21,005] {processor.py:171} INFO - Processing /home/airflow/.local/lib/python3.8/site-packages/airflow/example_dags/example_latest_only.py took 0.086 seconds
[2022-05-18 23:58:52,149] {processor.py:163} INFO - Started process (PID=5829) to work on /home/airflow/.local/lib/python3.8/site-packages/airflow/example_dags/example_latest_only.py
[2022-05-18 23:58:52,150] {processor.py:642} INFO - Processing file /home/airflow/.local/lib/python3.8/site-packages/airflow/example_dags/example_latest_only.py for tasks to queue
[2022-05-18 23:58:52,151] {logging_mixin.py:109} INFO - [2022-05-18 23:58:52,150] {dagbag.py:500} INFO - Filling up the DagBag from /home/airflow/.local/lib/python3.8/site-packages/airflow/example_dags/example_latest_only.py
[2022-05-18 23:58:52,176] {processor.py:654} INFO - DAG(s) dict_keys(['latest_only']) retrieved from /home/airflow/.local/lib/python3.8/site-packages/airflow/example_dags/example_latest_only.py
[2022-05-18 23:58:52,187] {logging_mixin.py:109} INFO - [2022-05-18 23:58:52,187] {dag.py:2398} INFO - Sync 1 DAGs
[2022-05-18 23:58:52,210] {logging_mixin.py:109} INFO - [2022-05-18 23:58:52,210] {dag.py:2937} INFO - Setting next_dagrun for latest_only to 2022-05-18T19:58:52.210572+00:00
[2022-05-18 23:58:52,224] {processor.py:171} INFO - Processing /home/airflow/.local/lib/python3.8/site-packages/airflow/example_dags/example_latest_only.py took 0.078 seconds
[2022-05-18 23:59:22,580] {processor.py:163} INFO - Started process (PID=5931) to work on /home/airflow/.local/lib/python3.8/site-packages/airflow/example_dags/example_latest_only.py
[2022-05-18 23:59:22,581] {processor.py:642} INFO - Processing file /home/airflow/.local/lib/python3.8/site-packages/airflow/example_dags/example_latest_only.py for tasks to queue
[2022-05-18 23:59:22,582] {logging_mixin.py:109} INFO - [2022-05-18 23:59:22,582] {dagbag.py:500} INFO - Filling up the DagBag from /home/airflow/.local/lib/python3.8/site-packages/airflow/example_dags/example_latest_only.py
[2022-05-18 23:59:22,614] {processor.py:654} INFO - DAG(s) dict_keys(['latest_only']) retrieved from /home/airflow/.local/lib/python3.8/site-packages/airflow/example_dags/example_latest_only.py
[2022-05-18 23:59:22,623] {logging_mixin.py:109} INFO - [2022-05-18 23:59:22,623] {dag.py:2398} INFO - Sync 1 DAGs
[2022-05-18 23:59:22,641] {logging_mixin.py:109} INFO - [2022-05-18 23:59:22,640] {dag.py:2937} INFO - Setting next_dagrun for latest_only to 2022-05-18T19:59:22.640492+00:00
[2022-05-18 23:59:22,653] {processor.py:171} INFO - Processing /home/airflow/.local/lib/python3.8/site-packages/airflow/example_dags/example_latest_only.py took 0.077 seconds
[2022-05-18 23:59:53,273] {processor.py:163} INFO - Started process (PID=6017) to work on /home/airflow/.local/lib/python3.8/site-packages/airflow/example_dags/example_latest_only.py
[2022-05-18 23:59:53,274] {processor.py:642} INFO - Processing file /home/airflow/.local/lib/python3.8/site-packages/airflow/example_dags/example_latest_only.py for tasks to queue
[2022-05-18 23:59:53,274] {logging_mixin.py:109} INFO - [2022-05-18 23:59:53,274] {dagbag.py:500} INFO - Filling up the DagBag from /home/airflow/.local/lib/python3.8/site-packages/airflow/example_dags/example_latest_only.py
[2022-05-18 23:59:53,302] {processor.py:654} INFO - DAG(s) dict_keys(['latest_only']) retrieved from /home/airflow/.local/lib/python3.8/site-packages/airflow/example_dags/example_latest_only.py
[2022-05-18 23:59:53,315] {logging_mixin.py:109} INFO - [2022-05-18 23:59:53,315] {dag.py:2398} INFO - Sync 1 DAGs
[2022-05-18 23:59:53,333] {logging_mixin.py:109} INFO - [2022-05-18 23:59:53,333] {dag.py:2937} INFO - Setting next_dagrun for latest_only to 2022-05-18T19:59:53.332860+00:00
[2022-05-18 23:59:53,343] {processor.py:171} INFO - Processing /home/airflow/.local/lib/python3.8/site-packages/airflow/example_dags/example_latest_only.py took 0.073 seconds
