[2022-05-18 23:24:26,401] {processor.py:163} INFO - Started process (PID=73) to work on /home/airflow/.local/lib/python3.8/site-packages/airflow/example_dags/example_branch_operator.py
[2022-05-18 23:24:26,402] {processor.py:642} INFO - Processing file /home/airflow/.local/lib/python3.8/site-packages/airflow/example_dags/example_branch_operator.py for tasks to queue
[2022-05-18 23:24:26,402] {logging_mixin.py:109} INFO - [2022-05-18 23:24:26,402] {dagbag.py:500} INFO - Filling up the DagBag from /home/airflow/.local/lib/python3.8/site-packages/airflow/example_dags/example_branch_operator.py
[2022-05-18 23:24:26,491] {processor.py:654} INFO - DAG(s) dict_keys(['example_branch_operator']) retrieved from /home/airflow/.local/lib/python3.8/site-packages/airflow/example_dags/example_branch_operator.py
[2022-05-18 23:24:26,517] {logging_mixin.py:109} INFO - [2022-05-18 23:24:26,517] {dag.py:2398} INFO - Sync 1 DAGs
[2022-05-18 23:24:26,551] {logging_mixin.py:109} INFO - [2022-05-18 23:24:26,550] {dag.py:2937} INFO - Setting next_dagrun for example_branch_operator to 2022-05-17 00:00:00+00:00
[2022-05-18 23:24:26,562] {processor.py:171} INFO - Processing /home/airflow/.local/lib/python3.8/site-packages/airflow/example_dags/example_branch_operator.py took 0.165 seconds
[2022-05-18 23:25:10,934] {processor.py:163} INFO - Started process (PID=155) to work on /home/airflow/.local/lib/python3.8/site-packages/airflow/example_dags/example_branch_operator.py
[2022-05-18 23:25:10,935] {processor.py:642} INFO - Processing file /home/airflow/.local/lib/python3.8/site-packages/airflow/example_dags/example_branch_operator.py for tasks to queue
[2022-05-18 23:25:10,936] {logging_mixin.py:109} INFO - [2022-05-18 23:25:10,936] {dagbag.py:500} INFO - Filling up the DagBag from /home/airflow/.local/lib/python3.8/site-packages/airflow/example_dags/example_branch_operator.py
[2022-05-18 23:25:10,968] {processor.py:654} INFO - DAG(s) dict_keys(['example_branch_operator']) retrieved from /home/airflow/.local/lib/python3.8/site-packages/airflow/example_dags/example_branch_operator.py
[2022-05-18 23:25:10,982] {logging_mixin.py:109} INFO - [2022-05-18 23:25:10,982] {dag.py:2398} INFO - Sync 1 DAGs
[2022-05-18 23:25:11,000] {logging_mixin.py:109} INFO - [2022-05-18 23:25:11,000] {dag.py:2937} INFO - Setting next_dagrun for example_branch_operator to 2022-05-17 00:00:00+00:00
[2022-05-18 23:25:11,012] {processor.py:171} INFO - Processing /home/airflow/.local/lib/python3.8/site-packages/airflow/example_dags/example_branch_operator.py took 0.081 seconds
[2022-05-18 23:25:41,884] {processor.py:163} INFO - Started process (PID=221) to work on /home/airflow/.local/lib/python3.8/site-packages/airflow/example_dags/example_branch_operator.py
[2022-05-18 23:25:41,885] {processor.py:642} INFO - Processing file /home/airflow/.local/lib/python3.8/site-packages/airflow/example_dags/example_branch_operator.py for tasks to queue
[2022-05-18 23:25:41,885] {logging_mixin.py:109} INFO - [2022-05-18 23:25:41,885] {dagbag.py:500} INFO - Filling up the DagBag from /home/airflow/.local/lib/python3.8/site-packages/airflow/example_dags/example_branch_operator.py
[2022-05-18 23:25:41,912] {processor.py:654} INFO - DAG(s) dict_keys(['example_branch_operator']) retrieved from /home/airflow/.local/lib/python3.8/site-packages/airflow/example_dags/example_branch_operator.py
[2022-05-18 23:25:41,920] {logging_mixin.py:109} INFO - [2022-05-18 23:25:41,920] {dag.py:2398} INFO - Sync 1 DAGs
[2022-05-18 23:25:41,936] {logging_mixin.py:109} INFO - [2022-05-18 23:25:41,936] {dag.py:2937} INFO - Setting next_dagrun for example_branch_operator to 2022-05-17 00:00:00+00:00
[2022-05-18 23:25:41,949] {processor.py:171} INFO - Processing /home/airflow/.local/lib/python3.8/site-packages/airflow/example_dags/example_branch_operator.py took 0.067 seconds
[2022-05-18 23:26:11,973] {processor.py:163} INFO - Started process (PID=273) to work on /home/airflow/.local/lib/python3.8/site-packages/airflow/example_dags/example_branch_operator.py
[2022-05-18 23:26:11,974] {processor.py:642} INFO - Processing file /home/airflow/.local/lib/python3.8/site-packages/airflow/example_dags/example_branch_operator.py for tasks to queue
[2022-05-18 23:26:11,975] {logging_mixin.py:109} INFO - [2022-05-18 23:26:11,975] {dagbag.py:500} INFO - Filling up the DagBag from /home/airflow/.local/lib/python3.8/site-packages/airflow/example_dags/example_branch_operator.py
[2022-05-18 23:26:12,004] {processor.py:654} INFO - DAG(s) dict_keys(['example_branch_operator']) retrieved from /home/airflow/.local/lib/python3.8/site-packages/airflow/example_dags/example_branch_operator.py
[2022-05-18 23:26:12,015] {logging_mixin.py:109} INFO - [2022-05-18 23:26:12,015] {dag.py:2398} INFO - Sync 1 DAGs
[2022-05-18 23:26:12,028] {logging_mixin.py:109} INFO - [2022-05-18 23:26:12,028] {dag.py:2937} INFO - Setting next_dagrun for example_branch_operator to 2022-05-17 00:00:00+00:00
[2022-05-18 23:26:12,039] {processor.py:171} INFO - Processing /home/airflow/.local/lib/python3.8/site-packages/airflow/example_dags/example_branch_operator.py took 0.068 seconds
[2022-05-18 23:26:42,866] {processor.py:163} INFO - Started process (PID=349) to work on /home/airflow/.local/lib/python3.8/site-packages/airflow/example_dags/example_branch_operator.py
[2022-05-18 23:26:42,867] {processor.py:642} INFO - Processing file /home/airflow/.local/lib/python3.8/site-packages/airflow/example_dags/example_branch_operator.py for tasks to queue
[2022-05-18 23:26:42,867] {logging_mixin.py:109} INFO - [2022-05-18 23:26:42,867] {dagbag.py:500} INFO - Filling up the DagBag from /home/airflow/.local/lib/python3.8/site-packages/airflow/example_dags/example_branch_operator.py
[2022-05-18 23:26:42,901] {processor.py:654} INFO - DAG(s) dict_keys(['example_branch_operator']) retrieved from /home/airflow/.local/lib/python3.8/site-packages/airflow/example_dags/example_branch_operator.py
[2022-05-18 23:26:42,911] {logging_mixin.py:109} INFO - [2022-05-18 23:26:42,911] {dag.py:2398} INFO - Sync 1 DAGs
[2022-05-18 23:26:42,926] {logging_mixin.py:109} INFO - [2022-05-18 23:26:42,926] {dag.py:2937} INFO - Setting next_dagrun for example_branch_operator to 2022-05-17 00:00:00+00:00
[2022-05-18 23:26:42,935] {processor.py:171} INFO - Processing /home/airflow/.local/lib/python3.8/site-packages/airflow/example_dags/example_branch_operator.py took 0.070 seconds
[2022-05-18 23:27:13,199] {processor.py:163} INFO - Started process (PID=417) to work on /home/airflow/.local/lib/python3.8/site-packages/airflow/example_dags/example_branch_operator.py
[2022-05-18 23:27:13,200] {processor.py:642} INFO - Processing file /home/airflow/.local/lib/python3.8/site-packages/airflow/example_dags/example_branch_operator.py for tasks to queue
[2022-05-18 23:27:13,201] {logging_mixin.py:109} INFO - [2022-05-18 23:27:13,200] {dagbag.py:500} INFO - Filling up the DagBag from /home/airflow/.local/lib/python3.8/site-packages/airflow/example_dags/example_branch_operator.py
[2022-05-18 23:27:13,237] {processor.py:654} INFO - DAG(s) dict_keys(['example_branch_operator']) retrieved from /home/airflow/.local/lib/python3.8/site-packages/airflow/example_dags/example_branch_operator.py
[2022-05-18 23:27:13,248] {logging_mixin.py:109} INFO - [2022-05-18 23:27:13,248] {dag.py:2398} INFO - Sync 1 DAGs
[2022-05-18 23:27:13,265] {logging_mixin.py:109} INFO - [2022-05-18 23:27:13,265] {dag.py:2937} INFO - Setting next_dagrun for example_branch_operator to 2022-05-17 00:00:00+00:00
[2022-05-18 23:27:13,284] {processor.py:171} INFO - Processing /home/airflow/.local/lib/python3.8/site-packages/airflow/example_dags/example_branch_operator.py took 0.087 seconds
[2022-05-18 23:27:43,316] {processor.py:163} INFO - Started process (PID=491) to work on /home/airflow/.local/lib/python3.8/site-packages/airflow/example_dags/example_branch_operator.py
[2022-05-18 23:27:43,317] {processor.py:642} INFO - Processing file /home/airflow/.local/lib/python3.8/site-packages/airflow/example_dags/example_branch_operator.py for tasks to queue
[2022-05-18 23:27:43,318] {logging_mixin.py:109} INFO - [2022-05-18 23:27:43,317] {dagbag.py:500} INFO - Filling up the DagBag from /home/airflow/.local/lib/python3.8/site-packages/airflow/example_dags/example_branch_operator.py
[2022-05-18 23:27:43,348] {processor.py:654} INFO - DAG(s) dict_keys(['example_branch_operator']) retrieved from /home/airflow/.local/lib/python3.8/site-packages/airflow/example_dags/example_branch_operator.py
[2022-05-18 23:27:43,357] {logging_mixin.py:109} INFO - [2022-05-18 23:27:43,357] {dag.py:2398} INFO - Sync 1 DAGs
[2022-05-18 23:27:43,372] {logging_mixin.py:109} INFO - [2022-05-18 23:27:43,372] {dag.py:2937} INFO - Setting next_dagrun for example_branch_operator to 2022-05-17 00:00:00+00:00
[2022-05-18 23:27:43,380] {processor.py:171} INFO - Processing /home/airflow/.local/lib/python3.8/site-packages/airflow/example_dags/example_branch_operator.py took 0.066 seconds
[2022-05-18 23:28:13,683] {processor.py:163} INFO - Started process (PID=559) to work on /home/airflow/.local/lib/python3.8/site-packages/airflow/example_dags/example_branch_operator.py
[2022-05-18 23:28:13,684] {processor.py:642} INFO - Processing file /home/airflow/.local/lib/python3.8/site-packages/airflow/example_dags/example_branch_operator.py for tasks to queue
[2022-05-18 23:28:13,685] {logging_mixin.py:109} INFO - [2022-05-18 23:28:13,685] {dagbag.py:500} INFO - Filling up the DagBag from /home/airflow/.local/lib/python3.8/site-packages/airflow/example_dags/example_branch_operator.py
[2022-05-18 23:28:13,716] {processor.py:654} INFO - DAG(s) dict_keys(['example_branch_operator']) retrieved from /home/airflow/.local/lib/python3.8/site-packages/airflow/example_dags/example_branch_operator.py
[2022-05-18 23:28:13,727] {logging_mixin.py:109} INFO - [2022-05-18 23:28:13,727] {dag.py:2398} INFO - Sync 1 DAGs
[2022-05-18 23:28:13,744] {logging_mixin.py:109} INFO - [2022-05-18 23:28:13,744] {dag.py:2937} INFO - Setting next_dagrun for example_branch_operator to 2022-05-17 00:00:00+00:00
[2022-05-18 23:28:13,756] {processor.py:171} INFO - Processing /home/airflow/.local/lib/python3.8/site-packages/airflow/example_dags/example_branch_operator.py took 0.075 seconds
[2022-05-18 23:28:44,104] {processor.py:163} INFO - Started process (PID=626) to work on /home/airflow/.local/lib/python3.8/site-packages/airflow/example_dags/example_branch_operator.py
[2022-05-18 23:28:44,104] {processor.py:642} INFO - Processing file /home/airflow/.local/lib/python3.8/site-packages/airflow/example_dags/example_branch_operator.py for tasks to queue
[2022-05-18 23:28:44,104] {logging_mixin.py:109} INFO - [2022-05-18 23:28:44,104] {dagbag.py:500} INFO - Filling up the DagBag from /home/airflow/.local/lib/python3.8/site-packages/airflow/example_dags/example_branch_operator.py
[2022-05-18 23:28:44,129] {processor.py:654} INFO - DAG(s) dict_keys(['example_branch_operator']) retrieved from /home/airflow/.local/lib/python3.8/site-packages/airflow/example_dags/example_branch_operator.py
[2022-05-18 23:28:44,138] {logging_mixin.py:109} INFO - [2022-05-18 23:28:44,138] {dag.py:2398} INFO - Sync 1 DAGs
[2022-05-18 23:28:44,153] {logging_mixin.py:109} INFO - [2022-05-18 23:28:44,152] {dag.py:2937} INFO - Setting next_dagrun for example_branch_operator to 2022-05-17 00:00:00+00:00
[2022-05-18 23:28:44,162] {processor.py:171} INFO - Processing /home/airflow/.local/lib/python3.8/site-packages/airflow/example_dags/example_branch_operator.py took 0.060 seconds
[2022-05-18 23:29:14,511] {processor.py:163} INFO - Started process (PID=701) to work on /home/airflow/.local/lib/python3.8/site-packages/airflow/example_dags/example_branch_operator.py
[2022-05-18 23:29:14,512] {processor.py:642} INFO - Processing file /home/airflow/.local/lib/python3.8/site-packages/airflow/example_dags/example_branch_operator.py for tasks to queue
[2022-05-18 23:29:14,512] {logging_mixin.py:109} INFO - [2022-05-18 23:29:14,512] {dagbag.py:500} INFO - Filling up the DagBag from /home/airflow/.local/lib/python3.8/site-packages/airflow/example_dags/example_branch_operator.py
[2022-05-18 23:29:14,540] {processor.py:654} INFO - DAG(s) dict_keys(['example_branch_operator']) retrieved from /home/airflow/.local/lib/python3.8/site-packages/airflow/example_dags/example_branch_operator.py
[2022-05-18 23:29:14,550] {logging_mixin.py:109} INFO - [2022-05-18 23:29:14,550] {dag.py:2398} INFO - Sync 1 DAGs
[2022-05-18 23:29:14,565] {logging_mixin.py:109} INFO - [2022-05-18 23:29:14,565] {dag.py:2937} INFO - Setting next_dagrun for example_branch_operator to 2022-05-17 00:00:00+00:00
[2022-05-18 23:29:14,575] {processor.py:171} INFO - Processing /home/airflow/.local/lib/python3.8/site-packages/airflow/example_dags/example_branch_operator.py took 0.066 seconds
[2022-05-18 23:29:45,400] {processor.py:163} INFO - Started process (PID=768) to work on /home/airflow/.local/lib/python3.8/site-packages/airflow/example_dags/example_branch_operator.py
[2022-05-18 23:29:45,401] {processor.py:642} INFO - Processing file /home/airflow/.local/lib/python3.8/site-packages/airflow/example_dags/example_branch_operator.py for tasks to queue
[2022-05-18 23:29:45,402] {logging_mixin.py:109} INFO - [2022-05-18 23:29:45,402] {dagbag.py:500} INFO - Filling up the DagBag from /home/airflow/.local/lib/python3.8/site-packages/airflow/example_dags/example_branch_operator.py
[2022-05-18 23:29:45,429] {processor.py:654} INFO - DAG(s) dict_keys(['example_branch_operator']) retrieved from /home/airflow/.local/lib/python3.8/site-packages/airflow/example_dags/example_branch_operator.py
[2022-05-18 23:29:45,440] {logging_mixin.py:109} INFO - [2022-05-18 23:29:45,440] {dag.py:2398} INFO - Sync 1 DAGs
[2022-05-18 23:29:45,460] {logging_mixin.py:109} INFO - [2022-05-18 23:29:45,459] {dag.py:2937} INFO - Setting next_dagrun for example_branch_operator to 2022-05-17 00:00:00+00:00
[2022-05-18 23:29:45,469] {processor.py:171} INFO - Processing /home/airflow/.local/lib/python3.8/site-packages/airflow/example_dags/example_branch_operator.py took 0.070 seconds
[2022-05-18 23:30:15,653] {processor.py:163} INFO - Started process (PID=846) to work on /home/airflow/.local/lib/python3.8/site-packages/airflow/example_dags/example_branch_operator.py
[2022-05-18 23:30:15,654] {processor.py:642} INFO - Processing file /home/airflow/.local/lib/python3.8/site-packages/airflow/example_dags/example_branch_operator.py for tasks to queue
[2022-05-18 23:30:15,655] {logging_mixin.py:109} INFO - [2022-05-18 23:30:15,655] {dagbag.py:500} INFO - Filling up the DagBag from /home/airflow/.local/lib/python3.8/site-packages/airflow/example_dags/example_branch_operator.py
[2022-05-18 23:30:15,686] {processor.py:654} INFO - DAG(s) dict_keys(['example_branch_operator']) retrieved from /home/airflow/.local/lib/python3.8/site-packages/airflow/example_dags/example_branch_operator.py
[2022-05-18 23:30:15,697] {logging_mixin.py:109} INFO - [2022-05-18 23:30:15,696] {dag.py:2398} INFO - Sync 1 DAGs
[2022-05-18 23:30:15,712] {logging_mixin.py:109} INFO - [2022-05-18 23:30:15,712] {dag.py:2937} INFO - Setting next_dagrun for example_branch_operator to 2022-05-17 00:00:00+00:00
[2022-05-18 23:30:15,722] {processor.py:171} INFO - Processing /home/airflow/.local/lib/python3.8/site-packages/airflow/example_dags/example_branch_operator.py took 0.071 seconds
[2022-05-18 23:30:46,046] {processor.py:163} INFO - Started process (PID=913) to work on /home/airflow/.local/lib/python3.8/site-packages/airflow/example_dags/example_branch_operator.py
[2022-05-18 23:30:46,047] {processor.py:642} INFO - Processing file /home/airflow/.local/lib/python3.8/site-packages/airflow/example_dags/example_branch_operator.py for tasks to queue
[2022-05-18 23:30:46,047] {logging_mixin.py:109} INFO - [2022-05-18 23:30:46,047] {dagbag.py:500} INFO - Filling up the DagBag from /home/airflow/.local/lib/python3.8/site-packages/airflow/example_dags/example_branch_operator.py
[2022-05-18 23:30:46,075] {processor.py:654} INFO - DAG(s) dict_keys(['example_branch_operator']) retrieved from /home/airflow/.local/lib/python3.8/site-packages/airflow/example_dags/example_branch_operator.py
[2022-05-18 23:30:46,086] {logging_mixin.py:109} INFO - [2022-05-18 23:30:46,086] {dag.py:2398} INFO - Sync 1 DAGs
[2022-05-18 23:30:46,102] {logging_mixin.py:109} INFO - [2022-05-18 23:30:46,102] {dag.py:2937} INFO - Setting next_dagrun for example_branch_operator to 2022-05-17 00:00:00+00:00
[2022-05-18 23:30:46,112] {processor.py:171} INFO - Processing /home/airflow/.local/lib/python3.8/site-packages/airflow/example_dags/example_branch_operator.py took 0.068 seconds
[2022-05-18 23:31:16,582] {processor.py:163} INFO - Started process (PID=998) to work on /home/airflow/.local/lib/python3.8/site-packages/airflow/example_dags/example_branch_operator.py
[2022-05-18 23:31:16,583] {processor.py:642} INFO - Processing file /home/airflow/.local/lib/python3.8/site-packages/airflow/example_dags/example_branch_operator.py for tasks to queue
[2022-05-18 23:31:16,584] {logging_mixin.py:109} INFO - [2022-05-18 23:31:16,584] {dagbag.py:500} INFO - Filling up the DagBag from /home/airflow/.local/lib/python3.8/site-packages/airflow/example_dags/example_branch_operator.py
[2022-05-18 23:31:16,623] {processor.py:654} INFO - DAG(s) dict_keys(['example_branch_operator']) retrieved from /home/airflow/.local/lib/python3.8/site-packages/airflow/example_dags/example_branch_operator.py
[2022-05-18 23:31:16,635] {logging_mixin.py:109} INFO - [2022-05-18 23:31:16,635] {dag.py:2398} INFO - Sync 1 DAGs
[2022-05-18 23:31:16,655] {logging_mixin.py:109} INFO - [2022-05-18 23:31:16,654] {dag.py:2937} INFO - Setting next_dagrun for example_branch_operator to 2022-05-17 00:00:00+00:00
[2022-05-18 23:31:16,667] {processor.py:171} INFO - Processing /home/airflow/.local/lib/python3.8/site-packages/airflow/example_dags/example_branch_operator.py took 0.087 seconds
[2022-05-18 23:31:47,165] {processor.py:163} INFO - Started process (PID=1091) to work on /home/airflow/.local/lib/python3.8/site-packages/airflow/example_dags/example_branch_operator.py
[2022-05-18 23:31:47,166] {processor.py:642} INFO - Processing file /home/airflow/.local/lib/python3.8/site-packages/airflow/example_dags/example_branch_operator.py for tasks to queue
[2022-05-18 23:31:47,166] {logging_mixin.py:109} INFO - [2022-05-18 23:31:47,166] {dagbag.py:500} INFO - Filling up the DagBag from /home/airflow/.local/lib/python3.8/site-packages/airflow/example_dags/example_branch_operator.py
[2022-05-18 23:31:47,191] {processor.py:654} INFO - DAG(s) dict_keys(['example_branch_operator']) retrieved from /home/airflow/.local/lib/python3.8/site-packages/airflow/example_dags/example_branch_operator.py
[2022-05-18 23:31:47,203] {logging_mixin.py:109} INFO - [2022-05-18 23:31:47,202] {dag.py:2398} INFO - Sync 1 DAGs
[2022-05-18 23:31:47,220] {logging_mixin.py:109} INFO - [2022-05-18 23:31:47,220] {dag.py:2937} INFO - Setting next_dagrun for example_branch_operator to 2022-05-17 00:00:00+00:00
[2022-05-18 23:31:47,231] {processor.py:171} INFO - Processing /home/airflow/.local/lib/python3.8/site-packages/airflow/example_dags/example_branch_operator.py took 0.068 seconds
[2022-05-18 23:32:17,587] {processor.py:163} INFO - Started process (PID=1176) to work on /home/airflow/.local/lib/python3.8/site-packages/airflow/example_dags/example_branch_operator.py
[2022-05-18 23:32:17,587] {processor.py:642} INFO - Processing file /home/airflow/.local/lib/python3.8/site-packages/airflow/example_dags/example_branch_operator.py for tasks to queue
[2022-05-18 23:32:17,588] {logging_mixin.py:109} INFO - [2022-05-18 23:32:17,588] {dagbag.py:500} INFO - Filling up the DagBag from /home/airflow/.local/lib/python3.8/site-packages/airflow/example_dags/example_branch_operator.py
[2022-05-18 23:32:17,612] {processor.py:654} INFO - DAG(s) dict_keys(['example_branch_operator']) retrieved from /home/airflow/.local/lib/python3.8/site-packages/airflow/example_dags/example_branch_operator.py
[2022-05-18 23:32:17,622] {logging_mixin.py:109} INFO - [2022-05-18 23:32:17,622] {dag.py:2398} INFO - Sync 1 DAGs
[2022-05-18 23:32:17,636] {logging_mixin.py:109} INFO - [2022-05-18 23:32:17,636] {dag.py:2937} INFO - Setting next_dagrun for example_branch_operator to 2022-05-17 00:00:00+00:00
[2022-05-18 23:32:17,646] {processor.py:171} INFO - Processing /home/airflow/.local/lib/python3.8/site-packages/airflow/example_dags/example_branch_operator.py took 0.061 seconds
[2022-05-18 23:32:47,769] {processor.py:163} INFO - Started process (PID=1270) to work on /home/airflow/.local/lib/python3.8/site-packages/airflow/example_dags/example_branch_operator.py
[2022-05-18 23:32:47,770] {processor.py:642} INFO - Processing file /home/airflow/.local/lib/python3.8/site-packages/airflow/example_dags/example_branch_operator.py for tasks to queue
[2022-05-18 23:32:47,770] {logging_mixin.py:109} INFO - [2022-05-18 23:32:47,770] {dagbag.py:500} INFO - Filling up the DagBag from /home/airflow/.local/lib/python3.8/site-packages/airflow/example_dags/example_branch_operator.py
[2022-05-18 23:32:47,798] {processor.py:654} INFO - DAG(s) dict_keys(['example_branch_operator']) retrieved from /home/airflow/.local/lib/python3.8/site-packages/airflow/example_dags/example_branch_operator.py
[2022-05-18 23:32:47,807] {logging_mixin.py:109} INFO - [2022-05-18 23:32:47,807] {dag.py:2398} INFO - Sync 1 DAGs
[2022-05-18 23:32:47,823] {logging_mixin.py:109} INFO - [2022-05-18 23:32:47,823] {dag.py:2937} INFO - Setting next_dagrun for example_branch_operator to 2022-05-17 00:00:00+00:00
[2022-05-18 23:32:47,832] {processor.py:171} INFO - Processing /home/airflow/.local/lib/python3.8/site-packages/airflow/example_dags/example_branch_operator.py took 0.065 seconds
[2022-05-18 23:33:17,967] {processor.py:163} INFO - Started process (PID=1354) to work on /home/airflow/.local/lib/python3.8/site-packages/airflow/example_dags/example_branch_operator.py
[2022-05-18 23:33:17,968] {processor.py:642} INFO - Processing file /home/airflow/.local/lib/python3.8/site-packages/airflow/example_dags/example_branch_operator.py for tasks to queue
[2022-05-18 23:33:17,969] {logging_mixin.py:109} INFO - [2022-05-18 23:33:17,968] {dagbag.py:500} INFO - Filling up the DagBag from /home/airflow/.local/lib/python3.8/site-packages/airflow/example_dags/example_branch_operator.py
[2022-05-18 23:33:17,999] {processor.py:654} INFO - DAG(s) dict_keys(['example_branch_operator']) retrieved from /home/airflow/.local/lib/python3.8/site-packages/airflow/example_dags/example_branch_operator.py
[2022-05-18 23:33:18,007] {logging_mixin.py:109} INFO - [2022-05-18 23:33:18,007] {dag.py:2398} INFO - Sync 1 DAGs
[2022-05-18 23:33:18,022] {logging_mixin.py:109} INFO - [2022-05-18 23:33:18,022] {dag.py:2937} INFO - Setting next_dagrun for example_branch_operator to 2022-05-17 00:00:00+00:00
[2022-05-18 23:33:18,031] {processor.py:171} INFO - Processing /home/airflow/.local/lib/python3.8/site-packages/airflow/example_dags/example_branch_operator.py took 0.065 seconds
[2022-05-18 23:33:48,412] {processor.py:163} INFO - Started process (PID=1438) to work on /home/airflow/.local/lib/python3.8/site-packages/airflow/example_dags/example_branch_operator.py
[2022-05-18 23:33:48,413] {processor.py:642} INFO - Processing file /home/airflow/.local/lib/python3.8/site-packages/airflow/example_dags/example_branch_operator.py for tasks to queue
[2022-05-18 23:33:48,413] {logging_mixin.py:109} INFO - [2022-05-18 23:33:48,413] {dagbag.py:500} INFO - Filling up the DagBag from /home/airflow/.local/lib/python3.8/site-packages/airflow/example_dags/example_branch_operator.py
[2022-05-18 23:33:48,439] {processor.py:654} INFO - DAG(s) dict_keys(['example_branch_operator']) retrieved from /home/airflow/.local/lib/python3.8/site-packages/airflow/example_dags/example_branch_operator.py
[2022-05-18 23:33:48,448] {logging_mixin.py:109} INFO - [2022-05-18 23:33:48,448] {dag.py:2398} INFO - Sync 1 DAGs
[2022-05-18 23:33:48,462] {logging_mixin.py:109} INFO - [2022-05-18 23:33:48,462] {dag.py:2937} INFO - Setting next_dagrun for example_branch_operator to 2022-05-17 00:00:00+00:00
[2022-05-18 23:33:48,471] {processor.py:171} INFO - Processing /home/airflow/.local/lib/python3.8/site-packages/airflow/example_dags/example_branch_operator.py took 0.061 seconds
[2022-05-18 23:34:18,881] {processor.py:163} INFO - Started process (PID=1532) to work on /home/airflow/.local/lib/python3.8/site-packages/airflow/example_dags/example_branch_operator.py
[2022-05-18 23:34:18,882] {processor.py:642} INFO - Processing file /home/airflow/.local/lib/python3.8/site-packages/airflow/example_dags/example_branch_operator.py for tasks to queue
[2022-05-18 23:34:18,882] {logging_mixin.py:109} INFO - [2022-05-18 23:34:18,882] {dagbag.py:500} INFO - Filling up the DagBag from /home/airflow/.local/lib/python3.8/site-packages/airflow/example_dags/example_branch_operator.py
[2022-05-18 23:34:18,912] {processor.py:654} INFO - DAG(s) dict_keys(['example_branch_operator']) retrieved from /home/airflow/.local/lib/python3.8/site-packages/airflow/example_dags/example_branch_operator.py
[2022-05-18 23:34:18,923] {logging_mixin.py:109} INFO - [2022-05-18 23:34:18,923] {dag.py:2398} INFO - Sync 1 DAGs
[2022-05-18 23:34:18,942] {logging_mixin.py:109} INFO - [2022-05-18 23:34:18,942] {dag.py:2937} INFO - Setting next_dagrun for example_branch_operator to 2022-05-17 00:00:00+00:00
[2022-05-18 23:34:18,952] {processor.py:171} INFO - Processing /home/airflow/.local/lib/python3.8/site-packages/airflow/example_dags/example_branch_operator.py took 0.073 seconds
[2022-05-18 23:34:49,353] {processor.py:163} INFO - Started process (PID=1616) to work on /home/airflow/.local/lib/python3.8/site-packages/airflow/example_dags/example_branch_operator.py
[2022-05-18 23:34:49,354] {processor.py:642} INFO - Processing file /home/airflow/.local/lib/python3.8/site-packages/airflow/example_dags/example_branch_operator.py for tasks to queue
[2022-05-18 23:34:49,355] {logging_mixin.py:109} INFO - [2022-05-18 23:34:49,355] {dagbag.py:500} INFO - Filling up the DagBag from /home/airflow/.local/lib/python3.8/site-packages/airflow/example_dags/example_branch_operator.py
[2022-05-18 23:34:49,382] {processor.py:654} INFO - DAG(s) dict_keys(['example_branch_operator']) retrieved from /home/airflow/.local/lib/python3.8/site-packages/airflow/example_dags/example_branch_operator.py
[2022-05-18 23:34:49,392] {logging_mixin.py:109} INFO - [2022-05-18 23:34:49,392] {dag.py:2398} INFO - Sync 1 DAGs
[2022-05-18 23:34:49,408] {logging_mixin.py:109} INFO - [2022-05-18 23:34:49,407] {dag.py:2937} INFO - Setting next_dagrun for example_branch_operator to 2022-05-17 00:00:00+00:00
[2022-05-18 23:34:49,416] {processor.py:171} INFO - Processing /home/airflow/.local/lib/python3.8/site-packages/airflow/example_dags/example_branch_operator.py took 0.065 seconds
[2022-05-18 23:35:19,998] {processor.py:163} INFO - Started process (PID=1709) to work on /home/airflow/.local/lib/python3.8/site-packages/airflow/example_dags/example_branch_operator.py
[2022-05-18 23:35:19,999] {processor.py:642} INFO - Processing file /home/airflow/.local/lib/python3.8/site-packages/airflow/example_dags/example_branch_operator.py for tasks to queue
[2022-05-18 23:35:20,000] {logging_mixin.py:109} INFO - [2022-05-18 23:35:20,000] {dagbag.py:500} INFO - Filling up the DagBag from /home/airflow/.local/lib/python3.8/site-packages/airflow/example_dags/example_branch_operator.py
[2022-05-18 23:35:20,033] {processor.py:654} INFO - DAG(s) dict_keys(['example_branch_operator']) retrieved from /home/airflow/.local/lib/python3.8/site-packages/airflow/example_dags/example_branch_operator.py
[2022-05-18 23:35:20,045] {logging_mixin.py:109} INFO - [2022-05-18 23:35:20,045] {dag.py:2398} INFO - Sync 1 DAGs
[2022-05-18 23:35:20,064] {logging_mixin.py:109} INFO - [2022-05-18 23:35:20,063] {dag.py:2937} INFO - Setting next_dagrun for example_branch_operator to 2022-05-17 00:00:00+00:00
[2022-05-18 23:35:20,072] {processor.py:171} INFO - Processing /home/airflow/.local/lib/python3.8/site-packages/airflow/example_dags/example_branch_operator.py took 0.077 seconds
[2022-05-18 23:35:50,161] {processor.py:163} INFO - Started process (PID=1794) to work on /home/airflow/.local/lib/python3.8/site-packages/airflow/example_dags/example_branch_operator.py
[2022-05-18 23:35:50,162] {processor.py:642} INFO - Processing file /home/airflow/.local/lib/python3.8/site-packages/airflow/example_dags/example_branch_operator.py for tasks to queue
[2022-05-18 23:35:50,163] {logging_mixin.py:109} INFO - [2022-05-18 23:35:50,163] {dagbag.py:500} INFO - Filling up the DagBag from /home/airflow/.local/lib/python3.8/site-packages/airflow/example_dags/example_branch_operator.py
[2022-05-18 23:35:50,186] {processor.py:654} INFO - DAG(s) dict_keys(['example_branch_operator']) retrieved from /home/airflow/.local/lib/python3.8/site-packages/airflow/example_dags/example_branch_operator.py
[2022-05-18 23:35:50,194] {logging_mixin.py:109} INFO - [2022-05-18 23:35:50,194] {dag.py:2398} INFO - Sync 1 DAGs
[2022-05-18 23:35:50,209] {logging_mixin.py:109} INFO - [2022-05-18 23:35:50,209] {dag.py:2937} INFO - Setting next_dagrun for example_branch_operator to 2022-05-17 00:00:00+00:00
[2022-05-18 23:35:50,218] {processor.py:171} INFO - Processing /home/airflow/.local/lib/python3.8/site-packages/airflow/example_dags/example_branch_operator.py took 0.059 seconds
[2022-05-18 23:36:21,124] {processor.py:163} INFO - Started process (PID=1878) to work on /home/airflow/.local/lib/python3.8/site-packages/airflow/example_dags/example_branch_operator.py
[2022-05-18 23:36:21,125] {processor.py:642} INFO - Processing file /home/airflow/.local/lib/python3.8/site-packages/airflow/example_dags/example_branch_operator.py for tasks to queue
[2022-05-18 23:36:21,126] {logging_mixin.py:109} INFO - [2022-05-18 23:36:21,125] {dagbag.py:500} INFO - Filling up the DagBag from /home/airflow/.local/lib/python3.8/site-packages/airflow/example_dags/example_branch_operator.py
[2022-05-18 23:36:21,156] {processor.py:654} INFO - DAG(s) dict_keys(['example_branch_operator']) retrieved from /home/airflow/.local/lib/python3.8/site-packages/airflow/example_dags/example_branch_operator.py
[2022-05-18 23:36:21,169] {logging_mixin.py:109} INFO - [2022-05-18 23:36:21,169] {dag.py:2398} INFO - Sync 1 DAGs
[2022-05-18 23:36:21,186] {logging_mixin.py:109} INFO - [2022-05-18 23:36:21,186] {dag.py:2937} INFO - Setting next_dagrun for example_branch_operator to 2022-05-17 00:00:00+00:00
[2022-05-18 23:36:21,197] {processor.py:171} INFO - Processing /home/airflow/.local/lib/python3.8/site-packages/airflow/example_dags/example_branch_operator.py took 0.075 seconds
[2022-05-18 23:36:51,842] {processor.py:163} INFO - Started process (PID=1971) to work on /home/airflow/.local/lib/python3.8/site-packages/airflow/example_dags/example_branch_operator.py
[2022-05-18 23:36:51,843] {processor.py:642} INFO - Processing file /home/airflow/.local/lib/python3.8/site-packages/airflow/example_dags/example_branch_operator.py for tasks to queue
[2022-05-18 23:36:51,843] {logging_mixin.py:109} INFO - [2022-05-18 23:36:51,843] {dagbag.py:500} INFO - Filling up the DagBag from /home/airflow/.local/lib/python3.8/site-packages/airflow/example_dags/example_branch_operator.py
[2022-05-18 23:36:51,870] {processor.py:654} INFO - DAG(s) dict_keys(['example_branch_operator']) retrieved from /home/airflow/.local/lib/python3.8/site-packages/airflow/example_dags/example_branch_operator.py
[2022-05-18 23:36:51,879] {logging_mixin.py:109} INFO - [2022-05-18 23:36:51,878] {dag.py:2398} INFO - Sync 1 DAGs
[2022-05-18 23:36:51,894] {logging_mixin.py:109} INFO - [2022-05-18 23:36:51,894] {dag.py:2937} INFO - Setting next_dagrun for example_branch_operator to 2022-05-17 00:00:00+00:00
[2022-05-18 23:36:51,910] {processor.py:171} INFO - Processing /home/airflow/.local/lib/python3.8/site-packages/airflow/example_dags/example_branch_operator.py took 0.071 seconds
[2022-05-18 23:37:22,520] {processor.py:163} INFO - Started process (PID=2056) to work on /home/airflow/.local/lib/python3.8/site-packages/airflow/example_dags/example_branch_operator.py
[2022-05-18 23:37:22,520] {processor.py:642} INFO - Processing file /home/airflow/.local/lib/python3.8/site-packages/airflow/example_dags/example_branch_operator.py for tasks to queue
[2022-05-18 23:37:22,521] {logging_mixin.py:109} INFO - [2022-05-18 23:37:22,521] {dagbag.py:500} INFO - Filling up the DagBag from /home/airflow/.local/lib/python3.8/site-packages/airflow/example_dags/example_branch_operator.py
[2022-05-18 23:37:22,553] {processor.py:654} INFO - DAG(s) dict_keys(['example_branch_operator']) retrieved from /home/airflow/.local/lib/python3.8/site-packages/airflow/example_dags/example_branch_operator.py
[2022-05-18 23:37:22,562] {logging_mixin.py:109} INFO - [2022-05-18 23:37:22,562] {dag.py:2398} INFO - Sync 1 DAGs
[2022-05-18 23:37:22,579] {logging_mixin.py:109} INFO - [2022-05-18 23:37:22,579] {dag.py:2937} INFO - Setting next_dagrun for example_branch_operator to 2022-05-17 00:00:00+00:00
[2022-05-18 23:37:22,590] {processor.py:171} INFO - Processing /home/airflow/.local/lib/python3.8/site-packages/airflow/example_dags/example_branch_operator.py took 0.073 seconds
[2022-05-18 23:37:52,901] {processor.py:163} INFO - Started process (PID=2149) to work on /home/airflow/.local/lib/python3.8/site-packages/airflow/example_dags/example_branch_operator.py
[2022-05-18 23:37:52,903] {processor.py:642} INFO - Processing file /home/airflow/.local/lib/python3.8/site-packages/airflow/example_dags/example_branch_operator.py for tasks to queue
[2022-05-18 23:37:52,904] {logging_mixin.py:109} INFO - [2022-05-18 23:37:52,904] {dagbag.py:500} INFO - Filling up the DagBag from /home/airflow/.local/lib/python3.8/site-packages/airflow/example_dags/example_branch_operator.py
[2022-05-18 23:37:53,006] {processor.py:654} INFO - DAG(s) dict_keys(['example_branch_operator']) retrieved from /home/airflow/.local/lib/python3.8/site-packages/airflow/example_dags/example_branch_operator.py
[2022-05-18 23:37:53,021] {logging_mixin.py:109} INFO - [2022-05-18 23:37:53,021] {dag.py:2398} INFO - Sync 1 DAGs
[2022-05-18 23:37:53,044] {logging_mixin.py:109} INFO - [2022-05-18 23:37:53,044] {dag.py:2937} INFO - Setting next_dagrun for example_branch_operator to 2022-05-17 00:00:00+00:00
[2022-05-18 23:37:53,066] {processor.py:171} INFO - Processing /home/airflow/.local/lib/python3.8/site-packages/airflow/example_dags/example_branch_operator.py took 0.168 seconds
[2022-05-18 23:38:23,089] {processor.py:163} INFO - Started process (PID=2234) to work on /home/airflow/.local/lib/python3.8/site-packages/airflow/example_dags/example_branch_operator.py
[2022-05-18 23:38:23,090] {processor.py:642} INFO - Processing file /home/airflow/.local/lib/python3.8/site-packages/airflow/example_dags/example_branch_operator.py for tasks to queue
[2022-05-18 23:38:23,090] {logging_mixin.py:109} INFO - [2022-05-18 23:38:23,090] {dagbag.py:500} INFO - Filling up the DagBag from /home/airflow/.local/lib/python3.8/site-packages/airflow/example_dags/example_branch_operator.py
[2022-05-18 23:38:23,122] {processor.py:654} INFO - DAG(s) dict_keys(['example_branch_operator']) retrieved from /home/airflow/.local/lib/python3.8/site-packages/airflow/example_dags/example_branch_operator.py
[2022-05-18 23:38:23,132] {logging_mixin.py:109} INFO - [2022-05-18 23:38:23,131] {dag.py:2398} INFO - Sync 1 DAGs
[2022-05-18 23:38:23,149] {logging_mixin.py:109} INFO - [2022-05-18 23:38:23,149] {dag.py:2937} INFO - Setting next_dagrun for example_branch_operator to 2022-05-17 00:00:00+00:00
[2022-05-18 23:38:23,161] {processor.py:171} INFO - Processing /home/airflow/.local/lib/python3.8/site-packages/airflow/example_dags/example_branch_operator.py took 0.074 seconds
[2022-05-18 23:38:53,435] {processor.py:163} INFO - Started process (PID=2320) to work on /home/airflow/.local/lib/python3.8/site-packages/airflow/example_dags/example_branch_operator.py
[2022-05-18 23:38:53,436] {processor.py:642} INFO - Processing file /home/airflow/.local/lib/python3.8/site-packages/airflow/example_dags/example_branch_operator.py for tasks to queue
[2022-05-18 23:38:53,436] {logging_mixin.py:109} INFO - [2022-05-18 23:38:53,436] {dagbag.py:500} INFO - Filling up the DagBag from /home/airflow/.local/lib/python3.8/site-packages/airflow/example_dags/example_branch_operator.py
[2022-05-18 23:38:53,466] {processor.py:654} INFO - DAG(s) dict_keys(['example_branch_operator']) retrieved from /home/airflow/.local/lib/python3.8/site-packages/airflow/example_dags/example_branch_operator.py
[2022-05-18 23:38:53,477] {logging_mixin.py:109} INFO - [2022-05-18 23:38:53,477] {dag.py:2398} INFO - Sync 1 DAGs
[2022-05-18 23:38:53,490] {logging_mixin.py:109} INFO - [2022-05-18 23:38:53,490] {dag.py:2937} INFO - Setting next_dagrun for example_branch_operator to 2022-05-17 00:00:00+00:00
[2022-05-18 23:38:53,503] {processor.py:171} INFO - Processing /home/airflow/.local/lib/python3.8/site-packages/airflow/example_dags/example_branch_operator.py took 0.071 seconds
[2022-05-18 23:39:23,928] {processor.py:163} INFO - Started process (PID=2413) to work on /home/airflow/.local/lib/python3.8/site-packages/airflow/example_dags/example_branch_operator.py
[2022-05-18 23:39:23,929] {processor.py:642} INFO - Processing file /home/airflow/.local/lib/python3.8/site-packages/airflow/example_dags/example_branch_operator.py for tasks to queue
[2022-05-18 23:39:23,930] {logging_mixin.py:109} INFO - [2022-05-18 23:39:23,930] {dagbag.py:500} INFO - Filling up the DagBag from /home/airflow/.local/lib/python3.8/site-packages/airflow/example_dags/example_branch_operator.py
[2022-05-18 23:39:23,976] {processor.py:654} INFO - DAG(s) dict_keys(['example_branch_operator']) retrieved from /home/airflow/.local/lib/python3.8/site-packages/airflow/example_dags/example_branch_operator.py
[2022-05-18 23:39:23,996] {logging_mixin.py:109} INFO - [2022-05-18 23:39:23,995] {dag.py:2398} INFO - Sync 1 DAGs
[2022-05-18 23:39:24,028] {logging_mixin.py:109} INFO - [2022-05-18 23:39:24,028] {dag.py:2937} INFO - Setting next_dagrun for example_branch_operator to 2022-05-17 00:00:00+00:00
[2022-05-18 23:39:24,044] {processor.py:171} INFO - Processing /home/airflow/.local/lib/python3.8/site-packages/airflow/example_dags/example_branch_operator.py took 0.118 seconds
[2022-05-18 23:39:54,119] {processor.py:163} INFO - Started process (PID=2497) to work on /home/airflow/.local/lib/python3.8/site-packages/airflow/example_dags/example_branch_operator.py
[2022-05-18 23:39:54,121] {processor.py:642} INFO - Processing file /home/airflow/.local/lib/python3.8/site-packages/airflow/example_dags/example_branch_operator.py for tasks to queue
[2022-05-18 23:39:54,121] {logging_mixin.py:109} INFO - [2022-05-18 23:39:54,121] {dagbag.py:500} INFO - Filling up the DagBag from /home/airflow/.local/lib/python3.8/site-packages/airflow/example_dags/example_branch_operator.py
[2022-05-18 23:39:54,159] {processor.py:654} INFO - DAG(s) dict_keys(['example_branch_operator']) retrieved from /home/airflow/.local/lib/python3.8/site-packages/airflow/example_dags/example_branch_operator.py
[2022-05-18 23:39:54,170] {logging_mixin.py:109} INFO - [2022-05-18 23:39:54,169] {dag.py:2398} INFO - Sync 1 DAGs
[2022-05-18 23:39:54,187] {logging_mixin.py:109} INFO - [2022-05-18 23:39:54,187] {dag.py:2937} INFO - Setting next_dagrun for example_branch_operator to 2022-05-17 00:00:00+00:00
[2022-05-18 23:39:54,199] {processor.py:171} INFO - Processing /home/airflow/.local/lib/python3.8/site-packages/airflow/example_dags/example_branch_operator.py took 0.084 seconds
[2022-05-18 23:40:25,216] {processor.py:163} INFO - Started process (PID=2582) to work on /home/airflow/.local/lib/python3.8/site-packages/airflow/example_dags/example_branch_operator.py
[2022-05-18 23:40:25,217] {processor.py:642} INFO - Processing file /home/airflow/.local/lib/python3.8/site-packages/airflow/example_dags/example_branch_operator.py for tasks to queue
[2022-05-18 23:40:25,218] {logging_mixin.py:109} INFO - [2022-05-18 23:40:25,217] {dagbag.py:500} INFO - Filling up the DagBag from /home/airflow/.local/lib/python3.8/site-packages/airflow/example_dags/example_branch_operator.py
[2022-05-18 23:40:25,261] {processor.py:654} INFO - DAG(s) dict_keys(['example_branch_operator']) retrieved from /home/airflow/.local/lib/python3.8/site-packages/airflow/example_dags/example_branch_operator.py
[2022-05-18 23:40:25,273] {logging_mixin.py:109} INFO - [2022-05-18 23:40:25,273] {dag.py:2398} INFO - Sync 1 DAGs
[2022-05-18 23:40:25,291] {logging_mixin.py:109} INFO - [2022-05-18 23:40:25,291] {dag.py:2937} INFO - Setting next_dagrun for example_branch_operator to 2022-05-17 00:00:00+00:00
[2022-05-18 23:40:25,303] {processor.py:171} INFO - Processing /home/airflow/.local/lib/python3.8/site-packages/airflow/example_dags/example_branch_operator.py took 0.090 seconds
[2022-05-18 23:40:55,579] {processor.py:163} INFO - Started process (PID=2673) to work on /home/airflow/.local/lib/python3.8/site-packages/airflow/example_dags/example_branch_operator.py
[2022-05-18 23:40:55,580] {processor.py:642} INFO - Processing file /home/airflow/.local/lib/python3.8/site-packages/airflow/example_dags/example_branch_operator.py for tasks to queue
[2022-05-18 23:40:55,581] {logging_mixin.py:109} INFO - [2022-05-18 23:40:55,581] {dagbag.py:500} INFO - Filling up the DagBag from /home/airflow/.local/lib/python3.8/site-packages/airflow/example_dags/example_branch_operator.py
[2022-05-18 23:40:55,613] {processor.py:654} INFO - DAG(s) dict_keys(['example_branch_operator']) retrieved from /home/airflow/.local/lib/python3.8/site-packages/airflow/example_dags/example_branch_operator.py
[2022-05-18 23:40:55,624] {logging_mixin.py:109} INFO - [2022-05-18 23:40:55,624] {dag.py:2398} INFO - Sync 1 DAGs
[2022-05-18 23:40:55,642] {logging_mixin.py:109} INFO - [2022-05-18 23:40:55,642] {dag.py:2937} INFO - Setting next_dagrun for example_branch_operator to 2022-05-17 00:00:00+00:00
[2022-05-18 23:40:55,656] {processor.py:171} INFO - Processing /home/airflow/.local/lib/python3.8/site-packages/airflow/example_dags/example_branch_operator.py took 0.079 seconds
[2022-05-18 23:41:25,686] {processor.py:163} INFO - Started process (PID=2743) to work on /home/airflow/.local/lib/python3.8/site-packages/airflow/example_dags/example_branch_operator.py
[2022-05-18 23:41:25,686] {processor.py:642} INFO - Processing file /home/airflow/.local/lib/python3.8/site-packages/airflow/example_dags/example_branch_operator.py for tasks to queue
[2022-05-18 23:41:25,687] {logging_mixin.py:109} INFO - [2022-05-18 23:41:25,687] {dagbag.py:500} INFO - Filling up the DagBag from /home/airflow/.local/lib/python3.8/site-packages/airflow/example_dags/example_branch_operator.py
[2022-05-18 23:41:25,711] {processor.py:654} INFO - DAG(s) dict_keys(['example_branch_operator']) retrieved from /home/airflow/.local/lib/python3.8/site-packages/airflow/example_dags/example_branch_operator.py
[2022-05-18 23:41:25,719] {logging_mixin.py:109} INFO - [2022-05-18 23:41:25,719] {dag.py:2398} INFO - Sync 1 DAGs
[2022-05-18 23:41:25,732] {logging_mixin.py:109} INFO - [2022-05-18 23:41:25,732] {dag.py:2937} INFO - Setting next_dagrun for example_branch_operator to 2022-05-17 00:00:00+00:00
[2022-05-18 23:41:25,742] {processor.py:171} INFO - Processing /home/airflow/.local/lib/python3.8/site-packages/airflow/example_dags/example_branch_operator.py took 0.058 seconds
[2022-05-18 23:41:56,201] {processor.py:163} INFO - Started process (PID=2834) to work on /home/airflow/.local/lib/python3.8/site-packages/airflow/example_dags/example_branch_operator.py
[2022-05-18 23:41:56,202] {processor.py:642} INFO - Processing file /home/airflow/.local/lib/python3.8/site-packages/airflow/example_dags/example_branch_operator.py for tasks to queue
[2022-05-18 23:41:56,203] {logging_mixin.py:109} INFO - [2022-05-18 23:41:56,203] {dagbag.py:500} INFO - Filling up the DagBag from /home/airflow/.local/lib/python3.8/site-packages/airflow/example_dags/example_branch_operator.py
[2022-05-18 23:41:56,233] {processor.py:654} INFO - DAG(s) dict_keys(['example_branch_operator']) retrieved from /home/airflow/.local/lib/python3.8/site-packages/airflow/example_dags/example_branch_operator.py
[2022-05-18 23:41:56,244] {logging_mixin.py:109} INFO - [2022-05-18 23:41:56,244] {dag.py:2398} INFO - Sync 1 DAGs
[2022-05-18 23:41:56,260] {logging_mixin.py:109} INFO - [2022-05-18 23:41:56,260] {dag.py:2937} INFO - Setting next_dagrun for example_branch_operator to 2022-05-17 00:00:00+00:00
[2022-05-18 23:41:56,270] {processor.py:171} INFO - Processing /home/airflow/.local/lib/python3.8/site-packages/airflow/example_dags/example_branch_operator.py took 0.071 seconds
[2022-05-18 23:42:26,646] {processor.py:163} INFO - Started process (PID=2921) to work on /home/airflow/.local/lib/python3.8/site-packages/airflow/example_dags/example_branch_operator.py
[2022-05-18 23:42:26,647] {processor.py:642} INFO - Processing file /home/airflow/.local/lib/python3.8/site-packages/airflow/example_dags/example_branch_operator.py for tasks to queue
[2022-05-18 23:42:26,647] {logging_mixin.py:109} INFO - [2022-05-18 23:42:26,647] {dagbag.py:500} INFO - Filling up the DagBag from /home/airflow/.local/lib/python3.8/site-packages/airflow/example_dags/example_branch_operator.py
[2022-05-18 23:42:26,675] {processor.py:654} INFO - DAG(s) dict_keys(['example_branch_operator']) retrieved from /home/airflow/.local/lib/python3.8/site-packages/airflow/example_dags/example_branch_operator.py
[2022-05-18 23:42:26,683] {logging_mixin.py:109} INFO - [2022-05-18 23:42:26,683] {dag.py:2398} INFO - Sync 1 DAGs
[2022-05-18 23:42:26,700] {logging_mixin.py:109} INFO - [2022-05-18 23:42:26,700] {dag.py:2937} INFO - Setting next_dagrun for example_branch_operator to 2022-05-17 00:00:00+00:00
[2022-05-18 23:42:26,710] {processor.py:171} INFO - Processing /home/airflow/.local/lib/python3.8/site-packages/airflow/example_dags/example_branch_operator.py took 0.066 seconds
[2022-05-18 23:42:57,333] {processor.py:163} INFO - Started process (PID=3004) to work on /home/airflow/.local/lib/python3.8/site-packages/airflow/example_dags/example_branch_operator.py
[2022-05-18 23:42:57,334] {processor.py:642} INFO - Processing file /home/airflow/.local/lib/python3.8/site-packages/airflow/example_dags/example_branch_operator.py for tasks to queue
[2022-05-18 23:42:57,335] {logging_mixin.py:109} INFO - [2022-05-18 23:42:57,335] {dagbag.py:500} INFO - Filling up the DagBag from /home/airflow/.local/lib/python3.8/site-packages/airflow/example_dags/example_branch_operator.py
[2022-05-18 23:42:57,363] {processor.py:654} INFO - DAG(s) dict_keys(['example_branch_operator']) retrieved from /home/airflow/.local/lib/python3.8/site-packages/airflow/example_dags/example_branch_operator.py
[2022-05-18 23:42:57,372] {logging_mixin.py:109} INFO - [2022-05-18 23:42:57,372] {dag.py:2398} INFO - Sync 1 DAGs
[2022-05-18 23:42:57,387] {logging_mixin.py:109} INFO - [2022-05-18 23:42:57,387] {dag.py:2937} INFO - Setting next_dagrun for example_branch_operator to 2022-05-17 00:00:00+00:00
[2022-05-18 23:42:57,398] {processor.py:171} INFO - Processing /home/airflow/.local/lib/python3.8/site-packages/airflow/example_dags/example_branch_operator.py took 0.067 seconds
[2022-05-18 23:43:27,432] {processor.py:163} INFO - Started process (PID=3081) to work on /home/airflow/.local/lib/python3.8/site-packages/airflow/example_dags/example_branch_operator.py
[2022-05-18 23:43:27,433] {processor.py:642} INFO - Processing file /home/airflow/.local/lib/python3.8/site-packages/airflow/example_dags/example_branch_operator.py for tasks to queue
[2022-05-18 23:43:27,434] {logging_mixin.py:109} INFO - [2022-05-18 23:43:27,434] {dagbag.py:500} INFO - Filling up the DagBag from /home/airflow/.local/lib/python3.8/site-packages/airflow/example_dags/example_branch_operator.py
[2022-05-18 23:43:27,465] {processor.py:654} INFO - DAG(s) dict_keys(['example_branch_operator']) retrieved from /home/airflow/.local/lib/python3.8/site-packages/airflow/example_dags/example_branch_operator.py
[2022-05-18 23:43:27,477] {logging_mixin.py:109} INFO - [2022-05-18 23:43:27,477] {dag.py:2398} INFO - Sync 1 DAGs
[2022-05-18 23:43:27,495] {logging_mixin.py:109} INFO - [2022-05-18 23:43:27,495] {dag.py:2937} INFO - Setting next_dagrun for example_branch_operator to 2022-05-17 00:00:00+00:00
[2022-05-18 23:43:27,506] {processor.py:171} INFO - Processing /home/airflow/.local/lib/python3.8/site-packages/airflow/example_dags/example_branch_operator.py took 0.075 seconds
[2022-05-18 23:43:57,529] {processor.py:163} INFO - Started process (PID=3185) to work on /home/airflow/.local/lib/python3.8/site-packages/airflow/example_dags/example_branch_operator.py
[2022-05-18 23:43:57,530] {processor.py:642} INFO - Processing file /home/airflow/.local/lib/python3.8/site-packages/airflow/example_dags/example_branch_operator.py for tasks to queue
[2022-05-18 23:43:57,531] {logging_mixin.py:109} INFO - [2022-05-18 23:43:57,530] {dagbag.py:500} INFO - Filling up the DagBag from /home/airflow/.local/lib/python3.8/site-packages/airflow/example_dags/example_branch_operator.py
[2022-05-18 23:43:57,564] {processor.py:654} INFO - DAG(s) dict_keys(['example_branch_operator']) retrieved from /home/airflow/.local/lib/python3.8/site-packages/airflow/example_dags/example_branch_operator.py
[2022-05-18 23:43:57,579] {logging_mixin.py:109} INFO - [2022-05-18 23:43:57,579] {dag.py:2398} INFO - Sync 1 DAGs
[2022-05-18 23:43:57,601] {logging_mixin.py:109} INFO - [2022-05-18 23:43:57,601] {dag.py:2937} INFO - Setting next_dagrun for example_branch_operator to 2022-05-17 00:00:00+00:00
[2022-05-18 23:43:57,610] {processor.py:171} INFO - Processing /home/airflow/.local/lib/python3.8/site-packages/airflow/example_dags/example_branch_operator.py took 0.084 seconds
[2022-05-18 23:44:28,526] {processor.py:163} INFO - Started process (PID=3288) to work on /home/airflow/.local/lib/python3.8/site-packages/airflow/example_dags/example_branch_operator.py
[2022-05-18 23:44:28,530] {processor.py:642} INFO - Processing file /home/airflow/.local/lib/python3.8/site-packages/airflow/example_dags/example_branch_operator.py for tasks to queue
[2022-05-18 23:44:28,530] {logging_mixin.py:109} INFO - [2022-05-18 23:44:28,530] {dagbag.py:500} INFO - Filling up the DagBag from /home/airflow/.local/lib/python3.8/site-packages/airflow/example_dags/example_branch_operator.py
[2022-05-18 23:44:28,561] {processor.py:654} INFO - DAG(s) dict_keys(['example_branch_operator']) retrieved from /home/airflow/.local/lib/python3.8/site-packages/airflow/example_dags/example_branch_operator.py
[2022-05-18 23:44:28,575] {logging_mixin.py:109} INFO - [2022-05-18 23:44:28,574] {dag.py:2398} INFO - Sync 1 DAGs
[2022-05-18 23:44:28,594] {logging_mixin.py:109} INFO - [2022-05-18 23:44:28,593] {dag.py:2937} INFO - Setting next_dagrun for example_branch_operator to 2022-05-17 00:00:00+00:00
[2022-05-18 23:44:28,604] {processor.py:171} INFO - Processing /home/airflow/.local/lib/python3.8/site-packages/airflow/example_dags/example_branch_operator.py took 0.080 seconds
[2022-05-18 23:44:59,569] {processor.py:163} INFO - Started process (PID=3399) to work on /home/airflow/.local/lib/python3.8/site-packages/airflow/example_dags/example_branch_operator.py
[2022-05-18 23:44:59,570] {processor.py:642} INFO - Processing file /home/airflow/.local/lib/python3.8/site-packages/airflow/example_dags/example_branch_operator.py for tasks to queue
[2022-05-18 23:44:59,571] {logging_mixin.py:109} INFO - [2022-05-18 23:44:59,571] {dagbag.py:500} INFO - Filling up the DagBag from /home/airflow/.local/lib/python3.8/site-packages/airflow/example_dags/example_branch_operator.py
[2022-05-18 23:44:59,618] {processor.py:654} INFO - DAG(s) dict_keys(['example_branch_operator']) retrieved from /home/airflow/.local/lib/python3.8/site-packages/airflow/example_dags/example_branch_operator.py
[2022-05-18 23:44:59,629] {logging_mixin.py:109} INFO - [2022-05-18 23:44:59,629] {dag.py:2398} INFO - Sync 1 DAGs
[2022-05-18 23:44:59,648] {logging_mixin.py:109} INFO - [2022-05-18 23:44:59,648] {dag.py:2937} INFO - Setting next_dagrun for example_branch_operator to 2022-05-17 00:00:00+00:00
[2022-05-18 23:44:59,660] {processor.py:171} INFO - Processing /home/airflow/.local/lib/python3.8/site-packages/airflow/example_dags/example_branch_operator.py took 0.093 seconds
[2022-05-18 23:45:30,184] {processor.py:163} INFO - Started process (PID=3485) to work on /home/airflow/.local/lib/python3.8/site-packages/airflow/example_dags/example_branch_operator.py
[2022-05-18 23:45:30,186] {processor.py:642} INFO - Processing file /home/airflow/.local/lib/python3.8/site-packages/airflow/example_dags/example_branch_operator.py for tasks to queue
[2022-05-18 23:45:30,187] {logging_mixin.py:109} INFO - [2022-05-18 23:45:30,187] {dagbag.py:500} INFO - Filling up the DagBag from /home/airflow/.local/lib/python3.8/site-packages/airflow/example_dags/example_branch_operator.py
[2022-05-18 23:45:30,218] {processor.py:654} INFO - DAG(s) dict_keys(['example_branch_operator']) retrieved from /home/airflow/.local/lib/python3.8/site-packages/airflow/example_dags/example_branch_operator.py
[2022-05-18 23:45:30,231] {logging_mixin.py:109} INFO - [2022-05-18 23:45:30,231] {dag.py:2398} INFO - Sync 1 DAGs
[2022-05-18 23:45:30,249] {logging_mixin.py:109} INFO - [2022-05-18 23:45:30,248] {dag.py:2937} INFO - Setting next_dagrun for example_branch_operator to 2022-05-17 00:00:00+00:00
[2022-05-18 23:45:30,259] {processor.py:171} INFO - Processing /home/airflow/.local/lib/python3.8/site-packages/airflow/example_dags/example_branch_operator.py took 0.078 seconds
[2022-05-18 23:46:00,737] {processor.py:163} INFO - Started process (PID=3571) to work on /home/airflow/.local/lib/python3.8/site-packages/airflow/example_dags/example_branch_operator.py
[2022-05-18 23:46:00,738] {processor.py:642} INFO - Processing file /home/airflow/.local/lib/python3.8/site-packages/airflow/example_dags/example_branch_operator.py for tasks to queue
[2022-05-18 23:46:00,738] {logging_mixin.py:109} INFO - [2022-05-18 23:46:00,738] {dagbag.py:500} INFO - Filling up the DagBag from /home/airflow/.local/lib/python3.8/site-packages/airflow/example_dags/example_branch_operator.py
[2022-05-18 23:46:00,771] {processor.py:654} INFO - DAG(s) dict_keys(['example_branch_operator']) retrieved from /home/airflow/.local/lib/python3.8/site-packages/airflow/example_dags/example_branch_operator.py
[2022-05-18 23:46:00,781] {logging_mixin.py:109} INFO - [2022-05-18 23:46:00,781] {dag.py:2398} INFO - Sync 1 DAGs
[2022-05-18 23:46:00,799] {logging_mixin.py:109} INFO - [2022-05-18 23:46:00,799] {dag.py:2937} INFO - Setting next_dagrun for example_branch_operator to 2022-05-17 00:00:00+00:00
[2022-05-18 23:46:00,809] {processor.py:171} INFO - Processing /home/airflow/.local/lib/python3.8/site-packages/airflow/example_dags/example_branch_operator.py took 0.075 seconds
[2022-05-18 23:46:31,785] {processor.py:163} INFO - Started process (PID=3682) to work on /home/airflow/.local/lib/python3.8/site-packages/airflow/example_dags/example_branch_operator.py
[2022-05-18 23:46:31,786] {processor.py:642} INFO - Processing file /home/airflow/.local/lib/python3.8/site-packages/airflow/example_dags/example_branch_operator.py for tasks to queue
[2022-05-18 23:46:31,786] {logging_mixin.py:109} INFO - [2022-05-18 23:46:31,786] {dagbag.py:500} INFO - Filling up the DagBag from /home/airflow/.local/lib/python3.8/site-packages/airflow/example_dags/example_branch_operator.py
[2022-05-18 23:46:31,817] {processor.py:654} INFO - DAG(s) dict_keys(['example_branch_operator']) retrieved from /home/airflow/.local/lib/python3.8/site-packages/airflow/example_dags/example_branch_operator.py
[2022-05-18 23:46:31,829] {logging_mixin.py:109} INFO - [2022-05-18 23:46:31,829] {dag.py:2398} INFO - Sync 1 DAGs
[2022-05-18 23:46:31,845] {logging_mixin.py:109} INFO - [2022-05-18 23:46:31,845] {dag.py:2937} INFO - Setting next_dagrun for example_branch_operator to 2022-05-17 00:00:00+00:00
[2022-05-18 23:46:31,855] {processor.py:171} INFO - Processing /home/airflow/.local/lib/python3.8/site-packages/airflow/example_dags/example_branch_operator.py took 0.073 seconds
[2022-05-18 23:47:02,389] {processor.py:163} INFO - Started process (PID=3785) to work on /home/airflow/.local/lib/python3.8/site-packages/airflow/example_dags/example_branch_operator.py
[2022-05-18 23:47:02,390] {processor.py:642} INFO - Processing file /home/airflow/.local/lib/python3.8/site-packages/airflow/example_dags/example_branch_operator.py for tasks to queue
[2022-05-18 23:47:02,390] {logging_mixin.py:109} INFO - [2022-05-18 23:47:02,390] {dagbag.py:500} INFO - Filling up the DagBag from /home/airflow/.local/lib/python3.8/site-packages/airflow/example_dags/example_branch_operator.py
[2022-05-18 23:47:02,418] {processor.py:654} INFO - DAG(s) dict_keys(['example_branch_operator']) retrieved from /home/airflow/.local/lib/python3.8/site-packages/airflow/example_dags/example_branch_operator.py
[2022-05-18 23:47:02,427] {logging_mixin.py:109} INFO - [2022-05-18 23:47:02,427] {dag.py:2398} INFO - Sync 1 DAGs
[2022-05-18 23:47:02,442] {logging_mixin.py:109} INFO - [2022-05-18 23:47:02,442] {dag.py:2937} INFO - Setting next_dagrun for example_branch_operator to 2022-05-17 00:00:00+00:00
[2022-05-18 23:47:02,451] {processor.py:171} INFO - Processing /home/airflow/.local/lib/python3.8/site-packages/airflow/example_dags/example_branch_operator.py took 0.064 seconds
[2022-05-18 23:47:33,024] {processor.py:163} INFO - Started process (PID=3870) to work on /home/airflow/.local/lib/python3.8/site-packages/airflow/example_dags/example_branch_operator.py
[2022-05-18 23:47:33,026] {processor.py:642} INFO - Processing file /home/airflow/.local/lib/python3.8/site-packages/airflow/example_dags/example_branch_operator.py for tasks to queue
[2022-05-18 23:47:33,026] {logging_mixin.py:109} INFO - [2022-05-18 23:47:33,026] {dagbag.py:500} INFO - Filling up the DagBag from /home/airflow/.local/lib/python3.8/site-packages/airflow/example_dags/example_branch_operator.py
[2022-05-18 23:47:33,055] {processor.py:654} INFO - DAG(s) dict_keys(['example_branch_operator']) retrieved from /home/airflow/.local/lib/python3.8/site-packages/airflow/example_dags/example_branch_operator.py
[2022-05-18 23:47:33,066] {logging_mixin.py:109} INFO - [2022-05-18 23:47:33,066] {dag.py:2398} INFO - Sync 1 DAGs
[2022-05-18 23:47:33,082] {logging_mixin.py:109} INFO - [2022-05-18 23:47:33,082] {dag.py:2937} INFO - Setting next_dagrun for example_branch_operator to 2022-05-17 00:00:00+00:00
[2022-05-18 23:47:33,091] {processor.py:171} INFO - Processing /home/airflow/.local/lib/python3.8/site-packages/airflow/example_dags/example_branch_operator.py took 0.069 seconds
[2022-05-18 23:48:03,571] {processor.py:163} INFO - Started process (PID=3963) to work on /home/airflow/.local/lib/python3.8/site-packages/airflow/example_dags/example_branch_operator.py
[2022-05-18 23:48:03,572] {processor.py:642} INFO - Processing file /home/airflow/.local/lib/python3.8/site-packages/airflow/example_dags/example_branch_operator.py for tasks to queue
[2022-05-18 23:48:03,573] {logging_mixin.py:109} INFO - [2022-05-18 23:48:03,573] {dagbag.py:500} INFO - Filling up the DagBag from /home/airflow/.local/lib/python3.8/site-packages/airflow/example_dags/example_branch_operator.py
[2022-05-18 23:48:03,609] {processor.py:654} INFO - DAG(s) dict_keys(['example_branch_operator']) retrieved from /home/airflow/.local/lib/python3.8/site-packages/airflow/example_dags/example_branch_operator.py
[2022-05-18 23:48:03,625] {logging_mixin.py:109} INFO - [2022-05-18 23:48:03,625] {dag.py:2398} INFO - Sync 1 DAGs
[2022-05-18 23:48:03,646] {logging_mixin.py:109} INFO - [2022-05-18 23:48:03,646] {dag.py:2937} INFO - Setting next_dagrun for example_branch_operator to 2022-05-17 00:00:00+00:00
[2022-05-18 23:48:03,656] {processor.py:171} INFO - Processing /home/airflow/.local/lib/python3.8/site-packages/airflow/example_dags/example_branch_operator.py took 0.087 seconds
[2022-05-18 23:48:34,981] {processor.py:163} INFO - Started process (PID=4048) to work on /home/airflow/.local/lib/python3.8/site-packages/airflow/example_dags/example_branch_operator.py
[2022-05-18 23:48:34,983] {processor.py:642} INFO - Processing file /home/airflow/.local/lib/python3.8/site-packages/airflow/example_dags/example_branch_operator.py for tasks to queue
[2022-05-18 23:48:34,983] {logging_mixin.py:109} INFO - [2022-05-18 23:48:34,983] {dagbag.py:500} INFO - Filling up the DagBag from /home/airflow/.local/lib/python3.8/site-packages/airflow/example_dags/example_branch_operator.py
[2022-05-18 23:48:35,011] {processor.py:654} INFO - DAG(s) dict_keys(['example_branch_operator']) retrieved from /home/airflow/.local/lib/python3.8/site-packages/airflow/example_dags/example_branch_operator.py
[2022-05-18 23:48:35,021] {logging_mixin.py:109} INFO - [2022-05-18 23:48:35,020] {dag.py:2398} INFO - Sync 1 DAGs
[2022-05-18 23:48:35,038] {logging_mixin.py:109} INFO - [2022-05-18 23:48:35,037] {dag.py:2937} INFO - Setting next_dagrun for example_branch_operator to 2022-05-17 00:00:00+00:00
[2022-05-18 23:48:35,050] {processor.py:171} INFO - Processing /home/airflow/.local/lib/python3.8/site-packages/airflow/example_dags/example_branch_operator.py took 0.071 seconds
[2022-05-18 23:49:06,351] {processor.py:163} INFO - Started process (PID=4141) to work on /home/airflow/.local/lib/python3.8/site-packages/airflow/example_dags/example_branch_operator.py
[2022-05-18 23:49:06,353] {processor.py:642} INFO - Processing file /home/airflow/.local/lib/python3.8/site-packages/airflow/example_dags/example_branch_operator.py for tasks to queue
[2022-05-18 23:49:06,353] {logging_mixin.py:109} INFO - [2022-05-18 23:49:06,353] {dagbag.py:500} INFO - Filling up the DagBag from /home/airflow/.local/lib/python3.8/site-packages/airflow/example_dags/example_branch_operator.py
[2022-05-18 23:49:06,387] {processor.py:654} INFO - DAG(s) dict_keys(['example_branch_operator']) retrieved from /home/airflow/.local/lib/python3.8/site-packages/airflow/example_dags/example_branch_operator.py
[2022-05-18 23:49:06,400] {logging_mixin.py:109} INFO - [2022-05-18 23:49:06,400] {dag.py:2398} INFO - Sync 1 DAGs
[2022-05-18 23:49:06,420] {logging_mixin.py:109} INFO - [2022-05-18 23:49:06,420] {dag.py:2937} INFO - Setting next_dagrun for example_branch_operator to 2022-05-17 00:00:00+00:00
[2022-05-18 23:49:06,430] {processor.py:171} INFO - Processing /home/airflow/.local/lib/python3.8/site-packages/airflow/example_dags/example_branch_operator.py took 0.082 seconds
[2022-05-18 23:49:37,667] {processor.py:163} INFO - Started process (PID=4225) to work on /home/airflow/.local/lib/python3.8/site-packages/airflow/example_dags/example_branch_operator.py
[2022-05-18 23:49:37,668] {processor.py:642} INFO - Processing file /home/airflow/.local/lib/python3.8/site-packages/airflow/example_dags/example_branch_operator.py for tasks to queue
[2022-05-18 23:49:37,669] {logging_mixin.py:109} INFO - [2022-05-18 23:49:37,669] {dagbag.py:500} INFO - Filling up the DagBag from /home/airflow/.local/lib/python3.8/site-packages/airflow/example_dags/example_branch_operator.py
[2022-05-18 23:49:37,697] {processor.py:654} INFO - DAG(s) dict_keys(['example_branch_operator']) retrieved from /home/airflow/.local/lib/python3.8/site-packages/airflow/example_dags/example_branch_operator.py
[2022-05-18 23:49:37,708] {logging_mixin.py:109} INFO - [2022-05-18 23:49:37,708] {dag.py:2398} INFO - Sync 1 DAGs
[2022-05-18 23:49:37,726] {logging_mixin.py:109} INFO - [2022-05-18 23:49:37,726] {dag.py:2937} INFO - Setting next_dagrun for example_branch_operator to 2022-05-17 00:00:00+00:00
[2022-05-18 23:49:37,737] {processor.py:171} INFO - Processing /home/airflow/.local/lib/python3.8/site-packages/airflow/example_dags/example_branch_operator.py took 0.072 seconds
[2022-05-18 23:50:08,425] {processor.py:163} INFO - Started process (PID=4310) to work on /home/airflow/.local/lib/python3.8/site-packages/airflow/example_dags/example_branch_operator.py
[2022-05-18 23:50:08,426] {processor.py:642} INFO - Processing file /home/airflow/.local/lib/python3.8/site-packages/airflow/example_dags/example_branch_operator.py for tasks to queue
[2022-05-18 23:50:08,427] {logging_mixin.py:109} INFO - [2022-05-18 23:50:08,426] {dagbag.py:500} INFO - Filling up the DagBag from /home/airflow/.local/lib/python3.8/site-packages/airflow/example_dags/example_branch_operator.py
[2022-05-18 23:50:08,458] {processor.py:654} INFO - DAG(s) dict_keys(['example_branch_operator']) retrieved from /home/airflow/.local/lib/python3.8/site-packages/airflow/example_dags/example_branch_operator.py
[2022-05-18 23:50:08,470] {logging_mixin.py:109} INFO - [2022-05-18 23:50:08,470] {dag.py:2398} INFO - Sync 1 DAGs
[2022-05-18 23:50:08,486] {logging_mixin.py:109} INFO - [2022-05-18 23:50:08,485] {dag.py:2937} INFO - Setting next_dagrun for example_branch_operator to 2022-05-17 00:00:00+00:00
[2022-05-18 23:50:08,495] {processor.py:171} INFO - Processing /home/airflow/.local/lib/python3.8/site-packages/airflow/example_dags/example_branch_operator.py took 0.072 seconds
[2022-05-18 23:50:39,397] {processor.py:163} INFO - Started process (PID=4421) to work on /home/airflow/.local/lib/python3.8/site-packages/airflow/example_dags/example_branch_operator.py
[2022-05-18 23:50:39,399] {processor.py:642} INFO - Processing file /home/airflow/.local/lib/python3.8/site-packages/airflow/example_dags/example_branch_operator.py for tasks to queue
[2022-05-18 23:50:39,399] {logging_mixin.py:109} INFO - [2022-05-18 23:50:39,399] {dagbag.py:500} INFO - Filling up the DagBag from /home/airflow/.local/lib/python3.8/site-packages/airflow/example_dags/example_branch_operator.py
[2022-05-18 23:50:39,434] {processor.py:654} INFO - DAG(s) dict_keys(['example_branch_operator']) retrieved from /home/airflow/.local/lib/python3.8/site-packages/airflow/example_dags/example_branch_operator.py
[2022-05-18 23:50:39,444] {logging_mixin.py:109} INFO - [2022-05-18 23:50:39,444] {dag.py:2398} INFO - Sync 1 DAGs
[2022-05-18 23:50:39,460] {logging_mixin.py:109} INFO - [2022-05-18 23:50:39,460] {dag.py:2937} INFO - Setting next_dagrun for example_branch_operator to 2022-05-17 00:00:00+00:00
[2022-05-18 23:50:39,470] {processor.py:171} INFO - Processing /home/airflow/.local/lib/python3.8/site-packages/airflow/example_dags/example_branch_operator.py took 0.075 seconds
[2022-05-18 23:51:09,959] {processor.py:163} INFO - Started process (PID=4506) to work on /home/airflow/.local/lib/python3.8/site-packages/airflow/example_dags/example_branch_operator.py
[2022-05-18 23:51:09,960] {processor.py:642} INFO - Processing file /home/airflow/.local/lib/python3.8/site-packages/airflow/example_dags/example_branch_operator.py for tasks to queue
[2022-05-18 23:51:09,960] {logging_mixin.py:109} INFO - [2022-05-18 23:51:09,960] {dagbag.py:500} INFO - Filling up the DagBag from /home/airflow/.local/lib/python3.8/site-packages/airflow/example_dags/example_branch_operator.py
[2022-05-18 23:51:09,989] {processor.py:654} INFO - DAG(s) dict_keys(['example_branch_operator']) retrieved from /home/airflow/.local/lib/python3.8/site-packages/airflow/example_dags/example_branch_operator.py
[2022-05-18 23:51:10,000] {logging_mixin.py:109} INFO - [2022-05-18 23:51:10,000] {dag.py:2398} INFO - Sync 1 DAGs
[2022-05-18 23:51:10,017] {logging_mixin.py:109} INFO - [2022-05-18 23:51:10,017] {dag.py:2937} INFO - Setting next_dagrun for example_branch_operator to 2022-05-17 00:00:00+00:00
[2022-05-18 23:51:10,028] {processor.py:171} INFO - Processing /home/airflow/.local/lib/python3.8/site-packages/airflow/example_dags/example_branch_operator.py took 0.071 seconds
[2022-05-18 23:51:40,561] {processor.py:163} INFO - Started process (PID=4591) to work on /home/airflow/.local/lib/python3.8/site-packages/airflow/example_dags/example_branch_operator.py
[2022-05-18 23:51:40,562] {processor.py:642} INFO - Processing file /home/airflow/.local/lib/python3.8/site-packages/airflow/example_dags/example_branch_operator.py for tasks to queue
[2022-05-18 23:51:40,562] {logging_mixin.py:109} INFO - [2022-05-18 23:51:40,562] {dagbag.py:500} INFO - Filling up the DagBag from /home/airflow/.local/lib/python3.8/site-packages/airflow/example_dags/example_branch_operator.py
[2022-05-18 23:51:40,601] {processor.py:654} INFO - DAG(s) dict_keys(['example_branch_operator']) retrieved from /home/airflow/.local/lib/python3.8/site-packages/airflow/example_dags/example_branch_operator.py
[2022-05-18 23:51:40,611] {logging_mixin.py:109} INFO - [2022-05-18 23:51:40,611] {dag.py:2398} INFO - Sync 1 DAGs
[2022-05-18 23:51:40,627] {logging_mixin.py:109} INFO - [2022-05-18 23:51:40,627] {dag.py:2937} INFO - Setting next_dagrun for example_branch_operator to 2022-05-17 00:00:00+00:00
[2022-05-18 23:51:40,637] {processor.py:171} INFO - Processing /home/airflow/.local/lib/python3.8/site-packages/airflow/example_dags/example_branch_operator.py took 0.078 seconds
[2022-05-18 23:52:11,685] {processor.py:163} INFO - Started process (PID=4685) to work on /home/airflow/.local/lib/python3.8/site-packages/airflow/example_dags/example_branch_operator.py
[2022-05-18 23:52:11,687] {processor.py:642} INFO - Processing file /home/airflow/.local/lib/python3.8/site-packages/airflow/example_dags/example_branch_operator.py for tasks to queue
[2022-05-18 23:52:11,688] {logging_mixin.py:109} INFO - [2022-05-18 23:52:11,687] {dagbag.py:500} INFO - Filling up the DagBag from /home/airflow/.local/lib/python3.8/site-packages/airflow/example_dags/example_branch_operator.py
[2022-05-18 23:52:11,718] {processor.py:654} INFO - DAG(s) dict_keys(['example_branch_operator']) retrieved from /home/airflow/.local/lib/python3.8/site-packages/airflow/example_dags/example_branch_operator.py
[2022-05-18 23:52:11,727] {logging_mixin.py:109} INFO - [2022-05-18 23:52:11,727] {dag.py:2398} INFO - Sync 1 DAGs
[2022-05-18 23:52:11,741] {logging_mixin.py:109} INFO - [2022-05-18 23:52:11,741] {dag.py:2937} INFO - Setting next_dagrun for example_branch_operator to 2022-05-17 00:00:00+00:00
[2022-05-18 23:52:11,751] {processor.py:171} INFO - Processing /home/airflow/.local/lib/python3.8/site-packages/airflow/example_dags/example_branch_operator.py took 0.070 seconds
[2022-05-18 23:52:42,266] {processor.py:163} INFO - Started process (PID=4770) to work on /home/airflow/.local/lib/python3.8/site-packages/airflow/example_dags/example_branch_operator.py
[2022-05-18 23:52:42,268] {processor.py:642} INFO - Processing file /home/airflow/.local/lib/python3.8/site-packages/airflow/example_dags/example_branch_operator.py for tasks to queue
[2022-05-18 23:52:42,269] {logging_mixin.py:109} INFO - [2022-05-18 23:52:42,269] {dagbag.py:500} INFO - Filling up the DagBag from /home/airflow/.local/lib/python3.8/site-packages/airflow/example_dags/example_branch_operator.py
[2022-05-18 23:52:42,320] {processor.py:654} INFO - DAG(s) dict_keys(['example_branch_operator']) retrieved from /home/airflow/.local/lib/python3.8/site-packages/airflow/example_dags/example_branch_operator.py
[2022-05-18 23:52:42,332] {logging_mixin.py:109} INFO - [2022-05-18 23:52:42,332] {dag.py:2398} INFO - Sync 1 DAGs
[2022-05-18 23:52:42,349] {logging_mixin.py:109} INFO - [2022-05-18 23:52:42,349] {dag.py:2937} INFO - Setting next_dagrun for example_branch_operator to 2022-05-17 00:00:00+00:00
[2022-05-18 23:52:42,360] {processor.py:171} INFO - Processing /home/airflow/.local/lib/python3.8/site-packages/airflow/example_dags/example_branch_operator.py took 0.096 seconds
[2022-05-18 23:53:12,878] {processor.py:163} INFO - Started process (PID=4855) to work on /home/airflow/.local/lib/python3.8/site-packages/airflow/example_dags/example_branch_operator.py
[2022-05-18 23:53:12,879] {processor.py:642} INFO - Processing file /home/airflow/.local/lib/python3.8/site-packages/airflow/example_dags/example_branch_operator.py for tasks to queue
[2022-05-18 23:53:12,880] {logging_mixin.py:109} INFO - [2022-05-18 23:53:12,879] {dagbag.py:500} INFO - Filling up the DagBag from /home/airflow/.local/lib/python3.8/site-packages/airflow/example_dags/example_branch_operator.py
[2022-05-18 23:53:12,909] {processor.py:654} INFO - DAG(s) dict_keys(['example_branch_operator']) retrieved from /home/airflow/.local/lib/python3.8/site-packages/airflow/example_dags/example_branch_operator.py
[2022-05-18 23:53:12,919] {logging_mixin.py:109} INFO - [2022-05-18 23:53:12,919] {dag.py:2398} INFO - Sync 1 DAGs
[2022-05-18 23:53:12,933] {logging_mixin.py:109} INFO - [2022-05-18 23:53:12,933] {dag.py:2937} INFO - Setting next_dagrun for example_branch_operator to 2022-05-17 00:00:00+00:00
[2022-05-18 23:53:12,949] {processor.py:171} INFO - Processing /home/airflow/.local/lib/python3.8/site-packages/airflow/example_dags/example_branch_operator.py took 0.073 seconds
[2022-05-18 23:53:44,182] {processor.py:163} INFO - Started process (PID=4949) to work on /home/airflow/.local/lib/python3.8/site-packages/airflow/example_dags/example_branch_operator.py
[2022-05-18 23:53:44,183] {processor.py:642} INFO - Processing file /home/airflow/.local/lib/python3.8/site-packages/airflow/example_dags/example_branch_operator.py for tasks to queue
[2022-05-18 23:53:44,184] {logging_mixin.py:109} INFO - [2022-05-18 23:53:44,183] {dagbag.py:500} INFO - Filling up the DagBag from /home/airflow/.local/lib/python3.8/site-packages/airflow/example_dags/example_branch_operator.py
[2022-05-18 23:53:44,212] {processor.py:654} INFO - DAG(s) dict_keys(['example_branch_operator']) retrieved from /home/airflow/.local/lib/python3.8/site-packages/airflow/example_dags/example_branch_operator.py
[2022-05-18 23:53:44,223] {logging_mixin.py:109} INFO - [2022-05-18 23:53:44,223] {dag.py:2398} INFO - Sync 1 DAGs
[2022-05-18 23:53:44,237] {logging_mixin.py:109} INFO - [2022-05-18 23:53:44,237] {dag.py:2937} INFO - Setting next_dagrun for example_branch_operator to 2022-05-17 00:00:00+00:00
[2022-05-18 23:53:44,246] {processor.py:171} INFO - Processing /home/airflow/.local/lib/python3.8/site-packages/airflow/example_dags/example_branch_operator.py took 0.067 seconds
[2022-05-18 23:54:14,837] {processor.py:163} INFO - Started process (PID=5034) to work on /home/airflow/.local/lib/python3.8/site-packages/airflow/example_dags/example_branch_operator.py
[2022-05-18 23:54:14,838] {processor.py:642} INFO - Processing file /home/airflow/.local/lib/python3.8/site-packages/airflow/example_dags/example_branch_operator.py for tasks to queue
[2022-05-18 23:54:14,839] {logging_mixin.py:109} INFO - [2022-05-18 23:54:14,839] {dagbag.py:500} INFO - Filling up the DagBag from /home/airflow/.local/lib/python3.8/site-packages/airflow/example_dags/example_branch_operator.py
[2022-05-18 23:54:14,875] {processor.py:654} INFO - DAG(s) dict_keys(['example_branch_operator']) retrieved from /home/airflow/.local/lib/python3.8/site-packages/airflow/example_dags/example_branch_operator.py
[2022-05-18 23:54:14,891] {logging_mixin.py:109} INFO - [2022-05-18 23:54:14,891] {dag.py:2398} INFO - Sync 1 DAGs
[2022-05-18 23:54:14,913] {logging_mixin.py:109} INFO - [2022-05-18 23:54:14,912] {dag.py:2937} INFO - Setting next_dagrun for example_branch_operator to 2022-05-17 00:00:00+00:00
[2022-05-18 23:54:14,924] {processor.py:171} INFO - Processing /home/airflow/.local/lib/python3.8/site-packages/airflow/example_dags/example_branch_operator.py took 0.092 seconds
[2022-05-18 23:54:45,778] {processor.py:163} INFO - Started process (PID=5128) to work on /home/airflow/.local/lib/python3.8/site-packages/airflow/example_dags/example_branch_operator.py
[2022-05-18 23:54:45,779] {processor.py:642} INFO - Processing file /home/airflow/.local/lib/python3.8/site-packages/airflow/example_dags/example_branch_operator.py for tasks to queue
[2022-05-18 23:54:45,780] {logging_mixin.py:109} INFO - [2022-05-18 23:54:45,780] {dagbag.py:500} INFO - Filling up the DagBag from /home/airflow/.local/lib/python3.8/site-packages/airflow/example_dags/example_branch_operator.py
[2022-05-18 23:54:45,815] {processor.py:654} INFO - DAG(s) dict_keys(['example_branch_operator']) retrieved from /home/airflow/.local/lib/python3.8/site-packages/airflow/example_dags/example_branch_operator.py
[2022-05-18 23:54:45,829] {logging_mixin.py:109} INFO - [2022-05-18 23:54:45,829] {dag.py:2398} INFO - Sync 1 DAGs
[2022-05-18 23:54:45,850] {logging_mixin.py:109} INFO - [2022-05-18 23:54:45,850] {dag.py:2937} INFO - Setting next_dagrun for example_branch_operator to 2022-05-17 00:00:00+00:00
[2022-05-18 23:54:45,861] {processor.py:171} INFO - Processing /home/airflow/.local/lib/python3.8/site-packages/airflow/example_dags/example_branch_operator.py took 0.085 seconds
[2022-05-18 23:55:16,647] {processor.py:163} INFO - Started process (PID=5213) to work on /home/airflow/.local/lib/python3.8/site-packages/airflow/example_dags/example_branch_operator.py
[2022-05-18 23:55:16,648] {processor.py:642} INFO - Processing file /home/airflow/.local/lib/python3.8/site-packages/airflow/example_dags/example_branch_operator.py for tasks to queue
[2022-05-18 23:55:16,649] {logging_mixin.py:109} INFO - [2022-05-18 23:55:16,648] {dagbag.py:500} INFO - Filling up the DagBag from /home/airflow/.local/lib/python3.8/site-packages/airflow/example_dags/example_branch_operator.py
[2022-05-18 23:55:16,695] {processor.py:654} INFO - DAG(s) dict_keys(['example_branch_operator']) retrieved from /home/airflow/.local/lib/python3.8/site-packages/airflow/example_dags/example_branch_operator.py
[2022-05-18 23:55:16,709] {logging_mixin.py:109} INFO - [2022-05-18 23:55:16,708] {dag.py:2398} INFO - Sync 1 DAGs
[2022-05-18 23:55:16,730] {logging_mixin.py:109} INFO - [2022-05-18 23:55:16,730] {dag.py:2937} INFO - Setting next_dagrun for example_branch_operator to 2022-05-17 00:00:00+00:00
[2022-05-18 23:55:16,748] {processor.py:171} INFO - Processing /home/airflow/.local/lib/python3.8/site-packages/airflow/example_dags/example_branch_operator.py took 0.104 seconds
[2022-05-18 23:55:47,654] {processor.py:163} INFO - Started process (PID=5297) to work on /home/airflow/.local/lib/python3.8/site-packages/airflow/example_dags/example_branch_operator.py
[2022-05-18 23:55:47,656] {processor.py:642} INFO - Processing file /home/airflow/.local/lib/python3.8/site-packages/airflow/example_dags/example_branch_operator.py for tasks to queue
[2022-05-18 23:55:47,656] {logging_mixin.py:109} INFO - [2022-05-18 23:55:47,656] {dagbag.py:500} INFO - Filling up the DagBag from /home/airflow/.local/lib/python3.8/site-packages/airflow/example_dags/example_branch_operator.py
[2022-05-18 23:55:47,692] {processor.py:654} INFO - DAG(s) dict_keys(['example_branch_operator']) retrieved from /home/airflow/.local/lib/python3.8/site-packages/airflow/example_dags/example_branch_operator.py
[2022-05-18 23:55:47,702] {logging_mixin.py:109} INFO - [2022-05-18 23:55:47,701] {dag.py:2398} INFO - Sync 1 DAGs
[2022-05-18 23:55:47,720] {logging_mixin.py:109} INFO - [2022-05-18 23:55:47,720] {dag.py:2937} INFO - Setting next_dagrun for example_branch_operator to 2022-05-17 00:00:00+00:00
[2022-05-18 23:55:47,732] {processor.py:171} INFO - Processing /home/airflow/.local/lib/python3.8/site-packages/airflow/example_dags/example_branch_operator.py took 0.081 seconds
[2022-05-18 23:56:18,136] {processor.py:163} INFO - Started process (PID=5389) to work on /home/airflow/.local/lib/python3.8/site-packages/airflow/example_dags/example_branch_operator.py
[2022-05-18 23:56:18,137] {processor.py:642} INFO - Processing file /home/airflow/.local/lib/python3.8/site-packages/airflow/example_dags/example_branch_operator.py for tasks to queue
[2022-05-18 23:56:18,138] {logging_mixin.py:109} INFO - [2022-05-18 23:56:18,138] {dagbag.py:500} INFO - Filling up the DagBag from /home/airflow/.local/lib/python3.8/site-packages/airflow/example_dags/example_branch_operator.py
[2022-05-18 23:56:18,180] {processor.py:654} INFO - DAG(s) dict_keys(['example_branch_operator']) retrieved from /home/airflow/.local/lib/python3.8/site-packages/airflow/example_dags/example_branch_operator.py
[2022-05-18 23:56:18,194] {logging_mixin.py:109} INFO - [2022-05-18 23:56:18,194] {dag.py:2398} INFO - Sync 1 DAGs
[2022-05-18 23:56:18,213] {logging_mixin.py:109} INFO - [2022-05-18 23:56:18,213] {dag.py:2937} INFO - Setting next_dagrun for example_branch_operator to 2022-05-17 00:00:00+00:00
[2022-05-18 23:56:18,225] {processor.py:171} INFO - Processing /home/airflow/.local/lib/python3.8/site-packages/airflow/example_dags/example_branch_operator.py took 0.092 seconds
[2022-05-18 23:56:48,867] {processor.py:163} INFO - Started process (PID=5475) to work on /home/airflow/.local/lib/python3.8/site-packages/airflow/example_dags/example_branch_operator.py
[2022-05-18 23:56:48,868] {processor.py:642} INFO - Processing file /home/airflow/.local/lib/python3.8/site-packages/airflow/example_dags/example_branch_operator.py for tasks to queue
[2022-05-18 23:56:48,870] {logging_mixin.py:109} INFO - [2022-05-18 23:56:48,869] {dagbag.py:500} INFO - Filling up the DagBag from /home/airflow/.local/lib/python3.8/site-packages/airflow/example_dags/example_branch_operator.py
[2022-05-18 23:56:48,904] {processor.py:654} INFO - DAG(s) dict_keys(['example_branch_operator']) retrieved from /home/airflow/.local/lib/python3.8/site-packages/airflow/example_dags/example_branch_operator.py
[2022-05-18 23:56:48,915] {logging_mixin.py:109} INFO - [2022-05-18 23:56:48,915] {dag.py:2398} INFO - Sync 1 DAGs
[2022-05-18 23:56:48,933] {logging_mixin.py:109} INFO - [2022-05-18 23:56:48,932] {dag.py:2937} INFO - Setting next_dagrun for example_branch_operator to 2022-05-17 00:00:00+00:00
[2022-05-18 23:56:48,943] {processor.py:171} INFO - Processing /home/airflow/.local/lib/python3.8/site-packages/airflow/example_dags/example_branch_operator.py took 0.078 seconds
[2022-05-18 23:57:19,641] {processor.py:163} INFO - Started process (PID=5560) to work on /home/airflow/.local/lib/python3.8/site-packages/airflow/example_dags/example_branch_operator.py
[2022-05-18 23:57:19,642] {processor.py:642} INFO - Processing file /home/airflow/.local/lib/python3.8/site-packages/airflow/example_dags/example_branch_operator.py for tasks to queue
[2022-05-18 23:57:19,643] {logging_mixin.py:109} INFO - [2022-05-18 23:57:19,643] {dagbag.py:500} INFO - Filling up the DagBag from /home/airflow/.local/lib/python3.8/site-packages/airflow/example_dags/example_branch_operator.py
[2022-05-18 23:57:19,674] {processor.py:654} INFO - DAG(s) dict_keys(['example_branch_operator']) retrieved from /home/airflow/.local/lib/python3.8/site-packages/airflow/example_dags/example_branch_operator.py
[2022-05-18 23:57:19,683] {logging_mixin.py:109} INFO - [2022-05-18 23:57:19,683] {dag.py:2398} INFO - Sync 1 DAGs
[2022-05-18 23:57:19,700] {logging_mixin.py:109} INFO - [2022-05-18 23:57:19,699] {dag.py:2937} INFO - Setting next_dagrun for example_branch_operator to 2022-05-17 00:00:00+00:00
[2022-05-18 23:57:19,710] {processor.py:171} INFO - Processing /home/airflow/.local/lib/python3.8/site-packages/airflow/example_dags/example_branch_operator.py took 0.071 seconds
[2022-05-18 23:57:50,356] {processor.py:163} INFO - Started process (PID=5653) to work on /home/airflow/.local/lib/python3.8/site-packages/airflow/example_dags/example_branch_operator.py
[2022-05-18 23:57:50,357] {processor.py:642} INFO - Processing file /home/airflow/.local/lib/python3.8/site-packages/airflow/example_dags/example_branch_operator.py for tasks to queue
[2022-05-18 23:57:50,357] {logging_mixin.py:109} INFO - [2022-05-18 23:57:50,357] {dagbag.py:500} INFO - Filling up the DagBag from /home/airflow/.local/lib/python3.8/site-packages/airflow/example_dags/example_branch_operator.py
[2022-05-18 23:57:50,386] {processor.py:654} INFO - DAG(s) dict_keys(['example_branch_operator']) retrieved from /home/airflow/.local/lib/python3.8/site-packages/airflow/example_dags/example_branch_operator.py
[2022-05-18 23:57:50,395] {logging_mixin.py:109} INFO - [2022-05-18 23:57:50,395] {dag.py:2398} INFO - Sync 1 DAGs
[2022-05-18 23:57:50,409] {logging_mixin.py:109} INFO - [2022-05-18 23:57:50,409] {dag.py:2937} INFO - Setting next_dagrun for example_branch_operator to 2022-05-17 00:00:00+00:00
[2022-05-18 23:57:50,419] {processor.py:171} INFO - Processing /home/airflow/.local/lib/python3.8/site-packages/airflow/example_dags/example_branch_operator.py took 0.064 seconds
[2022-05-18 23:58:21,109] {processor.py:163} INFO - Started process (PID=5738) to work on /home/airflow/.local/lib/python3.8/site-packages/airflow/example_dags/example_branch_operator.py
[2022-05-18 23:58:21,110] {processor.py:642} INFO - Processing file /home/airflow/.local/lib/python3.8/site-packages/airflow/example_dags/example_branch_operator.py for tasks to queue
[2022-05-18 23:58:21,110] {logging_mixin.py:109} INFO - [2022-05-18 23:58:21,110] {dagbag.py:500} INFO - Filling up the DagBag from /home/airflow/.local/lib/python3.8/site-packages/airflow/example_dags/example_branch_operator.py
[2022-05-18 23:58:21,147] {processor.py:654} INFO - DAG(s) dict_keys(['example_branch_operator']) retrieved from /home/airflow/.local/lib/python3.8/site-packages/airflow/example_dags/example_branch_operator.py
[2022-05-18 23:58:21,157] {logging_mixin.py:109} INFO - [2022-05-18 23:58:21,157] {dag.py:2398} INFO - Sync 1 DAGs
[2022-05-18 23:58:21,179] {logging_mixin.py:109} INFO - [2022-05-18 23:58:21,178] {dag.py:2937} INFO - Setting next_dagrun for example_branch_operator to 2022-05-17 00:00:00+00:00
[2022-05-18 23:58:21,191] {processor.py:171} INFO - Processing /home/airflow/.local/lib/python3.8/site-packages/airflow/example_dags/example_branch_operator.py took 0.085 seconds
[2022-05-18 23:58:52,263] {processor.py:163} INFO - Started process (PID=5832) to work on /home/airflow/.local/lib/python3.8/site-packages/airflow/example_dags/example_branch_operator.py
[2022-05-18 23:58:52,263] {processor.py:642} INFO - Processing file /home/airflow/.local/lib/python3.8/site-packages/airflow/example_dags/example_branch_operator.py for tasks to queue
[2022-05-18 23:58:52,264] {logging_mixin.py:109} INFO - [2022-05-18 23:58:52,264] {dagbag.py:500} INFO - Filling up the DagBag from /home/airflow/.local/lib/python3.8/site-packages/airflow/example_dags/example_branch_operator.py
[2022-05-18 23:58:52,298] {processor.py:654} INFO - DAG(s) dict_keys(['example_branch_operator']) retrieved from /home/airflow/.local/lib/python3.8/site-packages/airflow/example_dags/example_branch_operator.py
[2022-05-18 23:58:52,310] {logging_mixin.py:109} INFO - [2022-05-18 23:58:52,310] {dag.py:2398} INFO - Sync 1 DAGs
[2022-05-18 23:58:52,331] {logging_mixin.py:109} INFO - [2022-05-18 23:58:52,330] {dag.py:2937} INFO - Setting next_dagrun for example_branch_operator to 2022-05-17 00:00:00+00:00
[2022-05-18 23:58:52,345] {processor.py:171} INFO - Processing /home/airflow/.local/lib/python3.8/site-packages/airflow/example_dags/example_branch_operator.py took 0.084 seconds
[2022-05-18 23:59:22,696] {processor.py:163} INFO - Started process (PID=5934) to work on /home/airflow/.local/lib/python3.8/site-packages/airflow/example_dags/example_branch_operator.py
[2022-05-18 23:59:22,698] {processor.py:642} INFO - Processing file /home/airflow/.local/lib/python3.8/site-packages/airflow/example_dags/example_branch_operator.py for tasks to queue
[2022-05-18 23:59:22,698] {logging_mixin.py:109} INFO - [2022-05-18 23:59:22,698] {dagbag.py:500} INFO - Filling up the DagBag from /home/airflow/.local/lib/python3.8/site-packages/airflow/example_dags/example_branch_operator.py
[2022-05-18 23:59:22,746] {processor.py:654} INFO - DAG(s) dict_keys(['example_branch_operator']) retrieved from /home/airflow/.local/lib/python3.8/site-packages/airflow/example_dags/example_branch_operator.py
[2022-05-18 23:59:22,756] {logging_mixin.py:109} INFO - [2022-05-18 23:59:22,756] {dag.py:2398} INFO - Sync 1 DAGs
[2022-05-18 23:59:22,774] {logging_mixin.py:109} INFO - [2022-05-18 23:59:22,773] {dag.py:2937} INFO - Setting next_dagrun for example_branch_operator to 2022-05-17 00:00:00+00:00
[2022-05-18 23:59:22,783] {processor.py:171} INFO - Processing /home/airflow/.local/lib/python3.8/site-packages/airflow/example_dags/example_branch_operator.py took 0.089 seconds
[2022-05-18 23:59:53,372] {processor.py:163} INFO - Started process (PID=6020) to work on /home/airflow/.local/lib/python3.8/site-packages/airflow/example_dags/example_branch_operator.py
[2022-05-18 23:59:53,374] {processor.py:642} INFO - Processing file /home/airflow/.local/lib/python3.8/site-packages/airflow/example_dags/example_branch_operator.py for tasks to queue
[2022-05-18 23:59:53,375] {logging_mixin.py:109} INFO - [2022-05-18 23:59:53,375] {dagbag.py:500} INFO - Filling up the DagBag from /home/airflow/.local/lib/python3.8/site-packages/airflow/example_dags/example_branch_operator.py
[2022-05-18 23:59:53,408] {processor.py:654} INFO - DAG(s) dict_keys(['example_branch_operator']) retrieved from /home/airflow/.local/lib/python3.8/site-packages/airflow/example_dags/example_branch_operator.py
[2022-05-18 23:59:53,422] {logging_mixin.py:109} INFO - [2022-05-18 23:59:53,422] {dag.py:2398} INFO - Sync 1 DAGs
[2022-05-18 23:59:53,440] {logging_mixin.py:109} INFO - [2022-05-18 23:59:53,440] {dag.py:2937} INFO - Setting next_dagrun for example_branch_operator to 2022-05-17 00:00:00+00:00
[2022-05-18 23:59:53,453] {processor.py:171} INFO - Processing /home/airflow/.local/lib/python3.8/site-packages/airflow/example_dags/example_branch_operator.py took 0.083 seconds
