[2022-05-18 23:24:27,141] {processor.py:163} INFO - Started process (PID=78) to work on /home/airflow/.local/lib/python3.8/site-packages/airflow/example_dags/example_task_group_decorator.py
[2022-05-18 23:24:27,142] {processor.py:642} INFO - Processing file /home/airflow/.local/lib/python3.8/site-packages/airflow/example_dags/example_task_group_decorator.py for tasks to queue
[2022-05-18 23:24:27,143] {logging_mixin.py:109} INFO - [2022-05-18 23:24:27,143] {dagbag.py:500} INFO - Filling up the DagBag from /home/airflow/.local/lib/python3.8/site-packages/airflow/example_dags/example_task_group_decorator.py
[2022-05-18 23:24:27,216] {processor.py:654} INFO - DAG(s) dict_keys(['example_task_group_decorator']) retrieved from /home/airflow/.local/lib/python3.8/site-packages/airflow/example_dags/example_task_group_decorator.py
[2022-05-18 23:24:27,564] {logging_mixin.py:109} INFO - [2022-05-18 23:24:27,564] {dag.py:2398} INFO - Sync 1 DAGs
[2022-05-18 23:24:27,578] {logging_mixin.py:109} INFO - [2022-05-18 23:24:27,578] {dag.py:2937} INFO - Setting next_dagrun for example_task_group_decorator to 2022-05-17T23:24:27.578023+00:00
[2022-05-18 23:24:27,595] {processor.py:171} INFO - Processing /home/airflow/.local/lib/python3.8/site-packages/airflow/example_dags/example_task_group_decorator.py took 0.457 seconds
[2022-05-18 23:25:11,326] {processor.py:163} INFO - Started process (PID=160) to work on /home/airflow/.local/lib/python3.8/site-packages/airflow/example_dags/example_task_group_decorator.py
[2022-05-18 23:25:11,327] {processor.py:642} INFO - Processing file /home/airflow/.local/lib/python3.8/site-packages/airflow/example_dags/example_task_group_decorator.py for tasks to queue
[2022-05-18 23:25:11,328] {logging_mixin.py:109} INFO - [2022-05-18 23:25:11,328] {dagbag.py:500} INFO - Filling up the DagBag from /home/airflow/.local/lib/python3.8/site-packages/airflow/example_dags/example_task_group_decorator.py
[2022-05-18 23:25:11,384] {processor.py:654} INFO - DAG(s) dict_keys(['example_task_group_decorator']) retrieved from /home/airflow/.local/lib/python3.8/site-packages/airflow/example_dags/example_task_group_decorator.py
[2022-05-18 23:25:11,742] {logging_mixin.py:109} INFO - [2022-05-18 23:25:11,742] {dag.py:2398} INFO - Sync 1 DAGs
[2022-05-18 23:25:11,758] {logging_mixin.py:109} INFO - [2022-05-18 23:25:11,758] {dag.py:2937} INFO - Setting next_dagrun for example_task_group_decorator to 2022-05-17T23:25:11.757855+00:00
[2022-05-18 23:25:11,773] {processor.py:171} INFO - Processing /home/airflow/.local/lib/python3.8/site-packages/airflow/example_dags/example_task_group_decorator.py took 0.449 seconds
[2022-05-18 23:25:42,345] {processor.py:163} INFO - Started process (PID=228) to work on /home/airflow/.local/lib/python3.8/site-packages/airflow/example_dags/example_task_group_decorator.py
[2022-05-18 23:25:42,346] {processor.py:642} INFO - Processing file /home/airflow/.local/lib/python3.8/site-packages/airflow/example_dags/example_task_group_decorator.py for tasks to queue
[2022-05-18 23:25:42,346] {logging_mixin.py:109} INFO - [2022-05-18 23:25:42,346] {dagbag.py:500} INFO - Filling up the DagBag from /home/airflow/.local/lib/python3.8/site-packages/airflow/example_dags/example_task_group_decorator.py
[2022-05-18 23:25:42,375] {processor.py:654} INFO - DAG(s) dict_keys(['example_task_group_decorator']) retrieved from /home/airflow/.local/lib/python3.8/site-packages/airflow/example_dags/example_task_group_decorator.py
[2022-05-18 23:25:42,628] {logging_mixin.py:109} INFO - [2022-05-18 23:25:42,628] {dag.py:2398} INFO - Sync 1 DAGs
[2022-05-18 23:25:42,642] {logging_mixin.py:109} INFO - [2022-05-18 23:25:42,642] {dag.py:2937} INFO - Setting next_dagrun for example_task_group_decorator to 2022-05-17T23:25:42.642446+00:00
[2022-05-18 23:25:42,655] {processor.py:171} INFO - Processing /home/airflow/.local/lib/python3.8/site-packages/airflow/example_dags/example_task_group_decorator.py took 0.312 seconds
[2022-05-18 23:26:13,736] {processor.py:163} INFO - Started process (PID=303) to work on /home/airflow/.local/lib/python3.8/site-packages/airflow/example_dags/example_task_group_decorator.py
[2022-05-18 23:26:13,737] {processor.py:642} INFO - Processing file /home/airflow/.local/lib/python3.8/site-packages/airflow/example_dags/example_task_group_decorator.py for tasks to queue
[2022-05-18 23:26:13,737] {logging_mixin.py:109} INFO - [2022-05-18 23:26:13,737] {dagbag.py:500} INFO - Filling up the DagBag from /home/airflow/.local/lib/python3.8/site-packages/airflow/example_dags/example_task_group_decorator.py
[2022-05-18 23:26:13,777] {processor.py:654} INFO - DAG(s) dict_keys(['example_task_group_decorator']) retrieved from /home/airflow/.local/lib/python3.8/site-packages/airflow/example_dags/example_task_group_decorator.py
[2022-05-18 23:26:14,049] {logging_mixin.py:109} INFO - [2022-05-18 23:26:14,049] {dag.py:2398} INFO - Sync 1 DAGs
[2022-05-18 23:26:14,063] {logging_mixin.py:109} INFO - [2022-05-18 23:26:14,063] {dag.py:2937} INFO - Setting next_dagrun for example_task_group_decorator to 2022-05-17T23:26:14.063212+00:00
[2022-05-18 23:26:14,083] {processor.py:171} INFO - Processing /home/airflow/.local/lib/python3.8/site-packages/airflow/example_dags/example_task_group_decorator.py took 0.349 seconds
[2022-05-18 23:26:44,318] {processor.py:163} INFO - Started process (PID=371) to work on /home/airflow/.local/lib/python3.8/site-packages/airflow/example_dags/example_task_group_decorator.py
[2022-05-18 23:26:44,319] {processor.py:642} INFO - Processing file /home/airflow/.local/lib/python3.8/site-packages/airflow/example_dags/example_task_group_decorator.py for tasks to queue
[2022-05-18 23:26:44,320] {logging_mixin.py:109} INFO - [2022-05-18 23:26:44,319] {dagbag.py:500} INFO - Filling up the DagBag from /home/airflow/.local/lib/python3.8/site-packages/airflow/example_dags/example_task_group_decorator.py
[2022-05-18 23:26:44,380] {processor.py:654} INFO - DAG(s) dict_keys(['example_task_group_decorator']) retrieved from /home/airflow/.local/lib/python3.8/site-packages/airflow/example_dags/example_task_group_decorator.py
[2022-05-18 23:26:44,601] {logging_mixin.py:109} INFO - [2022-05-18 23:26:44,600] {dag.py:2398} INFO - Sync 1 DAGs
[2022-05-18 23:26:44,611] {logging_mixin.py:109} INFO - [2022-05-18 23:26:44,611] {dag.py:2937} INFO - Setting next_dagrun for example_task_group_decorator to 2022-05-17T23:26:44.611062+00:00
[2022-05-18 23:26:44,628] {processor.py:171} INFO - Processing /home/airflow/.local/lib/python3.8/site-packages/airflow/example_dags/example_task_group_decorator.py took 0.312 seconds
[2022-05-18 23:27:14,679] {processor.py:163} INFO - Started process (PID=423) to work on /home/airflow/.local/lib/python3.8/site-packages/airflow/example_dags/example_task_group_decorator.py
[2022-05-18 23:27:14,680] {processor.py:642} INFO - Processing file /home/airflow/.local/lib/python3.8/site-packages/airflow/example_dags/example_task_group_decorator.py for tasks to queue
[2022-05-18 23:27:14,681] {logging_mixin.py:109} INFO - [2022-05-18 23:27:14,681] {dagbag.py:500} INFO - Filling up the DagBag from /home/airflow/.local/lib/python3.8/site-packages/airflow/example_dags/example_task_group_decorator.py
[2022-05-18 23:27:14,737] {processor.py:654} INFO - DAG(s) dict_keys(['example_task_group_decorator']) retrieved from /home/airflow/.local/lib/python3.8/site-packages/airflow/example_dags/example_task_group_decorator.py
[2022-05-18 23:27:15,050] {logging_mixin.py:109} INFO - [2022-05-18 23:27:15,050] {dag.py:2398} INFO - Sync 1 DAGs
[2022-05-18 23:27:15,065] {logging_mixin.py:109} INFO - [2022-05-18 23:27:15,065] {dag.py:2937} INFO - Setting next_dagrun for example_task_group_decorator to 2022-05-17T23:27:15.065278+00:00
[2022-05-18 23:27:15,078] {processor.py:171} INFO - Processing /home/airflow/.local/lib/python3.8/site-packages/airflow/example_dags/example_task_group_decorator.py took 0.402 seconds
[2022-05-18 23:27:45,097] {processor.py:163} INFO - Started process (PID=501) to work on /home/airflow/.local/lib/python3.8/site-packages/airflow/example_dags/example_task_group_decorator.py
[2022-05-18 23:27:45,098] {processor.py:642} INFO - Processing file /home/airflow/.local/lib/python3.8/site-packages/airflow/example_dags/example_task_group_decorator.py for tasks to queue
[2022-05-18 23:27:45,099] {logging_mixin.py:109} INFO - [2022-05-18 23:27:45,099] {dagbag.py:500} INFO - Filling up the DagBag from /home/airflow/.local/lib/python3.8/site-packages/airflow/example_dags/example_task_group_decorator.py
[2022-05-18 23:27:45,131] {processor.py:654} INFO - DAG(s) dict_keys(['example_task_group_decorator']) retrieved from /home/airflow/.local/lib/python3.8/site-packages/airflow/example_dags/example_task_group_decorator.py
[2022-05-18 23:27:45,386] {logging_mixin.py:109} INFO - [2022-05-18 23:27:45,386] {dag.py:2398} INFO - Sync 1 DAGs
[2022-05-18 23:27:45,400] {logging_mixin.py:109} INFO - [2022-05-18 23:27:45,399] {dag.py:2937} INFO - Setting next_dagrun for example_task_group_decorator to 2022-05-17T23:27:45.399773+00:00
[2022-05-18 23:27:45,412] {processor.py:171} INFO - Processing /home/airflow/.local/lib/python3.8/site-packages/airflow/example_dags/example_task_group_decorator.py took 0.316 seconds
[2022-05-18 23:28:15,529] {processor.py:163} INFO - Started process (PID=573) to work on /home/airflow/.local/lib/python3.8/site-packages/airflow/example_dags/example_task_group_decorator.py
[2022-05-18 23:28:15,530] {processor.py:642} INFO - Processing file /home/airflow/.local/lib/python3.8/site-packages/airflow/example_dags/example_task_group_decorator.py for tasks to queue
[2022-05-18 23:28:15,531] {logging_mixin.py:109} INFO - [2022-05-18 23:28:15,531] {dagbag.py:500} INFO - Filling up the DagBag from /home/airflow/.local/lib/python3.8/site-packages/airflow/example_dags/example_task_group_decorator.py
[2022-05-18 23:28:15,565] {processor.py:654} INFO - DAG(s) dict_keys(['example_task_group_decorator']) retrieved from /home/airflow/.local/lib/python3.8/site-packages/airflow/example_dags/example_task_group_decorator.py
[2022-05-18 23:28:15,795] {logging_mixin.py:109} INFO - [2022-05-18 23:28:15,795] {dag.py:2398} INFO - Sync 1 DAGs
[2022-05-18 23:28:15,808] {logging_mixin.py:109} INFO - [2022-05-18 23:28:15,808] {dag.py:2937} INFO - Setting next_dagrun for example_task_group_decorator to 2022-05-17T23:28:15.808067+00:00
[2022-05-18 23:28:15,820] {processor.py:171} INFO - Processing /home/airflow/.local/lib/python3.8/site-packages/airflow/example_dags/example_task_group_decorator.py took 0.293 seconds
[2022-05-18 23:28:45,895] {processor.py:163} INFO - Started process (PID=646) to work on /home/airflow/.local/lib/python3.8/site-packages/airflow/example_dags/example_task_group_decorator.py
[2022-05-18 23:28:45,897] {processor.py:642} INFO - Processing file /home/airflow/.local/lib/python3.8/site-packages/airflow/example_dags/example_task_group_decorator.py for tasks to queue
[2022-05-18 23:28:45,897] {logging_mixin.py:109} INFO - [2022-05-18 23:28:45,897] {dagbag.py:500} INFO - Filling up the DagBag from /home/airflow/.local/lib/python3.8/site-packages/airflow/example_dags/example_task_group_decorator.py
[2022-05-18 23:28:45,943] {processor.py:654} INFO - DAG(s) dict_keys(['example_task_group_decorator']) retrieved from /home/airflow/.local/lib/python3.8/site-packages/airflow/example_dags/example_task_group_decorator.py
[2022-05-18 23:28:46,276] {logging_mixin.py:109} INFO - [2022-05-18 23:28:46,275] {dag.py:2398} INFO - Sync 1 DAGs
[2022-05-18 23:28:46,291] {logging_mixin.py:109} INFO - [2022-05-18 23:28:46,291] {dag.py:2937} INFO - Setting next_dagrun for example_task_group_decorator to 2022-05-17T23:28:46.290951+00:00
[2022-05-18 23:28:46,304] {processor.py:171} INFO - Processing /home/airflow/.local/lib/python3.8/site-packages/airflow/example_dags/example_task_group_decorator.py took 0.413 seconds
[2022-05-18 23:29:17,299] {processor.py:163} INFO - Started process (PID=716) to work on /home/airflow/.local/lib/python3.8/site-packages/airflow/example_dags/example_task_group_decorator.py
[2022-05-18 23:29:17,300] {processor.py:642} INFO - Processing file /home/airflow/.local/lib/python3.8/site-packages/airflow/example_dags/example_task_group_decorator.py for tasks to queue
[2022-05-18 23:29:17,301] {logging_mixin.py:109} INFO - [2022-05-18 23:29:17,301] {dagbag.py:500} INFO - Filling up the DagBag from /home/airflow/.local/lib/python3.8/site-packages/airflow/example_dags/example_task_group_decorator.py
[2022-05-18 23:29:17,332] {processor.py:654} INFO - DAG(s) dict_keys(['example_task_group_decorator']) retrieved from /home/airflow/.local/lib/python3.8/site-packages/airflow/example_dags/example_task_group_decorator.py
[2022-05-18 23:29:17,568] {logging_mixin.py:109} INFO - [2022-05-18 23:29:17,567] {dag.py:2398} INFO - Sync 1 DAGs
[2022-05-18 23:29:17,584] {logging_mixin.py:109} INFO - [2022-05-18 23:29:17,583] {dag.py:2937} INFO - Setting next_dagrun for example_task_group_decorator to 2022-05-17T23:29:17.583669+00:00
[2022-05-18 23:29:17,597] {processor.py:171} INFO - Processing /home/airflow/.local/lib/python3.8/site-packages/airflow/example_dags/example_task_group_decorator.py took 0.300 seconds
[2022-05-18 23:29:48,241] {processor.py:163} INFO - Started process (PID=783) to work on /home/airflow/.local/lib/python3.8/site-packages/airflow/example_dags/example_task_group_decorator.py
[2022-05-18 23:29:48,241] {processor.py:642} INFO - Processing file /home/airflow/.local/lib/python3.8/site-packages/airflow/example_dags/example_task_group_decorator.py for tasks to queue
[2022-05-18 23:29:48,242] {logging_mixin.py:109} INFO - [2022-05-18 23:29:48,242] {dagbag.py:500} INFO - Filling up the DagBag from /home/airflow/.local/lib/python3.8/site-packages/airflow/example_dags/example_task_group_decorator.py
[2022-05-18 23:29:48,277] {processor.py:654} INFO - DAG(s) dict_keys(['example_task_group_decorator']) retrieved from /home/airflow/.local/lib/python3.8/site-packages/airflow/example_dags/example_task_group_decorator.py
[2022-05-18 23:29:48,538] {logging_mixin.py:109} INFO - [2022-05-18 23:29:48,538] {dag.py:2398} INFO - Sync 1 DAGs
[2022-05-18 23:29:48,551] {logging_mixin.py:109} INFO - [2022-05-18 23:29:48,550] {dag.py:2937} INFO - Setting next_dagrun for example_task_group_decorator to 2022-05-17T23:29:48.550757+00:00
[2022-05-18 23:29:48,567] {processor.py:171} INFO - Processing /home/airflow/.local/lib/python3.8/site-packages/airflow/example_dags/example_task_group_decorator.py took 0.329 seconds
[2022-05-18 23:30:18,651] {processor.py:163} INFO - Started process (PID=861) to work on /home/airflow/.local/lib/python3.8/site-packages/airflow/example_dags/example_task_group_decorator.py
[2022-05-18 23:30:18,652] {processor.py:642} INFO - Processing file /home/airflow/.local/lib/python3.8/site-packages/airflow/example_dags/example_task_group_decorator.py for tasks to queue
[2022-05-18 23:30:18,652] {logging_mixin.py:109} INFO - [2022-05-18 23:30:18,652] {dagbag.py:500} INFO - Filling up the DagBag from /home/airflow/.local/lib/python3.8/site-packages/airflow/example_dags/example_task_group_decorator.py
[2022-05-18 23:30:18,687] {processor.py:654} INFO - DAG(s) dict_keys(['example_task_group_decorator']) retrieved from /home/airflow/.local/lib/python3.8/site-packages/airflow/example_dags/example_task_group_decorator.py
[2022-05-18 23:30:19,001] {logging_mixin.py:109} INFO - [2022-05-18 23:30:19,000] {dag.py:2398} INFO - Sync 1 DAGs
[2022-05-18 23:30:19,028] {logging_mixin.py:109} INFO - [2022-05-18 23:30:19,028] {dag.py:2937} INFO - Setting next_dagrun for example_task_group_decorator to 2022-05-17T23:30:19.028018+00:00
[2022-05-18 23:30:19,040] {processor.py:171} INFO - Processing /home/airflow/.local/lib/python3.8/site-packages/airflow/example_dags/example_task_group_decorator.py took 0.393 seconds
[2022-05-18 23:30:49,924] {processor.py:163} INFO - Started process (PID=928) to work on /home/airflow/.local/lib/python3.8/site-packages/airflow/example_dags/example_task_group_decorator.py
[2022-05-18 23:30:49,925] {processor.py:642} INFO - Processing file /home/airflow/.local/lib/python3.8/site-packages/airflow/example_dags/example_task_group_decorator.py for tasks to queue
[2022-05-18 23:30:49,925] {logging_mixin.py:109} INFO - [2022-05-18 23:30:49,925] {dagbag.py:500} INFO - Filling up the DagBag from /home/airflow/.local/lib/python3.8/site-packages/airflow/example_dags/example_task_group_decorator.py
[2022-05-18 23:30:49,964] {processor.py:654} INFO - DAG(s) dict_keys(['example_task_group_decorator']) retrieved from /home/airflow/.local/lib/python3.8/site-packages/airflow/example_dags/example_task_group_decorator.py
[2022-05-18 23:30:50,248] {logging_mixin.py:109} INFO - [2022-05-18 23:30:50,248] {dag.py:2398} INFO - Sync 1 DAGs
[2022-05-18 23:30:50,265] {logging_mixin.py:109} INFO - [2022-05-18 23:30:50,265] {dag.py:2937} INFO - Setting next_dagrun for example_task_group_decorator to 2022-05-17T23:30:50.265612+00:00
[2022-05-18 23:30:50,282] {processor.py:171} INFO - Processing /home/airflow/.local/lib/python3.8/site-packages/airflow/example_dags/example_task_group_decorator.py took 0.360 seconds
[2022-05-18 23:31:20,677] {processor.py:163} INFO - Started process (PID=1021) to work on /home/airflow/.local/lib/python3.8/site-packages/airflow/example_dags/example_task_group_decorator.py
[2022-05-18 23:31:20,678] {processor.py:642} INFO - Processing file /home/airflow/.local/lib/python3.8/site-packages/airflow/example_dags/example_task_group_decorator.py for tasks to queue
[2022-05-18 23:31:20,679] {logging_mixin.py:109} INFO - [2022-05-18 23:31:20,679] {dagbag.py:500} INFO - Filling up the DagBag from /home/airflow/.local/lib/python3.8/site-packages/airflow/example_dags/example_task_group_decorator.py
[2022-05-18 23:31:20,712] {processor.py:654} INFO - DAG(s) dict_keys(['example_task_group_decorator']) retrieved from /home/airflow/.local/lib/python3.8/site-packages/airflow/example_dags/example_task_group_decorator.py
[2022-05-18 23:31:20,974] {logging_mixin.py:109} INFO - [2022-05-18 23:31:20,974] {dag.py:2398} INFO - Sync 1 DAGs
[2022-05-18 23:31:20,988] {logging_mixin.py:109} INFO - [2022-05-18 23:31:20,988] {dag.py:2937} INFO - Setting next_dagrun for example_task_group_decorator to 2022-05-17T23:31:20.987880+00:00
[2022-05-18 23:31:21,000] {processor.py:171} INFO - Processing /home/airflow/.local/lib/python3.8/site-packages/airflow/example_dags/example_task_group_decorator.py took 0.325 seconds
[2022-05-18 23:31:51,221] {processor.py:163} INFO - Started process (PID=1106) to work on /home/airflow/.local/lib/python3.8/site-packages/airflow/example_dags/example_task_group_decorator.py
[2022-05-18 23:31:51,222] {processor.py:642} INFO - Processing file /home/airflow/.local/lib/python3.8/site-packages/airflow/example_dags/example_task_group_decorator.py for tasks to queue
[2022-05-18 23:31:51,222] {logging_mixin.py:109} INFO - [2022-05-18 23:31:51,222] {dagbag.py:500} INFO - Filling up the DagBag from /home/airflow/.local/lib/python3.8/site-packages/airflow/example_dags/example_task_group_decorator.py
[2022-05-18 23:31:51,261] {processor.py:654} INFO - DAG(s) dict_keys(['example_task_group_decorator']) retrieved from /home/airflow/.local/lib/python3.8/site-packages/airflow/example_dags/example_task_group_decorator.py
[2022-05-18 23:31:51,589] {logging_mixin.py:109} INFO - [2022-05-18 23:31:51,589] {dag.py:2398} INFO - Sync 1 DAGs
[2022-05-18 23:31:51,603] {logging_mixin.py:109} INFO - [2022-05-18 23:31:51,603] {dag.py:2937} INFO - Setting next_dagrun for example_task_group_decorator to 2022-05-17T23:31:51.603631+00:00
[2022-05-18 23:31:51,620] {processor.py:171} INFO - Processing /home/airflow/.local/lib/python3.8/site-packages/airflow/example_dags/example_task_group_decorator.py took 0.400 seconds
[2022-05-18 23:32:22,385] {processor.py:163} INFO - Started process (PID=1199) to work on /home/airflow/.local/lib/python3.8/site-packages/airflow/example_dags/example_task_group_decorator.py
[2022-05-18 23:32:22,392] {processor.py:642} INFO - Processing file /home/airflow/.local/lib/python3.8/site-packages/airflow/example_dags/example_task_group_decorator.py for tasks to queue
[2022-05-18 23:32:22,393] {logging_mixin.py:109} INFO - [2022-05-18 23:32:22,393] {dagbag.py:500} INFO - Filling up the DagBag from /home/airflow/.local/lib/python3.8/site-packages/airflow/example_dags/example_task_group_decorator.py
[2022-05-18 23:32:22,439] {processor.py:654} INFO - DAG(s) dict_keys(['example_task_group_decorator']) retrieved from /home/airflow/.local/lib/python3.8/site-packages/airflow/example_dags/example_task_group_decorator.py
[2022-05-18 23:32:22,758] {logging_mixin.py:109} INFO - [2022-05-18 23:32:22,758] {dag.py:2398} INFO - Sync 1 DAGs
[2022-05-18 23:32:22,771] {logging_mixin.py:109} INFO - [2022-05-18 23:32:22,771] {dag.py:2937} INFO - Setting next_dagrun for example_task_group_decorator to 2022-05-17T23:32:22.771433+00:00
[2022-05-18 23:32:22,782] {processor.py:171} INFO - Processing /home/airflow/.local/lib/python3.8/site-packages/airflow/example_dags/example_task_group_decorator.py took 0.400 seconds
[2022-05-18 23:32:53,659] {processor.py:163} INFO - Started process (PID=1285) to work on /home/airflow/.local/lib/python3.8/site-packages/airflow/example_dags/example_task_group_decorator.py
[2022-05-18 23:32:53,660] {processor.py:642} INFO - Processing file /home/airflow/.local/lib/python3.8/site-packages/airflow/example_dags/example_task_group_decorator.py for tasks to queue
[2022-05-18 23:32:53,661] {logging_mixin.py:109} INFO - [2022-05-18 23:32:53,661] {dagbag.py:500} INFO - Filling up the DagBag from /home/airflow/.local/lib/python3.8/site-packages/airflow/example_dags/example_task_group_decorator.py
[2022-05-18 23:32:53,702] {processor.py:654} INFO - DAG(s) dict_keys(['example_task_group_decorator']) retrieved from /home/airflow/.local/lib/python3.8/site-packages/airflow/example_dags/example_task_group_decorator.py
[2022-05-18 23:32:54,019] {logging_mixin.py:109} INFO - [2022-05-18 23:32:54,019] {dag.py:2398} INFO - Sync 1 DAGs
[2022-05-18 23:32:54,032] {logging_mixin.py:109} INFO - [2022-05-18 23:32:54,032] {dag.py:2937} INFO - Setting next_dagrun for example_task_group_decorator to 2022-05-17T23:32:54.032225+00:00
[2022-05-18 23:32:54,044] {processor.py:171} INFO - Processing /home/airflow/.local/lib/python3.8/site-packages/airflow/example_dags/example_task_group_decorator.py took 0.387 seconds
[2022-05-18 23:33:24,910] {processor.py:163} INFO - Started process (PID=1369) to work on /home/airflow/.local/lib/python3.8/site-packages/airflow/example_dags/example_task_group_decorator.py
[2022-05-18 23:33:24,918] {processor.py:642} INFO - Processing file /home/airflow/.local/lib/python3.8/site-packages/airflow/example_dags/example_task_group_decorator.py for tasks to queue
[2022-05-18 23:33:24,919] {logging_mixin.py:109} INFO - [2022-05-18 23:33:24,919] {dagbag.py:500} INFO - Filling up the DagBag from /home/airflow/.local/lib/python3.8/site-packages/airflow/example_dags/example_task_group_decorator.py
[2022-05-18 23:33:24,981] {processor.py:654} INFO - DAG(s) dict_keys(['example_task_group_decorator']) retrieved from /home/airflow/.local/lib/python3.8/site-packages/airflow/example_dags/example_task_group_decorator.py
[2022-05-18 23:33:25,290] {logging_mixin.py:109} INFO - [2022-05-18 23:33:25,290] {dag.py:2398} INFO - Sync 1 DAGs
[2022-05-18 23:33:25,305] {logging_mixin.py:109} INFO - [2022-05-18 23:33:25,305] {dag.py:2937} INFO - Setting next_dagrun for example_task_group_decorator to 2022-05-17T23:33:25.304859+00:00
[2022-05-18 23:33:25,319] {processor.py:171} INFO - Processing /home/airflow/.local/lib/python3.8/site-packages/airflow/example_dags/example_task_group_decorator.py took 0.411 seconds
[2022-05-18 23:33:55,448] {processor.py:163} INFO - Started process (PID=1462) to work on /home/airflow/.local/lib/python3.8/site-packages/airflow/example_dags/example_task_group_decorator.py
[2022-05-18 23:33:55,450] {processor.py:642} INFO - Processing file /home/airflow/.local/lib/python3.8/site-packages/airflow/example_dags/example_task_group_decorator.py for tasks to queue
[2022-05-18 23:33:55,451] {logging_mixin.py:109} INFO - [2022-05-18 23:33:55,451] {dagbag.py:500} INFO - Filling up the DagBag from /home/airflow/.local/lib/python3.8/site-packages/airflow/example_dags/example_task_group_decorator.py
[2022-05-18 23:33:55,495] {processor.py:654} INFO - DAG(s) dict_keys(['example_task_group_decorator']) retrieved from /home/airflow/.local/lib/python3.8/site-packages/airflow/example_dags/example_task_group_decorator.py
[2022-05-18 23:33:55,802] {logging_mixin.py:109} INFO - [2022-05-18 23:33:55,802] {dag.py:2398} INFO - Sync 1 DAGs
[2022-05-18 23:33:55,812] {logging_mixin.py:109} INFO - [2022-05-18 23:33:55,812] {dag.py:2937} INFO - Setting next_dagrun for example_task_group_decorator to 2022-05-17T23:33:55.812414+00:00
[2022-05-18 23:33:55,825] {processor.py:171} INFO - Processing /home/airflow/.local/lib/python3.8/site-packages/airflow/example_dags/example_task_group_decorator.py took 0.380 seconds
[2022-05-18 23:34:25,883] {processor.py:163} INFO - Started process (PID=1547) to work on /home/airflow/.local/lib/python3.8/site-packages/airflow/example_dags/example_task_group_decorator.py
[2022-05-18 23:34:25,889] {processor.py:642} INFO - Processing file /home/airflow/.local/lib/python3.8/site-packages/airflow/example_dags/example_task_group_decorator.py for tasks to queue
[2022-05-18 23:34:25,890] {logging_mixin.py:109} INFO - [2022-05-18 23:34:25,890] {dagbag.py:500} INFO - Filling up the DagBag from /home/airflow/.local/lib/python3.8/site-packages/airflow/example_dags/example_task_group_decorator.py
[2022-05-18 23:34:25,925] {processor.py:654} INFO - DAG(s) dict_keys(['example_task_group_decorator']) retrieved from /home/airflow/.local/lib/python3.8/site-packages/airflow/example_dags/example_task_group_decorator.py
[2022-05-18 23:34:26,206] {logging_mixin.py:109} INFO - [2022-05-18 23:34:26,206] {dag.py:2398} INFO - Sync 1 DAGs
[2022-05-18 23:34:26,225] {logging_mixin.py:109} INFO - [2022-05-18 23:34:26,225] {dag.py:2937} INFO - Setting next_dagrun for example_task_group_decorator to 2022-05-17T23:34:26.224739+00:00
[2022-05-18 23:34:26,247] {processor.py:171} INFO - Processing /home/airflow/.local/lib/python3.8/site-packages/airflow/example_dags/example_task_group_decorator.py took 0.366 seconds
[2022-05-18 23:34:57,195] {processor.py:163} INFO - Started process (PID=1639) to work on /home/airflow/.local/lib/python3.8/site-packages/airflow/example_dags/example_task_group_decorator.py
[2022-05-18 23:34:57,197] {processor.py:642} INFO - Processing file /home/airflow/.local/lib/python3.8/site-packages/airflow/example_dags/example_task_group_decorator.py for tasks to queue
[2022-05-18 23:34:57,198] {logging_mixin.py:109} INFO - [2022-05-18 23:34:57,197] {dagbag.py:500} INFO - Filling up the DagBag from /home/airflow/.local/lib/python3.8/site-packages/airflow/example_dags/example_task_group_decorator.py
[2022-05-18 23:34:57,236] {processor.py:654} INFO - DAG(s) dict_keys(['example_task_group_decorator']) retrieved from /home/airflow/.local/lib/python3.8/site-packages/airflow/example_dags/example_task_group_decorator.py
[2022-05-18 23:34:57,521] {logging_mixin.py:109} INFO - [2022-05-18 23:34:57,521] {dag.py:2398} INFO - Sync 1 DAGs
[2022-05-18 23:34:57,537] {logging_mixin.py:109} INFO - [2022-05-18 23:34:57,536] {dag.py:2937} INFO - Setting next_dagrun for example_task_group_decorator to 2022-05-17T23:34:57.536771+00:00
[2022-05-18 23:34:57,549] {processor.py:171} INFO - Processing /home/airflow/.local/lib/python3.8/site-packages/airflow/example_dags/example_task_group_decorator.py took 0.357 seconds
[2022-05-18 23:35:27,811] {processor.py:163} INFO - Started process (PID=1724) to work on /home/airflow/.local/lib/python3.8/site-packages/airflow/example_dags/example_task_group_decorator.py
[2022-05-18 23:35:27,812] {processor.py:642} INFO - Processing file /home/airflow/.local/lib/python3.8/site-packages/airflow/example_dags/example_task_group_decorator.py for tasks to queue
[2022-05-18 23:35:27,812] {logging_mixin.py:109} INFO - [2022-05-18 23:35:27,812] {dagbag.py:500} INFO - Filling up the DagBag from /home/airflow/.local/lib/python3.8/site-packages/airflow/example_dags/example_task_group_decorator.py
[2022-05-18 23:35:27,852] {processor.py:654} INFO - DAG(s) dict_keys(['example_task_group_decorator']) retrieved from /home/airflow/.local/lib/python3.8/site-packages/airflow/example_dags/example_task_group_decorator.py
[2022-05-18 23:35:28,138] {logging_mixin.py:109} INFO - [2022-05-18 23:35:28,137] {dag.py:2398} INFO - Sync 1 DAGs
[2022-05-18 23:35:28,151] {logging_mixin.py:109} INFO - [2022-05-18 23:35:28,151] {dag.py:2937} INFO - Setting next_dagrun for example_task_group_decorator to 2022-05-17T23:35:28.151684+00:00
[2022-05-18 23:35:28,164] {processor.py:171} INFO - Processing /home/airflow/.local/lib/python3.8/site-packages/airflow/example_dags/example_task_group_decorator.py took 0.356 seconds
[2022-05-18 23:35:59,006] {processor.py:163} INFO - Started process (PID=1817) to work on /home/airflow/.local/lib/python3.8/site-packages/airflow/example_dags/example_task_group_decorator.py
[2022-05-18 23:35:59,007] {processor.py:642} INFO - Processing file /home/airflow/.local/lib/python3.8/site-packages/airflow/example_dags/example_task_group_decorator.py for tasks to queue
[2022-05-18 23:35:59,008] {logging_mixin.py:109} INFO - [2022-05-18 23:35:59,007] {dagbag.py:500} INFO - Filling up the DagBag from /home/airflow/.local/lib/python3.8/site-packages/airflow/example_dags/example_task_group_decorator.py
[2022-05-18 23:35:59,054] {processor.py:654} INFO - DAG(s) dict_keys(['example_task_group_decorator']) retrieved from /home/airflow/.local/lib/python3.8/site-packages/airflow/example_dags/example_task_group_decorator.py
[2022-05-18 23:35:59,391] {logging_mixin.py:109} INFO - [2022-05-18 23:35:59,391] {dag.py:2398} INFO - Sync 1 DAGs
[2022-05-18 23:35:59,405] {logging_mixin.py:109} INFO - [2022-05-18 23:35:59,405] {dag.py:2937} INFO - Setting next_dagrun for example_task_group_decorator to 2022-05-17T23:35:59.405075+00:00
[2022-05-18 23:35:59,421] {processor.py:171} INFO - Processing /home/airflow/.local/lib/python3.8/site-packages/airflow/example_dags/example_task_group_decorator.py took 0.418 seconds
[2022-05-18 23:36:30,102] {processor.py:163} INFO - Started process (PID=1901) to work on /home/airflow/.local/lib/python3.8/site-packages/airflow/example_dags/example_task_group_decorator.py
[2022-05-18 23:36:30,110] {processor.py:642} INFO - Processing file /home/airflow/.local/lib/python3.8/site-packages/airflow/example_dags/example_task_group_decorator.py for tasks to queue
[2022-05-18 23:36:30,111] {logging_mixin.py:109} INFO - [2022-05-18 23:36:30,110] {dagbag.py:500} INFO - Filling up the DagBag from /home/airflow/.local/lib/python3.8/site-packages/airflow/example_dags/example_task_group_decorator.py
[2022-05-18 23:36:30,152] {processor.py:654} INFO - DAG(s) dict_keys(['example_task_group_decorator']) retrieved from /home/airflow/.local/lib/python3.8/site-packages/airflow/example_dags/example_task_group_decorator.py
[2022-05-18 23:36:30,461] {logging_mixin.py:109} INFO - [2022-05-18 23:36:30,460] {dag.py:2398} INFO - Sync 1 DAGs
[2022-05-18 23:36:30,474] {logging_mixin.py:109} INFO - [2022-05-18 23:36:30,474] {dag.py:2937} INFO - Setting next_dagrun for example_task_group_decorator to 2022-05-17T23:36:30.474111+00:00
[2022-05-18 23:36:30,495] {processor.py:171} INFO - Processing /home/airflow/.local/lib/python3.8/site-packages/airflow/example_dags/example_task_group_decorator.py took 0.396 seconds
[2022-05-18 23:37:00,769] {processor.py:163} INFO - Started process (PID=1986) to work on /home/airflow/.local/lib/python3.8/site-packages/airflow/example_dags/example_task_group_decorator.py
[2022-05-18 23:37:00,770] {processor.py:642} INFO - Processing file /home/airflow/.local/lib/python3.8/site-packages/airflow/example_dags/example_task_group_decorator.py for tasks to queue
[2022-05-18 23:37:00,771] {logging_mixin.py:109} INFO - [2022-05-18 23:37:00,770] {dagbag.py:500} INFO - Filling up the DagBag from /home/airflow/.local/lib/python3.8/site-packages/airflow/example_dags/example_task_group_decorator.py
[2022-05-18 23:37:00,822] {processor.py:654} INFO - DAG(s) dict_keys(['example_task_group_decorator']) retrieved from /home/airflow/.local/lib/python3.8/site-packages/airflow/example_dags/example_task_group_decorator.py
[2022-05-18 23:37:01,197] {logging_mixin.py:109} INFO - [2022-05-18 23:37:01,197] {dag.py:2398} INFO - Sync 1 DAGs
[2022-05-18 23:37:01,212] {logging_mixin.py:109} INFO - [2022-05-18 23:37:01,212] {dag.py:2937} INFO - Setting next_dagrun for example_task_group_decorator to 2022-05-17T23:37:01.212603+00:00
[2022-05-18 23:37:01,225] {processor.py:171} INFO - Processing /home/airflow/.local/lib/python3.8/site-packages/airflow/example_dags/example_task_group_decorator.py took 0.459 seconds
[2022-05-18 23:37:31,501] {processor.py:163} INFO - Started process (PID=2080) to work on /home/airflow/.local/lib/python3.8/site-packages/airflow/example_dags/example_task_group_decorator.py
[2022-05-18 23:37:31,502] {processor.py:642} INFO - Processing file /home/airflow/.local/lib/python3.8/site-packages/airflow/example_dags/example_task_group_decorator.py for tasks to queue
[2022-05-18 23:37:31,503] {logging_mixin.py:109} INFO - [2022-05-18 23:37:31,503] {dagbag.py:500} INFO - Filling up the DagBag from /home/airflow/.local/lib/python3.8/site-packages/airflow/example_dags/example_task_group_decorator.py
[2022-05-18 23:37:31,550] {processor.py:654} INFO - DAG(s) dict_keys(['example_task_group_decorator']) retrieved from /home/airflow/.local/lib/python3.8/site-packages/airflow/example_dags/example_task_group_decorator.py
[2022-05-18 23:37:31,800] {logging_mixin.py:109} INFO - [2022-05-18 23:37:31,800] {dag.py:2398} INFO - Sync 1 DAGs
[2022-05-18 23:37:31,813] {logging_mixin.py:109} INFO - [2022-05-18 23:37:31,813] {dag.py:2937} INFO - Setting next_dagrun for example_task_group_decorator to 2022-05-17T23:37:31.813333+00:00
[2022-05-18 23:37:31,830] {processor.py:171} INFO - Processing /home/airflow/.local/lib/python3.8/site-packages/airflow/example_dags/example_task_group_decorator.py took 0.334 seconds
[2022-05-18 23:38:01,998] {processor.py:163} INFO - Started process (PID=2164) to work on /home/airflow/.local/lib/python3.8/site-packages/airflow/example_dags/example_task_group_decorator.py
[2022-05-18 23:38:01,999] {processor.py:642} INFO - Processing file /home/airflow/.local/lib/python3.8/site-packages/airflow/example_dags/example_task_group_decorator.py for tasks to queue
[2022-05-18 23:38:02,000] {logging_mixin.py:109} INFO - [2022-05-18 23:38:02,000] {dagbag.py:500} INFO - Filling up the DagBag from /home/airflow/.local/lib/python3.8/site-packages/airflow/example_dags/example_task_group_decorator.py
[2022-05-18 23:38:02,052] {processor.py:654} INFO - DAG(s) dict_keys(['example_task_group_decorator']) retrieved from /home/airflow/.local/lib/python3.8/site-packages/airflow/example_dags/example_task_group_decorator.py
[2022-05-18 23:38:02,341] {logging_mixin.py:109} INFO - [2022-05-18 23:38:02,340] {dag.py:2398} INFO - Sync 1 DAGs
[2022-05-18 23:38:02,352] {logging_mixin.py:109} INFO - [2022-05-18 23:38:02,352] {dag.py:2937} INFO - Setting next_dagrun for example_task_group_decorator to 2022-05-17T23:38:02.351899+00:00
[2022-05-18 23:38:02,366] {processor.py:171} INFO - Processing /home/airflow/.local/lib/python3.8/site-packages/airflow/example_dags/example_task_group_decorator.py took 0.382 seconds
[2022-05-18 23:38:33,043] {processor.py:163} INFO - Started process (PID=2258) to work on /home/airflow/.local/lib/python3.8/site-packages/airflow/example_dags/example_task_group_decorator.py
[2022-05-18 23:38:33,046] {processor.py:642} INFO - Processing file /home/airflow/.local/lib/python3.8/site-packages/airflow/example_dags/example_task_group_decorator.py for tasks to queue
[2022-05-18 23:38:33,047] {logging_mixin.py:109} INFO - [2022-05-18 23:38:33,047] {dagbag.py:500} INFO - Filling up the DagBag from /home/airflow/.local/lib/python3.8/site-packages/airflow/example_dags/example_task_group_decorator.py
[2022-05-18 23:38:33,097] {processor.py:654} INFO - DAG(s) dict_keys(['example_task_group_decorator']) retrieved from /home/airflow/.local/lib/python3.8/site-packages/airflow/example_dags/example_task_group_decorator.py
[2022-05-18 23:38:33,449] {logging_mixin.py:109} INFO - [2022-05-18 23:38:33,448] {dag.py:2398} INFO - Sync 1 DAGs
[2022-05-18 23:38:33,462] {logging_mixin.py:109} INFO - [2022-05-18 23:38:33,462] {dag.py:2937} INFO - Setting next_dagrun for example_task_group_decorator to 2022-05-17T23:38:33.462553+00:00
[2022-05-18 23:38:33,479] {processor.py:171} INFO - Processing /home/airflow/.local/lib/python3.8/site-packages/airflow/example_dags/example_task_group_decorator.py took 0.438 seconds
[2022-05-18 23:39:04,440] {processor.py:163} INFO - Started process (PID=2343) to work on /home/airflow/.local/lib/python3.8/site-packages/airflow/example_dags/example_task_group_decorator.py
[2022-05-18 23:39:04,441] {processor.py:642} INFO - Processing file /home/airflow/.local/lib/python3.8/site-packages/airflow/example_dags/example_task_group_decorator.py for tasks to queue
[2022-05-18 23:39:04,442] {logging_mixin.py:109} INFO - [2022-05-18 23:39:04,442] {dagbag.py:500} INFO - Filling up the DagBag from /home/airflow/.local/lib/python3.8/site-packages/airflow/example_dags/example_task_group_decorator.py
[2022-05-18 23:39:04,485] {processor.py:654} INFO - DAG(s) dict_keys(['example_task_group_decorator']) retrieved from /home/airflow/.local/lib/python3.8/site-packages/airflow/example_dags/example_task_group_decorator.py
[2022-05-18 23:39:04,728] {logging_mixin.py:109} INFO - [2022-05-18 23:39:04,728] {dag.py:2398} INFO - Sync 1 DAGs
[2022-05-18 23:39:04,739] {logging_mixin.py:109} INFO - [2022-05-18 23:39:04,739] {dag.py:2937} INFO - Setting next_dagrun for example_task_group_decorator to 2022-05-17T23:39:04.738801+00:00
[2022-05-18 23:39:04,752] {processor.py:171} INFO - Processing /home/airflow/.local/lib/python3.8/site-packages/airflow/example_dags/example_task_group_decorator.py took 0.314 seconds
[2022-05-18 23:39:35,012] {processor.py:163} INFO - Started process (PID=2435) to work on /home/airflow/.local/lib/python3.8/site-packages/airflow/example_dags/example_task_group_decorator.py
[2022-05-18 23:39:35,014] {processor.py:642} INFO - Processing file /home/airflow/.local/lib/python3.8/site-packages/airflow/example_dags/example_task_group_decorator.py for tasks to queue
[2022-05-18 23:39:35,015] {logging_mixin.py:109} INFO - [2022-05-18 23:39:35,015] {dagbag.py:500} INFO - Filling up the DagBag from /home/airflow/.local/lib/python3.8/site-packages/airflow/example_dags/example_task_group_decorator.py
[2022-05-18 23:39:35,114] {processor.py:654} INFO - DAG(s) dict_keys(['example_task_group_decorator']) retrieved from /home/airflow/.local/lib/python3.8/site-packages/airflow/example_dags/example_task_group_decorator.py
[2022-05-18 23:39:35,540] {logging_mixin.py:109} INFO - [2022-05-18 23:39:35,540] {dag.py:2398} INFO - Sync 1 DAGs
[2022-05-18 23:39:35,561] {logging_mixin.py:109} INFO - [2022-05-18 23:39:35,561] {dag.py:2937} INFO - Setting next_dagrun for example_task_group_decorator to 2022-05-17T23:39:35.561596+00:00
[2022-05-18 23:39:35,582] {processor.py:171} INFO - Processing /home/airflow/.local/lib/python3.8/site-packages/airflow/example_dags/example_task_group_decorator.py took 0.573 seconds
[2022-05-18 23:40:06,083] {processor.py:163} INFO - Started process (PID=2520) to work on /home/airflow/.local/lib/python3.8/site-packages/airflow/example_dags/example_task_group_decorator.py
[2022-05-18 23:40:06,084] {processor.py:642} INFO - Processing file /home/airflow/.local/lib/python3.8/site-packages/airflow/example_dags/example_task_group_decorator.py for tasks to queue
[2022-05-18 23:40:06,085] {logging_mixin.py:109} INFO - [2022-05-18 23:40:06,085] {dagbag.py:500} INFO - Filling up the DagBag from /home/airflow/.local/lib/python3.8/site-packages/airflow/example_dags/example_task_group_decorator.py
[2022-05-18 23:40:06,139] {processor.py:654} INFO - DAG(s) dict_keys(['example_task_group_decorator']) retrieved from /home/airflow/.local/lib/python3.8/site-packages/airflow/example_dags/example_task_group_decorator.py
[2022-05-18 23:40:06,464] {logging_mixin.py:109} INFO - [2022-05-18 23:40:06,464] {dag.py:2398} INFO - Sync 1 DAGs
[2022-05-18 23:40:06,481] {logging_mixin.py:109} INFO - [2022-05-18 23:40:06,481] {dag.py:2937} INFO - Setting next_dagrun for example_task_group_decorator to 2022-05-17T23:40:06.481452+00:00
[2022-05-18 23:40:06,498] {processor.py:171} INFO - Processing /home/airflow/.local/lib/python3.8/site-packages/airflow/example_dags/example_task_group_decorator.py took 0.419 seconds
[2022-05-18 23:40:37,343] {processor.py:163} INFO - Started process (PID=2606) to work on /home/airflow/.local/lib/python3.8/site-packages/airflow/example_dags/example_task_group_decorator.py
[2022-05-18 23:40:37,344] {processor.py:642} INFO - Processing file /home/airflow/.local/lib/python3.8/site-packages/airflow/example_dags/example_task_group_decorator.py for tasks to queue
[2022-05-18 23:40:37,345] {logging_mixin.py:109} INFO - [2022-05-18 23:40:37,344] {dagbag.py:500} INFO - Filling up the DagBag from /home/airflow/.local/lib/python3.8/site-packages/airflow/example_dags/example_task_group_decorator.py
[2022-05-18 23:40:37,390] {processor.py:654} INFO - DAG(s) dict_keys(['example_task_group_decorator']) retrieved from /home/airflow/.local/lib/python3.8/site-packages/airflow/example_dags/example_task_group_decorator.py
[2022-05-18 23:40:37,674] {logging_mixin.py:109} INFO - [2022-05-18 23:40:37,674] {dag.py:2398} INFO - Sync 1 DAGs
[2022-05-18 23:40:37,686] {logging_mixin.py:109} INFO - [2022-05-18 23:40:37,686] {dag.py:2937} INFO - Setting next_dagrun for example_task_group_decorator to 2022-05-17T23:40:37.686678+00:00
[2022-05-18 23:40:37,699] {processor.py:171} INFO - Processing /home/airflow/.local/lib/python3.8/site-packages/airflow/example_dags/example_task_group_decorator.py took 0.359 seconds
[2022-05-18 23:41:08,583] {processor.py:163} INFO - Started process (PID=2703) to work on /home/airflow/.local/lib/python3.8/site-packages/airflow/example_dags/example_task_group_decorator.py
[2022-05-18 23:41:08,584] {processor.py:642} INFO - Processing file /home/airflow/.local/lib/python3.8/site-packages/airflow/example_dags/example_task_group_decorator.py for tasks to queue
[2022-05-18 23:41:08,585] {logging_mixin.py:109} INFO - [2022-05-18 23:41:08,585] {dagbag.py:500} INFO - Filling up the DagBag from /home/airflow/.local/lib/python3.8/site-packages/airflow/example_dags/example_task_group_decorator.py
[2022-05-18 23:41:08,622] {processor.py:654} INFO - DAG(s) dict_keys(['example_task_group_decorator']) retrieved from /home/airflow/.local/lib/python3.8/site-packages/airflow/example_dags/example_task_group_decorator.py
[2022-05-18 23:41:08,865] {logging_mixin.py:109} INFO - [2022-05-18 23:41:08,865] {dag.py:2398} INFO - Sync 1 DAGs
[2022-05-18 23:41:08,878] {logging_mixin.py:109} INFO - [2022-05-18 23:41:08,878] {dag.py:2937} INFO - Setting next_dagrun for example_task_group_decorator to 2022-05-17T23:41:08.878102+00:00
[2022-05-18 23:41:08,894] {processor.py:171} INFO - Processing /home/airflow/.local/lib/python3.8/site-packages/airflow/example_dags/example_task_group_decorator.py took 0.313 seconds
[2022-05-18 23:41:39,707] {processor.py:163} INFO - Started process (PID=2788) to work on /home/airflow/.local/lib/python3.8/site-packages/airflow/example_dags/example_task_group_decorator.py
[2022-05-18 23:41:39,708] {processor.py:642} INFO - Processing file /home/airflow/.local/lib/python3.8/site-packages/airflow/example_dags/example_task_group_decorator.py for tasks to queue
[2022-05-18 23:41:39,709] {logging_mixin.py:109} INFO - [2022-05-18 23:41:39,709] {dagbag.py:500} INFO - Filling up the DagBag from /home/airflow/.local/lib/python3.8/site-packages/airflow/example_dags/example_task_group_decorator.py
[2022-05-18 23:41:39,771] {processor.py:654} INFO - DAG(s) dict_keys(['example_task_group_decorator']) retrieved from /home/airflow/.local/lib/python3.8/site-packages/airflow/example_dags/example_task_group_decorator.py
[2022-05-18 23:41:40,110] {logging_mixin.py:109} INFO - [2022-05-18 23:41:40,110] {dag.py:2398} INFO - Sync 1 DAGs
[2022-05-18 23:41:40,126] {logging_mixin.py:109} INFO - [2022-05-18 23:41:40,126] {dag.py:2937} INFO - Setting next_dagrun for example_task_group_decorator to 2022-05-17T23:41:40.125975+00:00
[2022-05-18 23:41:40,141] {processor.py:171} INFO - Processing /home/airflow/.local/lib/python3.8/site-packages/airflow/example_dags/example_task_group_decorator.py took 0.437 seconds
[2022-05-18 23:42:10,466] {processor.py:163} INFO - Started process (PID=2881) to work on /home/airflow/.local/lib/python3.8/site-packages/airflow/example_dags/example_task_group_decorator.py
[2022-05-18 23:42:10,491] {processor.py:642} INFO - Processing file /home/airflow/.local/lib/python3.8/site-packages/airflow/example_dags/example_task_group_decorator.py for tasks to queue
[2022-05-18 23:42:10,492] {logging_mixin.py:109} INFO - [2022-05-18 23:42:10,492] {dagbag.py:500} INFO - Filling up the DagBag from /home/airflow/.local/lib/python3.8/site-packages/airflow/example_dags/example_task_group_decorator.py
[2022-05-18 23:42:10,533] {processor.py:654} INFO - DAG(s) dict_keys(['example_task_group_decorator']) retrieved from /home/airflow/.local/lib/python3.8/site-packages/airflow/example_dags/example_task_group_decorator.py
[2022-05-18 23:42:10,818] {logging_mixin.py:109} INFO - [2022-05-18 23:42:10,818] {dag.py:2398} INFO - Sync 1 DAGs
[2022-05-18 23:42:10,832] {logging_mixin.py:109} INFO - [2022-05-18 23:42:10,832] {dag.py:2937} INFO - Setting next_dagrun for example_task_group_decorator to 2022-05-17T23:42:10.832541+00:00
[2022-05-18 23:42:10,845] {processor.py:171} INFO - Processing /home/airflow/.local/lib/python3.8/site-packages/airflow/example_dags/example_task_group_decorator.py took 0.382 seconds
[2022-05-18 23:42:41,784] {processor.py:163} INFO - Started process (PID=2967) to work on /home/airflow/.local/lib/python3.8/site-packages/airflow/example_dags/example_task_group_decorator.py
[2022-05-18 23:42:41,784] {processor.py:642} INFO - Processing file /home/airflow/.local/lib/python3.8/site-packages/airflow/example_dags/example_task_group_decorator.py for tasks to queue
[2022-05-18 23:42:41,785] {logging_mixin.py:109} INFO - [2022-05-18 23:42:41,785] {dagbag.py:500} INFO - Filling up the DagBag from /home/airflow/.local/lib/python3.8/site-packages/airflow/example_dags/example_task_group_decorator.py
[2022-05-18 23:42:41,824] {processor.py:654} INFO - DAG(s) dict_keys(['example_task_group_decorator']) retrieved from /home/airflow/.local/lib/python3.8/site-packages/airflow/example_dags/example_task_group_decorator.py
[2022-05-18 23:42:42,076] {logging_mixin.py:109} INFO - [2022-05-18 23:42:42,076] {dag.py:2398} INFO - Sync 1 DAGs
[2022-05-18 23:42:42,089] {logging_mixin.py:109} INFO - [2022-05-18 23:42:42,089] {dag.py:2937} INFO - Setting next_dagrun for example_task_group_decorator to 2022-05-17T23:42:42.088758+00:00
[2022-05-18 23:42:42,100] {processor.py:171} INFO - Processing /home/airflow/.local/lib/python3.8/site-packages/airflow/example_dags/example_task_group_decorator.py took 0.319 seconds
[2022-05-18 23:43:12,144] {processor.py:163} INFO - Started process (PID=3052) to work on /home/airflow/.local/lib/python3.8/site-packages/airflow/example_dags/example_task_group_decorator.py
[2022-05-18 23:43:12,145] {processor.py:642} INFO - Processing file /home/airflow/.local/lib/python3.8/site-packages/airflow/example_dags/example_task_group_decorator.py for tasks to queue
[2022-05-18 23:43:12,145] {logging_mixin.py:109} INFO - [2022-05-18 23:43:12,145] {dagbag.py:500} INFO - Filling up the DagBag from /home/airflow/.local/lib/python3.8/site-packages/airflow/example_dags/example_task_group_decorator.py
[2022-05-18 23:43:12,185] {processor.py:654} INFO - DAG(s) dict_keys(['example_task_group_decorator']) retrieved from /home/airflow/.local/lib/python3.8/site-packages/airflow/example_dags/example_task_group_decorator.py
[2022-05-18 23:43:12,513] {logging_mixin.py:109} INFO - [2022-05-18 23:43:12,512] {dag.py:2398} INFO - Sync 1 DAGs
[2022-05-18 23:43:12,527] {logging_mixin.py:109} INFO - [2022-05-18 23:43:12,526] {dag.py:2937} INFO - Setting next_dagrun for example_task_group_decorator to 2022-05-17T23:43:12.526612+00:00
[2022-05-18 23:43:12,544] {processor.py:171} INFO - Processing /home/airflow/.local/lib/python3.8/site-packages/airflow/example_dags/example_task_group_decorator.py took 0.403 seconds
[2022-05-18 23:43:43,319] {processor.py:163} INFO - Started process (PID=3164) to work on /home/airflow/.local/lib/python3.8/site-packages/airflow/example_dags/example_task_group_decorator.py
[2022-05-18 23:43:43,320] {processor.py:642} INFO - Processing file /home/airflow/.local/lib/python3.8/site-packages/airflow/example_dags/example_task_group_decorator.py for tasks to queue
[2022-05-18 23:43:43,321] {logging_mixin.py:109} INFO - [2022-05-18 23:43:43,320] {dagbag.py:500} INFO - Filling up the DagBag from /home/airflow/.local/lib/python3.8/site-packages/airflow/example_dags/example_task_group_decorator.py
[2022-05-18 23:43:43,366] {processor.py:654} INFO - DAG(s) dict_keys(['example_task_group_decorator']) retrieved from /home/airflow/.local/lib/python3.8/site-packages/airflow/example_dags/example_task_group_decorator.py
[2022-05-18 23:43:43,680] {logging_mixin.py:109} INFO - [2022-05-18 23:43:43,680] {dag.py:2398} INFO - Sync 1 DAGs
[2022-05-18 23:43:43,692] {logging_mixin.py:109} INFO - [2022-05-18 23:43:43,692] {dag.py:2937} INFO - Setting next_dagrun for example_task_group_decorator to 2022-05-17T23:43:43.692431+00:00
[2022-05-18 23:43:43,706] {processor.py:171} INFO - Processing /home/airflow/.local/lib/python3.8/site-packages/airflow/example_dags/example_task_group_decorator.py took 0.389 seconds
[2022-05-18 23:44:14,203] {processor.py:163} INFO - Started process (PID=3267) to work on /home/airflow/.local/lib/python3.8/site-packages/airflow/example_dags/example_task_group_decorator.py
[2022-05-18 23:44:14,204] {processor.py:642} INFO - Processing file /home/airflow/.local/lib/python3.8/site-packages/airflow/example_dags/example_task_group_decorator.py for tasks to queue
[2022-05-18 23:44:14,205] {logging_mixin.py:109} INFO - [2022-05-18 23:44:14,204] {dagbag.py:500} INFO - Filling up the DagBag from /home/airflow/.local/lib/python3.8/site-packages/airflow/example_dags/example_task_group_decorator.py
[2022-05-18 23:44:14,246] {processor.py:654} INFO - DAG(s) dict_keys(['example_task_group_decorator']) retrieved from /home/airflow/.local/lib/python3.8/site-packages/airflow/example_dags/example_task_group_decorator.py
[2022-05-18 23:44:14,557] {logging_mixin.py:109} INFO - [2022-05-18 23:44:14,557] {dag.py:2398} INFO - Sync 1 DAGs
[2022-05-18 23:44:14,580] {logging_mixin.py:109} INFO - [2022-05-18 23:44:14,580] {dag.py:2937} INFO - Setting next_dagrun for example_task_group_decorator to 2022-05-17T23:44:14.579871+00:00
[2022-05-18 23:44:14,592] {processor.py:171} INFO - Processing /home/airflow/.local/lib/python3.8/site-packages/airflow/example_dags/example_task_group_decorator.py took 0.392 seconds
[2022-05-18 23:44:44,687] {processor.py:163} INFO - Started process (PID=3335) to work on /home/airflow/.local/lib/python3.8/site-packages/airflow/example_dags/example_task_group_decorator.py
[2022-05-18 23:44:44,688] {processor.py:642} INFO - Processing file /home/airflow/.local/lib/python3.8/site-packages/airflow/example_dags/example_task_group_decorator.py for tasks to queue
[2022-05-18 23:44:44,689] {logging_mixin.py:109} INFO - [2022-05-18 23:44:44,689] {dagbag.py:500} INFO - Filling up the DagBag from /home/airflow/.local/lib/python3.8/site-packages/airflow/example_dags/example_task_group_decorator.py
[2022-05-18 23:44:44,835] {processor.py:654} INFO - DAG(s) dict_keys(['example_task_group_decorator']) retrieved from /home/airflow/.local/lib/python3.8/site-packages/airflow/example_dags/example_task_group_decorator.py
[2022-05-18 23:44:45,121] {logging_mixin.py:109} INFO - [2022-05-18 23:44:45,121] {dag.py:2398} INFO - Sync 1 DAGs
[2022-05-18 23:44:45,131] {logging_mixin.py:109} INFO - [2022-05-18 23:44:45,131] {dag.py:2937} INFO - Setting next_dagrun for example_task_group_decorator to 2022-05-17T23:44:45.131388+00:00
[2022-05-18 23:44:45,149] {processor.py:171} INFO - Processing /home/airflow/.local/lib/python3.8/site-packages/airflow/example_dags/example_task_group_decorator.py took 0.464 seconds
[2022-05-18 23:45:16,016] {processor.py:163} INFO - Started process (PID=3445) to work on /home/airflow/.local/lib/python3.8/site-packages/airflow/example_dags/example_task_group_decorator.py
[2022-05-18 23:45:16,018] {processor.py:642} INFO - Processing file /home/airflow/.local/lib/python3.8/site-packages/airflow/example_dags/example_task_group_decorator.py for tasks to queue
[2022-05-18 23:45:16,019] {logging_mixin.py:109} INFO - [2022-05-18 23:45:16,019] {dagbag.py:500} INFO - Filling up the DagBag from /home/airflow/.local/lib/python3.8/site-packages/airflow/example_dags/example_task_group_decorator.py
[2022-05-18 23:45:16,076] {processor.py:654} INFO - DAG(s) dict_keys(['example_task_group_decorator']) retrieved from /home/airflow/.local/lib/python3.8/site-packages/airflow/example_dags/example_task_group_decorator.py
[2022-05-18 23:45:16,423] {logging_mixin.py:109} INFO - [2022-05-18 23:45:16,423] {dag.py:2398} INFO - Sync 1 DAGs
[2022-05-18 23:45:16,440] {logging_mixin.py:109} INFO - [2022-05-18 23:45:16,440] {dag.py:2937} INFO - Setting next_dagrun for example_task_group_decorator to 2022-05-17T23:45:16.440198+00:00
[2022-05-18 23:45:16,462] {processor.py:171} INFO - Processing /home/airflow/.local/lib/python3.8/site-packages/airflow/example_dags/example_task_group_decorator.py took 0.449 seconds
[2022-05-18 23:45:46,763] {processor.py:163} INFO - Started process (PID=3531) to work on /home/airflow/.local/lib/python3.8/site-packages/airflow/example_dags/example_task_group_decorator.py
[2022-05-18 23:45:46,765] {processor.py:642} INFO - Processing file /home/airflow/.local/lib/python3.8/site-packages/airflow/example_dags/example_task_group_decorator.py for tasks to queue
[2022-05-18 23:45:46,766] {logging_mixin.py:109} INFO - [2022-05-18 23:45:46,765] {dagbag.py:500} INFO - Filling up the DagBag from /home/airflow/.local/lib/python3.8/site-packages/airflow/example_dags/example_task_group_decorator.py
[2022-05-18 23:45:46,883] {processor.py:654} INFO - DAG(s) dict_keys(['example_task_group_decorator']) retrieved from /home/airflow/.local/lib/python3.8/site-packages/airflow/example_dags/example_task_group_decorator.py
[2022-05-18 23:45:47,550] {logging_mixin.py:109} INFO - [2022-05-18 23:45:47,550] {dag.py:2398} INFO - Sync 1 DAGs
[2022-05-18 23:45:47,597] {logging_mixin.py:109} INFO - [2022-05-18 23:45:47,596] {dag.py:2937} INFO - Setting next_dagrun for example_task_group_decorator to 2022-05-17T23:45:47.596319+00:00
[2022-05-18 23:45:47,629] {processor.py:171} INFO - Processing /home/airflow/.local/lib/python3.8/site-packages/airflow/example_dags/example_task_group_decorator.py took 0.869 seconds
[2022-05-18 23:46:18,487] {processor.py:163} INFO - Started process (PID=3660) to work on /home/airflow/.local/lib/python3.8/site-packages/airflow/example_dags/example_task_group_decorator.py
[2022-05-18 23:46:18,489] {processor.py:642} INFO - Processing file /home/airflow/.local/lib/python3.8/site-packages/airflow/example_dags/example_task_group_decorator.py for tasks to queue
[2022-05-18 23:46:18,490] {logging_mixin.py:109} INFO - [2022-05-18 23:46:18,489] {dagbag.py:500} INFO - Filling up the DagBag from /home/airflow/.local/lib/python3.8/site-packages/airflow/example_dags/example_task_group_decorator.py
[2022-05-18 23:46:18,547] {processor.py:654} INFO - DAG(s) dict_keys(['example_task_group_decorator']) retrieved from /home/airflow/.local/lib/python3.8/site-packages/airflow/example_dags/example_task_group_decorator.py
[2022-05-18 23:46:18,892] {logging_mixin.py:109} INFO - [2022-05-18 23:46:18,892] {dag.py:2398} INFO - Sync 1 DAGs
[2022-05-18 23:46:18,907] {logging_mixin.py:109} INFO - [2022-05-18 23:46:18,907] {dag.py:2937} INFO - Setting next_dagrun for example_task_group_decorator to 2022-05-17T23:46:18.906850+00:00
[2022-05-18 23:46:18,920] {processor.py:171} INFO - Processing /home/airflow/.local/lib/python3.8/site-packages/airflow/example_dags/example_task_group_decorator.py took 0.436 seconds
[2022-05-18 23:46:49,025] {processor.py:163} INFO - Started process (PID=3746) to work on /home/airflow/.local/lib/python3.8/site-packages/airflow/example_dags/example_task_group_decorator.py
[2022-05-18 23:46:49,027] {processor.py:642} INFO - Processing file /home/airflow/.local/lib/python3.8/site-packages/airflow/example_dags/example_task_group_decorator.py for tasks to queue
[2022-05-18 23:46:49,027] {logging_mixin.py:109} INFO - [2022-05-18 23:46:49,027] {dagbag.py:500} INFO - Filling up the DagBag from /home/airflow/.local/lib/python3.8/site-packages/airflow/example_dags/example_task_group_decorator.py
[2022-05-18 23:46:49,104] {processor.py:654} INFO - DAG(s) dict_keys(['example_task_group_decorator']) retrieved from /home/airflow/.local/lib/python3.8/site-packages/airflow/example_dags/example_task_group_decorator.py
[2022-05-18 23:46:49,418] {logging_mixin.py:109} INFO - [2022-05-18 23:46:49,418] {dag.py:2398} INFO - Sync 1 DAGs
[2022-05-18 23:46:49,430] {logging_mixin.py:109} INFO - [2022-05-18 23:46:49,430] {dag.py:2937} INFO - Setting next_dagrun for example_task_group_decorator to 2022-05-17T23:46:49.429919+00:00
[2022-05-18 23:46:49,445] {processor.py:171} INFO - Processing /home/airflow/.local/lib/python3.8/site-packages/airflow/example_dags/example_task_group_decorator.py took 0.423 seconds
[2022-05-18 23:47:19,754] {processor.py:163} INFO - Started process (PID=3832) to work on /home/airflow/.local/lib/python3.8/site-packages/airflow/example_dags/example_task_group_decorator.py
[2022-05-18 23:47:19,756] {processor.py:642} INFO - Processing file /home/airflow/.local/lib/python3.8/site-packages/airflow/example_dags/example_task_group_decorator.py for tasks to queue
[2022-05-18 23:47:19,757] {logging_mixin.py:109} INFO - [2022-05-18 23:47:19,757] {dagbag.py:500} INFO - Filling up the DagBag from /home/airflow/.local/lib/python3.8/site-packages/airflow/example_dags/example_task_group_decorator.py
[2022-05-18 23:47:19,842] {processor.py:654} INFO - DAG(s) dict_keys(['example_task_group_decorator']) retrieved from /home/airflow/.local/lib/python3.8/site-packages/airflow/example_dags/example_task_group_decorator.py
[2022-05-18 23:47:20,127] {logging_mixin.py:109} INFO - [2022-05-18 23:47:20,127] {dag.py:2398} INFO - Sync 1 DAGs
[2022-05-18 23:47:20,144] {logging_mixin.py:109} INFO - [2022-05-18 23:47:20,144] {dag.py:2937} INFO - Setting next_dagrun for example_task_group_decorator to 2022-05-17T23:47:20.144317+00:00
[2022-05-18 23:47:20,159] {processor.py:171} INFO - Processing /home/airflow/.local/lib/python3.8/site-packages/airflow/example_dags/example_task_group_decorator.py took 0.408 seconds
[2022-05-18 23:47:50,251] {processor.py:163} INFO - Started process (PID=3925) to work on /home/airflow/.local/lib/python3.8/site-packages/airflow/example_dags/example_task_group_decorator.py
[2022-05-18 23:47:50,252] {processor.py:642} INFO - Processing file /home/airflow/.local/lib/python3.8/site-packages/airflow/example_dags/example_task_group_decorator.py for tasks to queue
[2022-05-18 23:47:50,252] {logging_mixin.py:109} INFO - [2022-05-18 23:47:50,252] {dagbag.py:500} INFO - Filling up the DagBag from /home/airflow/.local/lib/python3.8/site-packages/airflow/example_dags/example_task_group_decorator.py
[2022-05-18 23:47:50,293] {processor.py:654} INFO - DAG(s) dict_keys(['example_task_group_decorator']) retrieved from /home/airflow/.local/lib/python3.8/site-packages/airflow/example_dags/example_task_group_decorator.py
[2022-05-18 23:47:50,633] {logging_mixin.py:109} INFO - [2022-05-18 23:47:50,633] {dag.py:2398} INFO - Sync 1 DAGs
[2022-05-18 23:47:50,652] {logging_mixin.py:109} INFO - [2022-05-18 23:47:50,651] {dag.py:2937} INFO - Setting next_dagrun for example_task_group_decorator to 2022-05-17T23:47:50.651690+00:00
[2022-05-18 23:47:50,682] {processor.py:171} INFO - Processing /home/airflow/.local/lib/python3.8/site-packages/airflow/example_dags/example_task_group_decorator.py took 0.433 seconds
[2022-05-18 23:48:20,849] {processor.py:163} INFO - Started process (PID=4028) to work on /home/airflow/.local/lib/python3.8/site-packages/airflow/example_dags/example_task_group_decorator.py
[2022-05-18 23:48:20,851] {processor.py:642} INFO - Processing file /home/airflow/.local/lib/python3.8/site-packages/airflow/example_dags/example_task_group_decorator.py for tasks to queue
[2022-05-18 23:48:20,852] {logging_mixin.py:109} INFO - [2022-05-18 23:48:20,852] {dagbag.py:500} INFO - Filling up the DagBag from /home/airflow/.local/lib/python3.8/site-packages/airflow/example_dags/example_task_group_decorator.py
[2022-05-18 23:48:20,899] {processor.py:654} INFO - DAG(s) dict_keys(['example_task_group_decorator']) retrieved from /home/airflow/.local/lib/python3.8/site-packages/airflow/example_dags/example_task_group_decorator.py
[2022-05-18 23:48:21,229] {logging_mixin.py:109} INFO - [2022-05-18 23:48:21,229] {dag.py:2398} INFO - Sync 1 DAGs
[2022-05-18 23:48:21,243] {logging_mixin.py:109} INFO - [2022-05-18 23:48:21,243] {dag.py:2937} INFO - Setting next_dagrun for example_task_group_decorator to 2022-05-17T23:48:21.243178+00:00
[2022-05-18 23:48:21,254] {processor.py:171} INFO - Processing /home/airflow/.local/lib/python3.8/site-packages/airflow/example_dags/example_task_group_decorator.py took 0.407 seconds
[2022-05-18 23:48:51,525] {processor.py:163} INFO - Started process (PID=4114) to work on /home/airflow/.local/lib/python3.8/site-packages/airflow/example_dags/example_task_group_decorator.py
[2022-05-18 23:48:51,526] {processor.py:642} INFO - Processing file /home/airflow/.local/lib/python3.8/site-packages/airflow/example_dags/example_task_group_decorator.py for tasks to queue
[2022-05-18 23:48:51,527] {logging_mixin.py:109} INFO - [2022-05-18 23:48:51,527] {dagbag.py:500} INFO - Filling up the DagBag from /home/airflow/.local/lib/python3.8/site-packages/airflow/example_dags/example_task_group_decorator.py
[2022-05-18 23:48:51,581] {processor.py:654} INFO - DAG(s) dict_keys(['example_task_group_decorator']) retrieved from /home/airflow/.local/lib/python3.8/site-packages/airflow/example_dags/example_task_group_decorator.py
[2022-05-18 23:48:52,003] {logging_mixin.py:109} INFO - [2022-05-18 23:48:52,003] {dag.py:2398} INFO - Sync 1 DAGs
[2022-05-18 23:48:52,018] {logging_mixin.py:109} INFO - [2022-05-18 23:48:52,018] {dag.py:2937} INFO - Setting next_dagrun for example_task_group_decorator to 2022-05-17T23:48:52.018345+00:00
[2022-05-18 23:48:52,034] {processor.py:171} INFO - Processing /home/airflow/.local/lib/python3.8/site-packages/airflow/example_dags/example_task_group_decorator.py took 0.511 seconds
[2022-05-18 23:49:22,606] {processor.py:163} INFO - Started process (PID=4206) to work on /home/airflow/.local/lib/python3.8/site-packages/airflow/example_dags/example_task_group_decorator.py
[2022-05-18 23:49:22,607] {processor.py:642} INFO - Processing file /home/airflow/.local/lib/python3.8/site-packages/airflow/example_dags/example_task_group_decorator.py for tasks to queue
[2022-05-18 23:49:22,608] {logging_mixin.py:109} INFO - [2022-05-18 23:49:22,608] {dagbag.py:500} INFO - Filling up the DagBag from /home/airflow/.local/lib/python3.8/site-packages/airflow/example_dags/example_task_group_decorator.py
[2022-05-18 23:49:22,649] {processor.py:654} INFO - DAG(s) dict_keys(['example_task_group_decorator']) retrieved from /home/airflow/.local/lib/python3.8/site-packages/airflow/example_dags/example_task_group_decorator.py
[2022-05-18 23:49:22,923] {logging_mixin.py:109} INFO - [2022-05-18 23:49:22,922] {dag.py:2398} INFO - Sync 1 DAGs
[2022-05-18 23:49:22,935] {logging_mixin.py:109} INFO - [2022-05-18 23:49:22,935] {dag.py:2937} INFO - Setting next_dagrun for example_task_group_decorator to 2022-05-17T23:49:22.935061+00:00
[2022-05-18 23:49:22,945] {processor.py:171} INFO - Processing /home/airflow/.local/lib/python3.8/site-packages/airflow/example_dags/example_task_group_decorator.py took 0.341 seconds
[2022-05-18 23:49:53,298] {processor.py:163} INFO - Started process (PID=4290) to work on /home/airflow/.local/lib/python3.8/site-packages/airflow/example_dags/example_task_group_decorator.py
[2022-05-18 23:49:53,298] {processor.py:642} INFO - Processing file /home/airflow/.local/lib/python3.8/site-packages/airflow/example_dags/example_task_group_decorator.py for tasks to queue
[2022-05-18 23:49:53,299] {logging_mixin.py:109} INFO - [2022-05-18 23:49:53,299] {dagbag.py:500} INFO - Filling up the DagBag from /home/airflow/.local/lib/python3.8/site-packages/airflow/example_dags/example_task_group_decorator.py
[2022-05-18 23:49:53,342] {processor.py:654} INFO - DAG(s) dict_keys(['example_task_group_decorator']) retrieved from /home/airflow/.local/lib/python3.8/site-packages/airflow/example_dags/example_task_group_decorator.py
[2022-05-18 23:49:53,651] {logging_mixin.py:109} INFO - [2022-05-18 23:49:53,651] {dag.py:2398} INFO - Sync 1 DAGs
[2022-05-18 23:49:53,669] {logging_mixin.py:109} INFO - [2022-05-18 23:49:53,669] {dag.py:2937} INFO - Setting next_dagrun for example_task_group_decorator to 2022-05-17T23:49:53.669455+00:00
[2022-05-18 23:49:53,688] {processor.py:171} INFO - Processing /home/airflow/.local/lib/python3.8/site-packages/airflow/example_dags/example_task_group_decorator.py took 0.393 seconds
[2022-05-18 23:50:24,061] {processor.py:163} INFO - Started process (PID=4393) to work on /home/airflow/.local/lib/python3.8/site-packages/airflow/example_dags/example_task_group_decorator.py
[2022-05-18 23:50:24,063] {processor.py:642} INFO - Processing file /home/airflow/.local/lib/python3.8/site-packages/airflow/example_dags/example_task_group_decorator.py for tasks to queue
[2022-05-18 23:50:24,063] {logging_mixin.py:109} INFO - [2022-05-18 23:50:24,063] {dagbag.py:500} INFO - Filling up the DagBag from /home/airflow/.local/lib/python3.8/site-packages/airflow/example_dags/example_task_group_decorator.py
[2022-05-18 23:50:24,127] {processor.py:654} INFO - DAG(s) dict_keys(['example_task_group_decorator']) retrieved from /home/airflow/.local/lib/python3.8/site-packages/airflow/example_dags/example_task_group_decorator.py
[2022-05-18 23:50:24,581] {logging_mixin.py:109} INFO - [2022-05-18 23:50:24,581] {dag.py:2398} INFO - Sync 1 DAGs
[2022-05-18 23:50:24,600] {logging_mixin.py:109} INFO - [2022-05-18 23:50:24,600] {dag.py:2937} INFO - Setting next_dagrun for example_task_group_decorator to 2022-05-17T23:50:24.600392+00:00
[2022-05-18 23:50:24,623] {processor.py:171} INFO - Processing /home/airflow/.local/lib/python3.8/site-packages/airflow/example_dags/example_task_group_decorator.py took 0.564 seconds
[2022-05-18 23:50:55,433] {processor.py:163} INFO - Started process (PID=4486) to work on /home/airflow/.local/lib/python3.8/site-packages/airflow/example_dags/example_task_group_decorator.py
[2022-05-18 23:50:55,434] {processor.py:642} INFO - Processing file /home/airflow/.local/lib/python3.8/site-packages/airflow/example_dags/example_task_group_decorator.py for tasks to queue
[2022-05-18 23:50:55,434] {logging_mixin.py:109} INFO - [2022-05-18 23:50:55,434] {dagbag.py:500} INFO - Filling up the DagBag from /home/airflow/.local/lib/python3.8/site-packages/airflow/example_dags/example_task_group_decorator.py
[2022-05-18 23:50:55,492] {processor.py:654} INFO - DAG(s) dict_keys(['example_task_group_decorator']) retrieved from /home/airflow/.local/lib/python3.8/site-packages/airflow/example_dags/example_task_group_decorator.py
[2022-05-18 23:50:55,996] {logging_mixin.py:109} INFO - [2022-05-18 23:50:55,995] {dag.py:2398} INFO - Sync 1 DAGs
[2022-05-18 23:50:56,011] {logging_mixin.py:109} INFO - [2022-05-18 23:50:56,011] {dag.py:2937} INFO - Setting next_dagrun for example_task_group_decorator to 2022-05-17T23:50:56.011288+00:00
[2022-05-18 23:50:56,026] {processor.py:171} INFO - Processing /home/airflow/.local/lib/python3.8/site-packages/airflow/example_dags/example_task_group_decorator.py took 0.597 seconds
[2022-05-18 23:51:26,728] {processor.py:163} INFO - Started process (PID=4571) to work on /home/airflow/.local/lib/python3.8/site-packages/airflow/example_dags/example_task_group_decorator.py
[2022-05-18 23:51:26,729] {processor.py:642} INFO - Processing file /home/airflow/.local/lib/python3.8/site-packages/airflow/example_dags/example_task_group_decorator.py for tasks to queue
[2022-05-18 23:51:26,730] {logging_mixin.py:109} INFO - [2022-05-18 23:51:26,730] {dagbag.py:500} INFO - Filling up the DagBag from /home/airflow/.local/lib/python3.8/site-packages/airflow/example_dags/example_task_group_decorator.py
[2022-05-18 23:51:26,799] {processor.py:654} INFO - DAG(s) dict_keys(['example_task_group_decorator']) retrieved from /home/airflow/.local/lib/python3.8/site-packages/airflow/example_dags/example_task_group_decorator.py
[2022-05-18 23:51:27,086] {logging_mixin.py:109} INFO - [2022-05-18 23:51:27,086] {dag.py:2398} INFO - Sync 1 DAGs
[2022-05-18 23:51:27,100] {logging_mixin.py:109} INFO - [2022-05-18 23:51:27,100] {dag.py:2937} INFO - Setting next_dagrun for example_task_group_decorator to 2022-05-17T23:51:27.100249+00:00
[2022-05-18 23:51:27,112] {processor.py:171} INFO - Processing /home/airflow/.local/lib/python3.8/site-packages/airflow/example_dags/example_task_group_decorator.py took 0.386 seconds
[2022-05-18 23:51:57,370] {processor.py:163} INFO - Started process (PID=4666) to work on /home/airflow/.local/lib/python3.8/site-packages/airflow/example_dags/example_task_group_decorator.py
[2022-05-18 23:51:57,372] {processor.py:642} INFO - Processing file /home/airflow/.local/lib/python3.8/site-packages/airflow/example_dags/example_task_group_decorator.py for tasks to queue
[2022-05-18 23:51:57,373] {logging_mixin.py:109} INFO - [2022-05-18 23:51:57,373] {dagbag.py:500} INFO - Filling up the DagBag from /home/airflow/.local/lib/python3.8/site-packages/airflow/example_dags/example_task_group_decorator.py
[2022-05-18 23:51:57,538] {processor.py:654} INFO - DAG(s) dict_keys(['example_task_group_decorator']) retrieved from /home/airflow/.local/lib/python3.8/site-packages/airflow/example_dags/example_task_group_decorator.py
[2022-05-18 23:51:57,922] {logging_mixin.py:109} INFO - [2022-05-18 23:51:57,922] {dag.py:2398} INFO - Sync 1 DAGs
[2022-05-18 23:51:57,935] {logging_mixin.py:109} INFO - [2022-05-18 23:51:57,935] {dag.py:2937} INFO - Setting next_dagrun for example_task_group_decorator to 2022-05-17T23:51:57.935373+00:00
[2022-05-18 23:51:57,949] {processor.py:171} INFO - Processing /home/airflow/.local/lib/python3.8/site-packages/airflow/example_dags/example_task_group_decorator.py took 0.582 seconds
[2022-05-18 23:52:28,316] {processor.py:163} INFO - Started process (PID=4752) to work on /home/airflow/.local/lib/python3.8/site-packages/airflow/example_dags/example_task_group_decorator.py
[2022-05-18 23:52:28,318] {processor.py:642} INFO - Processing file /home/airflow/.local/lib/python3.8/site-packages/airflow/example_dags/example_task_group_decorator.py for tasks to queue
[2022-05-18 23:52:28,319] {logging_mixin.py:109} INFO - [2022-05-18 23:52:28,318] {dagbag.py:500} INFO - Filling up the DagBag from /home/airflow/.local/lib/python3.8/site-packages/airflow/example_dags/example_task_group_decorator.py
[2022-05-18 23:52:28,355] {processor.py:654} INFO - DAG(s) dict_keys(['example_task_group_decorator']) retrieved from /home/airflow/.local/lib/python3.8/site-packages/airflow/example_dags/example_task_group_decorator.py
[2022-05-18 23:52:28,690] {logging_mixin.py:109} INFO - [2022-05-18 23:52:28,690] {dag.py:2398} INFO - Sync 1 DAGs
[2022-05-18 23:52:28,710] {logging_mixin.py:109} INFO - [2022-05-18 23:52:28,710] {dag.py:2937} INFO - Setting next_dagrun for example_task_group_decorator to 2022-05-17T23:52:28.709843+00:00
[2022-05-18 23:52:28,726] {processor.py:171} INFO - Processing /home/airflow/.local/lib/python3.8/site-packages/airflow/example_dags/example_task_group_decorator.py took 0.411 seconds
[2022-05-18 23:52:58,988] {processor.py:163} INFO - Started process (PID=4838) to work on /home/airflow/.local/lib/python3.8/site-packages/airflow/example_dags/example_task_group_decorator.py
[2022-05-18 23:52:58,989] {processor.py:642} INFO - Processing file /home/airflow/.local/lib/python3.8/site-packages/airflow/example_dags/example_task_group_decorator.py for tasks to queue
[2022-05-18 23:52:58,989] {logging_mixin.py:109} INFO - [2022-05-18 23:52:58,989] {dagbag.py:500} INFO - Filling up the DagBag from /home/airflow/.local/lib/python3.8/site-packages/airflow/example_dags/example_task_group_decorator.py
[2022-05-18 23:52:59,025] {processor.py:654} INFO - DAG(s) dict_keys(['example_task_group_decorator']) retrieved from /home/airflow/.local/lib/python3.8/site-packages/airflow/example_dags/example_task_group_decorator.py
[2022-05-18 23:52:59,264] {logging_mixin.py:109} INFO - [2022-05-18 23:52:59,264] {dag.py:2398} INFO - Sync 1 DAGs
[2022-05-18 23:52:59,279] {logging_mixin.py:109} INFO - [2022-05-18 23:52:59,279] {dag.py:2937} INFO - Setting next_dagrun for example_task_group_decorator to 2022-05-17T23:52:59.279405+00:00
[2022-05-18 23:52:59,291] {processor.py:171} INFO - Processing /home/airflow/.local/lib/python3.8/site-packages/airflow/example_dags/example_task_group_decorator.py took 0.305 seconds
[2022-05-18 23:53:30,152] {processor.py:163} INFO - Started process (PID=4931) to work on /home/airflow/.local/lib/python3.8/site-packages/airflow/example_dags/example_task_group_decorator.py
[2022-05-18 23:53:30,160] {processor.py:642} INFO - Processing file /home/airflow/.local/lib/python3.8/site-packages/airflow/example_dags/example_task_group_decorator.py for tasks to queue
[2022-05-18 23:53:30,161] {logging_mixin.py:109} INFO - [2022-05-18 23:53:30,161] {dagbag.py:500} INFO - Filling up the DagBag from /home/airflow/.local/lib/python3.8/site-packages/airflow/example_dags/example_task_group_decorator.py
[2022-05-18 23:53:30,241] {processor.py:654} INFO - DAG(s) dict_keys(['example_task_group_decorator']) retrieved from /home/airflow/.local/lib/python3.8/site-packages/airflow/example_dags/example_task_group_decorator.py
[2022-05-18 23:53:30,524] {logging_mixin.py:109} INFO - [2022-05-18 23:53:30,524] {dag.py:2398} INFO - Sync 1 DAGs
[2022-05-18 23:53:30,536] {logging_mixin.py:109} INFO - [2022-05-18 23:53:30,536] {dag.py:2937} INFO - Setting next_dagrun for example_task_group_decorator to 2022-05-17T23:53:30.536347+00:00
[2022-05-18 23:53:30,552] {processor.py:171} INFO - Processing /home/airflow/.local/lib/python3.8/site-packages/airflow/example_dags/example_task_group_decorator.py took 0.404 seconds
[2022-05-18 23:54:00,687] {processor.py:163} INFO - Started process (PID=5017) to work on /home/airflow/.local/lib/python3.8/site-packages/airflow/example_dags/example_task_group_decorator.py
[2022-05-18 23:54:00,688] {processor.py:642} INFO - Processing file /home/airflow/.local/lib/python3.8/site-packages/airflow/example_dags/example_task_group_decorator.py for tasks to queue
[2022-05-18 23:54:00,689] {logging_mixin.py:109} INFO - [2022-05-18 23:54:00,689] {dagbag.py:500} INFO - Filling up the DagBag from /home/airflow/.local/lib/python3.8/site-packages/airflow/example_dags/example_task_group_decorator.py
[2022-05-18 23:54:00,731] {processor.py:654} INFO - DAG(s) dict_keys(['example_task_group_decorator']) retrieved from /home/airflow/.local/lib/python3.8/site-packages/airflow/example_dags/example_task_group_decorator.py
[2022-05-18 23:54:01,008] {logging_mixin.py:109} INFO - [2022-05-18 23:54:01,008] {dag.py:2398} INFO - Sync 1 DAGs
[2022-05-18 23:54:01,038] {logging_mixin.py:109} INFO - [2022-05-18 23:54:01,038] {dag.py:2937} INFO - Setting next_dagrun for example_task_group_decorator to 2022-05-17T23:54:01.037749+00:00
[2022-05-18 23:54:01,060] {processor.py:171} INFO - Processing /home/airflow/.local/lib/python3.8/site-packages/airflow/example_dags/example_task_group_decorator.py took 0.375 seconds
[2022-05-18 23:54:32,728] {processor.py:163} INFO - Started process (PID=5110) to work on /home/airflow/.local/lib/python3.8/site-packages/airflow/example_dags/example_task_group_decorator.py
[2022-05-18 23:54:32,729] {processor.py:642} INFO - Processing file /home/airflow/.local/lib/python3.8/site-packages/airflow/example_dags/example_task_group_decorator.py for tasks to queue
[2022-05-18 23:54:32,730] {logging_mixin.py:109} INFO - [2022-05-18 23:54:32,730] {dagbag.py:500} INFO - Filling up the DagBag from /home/airflow/.local/lib/python3.8/site-packages/airflow/example_dags/example_task_group_decorator.py
[2022-05-18 23:54:32,773] {processor.py:654} INFO - DAG(s) dict_keys(['example_task_group_decorator']) retrieved from /home/airflow/.local/lib/python3.8/site-packages/airflow/example_dags/example_task_group_decorator.py
[2022-05-18 23:54:33,056] {logging_mixin.py:109} INFO - [2022-05-18 23:54:33,056] {dag.py:2398} INFO - Sync 1 DAGs
[2022-05-18 23:54:33,069] {logging_mixin.py:109} INFO - [2022-05-18 23:54:33,069] {dag.py:2937} INFO - Setting next_dagrun for example_task_group_decorator to 2022-05-17T23:54:33.068789+00:00
[2022-05-18 23:54:33,081] {processor.py:171} INFO - Processing /home/airflow/.local/lib/python3.8/site-packages/airflow/example_dags/example_task_group_decorator.py took 0.355 seconds
[2022-05-18 23:55:04,540] {processor.py:163} INFO - Started process (PID=5196) to work on /home/airflow/.local/lib/python3.8/site-packages/airflow/example_dags/example_task_group_decorator.py
[2022-05-18 23:55:04,541] {processor.py:642} INFO - Processing file /home/airflow/.local/lib/python3.8/site-packages/airflow/example_dags/example_task_group_decorator.py for tasks to queue
[2022-05-18 23:55:04,541] {logging_mixin.py:109} INFO - [2022-05-18 23:55:04,541] {dagbag.py:500} INFO - Filling up the DagBag from /home/airflow/.local/lib/python3.8/site-packages/airflow/example_dags/example_task_group_decorator.py
[2022-05-18 23:55:04,581] {processor.py:654} INFO - DAG(s) dict_keys(['example_task_group_decorator']) retrieved from /home/airflow/.local/lib/python3.8/site-packages/airflow/example_dags/example_task_group_decorator.py
[2022-05-18 23:55:04,862] {logging_mixin.py:109} INFO - [2022-05-18 23:55:04,862] {dag.py:2398} INFO - Sync 1 DAGs
[2022-05-18 23:55:04,886] {logging_mixin.py:109} INFO - [2022-05-18 23:55:04,886] {dag.py:2937} INFO - Setting next_dagrun for example_task_group_decorator to 2022-05-17T23:55:04.886261+00:00
[2022-05-18 23:55:04,906] {processor.py:171} INFO - Processing /home/airflow/.local/lib/python3.8/site-packages/airflow/example_dags/example_task_group_decorator.py took 0.368 seconds
[2022-05-18 23:55:36,516] {processor.py:163} INFO - Started process (PID=5280) to work on /home/airflow/.local/lib/python3.8/site-packages/airflow/example_dags/example_task_group_decorator.py
[2022-05-18 23:55:36,517] {processor.py:642} INFO - Processing file /home/airflow/.local/lib/python3.8/site-packages/airflow/example_dags/example_task_group_decorator.py for tasks to queue
[2022-05-18 23:55:36,517] {logging_mixin.py:109} INFO - [2022-05-18 23:55:36,517] {dagbag.py:500} INFO - Filling up the DagBag from /home/airflow/.local/lib/python3.8/site-packages/airflow/example_dags/example_task_group_decorator.py
[2022-05-18 23:55:36,556] {processor.py:654} INFO - DAG(s) dict_keys(['example_task_group_decorator']) retrieved from /home/airflow/.local/lib/python3.8/site-packages/airflow/example_dags/example_task_group_decorator.py
[2022-05-18 23:55:36,879] {logging_mixin.py:109} INFO - [2022-05-18 23:55:36,879] {dag.py:2398} INFO - Sync 1 DAGs
[2022-05-18 23:55:36,894] {logging_mixin.py:109} INFO - [2022-05-18 23:55:36,894] {dag.py:2937} INFO - Setting next_dagrun for example_task_group_decorator to 2022-05-17T23:55:36.893832+00:00
[2022-05-18 23:55:36,906] {processor.py:171} INFO - Processing /home/airflow/.local/lib/python3.8/site-packages/airflow/example_dags/example_task_group_decorator.py took 0.392 seconds
[2022-05-18 23:56:08,185] {processor.py:163} INFO - Started process (PID=5372) to work on /home/airflow/.local/lib/python3.8/site-packages/airflow/example_dags/example_task_group_decorator.py
[2022-05-18 23:56:08,187] {processor.py:642} INFO - Processing file /home/airflow/.local/lib/python3.8/site-packages/airflow/example_dags/example_task_group_decorator.py for tasks to queue
[2022-05-18 23:56:08,187] {logging_mixin.py:109} INFO - [2022-05-18 23:56:08,187] {dagbag.py:500} INFO - Filling up the DagBag from /home/airflow/.local/lib/python3.8/site-packages/airflow/example_dags/example_task_group_decorator.py
[2022-05-18 23:56:08,224] {processor.py:654} INFO - DAG(s) dict_keys(['example_task_group_decorator']) retrieved from /home/airflow/.local/lib/python3.8/site-packages/airflow/example_dags/example_task_group_decorator.py
[2022-05-18 23:56:08,496] {logging_mixin.py:109} INFO - [2022-05-18 23:56:08,496] {dag.py:2398} INFO - Sync 1 DAGs
[2022-05-18 23:56:08,509] {logging_mixin.py:109} INFO - [2022-05-18 23:56:08,509] {dag.py:2937} INFO - Setting next_dagrun for example_task_group_decorator to 2022-05-17T23:56:08.509366+00:00
[2022-05-18 23:56:08,530] {processor.py:171} INFO - Processing /home/airflow/.local/lib/python3.8/site-packages/airflow/example_dags/example_task_group_decorator.py took 0.347 seconds
[2022-05-18 23:56:39,713] {processor.py:163} INFO - Started process (PID=5457) to work on /home/airflow/.local/lib/python3.8/site-packages/airflow/example_dags/example_task_group_decorator.py
[2022-05-18 23:56:39,715] {processor.py:642} INFO - Processing file /home/airflow/.local/lib/python3.8/site-packages/airflow/example_dags/example_task_group_decorator.py for tasks to queue
[2022-05-18 23:56:39,716] {logging_mixin.py:109} INFO - [2022-05-18 23:56:39,716] {dagbag.py:500} INFO - Filling up the DagBag from /home/airflow/.local/lib/python3.8/site-packages/airflow/example_dags/example_task_group_decorator.py
[2022-05-18 23:56:39,789] {processor.py:654} INFO - DAG(s) dict_keys(['example_task_group_decorator']) retrieved from /home/airflow/.local/lib/python3.8/site-packages/airflow/example_dags/example_task_group_decorator.py
[2022-05-18 23:56:40,089] {logging_mixin.py:109} INFO - [2022-05-18 23:56:40,088] {dag.py:2398} INFO - Sync 1 DAGs
[2022-05-18 23:56:40,108] {logging_mixin.py:109} INFO - [2022-05-18 23:56:40,108] {dag.py:2937} INFO - Setting next_dagrun for example_task_group_decorator to 2022-05-17T23:56:40.108004+00:00
[2022-05-18 23:56:40,123] {processor.py:171} INFO - Processing /home/airflow/.local/lib/python3.8/site-packages/airflow/example_dags/example_task_group_decorator.py took 0.412 seconds
[2022-05-18 23:57:11,581] {processor.py:163} INFO - Started process (PID=5551) to work on /home/airflow/.local/lib/python3.8/site-packages/airflow/example_dags/example_task_group_decorator.py
[2022-05-18 23:57:11,582] {processor.py:642} INFO - Processing file /home/airflow/.local/lib/python3.8/site-packages/airflow/example_dags/example_task_group_decorator.py for tasks to queue
[2022-05-18 23:57:11,583] {logging_mixin.py:109} INFO - [2022-05-18 23:57:11,583] {dagbag.py:500} INFO - Filling up the DagBag from /home/airflow/.local/lib/python3.8/site-packages/airflow/example_dags/example_task_group_decorator.py
[2022-05-18 23:57:11,629] {processor.py:654} INFO - DAG(s) dict_keys(['example_task_group_decorator']) retrieved from /home/airflow/.local/lib/python3.8/site-packages/airflow/example_dags/example_task_group_decorator.py
[2022-05-18 23:57:11,969] {logging_mixin.py:109} INFO - [2022-05-18 23:57:11,969] {dag.py:2398} INFO - Sync 1 DAGs
[2022-05-18 23:57:11,990] {logging_mixin.py:109} INFO - [2022-05-18 23:57:11,990] {dag.py:2937} INFO - Setting next_dagrun for example_task_group_decorator to 2022-05-17T23:57:11.990349+00:00
[2022-05-18 23:57:12,002] {processor.py:171} INFO - Processing /home/airflow/.local/lib/python3.8/site-packages/airflow/example_dags/example_task_group_decorator.py took 0.425 seconds
[2022-05-18 23:57:43,329] {processor.py:163} INFO - Started process (PID=5636) to work on /home/airflow/.local/lib/python3.8/site-packages/airflow/example_dags/example_task_group_decorator.py
[2022-05-18 23:57:43,330] {processor.py:642} INFO - Processing file /home/airflow/.local/lib/python3.8/site-packages/airflow/example_dags/example_task_group_decorator.py for tasks to queue
[2022-05-18 23:57:43,331] {logging_mixin.py:109} INFO - [2022-05-18 23:57:43,330] {dagbag.py:500} INFO - Filling up the DagBag from /home/airflow/.local/lib/python3.8/site-packages/airflow/example_dags/example_task_group_decorator.py
[2022-05-18 23:57:43,372] {processor.py:654} INFO - DAG(s) dict_keys(['example_task_group_decorator']) retrieved from /home/airflow/.local/lib/python3.8/site-packages/airflow/example_dags/example_task_group_decorator.py
[2022-05-18 23:57:43,655] {logging_mixin.py:109} INFO - [2022-05-18 23:57:43,654] {dag.py:2398} INFO - Sync 1 DAGs
[2022-05-18 23:57:43,670] {logging_mixin.py:109} INFO - [2022-05-18 23:57:43,670] {dag.py:2937} INFO - Setting next_dagrun for example_task_group_decorator to 2022-05-17T23:57:43.670156+00:00
[2022-05-18 23:57:43,684] {processor.py:171} INFO - Processing /home/airflow/.local/lib/python3.8/site-packages/airflow/example_dags/example_task_group_decorator.py took 0.358 seconds
[2022-05-18 23:58:14,704] {processor.py:163} INFO - Started process (PID=5729) to work on /home/airflow/.local/lib/python3.8/site-packages/airflow/example_dags/example_task_group_decorator.py
[2022-05-18 23:58:14,705] {processor.py:642} INFO - Processing file /home/airflow/.local/lib/python3.8/site-packages/airflow/example_dags/example_task_group_decorator.py for tasks to queue
[2022-05-18 23:58:14,705] {logging_mixin.py:109} INFO - [2022-05-18 23:58:14,705] {dagbag.py:500} INFO - Filling up the DagBag from /home/airflow/.local/lib/python3.8/site-packages/airflow/example_dags/example_task_group_decorator.py
[2022-05-18 23:58:14,743] {processor.py:654} INFO - DAG(s) dict_keys(['example_task_group_decorator']) retrieved from /home/airflow/.local/lib/python3.8/site-packages/airflow/example_dags/example_task_group_decorator.py
[2022-05-18 23:58:15,008] {logging_mixin.py:109} INFO - [2022-05-18 23:58:15,008] {dag.py:2398} INFO - Sync 1 DAGs
[2022-05-18 23:58:15,022] {logging_mixin.py:109} INFO - [2022-05-18 23:58:15,022] {dag.py:2937} INFO - Setting next_dagrun for example_task_group_decorator to 2022-05-17T23:58:15.021920+00:00
[2022-05-18 23:58:15,038] {processor.py:171} INFO - Processing /home/airflow/.local/lib/python3.8/site-packages/airflow/example_dags/example_task_group_decorator.py took 0.337 seconds
[2022-05-18 23:58:45,803] {processor.py:163} INFO - Started process (PID=5812) to work on /home/airflow/.local/lib/python3.8/site-packages/airflow/example_dags/example_task_group_decorator.py
[2022-05-18 23:58:45,804] {processor.py:642} INFO - Processing file /home/airflow/.local/lib/python3.8/site-packages/airflow/example_dags/example_task_group_decorator.py for tasks to queue
[2022-05-18 23:58:45,805] {logging_mixin.py:109} INFO - [2022-05-18 23:58:45,805] {dagbag.py:500} INFO - Filling up the DagBag from /home/airflow/.local/lib/python3.8/site-packages/airflow/example_dags/example_task_group_decorator.py
[2022-05-18 23:58:45,850] {processor.py:654} INFO - DAG(s) dict_keys(['example_task_group_decorator']) retrieved from /home/airflow/.local/lib/python3.8/site-packages/airflow/example_dags/example_task_group_decorator.py
[2022-05-18 23:58:46,119] {logging_mixin.py:109} INFO - [2022-05-18 23:58:46,119] {dag.py:2398} INFO - Sync 1 DAGs
[2022-05-18 23:58:46,132] {logging_mixin.py:109} INFO - [2022-05-18 23:58:46,132] {dag.py:2937} INFO - Setting next_dagrun for example_task_group_decorator to 2022-05-17T23:58:46.131940+00:00
[2022-05-18 23:58:46,151] {processor.py:171} INFO - Processing /home/airflow/.local/lib/python3.8/site-packages/airflow/example_dags/example_task_group_decorator.py took 0.350 seconds
[2022-05-18 23:59:16,736] {processor.py:163} INFO - Started process (PID=5899) to work on /home/airflow/.local/lib/python3.8/site-packages/airflow/example_dags/example_task_group_decorator.py
[2022-05-18 23:59:16,738] {processor.py:642} INFO - Processing file /home/airflow/.local/lib/python3.8/site-packages/airflow/example_dags/example_task_group_decorator.py for tasks to queue
[2022-05-18 23:59:16,739] {logging_mixin.py:109} INFO - [2022-05-18 23:59:16,739] {dagbag.py:500} INFO - Filling up the DagBag from /home/airflow/.local/lib/python3.8/site-packages/airflow/example_dags/example_task_group_decorator.py
[2022-05-18 23:59:16,802] {processor.py:654} INFO - DAG(s) dict_keys(['example_task_group_decorator']) retrieved from /home/airflow/.local/lib/python3.8/site-packages/airflow/example_dags/example_task_group_decorator.py
[2022-05-18 23:59:17,314] {logging_mixin.py:109} INFO - [2022-05-18 23:59:17,313] {dag.py:2398} INFO - Sync 1 DAGs
[2022-05-18 23:59:17,333] {logging_mixin.py:109} INFO - [2022-05-18 23:59:17,332] {dag.py:2937} INFO - Setting next_dagrun for example_task_group_decorator to 2022-05-17T23:59:17.332670+00:00
[2022-05-18 23:59:17,355] {processor.py:171} INFO - Processing /home/airflow/.local/lib/python3.8/site-packages/airflow/example_dags/example_task_group_decorator.py took 0.622 seconds
[2022-05-18 23:59:47,375] {processor.py:163} INFO - Started process (PID=5993) to work on /home/airflow/.local/lib/python3.8/site-packages/airflow/example_dags/example_task_group_decorator.py
[2022-05-18 23:59:47,375] {processor.py:642} INFO - Processing file /home/airflow/.local/lib/python3.8/site-packages/airflow/example_dags/example_task_group_decorator.py for tasks to queue
[2022-05-18 23:59:47,376] {logging_mixin.py:109} INFO - [2022-05-18 23:59:47,376] {dagbag.py:500} INFO - Filling up the DagBag from /home/airflow/.local/lib/python3.8/site-packages/airflow/example_dags/example_task_group_decorator.py
[2022-05-18 23:59:47,421] {processor.py:654} INFO - DAG(s) dict_keys(['example_task_group_decorator']) retrieved from /home/airflow/.local/lib/python3.8/site-packages/airflow/example_dags/example_task_group_decorator.py
[2022-05-18 23:59:47,677] {logging_mixin.py:109} INFO - [2022-05-18 23:59:47,677] {dag.py:2398} INFO - Sync 1 DAGs
[2022-05-18 23:59:47,692] {logging_mixin.py:109} INFO - [2022-05-18 23:59:47,691] {dag.py:2937} INFO - Setting next_dagrun for example_task_group_decorator to 2022-05-17T23:59:47.691579+00:00
[2022-05-18 23:59:47,711] {processor.py:171} INFO - Processing /home/airflow/.local/lib/python3.8/site-packages/airflow/example_dags/example_task_group_decorator.py took 0.338 seconds
