[2022-05-18 23:24:26,277] {processor.py:163} INFO - Started process (PID=71) to work on /home/airflow/.local/lib/python3.8/site-packages/airflow/example_dags/example_sla_dag.py
[2022-05-18 23:24:26,278] {processor.py:642} INFO - Processing file /home/airflow/.local/lib/python3.8/site-packages/airflow/example_dags/example_sla_dag.py for tasks to queue
[2022-05-18 23:24:26,279] {logging_mixin.py:109} INFO - [2022-05-18 23:24:26,278] {dagbag.py:500} INFO - Filling up the DagBag from /home/airflow/.local/lib/python3.8/site-packages/airflow/example_dags/example_sla_dag.py
[2022-05-18 23:24:26,328] {processor.py:654} INFO - DAG(s) dict_keys(['example_sla_dag']) retrieved from /home/airflow/.local/lib/python3.8/site-packages/airflow/example_dags/example_sla_dag.py
[2022-05-18 23:24:26,340] {logging_mixin.py:109} INFO - [2022-05-18 23:24:26,340] {dag.py:2398} INFO - Sync 1 DAGs
[2022-05-18 23:24:26,368] {logging_mixin.py:109} INFO - [2022-05-18 23:24:26,367] {dag.py:2937} INFO - Setting next_dagrun for example_sla_dag to 2022-05-18T23:22:00+00:00
[2022-05-18 23:24:26,382] {processor.py:171} INFO - Processing /home/airflow/.local/lib/python3.8/site-packages/airflow/example_dags/example_sla_dag.py took 0.108 seconds
[2022-05-18 23:25:10,806] {processor.py:163} INFO - Started process (PID=153) to work on /home/airflow/.local/lib/python3.8/site-packages/airflow/example_dags/example_sla_dag.py
[2022-05-18 23:25:10,809] {processor.py:642} INFO - Processing file /home/airflow/.local/lib/python3.8/site-packages/airflow/example_dags/example_sla_dag.py for tasks to queue
[2022-05-18 23:25:10,810] {logging_mixin.py:109} INFO - [2022-05-18 23:25:10,810] {dagbag.py:500} INFO - Filling up the DagBag from /home/airflow/.local/lib/python3.8/site-packages/airflow/example_dags/example_sla_dag.py
[2022-05-18 23:25:10,862] {processor.py:654} INFO - DAG(s) dict_keys(['example_sla_dag']) retrieved from /home/airflow/.local/lib/python3.8/site-packages/airflow/example_dags/example_sla_dag.py
[2022-05-18 23:25:10,876] {logging_mixin.py:109} INFO - [2022-05-18 23:25:10,876] {dag.py:2398} INFO - Sync 1 DAGs
[2022-05-18 23:25:10,908] {logging_mixin.py:109} INFO - [2022-05-18 23:25:10,908] {dag.py:2937} INFO - Setting next_dagrun for example_sla_dag to 2022-05-18T23:22:00+00:00
[2022-05-18 23:25:10,921] {processor.py:171} INFO - Processing /home/airflow/.local/lib/python3.8/site-packages/airflow/example_dags/example_sla_dag.py took 0.122 seconds
[2022-05-18 23:25:41,811] {processor.py:163} INFO - Started process (PID=220) to work on /home/airflow/.local/lib/python3.8/site-packages/airflow/example_dags/example_sla_dag.py
[2022-05-18 23:25:41,812] {processor.py:642} INFO - Processing file /home/airflow/.local/lib/python3.8/site-packages/airflow/example_dags/example_sla_dag.py for tasks to queue
[2022-05-18 23:25:41,812] {logging_mixin.py:109} INFO - [2022-05-18 23:25:41,812] {dagbag.py:500} INFO - Filling up the DagBag from /home/airflow/.local/lib/python3.8/site-packages/airflow/example_dags/example_sla_dag.py
[2022-05-18 23:25:41,837] {processor.py:654} INFO - DAG(s) dict_keys(['example_sla_dag']) retrieved from /home/airflow/.local/lib/python3.8/site-packages/airflow/example_dags/example_sla_dag.py
[2022-05-18 23:25:41,846] {logging_mixin.py:109} INFO - [2022-05-18 23:25:41,846] {dag.py:2398} INFO - Sync 1 DAGs
[2022-05-18 23:25:41,864] {logging_mixin.py:109} INFO - [2022-05-18 23:25:41,864] {dag.py:2937} INFO - Setting next_dagrun for example_sla_dag to 2022-05-18T23:22:00+00:00
[2022-05-18 23:25:41,873] {processor.py:171} INFO - Processing /home/airflow/.local/lib/python3.8/site-packages/airflow/example_dags/example_sla_dag.py took 0.064 seconds
[2022-05-18 23:26:11,937] {processor.py:163} INFO - Started process (PID=272) to work on /home/airflow/.local/lib/python3.8/site-packages/airflow/example_dags/example_sla_dag.py
[2022-05-18 23:26:11,938] {processor.py:642} INFO - Processing file /home/airflow/.local/lib/python3.8/site-packages/airflow/example_dags/example_sla_dag.py for tasks to queue
[2022-05-18 23:26:11,938] {logging_mixin.py:109} INFO - [2022-05-18 23:26:11,938] {dagbag.py:500} INFO - Filling up the DagBag from /home/airflow/.local/lib/python3.8/site-packages/airflow/example_dags/example_sla_dag.py
[2022-05-18 23:26:11,966] {processor.py:654} INFO - DAG(s) dict_keys(['example_sla_dag']) retrieved from /home/airflow/.local/lib/python3.8/site-packages/airflow/example_dags/example_sla_dag.py
[2022-05-18 23:26:11,974] {logging_mixin.py:109} INFO - [2022-05-18 23:26:11,974] {dag.py:2398} INFO - Sync 1 DAGs
[2022-05-18 23:26:11,991] {logging_mixin.py:109} INFO - [2022-05-18 23:26:11,991] {dag.py:2937} INFO - Setting next_dagrun for example_sla_dag to 2022-05-18T23:24:00+00:00
[2022-05-18 23:26:12,001] {processor.py:171} INFO - Processing /home/airflow/.local/lib/python3.8/site-packages/airflow/example_dags/example_sla_dag.py took 0.066 seconds
[2022-05-18 23:26:42,811] {processor.py:163} INFO - Started process (PID=348) to work on /home/airflow/.local/lib/python3.8/site-packages/airflow/example_dags/example_sla_dag.py
[2022-05-18 23:26:42,811] {processor.py:642} INFO - Processing file /home/airflow/.local/lib/python3.8/site-packages/airflow/example_dags/example_sla_dag.py for tasks to queue
[2022-05-18 23:26:42,812] {logging_mixin.py:109} INFO - [2022-05-18 23:26:42,812] {dagbag.py:500} INFO - Filling up the DagBag from /home/airflow/.local/lib/python3.8/site-packages/airflow/example_dags/example_sla_dag.py
[2022-05-18 23:26:42,841] {processor.py:654} INFO - DAG(s) dict_keys(['example_sla_dag']) retrieved from /home/airflow/.local/lib/python3.8/site-packages/airflow/example_dags/example_sla_dag.py
[2022-05-18 23:26:42,849] {logging_mixin.py:109} INFO - [2022-05-18 23:26:42,849] {dag.py:2398} INFO - Sync 1 DAGs
[2022-05-18 23:26:42,868] {logging_mixin.py:109} INFO - [2022-05-18 23:26:42,868] {dag.py:2937} INFO - Setting next_dagrun for example_sla_dag to 2022-05-18T23:24:00+00:00
[2022-05-18 23:26:42,878] {processor.py:171} INFO - Processing /home/airflow/.local/lib/python3.8/site-packages/airflow/example_dags/example_sla_dag.py took 0.069 seconds
[2022-05-18 23:27:13,112] {processor.py:163} INFO - Started process (PID=416) to work on /home/airflow/.local/lib/python3.8/site-packages/airflow/example_dags/example_sla_dag.py
[2022-05-18 23:27:13,113] {processor.py:642} INFO - Processing file /home/airflow/.local/lib/python3.8/site-packages/airflow/example_dags/example_sla_dag.py for tasks to queue
[2022-05-18 23:27:13,113] {logging_mixin.py:109} INFO - [2022-05-18 23:27:13,113] {dagbag.py:500} INFO - Filling up the DagBag from /home/airflow/.local/lib/python3.8/site-packages/airflow/example_dags/example_sla_dag.py
[2022-05-18 23:27:13,147] {processor.py:654} INFO - DAG(s) dict_keys(['example_sla_dag']) retrieved from /home/airflow/.local/lib/python3.8/site-packages/airflow/example_dags/example_sla_dag.py
[2022-05-18 23:27:13,157] {logging_mixin.py:109} INFO - [2022-05-18 23:27:13,157] {dag.py:2398} INFO - Sync 1 DAGs
[2022-05-18 23:27:13,176] {logging_mixin.py:109} INFO - [2022-05-18 23:27:13,175] {dag.py:2937} INFO - Setting next_dagrun for example_sla_dag to 2022-05-18T23:24:00+00:00
[2022-05-18 23:27:13,185] {processor.py:171} INFO - Processing /home/airflow/.local/lib/python3.8/site-packages/airflow/example_dags/example_sla_dag.py took 0.076 seconds
[2022-05-18 23:27:43,234] {processor.py:163} INFO - Started process (PID=490) to work on /home/airflow/.local/lib/python3.8/site-packages/airflow/example_dags/example_sla_dag.py
[2022-05-18 23:27:43,235] {processor.py:642} INFO - Processing file /home/airflow/.local/lib/python3.8/site-packages/airflow/example_dags/example_sla_dag.py for tasks to queue
[2022-05-18 23:27:43,236] {logging_mixin.py:109} INFO - [2022-05-18 23:27:43,235] {dagbag.py:500} INFO - Filling up the DagBag from /home/airflow/.local/lib/python3.8/site-packages/airflow/example_dags/example_sla_dag.py
[2022-05-18 23:27:43,269] {processor.py:654} INFO - DAG(s) dict_keys(['example_sla_dag']) retrieved from /home/airflow/.local/lib/python3.8/site-packages/airflow/example_dags/example_sla_dag.py
[2022-05-18 23:27:43,277] {logging_mixin.py:109} INFO - [2022-05-18 23:27:43,277] {dag.py:2398} INFO - Sync 1 DAGs
[2022-05-18 23:27:43,294] {logging_mixin.py:109} INFO - [2022-05-18 23:27:43,294] {dag.py:2937} INFO - Setting next_dagrun for example_sla_dag to 2022-05-18T23:24:00+00:00
[2022-05-18 23:27:43,305] {processor.py:171} INFO - Processing /home/airflow/.local/lib/python3.8/site-packages/airflow/example_dags/example_sla_dag.py took 0.072 seconds
[2022-05-18 23:28:13,671] {processor.py:163} INFO - Started process (PID=558) to work on /home/airflow/.local/lib/python3.8/site-packages/airflow/example_dags/example_sla_dag.py
[2022-05-18 23:28:13,672] {processor.py:642} INFO - Processing file /home/airflow/.local/lib/python3.8/site-packages/airflow/example_dags/example_sla_dag.py for tasks to queue
[2022-05-18 23:28:13,673] {logging_mixin.py:109} INFO - [2022-05-18 23:28:13,673] {dagbag.py:500} INFO - Filling up the DagBag from /home/airflow/.local/lib/python3.8/site-packages/airflow/example_dags/example_sla_dag.py
[2022-05-18 23:28:13,701] {processor.py:654} INFO - DAG(s) dict_keys(['example_sla_dag']) retrieved from /home/airflow/.local/lib/python3.8/site-packages/airflow/example_dags/example_sla_dag.py
[2022-05-18 23:28:13,710] {logging_mixin.py:109} INFO - [2022-05-18 23:28:13,710] {dag.py:2398} INFO - Sync 1 DAGs
[2022-05-18 23:28:13,724] {logging_mixin.py:109} INFO - [2022-05-18 23:28:13,724] {dag.py:2937} INFO - Setting next_dagrun for example_sla_dag to 2022-05-18T23:26:00+00:00
[2022-05-18 23:28:13,734] {processor.py:171} INFO - Processing /home/airflow/.local/lib/python3.8/site-packages/airflow/example_dags/example_sla_dag.py took 0.064 seconds
[2022-05-18 23:28:44,032] {processor.py:163} INFO - Started process (PID=625) to work on /home/airflow/.local/lib/python3.8/site-packages/airflow/example_dags/example_sla_dag.py
[2022-05-18 23:28:44,033] {processor.py:642} INFO - Processing file /home/airflow/.local/lib/python3.8/site-packages/airflow/example_dags/example_sla_dag.py for tasks to queue
[2022-05-18 23:28:44,034] {logging_mixin.py:109} INFO - [2022-05-18 23:28:44,034] {dagbag.py:500} INFO - Filling up the DagBag from /home/airflow/.local/lib/python3.8/site-packages/airflow/example_dags/example_sla_dag.py
[2022-05-18 23:28:44,064] {processor.py:654} INFO - DAG(s) dict_keys(['example_sla_dag']) retrieved from /home/airflow/.local/lib/python3.8/site-packages/airflow/example_dags/example_sla_dag.py
[2022-05-18 23:28:44,071] {logging_mixin.py:109} INFO - [2022-05-18 23:28:44,071] {dag.py:2398} INFO - Sync 1 DAGs
[2022-05-18 23:28:44,087] {logging_mixin.py:109} INFO - [2022-05-18 23:28:44,087] {dag.py:2937} INFO - Setting next_dagrun for example_sla_dag to 2022-05-18T23:26:00+00:00
[2022-05-18 23:28:44,096] {processor.py:171} INFO - Processing /home/airflow/.local/lib/python3.8/site-packages/airflow/example_dags/example_sla_dag.py took 0.065 seconds
[2022-05-18 23:29:14,431] {processor.py:163} INFO - Started process (PID=700) to work on /home/airflow/.local/lib/python3.8/site-packages/airflow/example_dags/example_sla_dag.py
[2022-05-18 23:29:14,432] {processor.py:642} INFO - Processing file /home/airflow/.local/lib/python3.8/site-packages/airflow/example_dags/example_sla_dag.py for tasks to queue
[2022-05-18 23:29:14,433] {logging_mixin.py:109} INFO - [2022-05-18 23:29:14,433] {dagbag.py:500} INFO - Filling up the DagBag from /home/airflow/.local/lib/python3.8/site-packages/airflow/example_dags/example_sla_dag.py
[2022-05-18 23:29:14,463] {processor.py:654} INFO - DAG(s) dict_keys(['example_sla_dag']) retrieved from /home/airflow/.local/lib/python3.8/site-packages/airflow/example_dags/example_sla_dag.py
[2022-05-18 23:29:14,472] {logging_mixin.py:109} INFO - [2022-05-18 23:29:14,472] {dag.py:2398} INFO - Sync 1 DAGs
[2022-05-18 23:29:14,493] {logging_mixin.py:109} INFO - [2022-05-18 23:29:14,493] {dag.py:2937} INFO - Setting next_dagrun for example_sla_dag to 2022-05-18T23:26:00+00:00
[2022-05-18 23:29:14,504] {processor.py:171} INFO - Processing /home/airflow/.local/lib/python3.8/site-packages/airflow/example_dags/example_sla_dag.py took 0.074 seconds
[2022-05-18 23:29:45,382] {processor.py:163} INFO - Started process (PID=767) to work on /home/airflow/.local/lib/python3.8/site-packages/airflow/example_dags/example_sla_dag.py
[2022-05-18 23:29:45,382] {processor.py:642} INFO - Processing file /home/airflow/.local/lib/python3.8/site-packages/airflow/example_dags/example_sla_dag.py for tasks to queue
[2022-05-18 23:29:45,383] {logging_mixin.py:109} INFO - [2022-05-18 23:29:45,383] {dagbag.py:500} INFO - Filling up the DagBag from /home/airflow/.local/lib/python3.8/site-packages/airflow/example_dags/example_sla_dag.py
[2022-05-18 23:29:45,413] {processor.py:654} INFO - DAG(s) dict_keys(['example_sla_dag']) retrieved from /home/airflow/.local/lib/python3.8/site-packages/airflow/example_dags/example_sla_dag.py
[2022-05-18 23:29:45,421] {logging_mixin.py:109} INFO - [2022-05-18 23:29:45,421] {dag.py:2398} INFO - Sync 1 DAGs
[2022-05-18 23:29:45,440] {logging_mixin.py:109} INFO - [2022-05-18 23:29:45,440] {dag.py:2937} INFO - Setting next_dagrun for example_sla_dag to 2022-05-18T23:26:00+00:00
[2022-05-18 23:29:45,452] {processor.py:171} INFO - Processing /home/airflow/.local/lib/python3.8/site-packages/airflow/example_dags/example_sla_dag.py took 0.072 seconds
[2022-05-18 23:30:15,605] {processor.py:163} INFO - Started process (PID=845) to work on /home/airflow/.local/lib/python3.8/site-packages/airflow/example_dags/example_sla_dag.py
[2022-05-18 23:30:15,606] {processor.py:642} INFO - Processing file /home/airflow/.local/lib/python3.8/site-packages/airflow/example_dags/example_sla_dag.py for tasks to queue
[2022-05-18 23:30:15,607] {logging_mixin.py:109} INFO - [2022-05-18 23:30:15,607] {dagbag.py:500} INFO - Filling up the DagBag from /home/airflow/.local/lib/python3.8/site-packages/airflow/example_dags/example_sla_dag.py
[2022-05-18 23:30:15,634] {processor.py:654} INFO - DAG(s) dict_keys(['example_sla_dag']) retrieved from /home/airflow/.local/lib/python3.8/site-packages/airflow/example_dags/example_sla_dag.py
[2022-05-18 23:30:15,645] {logging_mixin.py:109} INFO - [2022-05-18 23:30:15,645] {dag.py:2398} INFO - Sync 1 DAGs
[2022-05-18 23:30:15,663] {logging_mixin.py:109} INFO - [2022-05-18 23:30:15,663] {dag.py:2937} INFO - Setting next_dagrun for example_sla_dag to 2022-05-18T23:28:00+00:00
[2022-05-18 23:30:15,676] {processor.py:171} INFO - Processing /home/airflow/.local/lib/python3.8/site-packages/airflow/example_dags/example_sla_dag.py took 0.074 seconds
[2022-05-18 23:30:45,998] {processor.py:163} INFO - Started process (PID=912) to work on /home/airflow/.local/lib/python3.8/site-packages/airflow/example_dags/example_sla_dag.py
[2022-05-18 23:30:45,999] {processor.py:642} INFO - Processing file /home/airflow/.local/lib/python3.8/site-packages/airflow/example_dags/example_sla_dag.py for tasks to queue
[2022-05-18 23:30:46,000] {logging_mixin.py:109} INFO - [2022-05-18 23:30:46,000] {dagbag.py:500} INFO - Filling up the DagBag from /home/airflow/.local/lib/python3.8/site-packages/airflow/example_dags/example_sla_dag.py
[2022-05-18 23:30:46,029] {processor.py:654} INFO - DAG(s) dict_keys(['example_sla_dag']) retrieved from /home/airflow/.local/lib/python3.8/site-packages/airflow/example_dags/example_sla_dag.py
[2022-05-18 23:30:46,036] {logging_mixin.py:109} INFO - [2022-05-18 23:30:46,036] {dag.py:2398} INFO - Sync 1 DAGs
[2022-05-18 23:30:46,056] {logging_mixin.py:109} INFO - [2022-05-18 23:30:46,056] {dag.py:2937} INFO - Setting next_dagrun for example_sla_dag to 2022-05-18T23:28:00+00:00
[2022-05-18 23:30:46,067] {processor.py:171} INFO - Processing /home/airflow/.local/lib/python3.8/site-packages/airflow/example_dags/example_sla_dag.py took 0.071 seconds
[2022-05-18 23:31:16,568] {processor.py:163} INFO - Started process (PID=997) to work on /home/airflow/.local/lib/python3.8/site-packages/airflow/example_dags/example_sla_dag.py
[2022-05-18 23:31:16,569] {processor.py:642} INFO - Processing file /home/airflow/.local/lib/python3.8/site-packages/airflow/example_dags/example_sla_dag.py for tasks to queue
[2022-05-18 23:31:16,570] {logging_mixin.py:109} INFO - [2022-05-18 23:31:16,570] {dagbag.py:500} INFO - Filling up the DagBag from /home/airflow/.local/lib/python3.8/site-packages/airflow/example_dags/example_sla_dag.py
[2022-05-18 23:31:16,616] {processor.py:654} INFO - DAG(s) dict_keys(['example_sla_dag']) retrieved from /home/airflow/.local/lib/python3.8/site-packages/airflow/example_dags/example_sla_dag.py
[2022-05-18 23:31:16,625] {logging_mixin.py:109} INFO - [2022-05-18 23:31:16,625] {dag.py:2398} INFO - Sync 1 DAGs
[2022-05-18 23:31:16,651] {logging_mixin.py:109} INFO - [2022-05-18 23:31:16,651] {dag.py:2937} INFO - Setting next_dagrun for example_sla_dag to 2022-05-18T23:28:00+00:00
[2022-05-18 23:31:16,662] {processor.py:171} INFO - Processing /home/airflow/.local/lib/python3.8/site-packages/airflow/example_dags/example_sla_dag.py took 0.097 seconds
[2022-05-18 23:31:47,092] {processor.py:163} INFO - Started process (PID=1090) to work on /home/airflow/.local/lib/python3.8/site-packages/airflow/example_dags/example_sla_dag.py
[2022-05-18 23:31:47,093] {processor.py:642} INFO - Processing file /home/airflow/.local/lib/python3.8/site-packages/airflow/example_dags/example_sla_dag.py for tasks to queue
[2022-05-18 23:31:47,093] {logging_mixin.py:109} INFO - [2022-05-18 23:31:47,093] {dagbag.py:500} INFO - Filling up the DagBag from /home/airflow/.local/lib/python3.8/site-packages/airflow/example_dags/example_sla_dag.py
[2022-05-18 23:31:47,124] {processor.py:654} INFO - DAG(s) dict_keys(['example_sla_dag']) retrieved from /home/airflow/.local/lib/python3.8/site-packages/airflow/example_dags/example_sla_dag.py
[2022-05-18 23:31:47,132] {logging_mixin.py:109} INFO - [2022-05-18 23:31:47,132] {dag.py:2398} INFO - Sync 1 DAGs
[2022-05-18 23:31:47,147] {logging_mixin.py:109} INFO - [2022-05-18 23:31:47,147] {dag.py:2937} INFO - Setting next_dagrun for example_sla_dag to 2022-05-18T23:28:00+00:00
[2022-05-18 23:31:47,156] {processor.py:171} INFO - Processing /home/airflow/.local/lib/python3.8/site-packages/airflow/example_dags/example_sla_dag.py took 0.066 seconds
[2022-05-18 23:32:17,572] {processor.py:163} INFO - Started process (PID=1175) to work on /home/airflow/.local/lib/python3.8/site-packages/airflow/example_dags/example_sla_dag.py
[2022-05-18 23:32:17,574] {processor.py:642} INFO - Processing file /home/airflow/.local/lib/python3.8/site-packages/airflow/example_dags/example_sla_dag.py for tasks to queue
[2022-05-18 23:32:17,575] {logging_mixin.py:109} INFO - [2022-05-18 23:32:17,575] {dagbag.py:500} INFO - Filling up the DagBag from /home/airflow/.local/lib/python3.8/site-packages/airflow/example_dags/example_sla_dag.py
[2022-05-18 23:32:17,607] {processor.py:654} INFO - DAG(s) dict_keys(['example_sla_dag']) retrieved from /home/airflow/.local/lib/python3.8/site-packages/airflow/example_dags/example_sla_dag.py
[2022-05-18 23:32:17,614] {logging_mixin.py:109} INFO - [2022-05-18 23:32:17,614] {dag.py:2398} INFO - Sync 1 DAGs
[2022-05-18 23:32:17,631] {logging_mixin.py:109} INFO - [2022-05-18 23:32:17,631] {dag.py:2937} INFO - Setting next_dagrun for example_sla_dag to 2022-05-18T23:30:00+00:00
[2022-05-18 23:32:17,640] {processor.py:171} INFO - Processing /home/airflow/.local/lib/python3.8/site-packages/airflow/example_dags/example_sla_dag.py took 0.070 seconds
[2022-05-18 23:32:47,758] {processor.py:163} INFO - Started process (PID=1269) to work on /home/airflow/.local/lib/python3.8/site-packages/airflow/example_dags/example_sla_dag.py
[2022-05-18 23:32:47,760] {processor.py:642} INFO - Processing file /home/airflow/.local/lib/python3.8/site-packages/airflow/example_dags/example_sla_dag.py for tasks to queue
[2022-05-18 23:32:47,761] {logging_mixin.py:109} INFO - [2022-05-18 23:32:47,761] {dagbag.py:500} INFO - Filling up the DagBag from /home/airflow/.local/lib/python3.8/site-packages/airflow/example_dags/example_sla_dag.py
[2022-05-18 23:32:47,791] {processor.py:654} INFO - DAG(s) dict_keys(['example_sla_dag']) retrieved from /home/airflow/.local/lib/python3.8/site-packages/airflow/example_dags/example_sla_dag.py
[2022-05-18 23:32:47,798] {logging_mixin.py:109} INFO - [2022-05-18 23:32:47,798] {dag.py:2398} INFO - Sync 1 DAGs
[2022-05-18 23:32:47,814] {logging_mixin.py:109} INFO - [2022-05-18 23:32:47,814] {dag.py:2937} INFO - Setting next_dagrun for example_sla_dag to 2022-05-18T23:30:00+00:00
[2022-05-18 23:32:47,824] {processor.py:171} INFO - Processing /home/airflow/.local/lib/python3.8/site-packages/airflow/example_dags/example_sla_dag.py took 0.069 seconds
[2022-05-18 23:33:17,954] {processor.py:163} INFO - Started process (PID=1353) to work on /home/airflow/.local/lib/python3.8/site-packages/airflow/example_dags/example_sla_dag.py
[2022-05-18 23:33:17,955] {processor.py:642} INFO - Processing file /home/airflow/.local/lib/python3.8/site-packages/airflow/example_dags/example_sla_dag.py for tasks to queue
[2022-05-18 23:33:17,955] {logging_mixin.py:109} INFO - [2022-05-18 23:33:17,955] {dagbag.py:500} INFO - Filling up the DagBag from /home/airflow/.local/lib/python3.8/site-packages/airflow/example_dags/example_sla_dag.py
[2022-05-18 23:33:17,986] {processor.py:654} INFO - DAG(s) dict_keys(['example_sla_dag']) retrieved from /home/airflow/.local/lib/python3.8/site-packages/airflow/example_dags/example_sla_dag.py
[2022-05-18 23:33:17,997] {logging_mixin.py:109} INFO - [2022-05-18 23:33:17,997] {dag.py:2398} INFO - Sync 1 DAGs
[2022-05-18 23:33:18,015] {logging_mixin.py:109} INFO - [2022-05-18 23:33:18,015] {dag.py:2937} INFO - Setting next_dagrun for example_sla_dag to 2022-05-18T23:30:00+00:00
[2022-05-18 23:33:18,024] {processor.py:171} INFO - Processing /home/airflow/.local/lib/python3.8/site-packages/airflow/example_dags/example_sla_dag.py took 0.073 seconds
[2022-05-18 23:33:48,401] {processor.py:163} INFO - Started process (PID=1437) to work on /home/airflow/.local/lib/python3.8/site-packages/airflow/example_dags/example_sla_dag.py
[2022-05-18 23:33:48,402] {processor.py:642} INFO - Processing file /home/airflow/.local/lib/python3.8/site-packages/airflow/example_dags/example_sla_dag.py for tasks to queue
[2022-05-18 23:33:48,403] {logging_mixin.py:109} INFO - [2022-05-18 23:33:48,403] {dagbag.py:500} INFO - Filling up the DagBag from /home/airflow/.local/lib/python3.8/site-packages/airflow/example_dags/example_sla_dag.py
[2022-05-18 23:33:48,431] {processor.py:654} INFO - DAG(s) dict_keys(['example_sla_dag']) retrieved from /home/airflow/.local/lib/python3.8/site-packages/airflow/example_dags/example_sla_dag.py
[2022-05-18 23:33:48,438] {logging_mixin.py:109} INFO - [2022-05-18 23:33:48,438] {dag.py:2398} INFO - Sync 1 DAGs
[2022-05-18 23:33:48,454] {logging_mixin.py:109} INFO - [2022-05-18 23:33:48,453] {dag.py:2937} INFO - Setting next_dagrun for example_sla_dag to 2022-05-18T23:30:00+00:00
[2022-05-18 23:33:48,463] {processor.py:171} INFO - Processing /home/airflow/.local/lib/python3.8/site-packages/airflow/example_dags/example_sla_dag.py took 0.063 seconds
[2022-05-18 23:34:18,866] {processor.py:163} INFO - Started process (PID=1531) to work on /home/airflow/.local/lib/python3.8/site-packages/airflow/example_dags/example_sla_dag.py
[2022-05-18 23:34:18,867] {processor.py:642} INFO - Processing file /home/airflow/.local/lib/python3.8/site-packages/airflow/example_dags/example_sla_dag.py for tasks to queue
[2022-05-18 23:34:18,868] {logging_mixin.py:109} INFO - [2022-05-18 23:34:18,867] {dagbag.py:500} INFO - Filling up the DagBag from /home/airflow/.local/lib/python3.8/site-packages/airflow/example_dags/example_sla_dag.py
[2022-05-18 23:34:18,899] {processor.py:654} INFO - DAG(s) dict_keys(['example_sla_dag']) retrieved from /home/airflow/.local/lib/python3.8/site-packages/airflow/example_dags/example_sla_dag.py
[2022-05-18 23:34:18,908] {logging_mixin.py:109} INFO - [2022-05-18 23:34:18,908] {dag.py:2398} INFO - Sync 1 DAGs
[2022-05-18 23:34:18,926] {logging_mixin.py:109} INFO - [2022-05-18 23:34:18,926] {dag.py:2937} INFO - Setting next_dagrun for example_sla_dag to 2022-05-18T23:32:00+00:00
[2022-05-18 23:34:18,937] {processor.py:171} INFO - Processing /home/airflow/.local/lib/python3.8/site-packages/airflow/example_dags/example_sla_dag.py took 0.072 seconds
[2022-05-18 23:34:49,283] {processor.py:163} INFO - Started process (PID=1615) to work on /home/airflow/.local/lib/python3.8/site-packages/airflow/example_dags/example_sla_dag.py
[2022-05-18 23:34:49,284] {processor.py:642} INFO - Processing file /home/airflow/.local/lib/python3.8/site-packages/airflow/example_dags/example_sla_dag.py for tasks to queue
[2022-05-18 23:34:49,285] {logging_mixin.py:109} INFO - [2022-05-18 23:34:49,285] {dagbag.py:500} INFO - Filling up the DagBag from /home/airflow/.local/lib/python3.8/site-packages/airflow/example_dags/example_sla_dag.py
[2022-05-18 23:34:49,317] {processor.py:654} INFO - DAG(s) dict_keys(['example_sla_dag']) retrieved from /home/airflow/.local/lib/python3.8/site-packages/airflow/example_dags/example_sla_dag.py
[2022-05-18 23:34:49,324] {logging_mixin.py:109} INFO - [2022-05-18 23:34:49,323] {dag.py:2398} INFO - Sync 1 DAGs
[2022-05-18 23:34:49,336] {logging_mixin.py:109} INFO - [2022-05-18 23:34:49,336] {dag.py:2937} INFO - Setting next_dagrun for example_sla_dag to 2022-05-18T23:32:00+00:00
[2022-05-18 23:34:49,347] {processor.py:171} INFO - Processing /home/airflow/.local/lib/python3.8/site-packages/airflow/example_dags/example_sla_dag.py took 0.065 seconds
[2022-05-18 23:35:19,892] {processor.py:163} INFO - Started process (PID=1708) to work on /home/airflow/.local/lib/python3.8/site-packages/airflow/example_dags/example_sla_dag.py
[2022-05-18 23:35:19,894] {processor.py:642} INFO - Processing file /home/airflow/.local/lib/python3.8/site-packages/airflow/example_dags/example_sla_dag.py for tasks to queue
[2022-05-18 23:35:19,894] {logging_mixin.py:109} INFO - [2022-05-18 23:35:19,894] {dagbag.py:500} INFO - Filling up the DagBag from /home/airflow/.local/lib/python3.8/site-packages/airflow/example_dags/example_sla_dag.py
[2022-05-18 23:35:19,935] {processor.py:654} INFO - DAG(s) dict_keys(['example_sla_dag']) retrieved from /home/airflow/.local/lib/python3.8/site-packages/airflow/example_dags/example_sla_dag.py
[2022-05-18 23:35:19,946] {logging_mixin.py:109} INFO - [2022-05-18 23:35:19,946] {dag.py:2398} INFO - Sync 1 DAGs
[2022-05-18 23:35:19,970] {logging_mixin.py:109} INFO - [2022-05-18 23:35:19,970] {dag.py:2937} INFO - Setting next_dagrun for example_sla_dag to 2022-05-18T23:32:00+00:00
[2022-05-18 23:35:19,983] {processor.py:171} INFO - Processing /home/airflow/.local/lib/python3.8/site-packages/airflow/example_dags/example_sla_dag.py took 0.094 seconds
[2022-05-18 23:35:50,065] {processor.py:163} INFO - Started process (PID=1793) to work on /home/airflow/.local/lib/python3.8/site-packages/airflow/example_dags/example_sla_dag.py
[2022-05-18 23:35:50,066] {processor.py:642} INFO - Processing file /home/airflow/.local/lib/python3.8/site-packages/airflow/example_dags/example_sla_dag.py for tasks to queue
[2022-05-18 23:35:50,067] {logging_mixin.py:109} INFO - [2022-05-18 23:35:50,066] {dagbag.py:500} INFO - Filling up the DagBag from /home/airflow/.local/lib/python3.8/site-packages/airflow/example_dags/example_sla_dag.py
[2022-05-18 23:35:50,113] {processor.py:654} INFO - DAG(s) dict_keys(['example_sla_dag']) retrieved from /home/airflow/.local/lib/python3.8/site-packages/airflow/example_dags/example_sla_dag.py
[2022-05-18 23:35:50,127] {logging_mixin.py:109} INFO - [2022-05-18 23:35:50,127] {dag.py:2398} INFO - Sync 1 DAGs
[2022-05-18 23:35:50,149] {logging_mixin.py:109} INFO - [2022-05-18 23:35:50,149] {dag.py:2937} INFO - Setting next_dagrun for example_sla_dag to 2022-05-18T23:32:00+00:00
[2022-05-18 23:35:50,159] {processor.py:171} INFO - Processing /home/airflow/.local/lib/python3.8/site-packages/airflow/example_dags/example_sla_dag.py took 0.096 seconds
[2022-05-18 23:36:21,120] {processor.py:163} INFO - Started process (PID=1877) to work on /home/airflow/.local/lib/python3.8/site-packages/airflow/example_dags/example_sla_dag.py
[2022-05-18 23:36:21,121] {processor.py:642} INFO - Processing file /home/airflow/.local/lib/python3.8/site-packages/airflow/example_dags/example_sla_dag.py for tasks to queue
[2022-05-18 23:36:21,122] {logging_mixin.py:109} INFO - [2022-05-18 23:36:21,122] {dagbag.py:500} INFO - Filling up the DagBag from /home/airflow/.local/lib/python3.8/site-packages/airflow/example_dags/example_sla_dag.py
[2022-05-18 23:36:21,156] {processor.py:654} INFO - DAG(s) dict_keys(['example_sla_dag']) retrieved from /home/airflow/.local/lib/python3.8/site-packages/airflow/example_dags/example_sla_dag.py
[2022-05-18 23:36:21,168] {logging_mixin.py:109} INFO - [2022-05-18 23:36:21,168] {dag.py:2398} INFO - Sync 1 DAGs
[2022-05-18 23:36:21,187] {logging_mixin.py:109} INFO - [2022-05-18 23:36:21,187] {dag.py:2937} INFO - Setting next_dagrun for example_sla_dag to 2022-05-18T23:34:00+00:00
[2022-05-18 23:36:21,200] {processor.py:171} INFO - Processing /home/airflow/.local/lib/python3.8/site-packages/airflow/example_dags/example_sla_dag.py took 0.083 seconds
[2022-05-18 23:36:51,836] {processor.py:163} INFO - Started process (PID=1970) to work on /home/airflow/.local/lib/python3.8/site-packages/airflow/example_dags/example_sla_dag.py
[2022-05-18 23:36:51,837] {processor.py:642} INFO - Processing file /home/airflow/.local/lib/python3.8/site-packages/airflow/example_dags/example_sla_dag.py for tasks to queue
[2022-05-18 23:36:51,837] {logging_mixin.py:109} INFO - [2022-05-18 23:36:51,837] {dagbag.py:500} INFO - Filling up the DagBag from /home/airflow/.local/lib/python3.8/site-packages/airflow/example_dags/example_sla_dag.py
[2022-05-18 23:36:51,865] {processor.py:654} INFO - DAG(s) dict_keys(['example_sla_dag']) retrieved from /home/airflow/.local/lib/python3.8/site-packages/airflow/example_dags/example_sla_dag.py
[2022-05-18 23:36:51,874] {logging_mixin.py:109} INFO - [2022-05-18 23:36:51,874] {dag.py:2398} INFO - Sync 1 DAGs
[2022-05-18 23:36:51,894] {logging_mixin.py:109} INFO - [2022-05-18 23:36:51,894] {dag.py:2937} INFO - Setting next_dagrun for example_sla_dag to 2022-05-18T23:34:00+00:00
[2022-05-18 23:36:51,907] {processor.py:171} INFO - Processing /home/airflow/.local/lib/python3.8/site-packages/airflow/example_dags/example_sla_dag.py took 0.073 seconds
[2022-05-18 23:37:22,507] {processor.py:163} INFO - Started process (PID=2055) to work on /home/airflow/.local/lib/python3.8/site-packages/airflow/example_dags/example_sla_dag.py
[2022-05-18 23:37:22,508] {processor.py:642} INFO - Processing file /home/airflow/.local/lib/python3.8/site-packages/airflow/example_dags/example_sla_dag.py for tasks to queue
[2022-05-18 23:37:22,509] {logging_mixin.py:109} INFO - [2022-05-18 23:37:22,508] {dagbag.py:500} INFO - Filling up the DagBag from /home/airflow/.local/lib/python3.8/site-packages/airflow/example_dags/example_sla_dag.py
[2022-05-18 23:37:22,540] {processor.py:654} INFO - DAG(s) dict_keys(['example_sla_dag']) retrieved from /home/airflow/.local/lib/python3.8/site-packages/airflow/example_dags/example_sla_dag.py
[2022-05-18 23:37:22,549] {logging_mixin.py:109} INFO - [2022-05-18 23:37:22,549] {dag.py:2398} INFO - Sync 1 DAGs
[2022-05-18 23:37:22,567] {logging_mixin.py:109} INFO - [2022-05-18 23:37:22,567] {dag.py:2937} INFO - Setting next_dagrun for example_sla_dag to 2022-05-18T23:34:00+00:00
[2022-05-18 23:37:22,577] {processor.py:171} INFO - Processing /home/airflow/.local/lib/python3.8/site-packages/airflow/example_dags/example_sla_dag.py took 0.071 seconds
[2022-05-18 23:37:52,877] {processor.py:163} INFO - Started process (PID=2148) to work on /home/airflow/.local/lib/python3.8/site-packages/airflow/example_dags/example_sla_dag.py
[2022-05-18 23:37:52,880] {processor.py:642} INFO - Processing file /home/airflow/.local/lib/python3.8/site-packages/airflow/example_dags/example_sla_dag.py for tasks to queue
[2022-05-18 23:37:52,883] {logging_mixin.py:109} INFO - [2022-05-18 23:37:52,883] {dagbag.py:500} INFO - Filling up the DagBag from /home/airflow/.local/lib/python3.8/site-packages/airflow/example_dags/example_sla_dag.py
[2022-05-18 23:37:52,954] {processor.py:654} INFO - DAG(s) dict_keys(['example_sla_dag']) retrieved from /home/airflow/.local/lib/python3.8/site-packages/airflow/example_dags/example_sla_dag.py
[2022-05-18 23:37:53,000] {logging_mixin.py:109} INFO - [2022-05-18 23:37:53,000] {dag.py:2398} INFO - Sync 1 DAGs
[2022-05-18 23:37:53,029] {logging_mixin.py:109} INFO - [2022-05-18 23:37:53,028] {dag.py:2937} INFO - Setting next_dagrun for example_sla_dag to 2022-05-18T23:34:00+00:00
[2022-05-18 23:37:53,060] {processor.py:171} INFO - Processing /home/airflow/.local/lib/python3.8/site-packages/airflow/example_dags/example_sla_dag.py took 0.188 seconds
[2022-05-18 23:38:23,085] {processor.py:163} INFO - Started process (PID=2233) to work on /home/airflow/.local/lib/python3.8/site-packages/airflow/example_dags/example_sla_dag.py
[2022-05-18 23:38:23,086] {processor.py:642} INFO - Processing file /home/airflow/.local/lib/python3.8/site-packages/airflow/example_dags/example_sla_dag.py for tasks to queue
[2022-05-18 23:38:23,086] {logging_mixin.py:109} INFO - [2022-05-18 23:38:23,086] {dagbag.py:500} INFO - Filling up the DagBag from /home/airflow/.local/lib/python3.8/site-packages/airflow/example_dags/example_sla_dag.py
[2022-05-18 23:38:23,120] {processor.py:654} INFO - DAG(s) dict_keys(['example_sla_dag']) retrieved from /home/airflow/.local/lib/python3.8/site-packages/airflow/example_dags/example_sla_dag.py
[2022-05-18 23:38:23,128] {logging_mixin.py:109} INFO - [2022-05-18 23:38:23,128] {dag.py:2398} INFO - Sync 1 DAGs
[2022-05-18 23:38:23,148] {logging_mixin.py:109} INFO - [2022-05-18 23:38:23,148] {dag.py:2937} INFO - Setting next_dagrun for example_sla_dag to 2022-05-18T23:36:00+00:00
[2022-05-18 23:38:23,165] {processor.py:171} INFO - Processing /home/airflow/.local/lib/python3.8/site-packages/airflow/example_dags/example_sla_dag.py took 0.083 seconds
[2022-05-18 23:38:53,420] {processor.py:163} INFO - Started process (PID=2319) to work on /home/airflow/.local/lib/python3.8/site-packages/airflow/example_dags/example_sla_dag.py
[2022-05-18 23:38:53,421] {processor.py:642} INFO - Processing file /home/airflow/.local/lib/python3.8/site-packages/airflow/example_dags/example_sla_dag.py for tasks to queue
[2022-05-18 23:38:53,422] {logging_mixin.py:109} INFO - [2022-05-18 23:38:53,422] {dagbag.py:500} INFO - Filling up the DagBag from /home/airflow/.local/lib/python3.8/site-packages/airflow/example_dags/example_sla_dag.py
[2022-05-18 23:38:53,460] {processor.py:654} INFO - DAG(s) dict_keys(['example_sla_dag']) retrieved from /home/airflow/.local/lib/python3.8/site-packages/airflow/example_dags/example_sla_dag.py
[2022-05-18 23:38:53,468] {logging_mixin.py:109} INFO - [2022-05-18 23:38:53,468] {dag.py:2398} INFO - Sync 1 DAGs
[2022-05-18 23:38:53,484] {logging_mixin.py:109} INFO - [2022-05-18 23:38:53,484] {dag.py:2937} INFO - Setting next_dagrun for example_sla_dag to 2022-05-18T23:36:00+00:00
[2022-05-18 23:38:53,499] {processor.py:171} INFO - Processing /home/airflow/.local/lib/python3.8/site-packages/airflow/example_dags/example_sla_dag.py took 0.082 seconds
[2022-05-18 23:39:23,926] {processor.py:163} INFO - Started process (PID=2412) to work on /home/airflow/.local/lib/python3.8/site-packages/airflow/example_dags/example_sla_dag.py
[2022-05-18 23:39:23,927] {processor.py:642} INFO - Processing file /home/airflow/.local/lib/python3.8/site-packages/airflow/example_dags/example_sla_dag.py for tasks to queue
[2022-05-18 23:39:23,928] {logging_mixin.py:109} INFO - [2022-05-18 23:39:23,927] {dagbag.py:500} INFO - Filling up the DagBag from /home/airflow/.local/lib/python3.8/site-packages/airflow/example_dags/example_sla_dag.py
[2022-05-18 23:39:23,973] {processor.py:654} INFO - DAG(s) dict_keys(['example_sla_dag']) retrieved from /home/airflow/.local/lib/python3.8/site-packages/airflow/example_dags/example_sla_dag.py
[2022-05-18 23:39:23,989] {logging_mixin.py:109} INFO - [2022-05-18 23:39:23,989] {dag.py:2398} INFO - Sync 1 DAGs
[2022-05-18 23:39:24,026] {logging_mixin.py:109} INFO - [2022-05-18 23:39:24,026] {dag.py:2937} INFO - Setting next_dagrun for example_sla_dag to 2022-05-18T23:36:00+00:00
[2022-05-18 23:39:24,042] {processor.py:171} INFO - Processing /home/airflow/.local/lib/python3.8/site-packages/airflow/example_dags/example_sla_dag.py took 0.121 seconds
[2022-05-18 23:39:54,106] {processor.py:163} INFO - Started process (PID=2496) to work on /home/airflow/.local/lib/python3.8/site-packages/airflow/example_dags/example_sla_dag.py
[2022-05-18 23:39:54,108] {processor.py:642} INFO - Processing file /home/airflow/.local/lib/python3.8/site-packages/airflow/example_dags/example_sla_dag.py for tasks to queue
[2022-05-18 23:39:54,109] {logging_mixin.py:109} INFO - [2022-05-18 23:39:54,109] {dagbag.py:500} INFO - Filling up the DagBag from /home/airflow/.local/lib/python3.8/site-packages/airflow/example_dags/example_sla_dag.py
[2022-05-18 23:39:54,144] {processor.py:654} INFO - DAG(s) dict_keys(['example_sla_dag']) retrieved from /home/airflow/.local/lib/python3.8/site-packages/airflow/example_dags/example_sla_dag.py
[2022-05-18 23:39:54,157] {logging_mixin.py:109} INFO - [2022-05-18 23:39:54,157] {dag.py:2398} INFO - Sync 1 DAGs
[2022-05-18 23:39:54,180] {logging_mixin.py:109} INFO - [2022-05-18 23:39:54,180] {dag.py:2937} INFO - Setting next_dagrun for example_sla_dag to 2022-05-18T23:36:00+00:00
[2022-05-18 23:39:54,192] {processor.py:171} INFO - Processing /home/airflow/.local/lib/python3.8/site-packages/airflow/example_dags/example_sla_dag.py took 0.088 seconds
[2022-05-18 23:40:25,208] {processor.py:163} INFO - Started process (PID=2581) to work on /home/airflow/.local/lib/python3.8/site-packages/airflow/example_dags/example_sla_dag.py
[2022-05-18 23:40:25,209] {processor.py:642} INFO - Processing file /home/airflow/.local/lib/python3.8/site-packages/airflow/example_dags/example_sla_dag.py for tasks to queue
[2022-05-18 23:40:25,210] {logging_mixin.py:109} INFO - [2022-05-18 23:40:25,210] {dagbag.py:500} INFO - Filling up the DagBag from /home/airflow/.local/lib/python3.8/site-packages/airflow/example_dags/example_sla_dag.py
[2022-05-18 23:40:25,249] {processor.py:654} INFO - DAG(s) dict_keys(['example_sla_dag']) retrieved from /home/airflow/.local/lib/python3.8/site-packages/airflow/example_dags/example_sla_dag.py
[2022-05-18 23:40:25,258] {logging_mixin.py:109} INFO - [2022-05-18 23:40:25,258] {dag.py:2398} INFO - Sync 1 DAGs
[2022-05-18 23:40:25,277] {logging_mixin.py:109} INFO - [2022-05-18 23:40:25,277] {dag.py:2937} INFO - Setting next_dagrun for example_sla_dag to 2022-05-18T23:38:00+00:00
[2022-05-18 23:40:25,290] {processor.py:171} INFO - Processing /home/airflow/.local/lib/python3.8/site-packages/airflow/example_dags/example_sla_dag.py took 0.085 seconds
[2022-05-18 23:40:55,498] {processor.py:163} INFO - Started process (PID=2672) to work on /home/airflow/.local/lib/python3.8/site-packages/airflow/example_dags/example_sla_dag.py
[2022-05-18 23:40:55,499] {processor.py:642} INFO - Processing file /home/airflow/.local/lib/python3.8/site-packages/airflow/example_dags/example_sla_dag.py for tasks to queue
[2022-05-18 23:40:55,499] {logging_mixin.py:109} INFO - [2022-05-18 23:40:55,499] {dagbag.py:500} INFO - Filling up the DagBag from /home/airflow/.local/lib/python3.8/site-packages/airflow/example_dags/example_sla_dag.py
[2022-05-18 23:40:55,532] {processor.py:654} INFO - DAG(s) dict_keys(['example_sla_dag']) retrieved from /home/airflow/.local/lib/python3.8/site-packages/airflow/example_dags/example_sla_dag.py
[2022-05-18 23:40:55,541] {logging_mixin.py:109} INFO - [2022-05-18 23:40:55,541] {dag.py:2398} INFO - Sync 1 DAGs
[2022-05-18 23:40:55,557] {logging_mixin.py:109} INFO - [2022-05-18 23:40:55,557] {dag.py:2937} INFO - Setting next_dagrun for example_sla_dag to 2022-05-18T23:38:00+00:00
[2022-05-18 23:40:55,567] {processor.py:171} INFO - Processing /home/airflow/.local/lib/python3.8/site-packages/airflow/example_dags/example_sla_dag.py took 0.071 seconds
[2022-05-18 23:41:25,613] {processor.py:163} INFO - Started process (PID=2742) to work on /home/airflow/.local/lib/python3.8/site-packages/airflow/example_dags/example_sla_dag.py
[2022-05-18 23:41:25,614] {processor.py:642} INFO - Processing file /home/airflow/.local/lib/python3.8/site-packages/airflow/example_dags/example_sla_dag.py for tasks to queue
[2022-05-18 23:41:25,614] {logging_mixin.py:109} INFO - [2022-05-18 23:41:25,614] {dagbag.py:500} INFO - Filling up the DagBag from /home/airflow/.local/lib/python3.8/site-packages/airflow/example_dags/example_sla_dag.py
[2022-05-18 23:41:25,641] {processor.py:654} INFO - DAG(s) dict_keys(['example_sla_dag']) retrieved from /home/airflow/.local/lib/python3.8/site-packages/airflow/example_dags/example_sla_dag.py
[2022-05-18 23:41:25,649] {logging_mixin.py:109} INFO - [2022-05-18 23:41:25,649] {dag.py:2398} INFO - Sync 1 DAGs
[2022-05-18 23:41:25,665] {logging_mixin.py:109} INFO - [2022-05-18 23:41:25,665] {dag.py:2937} INFO - Setting next_dagrun for example_sla_dag to 2022-05-18T23:38:00+00:00
[2022-05-18 23:41:25,675] {processor.py:171} INFO - Processing /home/airflow/.local/lib/python3.8/site-packages/airflow/example_dags/example_sla_dag.py took 0.064 seconds
[2022-05-18 23:41:56,114] {processor.py:163} INFO - Started process (PID=2833) to work on /home/airflow/.local/lib/python3.8/site-packages/airflow/example_dags/example_sla_dag.py
[2022-05-18 23:41:56,115] {processor.py:642} INFO - Processing file /home/airflow/.local/lib/python3.8/site-packages/airflow/example_dags/example_sla_dag.py for tasks to queue
[2022-05-18 23:41:56,115] {logging_mixin.py:109} INFO - [2022-05-18 23:41:56,115] {dagbag.py:500} INFO - Filling up the DagBag from /home/airflow/.local/lib/python3.8/site-packages/airflow/example_dags/example_sla_dag.py
[2022-05-18 23:41:56,149] {processor.py:654} INFO - DAG(s) dict_keys(['example_sla_dag']) retrieved from /home/airflow/.local/lib/python3.8/site-packages/airflow/example_dags/example_sla_dag.py
[2022-05-18 23:41:56,161] {logging_mixin.py:109} INFO - [2022-05-18 23:41:56,161] {dag.py:2398} INFO - Sync 1 DAGs
[2022-05-18 23:41:56,180] {logging_mixin.py:109} INFO - [2022-05-18 23:41:56,180] {dag.py:2937} INFO - Setting next_dagrun for example_sla_dag to 2022-05-18T23:38:00+00:00
[2022-05-18 23:41:56,189] {processor.py:171} INFO - Processing /home/airflow/.local/lib/python3.8/site-packages/airflow/example_dags/example_sla_dag.py took 0.078 seconds
[2022-05-18 23:42:26,632] {processor.py:163} INFO - Started process (PID=2920) to work on /home/airflow/.local/lib/python3.8/site-packages/airflow/example_dags/example_sla_dag.py
[2022-05-18 23:42:26,633] {processor.py:642} INFO - Processing file /home/airflow/.local/lib/python3.8/site-packages/airflow/example_dags/example_sla_dag.py for tasks to queue
[2022-05-18 23:42:26,634] {logging_mixin.py:109} INFO - [2022-05-18 23:42:26,634] {dagbag.py:500} INFO - Filling up the DagBag from /home/airflow/.local/lib/python3.8/site-packages/airflow/example_dags/example_sla_dag.py
[2022-05-18 23:42:26,665] {processor.py:654} INFO - DAG(s) dict_keys(['example_sla_dag']) retrieved from /home/airflow/.local/lib/python3.8/site-packages/airflow/example_dags/example_sla_dag.py
[2022-05-18 23:42:26,674] {logging_mixin.py:109} INFO - [2022-05-18 23:42:26,674] {dag.py:2398} INFO - Sync 1 DAGs
[2022-05-18 23:42:26,692] {logging_mixin.py:109} INFO - [2022-05-18 23:42:26,692] {dag.py:2937} INFO - Setting next_dagrun for example_sla_dag to 2022-05-18T23:40:00+00:00
[2022-05-18 23:42:26,702] {processor.py:171} INFO - Processing /home/airflow/.local/lib/python3.8/site-packages/airflow/example_dags/example_sla_dag.py took 0.071 seconds
[2022-05-18 23:42:57,243] {processor.py:163} INFO - Started process (PID=3003) to work on /home/airflow/.local/lib/python3.8/site-packages/airflow/example_dags/example_sla_dag.py
[2022-05-18 23:42:57,244] {processor.py:642} INFO - Processing file /home/airflow/.local/lib/python3.8/site-packages/airflow/example_dags/example_sla_dag.py for tasks to queue
[2022-05-18 23:42:57,245] {logging_mixin.py:109} INFO - [2022-05-18 23:42:57,245] {dagbag.py:500} INFO - Filling up the DagBag from /home/airflow/.local/lib/python3.8/site-packages/airflow/example_dags/example_sla_dag.py
[2022-05-18 23:42:57,283] {processor.py:654} INFO - DAG(s) dict_keys(['example_sla_dag']) retrieved from /home/airflow/.local/lib/python3.8/site-packages/airflow/example_dags/example_sla_dag.py
[2022-05-18 23:42:57,294] {logging_mixin.py:109} INFO - [2022-05-18 23:42:57,294] {dag.py:2398} INFO - Sync 1 DAGs
[2022-05-18 23:42:57,311] {logging_mixin.py:109} INFO - [2022-05-18 23:42:57,311] {dag.py:2937} INFO - Setting next_dagrun for example_sla_dag to 2022-05-18T23:40:00+00:00
[2022-05-18 23:42:57,322] {processor.py:171} INFO - Processing /home/airflow/.local/lib/python3.8/site-packages/airflow/example_dags/example_sla_dag.py took 0.081 seconds
[2022-05-18 23:43:27,348] {processor.py:163} INFO - Started process (PID=3080) to work on /home/airflow/.local/lib/python3.8/site-packages/airflow/example_dags/example_sla_dag.py
[2022-05-18 23:43:27,349] {processor.py:642} INFO - Processing file /home/airflow/.local/lib/python3.8/site-packages/airflow/example_dags/example_sla_dag.py for tasks to queue
[2022-05-18 23:43:27,350] {logging_mixin.py:109} INFO - [2022-05-18 23:43:27,349] {dagbag.py:500} INFO - Filling up the DagBag from /home/airflow/.local/lib/python3.8/site-packages/airflow/example_dags/example_sla_dag.py
[2022-05-18 23:43:27,382] {processor.py:654} INFO - DAG(s) dict_keys(['example_sla_dag']) retrieved from /home/airflow/.local/lib/python3.8/site-packages/airflow/example_dags/example_sla_dag.py
[2022-05-18 23:43:27,391] {logging_mixin.py:109} INFO - [2022-05-18 23:43:27,391] {dag.py:2398} INFO - Sync 1 DAGs
[2022-05-18 23:43:27,412] {logging_mixin.py:109} INFO - [2022-05-18 23:43:27,411] {dag.py:2937} INFO - Setting next_dagrun for example_sla_dag to 2022-05-18T23:40:00+00:00
[2022-05-18 23:43:27,422] {processor.py:171} INFO - Processing /home/airflow/.local/lib/python3.8/site-packages/airflow/example_dags/example_sla_dag.py took 0.076 seconds
[2022-05-18 23:43:57,509] {processor.py:163} INFO - Started process (PID=3184) to work on /home/airflow/.local/lib/python3.8/site-packages/airflow/example_dags/example_sla_dag.py
[2022-05-18 23:43:57,510] {processor.py:642} INFO - Processing file /home/airflow/.local/lib/python3.8/site-packages/airflow/example_dags/example_sla_dag.py for tasks to queue
[2022-05-18 23:43:57,510] {logging_mixin.py:109} INFO - [2022-05-18 23:43:57,510] {dagbag.py:500} INFO - Filling up the DagBag from /home/airflow/.local/lib/python3.8/site-packages/airflow/example_dags/example_sla_dag.py
[2022-05-18 23:43:57,542] {processor.py:654} INFO - DAG(s) dict_keys(['example_sla_dag']) retrieved from /home/airflow/.local/lib/python3.8/site-packages/airflow/example_dags/example_sla_dag.py
[2022-05-18 23:43:57,550] {logging_mixin.py:109} INFO - [2022-05-18 23:43:57,550] {dag.py:2398} INFO - Sync 1 DAGs
[2022-05-18 23:43:57,568] {logging_mixin.py:109} INFO - [2022-05-18 23:43:57,568] {dag.py:2937} INFO - Setting next_dagrun for example_sla_dag to 2022-05-18T23:40:00+00:00
[2022-05-18 23:43:57,585] {processor.py:171} INFO - Processing /home/airflow/.local/lib/python3.8/site-packages/airflow/example_dags/example_sla_dag.py took 0.079 seconds
[2022-05-18 23:44:28,523] {processor.py:163} INFO - Started process (PID=3287) to work on /home/airflow/.local/lib/python3.8/site-packages/airflow/example_dags/example_sla_dag.py
[2022-05-18 23:44:28,524] {processor.py:642} INFO - Processing file /home/airflow/.local/lib/python3.8/site-packages/airflow/example_dags/example_sla_dag.py for tasks to queue
[2022-05-18 23:44:28,524] {logging_mixin.py:109} INFO - [2022-05-18 23:44:28,524] {dagbag.py:500} INFO - Filling up the DagBag from /home/airflow/.local/lib/python3.8/site-packages/airflow/example_dags/example_sla_dag.py
[2022-05-18 23:44:28,557] {processor.py:654} INFO - DAG(s) dict_keys(['example_sla_dag']) retrieved from /home/airflow/.local/lib/python3.8/site-packages/airflow/example_dags/example_sla_dag.py
[2022-05-18 23:44:28,565] {logging_mixin.py:109} INFO - [2022-05-18 23:44:28,565] {dag.py:2398} INFO - Sync 1 DAGs
[2022-05-18 23:44:28,591] {logging_mixin.py:109} INFO - [2022-05-18 23:44:28,590] {dag.py:2937} INFO - Setting next_dagrun for example_sla_dag to 2022-05-18T23:42:00+00:00
[2022-05-18 23:44:28,600] {processor.py:171} INFO - Processing /home/airflow/.local/lib/python3.8/site-packages/airflow/example_dags/example_sla_dag.py took 0.079 seconds
[2022-05-18 23:44:59,545] {processor.py:163} INFO - Started process (PID=3398) to work on /home/airflow/.local/lib/python3.8/site-packages/airflow/example_dags/example_sla_dag.py
[2022-05-18 23:44:59,546] {processor.py:642} INFO - Processing file /home/airflow/.local/lib/python3.8/site-packages/airflow/example_dags/example_sla_dag.py for tasks to queue
[2022-05-18 23:44:59,546] {logging_mixin.py:109} INFO - [2022-05-18 23:44:59,546] {dagbag.py:500} INFO - Filling up the DagBag from /home/airflow/.local/lib/python3.8/site-packages/airflow/example_dags/example_sla_dag.py
[2022-05-18 23:44:59,585] {processor.py:654} INFO - DAG(s) dict_keys(['example_sla_dag']) retrieved from /home/airflow/.local/lib/python3.8/site-packages/airflow/example_dags/example_sla_dag.py
[2022-05-18 23:44:59,597] {logging_mixin.py:109} INFO - [2022-05-18 23:44:59,596] {dag.py:2398} INFO - Sync 1 DAGs
[2022-05-18 23:44:59,623] {logging_mixin.py:109} INFO - [2022-05-18 23:44:59,623] {dag.py:2937} INFO - Setting next_dagrun for example_sla_dag to 2022-05-18T23:42:00+00:00
[2022-05-18 23:44:59,634] {processor.py:171} INFO - Processing /home/airflow/.local/lib/python3.8/site-packages/airflow/example_dags/example_sla_dag.py took 0.091 seconds
[2022-05-18 23:45:30,132] {processor.py:163} INFO - Started process (PID=3484) to work on /home/airflow/.local/lib/python3.8/site-packages/airflow/example_dags/example_sla_dag.py
[2022-05-18 23:45:30,133] {processor.py:642} INFO - Processing file /home/airflow/.local/lib/python3.8/site-packages/airflow/example_dags/example_sla_dag.py for tasks to queue
[2022-05-18 23:45:30,133] {logging_mixin.py:109} INFO - [2022-05-18 23:45:30,133] {dagbag.py:500} INFO - Filling up the DagBag from /home/airflow/.local/lib/python3.8/site-packages/airflow/example_dags/example_sla_dag.py
[2022-05-18 23:45:30,172] {processor.py:654} INFO - DAG(s) dict_keys(['example_sla_dag']) retrieved from /home/airflow/.local/lib/python3.8/site-packages/airflow/example_dags/example_sla_dag.py
[2022-05-18 23:45:30,183] {logging_mixin.py:109} INFO - [2022-05-18 23:45:30,182] {dag.py:2398} INFO - Sync 1 DAGs
[2022-05-18 23:45:30,207] {logging_mixin.py:109} INFO - [2022-05-18 23:45:30,207] {dag.py:2937} INFO - Setting next_dagrun for example_sla_dag to 2022-05-18T23:42:00+00:00
[2022-05-18 23:45:30,216] {processor.py:171} INFO - Processing /home/airflow/.local/lib/python3.8/site-packages/airflow/example_dags/example_sla_dag.py took 0.087 seconds
[2022-05-18 23:46:00,648] {processor.py:163} INFO - Started process (PID=3570) to work on /home/airflow/.local/lib/python3.8/site-packages/airflow/example_dags/example_sla_dag.py
[2022-05-18 23:46:00,650] {processor.py:642} INFO - Processing file /home/airflow/.local/lib/python3.8/site-packages/airflow/example_dags/example_sla_dag.py for tasks to queue
[2022-05-18 23:46:00,651] {logging_mixin.py:109} INFO - [2022-05-18 23:46:00,650] {dagbag.py:500} INFO - Filling up the DagBag from /home/airflow/.local/lib/python3.8/site-packages/airflow/example_dags/example_sla_dag.py
[2022-05-18 23:46:00,687] {processor.py:654} INFO - DAG(s) dict_keys(['example_sla_dag']) retrieved from /home/airflow/.local/lib/python3.8/site-packages/airflow/example_dags/example_sla_dag.py
[2022-05-18 23:46:00,695] {logging_mixin.py:109} INFO - [2022-05-18 23:46:00,695] {dag.py:2398} INFO - Sync 1 DAGs
[2022-05-18 23:46:00,715] {logging_mixin.py:109} INFO - [2022-05-18 23:46:00,715] {dag.py:2937} INFO - Setting next_dagrun for example_sla_dag to 2022-05-18T23:44:00+00:00
[2022-05-18 23:46:00,726] {processor.py:171} INFO - Processing /home/airflow/.local/lib/python3.8/site-packages/airflow/example_dags/example_sla_dag.py took 0.081 seconds
[2022-05-18 23:46:31,779] {processor.py:163} INFO - Started process (PID=3681) to work on /home/airflow/.local/lib/python3.8/site-packages/airflow/example_dags/example_sla_dag.py
[2022-05-18 23:46:31,780] {processor.py:642} INFO - Processing file /home/airflow/.local/lib/python3.8/site-packages/airflow/example_dags/example_sla_dag.py for tasks to queue
[2022-05-18 23:46:31,780] {logging_mixin.py:109} INFO - [2022-05-18 23:46:31,780] {dagbag.py:500} INFO - Filling up the DagBag from /home/airflow/.local/lib/python3.8/site-packages/airflow/example_dags/example_sla_dag.py
[2022-05-18 23:46:31,812] {processor.py:654} INFO - DAG(s) dict_keys(['example_sla_dag']) retrieved from /home/airflow/.local/lib/python3.8/site-packages/airflow/example_dags/example_sla_dag.py
[2022-05-18 23:46:31,822] {logging_mixin.py:109} INFO - [2022-05-18 23:46:31,821] {dag.py:2398} INFO - Sync 1 DAGs
[2022-05-18 23:46:31,840] {logging_mixin.py:109} INFO - [2022-05-18 23:46:31,839] {dag.py:2937} INFO - Setting next_dagrun for example_sla_dag to 2022-05-18T23:44:00+00:00
[2022-05-18 23:46:31,852] {processor.py:171} INFO - Processing /home/airflow/.local/lib/python3.8/site-packages/airflow/example_dags/example_sla_dag.py took 0.075 seconds
[2022-05-18 23:47:02,380] {processor.py:163} INFO - Started process (PID=3784) to work on /home/airflow/.local/lib/python3.8/site-packages/airflow/example_dags/example_sla_dag.py
[2022-05-18 23:47:02,380] {processor.py:642} INFO - Processing file /home/airflow/.local/lib/python3.8/site-packages/airflow/example_dags/example_sla_dag.py for tasks to queue
[2022-05-18 23:47:02,381] {logging_mixin.py:109} INFO - [2022-05-18 23:47:02,381] {dagbag.py:500} INFO - Filling up the DagBag from /home/airflow/.local/lib/python3.8/site-packages/airflow/example_dags/example_sla_dag.py
[2022-05-18 23:47:02,407] {processor.py:654} INFO - DAG(s) dict_keys(['example_sla_dag']) retrieved from /home/airflow/.local/lib/python3.8/site-packages/airflow/example_dags/example_sla_dag.py
[2022-05-18 23:47:02,414] {logging_mixin.py:109} INFO - [2022-05-18 23:47:02,413] {dag.py:2398} INFO - Sync 1 DAGs
[2022-05-18 23:47:02,430] {logging_mixin.py:109} INFO - [2022-05-18 23:47:02,430] {dag.py:2937} INFO - Setting next_dagrun for example_sla_dag to 2022-05-18T23:44:00+00:00
[2022-05-18 23:47:02,440] {processor.py:171} INFO - Processing /home/airflow/.local/lib/python3.8/site-packages/airflow/example_dags/example_sla_dag.py took 0.062 seconds
[2022-05-18 23:47:33,007] {processor.py:163} INFO - Started process (PID=3869) to work on /home/airflow/.local/lib/python3.8/site-packages/airflow/example_dags/example_sla_dag.py
[2022-05-18 23:47:33,009] {processor.py:642} INFO - Processing file /home/airflow/.local/lib/python3.8/site-packages/airflow/example_dags/example_sla_dag.py for tasks to queue
[2022-05-18 23:47:33,009] {logging_mixin.py:109} INFO - [2022-05-18 23:47:33,009] {dagbag.py:500} INFO - Filling up the DagBag from /home/airflow/.local/lib/python3.8/site-packages/airflow/example_dags/example_sla_dag.py
[2022-05-18 23:47:33,041] {processor.py:654} INFO - DAG(s) dict_keys(['example_sla_dag']) retrieved from /home/airflow/.local/lib/python3.8/site-packages/airflow/example_dags/example_sla_dag.py
[2022-05-18 23:47:33,049] {logging_mixin.py:109} INFO - [2022-05-18 23:47:33,049] {dag.py:2398} INFO - Sync 1 DAGs
[2022-05-18 23:47:33,069] {logging_mixin.py:109} INFO - [2022-05-18 23:47:33,069] {dag.py:2937} INFO - Setting next_dagrun for example_sla_dag to 2022-05-18T23:44:00+00:00
[2022-05-18 23:47:33,081] {processor.py:171} INFO - Processing /home/airflow/.local/lib/python3.8/site-packages/airflow/example_dags/example_sla_dag.py took 0.075 seconds
[2022-05-18 23:48:03,554] {processor.py:163} INFO - Started process (PID=3962) to work on /home/airflow/.local/lib/python3.8/site-packages/airflow/example_dags/example_sla_dag.py
[2022-05-18 23:48:03,555] {processor.py:642} INFO - Processing file /home/airflow/.local/lib/python3.8/site-packages/airflow/example_dags/example_sla_dag.py for tasks to queue
[2022-05-18 23:48:03,556] {logging_mixin.py:109} INFO - [2022-05-18 23:48:03,556] {dagbag.py:500} INFO - Filling up the DagBag from /home/airflow/.local/lib/python3.8/site-packages/airflow/example_dags/example_sla_dag.py
[2022-05-18 23:48:03,588] {processor.py:654} INFO - DAG(s) dict_keys(['example_sla_dag']) retrieved from /home/airflow/.local/lib/python3.8/site-packages/airflow/example_dags/example_sla_dag.py
[2022-05-18 23:48:03,602] {logging_mixin.py:109} INFO - [2022-05-18 23:48:03,602] {dag.py:2398} INFO - Sync 1 DAGs
[2022-05-18 23:48:03,626] {logging_mixin.py:109} INFO - [2022-05-18 23:48:03,626] {dag.py:2937} INFO - Setting next_dagrun for example_sla_dag to 2022-05-18T23:46:00+00:00
[2022-05-18 23:48:03,639] {processor.py:171} INFO - Processing /home/airflow/.local/lib/python3.8/site-packages/airflow/example_dags/example_sla_dag.py took 0.089 seconds
[2022-05-18 23:48:34,959] {processor.py:163} INFO - Started process (PID=4047) to work on /home/airflow/.local/lib/python3.8/site-packages/airflow/example_dags/example_sla_dag.py
[2022-05-18 23:48:34,960] {processor.py:642} INFO - Processing file /home/airflow/.local/lib/python3.8/site-packages/airflow/example_dags/example_sla_dag.py for tasks to queue
[2022-05-18 23:48:34,960] {logging_mixin.py:109} INFO - [2022-05-18 23:48:34,960] {dagbag.py:500} INFO - Filling up the DagBag from /home/airflow/.local/lib/python3.8/site-packages/airflow/example_dags/example_sla_dag.py
[2022-05-18 23:48:34,989] {processor.py:654} INFO - DAG(s) dict_keys(['example_sla_dag']) retrieved from /home/airflow/.local/lib/python3.8/site-packages/airflow/example_dags/example_sla_dag.py
[2022-05-18 23:48:34,999] {logging_mixin.py:109} INFO - [2022-05-18 23:48:34,999] {dag.py:2398} INFO - Sync 1 DAGs
[2022-05-18 23:48:35,015] {logging_mixin.py:109} INFO - [2022-05-18 23:48:35,015] {dag.py:2937} INFO - Setting next_dagrun for example_sla_dag to 2022-05-18T23:46:00+00:00
[2022-05-18 23:48:35,027] {processor.py:171} INFO - Processing /home/airflow/.local/lib/python3.8/site-packages/airflow/example_dags/example_sla_dag.py took 0.071 seconds
[2022-05-18 23:49:06,332] {processor.py:163} INFO - Started process (PID=4140) to work on /home/airflow/.local/lib/python3.8/site-packages/airflow/example_dags/example_sla_dag.py
[2022-05-18 23:49:06,334] {processor.py:642} INFO - Processing file /home/airflow/.local/lib/python3.8/site-packages/airflow/example_dags/example_sla_dag.py for tasks to queue
[2022-05-18 23:49:06,334] {logging_mixin.py:109} INFO - [2022-05-18 23:49:06,334] {dagbag.py:500} INFO - Filling up the DagBag from /home/airflow/.local/lib/python3.8/site-packages/airflow/example_dags/example_sla_dag.py
[2022-05-18 23:49:06,370] {processor.py:654} INFO - DAG(s) dict_keys(['example_sla_dag']) retrieved from /home/airflow/.local/lib/python3.8/site-packages/airflow/example_dags/example_sla_dag.py
[2022-05-18 23:49:06,381] {logging_mixin.py:109} INFO - [2022-05-18 23:49:06,381] {dag.py:2398} INFO - Sync 1 DAGs
[2022-05-18 23:49:06,403] {logging_mixin.py:109} INFO - [2022-05-18 23:49:06,402] {dag.py:2937} INFO - Setting next_dagrun for example_sla_dag to 2022-05-18T23:46:00+00:00
[2022-05-18 23:49:06,414] {processor.py:171} INFO - Processing /home/airflow/.local/lib/python3.8/site-packages/airflow/example_dags/example_sla_dag.py took 0.083 seconds
[2022-05-18 23:49:37,657] {processor.py:163} INFO - Started process (PID=4224) to work on /home/airflow/.local/lib/python3.8/site-packages/airflow/example_dags/example_sla_dag.py
[2022-05-18 23:49:37,658] {processor.py:642} INFO - Processing file /home/airflow/.local/lib/python3.8/site-packages/airflow/example_dags/example_sla_dag.py for tasks to queue
[2022-05-18 23:49:37,659] {logging_mixin.py:109} INFO - [2022-05-18 23:49:37,659] {dagbag.py:500} INFO - Filling up the DagBag from /home/airflow/.local/lib/python3.8/site-packages/airflow/example_dags/example_sla_dag.py
[2022-05-18 23:49:37,690] {processor.py:654} INFO - DAG(s) dict_keys(['example_sla_dag']) retrieved from /home/airflow/.local/lib/python3.8/site-packages/airflow/example_dags/example_sla_dag.py
[2022-05-18 23:49:37,697] {logging_mixin.py:109} INFO - [2022-05-18 23:49:37,697] {dag.py:2398} INFO - Sync 1 DAGs
[2022-05-18 23:49:37,719] {logging_mixin.py:109} INFO - [2022-05-18 23:49:37,718] {dag.py:2937} INFO - Setting next_dagrun for example_sla_dag to 2022-05-18T23:46:00+00:00
[2022-05-18 23:49:37,730] {processor.py:171} INFO - Processing /home/airflow/.local/lib/python3.8/site-packages/airflow/example_dags/example_sla_dag.py took 0.074 seconds
[2022-05-18 23:50:08,407] {processor.py:163} INFO - Started process (PID=4309) to work on /home/airflow/.local/lib/python3.8/site-packages/airflow/example_dags/example_sla_dag.py
[2022-05-18 23:50:08,408] {processor.py:642} INFO - Processing file /home/airflow/.local/lib/python3.8/site-packages/airflow/example_dags/example_sla_dag.py for tasks to queue
[2022-05-18 23:50:08,409] {logging_mixin.py:109} INFO - [2022-05-18 23:50:08,409] {dagbag.py:500} INFO - Filling up the DagBag from /home/airflow/.local/lib/python3.8/site-packages/airflow/example_dags/example_sla_dag.py
[2022-05-18 23:50:08,441] {processor.py:654} INFO - DAG(s) dict_keys(['example_sla_dag']) retrieved from /home/airflow/.local/lib/python3.8/site-packages/airflow/example_dags/example_sla_dag.py
[2022-05-18 23:50:08,450] {logging_mixin.py:109} INFO - [2022-05-18 23:50:08,450] {dag.py:2398} INFO - Sync 1 DAGs
[2022-05-18 23:50:08,469] {logging_mixin.py:109} INFO - [2022-05-18 23:50:08,469] {dag.py:2937} INFO - Setting next_dagrun for example_sla_dag to 2022-05-18T23:48:00+00:00
[2022-05-18 23:50:08,478] {processor.py:171} INFO - Processing /home/airflow/.local/lib/python3.8/site-packages/airflow/example_dags/example_sla_dag.py took 0.073 seconds
[2022-05-18 23:50:39,382] {processor.py:163} INFO - Started process (PID=4420) to work on /home/airflow/.local/lib/python3.8/site-packages/airflow/example_dags/example_sla_dag.py
[2022-05-18 23:50:39,383] {processor.py:642} INFO - Processing file /home/airflow/.local/lib/python3.8/site-packages/airflow/example_dags/example_sla_dag.py for tasks to queue
[2022-05-18 23:50:39,383] {logging_mixin.py:109} INFO - [2022-05-18 23:50:39,383] {dagbag.py:500} INFO - Filling up the DagBag from /home/airflow/.local/lib/python3.8/site-packages/airflow/example_dags/example_sla_dag.py
[2022-05-18 23:50:39,414] {processor.py:654} INFO - DAG(s) dict_keys(['example_sla_dag']) retrieved from /home/airflow/.local/lib/python3.8/site-packages/airflow/example_dags/example_sla_dag.py
[2022-05-18 23:50:39,425] {logging_mixin.py:109} INFO - [2022-05-18 23:50:39,425] {dag.py:2398} INFO - Sync 1 DAGs
[2022-05-18 23:50:39,444] {logging_mixin.py:109} INFO - [2022-05-18 23:50:39,444] {dag.py:2937} INFO - Setting next_dagrun for example_sla_dag to 2022-05-18T23:48:00+00:00
[2022-05-18 23:50:39,455] {processor.py:171} INFO - Processing /home/airflow/.local/lib/python3.8/site-packages/airflow/example_dags/example_sla_dag.py took 0.075 seconds
[2022-05-18 23:51:09,929] {processor.py:163} INFO - Started process (PID=4505) to work on /home/airflow/.local/lib/python3.8/site-packages/airflow/example_dags/example_sla_dag.py
[2022-05-18 23:51:09,930] {processor.py:642} INFO - Processing file /home/airflow/.local/lib/python3.8/site-packages/airflow/example_dags/example_sla_dag.py for tasks to queue
[2022-05-18 23:51:09,931] {logging_mixin.py:109} INFO - [2022-05-18 23:51:09,930] {dagbag.py:500} INFO - Filling up the DagBag from /home/airflow/.local/lib/python3.8/site-packages/airflow/example_dags/example_sla_dag.py
[2022-05-18 23:51:09,961] {processor.py:654} INFO - DAG(s) dict_keys(['example_sla_dag']) retrieved from /home/airflow/.local/lib/python3.8/site-packages/airflow/example_dags/example_sla_dag.py
[2022-05-18 23:51:09,970] {logging_mixin.py:109} INFO - [2022-05-18 23:51:09,970] {dag.py:2398} INFO - Sync 1 DAGs
[2022-05-18 23:51:09,988] {logging_mixin.py:109} INFO - [2022-05-18 23:51:09,987] {dag.py:2937} INFO - Setting next_dagrun for example_sla_dag to 2022-05-18T23:48:00+00:00
[2022-05-18 23:51:09,997] {processor.py:171} INFO - Processing /home/airflow/.local/lib/python3.8/site-packages/airflow/example_dags/example_sla_dag.py took 0.071 seconds
[2022-05-18 23:51:40,551] {processor.py:163} INFO - Started process (PID=4590) to work on /home/airflow/.local/lib/python3.8/site-packages/airflow/example_dags/example_sla_dag.py
[2022-05-18 23:51:40,552] {processor.py:642} INFO - Processing file /home/airflow/.local/lib/python3.8/site-packages/airflow/example_dags/example_sla_dag.py for tasks to queue
[2022-05-18 23:51:40,552] {logging_mixin.py:109} INFO - [2022-05-18 23:51:40,552] {dagbag.py:500} INFO - Filling up the DagBag from /home/airflow/.local/lib/python3.8/site-packages/airflow/example_dags/example_sla_dag.py
[2022-05-18 23:51:40,591] {processor.py:654} INFO - DAG(s) dict_keys(['example_sla_dag']) retrieved from /home/airflow/.local/lib/python3.8/site-packages/airflow/example_dags/example_sla_dag.py
[2022-05-18 23:51:40,602] {logging_mixin.py:109} INFO - [2022-05-18 23:51:40,602] {dag.py:2398} INFO - Sync 1 DAGs
[2022-05-18 23:51:40,620] {logging_mixin.py:109} INFO - [2022-05-18 23:51:40,620] {dag.py:2937} INFO - Setting next_dagrun for example_sla_dag to 2022-05-18T23:48:00+00:00
[2022-05-18 23:51:40,629] {processor.py:171} INFO - Processing /home/airflow/.local/lib/python3.8/site-packages/airflow/example_dags/example_sla_dag.py took 0.081 seconds
[2022-05-18 23:52:11,603] {processor.py:163} INFO - Started process (PID=4684) to work on /home/airflow/.local/lib/python3.8/site-packages/airflow/example_dags/example_sla_dag.py
[2022-05-18 23:52:11,606] {processor.py:642} INFO - Processing file /home/airflow/.local/lib/python3.8/site-packages/airflow/example_dags/example_sla_dag.py for tasks to queue
[2022-05-18 23:52:11,606] {logging_mixin.py:109} INFO - [2022-05-18 23:52:11,606] {dagbag.py:500} INFO - Filling up the DagBag from /home/airflow/.local/lib/python3.8/site-packages/airflow/example_dags/example_sla_dag.py
[2022-05-18 23:52:11,650] {processor.py:654} INFO - DAG(s) dict_keys(['example_sla_dag']) retrieved from /home/airflow/.local/lib/python3.8/site-packages/airflow/example_dags/example_sla_dag.py
[2022-05-18 23:52:11,661] {logging_mixin.py:109} INFO - [2022-05-18 23:52:11,660] {dag.py:2398} INFO - Sync 1 DAGs
[2022-05-18 23:52:11,693] {logging_mixin.py:109} INFO - [2022-05-18 23:52:11,693] {dag.py:2937} INFO - Setting next_dagrun for example_sla_dag to 2022-05-18T23:50:00+00:00
[2022-05-18 23:52:11,704] {processor.py:171} INFO - Processing /home/airflow/.local/lib/python3.8/site-packages/airflow/example_dags/example_sla_dag.py took 0.103 seconds
[2022-05-18 23:52:42,139] {processor.py:163} INFO - Started process (PID=4769) to work on /home/airflow/.local/lib/python3.8/site-packages/airflow/example_dags/example_sla_dag.py
[2022-05-18 23:52:42,141] {processor.py:642} INFO - Processing file /home/airflow/.local/lib/python3.8/site-packages/airflow/example_dags/example_sla_dag.py for tasks to queue
[2022-05-18 23:52:42,142] {logging_mixin.py:109} INFO - [2022-05-18 23:52:42,141] {dagbag.py:500} INFO - Filling up the DagBag from /home/airflow/.local/lib/python3.8/site-packages/airflow/example_dags/example_sla_dag.py
[2022-05-18 23:52:42,267] {processor.py:654} INFO - DAG(s) dict_keys(['example_sla_dag']) retrieved from /home/airflow/.local/lib/python3.8/site-packages/airflow/example_dags/example_sla_dag.py
[2022-05-18 23:52:42,290] {logging_mixin.py:109} INFO - [2022-05-18 23:52:42,290] {dag.py:2398} INFO - Sync 1 DAGs
[2022-05-18 23:52:42,322] {logging_mixin.py:109} INFO - [2022-05-18 23:52:42,322] {dag.py:2937} INFO - Setting next_dagrun for example_sla_dag to 2022-05-18T23:50:00+00:00
[2022-05-18 23:52:42,333] {processor.py:171} INFO - Processing /home/airflow/.local/lib/python3.8/site-packages/airflow/example_dags/example_sla_dag.py took 0.198 seconds
[2022-05-18 23:53:12,862] {processor.py:163} INFO - Started process (PID=4854) to work on /home/airflow/.local/lib/python3.8/site-packages/airflow/example_dags/example_sla_dag.py
[2022-05-18 23:53:12,863] {processor.py:642} INFO - Processing file /home/airflow/.local/lib/python3.8/site-packages/airflow/example_dags/example_sla_dag.py for tasks to queue
[2022-05-18 23:53:12,864] {logging_mixin.py:109} INFO - [2022-05-18 23:53:12,864] {dagbag.py:500} INFO - Filling up the DagBag from /home/airflow/.local/lib/python3.8/site-packages/airflow/example_dags/example_sla_dag.py
[2022-05-18 23:53:12,894] {processor.py:654} INFO - DAG(s) dict_keys(['example_sla_dag']) retrieved from /home/airflow/.local/lib/python3.8/site-packages/airflow/example_dags/example_sla_dag.py
[2022-05-18 23:53:12,905] {logging_mixin.py:109} INFO - [2022-05-18 23:53:12,905] {dag.py:2398} INFO - Sync 1 DAGs
[2022-05-18 23:53:12,925] {logging_mixin.py:109} INFO - [2022-05-18 23:53:12,925] {dag.py:2937} INFO - Setting next_dagrun for example_sla_dag to 2022-05-18T23:50:00+00:00
[2022-05-18 23:53:12,934] {processor.py:171} INFO - Processing /home/airflow/.local/lib/python3.8/site-packages/airflow/example_dags/example_sla_dag.py took 0.074 seconds
[2022-05-18 23:53:44,166] {processor.py:163} INFO - Started process (PID=4948) to work on /home/airflow/.local/lib/python3.8/site-packages/airflow/example_dags/example_sla_dag.py
[2022-05-18 23:53:44,167] {processor.py:642} INFO - Processing file /home/airflow/.local/lib/python3.8/site-packages/airflow/example_dags/example_sla_dag.py for tasks to queue
[2022-05-18 23:53:44,168] {logging_mixin.py:109} INFO - [2022-05-18 23:53:44,168] {dagbag.py:500} INFO - Filling up the DagBag from /home/airflow/.local/lib/python3.8/site-packages/airflow/example_dags/example_sla_dag.py
[2022-05-18 23:53:44,196] {processor.py:654} INFO - DAG(s) dict_keys(['example_sla_dag']) retrieved from /home/airflow/.local/lib/python3.8/site-packages/airflow/example_dags/example_sla_dag.py
[2022-05-18 23:53:44,205] {logging_mixin.py:109} INFO - [2022-05-18 23:53:44,205] {dag.py:2398} INFO - Sync 1 DAGs
[2022-05-18 23:53:44,219] {logging_mixin.py:109} INFO - [2022-05-18 23:53:44,219] {dag.py:2937} INFO - Setting next_dagrun for example_sla_dag to 2022-05-18T23:50:00+00:00
[2022-05-18 23:53:44,229] {processor.py:171} INFO - Processing /home/airflow/.local/lib/python3.8/site-packages/airflow/example_dags/example_sla_dag.py took 0.064 seconds
[2022-05-18 23:54:14,784] {processor.py:163} INFO - Started process (PID=5033) to work on /home/airflow/.local/lib/python3.8/site-packages/airflow/example_dags/example_sla_dag.py
[2022-05-18 23:54:14,785] {processor.py:642} INFO - Processing file /home/airflow/.local/lib/python3.8/site-packages/airflow/example_dags/example_sla_dag.py for tasks to queue
[2022-05-18 23:54:14,785] {logging_mixin.py:109} INFO - [2022-05-18 23:54:14,785] {dagbag.py:500} INFO - Filling up the DagBag from /home/airflow/.local/lib/python3.8/site-packages/airflow/example_dags/example_sla_dag.py
[2022-05-18 23:54:14,839] {processor.py:654} INFO - DAG(s) dict_keys(['example_sla_dag']) retrieved from /home/airflow/.local/lib/python3.8/site-packages/airflow/example_dags/example_sla_dag.py
[2022-05-18 23:54:14,852] {logging_mixin.py:109} INFO - [2022-05-18 23:54:14,852] {dag.py:2398} INFO - Sync 1 DAGs
[2022-05-18 23:54:14,879] {logging_mixin.py:109} INFO - [2022-05-18 23:54:14,879] {dag.py:2937} INFO - Setting next_dagrun for example_sla_dag to 2022-05-18T23:52:00+00:00
[2022-05-18 23:54:14,897] {processor.py:171} INFO - Processing /home/airflow/.local/lib/python3.8/site-packages/airflow/example_dags/example_sla_dag.py took 0.116 seconds
[2022-05-18 23:54:45,774] {processor.py:163} INFO - Started process (PID=5127) to work on /home/airflow/.local/lib/python3.8/site-packages/airflow/example_dags/example_sla_dag.py
[2022-05-18 23:54:45,775] {processor.py:642} INFO - Processing file /home/airflow/.local/lib/python3.8/site-packages/airflow/example_dags/example_sla_dag.py for tasks to queue
[2022-05-18 23:54:45,776] {logging_mixin.py:109} INFO - [2022-05-18 23:54:45,776] {dagbag.py:500} INFO - Filling up the DagBag from /home/airflow/.local/lib/python3.8/site-packages/airflow/example_dags/example_sla_dag.py
[2022-05-18 23:54:45,811] {processor.py:654} INFO - DAG(s) dict_keys(['example_sla_dag']) retrieved from /home/airflow/.local/lib/python3.8/site-packages/airflow/example_dags/example_sla_dag.py
[2022-05-18 23:54:45,821] {logging_mixin.py:109} INFO - [2022-05-18 23:54:45,820] {dag.py:2398} INFO - Sync 1 DAGs
[2022-05-18 23:54:45,844] {logging_mixin.py:109} INFO - [2022-05-18 23:54:45,843] {dag.py:2937} INFO - Setting next_dagrun for example_sla_dag to 2022-05-18T23:52:00+00:00
[2022-05-18 23:54:45,856] {processor.py:171} INFO - Processing /home/airflow/.local/lib/python3.8/site-packages/airflow/example_dags/example_sla_dag.py took 0.084 seconds
[2022-05-18 23:55:16,643] {processor.py:163} INFO - Started process (PID=5212) to work on /home/airflow/.local/lib/python3.8/site-packages/airflow/example_dags/example_sla_dag.py
[2022-05-18 23:55:16,644] {processor.py:642} INFO - Processing file /home/airflow/.local/lib/python3.8/site-packages/airflow/example_dags/example_sla_dag.py for tasks to queue
[2022-05-18 23:55:16,645] {logging_mixin.py:109} INFO - [2022-05-18 23:55:16,645] {dagbag.py:500} INFO - Filling up the DagBag from /home/airflow/.local/lib/python3.8/site-packages/airflow/example_dags/example_sla_dag.py
[2022-05-18 23:55:16,694] {processor.py:654} INFO - DAG(s) dict_keys(['example_sla_dag']) retrieved from /home/airflow/.local/lib/python3.8/site-packages/airflow/example_dags/example_sla_dag.py
[2022-05-18 23:55:16,706] {logging_mixin.py:109} INFO - [2022-05-18 23:55:16,705] {dag.py:2398} INFO - Sync 1 DAGs
[2022-05-18 23:55:16,729] {logging_mixin.py:109} INFO - [2022-05-18 23:55:16,729] {dag.py:2937} INFO - Setting next_dagrun for example_sla_dag to 2022-05-18T23:52:00+00:00
[2022-05-18 23:55:16,743] {processor.py:171} INFO - Processing /home/airflow/.local/lib/python3.8/site-packages/airflow/example_dags/example_sla_dag.py took 0.103 seconds
[2022-05-18 23:55:47,650] {processor.py:163} INFO - Started process (PID=5296) to work on /home/airflow/.local/lib/python3.8/site-packages/airflow/example_dags/example_sla_dag.py
[2022-05-18 23:55:47,651] {processor.py:642} INFO - Processing file /home/airflow/.local/lib/python3.8/site-packages/airflow/example_dags/example_sla_dag.py for tasks to queue
[2022-05-18 23:55:47,652] {logging_mixin.py:109} INFO - [2022-05-18 23:55:47,652] {dagbag.py:500} INFO - Filling up the DagBag from /home/airflow/.local/lib/python3.8/site-packages/airflow/example_dags/example_sla_dag.py
[2022-05-18 23:55:47,689] {processor.py:654} INFO - DAG(s) dict_keys(['example_sla_dag']) retrieved from /home/airflow/.local/lib/python3.8/site-packages/airflow/example_dags/example_sla_dag.py
[2022-05-18 23:55:47,697] {logging_mixin.py:109} INFO - [2022-05-18 23:55:47,697] {dag.py:2398} INFO - Sync 1 DAGs
[2022-05-18 23:55:47,718] {logging_mixin.py:109} INFO - [2022-05-18 23:55:47,718] {dag.py:2937} INFO - Setting next_dagrun for example_sla_dag to 2022-05-18T23:52:00+00:00
[2022-05-18 23:55:47,729] {processor.py:171} INFO - Processing /home/airflow/.local/lib/python3.8/site-packages/airflow/example_dags/example_sla_dag.py took 0.081 seconds
[2022-05-18 23:56:18,067] {processor.py:163} INFO - Started process (PID=5388) to work on /home/airflow/.local/lib/python3.8/site-packages/airflow/example_dags/example_sla_dag.py
[2022-05-18 23:56:18,068] {processor.py:642} INFO - Processing file /home/airflow/.local/lib/python3.8/site-packages/airflow/example_dags/example_sla_dag.py for tasks to queue
[2022-05-18 23:56:18,069] {logging_mixin.py:109} INFO - [2022-05-18 23:56:18,069] {dagbag.py:500} INFO - Filling up the DagBag from /home/airflow/.local/lib/python3.8/site-packages/airflow/example_dags/example_sla_dag.py
[2022-05-18 23:56:18,117] {processor.py:654} INFO - DAG(s) dict_keys(['example_sla_dag']) retrieved from /home/airflow/.local/lib/python3.8/site-packages/airflow/example_dags/example_sla_dag.py
[2022-05-18 23:56:18,128] {logging_mixin.py:109} INFO - [2022-05-18 23:56:18,127] {dag.py:2398} INFO - Sync 1 DAGs
[2022-05-18 23:56:18,150] {logging_mixin.py:109} INFO - [2022-05-18 23:56:18,150] {dag.py:2937} INFO - Setting next_dagrun for example_sla_dag to 2022-05-18T23:54:00+00:00
[2022-05-18 23:56:18,163] {processor.py:171} INFO - Processing /home/airflow/.local/lib/python3.8/site-packages/airflow/example_dags/example_sla_dag.py took 0.101 seconds
[2022-05-18 23:56:48,865] {processor.py:163} INFO - Started process (PID=5474) to work on /home/airflow/.local/lib/python3.8/site-packages/airflow/example_dags/example_sla_dag.py
[2022-05-18 23:56:48,866] {processor.py:642} INFO - Processing file /home/airflow/.local/lib/python3.8/site-packages/airflow/example_dags/example_sla_dag.py for tasks to queue
[2022-05-18 23:56:48,867] {logging_mixin.py:109} INFO - [2022-05-18 23:56:48,867] {dagbag.py:500} INFO - Filling up the DagBag from /home/airflow/.local/lib/python3.8/site-packages/airflow/example_dags/example_sla_dag.py
[2022-05-18 23:56:48,902] {processor.py:654} INFO - DAG(s) dict_keys(['example_sla_dag']) retrieved from /home/airflow/.local/lib/python3.8/site-packages/airflow/example_dags/example_sla_dag.py
[2022-05-18 23:56:48,912] {logging_mixin.py:109} INFO - [2022-05-18 23:56:48,912] {dag.py:2398} INFO - Sync 1 DAGs
[2022-05-18 23:56:48,930] {logging_mixin.py:109} INFO - [2022-05-18 23:56:48,930] {dag.py:2937} INFO - Setting next_dagrun for example_sla_dag to 2022-05-18T23:54:00+00:00
[2022-05-18 23:56:48,940] {processor.py:171} INFO - Processing /home/airflow/.local/lib/python3.8/site-packages/airflow/example_dags/example_sla_dag.py took 0.080 seconds
[2022-05-18 23:57:19,638] {processor.py:163} INFO - Started process (PID=5559) to work on /home/airflow/.local/lib/python3.8/site-packages/airflow/example_dags/example_sla_dag.py
[2022-05-18 23:57:19,639] {processor.py:642} INFO - Processing file /home/airflow/.local/lib/python3.8/site-packages/airflow/example_dags/example_sla_dag.py for tasks to queue
[2022-05-18 23:57:19,640] {logging_mixin.py:109} INFO - [2022-05-18 23:57:19,640] {dagbag.py:500} INFO - Filling up the DagBag from /home/airflow/.local/lib/python3.8/site-packages/airflow/example_dags/example_sla_dag.py
[2022-05-18 23:57:19,673] {processor.py:654} INFO - DAG(s) dict_keys(['example_sla_dag']) retrieved from /home/airflow/.local/lib/python3.8/site-packages/airflow/example_dags/example_sla_dag.py
[2022-05-18 23:57:19,681] {logging_mixin.py:109} INFO - [2022-05-18 23:57:19,680] {dag.py:2398} INFO - Sync 1 DAGs
[2022-05-18 23:57:19,698] {logging_mixin.py:109} INFO - [2022-05-18 23:57:19,698] {dag.py:2937} INFO - Setting next_dagrun for example_sla_dag to 2022-05-18T23:54:00+00:00
[2022-05-18 23:57:19,710] {processor.py:171} INFO - Processing /home/airflow/.local/lib/python3.8/site-packages/airflow/example_dags/example_sla_dag.py took 0.074 seconds
[2022-05-18 23:57:50,353] {processor.py:163} INFO - Started process (PID=5652) to work on /home/airflow/.local/lib/python3.8/site-packages/airflow/example_dags/example_sla_dag.py
[2022-05-18 23:57:50,354] {processor.py:642} INFO - Processing file /home/airflow/.local/lib/python3.8/site-packages/airflow/example_dags/example_sla_dag.py for tasks to queue
[2022-05-18 23:57:50,355] {logging_mixin.py:109} INFO - [2022-05-18 23:57:50,355] {dagbag.py:500} INFO - Filling up the DagBag from /home/airflow/.local/lib/python3.8/site-packages/airflow/example_dags/example_sla_dag.py
[2022-05-18 23:57:50,385] {processor.py:654} INFO - DAG(s) dict_keys(['example_sla_dag']) retrieved from /home/airflow/.local/lib/python3.8/site-packages/airflow/example_dags/example_sla_dag.py
[2022-05-18 23:57:50,393] {logging_mixin.py:109} INFO - [2022-05-18 23:57:50,393] {dag.py:2398} INFO - Sync 1 DAGs
[2022-05-18 23:57:50,409] {logging_mixin.py:109} INFO - [2022-05-18 23:57:50,409] {dag.py:2937} INFO - Setting next_dagrun for example_sla_dag to 2022-05-18T23:54:00+00:00
[2022-05-18 23:57:50,420] {processor.py:171} INFO - Processing /home/airflow/.local/lib/python3.8/site-packages/airflow/example_dags/example_sla_dag.py took 0.068 seconds
[2022-05-18 23:58:21,105] {processor.py:163} INFO - Started process (PID=5737) to work on /home/airflow/.local/lib/python3.8/site-packages/airflow/example_dags/example_sla_dag.py
[2022-05-18 23:58:21,106] {processor.py:642} INFO - Processing file /home/airflow/.local/lib/python3.8/site-packages/airflow/example_dags/example_sla_dag.py for tasks to queue
[2022-05-18 23:58:21,107] {logging_mixin.py:109} INFO - [2022-05-18 23:58:21,107] {dagbag.py:500} INFO - Filling up the DagBag from /home/airflow/.local/lib/python3.8/site-packages/airflow/example_dags/example_sla_dag.py
[2022-05-18 23:58:21,145] {processor.py:654} INFO - DAG(s) dict_keys(['example_sla_dag']) retrieved from /home/airflow/.local/lib/python3.8/site-packages/airflow/example_dags/example_sla_dag.py
[2022-05-18 23:58:21,155] {logging_mixin.py:109} INFO - [2022-05-18 23:58:21,154] {dag.py:2398} INFO - Sync 1 DAGs
[2022-05-18 23:58:21,179] {logging_mixin.py:109} INFO - [2022-05-18 23:58:21,178] {dag.py:2937} INFO - Setting next_dagrun for example_sla_dag to 2022-05-18T23:56:00+00:00
[2022-05-18 23:58:21,191] {processor.py:171} INFO - Processing /home/airflow/.local/lib/python3.8/site-packages/airflow/example_dags/example_sla_dag.py took 0.088 seconds
[2022-05-18 23:58:52,237] {processor.py:163} INFO - Started process (PID=5831) to work on /home/airflow/.local/lib/python3.8/site-packages/airflow/example_dags/example_sla_dag.py
[2022-05-18 23:58:52,238] {processor.py:642} INFO - Processing file /home/airflow/.local/lib/python3.8/site-packages/airflow/example_dags/example_sla_dag.py for tasks to queue
[2022-05-18 23:58:52,239] {logging_mixin.py:109} INFO - [2022-05-18 23:58:52,239] {dagbag.py:500} INFO - Filling up the DagBag from /home/airflow/.local/lib/python3.8/site-packages/airflow/example_dags/example_sla_dag.py
[2022-05-18 23:58:52,267] {processor.py:654} INFO - DAG(s) dict_keys(['example_sla_dag']) retrieved from /home/airflow/.local/lib/python3.8/site-packages/airflow/example_dags/example_sla_dag.py
[2022-05-18 23:58:52,276] {logging_mixin.py:109} INFO - [2022-05-18 23:58:52,276] {dag.py:2398} INFO - Sync 1 DAGs
[2022-05-18 23:58:52,298] {logging_mixin.py:109} INFO - [2022-05-18 23:58:52,297] {dag.py:2937} INFO - Setting next_dagrun for example_sla_dag to 2022-05-18T23:56:00+00:00
[2022-05-18 23:58:52,312] {processor.py:171} INFO - Processing /home/airflow/.local/lib/python3.8/site-packages/airflow/example_dags/example_sla_dag.py took 0.077 seconds
[2022-05-18 23:59:22,677] {processor.py:163} INFO - Started process (PID=5933) to work on /home/airflow/.local/lib/python3.8/site-packages/airflow/example_dags/example_sla_dag.py
[2022-05-18 23:59:22,678] {processor.py:642} INFO - Processing file /home/airflow/.local/lib/python3.8/site-packages/airflow/example_dags/example_sla_dag.py for tasks to queue
[2022-05-18 23:59:22,679] {logging_mixin.py:109} INFO - [2022-05-18 23:59:22,679] {dagbag.py:500} INFO - Filling up the DagBag from /home/airflow/.local/lib/python3.8/site-packages/airflow/example_dags/example_sla_dag.py
[2022-05-18 23:59:22,728] {processor.py:654} INFO - DAG(s) dict_keys(['example_sla_dag']) retrieved from /home/airflow/.local/lib/python3.8/site-packages/airflow/example_dags/example_sla_dag.py
[2022-05-18 23:59:22,739] {logging_mixin.py:109} INFO - [2022-05-18 23:59:22,739] {dag.py:2398} INFO - Sync 1 DAGs
[2022-05-18 23:59:22,760] {logging_mixin.py:109} INFO - [2022-05-18 23:59:22,759] {dag.py:2937} INFO - Setting next_dagrun for example_sla_dag to 2022-05-18T23:56:00+00:00
[2022-05-18 23:59:22,771] {processor.py:171} INFO - Processing /home/airflow/.local/lib/python3.8/site-packages/airflow/example_dags/example_sla_dag.py took 0.096 seconds
[2022-05-18 23:59:53,356] {processor.py:163} INFO - Started process (PID=6019) to work on /home/airflow/.local/lib/python3.8/site-packages/airflow/example_dags/example_sla_dag.py
[2022-05-18 23:59:53,357] {processor.py:642} INFO - Processing file /home/airflow/.local/lib/python3.8/site-packages/airflow/example_dags/example_sla_dag.py for tasks to queue
[2022-05-18 23:59:53,358] {logging_mixin.py:109} INFO - [2022-05-18 23:59:53,358] {dagbag.py:500} INFO - Filling up the DagBag from /home/airflow/.local/lib/python3.8/site-packages/airflow/example_dags/example_sla_dag.py
[2022-05-18 23:59:53,397] {processor.py:654} INFO - DAG(s) dict_keys(['example_sla_dag']) retrieved from /home/airflow/.local/lib/python3.8/site-packages/airflow/example_dags/example_sla_dag.py
[2022-05-18 23:59:53,408] {logging_mixin.py:109} INFO - [2022-05-18 23:59:53,407] {dag.py:2398} INFO - Sync 1 DAGs
[2022-05-18 23:59:53,428] {logging_mixin.py:109} INFO - [2022-05-18 23:59:53,428] {dag.py:2937} INFO - Setting next_dagrun for example_sla_dag to 2022-05-18T23:56:00+00:00
[2022-05-18 23:59:53,440] {processor.py:171} INFO - Processing /home/airflow/.local/lib/python3.8/site-packages/airflow/example_dags/example_sla_dag.py took 0.088 seconds
