[2022-05-18 23:24:23,703] {processor.py:163} INFO - Started process (PID=59) to work on /home/airflow/.local/lib/python3.8/site-packages/airflow/example_dags/example_branch_labels.py
[2022-05-18 23:24:23,705] {processor.py:642} INFO - Processing file /home/airflow/.local/lib/python3.8/site-packages/airflow/example_dags/example_branch_labels.py for tasks to queue
[2022-05-18 23:24:23,706] {logging_mixin.py:109} INFO - [2022-05-18 23:24:23,706] {dagbag.py:500} INFO - Filling up the DagBag from /home/airflow/.local/lib/python3.8/site-packages/airflow/example_dags/example_branch_labels.py
[2022-05-18 23:24:23,745] {processor.py:654} INFO - DAG(s) dict_keys(['example_branch_labels']) retrieved from /home/airflow/.local/lib/python3.8/site-packages/airflow/example_dags/example_branch_labels.py
[2022-05-18 23:24:23,754] {logging_mixin.py:109} INFO - [2022-05-18 23:24:23,754] {dag.py:2398} INFO - Sync 1 DAGs
[2022-05-18 23:24:23,774] {logging_mixin.py:109} INFO - [2022-05-18 23:24:23,774] {dag.py:2937} INFO - Setting next_dagrun for example_branch_labels to 2022-05-17 00:00:00+00:00
[2022-05-18 23:24:24,104] {processor.py:171} INFO - Processing /home/airflow/.local/lib/python3.8/site-packages/airflow/example_dags/example_branch_labels.py took 0.406 seconds
[2022-05-18 23:24:55,643] {processor.py:163} INFO - Started process (PID=115) to work on /home/airflow/.local/lib/python3.8/site-packages/airflow/example_dags/example_branch_labels.py
[2022-05-18 23:24:55,646] {processor.py:642} INFO - Processing file /home/airflow/.local/lib/python3.8/site-packages/airflow/example_dags/example_branch_labels.py for tasks to queue
[2022-05-18 23:24:55,649] {logging_mixin.py:109} INFO - [2022-05-18 23:24:55,648] {dagbag.py:500} INFO - Filling up the DagBag from /home/airflow/.local/lib/python3.8/site-packages/airflow/example_dags/example_branch_labels.py
[2022-05-18 23:24:55,699] {processor.py:654} INFO - DAG(s) dict_keys(['example_branch_labels']) retrieved from /home/airflow/.local/lib/python3.8/site-packages/airflow/example_dags/example_branch_labels.py
[2022-05-18 23:24:55,717] {logging_mixin.py:109} INFO - [2022-05-18 23:24:55,717] {dag.py:2398} INFO - Sync 1 DAGs
[2022-05-18 23:24:55,748] {logging_mixin.py:109} INFO - [2022-05-18 23:24:55,748] {dag.py:2937} INFO - Setting next_dagrun for example_branch_labels to 2022-05-17 00:00:00+00:00
[2022-05-18 23:24:55,765] {processor.py:171} INFO - Processing /home/airflow/.local/lib/python3.8/site-packages/airflow/example_dags/example_branch_labels.py took 0.126 seconds
[2022-05-18 23:25:26,468] {processor.py:163} INFO - Started process (PID=182) to work on /home/airflow/.local/lib/python3.8/site-packages/airflow/example_dags/example_branch_labels.py
[2022-05-18 23:25:26,469] {processor.py:642} INFO - Processing file /home/airflow/.local/lib/python3.8/site-packages/airflow/example_dags/example_branch_labels.py for tasks to queue
[2022-05-18 23:25:26,470] {logging_mixin.py:109} INFO - [2022-05-18 23:25:26,470] {dagbag.py:500} INFO - Filling up the DagBag from /home/airflow/.local/lib/python3.8/site-packages/airflow/example_dags/example_branch_labels.py
[2022-05-18 23:25:26,495] {processor.py:654} INFO - DAG(s) dict_keys(['example_branch_labels']) retrieved from /home/airflow/.local/lib/python3.8/site-packages/airflow/example_dags/example_branch_labels.py
[2022-05-18 23:25:26,503] {logging_mixin.py:109} INFO - [2022-05-18 23:25:26,503] {dag.py:2398} INFO - Sync 1 DAGs
[2022-05-18 23:25:26,516] {logging_mixin.py:109} INFO - [2022-05-18 23:25:26,516] {dag.py:2937} INFO - Setting next_dagrun for example_branch_labels to 2022-05-17 00:00:00+00:00
[2022-05-18 23:25:26,526] {processor.py:171} INFO - Processing /home/airflow/.local/lib/python3.8/site-packages/airflow/example_dags/example_branch_labels.py took 0.061 seconds
[2022-05-18 23:25:57,336] {processor.py:163} INFO - Started process (PID=251) to work on /home/airflow/.local/lib/python3.8/site-packages/airflow/example_dags/example_branch_labels.py
[2022-05-18 23:25:57,337] {processor.py:642} INFO - Processing file /home/airflow/.local/lib/python3.8/site-packages/airflow/example_dags/example_branch_labels.py for tasks to queue
[2022-05-18 23:25:57,337] {logging_mixin.py:109} INFO - [2022-05-18 23:25:57,337] {dagbag.py:500} INFO - Filling up the DagBag from /home/airflow/.local/lib/python3.8/site-packages/airflow/example_dags/example_branch_labels.py
[2022-05-18 23:25:57,363] {processor.py:654} INFO - DAG(s) dict_keys(['example_branch_labels']) retrieved from /home/airflow/.local/lib/python3.8/site-packages/airflow/example_dags/example_branch_labels.py
[2022-05-18 23:25:57,371] {logging_mixin.py:109} INFO - [2022-05-18 23:25:57,371] {dag.py:2398} INFO - Sync 1 DAGs
[2022-05-18 23:25:57,386] {logging_mixin.py:109} INFO - [2022-05-18 23:25:57,386] {dag.py:2937} INFO - Setting next_dagrun for example_branch_labels to 2022-05-17 00:00:00+00:00
[2022-05-18 23:25:57,397] {processor.py:171} INFO - Processing /home/airflow/.local/lib/python3.8/site-packages/airflow/example_dags/example_branch_labels.py took 0.064 seconds
[2022-05-18 23:26:27,882] {processor.py:163} INFO - Started process (PID=327) to work on /home/airflow/.local/lib/python3.8/site-packages/airflow/example_dags/example_branch_labels.py
[2022-05-18 23:26:27,883] {processor.py:642} INFO - Processing file /home/airflow/.local/lib/python3.8/site-packages/airflow/example_dags/example_branch_labels.py for tasks to queue
[2022-05-18 23:26:27,883] {logging_mixin.py:109} INFO - [2022-05-18 23:26:27,883] {dagbag.py:500} INFO - Filling up the DagBag from /home/airflow/.local/lib/python3.8/site-packages/airflow/example_dags/example_branch_labels.py
[2022-05-18 23:26:27,906] {processor.py:654} INFO - DAG(s) dict_keys(['example_branch_labels']) retrieved from /home/airflow/.local/lib/python3.8/site-packages/airflow/example_dags/example_branch_labels.py
[2022-05-18 23:26:27,915] {logging_mixin.py:109} INFO - [2022-05-18 23:26:27,915] {dag.py:2398} INFO - Sync 1 DAGs
[2022-05-18 23:26:27,926] {logging_mixin.py:109} INFO - [2022-05-18 23:26:27,926] {dag.py:2937} INFO - Setting next_dagrun for example_branch_labels to 2022-05-17 00:00:00+00:00
[2022-05-18 23:26:27,935] {processor.py:171} INFO - Processing /home/airflow/.local/lib/python3.8/site-packages/airflow/example_dags/example_branch_labels.py took 0.055 seconds
[2022-05-18 23:26:58,300] {processor.py:163} INFO - Started process (PID=395) to work on /home/airflow/.local/lib/python3.8/site-packages/airflow/example_dags/example_branch_labels.py
[2022-05-18 23:26:58,301] {processor.py:642} INFO - Processing file /home/airflow/.local/lib/python3.8/site-packages/airflow/example_dags/example_branch_labels.py for tasks to queue
[2022-05-18 23:26:58,301] {logging_mixin.py:109} INFO - [2022-05-18 23:26:58,301] {dagbag.py:500} INFO - Filling up the DagBag from /home/airflow/.local/lib/python3.8/site-packages/airflow/example_dags/example_branch_labels.py
[2022-05-18 23:26:58,327] {processor.py:654} INFO - DAG(s) dict_keys(['example_branch_labels']) retrieved from /home/airflow/.local/lib/python3.8/site-packages/airflow/example_dags/example_branch_labels.py
[2022-05-18 23:26:58,340] {logging_mixin.py:109} INFO - [2022-05-18 23:26:58,340] {dag.py:2398} INFO - Sync 1 DAGs
[2022-05-18 23:26:58,356] {logging_mixin.py:109} INFO - [2022-05-18 23:26:58,356] {dag.py:2937} INFO - Setting next_dagrun for example_branch_labels to 2022-05-17 00:00:00+00:00
[2022-05-18 23:26:58,365] {processor.py:171} INFO - Processing /home/airflow/.local/lib/python3.8/site-packages/airflow/example_dags/example_branch_labels.py took 0.068 seconds
[2022-05-18 23:27:28,491] {processor.py:163} INFO - Started process (PID=462) to work on /home/airflow/.local/lib/python3.8/site-packages/airflow/example_dags/example_branch_labels.py
[2022-05-18 23:27:28,492] {processor.py:642} INFO - Processing file /home/airflow/.local/lib/python3.8/site-packages/airflow/example_dags/example_branch_labels.py for tasks to queue
[2022-05-18 23:27:28,493] {logging_mixin.py:109} INFO - [2022-05-18 23:27:28,493] {dagbag.py:500} INFO - Filling up the DagBag from /home/airflow/.local/lib/python3.8/site-packages/airflow/example_dags/example_branch_labels.py
[2022-05-18 23:27:28,517] {processor.py:654} INFO - DAG(s) dict_keys(['example_branch_labels']) retrieved from /home/airflow/.local/lib/python3.8/site-packages/airflow/example_dags/example_branch_labels.py
[2022-05-18 23:27:28,526] {logging_mixin.py:109} INFO - [2022-05-18 23:27:28,526] {dag.py:2398} INFO - Sync 1 DAGs
[2022-05-18 23:27:28,539] {logging_mixin.py:109} INFO - [2022-05-18 23:27:28,539] {dag.py:2937} INFO - Setting next_dagrun for example_branch_labels to 2022-05-17 00:00:00+00:00
[2022-05-18 23:27:28,550] {processor.py:171} INFO - Processing /home/airflow/.local/lib/python3.8/site-packages/airflow/example_dags/example_branch_labels.py took 0.060 seconds
[2022-05-18 23:27:58,976] {processor.py:163} INFO - Started process (PID=538) to work on /home/airflow/.local/lib/python3.8/site-packages/airflow/example_dags/example_branch_labels.py
[2022-05-18 23:27:58,977] {processor.py:642} INFO - Processing file /home/airflow/.local/lib/python3.8/site-packages/airflow/example_dags/example_branch_labels.py for tasks to queue
[2022-05-18 23:27:58,978] {logging_mixin.py:109} INFO - [2022-05-18 23:27:58,977] {dagbag.py:500} INFO - Filling up the DagBag from /home/airflow/.local/lib/python3.8/site-packages/airflow/example_dags/example_branch_labels.py
[2022-05-18 23:27:59,004] {processor.py:654} INFO - DAG(s) dict_keys(['example_branch_labels']) retrieved from /home/airflow/.local/lib/python3.8/site-packages/airflow/example_dags/example_branch_labels.py
[2022-05-18 23:27:59,012] {logging_mixin.py:109} INFO - [2022-05-18 23:27:59,012] {dag.py:2398} INFO - Sync 1 DAGs
[2022-05-18 23:27:59,025] {logging_mixin.py:109} INFO - [2022-05-18 23:27:59,025] {dag.py:2937} INFO - Setting next_dagrun for example_branch_labels to 2022-05-17 00:00:00+00:00
[2022-05-18 23:27:59,035] {processor.py:171} INFO - Processing /home/airflow/.local/lib/python3.8/site-packages/airflow/example_dags/example_branch_labels.py took 0.061 seconds
[2022-05-18 23:28:29,296] {processor.py:163} INFO - Started process (PID=605) to work on /home/airflow/.local/lib/python3.8/site-packages/airflow/example_dags/example_branch_labels.py
[2022-05-18 23:28:29,297] {processor.py:642} INFO - Processing file /home/airflow/.local/lib/python3.8/site-packages/airflow/example_dags/example_branch_labels.py for tasks to queue
[2022-05-18 23:28:29,298] {logging_mixin.py:109} INFO - [2022-05-18 23:28:29,297] {dagbag.py:500} INFO - Filling up the DagBag from /home/airflow/.local/lib/python3.8/site-packages/airflow/example_dags/example_branch_labels.py
[2022-05-18 23:28:29,330] {processor.py:654} INFO - DAG(s) dict_keys(['example_branch_labels']) retrieved from /home/airflow/.local/lib/python3.8/site-packages/airflow/example_dags/example_branch_labels.py
[2022-05-18 23:28:29,337] {logging_mixin.py:109} INFO - [2022-05-18 23:28:29,337] {dag.py:2398} INFO - Sync 1 DAGs
[2022-05-18 23:28:29,353] {logging_mixin.py:109} INFO - [2022-05-18 23:28:29,353] {dag.py:2937} INFO - Setting next_dagrun for example_branch_labels to 2022-05-17 00:00:00+00:00
[2022-05-18 23:28:29,363] {processor.py:171} INFO - Processing /home/airflow/.local/lib/python3.8/site-packages/airflow/example_dags/example_branch_labels.py took 0.069 seconds
[2022-05-18 23:28:59,441] {processor.py:163} INFO - Started process (PID=681) to work on /home/airflow/.local/lib/python3.8/site-packages/airflow/example_dags/example_branch_labels.py
[2022-05-18 23:28:59,442] {processor.py:642} INFO - Processing file /home/airflow/.local/lib/python3.8/site-packages/airflow/example_dags/example_branch_labels.py for tasks to queue
[2022-05-18 23:28:59,443] {logging_mixin.py:109} INFO - [2022-05-18 23:28:59,443] {dagbag.py:500} INFO - Filling up the DagBag from /home/airflow/.local/lib/python3.8/site-packages/airflow/example_dags/example_branch_labels.py
[2022-05-18 23:28:59,469] {processor.py:654} INFO - DAG(s) dict_keys(['example_branch_labels']) retrieved from /home/airflow/.local/lib/python3.8/site-packages/airflow/example_dags/example_branch_labels.py
[2022-05-18 23:28:59,479] {logging_mixin.py:109} INFO - [2022-05-18 23:28:59,479] {dag.py:2398} INFO - Sync 1 DAGs
[2022-05-18 23:28:59,500] {logging_mixin.py:109} INFO - [2022-05-18 23:28:59,500] {dag.py:2937} INFO - Setting next_dagrun for example_branch_labels to 2022-05-17 00:00:00+00:00
[2022-05-18 23:28:59,508] {processor.py:171} INFO - Processing /home/airflow/.local/lib/python3.8/site-packages/airflow/example_dags/example_branch_labels.py took 0.070 seconds
[2022-05-18 23:29:29,667] {processor.py:163} INFO - Started process (PID=748) to work on /home/airflow/.local/lib/python3.8/site-packages/airflow/example_dags/example_branch_labels.py
[2022-05-18 23:29:29,669] {processor.py:642} INFO - Processing file /home/airflow/.local/lib/python3.8/site-packages/airflow/example_dags/example_branch_labels.py for tasks to queue
[2022-05-18 23:29:29,670] {logging_mixin.py:109} INFO - [2022-05-18 23:29:29,670] {dagbag.py:500} INFO - Filling up the DagBag from /home/airflow/.local/lib/python3.8/site-packages/airflow/example_dags/example_branch_labels.py
[2022-05-18 23:29:29,695] {processor.py:654} INFO - DAG(s) dict_keys(['example_branch_labels']) retrieved from /home/airflow/.local/lib/python3.8/site-packages/airflow/example_dags/example_branch_labels.py
[2022-05-18 23:29:29,704] {logging_mixin.py:109} INFO - [2022-05-18 23:29:29,703] {dag.py:2398} INFO - Sync 1 DAGs
[2022-05-18 23:29:29,721] {logging_mixin.py:109} INFO - [2022-05-18 23:29:29,721] {dag.py:2937} INFO - Setting next_dagrun for example_branch_labels to 2022-05-17 00:00:00+00:00
[2022-05-18 23:29:29,732] {processor.py:171} INFO - Processing /home/airflow/.local/lib/python3.8/site-packages/airflow/example_dags/example_branch_labels.py took 0.066 seconds
[2022-05-18 23:29:59,758] {processor.py:163} INFO - Started process (PID=815) to work on /home/airflow/.local/lib/python3.8/site-packages/airflow/example_dags/example_branch_labels.py
[2022-05-18 23:29:59,759] {processor.py:642} INFO - Processing file /home/airflow/.local/lib/python3.8/site-packages/airflow/example_dags/example_branch_labels.py for tasks to queue
[2022-05-18 23:29:59,759] {logging_mixin.py:109} INFO - [2022-05-18 23:29:59,759] {dagbag.py:500} INFO - Filling up the DagBag from /home/airflow/.local/lib/python3.8/site-packages/airflow/example_dags/example_branch_labels.py
[2022-05-18 23:29:59,783] {processor.py:654} INFO - DAG(s) dict_keys(['example_branch_labels']) retrieved from /home/airflow/.local/lib/python3.8/site-packages/airflow/example_dags/example_branch_labels.py
[2022-05-18 23:29:59,793] {logging_mixin.py:109} INFO - [2022-05-18 23:29:59,793] {dag.py:2398} INFO - Sync 1 DAGs
[2022-05-18 23:29:59,807] {logging_mixin.py:109} INFO - [2022-05-18 23:29:59,807] {dag.py:2937} INFO - Setting next_dagrun for example_branch_labels to 2022-05-17 00:00:00+00:00
[2022-05-18 23:29:59,817] {processor.py:171} INFO - Processing /home/airflow/.local/lib/python3.8/site-packages/airflow/example_dags/example_branch_labels.py took 0.062 seconds
[2022-05-18 23:30:30,163] {processor.py:163} INFO - Started process (PID=892) to work on /home/airflow/.local/lib/python3.8/site-packages/airflow/example_dags/example_branch_labels.py
[2022-05-18 23:30:30,164] {processor.py:642} INFO - Processing file /home/airflow/.local/lib/python3.8/site-packages/airflow/example_dags/example_branch_labels.py for tasks to queue
[2022-05-18 23:30:30,165] {logging_mixin.py:109} INFO - [2022-05-18 23:30:30,164] {dagbag.py:500} INFO - Filling up the DagBag from /home/airflow/.local/lib/python3.8/site-packages/airflow/example_dags/example_branch_labels.py
[2022-05-18 23:30:30,196] {processor.py:654} INFO - DAG(s) dict_keys(['example_branch_labels']) retrieved from /home/airflow/.local/lib/python3.8/site-packages/airflow/example_dags/example_branch_labels.py
[2022-05-18 23:30:30,206] {logging_mixin.py:109} INFO - [2022-05-18 23:30:30,206] {dag.py:2398} INFO - Sync 1 DAGs
[2022-05-18 23:30:30,224] {logging_mixin.py:109} INFO - [2022-05-18 23:30:30,223] {dag.py:2937} INFO - Setting next_dagrun for example_branch_labels to 2022-05-17 00:00:00+00:00
[2022-05-18 23:30:30,234] {processor.py:171} INFO - Processing /home/airflow/.local/lib/python3.8/site-packages/airflow/example_dags/example_branch_labels.py took 0.073 seconds
[2022-05-18 23:31:00,555] {processor.py:163} INFO - Started process (PID=978) to work on /home/airflow/.local/lib/python3.8/site-packages/airflow/example_dags/example_branch_labels.py
[2022-05-18 23:31:00,556] {processor.py:642} INFO - Processing file /home/airflow/.local/lib/python3.8/site-packages/airflow/example_dags/example_branch_labels.py for tasks to queue
[2022-05-18 23:31:00,556] {logging_mixin.py:109} INFO - [2022-05-18 23:31:00,556] {dagbag.py:500} INFO - Filling up the DagBag from /home/airflow/.local/lib/python3.8/site-packages/airflow/example_dags/example_branch_labels.py
[2022-05-18 23:31:00,582] {processor.py:654} INFO - DAG(s) dict_keys(['example_branch_labels']) retrieved from /home/airflow/.local/lib/python3.8/site-packages/airflow/example_dags/example_branch_labels.py
[2022-05-18 23:31:00,593] {logging_mixin.py:109} INFO - [2022-05-18 23:31:00,593] {dag.py:2398} INFO - Sync 1 DAGs
[2022-05-18 23:31:00,609] {logging_mixin.py:109} INFO - [2022-05-18 23:31:00,609] {dag.py:2937} INFO - Setting next_dagrun for example_branch_labels to 2022-05-17 00:00:00+00:00
[2022-05-18 23:31:00,618] {processor.py:171} INFO - Processing /home/airflow/.local/lib/python3.8/site-packages/airflow/example_dags/example_branch_labels.py took 0.066 seconds
[2022-05-18 23:31:31,452] {processor.py:163} INFO - Started process (PID=1069) to work on /home/airflow/.local/lib/python3.8/site-packages/airflow/example_dags/example_branch_labels.py
[2022-05-18 23:31:31,454] {processor.py:642} INFO - Processing file /home/airflow/.local/lib/python3.8/site-packages/airflow/example_dags/example_branch_labels.py for tasks to queue
[2022-05-18 23:31:31,455] {logging_mixin.py:109} INFO - [2022-05-18 23:31:31,455] {dagbag.py:500} INFO - Filling up the DagBag from /home/airflow/.local/lib/python3.8/site-packages/airflow/example_dags/example_branch_labels.py
[2022-05-18 23:31:31,493] {processor.py:654} INFO - DAG(s) dict_keys(['example_branch_labels']) retrieved from /home/airflow/.local/lib/python3.8/site-packages/airflow/example_dags/example_branch_labels.py
[2022-05-18 23:31:31,504] {logging_mixin.py:109} INFO - [2022-05-18 23:31:31,504] {dag.py:2398} INFO - Sync 1 DAGs
[2022-05-18 23:31:31,522] {logging_mixin.py:109} INFO - [2022-05-18 23:31:31,522] {dag.py:2937} INFO - Setting next_dagrun for example_branch_labels to 2022-05-17 00:00:00+00:00
[2022-05-18 23:31:31,534] {processor.py:171} INFO - Processing /home/airflow/.local/lib/python3.8/site-packages/airflow/example_dags/example_branch_labels.py took 0.086 seconds
[2022-05-18 23:32:01,767] {processor.py:163} INFO - Started process (PID=1137) to work on /home/airflow/.local/lib/python3.8/site-packages/airflow/example_dags/example_branch_labels.py
[2022-05-18 23:32:01,767] {processor.py:642} INFO - Processing file /home/airflow/.local/lib/python3.8/site-packages/airflow/example_dags/example_branch_labels.py for tasks to queue
[2022-05-18 23:32:01,768] {logging_mixin.py:109} INFO - [2022-05-18 23:32:01,768] {dagbag.py:500} INFO - Filling up the DagBag from /home/airflow/.local/lib/python3.8/site-packages/airflow/example_dags/example_branch_labels.py
[2022-05-18 23:32:01,792] {processor.py:654} INFO - DAG(s) dict_keys(['example_branch_labels']) retrieved from /home/airflow/.local/lib/python3.8/site-packages/airflow/example_dags/example_branch_labels.py
[2022-05-18 23:32:01,801] {logging_mixin.py:109} INFO - [2022-05-18 23:32:01,801] {dag.py:2398} INFO - Sync 1 DAGs
[2022-05-18 23:32:01,817] {logging_mixin.py:109} INFO - [2022-05-18 23:32:01,817] {dag.py:2937} INFO - Setting next_dagrun for example_branch_labels to 2022-05-17 00:00:00+00:00
[2022-05-18 23:32:01,827] {processor.py:171} INFO - Processing /home/airflow/.local/lib/python3.8/site-packages/airflow/example_dags/example_branch_labels.py took 0.062 seconds
[2022-05-18 23:32:32,087] {processor.py:163} INFO - Started process (PID=1222) to work on /home/airflow/.local/lib/python3.8/site-packages/airflow/example_dags/example_branch_labels.py
[2022-05-18 23:32:32,088] {processor.py:642} INFO - Processing file /home/airflow/.local/lib/python3.8/site-packages/airflow/example_dags/example_branch_labels.py for tasks to queue
[2022-05-18 23:32:32,088] {logging_mixin.py:109} INFO - [2022-05-18 23:32:32,088] {dagbag.py:500} INFO - Filling up the DagBag from /home/airflow/.local/lib/python3.8/site-packages/airflow/example_dags/example_branch_labels.py
[2022-05-18 23:32:32,117] {processor.py:654} INFO - DAG(s) dict_keys(['example_branch_labels']) retrieved from /home/airflow/.local/lib/python3.8/site-packages/airflow/example_dags/example_branch_labels.py
[2022-05-18 23:32:32,126] {logging_mixin.py:109} INFO - [2022-05-18 23:32:32,126] {dag.py:2398} INFO - Sync 1 DAGs
[2022-05-18 23:32:32,141] {logging_mixin.py:109} INFO - [2022-05-18 23:32:32,141] {dag.py:2937} INFO - Setting next_dagrun for example_branch_labels to 2022-05-17 00:00:00+00:00
[2022-05-18 23:32:32,151] {processor.py:171} INFO - Processing /home/airflow/.local/lib/python3.8/site-packages/airflow/example_dags/example_branch_labels.py took 0.067 seconds
[2022-05-18 23:33:02,197] {processor.py:163} INFO - Started process (PID=1316) to work on /home/airflow/.local/lib/python3.8/site-packages/airflow/example_dags/example_branch_labels.py
[2022-05-18 23:33:02,199] {processor.py:642} INFO - Processing file /home/airflow/.local/lib/python3.8/site-packages/airflow/example_dags/example_branch_labels.py for tasks to queue
[2022-05-18 23:33:02,199] {logging_mixin.py:109} INFO - [2022-05-18 23:33:02,199] {dagbag.py:500} INFO - Filling up the DagBag from /home/airflow/.local/lib/python3.8/site-packages/airflow/example_dags/example_branch_labels.py
[2022-05-18 23:33:02,230] {processor.py:654} INFO - DAG(s) dict_keys(['example_branch_labels']) retrieved from /home/airflow/.local/lib/python3.8/site-packages/airflow/example_dags/example_branch_labels.py
[2022-05-18 23:33:02,243] {logging_mixin.py:109} INFO - [2022-05-18 23:33:02,242] {dag.py:2398} INFO - Sync 1 DAGs
[2022-05-18 23:33:02,260] {logging_mixin.py:109} INFO - [2022-05-18 23:33:02,260] {dag.py:2937} INFO - Setting next_dagrun for example_branch_labels to 2022-05-17 00:00:00+00:00
[2022-05-18 23:33:02,269] {processor.py:171} INFO - Processing /home/airflow/.local/lib/python3.8/site-packages/airflow/example_dags/example_branch_labels.py took 0.074 seconds
[2022-05-18 23:33:32,516] {processor.py:163} INFO - Started process (PID=1400) to work on /home/airflow/.local/lib/python3.8/site-packages/airflow/example_dags/example_branch_labels.py
[2022-05-18 23:33:32,517] {processor.py:642} INFO - Processing file /home/airflow/.local/lib/python3.8/site-packages/airflow/example_dags/example_branch_labels.py for tasks to queue
[2022-05-18 23:33:32,517] {logging_mixin.py:109} INFO - [2022-05-18 23:33:32,517] {dagbag.py:500} INFO - Filling up the DagBag from /home/airflow/.local/lib/python3.8/site-packages/airflow/example_dags/example_branch_labels.py
[2022-05-18 23:33:32,545] {processor.py:654} INFO - DAG(s) dict_keys(['example_branch_labels']) retrieved from /home/airflow/.local/lib/python3.8/site-packages/airflow/example_dags/example_branch_labels.py
[2022-05-18 23:33:32,553] {logging_mixin.py:109} INFO - [2022-05-18 23:33:32,553] {dag.py:2398} INFO - Sync 1 DAGs
[2022-05-18 23:33:32,569] {logging_mixin.py:109} INFO - [2022-05-18 23:33:32,569] {dag.py:2937} INFO - Setting next_dagrun for example_branch_labels to 2022-05-17 00:00:00+00:00
[2022-05-18 23:33:32,582] {processor.py:171} INFO - Processing /home/airflow/.local/lib/python3.8/site-packages/airflow/example_dags/example_branch_labels.py took 0.067 seconds
[2022-05-18 23:34:03,254] {processor.py:163} INFO - Started process (PID=1490) to work on /home/airflow/.local/lib/python3.8/site-packages/airflow/example_dags/example_branch_labels.py
[2022-05-18 23:34:03,256] {processor.py:642} INFO - Processing file /home/airflow/.local/lib/python3.8/site-packages/airflow/example_dags/example_branch_labels.py for tasks to queue
[2022-05-18 23:34:03,257] {logging_mixin.py:109} INFO - [2022-05-18 23:34:03,256] {dagbag.py:500} INFO - Filling up the DagBag from /home/airflow/.local/lib/python3.8/site-packages/airflow/example_dags/example_branch_labels.py
[2022-05-18 23:34:03,293] {processor.py:654} INFO - DAG(s) dict_keys(['example_branch_labels']) retrieved from /home/airflow/.local/lib/python3.8/site-packages/airflow/example_dags/example_branch_labels.py
[2022-05-18 23:34:03,302] {logging_mixin.py:109} INFO - [2022-05-18 23:34:03,302] {dag.py:2398} INFO - Sync 1 DAGs
[2022-05-18 23:34:03,317] {logging_mixin.py:109} INFO - [2022-05-18 23:34:03,317] {dag.py:2937} INFO - Setting next_dagrun for example_branch_labels to 2022-05-17 00:00:00+00:00
[2022-05-18 23:34:03,326] {processor.py:171} INFO - Processing /home/airflow/.local/lib/python3.8/site-packages/airflow/example_dags/example_branch_labels.py took 0.075 seconds
[2022-05-18 23:34:33,368] {processor.py:163} INFO - Started process (PID=1560) to work on /home/airflow/.local/lib/python3.8/site-packages/airflow/example_dags/example_branch_labels.py
[2022-05-18 23:34:33,368] {processor.py:642} INFO - Processing file /home/airflow/.local/lib/python3.8/site-packages/airflow/example_dags/example_branch_labels.py for tasks to queue
[2022-05-18 23:34:33,369] {logging_mixin.py:109} INFO - [2022-05-18 23:34:33,369] {dagbag.py:500} INFO - Filling up the DagBag from /home/airflow/.local/lib/python3.8/site-packages/airflow/example_dags/example_branch_labels.py
[2022-05-18 23:34:33,394] {processor.py:654} INFO - DAG(s) dict_keys(['example_branch_labels']) retrieved from /home/airflow/.local/lib/python3.8/site-packages/airflow/example_dags/example_branch_labels.py
[2022-05-18 23:34:33,403] {logging_mixin.py:109} INFO - [2022-05-18 23:34:33,403] {dag.py:2398} INFO - Sync 1 DAGs
[2022-05-18 23:34:33,419] {logging_mixin.py:109} INFO - [2022-05-18 23:34:33,419] {dag.py:2937} INFO - Setting next_dagrun for example_branch_labels to 2022-05-17 00:00:00+00:00
[2022-05-18 23:34:33,429] {processor.py:171} INFO - Processing /home/airflow/.local/lib/python3.8/site-packages/airflow/example_dags/example_branch_labels.py took 0.063 seconds
[2022-05-18 23:35:03,674] {processor.py:163} INFO - Started process (PID=1644) to work on /home/airflow/.local/lib/python3.8/site-packages/airflow/example_dags/example_branch_labels.py
[2022-05-18 23:35:03,676] {processor.py:642} INFO - Processing file /home/airflow/.local/lib/python3.8/site-packages/airflow/example_dags/example_branch_labels.py for tasks to queue
[2022-05-18 23:35:03,676] {logging_mixin.py:109} INFO - [2022-05-18 23:35:03,676] {dagbag.py:500} INFO - Filling up the DagBag from /home/airflow/.local/lib/python3.8/site-packages/airflow/example_dags/example_branch_labels.py
[2022-05-18 23:35:03,712] {processor.py:654} INFO - DAG(s) dict_keys(['example_branch_labels']) retrieved from /home/airflow/.local/lib/python3.8/site-packages/airflow/example_dags/example_branch_labels.py
[2022-05-18 23:35:03,726] {logging_mixin.py:109} INFO - [2022-05-18 23:35:03,725] {dag.py:2398} INFO - Sync 1 DAGs
[2022-05-18 23:35:03,749] {logging_mixin.py:109} INFO - [2022-05-18 23:35:03,748] {dag.py:2937} INFO - Setting next_dagrun for example_branch_labels to 2022-05-17 00:00:00+00:00
[2022-05-18 23:35:03,760] {processor.py:171} INFO - Processing /home/airflow/.local/lib/python3.8/site-packages/airflow/example_dags/example_branch_labels.py took 0.088 seconds
[2022-05-18 23:35:34,295] {processor.py:163} INFO - Started process (PID=1738) to work on /home/airflow/.local/lib/python3.8/site-packages/airflow/example_dags/example_branch_labels.py
[2022-05-18 23:35:34,296] {processor.py:642} INFO - Processing file /home/airflow/.local/lib/python3.8/site-packages/airflow/example_dags/example_branch_labels.py for tasks to queue
[2022-05-18 23:35:34,297] {logging_mixin.py:109} INFO - [2022-05-18 23:35:34,296] {dagbag.py:500} INFO - Filling up the DagBag from /home/airflow/.local/lib/python3.8/site-packages/airflow/example_dags/example_branch_labels.py
[2022-05-18 23:35:34,329] {processor.py:654} INFO - DAG(s) dict_keys(['example_branch_labels']) retrieved from /home/airflow/.local/lib/python3.8/site-packages/airflow/example_dags/example_branch_labels.py
[2022-05-18 23:35:34,339] {logging_mixin.py:109} INFO - [2022-05-18 23:35:34,339] {dag.py:2398} INFO - Sync 1 DAGs
[2022-05-18 23:35:34,353] {logging_mixin.py:109} INFO - [2022-05-18 23:35:34,353] {dag.py:2937} INFO - Setting next_dagrun for example_branch_labels to 2022-05-17 00:00:00+00:00
[2022-05-18 23:35:34,363] {processor.py:171} INFO - Processing /home/airflow/.local/lib/python3.8/site-packages/airflow/example_dags/example_branch_labels.py took 0.071 seconds
[2022-05-18 23:36:04,544] {processor.py:163} INFO - Started process (PID=1822) to work on /home/airflow/.local/lib/python3.8/site-packages/airflow/example_dags/example_branch_labels.py
[2022-05-18 23:36:04,545] {processor.py:642} INFO - Processing file /home/airflow/.local/lib/python3.8/site-packages/airflow/example_dags/example_branch_labels.py for tasks to queue
[2022-05-18 23:36:04,546] {logging_mixin.py:109} INFO - [2022-05-18 23:36:04,546] {dagbag.py:500} INFO - Filling up the DagBag from /home/airflow/.local/lib/python3.8/site-packages/airflow/example_dags/example_branch_labels.py
[2022-05-18 23:36:04,574] {processor.py:654} INFO - DAG(s) dict_keys(['example_branch_labels']) retrieved from /home/airflow/.local/lib/python3.8/site-packages/airflow/example_dags/example_branch_labels.py
[2022-05-18 23:36:04,584] {logging_mixin.py:109} INFO - [2022-05-18 23:36:04,583] {dag.py:2398} INFO - Sync 1 DAGs
[2022-05-18 23:36:04,602] {logging_mixin.py:109} INFO - [2022-05-18 23:36:04,602] {dag.py:2937} INFO - Setting next_dagrun for example_branch_labels to 2022-05-17 00:00:00+00:00
[2022-05-18 23:36:04,612] {processor.py:171} INFO - Processing /home/airflow/.local/lib/python3.8/site-packages/airflow/example_dags/example_branch_labels.py took 0.069 seconds
[2022-05-18 23:36:34,717] {processor.py:163} INFO - Started process (PID=1906) to work on /home/airflow/.local/lib/python3.8/site-packages/airflow/example_dags/example_branch_labels.py
[2022-05-18 23:36:34,718] {processor.py:642} INFO - Processing file /home/airflow/.local/lib/python3.8/site-packages/airflow/example_dags/example_branch_labels.py for tasks to queue
[2022-05-18 23:36:34,719] {logging_mixin.py:109} INFO - [2022-05-18 23:36:34,719] {dagbag.py:500} INFO - Filling up the DagBag from /home/airflow/.local/lib/python3.8/site-packages/airflow/example_dags/example_branch_labels.py
[2022-05-18 23:36:34,747] {processor.py:654} INFO - DAG(s) dict_keys(['example_branch_labels']) retrieved from /home/airflow/.local/lib/python3.8/site-packages/airflow/example_dags/example_branch_labels.py
[2022-05-18 23:36:34,757] {logging_mixin.py:109} INFO - [2022-05-18 23:36:34,757] {dag.py:2398} INFO - Sync 1 DAGs
[2022-05-18 23:36:34,775] {logging_mixin.py:109} INFO - [2022-05-18 23:36:34,774] {dag.py:2937} INFO - Setting next_dagrun for example_branch_labels to 2022-05-17 00:00:00+00:00
[2022-05-18 23:36:34,784] {processor.py:171} INFO - Processing /home/airflow/.local/lib/python3.8/site-packages/airflow/example_dags/example_branch_labels.py took 0.068 seconds
[2022-05-18 23:37:05,351] {processor.py:163} INFO - Started process (PID=1999) to work on /home/airflow/.local/lib/python3.8/site-packages/airflow/example_dags/example_branch_labels.py
[2022-05-18 23:37:05,353] {processor.py:642} INFO - Processing file /home/airflow/.local/lib/python3.8/site-packages/airflow/example_dags/example_branch_labels.py for tasks to queue
[2022-05-18 23:37:05,354] {logging_mixin.py:109} INFO - [2022-05-18 23:37:05,354] {dagbag.py:500} INFO - Filling up the DagBag from /home/airflow/.local/lib/python3.8/site-packages/airflow/example_dags/example_branch_labels.py
[2022-05-18 23:37:05,381] {processor.py:654} INFO - DAG(s) dict_keys(['example_branch_labels']) retrieved from /home/airflow/.local/lib/python3.8/site-packages/airflow/example_dags/example_branch_labels.py
[2022-05-18 23:37:05,392] {logging_mixin.py:109} INFO - [2022-05-18 23:37:05,392] {dag.py:2398} INFO - Sync 1 DAGs
[2022-05-18 23:37:05,407] {logging_mixin.py:109} INFO - [2022-05-18 23:37:05,407] {dag.py:2937} INFO - Setting next_dagrun for example_branch_labels to 2022-05-17 00:00:00+00:00
[2022-05-18 23:37:05,416] {processor.py:171} INFO - Processing /home/airflow/.local/lib/python3.8/site-packages/airflow/example_dags/example_branch_labels.py took 0.067 seconds
[2022-05-18 23:37:35,681] {processor.py:163} INFO - Started process (PID=2085) to work on /home/airflow/.local/lib/python3.8/site-packages/airflow/example_dags/example_branch_labels.py
[2022-05-18 23:37:35,681] {processor.py:642} INFO - Processing file /home/airflow/.local/lib/python3.8/site-packages/airflow/example_dags/example_branch_labels.py for tasks to queue
[2022-05-18 23:37:35,682] {logging_mixin.py:109} INFO - [2022-05-18 23:37:35,682] {dagbag.py:500} INFO - Filling up the DagBag from /home/airflow/.local/lib/python3.8/site-packages/airflow/example_dags/example_branch_labels.py
[2022-05-18 23:37:35,708] {processor.py:654} INFO - DAG(s) dict_keys(['example_branch_labels']) retrieved from /home/airflow/.local/lib/python3.8/site-packages/airflow/example_dags/example_branch_labels.py
[2022-05-18 23:37:35,717] {logging_mixin.py:109} INFO - [2022-05-18 23:37:35,717] {dag.py:2398} INFO - Sync 1 DAGs
[2022-05-18 23:37:35,730] {logging_mixin.py:109} INFO - [2022-05-18 23:37:35,730] {dag.py:2937} INFO - Setting next_dagrun for example_branch_labels to 2022-05-17 00:00:00+00:00
[2022-05-18 23:37:35,744] {processor.py:171} INFO - Processing /home/airflow/.local/lib/python3.8/site-packages/airflow/example_dags/example_branch_labels.py took 0.065 seconds
[2022-05-18 23:38:06,513] {processor.py:163} INFO - Started process (PID=2177) to work on /home/airflow/.local/lib/python3.8/site-packages/airflow/example_dags/example_branch_labels.py
[2022-05-18 23:38:06,514] {processor.py:642} INFO - Processing file /home/airflow/.local/lib/python3.8/site-packages/airflow/example_dags/example_branch_labels.py for tasks to queue
[2022-05-18 23:38:06,515] {logging_mixin.py:109} INFO - [2022-05-18 23:38:06,515] {dagbag.py:500} INFO - Filling up the DagBag from /home/airflow/.local/lib/python3.8/site-packages/airflow/example_dags/example_branch_labels.py
[2022-05-18 23:38:06,540] {processor.py:654} INFO - DAG(s) dict_keys(['example_branch_labels']) retrieved from /home/airflow/.local/lib/python3.8/site-packages/airflow/example_dags/example_branch_labels.py
[2022-05-18 23:38:06,549] {logging_mixin.py:109} INFO - [2022-05-18 23:38:06,549] {dag.py:2398} INFO - Sync 1 DAGs
[2022-05-18 23:38:06,562] {logging_mixin.py:109} INFO - [2022-05-18 23:38:06,562] {dag.py:2937} INFO - Setting next_dagrun for example_branch_labels to 2022-05-17 00:00:00+00:00
[2022-05-18 23:38:06,585] {processor.py:171} INFO - Processing /home/airflow/.local/lib/python3.8/site-packages/airflow/example_dags/example_branch_labels.py took 0.073 seconds
[2022-05-18 23:38:36,728] {processor.py:163} INFO - Started process (PID=2263) to work on /home/airflow/.local/lib/python3.8/site-packages/airflow/example_dags/example_branch_labels.py
[2022-05-18 23:38:36,728] {processor.py:642} INFO - Processing file /home/airflow/.local/lib/python3.8/site-packages/airflow/example_dags/example_branch_labels.py for tasks to queue
[2022-05-18 23:38:36,729] {logging_mixin.py:109} INFO - [2022-05-18 23:38:36,729] {dagbag.py:500} INFO - Filling up the DagBag from /home/airflow/.local/lib/python3.8/site-packages/airflow/example_dags/example_branch_labels.py
[2022-05-18 23:38:36,756] {processor.py:654} INFO - DAG(s) dict_keys(['example_branch_labels']) retrieved from /home/airflow/.local/lib/python3.8/site-packages/airflow/example_dags/example_branch_labels.py
[2022-05-18 23:38:36,766] {logging_mixin.py:109} INFO - [2022-05-18 23:38:36,766] {dag.py:2398} INFO - Sync 1 DAGs
[2022-05-18 23:38:36,780] {logging_mixin.py:109} INFO - [2022-05-18 23:38:36,780] {dag.py:2937} INFO - Setting next_dagrun for example_branch_labels to 2022-05-17 00:00:00+00:00
[2022-05-18 23:38:36,797] {processor.py:171} INFO - Processing /home/airflow/.local/lib/python3.8/site-packages/airflow/example_dags/example_branch_labels.py took 0.071 seconds
[2022-05-18 23:39:06,980] {processor.py:163} INFO - Started process (PID=2348) to work on /home/airflow/.local/lib/python3.8/site-packages/airflow/example_dags/example_branch_labels.py
[2022-05-18 23:39:06,981] {processor.py:642} INFO - Processing file /home/airflow/.local/lib/python3.8/site-packages/airflow/example_dags/example_branch_labels.py for tasks to queue
[2022-05-18 23:39:06,982] {logging_mixin.py:109} INFO - [2022-05-18 23:39:06,982] {dagbag.py:500} INFO - Filling up the DagBag from /home/airflow/.local/lib/python3.8/site-packages/airflow/example_dags/example_branch_labels.py
[2022-05-18 23:39:07,004] {processor.py:654} INFO - DAG(s) dict_keys(['example_branch_labels']) retrieved from /home/airflow/.local/lib/python3.8/site-packages/airflow/example_dags/example_branch_labels.py
[2022-05-18 23:39:07,012] {logging_mixin.py:109} INFO - [2022-05-18 23:39:07,012] {dag.py:2398} INFO - Sync 1 DAGs
[2022-05-18 23:39:07,026] {logging_mixin.py:109} INFO - [2022-05-18 23:39:07,026] {dag.py:2937} INFO - Setting next_dagrun for example_branch_labels to 2022-05-17 00:00:00+00:00
[2022-05-18 23:39:07,036] {processor.py:171} INFO - Processing /home/airflow/.local/lib/python3.8/site-packages/airflow/example_dags/example_branch_labels.py took 0.058 seconds
[2022-05-18 23:39:37,298] {processor.py:163} INFO - Started process (PID=2441) to work on /home/airflow/.local/lib/python3.8/site-packages/airflow/example_dags/example_branch_labels.py
[2022-05-18 23:39:37,299] {processor.py:642} INFO - Processing file /home/airflow/.local/lib/python3.8/site-packages/airflow/example_dags/example_branch_labels.py for tasks to queue
[2022-05-18 23:39:37,302] {logging_mixin.py:109} INFO - [2022-05-18 23:39:37,301] {dagbag.py:500} INFO - Filling up the DagBag from /home/airflow/.local/lib/python3.8/site-packages/airflow/example_dags/example_branch_labels.py
[2022-05-18 23:39:37,333] {processor.py:654} INFO - DAG(s) dict_keys(['example_branch_labels']) retrieved from /home/airflow/.local/lib/python3.8/site-packages/airflow/example_dags/example_branch_labels.py
[2022-05-18 23:39:37,343] {logging_mixin.py:109} INFO - [2022-05-18 23:39:37,343] {dag.py:2398} INFO - Sync 1 DAGs
[2022-05-18 23:39:37,359] {logging_mixin.py:109} INFO - [2022-05-18 23:39:37,359] {dag.py:2937} INFO - Setting next_dagrun for example_branch_labels to 2022-05-17 00:00:00+00:00
[2022-05-18 23:39:37,371] {processor.py:171} INFO - Processing /home/airflow/.local/lib/python3.8/site-packages/airflow/example_dags/example_branch_labels.py took 0.076 seconds
[2022-05-18 23:40:07,584] {processor.py:163} INFO - Started process (PID=2525) to work on /home/airflow/.local/lib/python3.8/site-packages/airflow/example_dags/example_branch_labels.py
[2022-05-18 23:40:07,585] {processor.py:642} INFO - Processing file /home/airflow/.local/lib/python3.8/site-packages/airflow/example_dags/example_branch_labels.py for tasks to queue
[2022-05-18 23:40:07,586] {logging_mixin.py:109} INFO - [2022-05-18 23:40:07,586] {dagbag.py:500} INFO - Filling up the DagBag from /home/airflow/.local/lib/python3.8/site-packages/airflow/example_dags/example_branch_labels.py
[2022-05-18 23:40:07,614] {processor.py:654} INFO - DAG(s) dict_keys(['example_branch_labels']) retrieved from /home/airflow/.local/lib/python3.8/site-packages/airflow/example_dags/example_branch_labels.py
[2022-05-18 23:40:07,623] {logging_mixin.py:109} INFO - [2022-05-18 23:40:07,622] {dag.py:2398} INFO - Sync 1 DAGs
[2022-05-18 23:40:07,638] {logging_mixin.py:109} INFO - [2022-05-18 23:40:07,638] {dag.py:2937} INFO - Setting next_dagrun for example_branch_labels to 2022-05-17 00:00:00+00:00
[2022-05-18 23:40:07,649] {processor.py:171} INFO - Processing /home/airflow/.local/lib/python3.8/site-packages/airflow/example_dags/example_branch_labels.py took 0.068 seconds
[2022-05-18 23:40:37,798] {processor.py:163} INFO - Started process (PID=2611) to work on /home/airflow/.local/lib/python3.8/site-packages/airflow/example_dags/example_branch_labels.py
[2022-05-18 23:40:37,799] {processor.py:642} INFO - Processing file /home/airflow/.local/lib/python3.8/site-packages/airflow/example_dags/example_branch_labels.py for tasks to queue
[2022-05-18 23:40:37,800] {logging_mixin.py:109} INFO - [2022-05-18 23:40:37,800] {dagbag.py:500} INFO - Filling up the DagBag from /home/airflow/.local/lib/python3.8/site-packages/airflow/example_dags/example_branch_labels.py
[2022-05-18 23:40:37,827] {processor.py:654} INFO - DAG(s) dict_keys(['example_branch_labels']) retrieved from /home/airflow/.local/lib/python3.8/site-packages/airflow/example_dags/example_branch_labels.py
[2022-05-18 23:40:37,838] {logging_mixin.py:109} INFO - [2022-05-18 23:40:37,838] {dag.py:2398} INFO - Sync 1 DAGs
[2022-05-18 23:40:37,854] {logging_mixin.py:109} INFO - [2022-05-18 23:40:37,854] {dag.py:2937} INFO - Setting next_dagrun for example_branch_labels to 2022-05-17 00:00:00+00:00
[2022-05-18 23:40:37,863] {processor.py:171} INFO - Processing /home/airflow/.local/lib/python3.8/site-packages/airflow/example_dags/example_branch_labels.py took 0.067 seconds
[2022-05-18 23:41:08,505] {processor.py:163} INFO - Started process (PID=2702) to work on /home/airflow/.local/lib/python3.8/site-packages/airflow/example_dags/example_branch_labels.py
[2022-05-18 23:41:08,507] {processor.py:642} INFO - Processing file /home/airflow/.local/lib/python3.8/site-packages/airflow/example_dags/example_branch_labels.py for tasks to queue
[2022-05-18 23:41:08,507] {logging_mixin.py:109} INFO - [2022-05-18 23:41:08,507] {dagbag.py:500} INFO - Filling up the DagBag from /home/airflow/.local/lib/python3.8/site-packages/airflow/example_dags/example_branch_labels.py
[2022-05-18 23:41:08,539] {processor.py:654} INFO - DAG(s) dict_keys(['example_branch_labels']) retrieved from /home/airflow/.local/lib/python3.8/site-packages/airflow/example_dags/example_branch_labels.py
[2022-05-18 23:41:08,548] {logging_mixin.py:109} INFO - [2022-05-18 23:41:08,548] {dag.py:2398} INFO - Sync 1 DAGs
[2022-05-18 23:41:08,562] {logging_mixin.py:109} INFO - [2022-05-18 23:41:08,562] {dag.py:2937} INFO - Setting next_dagrun for example_branch_labels to 2022-05-17 00:00:00+00:00
[2022-05-18 23:41:08,574] {processor.py:171} INFO - Processing /home/airflow/.local/lib/python3.8/site-packages/airflow/example_dags/example_branch_labels.py took 0.071 seconds
[2022-05-18 23:41:38,620] {processor.py:163} INFO - Started process (PID=2787) to work on /home/airflow/.local/lib/python3.8/site-packages/airflow/example_dags/example_branch_labels.py
[2022-05-18 23:41:38,621] {processor.py:642} INFO - Processing file /home/airflow/.local/lib/python3.8/site-packages/airflow/example_dags/example_branch_labels.py for tasks to queue
[2022-05-18 23:41:38,622] {logging_mixin.py:109} INFO - [2022-05-18 23:41:38,622] {dagbag.py:500} INFO - Filling up the DagBag from /home/airflow/.local/lib/python3.8/site-packages/airflow/example_dags/example_branch_labels.py
[2022-05-18 23:41:38,648] {processor.py:654} INFO - DAG(s) dict_keys(['example_branch_labels']) retrieved from /home/airflow/.local/lib/python3.8/site-packages/airflow/example_dags/example_branch_labels.py
[2022-05-18 23:41:38,660] {logging_mixin.py:109} INFO - [2022-05-18 23:41:38,660] {dag.py:2398} INFO - Sync 1 DAGs
[2022-05-18 23:41:38,678] {logging_mixin.py:109} INFO - [2022-05-18 23:41:38,677] {dag.py:2937} INFO - Setting next_dagrun for example_branch_labels to 2022-05-17 00:00:00+00:00
[2022-05-18 23:41:38,691] {processor.py:171} INFO - Processing /home/airflow/.local/lib/python3.8/site-packages/airflow/example_dags/example_branch_labels.py took 0.073 seconds
[2022-05-18 23:42:09,367] {processor.py:163} INFO - Started process (PID=2880) to work on /home/airflow/.local/lib/python3.8/site-packages/airflow/example_dags/example_branch_labels.py
[2022-05-18 23:42:09,369] {processor.py:642} INFO - Processing file /home/airflow/.local/lib/python3.8/site-packages/airflow/example_dags/example_branch_labels.py for tasks to queue
[2022-05-18 23:42:09,370] {logging_mixin.py:109} INFO - [2022-05-18 23:42:09,369] {dagbag.py:500} INFO - Filling up the DagBag from /home/airflow/.local/lib/python3.8/site-packages/airflow/example_dags/example_branch_labels.py
[2022-05-18 23:42:09,404] {processor.py:654} INFO - DAG(s) dict_keys(['example_branch_labels']) retrieved from /home/airflow/.local/lib/python3.8/site-packages/airflow/example_dags/example_branch_labels.py
[2022-05-18 23:42:09,417] {logging_mixin.py:109} INFO - [2022-05-18 23:42:09,417] {dag.py:2398} INFO - Sync 1 DAGs
[2022-05-18 23:42:09,438] {logging_mixin.py:109} INFO - [2022-05-18 23:42:09,438] {dag.py:2937} INFO - Setting next_dagrun for example_branch_labels to 2022-05-17 00:00:00+00:00
[2022-05-18 23:42:09,453] {processor.py:171} INFO - Processing /home/airflow/.local/lib/python3.8/site-packages/airflow/example_dags/example_branch_labels.py took 0.088 seconds
[2022-05-18 23:42:39,703] {processor.py:163} INFO - Started process (PID=2966) to work on /home/airflow/.local/lib/python3.8/site-packages/airflow/example_dags/example_branch_labels.py
[2022-05-18 23:42:39,703] {processor.py:642} INFO - Processing file /home/airflow/.local/lib/python3.8/site-packages/airflow/example_dags/example_branch_labels.py for tasks to queue
[2022-05-18 23:42:39,704] {logging_mixin.py:109} INFO - [2022-05-18 23:42:39,704] {dagbag.py:500} INFO - Filling up the DagBag from /home/airflow/.local/lib/python3.8/site-packages/airflow/example_dags/example_branch_labels.py
[2022-05-18 23:42:39,733] {processor.py:654} INFO - DAG(s) dict_keys(['example_branch_labels']) retrieved from /home/airflow/.local/lib/python3.8/site-packages/airflow/example_dags/example_branch_labels.py
[2022-05-18 23:42:39,742] {logging_mixin.py:109} INFO - [2022-05-18 23:42:39,742] {dag.py:2398} INFO - Sync 1 DAGs
[2022-05-18 23:42:39,760] {logging_mixin.py:109} INFO - [2022-05-18 23:42:39,760] {dag.py:2937} INFO - Setting next_dagrun for example_branch_labels to 2022-05-17 00:00:00+00:00
[2022-05-18 23:42:39,773] {processor.py:171} INFO - Processing /home/airflow/.local/lib/python3.8/site-packages/airflow/example_dags/example_branch_labels.py took 0.072 seconds
[2022-05-18 23:43:10,137] {processor.py:163} INFO - Started process (PID=3051) to work on /home/airflow/.local/lib/python3.8/site-packages/airflow/example_dags/example_branch_labels.py
[2022-05-18 23:43:10,138] {processor.py:642} INFO - Processing file /home/airflow/.local/lib/python3.8/site-packages/airflow/example_dags/example_branch_labels.py for tasks to queue
[2022-05-18 23:43:10,139] {logging_mixin.py:109} INFO - [2022-05-18 23:43:10,138] {dagbag.py:500} INFO - Filling up the DagBag from /home/airflow/.local/lib/python3.8/site-packages/airflow/example_dags/example_branch_labels.py
[2022-05-18 23:43:10,166] {processor.py:654} INFO - DAG(s) dict_keys(['example_branch_labels']) retrieved from /home/airflow/.local/lib/python3.8/site-packages/airflow/example_dags/example_branch_labels.py
[2022-05-18 23:43:10,178] {logging_mixin.py:109} INFO - [2022-05-18 23:43:10,178] {dag.py:2398} INFO - Sync 1 DAGs
[2022-05-18 23:43:10,193] {logging_mixin.py:109} INFO - [2022-05-18 23:43:10,193] {dag.py:2937} INFO - Setting next_dagrun for example_branch_labels to 2022-05-17 00:00:00+00:00
[2022-05-18 23:43:10,206] {processor.py:171} INFO - Processing /home/airflow/.local/lib/python3.8/site-packages/airflow/example_dags/example_branch_labels.py took 0.071 seconds
[2022-05-18 23:43:41,219] {processor.py:163} INFO - Started process (PID=3163) to work on /home/airflow/.local/lib/python3.8/site-packages/airflow/example_dags/example_branch_labels.py
[2022-05-18 23:43:41,221] {processor.py:642} INFO - Processing file /home/airflow/.local/lib/python3.8/site-packages/airflow/example_dags/example_branch_labels.py for tasks to queue
[2022-05-18 23:43:41,222] {logging_mixin.py:109} INFO - [2022-05-18 23:43:41,221] {dagbag.py:500} INFO - Filling up the DagBag from /home/airflow/.local/lib/python3.8/site-packages/airflow/example_dags/example_branch_labels.py
[2022-05-18 23:43:41,262] {processor.py:654} INFO - DAG(s) dict_keys(['example_branch_labels']) retrieved from /home/airflow/.local/lib/python3.8/site-packages/airflow/example_dags/example_branch_labels.py
[2022-05-18 23:43:41,275] {logging_mixin.py:109} INFO - [2022-05-18 23:43:41,275] {dag.py:2398} INFO - Sync 1 DAGs
[2022-05-18 23:43:41,299] {logging_mixin.py:109} INFO - [2022-05-18 23:43:41,298] {dag.py:2937} INFO - Setting next_dagrun for example_branch_labels to 2022-05-17 00:00:00+00:00
[2022-05-18 23:43:41,311] {processor.py:171} INFO - Processing /home/airflow/.local/lib/python3.8/site-packages/airflow/example_dags/example_branch_labels.py took 0.095 seconds
[2022-05-18 23:44:12,178] {processor.py:163} INFO - Started process (PID=3248) to work on /home/airflow/.local/lib/python3.8/site-packages/airflow/example_dags/example_branch_labels.py
[2022-05-18 23:44:12,179] {processor.py:642} INFO - Processing file /home/airflow/.local/lib/python3.8/site-packages/airflow/example_dags/example_branch_labels.py for tasks to queue
[2022-05-18 23:44:12,179] {logging_mixin.py:109} INFO - [2022-05-18 23:44:12,179] {dagbag.py:500} INFO - Filling up the DagBag from /home/airflow/.local/lib/python3.8/site-packages/airflow/example_dags/example_branch_labels.py
[2022-05-18 23:44:12,209] {processor.py:654} INFO - DAG(s) dict_keys(['example_branch_labels']) retrieved from /home/airflow/.local/lib/python3.8/site-packages/airflow/example_dags/example_branch_labels.py
[2022-05-18 23:44:12,218] {logging_mixin.py:109} INFO - [2022-05-18 23:44:12,217] {dag.py:2398} INFO - Sync 1 DAGs
[2022-05-18 23:44:12,236] {logging_mixin.py:109} INFO - [2022-05-18 23:44:12,236] {dag.py:2937} INFO - Setting next_dagrun for example_branch_labels to 2022-05-17 00:00:00+00:00
[2022-05-18 23:44:12,248] {processor.py:171} INFO - Processing /home/airflow/.local/lib/python3.8/site-packages/airflow/example_dags/example_branch_labels.py took 0.073 seconds
[2022-05-18 23:44:42,676] {processor.py:163} INFO - Started process (PID=3333) to work on /home/airflow/.local/lib/python3.8/site-packages/airflow/example_dags/example_branch_labels.py
[2022-05-18 23:44:42,677] {processor.py:642} INFO - Processing file /home/airflow/.local/lib/python3.8/site-packages/airflow/example_dags/example_branch_labels.py for tasks to queue
[2022-05-18 23:44:42,677] {logging_mixin.py:109} INFO - [2022-05-18 23:44:42,677] {dagbag.py:500} INFO - Filling up the DagBag from /home/airflow/.local/lib/python3.8/site-packages/airflow/example_dags/example_branch_labels.py
[2022-05-18 23:44:42,706] {processor.py:654} INFO - DAG(s) dict_keys(['example_branch_labels']) retrieved from /home/airflow/.local/lib/python3.8/site-packages/airflow/example_dags/example_branch_labels.py
[2022-05-18 23:44:42,719] {logging_mixin.py:109} INFO - [2022-05-18 23:44:42,719] {dag.py:2398} INFO - Sync 1 DAGs
[2022-05-18 23:44:42,741] {logging_mixin.py:109} INFO - [2022-05-18 23:44:42,741] {dag.py:2937} INFO - Setting next_dagrun for example_branch_labels to 2022-05-17 00:00:00+00:00
[2022-05-18 23:44:42,752] {processor.py:171} INFO - Processing /home/airflow/.local/lib/python3.8/site-packages/airflow/example_dags/example_branch_labels.py took 0.079 seconds
[2022-05-18 23:45:12,905] {processor.py:163} INFO - Started process (PID=3444) to work on /home/airflow/.local/lib/python3.8/site-packages/airflow/example_dags/example_branch_labels.py
[2022-05-18 23:45:12,907] {processor.py:642} INFO - Processing file /home/airflow/.local/lib/python3.8/site-packages/airflow/example_dags/example_branch_labels.py for tasks to queue
[2022-05-18 23:45:12,907] {logging_mixin.py:109} INFO - [2022-05-18 23:45:12,907] {dagbag.py:500} INFO - Filling up the DagBag from /home/airflow/.local/lib/python3.8/site-packages/airflow/example_dags/example_branch_labels.py
[2022-05-18 23:45:12,934] {processor.py:654} INFO - DAG(s) dict_keys(['example_branch_labels']) retrieved from /home/airflow/.local/lib/python3.8/site-packages/airflow/example_dags/example_branch_labels.py
[2022-05-18 23:45:12,945] {logging_mixin.py:109} INFO - [2022-05-18 23:45:12,945] {dag.py:2398} INFO - Sync 1 DAGs
[2022-05-18 23:45:12,966] {logging_mixin.py:109} INFO - [2022-05-18 23:45:12,966] {dag.py:2937} INFO - Setting next_dagrun for example_branch_labels to 2022-05-17 00:00:00+00:00
[2022-05-18 23:45:12,994] {processor.py:171} INFO - Processing /home/airflow/.local/lib/python3.8/site-packages/airflow/example_dags/example_branch_labels.py took 0.091 seconds
[2022-05-18 23:45:43,618] {processor.py:163} INFO - Started process (PID=3530) to work on /home/airflow/.local/lib/python3.8/site-packages/airflow/example_dags/example_branch_labels.py
[2022-05-18 23:45:43,620] {processor.py:642} INFO - Processing file /home/airflow/.local/lib/python3.8/site-packages/airflow/example_dags/example_branch_labels.py for tasks to queue
[2022-05-18 23:45:43,621] {logging_mixin.py:109} INFO - [2022-05-18 23:45:43,621] {dagbag.py:500} INFO - Filling up the DagBag from /home/airflow/.local/lib/python3.8/site-packages/airflow/example_dags/example_branch_labels.py
[2022-05-18 23:45:43,674] {processor.py:654} INFO - DAG(s) dict_keys(['example_branch_labels']) retrieved from /home/airflow/.local/lib/python3.8/site-packages/airflow/example_dags/example_branch_labels.py
[2022-05-18 23:45:43,688] {logging_mixin.py:109} INFO - [2022-05-18 23:45:43,687] {dag.py:2398} INFO - Sync 1 DAGs
[2022-05-18 23:45:43,724] {logging_mixin.py:109} INFO - [2022-05-18 23:45:43,724] {dag.py:2937} INFO - Setting next_dagrun for example_branch_labels to 2022-05-17 00:00:00+00:00
[2022-05-18 23:45:43,743] {processor.py:171} INFO - Processing /home/airflow/.local/lib/python3.8/site-packages/airflow/example_dags/example_branch_labels.py took 0.128 seconds
[2022-05-18 23:46:14,472] {processor.py:163} INFO - Started process (PID=3651) to work on /home/airflow/.local/lib/python3.8/site-packages/airflow/example_dags/example_branch_labels.py
[2022-05-18 23:46:14,473] {processor.py:642} INFO - Processing file /home/airflow/.local/lib/python3.8/site-packages/airflow/example_dags/example_branch_labels.py for tasks to queue
[2022-05-18 23:46:14,473] {logging_mixin.py:109} INFO - [2022-05-18 23:46:14,473] {dagbag.py:500} INFO - Filling up the DagBag from /home/airflow/.local/lib/python3.8/site-packages/airflow/example_dags/example_branch_labels.py
[2022-05-18 23:46:14,496] {processor.py:654} INFO - DAG(s) dict_keys(['example_branch_labels']) retrieved from /home/airflow/.local/lib/python3.8/site-packages/airflow/example_dags/example_branch_labels.py
[2022-05-18 23:46:14,504] {logging_mixin.py:109} INFO - [2022-05-18 23:46:14,504] {dag.py:2398} INFO - Sync 1 DAGs
[2022-05-18 23:46:14,518] {logging_mixin.py:109} INFO - [2022-05-18 23:46:14,518] {dag.py:2937} INFO - Setting next_dagrun for example_branch_labels to 2022-05-17 00:00:00+00:00
[2022-05-18 23:46:14,526] {processor.py:171} INFO - Processing /home/airflow/.local/lib/python3.8/site-packages/airflow/example_dags/example_branch_labels.py took 0.057 seconds
[2022-05-18 23:46:45,001] {processor.py:163} INFO - Started process (PID=3744) to work on /home/airflow/.local/lib/python3.8/site-packages/airflow/example_dags/example_branch_labels.py
[2022-05-18 23:46:45,002] {processor.py:642} INFO - Processing file /home/airflow/.local/lib/python3.8/site-packages/airflow/example_dags/example_branch_labels.py for tasks to queue
[2022-05-18 23:46:45,003] {logging_mixin.py:109} INFO - [2022-05-18 23:46:45,003] {dagbag.py:500} INFO - Filling up the DagBag from /home/airflow/.local/lib/python3.8/site-packages/airflow/example_dags/example_branch_labels.py
[2022-05-18 23:46:45,050] {processor.py:654} INFO - DAG(s) dict_keys(['example_branch_labels']) retrieved from /home/airflow/.local/lib/python3.8/site-packages/airflow/example_dags/example_branch_labels.py
[2022-05-18 23:46:45,065] {logging_mixin.py:109} INFO - [2022-05-18 23:46:45,065] {dag.py:2398} INFO - Sync 1 DAGs
[2022-05-18 23:46:45,088] {logging_mixin.py:109} INFO - [2022-05-18 23:46:45,088] {dag.py:2937} INFO - Setting next_dagrun for example_branch_labels to 2022-05-17 00:00:00+00:00
[2022-05-18 23:46:45,101] {processor.py:171} INFO - Processing /home/airflow/.local/lib/python3.8/site-packages/airflow/example_dags/example_branch_labels.py took 0.104 seconds
[2022-05-18 23:47:15,526] {processor.py:163} INFO - Started process (PID=3829) to work on /home/airflow/.local/lib/python3.8/site-packages/airflow/example_dags/example_branch_labels.py
[2022-05-18 23:47:15,528] {processor.py:642} INFO - Processing file /home/airflow/.local/lib/python3.8/site-packages/airflow/example_dags/example_branch_labels.py for tasks to queue
[2022-05-18 23:47:15,529] {logging_mixin.py:109} INFO - [2022-05-18 23:47:15,528] {dagbag.py:500} INFO - Filling up the DagBag from /home/airflow/.local/lib/python3.8/site-packages/airflow/example_dags/example_branch_labels.py
[2022-05-18 23:47:15,556] {processor.py:654} INFO - DAG(s) dict_keys(['example_branch_labels']) retrieved from /home/airflow/.local/lib/python3.8/site-packages/airflow/example_dags/example_branch_labels.py
[2022-05-18 23:47:15,567] {logging_mixin.py:109} INFO - [2022-05-18 23:47:15,567] {dag.py:2398} INFO - Sync 1 DAGs
[2022-05-18 23:47:15,583] {logging_mixin.py:109} INFO - [2022-05-18 23:47:15,583] {dag.py:2937} INFO - Setting next_dagrun for example_branch_labels to 2022-05-17 00:00:00+00:00
[2022-05-18 23:47:15,596] {processor.py:171} INFO - Processing /home/airflow/.local/lib/python3.8/site-packages/airflow/example_dags/example_branch_labels.py took 0.072 seconds
[2022-05-18 23:47:46,064] {processor.py:163} INFO - Started process (PID=3914) to work on /home/airflow/.local/lib/python3.8/site-packages/airflow/example_dags/example_branch_labels.py
[2022-05-18 23:47:46,065] {processor.py:642} INFO - Processing file /home/airflow/.local/lib/python3.8/site-packages/airflow/example_dags/example_branch_labels.py for tasks to queue
[2022-05-18 23:47:46,065] {logging_mixin.py:109} INFO - [2022-05-18 23:47:46,065] {dagbag.py:500} INFO - Filling up the DagBag from /home/airflow/.local/lib/python3.8/site-packages/airflow/example_dags/example_branch_labels.py
[2022-05-18 23:47:46,095] {processor.py:654} INFO - DAG(s) dict_keys(['example_branch_labels']) retrieved from /home/airflow/.local/lib/python3.8/site-packages/airflow/example_dags/example_branch_labels.py
[2022-05-18 23:47:46,105] {logging_mixin.py:109} INFO - [2022-05-18 23:47:46,105] {dag.py:2398} INFO - Sync 1 DAGs
[2022-05-18 23:47:46,122] {logging_mixin.py:109} INFO - [2022-05-18 23:47:46,121] {dag.py:2937} INFO - Setting next_dagrun for example_branch_labels to 2022-05-17 00:00:00+00:00
[2022-05-18 23:47:46,132] {processor.py:171} INFO - Processing /home/airflow/.local/lib/python3.8/site-packages/airflow/example_dags/example_branch_labels.py took 0.070 seconds
[2022-05-18 23:48:16,663] {processor.py:163} INFO - Started process (PID=4025) to work on /home/airflow/.local/lib/python3.8/site-packages/airflow/example_dags/example_branch_labels.py
[2022-05-18 23:48:16,664] {processor.py:642} INFO - Processing file /home/airflow/.local/lib/python3.8/site-packages/airflow/example_dags/example_branch_labels.py for tasks to queue
[2022-05-18 23:48:16,665] {logging_mixin.py:109} INFO - [2022-05-18 23:48:16,665] {dagbag.py:500} INFO - Filling up the DagBag from /home/airflow/.local/lib/python3.8/site-packages/airflow/example_dags/example_branch_labels.py
[2022-05-18 23:48:16,690] {processor.py:654} INFO - DAG(s) dict_keys(['example_branch_labels']) retrieved from /home/airflow/.local/lib/python3.8/site-packages/airflow/example_dags/example_branch_labels.py
[2022-05-18 23:48:16,700] {logging_mixin.py:109} INFO - [2022-05-18 23:48:16,700] {dag.py:2398} INFO - Sync 1 DAGs
[2022-05-18 23:48:16,717] {logging_mixin.py:109} INFO - [2022-05-18 23:48:16,717] {dag.py:2937} INFO - Setting next_dagrun for example_branch_labels to 2022-05-17 00:00:00+00:00
[2022-05-18 23:48:16,728] {processor.py:171} INFO - Processing /home/airflow/.local/lib/python3.8/site-packages/airflow/example_dags/example_branch_labels.py took 0.068 seconds
[2022-05-18 23:48:47,302] {processor.py:163} INFO - Started process (PID=4111) to work on /home/airflow/.local/lib/python3.8/site-packages/airflow/example_dags/example_branch_labels.py
[2022-05-18 23:48:47,304] {processor.py:642} INFO - Processing file /home/airflow/.local/lib/python3.8/site-packages/airflow/example_dags/example_branch_labels.py for tasks to queue
[2022-05-18 23:48:47,304] {logging_mixin.py:109} INFO - [2022-05-18 23:48:47,304] {dagbag.py:500} INFO - Filling up the DagBag from /home/airflow/.local/lib/python3.8/site-packages/airflow/example_dags/example_branch_labels.py
[2022-05-18 23:48:47,345] {processor.py:654} INFO - DAG(s) dict_keys(['example_branch_labels']) retrieved from /home/airflow/.local/lib/python3.8/site-packages/airflow/example_dags/example_branch_labels.py
[2022-05-18 23:48:47,356] {logging_mixin.py:109} INFO - [2022-05-18 23:48:47,356] {dag.py:2398} INFO - Sync 1 DAGs
[2022-05-18 23:48:47,378] {logging_mixin.py:109} INFO - [2022-05-18 23:48:47,378] {dag.py:2937} INFO - Setting next_dagrun for example_branch_labels to 2022-05-17 00:00:00+00:00
[2022-05-18 23:48:47,391] {processor.py:171} INFO - Processing /home/airflow/.local/lib/python3.8/site-packages/airflow/example_dags/example_branch_labels.py took 0.092 seconds
[2022-05-18 23:49:17,422] {processor.py:163} INFO - Started process (PID=4195) to work on /home/airflow/.local/lib/python3.8/site-packages/airflow/example_dags/example_branch_labels.py
[2022-05-18 23:49:17,423] {processor.py:642} INFO - Processing file /home/airflow/.local/lib/python3.8/site-packages/airflow/example_dags/example_branch_labels.py for tasks to queue
[2022-05-18 23:49:17,424] {logging_mixin.py:109} INFO - [2022-05-18 23:49:17,424] {dagbag.py:500} INFO - Filling up the DagBag from /home/airflow/.local/lib/python3.8/site-packages/airflow/example_dags/example_branch_labels.py
[2022-05-18 23:49:17,452] {processor.py:654} INFO - DAG(s) dict_keys(['example_branch_labels']) retrieved from /home/airflow/.local/lib/python3.8/site-packages/airflow/example_dags/example_branch_labels.py
[2022-05-18 23:49:17,461] {logging_mixin.py:109} INFO - [2022-05-18 23:49:17,461] {dag.py:2398} INFO - Sync 1 DAGs
[2022-05-18 23:49:17,473] {logging_mixin.py:109} INFO - [2022-05-18 23:49:17,473] {dag.py:2937} INFO - Setting next_dagrun for example_branch_labels to 2022-05-17 00:00:00+00:00
[2022-05-18 23:49:17,482] {processor.py:171} INFO - Processing /home/airflow/.local/lib/python3.8/site-packages/airflow/example_dags/example_branch_labels.py took 0.062 seconds
[2022-05-18 23:49:47,764] {processor.py:163} INFO - Started process (PID=4277) to work on /home/airflow/.local/lib/python3.8/site-packages/airflow/example_dags/example_branch_labels.py
[2022-05-18 23:49:47,765] {processor.py:642} INFO - Processing file /home/airflow/.local/lib/python3.8/site-packages/airflow/example_dags/example_branch_labels.py for tasks to queue
[2022-05-18 23:49:47,766] {logging_mixin.py:109} INFO - [2022-05-18 23:49:47,766] {dagbag.py:500} INFO - Filling up the DagBag from /home/airflow/.local/lib/python3.8/site-packages/airflow/example_dags/example_branch_labels.py
[2022-05-18 23:49:47,809] {processor.py:654} INFO - DAG(s) dict_keys(['example_branch_labels']) retrieved from /home/airflow/.local/lib/python3.8/site-packages/airflow/example_dags/example_branch_labels.py
[2022-05-18 23:49:47,819] {logging_mixin.py:109} INFO - [2022-05-18 23:49:47,819] {dag.py:2398} INFO - Sync 1 DAGs
[2022-05-18 23:49:47,835] {logging_mixin.py:109} INFO - [2022-05-18 23:49:47,835] {dag.py:2937} INFO - Setting next_dagrun for example_branch_labels to 2022-05-17 00:00:00+00:00
[2022-05-18 23:49:47,846] {processor.py:171} INFO - Processing /home/airflow/.local/lib/python3.8/site-packages/airflow/example_dags/example_branch_labels.py took 0.085 seconds
[2022-05-18 23:50:18,993] {processor.py:163} INFO - Started process (PID=4378) to work on /home/airflow/.local/lib/python3.8/site-packages/airflow/example_dags/example_branch_labels.py
[2022-05-18 23:50:18,994] {processor.py:642} INFO - Processing file /home/airflow/.local/lib/python3.8/site-packages/airflow/example_dags/example_branch_labels.py for tasks to queue
[2022-05-18 23:50:18,995] {logging_mixin.py:109} INFO - [2022-05-18 23:50:18,995] {dagbag.py:500} INFO - Filling up the DagBag from /home/airflow/.local/lib/python3.8/site-packages/airflow/example_dags/example_branch_labels.py
[2022-05-18 23:50:19,023] {processor.py:654} INFO - DAG(s) dict_keys(['example_branch_labels']) retrieved from /home/airflow/.local/lib/python3.8/site-packages/airflow/example_dags/example_branch_labels.py
[2022-05-18 23:50:19,032] {logging_mixin.py:109} INFO - [2022-05-18 23:50:19,032] {dag.py:2398} INFO - Sync 1 DAGs
[2022-05-18 23:50:19,049] {logging_mixin.py:109} INFO - [2022-05-18 23:50:19,048] {dag.py:2937} INFO - Setting next_dagrun for example_branch_labels to 2022-05-17 00:00:00+00:00
[2022-05-18 23:50:19,060] {processor.py:171} INFO - Processing /home/airflow/.local/lib/python3.8/site-packages/airflow/example_dags/example_branch_labels.py took 0.070 seconds
[2022-05-18 23:50:49,361] {processor.py:163} INFO - Started process (PID=4444) to work on /home/airflow/.local/lib/python3.8/site-packages/airflow/example_dags/example_branch_labels.py
[2022-05-18 23:50:49,362] {processor.py:642} INFO - Processing file /home/airflow/.local/lib/python3.8/site-packages/airflow/example_dags/example_branch_labels.py for tasks to queue
[2022-05-18 23:50:49,363] {logging_mixin.py:109} INFO - [2022-05-18 23:50:49,363] {dagbag.py:500} INFO - Filling up the DagBag from /home/airflow/.local/lib/python3.8/site-packages/airflow/example_dags/example_branch_labels.py
[2022-05-18 23:50:49,398] {processor.py:654} INFO - DAG(s) dict_keys(['example_branch_labels']) retrieved from /home/airflow/.local/lib/python3.8/site-packages/airflow/example_dags/example_branch_labels.py
[2022-05-18 23:50:49,409] {logging_mixin.py:109} INFO - [2022-05-18 23:50:49,409] {dag.py:2398} INFO - Sync 1 DAGs
[2022-05-18 23:50:49,429] {logging_mixin.py:109} INFO - [2022-05-18 23:50:49,428] {dag.py:2937} INFO - Setting next_dagrun for example_branch_labels to 2022-05-17 00:00:00+00:00
[2022-05-18 23:50:49,440] {processor.py:171} INFO - Processing /home/airflow/.local/lib/python3.8/site-packages/airflow/example_dags/example_branch_labels.py took 0.081 seconds
[2022-05-18 23:51:19,630] {processor.py:163} INFO - Started process (PID=4521) to work on /home/airflow/.local/lib/python3.8/site-packages/airflow/example_dags/example_branch_labels.py
[2022-05-18 23:51:19,632] {processor.py:642} INFO - Processing file /home/airflow/.local/lib/python3.8/site-packages/airflow/example_dags/example_branch_labels.py for tasks to queue
[2022-05-18 23:51:19,633] {logging_mixin.py:109} INFO - [2022-05-18 23:51:19,633] {dagbag.py:500} INFO - Filling up the DagBag from /home/airflow/.local/lib/python3.8/site-packages/airflow/example_dags/example_branch_labels.py
[2022-05-18 23:51:19,658] {processor.py:654} INFO - DAG(s) dict_keys(['example_branch_labels']) retrieved from /home/airflow/.local/lib/python3.8/site-packages/airflow/example_dags/example_branch_labels.py
[2022-05-18 23:51:19,667] {logging_mixin.py:109} INFO - [2022-05-18 23:51:19,667] {dag.py:2398} INFO - Sync 1 DAGs
[2022-05-18 23:51:19,683] {logging_mixin.py:109} INFO - [2022-05-18 23:51:19,683] {dag.py:2937} INFO - Setting next_dagrun for example_branch_labels to 2022-05-17 00:00:00+00:00
[2022-05-18 23:51:19,694] {processor.py:171} INFO - Processing /home/airflow/.local/lib/python3.8/site-packages/airflow/example_dags/example_branch_labels.py took 0.066 seconds
[2022-05-18 23:51:50,228] {processor.py:163} INFO - Started process (PID=4607) to work on /home/airflow/.local/lib/python3.8/site-packages/airflow/example_dags/example_branch_labels.py
[2022-05-18 23:51:50,229] {processor.py:642} INFO - Processing file /home/airflow/.local/lib/python3.8/site-packages/airflow/example_dags/example_branch_labels.py for tasks to queue
[2022-05-18 23:51:50,229] {logging_mixin.py:109} INFO - [2022-05-18 23:51:50,229] {dagbag.py:500} INFO - Filling up the DagBag from /home/airflow/.local/lib/python3.8/site-packages/airflow/example_dags/example_branch_labels.py
[2022-05-18 23:51:50,255] {processor.py:654} INFO - DAG(s) dict_keys(['example_branch_labels']) retrieved from /home/airflow/.local/lib/python3.8/site-packages/airflow/example_dags/example_branch_labels.py
[2022-05-18 23:51:50,263] {logging_mixin.py:109} INFO - [2022-05-18 23:51:50,263] {dag.py:2398} INFO - Sync 1 DAGs
[2022-05-18 23:51:50,280] {logging_mixin.py:109} INFO - [2022-05-18 23:51:50,279] {dag.py:2937} INFO - Setting next_dagrun for example_branch_labels to 2022-05-17 00:00:00+00:00
[2022-05-18 23:51:50,291] {processor.py:171} INFO - Processing /home/airflow/.local/lib/python3.8/site-packages/airflow/example_dags/example_branch_labels.py took 0.065 seconds
[2022-05-18 23:52:20,859] {processor.py:163} INFO - Started process (PID=4689) to work on /home/airflow/.local/lib/python3.8/site-packages/airflow/example_dags/example_branch_labels.py
[2022-05-18 23:52:20,861] {processor.py:642} INFO - Processing file /home/airflow/.local/lib/python3.8/site-packages/airflow/example_dags/example_branch_labels.py for tasks to queue
[2022-05-18 23:52:20,862] {logging_mixin.py:109} INFO - [2022-05-18 23:52:20,861] {dagbag.py:500} INFO - Filling up the DagBag from /home/airflow/.local/lib/python3.8/site-packages/airflow/example_dags/example_branch_labels.py
[2022-05-18 23:52:20,891] {processor.py:654} INFO - DAG(s) dict_keys(['example_branch_labels']) retrieved from /home/airflow/.local/lib/python3.8/site-packages/airflow/example_dags/example_branch_labels.py
[2022-05-18 23:52:20,901] {logging_mixin.py:109} INFO - [2022-05-18 23:52:20,901] {dag.py:2398} INFO - Sync 1 DAGs
[2022-05-18 23:52:20,920] {logging_mixin.py:109} INFO - [2022-05-18 23:52:20,920] {dag.py:2937} INFO - Setting next_dagrun for example_branch_labels to 2022-05-17 00:00:00+00:00
[2022-05-18 23:52:20,933] {processor.py:171} INFO - Processing /home/airflow/.local/lib/python3.8/site-packages/airflow/example_dags/example_branch_labels.py took 0.075 seconds
[2022-05-18 23:52:51,481] {processor.py:163} INFO - Started process (PID=4783) to work on /home/airflow/.local/lib/python3.8/site-packages/airflow/example_dags/example_branch_labels.py
[2022-05-18 23:52:51,482] {processor.py:642} INFO - Processing file /home/airflow/.local/lib/python3.8/site-packages/airflow/example_dags/example_branch_labels.py for tasks to queue
[2022-05-18 23:52:51,483] {logging_mixin.py:109} INFO - [2022-05-18 23:52:51,483] {dagbag.py:500} INFO - Filling up the DagBag from /home/airflow/.local/lib/python3.8/site-packages/airflow/example_dags/example_branch_labels.py
[2022-05-18 23:52:51,508] {processor.py:654} INFO - DAG(s) dict_keys(['example_branch_labels']) retrieved from /home/airflow/.local/lib/python3.8/site-packages/airflow/example_dags/example_branch_labels.py
[2022-05-18 23:52:51,516] {logging_mixin.py:109} INFO - [2022-05-18 23:52:51,516] {dag.py:2398} INFO - Sync 1 DAGs
[2022-05-18 23:52:51,534] {logging_mixin.py:109} INFO - [2022-05-18 23:52:51,533] {dag.py:2937} INFO - Setting next_dagrun for example_branch_labels to 2022-05-17 00:00:00+00:00
[2022-05-18 23:52:51,543] {processor.py:171} INFO - Processing /home/airflow/.local/lib/python3.8/site-packages/airflow/example_dags/example_branch_labels.py took 0.064 seconds
[2022-05-18 23:53:22,190] {processor.py:163} INFO - Started process (PID=4868) to work on /home/airflow/.local/lib/python3.8/site-packages/airflow/example_dags/example_branch_labels.py
[2022-05-18 23:53:22,192] {processor.py:642} INFO - Processing file /home/airflow/.local/lib/python3.8/site-packages/airflow/example_dags/example_branch_labels.py for tasks to queue
[2022-05-18 23:53:22,192] {logging_mixin.py:109} INFO - [2022-05-18 23:53:22,192] {dagbag.py:500} INFO - Filling up the DagBag from /home/airflow/.local/lib/python3.8/site-packages/airflow/example_dags/example_branch_labels.py
[2022-05-18 23:53:22,234] {processor.py:654} INFO - DAG(s) dict_keys(['example_branch_labels']) retrieved from /home/airflow/.local/lib/python3.8/site-packages/airflow/example_dags/example_branch_labels.py
[2022-05-18 23:53:22,253] {logging_mixin.py:109} INFO - [2022-05-18 23:53:22,253] {dag.py:2398} INFO - Sync 1 DAGs
[2022-05-18 23:53:22,277] {logging_mixin.py:109} INFO - [2022-05-18 23:53:22,276] {dag.py:2937} INFO - Setting next_dagrun for example_branch_labels to 2022-05-17 00:00:00+00:00
[2022-05-18 23:53:22,292] {processor.py:171} INFO - Processing /home/airflow/.local/lib/python3.8/site-packages/airflow/example_dags/example_branch_labels.py took 0.104 seconds
[2022-05-18 23:53:52,454] {processor.py:163} INFO - Started process (PID=4953) to work on /home/airflow/.local/lib/python3.8/site-packages/airflow/example_dags/example_branch_labels.py
[2022-05-18 23:53:52,455] {processor.py:642} INFO - Processing file /home/airflow/.local/lib/python3.8/site-packages/airflow/example_dags/example_branch_labels.py for tasks to queue
[2022-05-18 23:53:52,456] {logging_mixin.py:109} INFO - [2022-05-18 23:53:52,456] {dagbag.py:500} INFO - Filling up the DagBag from /home/airflow/.local/lib/python3.8/site-packages/airflow/example_dags/example_branch_labels.py
[2022-05-18 23:53:52,480] {processor.py:654} INFO - DAG(s) dict_keys(['example_branch_labels']) retrieved from /home/airflow/.local/lib/python3.8/site-packages/airflow/example_dags/example_branch_labels.py
[2022-05-18 23:53:52,489] {logging_mixin.py:109} INFO - [2022-05-18 23:53:52,489] {dag.py:2398} INFO - Sync 1 DAGs
[2022-05-18 23:53:52,503] {logging_mixin.py:109} INFO - [2022-05-18 23:53:52,503] {dag.py:2937} INFO - Setting next_dagrun for example_branch_labels to 2022-05-17 00:00:00+00:00
[2022-05-18 23:53:52,511] {processor.py:171} INFO - Processing /home/airflow/.local/lib/python3.8/site-packages/airflow/example_dags/example_branch_labels.py took 0.059 seconds
[2022-05-18 23:54:23,052] {processor.py:163} INFO - Started process (PID=5046) to work on /home/airflow/.local/lib/python3.8/site-packages/airflow/example_dags/example_branch_labels.py
[2022-05-18 23:54:23,054] {processor.py:642} INFO - Processing file /home/airflow/.local/lib/python3.8/site-packages/airflow/example_dags/example_branch_labels.py for tasks to queue
[2022-05-18 23:54:23,054] {logging_mixin.py:109} INFO - [2022-05-18 23:54:23,054] {dagbag.py:500} INFO - Filling up the DagBag from /home/airflow/.local/lib/python3.8/site-packages/airflow/example_dags/example_branch_labels.py
[2022-05-18 23:54:23,084] {processor.py:654} INFO - DAG(s) dict_keys(['example_branch_labels']) retrieved from /home/airflow/.local/lib/python3.8/site-packages/airflow/example_dags/example_branch_labels.py
[2022-05-18 23:54:23,095] {logging_mixin.py:109} INFO - [2022-05-18 23:54:23,095] {dag.py:2398} INFO - Sync 1 DAGs
[2022-05-18 23:54:23,112] {logging_mixin.py:109} INFO - [2022-05-18 23:54:23,111] {dag.py:2937} INFO - Setting next_dagrun for example_branch_labels to 2022-05-17 00:00:00+00:00
[2022-05-18 23:54:23,125] {processor.py:171} INFO - Processing /home/airflow/.local/lib/python3.8/site-packages/airflow/example_dags/example_branch_labels.py took 0.076 seconds
[2022-05-18 23:54:53,994] {processor.py:163} INFO - Started process (PID=5132) to work on /home/airflow/.local/lib/python3.8/site-packages/airflow/example_dags/example_branch_labels.py
[2022-05-18 23:54:53,995] {processor.py:642} INFO - Processing file /home/airflow/.local/lib/python3.8/site-packages/airflow/example_dags/example_branch_labels.py for tasks to queue
[2022-05-18 23:54:53,995] {logging_mixin.py:109} INFO - [2022-05-18 23:54:53,995] {dagbag.py:500} INFO - Filling up the DagBag from /home/airflow/.local/lib/python3.8/site-packages/airflow/example_dags/example_branch_labels.py
[2022-05-18 23:54:54,022] {processor.py:654} INFO - DAG(s) dict_keys(['example_branch_labels']) retrieved from /home/airflow/.local/lib/python3.8/site-packages/airflow/example_dags/example_branch_labels.py
[2022-05-18 23:54:54,035] {logging_mixin.py:109} INFO - [2022-05-18 23:54:54,035] {dag.py:2398} INFO - Sync 1 DAGs
[2022-05-18 23:54:54,051] {logging_mixin.py:109} INFO - [2022-05-18 23:54:54,051] {dag.py:2937} INFO - Setting next_dagrun for example_branch_labels to 2022-05-17 00:00:00+00:00
[2022-05-18 23:54:54,063] {processor.py:171} INFO - Processing /home/airflow/.local/lib/python3.8/site-packages/airflow/example_dags/example_branch_labels.py took 0.071 seconds
[2022-05-18 23:55:24,892] {processor.py:163} INFO - Started process (PID=5225) to work on /home/airflow/.local/lib/python3.8/site-packages/airflow/example_dags/example_branch_labels.py
[2022-05-18 23:55:24,893] {processor.py:642} INFO - Processing file /home/airflow/.local/lib/python3.8/site-packages/airflow/example_dags/example_branch_labels.py for tasks to queue
[2022-05-18 23:55:24,894] {logging_mixin.py:109} INFO - [2022-05-18 23:55:24,894] {dagbag.py:500} INFO - Filling up the DagBag from /home/airflow/.local/lib/python3.8/site-packages/airflow/example_dags/example_branch_labels.py
[2022-05-18 23:55:24,929] {processor.py:654} INFO - DAG(s) dict_keys(['example_branch_labels']) retrieved from /home/airflow/.local/lib/python3.8/site-packages/airflow/example_dags/example_branch_labels.py
[2022-05-18 23:55:24,945] {logging_mixin.py:109} INFO - [2022-05-18 23:55:24,944] {dag.py:2398} INFO - Sync 1 DAGs
[2022-05-18 23:55:24,963] {logging_mixin.py:109} INFO - [2022-05-18 23:55:24,963] {dag.py:2937} INFO - Setting next_dagrun for example_branch_labels to 2022-05-17 00:00:00+00:00
[2022-05-18 23:55:24,974] {processor.py:171} INFO - Processing /home/airflow/.local/lib/python3.8/site-packages/airflow/example_dags/example_branch_labels.py took 0.085 seconds
[2022-05-18 23:55:55,884] {processor.py:163} INFO - Started process (PID=5309) to work on /home/airflow/.local/lib/python3.8/site-packages/airflow/example_dags/example_branch_labels.py
[2022-05-18 23:55:55,885] {processor.py:642} INFO - Processing file /home/airflow/.local/lib/python3.8/site-packages/airflow/example_dags/example_branch_labels.py for tasks to queue
[2022-05-18 23:55:55,885] {logging_mixin.py:109} INFO - [2022-05-18 23:55:55,885] {dagbag.py:500} INFO - Filling up the DagBag from /home/airflow/.local/lib/python3.8/site-packages/airflow/example_dags/example_branch_labels.py
[2022-05-18 23:55:55,914] {processor.py:654} INFO - DAG(s) dict_keys(['example_branch_labels']) retrieved from /home/airflow/.local/lib/python3.8/site-packages/airflow/example_dags/example_branch_labels.py
[2022-05-18 23:55:55,925] {logging_mixin.py:109} INFO - [2022-05-18 23:55:55,925] {dag.py:2398} INFO - Sync 1 DAGs
[2022-05-18 23:55:55,942] {logging_mixin.py:109} INFO - [2022-05-18 23:55:55,942] {dag.py:2937} INFO - Setting next_dagrun for example_branch_labels to 2022-05-17 00:00:00+00:00
[2022-05-18 23:55:55,953] {processor.py:171} INFO - Processing /home/airflow/.local/lib/python3.8/site-packages/airflow/example_dags/example_branch_labels.py took 0.072 seconds
[2022-05-18 23:56:26,329] {processor.py:163} INFO - Started process (PID=5393) to work on /home/airflow/.local/lib/python3.8/site-packages/airflow/example_dags/example_branch_labels.py
[2022-05-18 23:56:26,330] {processor.py:642} INFO - Processing file /home/airflow/.local/lib/python3.8/site-packages/airflow/example_dags/example_branch_labels.py for tasks to queue
[2022-05-18 23:56:26,330] {logging_mixin.py:109} INFO - [2022-05-18 23:56:26,330] {dagbag.py:500} INFO - Filling up the DagBag from /home/airflow/.local/lib/python3.8/site-packages/airflow/example_dags/example_branch_labels.py
[2022-05-18 23:56:26,359] {processor.py:654} INFO - DAG(s) dict_keys(['example_branch_labels']) retrieved from /home/airflow/.local/lib/python3.8/site-packages/airflow/example_dags/example_branch_labels.py
[2022-05-18 23:56:26,371] {logging_mixin.py:109} INFO - [2022-05-18 23:56:26,370] {dag.py:2398} INFO - Sync 1 DAGs
[2022-05-18 23:56:26,389] {logging_mixin.py:109} INFO - [2022-05-18 23:56:26,388] {dag.py:2937} INFO - Setting next_dagrun for example_branch_labels to 2022-05-17 00:00:00+00:00
[2022-05-18 23:56:26,401] {processor.py:171} INFO - Processing /home/airflow/.local/lib/python3.8/site-packages/airflow/example_dags/example_branch_labels.py took 0.075 seconds
[2022-05-18 23:56:57,073] {processor.py:163} INFO - Started process (PID=5487) to work on /home/airflow/.local/lib/python3.8/site-packages/airflow/example_dags/example_branch_labels.py
[2022-05-18 23:56:57,074] {processor.py:642} INFO - Processing file /home/airflow/.local/lib/python3.8/site-packages/airflow/example_dags/example_branch_labels.py for tasks to queue
[2022-05-18 23:56:57,074] {logging_mixin.py:109} INFO - [2022-05-18 23:56:57,074] {dagbag.py:500} INFO - Filling up the DagBag from /home/airflow/.local/lib/python3.8/site-packages/airflow/example_dags/example_branch_labels.py
[2022-05-18 23:56:57,099] {processor.py:654} INFO - DAG(s) dict_keys(['example_branch_labels']) retrieved from /home/airflow/.local/lib/python3.8/site-packages/airflow/example_dags/example_branch_labels.py
[2022-05-18 23:56:57,108] {logging_mixin.py:109} INFO - [2022-05-18 23:56:57,108] {dag.py:2398} INFO - Sync 1 DAGs
[2022-05-18 23:56:57,128] {logging_mixin.py:109} INFO - [2022-05-18 23:56:57,127] {dag.py:2937} INFO - Setting next_dagrun for example_branch_labels to 2022-05-17 00:00:00+00:00
[2022-05-18 23:56:57,138] {processor.py:171} INFO - Processing /home/airflow/.local/lib/python3.8/site-packages/airflow/example_dags/example_branch_labels.py took 0.067 seconds
[2022-05-18 23:57:27,800] {processor.py:163} INFO - Started process (PID=5572) to work on /home/airflow/.local/lib/python3.8/site-packages/airflow/example_dags/example_branch_labels.py
[2022-05-18 23:57:27,801] {processor.py:642} INFO - Processing file /home/airflow/.local/lib/python3.8/site-packages/airflow/example_dags/example_branch_labels.py for tasks to queue
[2022-05-18 23:57:27,802] {logging_mixin.py:109} INFO - [2022-05-18 23:57:27,802] {dagbag.py:500} INFO - Filling up the DagBag from /home/airflow/.local/lib/python3.8/site-packages/airflow/example_dags/example_branch_labels.py
[2022-05-18 23:57:27,840] {processor.py:654} INFO - DAG(s) dict_keys(['example_branch_labels']) retrieved from /home/airflow/.local/lib/python3.8/site-packages/airflow/example_dags/example_branch_labels.py
[2022-05-18 23:57:27,855] {logging_mixin.py:109} INFO - [2022-05-18 23:57:27,854] {dag.py:2398} INFO - Sync 1 DAGs
[2022-05-18 23:57:27,878] {logging_mixin.py:109} INFO - [2022-05-18 23:57:27,878] {dag.py:2937} INFO - Setting next_dagrun for example_branch_labels to 2022-05-17 00:00:00+00:00
[2022-05-18 23:57:27,893] {processor.py:171} INFO - Processing /home/airflow/.local/lib/python3.8/site-packages/airflow/example_dags/example_branch_labels.py took 0.096 seconds
[2022-05-18 23:57:58,475] {processor.py:163} INFO - Started process (PID=5657) to work on /home/airflow/.local/lib/python3.8/site-packages/airflow/example_dags/example_branch_labels.py
[2022-05-18 23:57:58,476] {processor.py:642} INFO - Processing file /home/airflow/.local/lib/python3.8/site-packages/airflow/example_dags/example_branch_labels.py for tasks to queue
[2022-05-18 23:57:58,477] {logging_mixin.py:109} INFO - [2022-05-18 23:57:58,476] {dagbag.py:500} INFO - Filling up the DagBag from /home/airflow/.local/lib/python3.8/site-packages/airflow/example_dags/example_branch_labels.py
[2022-05-18 23:57:58,508] {processor.py:654} INFO - DAG(s) dict_keys(['example_branch_labels']) retrieved from /home/airflow/.local/lib/python3.8/site-packages/airflow/example_dags/example_branch_labels.py
[2022-05-18 23:57:58,518] {logging_mixin.py:109} INFO - [2022-05-18 23:57:58,518] {dag.py:2398} INFO - Sync 1 DAGs
[2022-05-18 23:57:58,535] {logging_mixin.py:109} INFO - [2022-05-18 23:57:58,535] {dag.py:2937} INFO - Setting next_dagrun for example_branch_labels to 2022-05-17 00:00:00+00:00
[2022-05-18 23:57:58,546] {processor.py:171} INFO - Processing /home/airflow/.local/lib/python3.8/site-packages/airflow/example_dags/example_branch_labels.py took 0.073 seconds
[2022-05-18 23:58:29,262] {processor.py:163} INFO - Started process (PID=5750) to work on /home/airflow/.local/lib/python3.8/site-packages/airflow/example_dags/example_branch_labels.py
[2022-05-18 23:58:29,263] {processor.py:642} INFO - Processing file /home/airflow/.local/lib/python3.8/site-packages/airflow/example_dags/example_branch_labels.py for tasks to queue
[2022-05-18 23:58:29,264] {logging_mixin.py:109} INFO - [2022-05-18 23:58:29,264] {dagbag.py:500} INFO - Filling up the DagBag from /home/airflow/.local/lib/python3.8/site-packages/airflow/example_dags/example_branch_labels.py
[2022-05-18 23:58:29,298] {processor.py:654} INFO - DAG(s) dict_keys(['example_branch_labels']) retrieved from /home/airflow/.local/lib/python3.8/site-packages/airflow/example_dags/example_branch_labels.py
[2022-05-18 23:58:29,312] {logging_mixin.py:109} INFO - [2022-05-18 23:58:29,312] {dag.py:2398} INFO - Sync 1 DAGs
[2022-05-18 23:58:29,330] {logging_mixin.py:109} INFO - [2022-05-18 23:58:29,330] {dag.py:2937} INFO - Setting next_dagrun for example_branch_labels to 2022-05-17 00:00:00+00:00
[2022-05-18 23:58:29,340] {processor.py:171} INFO - Processing /home/airflow/.local/lib/python3.8/site-packages/airflow/example_dags/example_branch_labels.py took 0.080 seconds
[2022-05-18 23:58:59,472] {processor.py:163} INFO - Started process (PID=5854) to work on /home/airflow/.local/lib/python3.8/site-packages/airflow/example_dags/example_branch_labels.py
[2022-05-18 23:58:59,473] {processor.py:642} INFO - Processing file /home/airflow/.local/lib/python3.8/site-packages/airflow/example_dags/example_branch_labels.py for tasks to queue
[2022-05-18 23:58:59,474] {logging_mixin.py:109} INFO - [2022-05-18 23:58:59,474] {dagbag.py:500} INFO - Filling up the DagBag from /home/airflow/.local/lib/python3.8/site-packages/airflow/example_dags/example_branch_labels.py
[2022-05-18 23:58:59,504] {processor.py:654} INFO - DAG(s) dict_keys(['example_branch_labels']) retrieved from /home/airflow/.local/lib/python3.8/site-packages/airflow/example_dags/example_branch_labels.py
[2022-05-18 23:58:59,514] {logging_mixin.py:109} INFO - [2022-05-18 23:58:59,514] {dag.py:2398} INFO - Sync 1 DAGs
[2022-05-18 23:58:59,528] {logging_mixin.py:109} INFO - [2022-05-18 23:58:59,528] {dag.py:2937} INFO - Setting next_dagrun for example_branch_labels to 2022-05-17 00:00:00+00:00
[2022-05-18 23:58:59,540] {processor.py:171} INFO - Processing /home/airflow/.local/lib/python3.8/site-packages/airflow/example_dags/example_branch_labels.py took 0.071 seconds
[2022-05-18 23:59:30,066] {processor.py:163} INFO - Started process (PID=5945) to work on /home/airflow/.local/lib/python3.8/site-packages/airflow/example_dags/example_branch_labels.py
[2022-05-18 23:59:30,067] {processor.py:642} INFO - Processing file /home/airflow/.local/lib/python3.8/site-packages/airflow/example_dags/example_branch_labels.py for tasks to queue
[2022-05-18 23:59:30,068] {logging_mixin.py:109} INFO - [2022-05-18 23:59:30,068] {dagbag.py:500} INFO - Filling up the DagBag from /home/airflow/.local/lib/python3.8/site-packages/airflow/example_dags/example_branch_labels.py
[2022-05-18 23:59:30,110] {processor.py:654} INFO - DAG(s) dict_keys(['example_branch_labels']) retrieved from /home/airflow/.local/lib/python3.8/site-packages/airflow/example_dags/example_branch_labels.py
[2022-05-18 23:59:30,120] {logging_mixin.py:109} INFO - [2022-05-18 23:59:30,120] {dag.py:2398} INFO - Sync 1 DAGs
[2022-05-18 23:59:30,138] {logging_mixin.py:109} INFO - [2022-05-18 23:59:30,137] {dag.py:2937} INFO - Setting next_dagrun for example_branch_labels to 2022-05-17 00:00:00+00:00
[2022-05-18 23:59:30,151] {processor.py:171} INFO - Processing /home/airflow/.local/lib/python3.8/site-packages/airflow/example_dags/example_branch_labels.py took 0.087 seconds
