[2022-05-18 23:24:23,604] {processor.py:163} INFO - Started process (PID=58) to work on /home/airflow/.local/lib/python3.8/site-packages/airflow/example_dags/example_kubernetes_executor.py
[2022-05-18 23:24:23,604] {processor.py:642} INFO - Processing file /home/airflow/.local/lib/python3.8/site-packages/airflow/example_dags/example_kubernetes_executor.py for tasks to queue
[2022-05-18 23:24:23,605] {logging_mixin.py:109} INFO - [2022-05-18 23:24:23,605] {dagbag.py:500} INFO - Filling up the DagBag from /home/airflow/.local/lib/python3.8/site-packages/airflow/example_dags/example_kubernetes_executor.py
[2022-05-18 23:24:23,644] {processor.py:654} INFO - DAG(s) dict_keys(['example_kubernetes_executor']) retrieved from /home/airflow/.local/lib/python3.8/site-packages/airflow/example_dags/example_kubernetes_executor.py
[2022-05-18 23:24:23,656] {logging_mixin.py:109} INFO - [2022-05-18 23:24:23,656] {dag.py:2398} INFO - Sync 1 DAGs
[2022-05-18 23:24:23,671] {logging_mixin.py:109} INFO - [2022-05-18 23:24:23,671] {dag.py:2937} INFO - Setting next_dagrun for example_kubernetes_executor to None
[2022-05-18 23:24:23,685] {processor.py:171} INFO - Processing /home/airflow/.local/lib/python3.8/site-packages/airflow/example_dags/example_kubernetes_executor.py took 0.083 seconds
[2022-05-18 23:24:55,467] {processor.py:163} INFO - Started process (PID=114) to work on /home/airflow/.local/lib/python3.8/site-packages/airflow/example_dags/example_kubernetes_executor.py
[2022-05-18 23:24:55,469] {processor.py:642} INFO - Processing file /home/airflow/.local/lib/python3.8/site-packages/airflow/example_dags/example_kubernetes_executor.py for tasks to queue
[2022-05-18 23:24:55,470] {logging_mixin.py:109} INFO - [2022-05-18 23:24:55,470] {dagbag.py:500} INFO - Filling up the DagBag from /home/airflow/.local/lib/python3.8/site-packages/airflow/example_dags/example_kubernetes_executor.py
[2022-05-18 23:24:55,551] {processor.py:654} INFO - DAG(s) dict_keys(['example_kubernetes_executor']) retrieved from /home/airflow/.local/lib/python3.8/site-packages/airflow/example_dags/example_kubernetes_executor.py
[2022-05-18 23:24:55,580] {logging_mixin.py:109} INFO - [2022-05-18 23:24:55,580] {dag.py:2398} INFO - Sync 1 DAGs
[2022-05-18 23:24:55,606] {logging_mixin.py:109} INFO - [2022-05-18 23:24:55,606] {dag.py:2937} INFO - Setting next_dagrun for example_kubernetes_executor to None
[2022-05-18 23:24:55,624] {processor.py:171} INFO - Processing /home/airflow/.local/lib/python3.8/site-packages/airflow/example_dags/example_kubernetes_executor.py took 0.160 seconds
[2022-05-18 23:25:26,384] {processor.py:163} INFO - Started process (PID=181) to work on /home/airflow/.local/lib/python3.8/site-packages/airflow/example_dags/example_kubernetes_executor.py
[2022-05-18 23:25:26,390] {processor.py:642} INFO - Processing file /home/airflow/.local/lib/python3.8/site-packages/airflow/example_dags/example_kubernetes_executor.py for tasks to queue
[2022-05-18 23:25:26,391] {logging_mixin.py:109} INFO - [2022-05-18 23:25:26,390] {dagbag.py:500} INFO - Filling up the DagBag from /home/airflow/.local/lib/python3.8/site-packages/airflow/example_dags/example_kubernetes_executor.py
[2022-05-18 23:25:26,425] {processor.py:654} INFO - DAG(s) dict_keys(['example_kubernetes_executor']) retrieved from /home/airflow/.local/lib/python3.8/site-packages/airflow/example_dags/example_kubernetes_executor.py
[2022-05-18 23:25:26,439] {logging_mixin.py:109} INFO - [2022-05-18 23:25:26,439] {dag.py:2398} INFO - Sync 1 DAGs
[2022-05-18 23:25:26,454] {logging_mixin.py:109} INFO - [2022-05-18 23:25:26,453] {dag.py:2937} INFO - Setting next_dagrun for example_kubernetes_executor to None
[2022-05-18 23:25:26,464] {processor.py:171} INFO - Processing /home/airflow/.local/lib/python3.8/site-packages/airflow/example_dags/example_kubernetes_executor.py took 0.082 seconds
[2022-05-18 23:25:57,265] {processor.py:163} INFO - Started process (PID=250) to work on /home/airflow/.local/lib/python3.8/site-packages/airflow/example_dags/example_kubernetes_executor.py
[2022-05-18 23:25:57,266] {processor.py:642} INFO - Processing file /home/airflow/.local/lib/python3.8/site-packages/airflow/example_dags/example_kubernetes_executor.py for tasks to queue
[2022-05-18 23:25:57,266] {logging_mixin.py:109} INFO - [2022-05-18 23:25:57,266] {dagbag.py:500} INFO - Filling up the DagBag from /home/airflow/.local/lib/python3.8/site-packages/airflow/example_dags/example_kubernetes_executor.py
[2022-05-18 23:25:57,293] {processor.py:654} INFO - DAG(s) dict_keys(['example_kubernetes_executor']) retrieved from /home/airflow/.local/lib/python3.8/site-packages/airflow/example_dags/example_kubernetes_executor.py
[2022-05-18 23:25:57,305] {logging_mixin.py:109} INFO - [2022-05-18 23:25:57,305] {dag.py:2398} INFO - Sync 1 DAGs
[2022-05-18 23:25:57,321] {logging_mixin.py:109} INFO - [2022-05-18 23:25:57,321] {dag.py:2937} INFO - Setting next_dagrun for example_kubernetes_executor to None
[2022-05-18 23:25:57,332] {processor.py:171} INFO - Processing /home/airflow/.local/lib/python3.8/site-packages/airflow/example_dags/example_kubernetes_executor.py took 0.070 seconds
[2022-05-18 23:26:27,811] {processor.py:163} INFO - Started process (PID=326) to work on /home/airflow/.local/lib/python3.8/site-packages/airflow/example_dags/example_kubernetes_executor.py
[2022-05-18 23:26:27,812] {processor.py:642} INFO - Processing file /home/airflow/.local/lib/python3.8/site-packages/airflow/example_dags/example_kubernetes_executor.py for tasks to queue
[2022-05-18 23:26:27,812] {logging_mixin.py:109} INFO - [2022-05-18 23:26:27,812] {dagbag.py:500} INFO - Filling up the DagBag from /home/airflow/.local/lib/python3.8/site-packages/airflow/example_dags/example_kubernetes_executor.py
[2022-05-18 23:26:27,843] {processor.py:654} INFO - DAG(s) dict_keys(['example_kubernetes_executor']) retrieved from /home/airflow/.local/lib/python3.8/site-packages/airflow/example_dags/example_kubernetes_executor.py
[2022-05-18 23:26:27,853] {logging_mixin.py:109} INFO - [2022-05-18 23:26:27,853] {dag.py:2398} INFO - Sync 1 DAGs
[2022-05-18 23:26:27,865] {logging_mixin.py:109} INFO - [2022-05-18 23:26:27,865] {dag.py:2937} INFO - Setting next_dagrun for example_kubernetes_executor to None
[2022-05-18 23:26:27,876] {processor.py:171} INFO - Processing /home/airflow/.local/lib/python3.8/site-packages/airflow/example_dags/example_kubernetes_executor.py took 0.067 seconds
[2022-05-18 23:26:58,226] {processor.py:163} INFO - Started process (PID=394) to work on /home/airflow/.local/lib/python3.8/site-packages/airflow/example_dags/example_kubernetes_executor.py
[2022-05-18 23:26:58,226] {processor.py:642} INFO - Processing file /home/airflow/.local/lib/python3.8/site-packages/airflow/example_dags/example_kubernetes_executor.py for tasks to queue
[2022-05-18 23:26:58,227] {logging_mixin.py:109} INFO - [2022-05-18 23:26:58,227] {dagbag.py:500} INFO - Filling up the DagBag from /home/airflow/.local/lib/python3.8/site-packages/airflow/example_dags/example_kubernetes_executor.py
[2022-05-18 23:26:58,256] {processor.py:654} INFO - DAG(s) dict_keys(['example_kubernetes_executor']) retrieved from /home/airflow/.local/lib/python3.8/site-packages/airflow/example_dags/example_kubernetes_executor.py
[2022-05-18 23:26:58,268] {logging_mixin.py:109} INFO - [2022-05-18 23:26:58,268] {dag.py:2398} INFO - Sync 1 DAGs
[2022-05-18 23:26:58,279] {logging_mixin.py:109} INFO - [2022-05-18 23:26:58,279] {dag.py:2937} INFO - Setting next_dagrun for example_kubernetes_executor to None
[2022-05-18 23:26:58,292] {processor.py:171} INFO - Processing /home/airflow/.local/lib/python3.8/site-packages/airflow/example_dags/example_kubernetes_executor.py took 0.068 seconds
[2022-05-18 23:27:28,421] {processor.py:163} INFO - Started process (PID=461) to work on /home/airflow/.local/lib/python3.8/site-packages/airflow/example_dags/example_kubernetes_executor.py
[2022-05-18 23:27:28,422] {processor.py:642} INFO - Processing file /home/airflow/.local/lib/python3.8/site-packages/airflow/example_dags/example_kubernetes_executor.py for tasks to queue
[2022-05-18 23:27:28,422] {logging_mixin.py:109} INFO - [2022-05-18 23:27:28,422] {dagbag.py:500} INFO - Filling up the DagBag from /home/airflow/.local/lib/python3.8/site-packages/airflow/example_dags/example_kubernetes_executor.py
[2022-05-18 23:27:28,453] {processor.py:654} INFO - DAG(s) dict_keys(['example_kubernetes_executor']) retrieved from /home/airflow/.local/lib/python3.8/site-packages/airflow/example_dags/example_kubernetes_executor.py
[2022-05-18 23:27:28,467] {logging_mixin.py:109} INFO - [2022-05-18 23:27:28,467] {dag.py:2398} INFO - Sync 1 DAGs
[2022-05-18 23:27:28,482] {logging_mixin.py:109} INFO - [2022-05-18 23:27:28,482] {dag.py:2937} INFO - Setting next_dagrun for example_kubernetes_executor to None
[2022-05-18 23:27:28,493] {processor.py:171} INFO - Processing /home/airflow/.local/lib/python3.8/site-packages/airflow/example_dags/example_kubernetes_executor.py took 0.073 seconds
[2022-05-18 23:27:58,892] {processor.py:163} INFO - Started process (PID=537) to work on /home/airflow/.local/lib/python3.8/site-packages/airflow/example_dags/example_kubernetes_executor.py
[2022-05-18 23:27:58,893] {processor.py:642} INFO - Processing file /home/airflow/.local/lib/python3.8/site-packages/airflow/example_dags/example_kubernetes_executor.py for tasks to queue
[2022-05-18 23:27:58,893] {logging_mixin.py:109} INFO - [2022-05-18 23:27:58,893] {dagbag.py:500} INFO - Filling up the DagBag from /home/airflow/.local/lib/python3.8/site-packages/airflow/example_dags/example_kubernetes_executor.py
[2022-05-18 23:27:58,936] {processor.py:654} INFO - DAG(s) dict_keys(['example_kubernetes_executor']) retrieved from /home/airflow/.local/lib/python3.8/site-packages/airflow/example_dags/example_kubernetes_executor.py
[2022-05-18 23:27:58,948] {logging_mixin.py:109} INFO - [2022-05-18 23:27:58,947] {dag.py:2398} INFO - Sync 1 DAGs
[2022-05-18 23:27:58,961] {logging_mixin.py:109} INFO - [2022-05-18 23:27:58,961] {dag.py:2937} INFO - Setting next_dagrun for example_kubernetes_executor to None
[2022-05-18 23:27:58,972] {processor.py:171} INFO - Processing /home/airflow/.local/lib/python3.8/site-packages/airflow/example_dags/example_kubernetes_executor.py took 0.082 seconds
[2022-05-18 23:28:29,224] {processor.py:163} INFO - Started process (PID=604) to work on /home/airflow/.local/lib/python3.8/site-packages/airflow/example_dags/example_kubernetes_executor.py
[2022-05-18 23:28:29,225] {processor.py:642} INFO - Processing file /home/airflow/.local/lib/python3.8/site-packages/airflow/example_dags/example_kubernetes_executor.py for tasks to queue
[2022-05-18 23:28:29,225] {logging_mixin.py:109} INFO - [2022-05-18 23:28:29,225] {dagbag.py:500} INFO - Filling up the DagBag from /home/airflow/.local/lib/python3.8/site-packages/airflow/example_dags/example_kubernetes_executor.py
[2022-05-18 23:28:29,252] {processor.py:654} INFO - DAG(s) dict_keys(['example_kubernetes_executor']) retrieved from /home/airflow/.local/lib/python3.8/site-packages/airflow/example_dags/example_kubernetes_executor.py
[2022-05-18 23:28:29,263] {logging_mixin.py:109} INFO - [2022-05-18 23:28:29,263] {dag.py:2398} INFO - Sync 1 DAGs
[2022-05-18 23:28:29,275] {logging_mixin.py:109} INFO - [2022-05-18 23:28:29,275] {dag.py:2937} INFO - Setting next_dagrun for example_kubernetes_executor to None
[2022-05-18 23:28:29,290] {processor.py:171} INFO - Processing /home/airflow/.local/lib/python3.8/site-packages/airflow/example_dags/example_kubernetes_executor.py took 0.067 seconds
[2022-05-18 23:28:59,363] {processor.py:163} INFO - Started process (PID=680) to work on /home/airflow/.local/lib/python3.8/site-packages/airflow/example_dags/example_kubernetes_executor.py
[2022-05-18 23:28:59,364] {processor.py:642} INFO - Processing file /home/airflow/.local/lib/python3.8/site-packages/airflow/example_dags/example_kubernetes_executor.py for tasks to queue
[2022-05-18 23:28:59,364] {logging_mixin.py:109} INFO - [2022-05-18 23:28:59,364] {dagbag.py:500} INFO - Filling up the DagBag from /home/airflow/.local/lib/python3.8/site-packages/airflow/example_dags/example_kubernetes_executor.py
[2022-05-18 23:28:59,396] {processor.py:654} INFO - DAG(s) dict_keys(['example_kubernetes_executor']) retrieved from /home/airflow/.local/lib/python3.8/site-packages/airflow/example_dags/example_kubernetes_executor.py
[2022-05-18 23:28:59,409] {logging_mixin.py:109} INFO - [2022-05-18 23:28:59,409] {dag.py:2398} INFO - Sync 1 DAGs
[2022-05-18 23:28:59,423] {logging_mixin.py:109} INFO - [2022-05-18 23:28:59,423] {dag.py:2937} INFO - Setting next_dagrun for example_kubernetes_executor to None
[2022-05-18 23:28:59,434] {processor.py:171} INFO - Processing /home/airflow/.local/lib/python3.8/site-packages/airflow/example_dags/example_kubernetes_executor.py took 0.072 seconds
[2022-05-18 23:29:29,594] {processor.py:163} INFO - Started process (PID=747) to work on /home/airflow/.local/lib/python3.8/site-packages/airflow/example_dags/example_kubernetes_executor.py
[2022-05-18 23:29:29,595] {processor.py:642} INFO - Processing file /home/airflow/.local/lib/python3.8/site-packages/airflow/example_dags/example_kubernetes_executor.py for tasks to queue
[2022-05-18 23:29:29,596] {logging_mixin.py:109} INFO - [2022-05-18 23:29:29,596] {dagbag.py:500} INFO - Filling up the DagBag from /home/airflow/.local/lib/python3.8/site-packages/airflow/example_dags/example_kubernetes_executor.py
[2022-05-18 23:29:29,628] {processor.py:654} INFO - DAG(s) dict_keys(['example_kubernetes_executor']) retrieved from /home/airflow/.local/lib/python3.8/site-packages/airflow/example_dags/example_kubernetes_executor.py
[2022-05-18 23:29:29,639] {logging_mixin.py:109} INFO - [2022-05-18 23:29:29,639] {dag.py:2398} INFO - Sync 1 DAGs
[2022-05-18 23:29:29,655] {logging_mixin.py:109} INFO - [2022-05-18 23:29:29,655] {dag.py:2937} INFO - Setting next_dagrun for example_kubernetes_executor to None
[2022-05-18 23:29:29,665] {processor.py:171} INFO - Processing /home/airflow/.local/lib/python3.8/site-packages/airflow/example_dags/example_kubernetes_executor.py took 0.072 seconds
[2022-05-18 23:29:59,683] {processor.py:163} INFO - Started process (PID=814) to work on /home/airflow/.local/lib/python3.8/site-packages/airflow/example_dags/example_kubernetes_executor.py
[2022-05-18 23:29:59,684] {processor.py:642} INFO - Processing file /home/airflow/.local/lib/python3.8/site-packages/airflow/example_dags/example_kubernetes_executor.py for tasks to queue
[2022-05-18 23:29:59,684] {logging_mixin.py:109} INFO - [2022-05-18 23:29:59,684] {dagbag.py:500} INFO - Filling up the DagBag from /home/airflow/.local/lib/python3.8/site-packages/airflow/example_dags/example_kubernetes_executor.py
[2022-05-18 23:29:59,717] {processor.py:654} INFO - DAG(s) dict_keys(['example_kubernetes_executor']) retrieved from /home/airflow/.local/lib/python3.8/site-packages/airflow/example_dags/example_kubernetes_executor.py
[2022-05-18 23:29:59,729] {logging_mixin.py:109} INFO - [2022-05-18 23:29:59,729] {dag.py:2398} INFO - Sync 1 DAGs
[2022-05-18 23:29:59,744] {logging_mixin.py:109} INFO - [2022-05-18 23:29:59,744] {dag.py:2937} INFO - Setting next_dagrun for example_kubernetes_executor to None
[2022-05-18 23:29:59,756] {processor.py:171} INFO - Processing /home/airflow/.local/lib/python3.8/site-packages/airflow/example_dags/example_kubernetes_executor.py took 0.075 seconds
[2022-05-18 23:30:30,147] {processor.py:163} INFO - Started process (PID=891) to work on /home/airflow/.local/lib/python3.8/site-packages/airflow/example_dags/example_kubernetes_executor.py
[2022-05-18 23:30:30,148] {processor.py:642} INFO - Processing file /home/airflow/.local/lib/python3.8/site-packages/airflow/example_dags/example_kubernetes_executor.py for tasks to queue
[2022-05-18 23:30:30,149] {logging_mixin.py:109} INFO - [2022-05-18 23:30:30,149] {dagbag.py:500} INFO - Filling up the DagBag from /home/airflow/.local/lib/python3.8/site-packages/airflow/example_dags/example_kubernetes_executor.py
[2022-05-18 23:30:30,186] {processor.py:654} INFO - DAG(s) dict_keys(['example_kubernetes_executor']) retrieved from /home/airflow/.local/lib/python3.8/site-packages/airflow/example_dags/example_kubernetes_executor.py
[2022-05-18 23:30:30,200] {logging_mixin.py:109} INFO - [2022-05-18 23:30:30,200] {dag.py:2398} INFO - Sync 1 DAGs
[2022-05-18 23:30:30,216] {logging_mixin.py:109} INFO - [2022-05-18 23:30:30,216] {dag.py:2937} INFO - Setting next_dagrun for example_kubernetes_executor to None
[2022-05-18 23:30:30,226] {processor.py:171} INFO - Processing /home/airflow/.local/lib/python3.8/site-packages/airflow/example_dags/example_kubernetes_executor.py took 0.080 seconds
[2022-05-18 23:31:00,510] {processor.py:163} INFO - Started process (PID=977) to work on /home/airflow/.local/lib/python3.8/site-packages/airflow/example_dags/example_kubernetes_executor.py
[2022-05-18 23:31:00,510] {processor.py:642} INFO - Processing file /home/airflow/.local/lib/python3.8/site-packages/airflow/example_dags/example_kubernetes_executor.py for tasks to queue
[2022-05-18 23:31:00,511] {logging_mixin.py:109} INFO - [2022-05-18 23:31:00,511] {dagbag.py:500} INFO - Filling up the DagBag from /home/airflow/.local/lib/python3.8/site-packages/airflow/example_dags/example_kubernetes_executor.py
[2022-05-18 23:31:00,539] {processor.py:654} INFO - DAG(s) dict_keys(['example_kubernetes_executor']) retrieved from /home/airflow/.local/lib/python3.8/site-packages/airflow/example_dags/example_kubernetes_executor.py
[2022-05-18 23:31:00,551] {logging_mixin.py:109} INFO - [2022-05-18 23:31:00,550] {dag.py:2398} INFO - Sync 1 DAGs
[2022-05-18 23:31:00,564] {logging_mixin.py:109} INFO - [2022-05-18 23:31:00,564] {dag.py:2937} INFO - Setting next_dagrun for example_kubernetes_executor to None
[2022-05-18 23:31:00,573] {processor.py:171} INFO - Processing /home/airflow/.local/lib/python3.8/site-packages/airflow/example_dags/example_kubernetes_executor.py took 0.066 seconds
[2022-05-18 23:31:31,341] {processor.py:163} INFO - Started process (PID=1068) to work on /home/airflow/.local/lib/python3.8/site-packages/airflow/example_dags/example_kubernetes_executor.py
[2022-05-18 23:31:31,343] {processor.py:642} INFO - Processing file /home/airflow/.local/lib/python3.8/site-packages/airflow/example_dags/example_kubernetes_executor.py for tasks to queue
[2022-05-18 23:31:31,343] {logging_mixin.py:109} INFO - [2022-05-18 23:31:31,343] {dagbag.py:500} INFO - Filling up the DagBag from /home/airflow/.local/lib/python3.8/site-packages/airflow/example_dags/example_kubernetes_executor.py
[2022-05-18 23:31:31,386] {processor.py:654} INFO - DAG(s) dict_keys(['example_kubernetes_executor']) retrieved from /home/airflow/.local/lib/python3.8/site-packages/airflow/example_dags/example_kubernetes_executor.py
[2022-05-18 23:31:31,402] {logging_mixin.py:109} INFO - [2022-05-18 23:31:31,402] {dag.py:2398} INFO - Sync 1 DAGs
[2022-05-18 23:31:31,420] {logging_mixin.py:109} INFO - [2022-05-18 23:31:31,420] {dag.py:2937} INFO - Setting next_dagrun for example_kubernetes_executor to None
[2022-05-18 23:31:31,437] {processor.py:171} INFO - Processing /home/airflow/.local/lib/python3.8/site-packages/airflow/example_dags/example_kubernetes_executor.py took 0.098 seconds
[2022-05-18 23:32:01,761] {processor.py:163} INFO - Started process (PID=1136) to work on /home/airflow/.local/lib/python3.8/site-packages/airflow/example_dags/example_kubernetes_executor.py
[2022-05-18 23:32:01,762] {processor.py:642} INFO - Processing file /home/airflow/.local/lib/python3.8/site-packages/airflow/example_dags/example_kubernetes_executor.py for tasks to queue
[2022-05-18 23:32:01,762] {logging_mixin.py:109} INFO - [2022-05-18 23:32:01,762] {dagbag.py:500} INFO - Filling up the DagBag from /home/airflow/.local/lib/python3.8/site-packages/airflow/example_dags/example_kubernetes_executor.py
[2022-05-18 23:32:01,793] {processor.py:654} INFO - DAG(s) dict_keys(['example_kubernetes_executor']) retrieved from /home/airflow/.local/lib/python3.8/site-packages/airflow/example_dags/example_kubernetes_executor.py
[2022-05-18 23:32:01,803] {logging_mixin.py:109} INFO - [2022-05-18 23:32:01,803] {dag.py:2398} INFO - Sync 1 DAGs
[2022-05-18 23:32:01,817] {logging_mixin.py:109} INFO - [2022-05-18 23:32:01,817] {dag.py:2937} INFO - Setting next_dagrun for example_kubernetes_executor to None
[2022-05-18 23:32:01,826] {processor.py:171} INFO - Processing /home/airflow/.local/lib/python3.8/site-packages/airflow/example_dags/example_kubernetes_executor.py took 0.067 seconds
[2022-05-18 23:32:31,960] {processor.py:163} INFO - Started process (PID=1221) to work on /home/airflow/.local/lib/python3.8/site-packages/airflow/example_dags/example_kubernetes_executor.py
[2022-05-18 23:32:31,961] {processor.py:642} INFO - Processing file /home/airflow/.local/lib/python3.8/site-packages/airflow/example_dags/example_kubernetes_executor.py for tasks to queue
[2022-05-18 23:32:31,962] {logging_mixin.py:109} INFO - [2022-05-18 23:32:31,962] {dagbag.py:500} INFO - Filling up the DagBag from /home/airflow/.local/lib/python3.8/site-packages/airflow/example_dags/example_kubernetes_executor.py
[2022-05-18 23:32:32,024] {processor.py:654} INFO - DAG(s) dict_keys(['example_kubernetes_executor']) retrieved from /home/airflow/.local/lib/python3.8/site-packages/airflow/example_dags/example_kubernetes_executor.py
[2022-05-18 23:32:32,042] {logging_mixin.py:109} INFO - [2022-05-18 23:32:32,042] {dag.py:2398} INFO - Sync 1 DAGs
[2022-05-18 23:32:32,058] {logging_mixin.py:109} INFO - [2022-05-18 23:32:32,058] {dag.py:2937} INFO - Setting next_dagrun for example_kubernetes_executor to None
[2022-05-18 23:32:32,077] {processor.py:171} INFO - Processing /home/airflow/.local/lib/python3.8/site-packages/airflow/example_dags/example_kubernetes_executor.py took 0.118 seconds
[2022-05-18 23:33:02,094] {processor.py:163} INFO - Started process (PID=1315) to work on /home/airflow/.local/lib/python3.8/site-packages/airflow/example_dags/example_kubernetes_executor.py
[2022-05-18 23:33:02,095] {processor.py:642} INFO - Processing file /home/airflow/.local/lib/python3.8/site-packages/airflow/example_dags/example_kubernetes_executor.py for tasks to queue
[2022-05-18 23:33:02,096] {logging_mixin.py:109} INFO - [2022-05-18 23:33:02,096] {dagbag.py:500} INFO - Filling up the DagBag from /home/airflow/.local/lib/python3.8/site-packages/airflow/example_dags/example_kubernetes_executor.py
[2022-05-18 23:33:02,134] {processor.py:654} INFO - DAG(s) dict_keys(['example_kubernetes_executor']) retrieved from /home/airflow/.local/lib/python3.8/site-packages/airflow/example_dags/example_kubernetes_executor.py
[2022-05-18 23:33:02,148] {logging_mixin.py:109} INFO - [2022-05-18 23:33:02,148] {dag.py:2398} INFO - Sync 1 DAGs
[2022-05-18 23:33:02,170] {logging_mixin.py:109} INFO - [2022-05-18 23:33:02,170] {dag.py:2937} INFO - Setting next_dagrun for example_kubernetes_executor to None
[2022-05-18 23:33:02,181] {processor.py:171} INFO - Processing /home/airflow/.local/lib/python3.8/site-packages/airflow/example_dags/example_kubernetes_executor.py took 0.089 seconds
[2022-05-18 23:33:32,483] {processor.py:163} INFO - Started process (PID=1399) to work on /home/airflow/.local/lib/python3.8/site-packages/airflow/example_dags/example_kubernetes_executor.py
[2022-05-18 23:33:32,484] {processor.py:642} INFO - Processing file /home/airflow/.local/lib/python3.8/site-packages/airflow/example_dags/example_kubernetes_executor.py for tasks to queue
[2022-05-18 23:33:32,484] {logging_mixin.py:109} INFO - [2022-05-18 23:33:32,484] {dagbag.py:500} INFO - Filling up the DagBag from /home/airflow/.local/lib/python3.8/site-packages/airflow/example_dags/example_kubernetes_executor.py
[2022-05-18 23:33:32,517] {processor.py:654} INFO - DAG(s) dict_keys(['example_kubernetes_executor']) retrieved from /home/airflow/.local/lib/python3.8/site-packages/airflow/example_dags/example_kubernetes_executor.py
[2022-05-18 23:33:32,528] {logging_mixin.py:109} INFO - [2022-05-18 23:33:32,528] {dag.py:2398} INFO - Sync 1 DAGs
[2022-05-18 23:33:32,539] {logging_mixin.py:109} INFO - [2022-05-18 23:33:32,539] {dag.py:2937} INFO - Setting next_dagrun for example_kubernetes_executor to None
[2022-05-18 23:33:32,548] {processor.py:171} INFO - Processing /home/airflow/.local/lib/python3.8/site-packages/airflow/example_dags/example_kubernetes_executor.py took 0.067 seconds
[2022-05-18 23:34:03,152] {processor.py:163} INFO - Started process (PID=1488) to work on /home/airflow/.local/lib/python3.8/site-packages/airflow/example_dags/example_kubernetes_executor.py
[2022-05-18 23:34:03,153] {processor.py:642} INFO - Processing file /home/airflow/.local/lib/python3.8/site-packages/airflow/example_dags/example_kubernetes_executor.py for tasks to queue
[2022-05-18 23:34:03,153] {logging_mixin.py:109} INFO - [2022-05-18 23:34:03,153] {dagbag.py:500} INFO - Filling up the DagBag from /home/airflow/.local/lib/python3.8/site-packages/airflow/example_dags/example_kubernetes_executor.py
[2022-05-18 23:34:03,198] {processor.py:654} INFO - DAG(s) dict_keys(['example_kubernetes_executor']) retrieved from /home/airflow/.local/lib/python3.8/site-packages/airflow/example_dags/example_kubernetes_executor.py
[2022-05-18 23:34:03,211] {logging_mixin.py:109} INFO - [2022-05-18 23:34:03,210] {dag.py:2398} INFO - Sync 1 DAGs
[2022-05-18 23:34:03,230] {logging_mixin.py:109} INFO - [2022-05-18 23:34:03,230] {dag.py:2937} INFO - Setting next_dagrun for example_kubernetes_executor to None
[2022-05-18 23:34:03,241] {processor.py:171} INFO - Processing /home/airflow/.local/lib/python3.8/site-packages/airflow/example_dags/example_kubernetes_executor.py took 0.092 seconds
[2022-05-18 23:34:33,361] {processor.py:163} INFO - Started process (PID=1559) to work on /home/airflow/.local/lib/python3.8/site-packages/airflow/example_dags/example_kubernetes_executor.py
[2022-05-18 23:34:33,362] {processor.py:642} INFO - Processing file /home/airflow/.local/lib/python3.8/site-packages/airflow/example_dags/example_kubernetes_executor.py for tasks to queue
[2022-05-18 23:34:33,363] {logging_mixin.py:109} INFO - [2022-05-18 23:34:33,363] {dagbag.py:500} INFO - Filling up the DagBag from /home/airflow/.local/lib/python3.8/site-packages/airflow/example_dags/example_kubernetes_executor.py
[2022-05-18 23:34:33,394] {processor.py:654} INFO - DAG(s) dict_keys(['example_kubernetes_executor']) retrieved from /home/airflow/.local/lib/python3.8/site-packages/airflow/example_dags/example_kubernetes_executor.py
[2022-05-18 23:34:33,404] {logging_mixin.py:109} INFO - [2022-05-18 23:34:33,404] {dag.py:2398} INFO - Sync 1 DAGs
[2022-05-18 23:34:33,419] {logging_mixin.py:109} INFO - [2022-05-18 23:34:33,419] {dag.py:2937} INFO - Setting next_dagrun for example_kubernetes_executor to None
[2022-05-18 23:34:33,430] {processor.py:171} INFO - Processing /home/airflow/.local/lib/python3.8/site-packages/airflow/example_dags/example_kubernetes_executor.py took 0.070 seconds
[2022-05-18 23:35:03,668] {processor.py:163} INFO - Started process (PID=1643) to work on /home/airflow/.local/lib/python3.8/site-packages/airflow/example_dags/example_kubernetes_executor.py
[2022-05-18 23:35:03,669] {processor.py:642} INFO - Processing file /home/airflow/.local/lib/python3.8/site-packages/airflow/example_dags/example_kubernetes_executor.py for tasks to queue
[2022-05-18 23:35:03,669] {logging_mixin.py:109} INFO - [2022-05-18 23:35:03,669] {dagbag.py:500} INFO - Filling up the DagBag from /home/airflow/.local/lib/python3.8/site-packages/airflow/example_dags/example_kubernetes_executor.py
[2022-05-18 23:35:03,713] {processor.py:654} INFO - DAG(s) dict_keys(['example_kubernetes_executor']) retrieved from /home/airflow/.local/lib/python3.8/site-packages/airflow/example_dags/example_kubernetes_executor.py
[2022-05-18 23:35:03,732] {logging_mixin.py:109} INFO - [2022-05-18 23:35:03,732] {dag.py:2398} INFO - Sync 1 DAGs
[2022-05-18 23:35:03,751] {logging_mixin.py:109} INFO - [2022-05-18 23:35:03,751] {dag.py:2937} INFO - Setting next_dagrun for example_kubernetes_executor to None
[2022-05-18 23:35:03,764] {processor.py:171} INFO - Processing /home/airflow/.local/lib/python3.8/site-packages/airflow/example_dags/example_kubernetes_executor.py took 0.098 seconds
[2022-05-18 23:35:34,285] {processor.py:163} INFO - Started process (PID=1737) to work on /home/airflow/.local/lib/python3.8/site-packages/airflow/example_dags/example_kubernetes_executor.py
[2022-05-18 23:35:34,286] {processor.py:642} INFO - Processing file /home/airflow/.local/lib/python3.8/site-packages/airflow/example_dags/example_kubernetes_executor.py for tasks to queue
[2022-05-18 23:35:34,287] {logging_mixin.py:109} INFO - [2022-05-18 23:35:34,287] {dagbag.py:500} INFO - Filling up the DagBag from /home/airflow/.local/lib/python3.8/site-packages/airflow/example_dags/example_kubernetes_executor.py
[2022-05-18 23:35:34,328] {processor.py:654} INFO - DAG(s) dict_keys(['example_kubernetes_executor']) retrieved from /home/airflow/.local/lib/python3.8/site-packages/airflow/example_dags/example_kubernetes_executor.py
[2022-05-18 23:35:34,343] {logging_mixin.py:109} INFO - [2022-05-18 23:35:34,343] {dag.py:2398} INFO - Sync 1 DAGs
[2022-05-18 23:35:34,358] {logging_mixin.py:109} INFO - [2022-05-18 23:35:34,358] {dag.py:2937} INFO - Setting next_dagrun for example_kubernetes_executor to None
[2022-05-18 23:35:34,368] {processor.py:171} INFO - Processing /home/airflow/.local/lib/python3.8/site-packages/airflow/example_dags/example_kubernetes_executor.py took 0.085 seconds
[2022-05-18 23:36:04,534] {processor.py:163} INFO - Started process (PID=1821) to work on /home/airflow/.local/lib/python3.8/site-packages/airflow/example_dags/example_kubernetes_executor.py
[2022-05-18 23:36:04,536] {processor.py:642} INFO - Processing file /home/airflow/.local/lib/python3.8/site-packages/airflow/example_dags/example_kubernetes_executor.py for tasks to queue
[2022-05-18 23:36:04,536] {logging_mixin.py:109} INFO - [2022-05-18 23:36:04,536] {dagbag.py:500} INFO - Filling up the DagBag from /home/airflow/.local/lib/python3.8/site-packages/airflow/example_dags/example_kubernetes_executor.py
[2022-05-18 23:36:04,568] {processor.py:654} INFO - DAG(s) dict_keys(['example_kubernetes_executor']) retrieved from /home/airflow/.local/lib/python3.8/site-packages/airflow/example_dags/example_kubernetes_executor.py
[2022-05-18 23:36:04,580] {logging_mixin.py:109} INFO - [2022-05-18 23:36:04,580] {dag.py:2398} INFO - Sync 1 DAGs
[2022-05-18 23:36:04,593] {logging_mixin.py:109} INFO - [2022-05-18 23:36:04,593] {dag.py:2937} INFO - Setting next_dagrun for example_kubernetes_executor to None
[2022-05-18 23:36:04,605] {processor.py:171} INFO - Processing /home/airflow/.local/lib/python3.8/site-packages/airflow/example_dags/example_kubernetes_executor.py took 0.073 seconds
[2022-05-18 23:36:34,627] {processor.py:163} INFO - Started process (PID=1905) to work on /home/airflow/.local/lib/python3.8/site-packages/airflow/example_dags/example_kubernetes_executor.py
[2022-05-18 23:36:34,628] {processor.py:642} INFO - Processing file /home/airflow/.local/lib/python3.8/site-packages/airflow/example_dags/example_kubernetes_executor.py for tasks to queue
[2022-05-18 23:36:34,629] {logging_mixin.py:109} INFO - [2022-05-18 23:36:34,629] {dagbag.py:500} INFO - Filling up the DagBag from /home/airflow/.local/lib/python3.8/site-packages/airflow/example_dags/example_kubernetes_executor.py
[2022-05-18 23:36:34,668] {processor.py:654} INFO - DAG(s) dict_keys(['example_kubernetes_executor']) retrieved from /home/airflow/.local/lib/python3.8/site-packages/airflow/example_dags/example_kubernetes_executor.py
[2022-05-18 23:36:34,680] {logging_mixin.py:109} INFO - [2022-05-18 23:36:34,680] {dag.py:2398} INFO - Sync 1 DAGs
[2022-05-18 23:36:34,694] {logging_mixin.py:109} INFO - [2022-05-18 23:36:34,694] {dag.py:2937} INFO - Setting next_dagrun for example_kubernetes_executor to None
[2022-05-18 23:36:34,704] {processor.py:171} INFO - Processing /home/airflow/.local/lib/python3.8/site-packages/airflow/example_dags/example_kubernetes_executor.py took 0.079 seconds
[2022-05-18 23:37:05,342] {processor.py:163} INFO - Started process (PID=1998) to work on /home/airflow/.local/lib/python3.8/site-packages/airflow/example_dags/example_kubernetes_executor.py
[2022-05-18 23:37:05,343] {processor.py:642} INFO - Processing file /home/airflow/.local/lib/python3.8/site-packages/airflow/example_dags/example_kubernetes_executor.py for tasks to queue
[2022-05-18 23:37:05,343] {logging_mixin.py:109} INFO - [2022-05-18 23:37:05,343] {dagbag.py:500} INFO - Filling up the DagBag from /home/airflow/.local/lib/python3.8/site-packages/airflow/example_dags/example_kubernetes_executor.py
[2022-05-18 23:37:05,372] {processor.py:654} INFO - DAG(s) dict_keys(['example_kubernetes_executor']) retrieved from /home/airflow/.local/lib/python3.8/site-packages/airflow/example_dags/example_kubernetes_executor.py
[2022-05-18 23:37:05,386] {logging_mixin.py:109} INFO - [2022-05-18 23:37:05,386] {dag.py:2398} INFO - Sync 1 DAGs
[2022-05-18 23:37:05,401] {logging_mixin.py:109} INFO - [2022-05-18 23:37:05,401] {dag.py:2937} INFO - Setting next_dagrun for example_kubernetes_executor to None
[2022-05-18 23:37:05,411] {processor.py:171} INFO - Processing /home/airflow/.local/lib/python3.8/site-packages/airflow/example_dags/example_kubernetes_executor.py took 0.072 seconds
[2022-05-18 23:37:35,668] {processor.py:163} INFO - Started process (PID=2084) to work on /home/airflow/.local/lib/python3.8/site-packages/airflow/example_dags/example_kubernetes_executor.py
[2022-05-18 23:37:35,669] {processor.py:642} INFO - Processing file /home/airflow/.local/lib/python3.8/site-packages/airflow/example_dags/example_kubernetes_executor.py for tasks to queue
[2022-05-18 23:37:35,669] {logging_mixin.py:109} INFO - [2022-05-18 23:37:35,669] {dagbag.py:500} INFO - Filling up the DagBag from /home/airflow/.local/lib/python3.8/site-packages/airflow/example_dags/example_kubernetes_executor.py
[2022-05-18 23:37:35,701] {processor.py:654} INFO - DAG(s) dict_keys(['example_kubernetes_executor']) retrieved from /home/airflow/.local/lib/python3.8/site-packages/airflow/example_dags/example_kubernetes_executor.py
[2022-05-18 23:37:35,713] {logging_mixin.py:109} INFO - [2022-05-18 23:37:35,713] {dag.py:2398} INFO - Sync 1 DAGs
[2022-05-18 23:37:35,726] {logging_mixin.py:109} INFO - [2022-05-18 23:37:35,725] {dag.py:2937} INFO - Setting next_dagrun for example_kubernetes_executor to None
[2022-05-18 23:37:35,738] {processor.py:171} INFO - Processing /home/airflow/.local/lib/python3.8/site-packages/airflow/example_dags/example_kubernetes_executor.py took 0.072 seconds
[2022-05-18 23:38:06,509] {processor.py:163} INFO - Started process (PID=2176) to work on /home/airflow/.local/lib/python3.8/site-packages/airflow/example_dags/example_kubernetes_executor.py
[2022-05-18 23:38:06,510] {processor.py:642} INFO - Processing file /home/airflow/.local/lib/python3.8/site-packages/airflow/example_dags/example_kubernetes_executor.py for tasks to queue
[2022-05-18 23:38:06,510] {logging_mixin.py:109} INFO - [2022-05-18 23:38:06,510] {dagbag.py:500} INFO - Filling up the DagBag from /home/airflow/.local/lib/python3.8/site-packages/airflow/example_dags/example_kubernetes_executor.py
[2022-05-18 23:38:06,540] {processor.py:654} INFO - DAG(s) dict_keys(['example_kubernetes_executor']) retrieved from /home/airflow/.local/lib/python3.8/site-packages/airflow/example_dags/example_kubernetes_executor.py
[2022-05-18 23:38:06,551] {logging_mixin.py:109} INFO - [2022-05-18 23:38:06,551] {dag.py:2398} INFO - Sync 1 DAGs
[2022-05-18 23:38:06,563] {logging_mixin.py:109} INFO - [2022-05-18 23:38:06,563] {dag.py:2937} INFO - Setting next_dagrun for example_kubernetes_executor to None
[2022-05-18 23:38:06,585] {processor.py:171} INFO - Processing /home/airflow/.local/lib/python3.8/site-packages/airflow/example_dags/example_kubernetes_executor.py took 0.080 seconds
[2022-05-18 23:38:36,613] {processor.py:163} INFO - Started process (PID=2262) to work on /home/airflow/.local/lib/python3.8/site-packages/airflow/example_dags/example_kubernetes_executor.py
[2022-05-18 23:38:36,613] {processor.py:642} INFO - Processing file /home/airflow/.local/lib/python3.8/site-packages/airflow/example_dags/example_kubernetes_executor.py for tasks to queue
[2022-05-18 23:38:36,614] {logging_mixin.py:109} INFO - [2022-05-18 23:38:36,614] {dagbag.py:500} INFO - Filling up the DagBag from /home/airflow/.local/lib/python3.8/site-packages/airflow/example_dags/example_kubernetes_executor.py
[2022-05-18 23:38:36,648] {processor.py:654} INFO - DAG(s) dict_keys(['example_kubernetes_executor']) retrieved from /home/airflow/.local/lib/python3.8/site-packages/airflow/example_dags/example_kubernetes_executor.py
[2022-05-18 23:38:36,659] {logging_mixin.py:109} INFO - [2022-05-18 23:38:36,659] {dag.py:2398} INFO - Sync 1 DAGs
[2022-05-18 23:38:36,677] {logging_mixin.py:109} INFO - [2022-05-18 23:38:36,677] {dag.py:2937} INFO - Setting next_dagrun for example_kubernetes_executor to None
[2022-05-18 23:38:36,715] {processor.py:171} INFO - Processing /home/airflow/.local/lib/python3.8/site-packages/airflow/example_dags/example_kubernetes_executor.py took 0.104 seconds
[2022-05-18 23:39:06,870] {processor.py:163} INFO - Started process (PID=2347) to work on /home/airflow/.local/lib/python3.8/site-packages/airflow/example_dags/example_kubernetes_executor.py
[2022-05-18 23:39:06,875] {processor.py:642} INFO - Processing file /home/airflow/.local/lib/python3.8/site-packages/airflow/example_dags/example_kubernetes_executor.py for tasks to queue
[2022-05-18 23:39:06,876] {logging_mixin.py:109} INFO - [2022-05-18 23:39:06,876] {dagbag.py:500} INFO - Filling up the DagBag from /home/airflow/.local/lib/python3.8/site-packages/airflow/example_dags/example_kubernetes_executor.py
[2022-05-18 23:39:06,932] {processor.py:654} INFO - DAG(s) dict_keys(['example_kubernetes_executor']) retrieved from /home/airflow/.local/lib/python3.8/site-packages/airflow/example_dags/example_kubernetes_executor.py
[2022-05-18 23:39:06,945] {logging_mixin.py:109} INFO - [2022-05-18 23:39:06,945] {dag.py:2398} INFO - Sync 1 DAGs
[2022-05-18 23:39:06,959] {logging_mixin.py:109} INFO - [2022-05-18 23:39:06,959] {dag.py:2937} INFO - Setting next_dagrun for example_kubernetes_executor to None
[2022-05-18 23:39:06,969] {processor.py:171} INFO - Processing /home/airflow/.local/lib/python3.8/site-packages/airflow/example_dags/example_kubernetes_executor.py took 0.101 seconds
[2022-05-18 23:39:37,286] {processor.py:163} INFO - Started process (PID=2440) to work on /home/airflow/.local/lib/python3.8/site-packages/airflow/example_dags/example_kubernetes_executor.py
[2022-05-18 23:39:37,287] {processor.py:642} INFO - Processing file /home/airflow/.local/lib/python3.8/site-packages/airflow/example_dags/example_kubernetes_executor.py for tasks to queue
[2022-05-18 23:39:37,288] {logging_mixin.py:109} INFO - [2022-05-18 23:39:37,288] {dagbag.py:500} INFO - Filling up the DagBag from /home/airflow/.local/lib/python3.8/site-packages/airflow/example_dags/example_kubernetes_executor.py
[2022-05-18 23:39:37,330] {processor.py:654} INFO - DAG(s) dict_keys(['example_kubernetes_executor']) retrieved from /home/airflow/.local/lib/python3.8/site-packages/airflow/example_dags/example_kubernetes_executor.py
[2022-05-18 23:39:37,344] {logging_mixin.py:109} INFO - [2022-05-18 23:39:37,344] {dag.py:2398} INFO - Sync 1 DAGs
[2022-05-18 23:39:37,360] {logging_mixin.py:109} INFO - [2022-05-18 23:39:37,360] {dag.py:2937} INFO - Setting next_dagrun for example_kubernetes_executor to None
[2022-05-18 23:39:37,372] {processor.py:171} INFO - Processing /home/airflow/.local/lib/python3.8/site-packages/airflow/example_dags/example_kubernetes_executor.py took 0.088 seconds
[2022-05-18 23:40:07,574] {processor.py:163} INFO - Started process (PID=2524) to work on /home/airflow/.local/lib/python3.8/site-packages/airflow/example_dags/example_kubernetes_executor.py
[2022-05-18 23:40:07,575] {processor.py:642} INFO - Processing file /home/airflow/.local/lib/python3.8/site-packages/airflow/example_dags/example_kubernetes_executor.py for tasks to queue
[2022-05-18 23:40:07,576] {logging_mixin.py:109} INFO - [2022-05-18 23:40:07,576] {dagbag.py:500} INFO - Filling up the DagBag from /home/airflow/.local/lib/python3.8/site-packages/airflow/example_dags/example_kubernetes_executor.py
[2022-05-18 23:40:07,612] {processor.py:654} INFO - DAG(s) dict_keys(['example_kubernetes_executor']) retrieved from /home/airflow/.local/lib/python3.8/site-packages/airflow/example_dags/example_kubernetes_executor.py
[2022-05-18 23:40:07,623] {logging_mixin.py:109} INFO - [2022-05-18 23:40:07,622] {dag.py:2398} INFO - Sync 1 DAGs
[2022-05-18 23:40:07,635] {logging_mixin.py:109} INFO - [2022-05-18 23:40:07,635] {dag.py:2937} INFO - Setting next_dagrun for example_kubernetes_executor to None
[2022-05-18 23:40:07,647] {processor.py:171} INFO - Processing /home/airflow/.local/lib/python3.8/site-packages/airflow/example_dags/example_kubernetes_executor.py took 0.076 seconds
[2022-05-18 23:40:37,794] {processor.py:163} INFO - Started process (PID=2610) to work on /home/airflow/.local/lib/python3.8/site-packages/airflow/example_dags/example_kubernetes_executor.py
[2022-05-18 23:40:37,795] {processor.py:642} INFO - Processing file /home/airflow/.local/lib/python3.8/site-packages/airflow/example_dags/example_kubernetes_executor.py for tasks to queue
[2022-05-18 23:40:37,796] {logging_mixin.py:109} INFO - [2022-05-18 23:40:37,796] {dagbag.py:500} INFO - Filling up the DagBag from /home/airflow/.local/lib/python3.8/site-packages/airflow/example_dags/example_kubernetes_executor.py
[2022-05-18 23:40:37,827] {processor.py:654} INFO - DAG(s) dict_keys(['example_kubernetes_executor']) retrieved from /home/airflow/.local/lib/python3.8/site-packages/airflow/example_dags/example_kubernetes_executor.py
[2022-05-18 23:40:37,841] {logging_mixin.py:109} INFO - [2022-05-18 23:40:37,841] {dag.py:2398} INFO - Sync 1 DAGs
[2022-05-18 23:40:37,854] {logging_mixin.py:109} INFO - [2022-05-18 23:40:37,854] {dag.py:2937} INFO - Setting next_dagrun for example_kubernetes_executor to None
[2022-05-18 23:40:37,865] {processor.py:171} INFO - Processing /home/airflow/.local/lib/python3.8/site-packages/airflow/example_dags/example_kubernetes_executor.py took 0.074 seconds
[2022-05-18 23:41:08,491] {processor.py:163} INFO - Started process (PID=2701) to work on /home/airflow/.local/lib/python3.8/site-packages/airflow/example_dags/example_kubernetes_executor.py
[2022-05-18 23:41:08,493] {processor.py:642} INFO - Processing file /home/airflow/.local/lib/python3.8/site-packages/airflow/example_dags/example_kubernetes_executor.py for tasks to queue
[2022-05-18 23:41:08,494] {logging_mixin.py:109} INFO - [2022-05-18 23:41:08,494] {dagbag.py:500} INFO - Filling up the DagBag from /home/airflow/.local/lib/python3.8/site-packages/airflow/example_dags/example_kubernetes_executor.py
[2022-05-18 23:41:08,536] {processor.py:654} INFO - DAG(s) dict_keys(['example_kubernetes_executor']) retrieved from /home/airflow/.local/lib/python3.8/site-packages/airflow/example_dags/example_kubernetes_executor.py
[2022-05-18 23:41:08,548] {logging_mixin.py:109} INFO - [2022-05-18 23:41:08,548] {dag.py:2398} INFO - Sync 1 DAGs
[2022-05-18 23:41:08,560] {logging_mixin.py:109} INFO - [2022-05-18 23:41:08,560] {dag.py:2937} INFO - Setting next_dagrun for example_kubernetes_executor to None
[2022-05-18 23:41:08,572] {processor.py:171} INFO - Processing /home/airflow/.local/lib/python3.8/site-packages/airflow/example_dags/example_kubernetes_executor.py took 0.086 seconds
[2022-05-18 23:41:38,610] {processor.py:163} INFO - Started process (PID=2786) to work on /home/airflow/.local/lib/python3.8/site-packages/airflow/example_dags/example_kubernetes_executor.py
[2022-05-18 23:41:38,611] {processor.py:642} INFO - Processing file /home/airflow/.local/lib/python3.8/site-packages/airflow/example_dags/example_kubernetes_executor.py for tasks to queue
[2022-05-18 23:41:38,611] {logging_mixin.py:109} INFO - [2022-05-18 23:41:38,611] {dagbag.py:500} INFO - Filling up the DagBag from /home/airflow/.local/lib/python3.8/site-packages/airflow/example_dags/example_kubernetes_executor.py
[2022-05-18 23:41:38,646] {processor.py:654} INFO - DAG(s) dict_keys(['example_kubernetes_executor']) retrieved from /home/airflow/.local/lib/python3.8/site-packages/airflow/example_dags/example_kubernetes_executor.py
[2022-05-18 23:41:38,661] {logging_mixin.py:109} INFO - [2022-05-18 23:41:38,661] {dag.py:2398} INFO - Sync 1 DAGs
[2022-05-18 23:41:38,675] {logging_mixin.py:109} INFO - [2022-05-18 23:41:38,675] {dag.py:2937} INFO - Setting next_dagrun for example_kubernetes_executor to None
[2022-05-18 23:41:38,689] {processor.py:171} INFO - Processing /home/airflow/.local/lib/python3.8/site-packages/airflow/example_dags/example_kubernetes_executor.py took 0.081 seconds
[2022-05-18 23:42:09,356] {processor.py:163} INFO - Started process (PID=2879) to work on /home/airflow/.local/lib/python3.8/site-packages/airflow/example_dags/example_kubernetes_executor.py
[2022-05-18 23:42:09,358] {processor.py:642} INFO - Processing file /home/airflow/.local/lib/python3.8/site-packages/airflow/example_dags/example_kubernetes_executor.py for tasks to queue
[2022-05-18 23:42:09,359] {logging_mixin.py:109} INFO - [2022-05-18 23:42:09,359] {dagbag.py:500} INFO - Filling up the DagBag from /home/airflow/.local/lib/python3.8/site-packages/airflow/example_dags/example_kubernetes_executor.py
[2022-05-18 23:42:09,397] {processor.py:654} INFO - DAG(s) dict_keys(['example_kubernetes_executor']) retrieved from /home/airflow/.local/lib/python3.8/site-packages/airflow/example_dags/example_kubernetes_executor.py
[2022-05-18 23:42:09,413] {logging_mixin.py:109} INFO - [2022-05-18 23:42:09,413] {dag.py:2398} INFO - Sync 1 DAGs
[2022-05-18 23:42:09,434] {logging_mixin.py:109} INFO - [2022-05-18 23:42:09,434] {dag.py:2937} INFO - Setting next_dagrun for example_kubernetes_executor to None
[2022-05-18 23:42:09,449] {processor.py:171} INFO - Processing /home/airflow/.local/lib/python3.8/site-packages/airflow/example_dags/example_kubernetes_executor.py took 0.097 seconds
[2022-05-18 23:42:39,686] {processor.py:163} INFO - Started process (PID=2965) to work on /home/airflow/.local/lib/python3.8/site-packages/airflow/example_dags/example_kubernetes_executor.py
[2022-05-18 23:42:39,687] {processor.py:642} INFO - Processing file /home/airflow/.local/lib/python3.8/site-packages/airflow/example_dags/example_kubernetes_executor.py for tasks to queue
[2022-05-18 23:42:39,688] {logging_mixin.py:109} INFO - [2022-05-18 23:42:39,688] {dagbag.py:500} INFO - Filling up the DagBag from /home/airflow/.local/lib/python3.8/site-packages/airflow/example_dags/example_kubernetes_executor.py
[2022-05-18 23:42:39,726] {processor.py:654} INFO - DAG(s) dict_keys(['example_kubernetes_executor']) retrieved from /home/airflow/.local/lib/python3.8/site-packages/airflow/example_dags/example_kubernetes_executor.py
[2022-05-18 23:42:39,738] {logging_mixin.py:109} INFO - [2022-05-18 23:42:39,738] {dag.py:2398} INFO - Sync 1 DAGs
[2022-05-18 23:42:39,753] {logging_mixin.py:109} INFO - [2022-05-18 23:42:39,753] {dag.py:2937} INFO - Setting next_dagrun for example_kubernetes_executor to None
[2022-05-18 23:42:39,764] {processor.py:171} INFO - Processing /home/airflow/.local/lib/python3.8/site-packages/airflow/example_dags/example_kubernetes_executor.py took 0.081 seconds
[2022-05-18 23:43:10,124] {processor.py:163} INFO - Started process (PID=3050) to work on /home/airflow/.local/lib/python3.8/site-packages/airflow/example_dags/example_kubernetes_executor.py
[2022-05-18 23:43:10,125] {processor.py:642} INFO - Processing file /home/airflow/.local/lib/python3.8/site-packages/airflow/example_dags/example_kubernetes_executor.py for tasks to queue
[2022-05-18 23:43:10,126] {logging_mixin.py:109} INFO - [2022-05-18 23:43:10,126] {dagbag.py:500} INFO - Filling up the DagBag from /home/airflow/.local/lib/python3.8/site-packages/airflow/example_dags/example_kubernetes_executor.py
[2022-05-18 23:43:10,164] {processor.py:654} INFO - DAG(s) dict_keys(['example_kubernetes_executor']) retrieved from /home/airflow/.local/lib/python3.8/site-packages/airflow/example_dags/example_kubernetes_executor.py
[2022-05-18 23:43:10,177] {logging_mixin.py:109} INFO - [2022-05-18 23:43:10,177] {dag.py:2398} INFO - Sync 1 DAGs
[2022-05-18 23:43:10,192] {logging_mixin.py:109} INFO - [2022-05-18 23:43:10,192] {dag.py:2937} INFO - Setting next_dagrun for example_kubernetes_executor to None
[2022-05-18 23:43:10,204] {processor.py:171} INFO - Processing /home/airflow/.local/lib/python3.8/site-packages/airflow/example_dags/example_kubernetes_executor.py took 0.082 seconds
[2022-05-18 23:43:41,195] {processor.py:163} INFO - Started process (PID=3162) to work on /home/airflow/.local/lib/python3.8/site-packages/airflow/example_dags/example_kubernetes_executor.py
[2022-05-18 23:43:41,196] {processor.py:642} INFO - Processing file /home/airflow/.local/lib/python3.8/site-packages/airflow/example_dags/example_kubernetes_executor.py for tasks to queue
[2022-05-18 23:43:41,197] {logging_mixin.py:109} INFO - [2022-05-18 23:43:41,197] {dagbag.py:500} INFO - Filling up the DagBag from /home/airflow/.local/lib/python3.8/site-packages/airflow/example_dags/example_kubernetes_executor.py
[2022-05-18 23:43:41,247] {processor.py:654} INFO - DAG(s) dict_keys(['example_kubernetes_executor']) retrieved from /home/airflow/.local/lib/python3.8/site-packages/airflow/example_dags/example_kubernetes_executor.py
[2022-05-18 23:43:41,264] {logging_mixin.py:109} INFO - [2022-05-18 23:43:41,264] {dag.py:2398} INFO - Sync 1 DAGs
[2022-05-18 23:43:41,283] {logging_mixin.py:109} INFO - [2022-05-18 23:43:41,283] {dag.py:2937} INFO - Setting next_dagrun for example_kubernetes_executor to None
[2022-05-18 23:43:41,298] {processor.py:171} INFO - Processing /home/airflow/.local/lib/python3.8/site-packages/airflow/example_dags/example_kubernetes_executor.py took 0.105 seconds
[2022-05-18 23:44:12,086] {processor.py:163} INFO - Started process (PID=3247) to work on /home/airflow/.local/lib/python3.8/site-packages/airflow/example_dags/example_kubernetes_executor.py
[2022-05-18 23:44:12,088] {processor.py:642} INFO - Processing file /home/airflow/.local/lib/python3.8/site-packages/airflow/example_dags/example_kubernetes_executor.py for tasks to queue
[2022-05-18 23:44:12,088] {logging_mixin.py:109} INFO - [2022-05-18 23:44:12,088] {dagbag.py:500} INFO - Filling up the DagBag from /home/airflow/.local/lib/python3.8/site-packages/airflow/example_dags/example_kubernetes_executor.py
[2022-05-18 23:44:12,125] {processor.py:654} INFO - DAG(s) dict_keys(['example_kubernetes_executor']) retrieved from /home/airflow/.local/lib/python3.8/site-packages/airflow/example_dags/example_kubernetes_executor.py
[2022-05-18 23:44:12,136] {logging_mixin.py:109} INFO - [2022-05-18 23:44:12,136] {dag.py:2398} INFO - Sync 1 DAGs
[2022-05-18 23:44:12,152] {logging_mixin.py:109} INFO - [2022-05-18 23:44:12,152] {dag.py:2937} INFO - Setting next_dagrun for example_kubernetes_executor to None
[2022-05-18 23:44:12,164] {processor.py:171} INFO - Processing /home/airflow/.local/lib/python3.8/site-packages/airflow/example_dags/example_kubernetes_executor.py took 0.080 seconds
[2022-05-18 23:44:42,667] {processor.py:163} INFO - Started process (PID=3332) to work on /home/airflow/.local/lib/python3.8/site-packages/airflow/example_dags/example_kubernetes_executor.py
[2022-05-18 23:44:42,668] {processor.py:642} INFO - Processing file /home/airflow/.local/lib/python3.8/site-packages/airflow/example_dags/example_kubernetes_executor.py for tasks to queue
[2022-05-18 23:44:42,669] {logging_mixin.py:109} INFO - [2022-05-18 23:44:42,668] {dagbag.py:500} INFO - Filling up the DagBag from /home/airflow/.local/lib/python3.8/site-packages/airflow/example_dags/example_kubernetes_executor.py
[2022-05-18 23:44:42,703] {processor.py:654} INFO - DAG(s) dict_keys(['example_kubernetes_executor']) retrieved from /home/airflow/.local/lib/python3.8/site-packages/airflow/example_dags/example_kubernetes_executor.py
[2022-05-18 23:44:42,719] {logging_mixin.py:109} INFO - [2022-05-18 23:44:42,719] {dag.py:2398} INFO - Sync 1 DAGs
[2022-05-18 23:44:42,741] {logging_mixin.py:109} INFO - [2022-05-18 23:44:42,741] {dag.py:2937} INFO - Setting next_dagrun for example_kubernetes_executor to None
[2022-05-18 23:44:42,753] {processor.py:171} INFO - Processing /home/airflow/.local/lib/python3.8/site-packages/airflow/example_dags/example_kubernetes_executor.py took 0.088 seconds
[2022-05-18 23:45:12,891] {processor.py:163} INFO - Started process (PID=3443) to work on /home/airflow/.local/lib/python3.8/site-packages/airflow/example_dags/example_kubernetes_executor.py
[2022-05-18 23:45:12,893] {processor.py:642} INFO - Processing file /home/airflow/.local/lib/python3.8/site-packages/airflow/example_dags/example_kubernetes_executor.py for tasks to queue
[2022-05-18 23:45:12,893] {logging_mixin.py:109} INFO - [2022-05-18 23:45:12,893] {dagbag.py:500} INFO - Filling up the DagBag from /home/airflow/.local/lib/python3.8/site-packages/airflow/example_dags/example_kubernetes_executor.py
[2022-05-18 23:45:12,923] {processor.py:654} INFO - DAG(s) dict_keys(['example_kubernetes_executor']) retrieved from /home/airflow/.local/lib/python3.8/site-packages/airflow/example_dags/example_kubernetes_executor.py
[2022-05-18 23:45:12,935] {logging_mixin.py:109} INFO - [2022-05-18 23:45:12,935] {dag.py:2398} INFO - Sync 1 DAGs
[2022-05-18 23:45:12,951] {logging_mixin.py:109} INFO - [2022-05-18 23:45:12,951] {dag.py:2937} INFO - Setting next_dagrun for example_kubernetes_executor to None
[2022-05-18 23:45:12,969] {processor.py:171} INFO - Processing /home/airflow/.local/lib/python3.8/site-packages/airflow/example_dags/example_kubernetes_executor.py took 0.079 seconds
[2022-05-18 23:45:43,586] {processor.py:163} INFO - Started process (PID=3529) to work on /home/airflow/.local/lib/python3.8/site-packages/airflow/example_dags/example_kubernetes_executor.py
[2022-05-18 23:45:43,590] {processor.py:642} INFO - Processing file /home/airflow/.local/lib/python3.8/site-packages/airflow/example_dags/example_kubernetes_executor.py for tasks to queue
[2022-05-18 23:45:43,595] {logging_mixin.py:109} INFO - [2022-05-18 23:45:43,594] {dagbag.py:500} INFO - Filling up the DagBag from /home/airflow/.local/lib/python3.8/site-packages/airflow/example_dags/example_kubernetes_executor.py
[2022-05-18 23:45:43,666] {processor.py:654} INFO - DAG(s) dict_keys(['example_kubernetes_executor']) retrieved from /home/airflow/.local/lib/python3.8/site-packages/airflow/example_dags/example_kubernetes_executor.py
[2022-05-18 23:45:43,685] {logging_mixin.py:109} INFO - [2022-05-18 23:45:43,685] {dag.py:2398} INFO - Sync 1 DAGs
[2022-05-18 23:45:43,715] {logging_mixin.py:109} INFO - [2022-05-18 23:45:43,714] {dag.py:2937} INFO - Setting next_dagrun for example_kubernetes_executor to None
[2022-05-18 23:45:43,730] {processor.py:171} INFO - Processing /home/airflow/.local/lib/python3.8/site-packages/airflow/example_dags/example_kubernetes_executor.py took 0.148 seconds
[2022-05-18 23:46:14,396] {processor.py:163} INFO - Started process (PID=3650) to work on /home/airflow/.local/lib/python3.8/site-packages/airflow/example_dags/example_kubernetes_executor.py
[2022-05-18 23:46:14,396] {processor.py:642} INFO - Processing file /home/airflow/.local/lib/python3.8/site-packages/airflow/example_dags/example_kubernetes_executor.py for tasks to queue
[2022-05-18 23:46:14,397] {logging_mixin.py:109} INFO - [2022-05-18 23:46:14,397] {dagbag.py:500} INFO - Filling up the DagBag from /home/airflow/.local/lib/python3.8/site-packages/airflow/example_dags/example_kubernetes_executor.py
[2022-05-18 23:46:14,427] {processor.py:654} INFO - DAG(s) dict_keys(['example_kubernetes_executor']) retrieved from /home/airflow/.local/lib/python3.8/site-packages/airflow/example_dags/example_kubernetes_executor.py
[2022-05-18 23:46:14,438] {logging_mixin.py:109} INFO - [2022-05-18 23:46:14,438] {dag.py:2398} INFO - Sync 1 DAGs
[2022-05-18 23:46:14,452] {logging_mixin.py:109} INFO - [2022-05-18 23:46:14,452] {dag.py:2937} INFO - Setting next_dagrun for example_kubernetes_executor to None
[2022-05-18 23:46:14,460] {processor.py:171} INFO - Processing /home/airflow/.local/lib/python3.8/site-packages/airflow/example_dags/example_kubernetes_executor.py took 0.066 seconds
[2022-05-18 23:46:44,993] {processor.py:163} INFO - Started process (PID=3743) to work on /home/airflow/.local/lib/python3.8/site-packages/airflow/example_dags/example_kubernetes_executor.py
[2022-05-18 23:46:44,994] {processor.py:642} INFO - Processing file /home/airflow/.local/lib/python3.8/site-packages/airflow/example_dags/example_kubernetes_executor.py for tasks to queue
[2022-05-18 23:46:44,995] {logging_mixin.py:109} INFO - [2022-05-18 23:46:44,995] {dagbag.py:500} INFO - Filling up the DagBag from /home/airflow/.local/lib/python3.8/site-packages/airflow/example_dags/example_kubernetes_executor.py
[2022-05-18 23:46:45,054] {processor.py:654} INFO - DAG(s) dict_keys(['example_kubernetes_executor']) retrieved from /home/airflow/.local/lib/python3.8/site-packages/airflow/example_dags/example_kubernetes_executor.py
[2022-05-18 23:46:45,070] {logging_mixin.py:109} INFO - [2022-05-18 23:46:45,069] {dag.py:2398} INFO - Sync 1 DAGs
[2022-05-18 23:46:45,089] {logging_mixin.py:109} INFO - [2022-05-18 23:46:45,089] {dag.py:2937} INFO - Setting next_dagrun for example_kubernetes_executor to None
[2022-05-18 23:46:45,102] {processor.py:171} INFO - Processing /home/airflow/.local/lib/python3.8/site-packages/airflow/example_dags/example_kubernetes_executor.py took 0.113 seconds
[2022-05-18 23:47:15,513] {processor.py:163} INFO - Started process (PID=3828) to work on /home/airflow/.local/lib/python3.8/site-packages/airflow/example_dags/example_kubernetes_executor.py
[2022-05-18 23:47:15,515] {processor.py:642} INFO - Processing file /home/airflow/.local/lib/python3.8/site-packages/airflow/example_dags/example_kubernetes_executor.py for tasks to queue
[2022-05-18 23:47:15,515] {logging_mixin.py:109} INFO - [2022-05-18 23:47:15,515] {dagbag.py:500} INFO - Filling up the DagBag from /home/airflow/.local/lib/python3.8/site-packages/airflow/example_dags/example_kubernetes_executor.py
[2022-05-18 23:47:15,553] {processor.py:654} INFO - DAG(s) dict_keys(['example_kubernetes_executor']) retrieved from /home/airflow/.local/lib/python3.8/site-packages/airflow/example_dags/example_kubernetes_executor.py
[2022-05-18 23:47:15,567] {logging_mixin.py:109} INFO - [2022-05-18 23:47:15,567] {dag.py:2398} INFO - Sync 1 DAGs
[2022-05-18 23:47:15,582] {logging_mixin.py:109} INFO - [2022-05-18 23:47:15,582] {dag.py:2937} INFO - Setting next_dagrun for example_kubernetes_executor to None
[2022-05-18 23:47:15,599] {processor.py:171} INFO - Processing /home/airflow/.local/lib/python3.8/site-packages/airflow/example_dags/example_kubernetes_executor.py took 0.088 seconds
[2022-05-18 23:47:46,060] {processor.py:163} INFO - Started process (PID=3913) to work on /home/airflow/.local/lib/python3.8/site-packages/airflow/example_dags/example_kubernetes_executor.py
[2022-05-18 23:47:46,061] {processor.py:642} INFO - Processing file /home/airflow/.local/lib/python3.8/site-packages/airflow/example_dags/example_kubernetes_executor.py for tasks to queue
[2022-05-18 23:47:46,061] {logging_mixin.py:109} INFO - [2022-05-18 23:47:46,061] {dagbag.py:500} INFO - Filling up the DagBag from /home/airflow/.local/lib/python3.8/site-packages/airflow/example_dags/example_kubernetes_executor.py
[2022-05-18 23:47:46,095] {processor.py:654} INFO - DAG(s) dict_keys(['example_kubernetes_executor']) retrieved from /home/airflow/.local/lib/python3.8/site-packages/airflow/example_dags/example_kubernetes_executor.py
[2022-05-18 23:47:46,105] {logging_mixin.py:109} INFO - [2022-05-18 23:47:46,105] {dag.py:2398} INFO - Sync 1 DAGs
[2022-05-18 23:47:46,117] {logging_mixin.py:109} INFO - [2022-05-18 23:47:46,117] {dag.py:2937} INFO - Setting next_dagrun for example_kubernetes_executor to None
[2022-05-18 23:47:46,128] {processor.py:171} INFO - Processing /home/airflow/.local/lib/python3.8/site-packages/airflow/example_dags/example_kubernetes_executor.py took 0.071 seconds
[2022-05-18 23:48:16,658] {processor.py:163} INFO - Started process (PID=4024) to work on /home/airflow/.local/lib/python3.8/site-packages/airflow/example_dags/example_kubernetes_executor.py
[2022-05-18 23:48:16,659] {processor.py:642} INFO - Processing file /home/airflow/.local/lib/python3.8/site-packages/airflow/example_dags/example_kubernetes_executor.py for tasks to queue
[2022-05-18 23:48:16,660] {logging_mixin.py:109} INFO - [2022-05-18 23:48:16,660] {dagbag.py:500} INFO - Filling up the DagBag from /home/airflow/.local/lib/python3.8/site-packages/airflow/example_dags/example_kubernetes_executor.py
[2022-05-18 23:48:16,694] {processor.py:654} INFO - DAG(s) dict_keys(['example_kubernetes_executor']) retrieved from /home/airflow/.local/lib/python3.8/site-packages/airflow/example_dags/example_kubernetes_executor.py
[2022-05-18 23:48:16,706] {logging_mixin.py:109} INFO - [2022-05-18 23:48:16,706] {dag.py:2398} INFO - Sync 1 DAGs
[2022-05-18 23:48:16,721] {logging_mixin.py:109} INFO - [2022-05-18 23:48:16,721] {dag.py:2937} INFO - Setting next_dagrun for example_kubernetes_executor to None
[2022-05-18 23:48:16,734] {processor.py:171} INFO - Processing /home/airflow/.local/lib/python3.8/site-packages/airflow/example_dags/example_kubernetes_executor.py took 0.078 seconds
[2022-05-18 23:48:47,297] {processor.py:163} INFO - Started process (PID=4110) to work on /home/airflow/.local/lib/python3.8/site-packages/airflow/example_dags/example_kubernetes_executor.py
[2022-05-18 23:48:47,297] {processor.py:642} INFO - Processing file /home/airflow/.local/lib/python3.8/site-packages/airflow/example_dags/example_kubernetes_executor.py for tasks to queue
[2022-05-18 23:48:47,298] {logging_mixin.py:109} INFO - [2022-05-18 23:48:47,298] {dagbag.py:500} INFO - Filling up the DagBag from /home/airflow/.local/lib/python3.8/site-packages/airflow/example_dags/example_kubernetes_executor.py
[2022-05-18 23:48:47,350] {processor.py:654} INFO - DAG(s) dict_keys(['example_kubernetes_executor']) retrieved from /home/airflow/.local/lib/python3.8/site-packages/airflow/example_dags/example_kubernetes_executor.py
[2022-05-18 23:48:47,361] {logging_mixin.py:109} INFO - [2022-05-18 23:48:47,361] {dag.py:2398} INFO - Sync 1 DAGs
[2022-05-18 23:48:47,382] {logging_mixin.py:109} INFO - [2022-05-18 23:48:47,382] {dag.py:2937} INFO - Setting next_dagrun for example_kubernetes_executor to None
[2022-05-18 23:48:47,395] {processor.py:171} INFO - Processing /home/airflow/.local/lib/python3.8/site-packages/airflow/example_dags/example_kubernetes_executor.py took 0.101 seconds
[2022-05-18 23:49:17,416] {processor.py:163} INFO - Started process (PID=4194) to work on /home/airflow/.local/lib/python3.8/site-packages/airflow/example_dags/example_kubernetes_executor.py
[2022-05-18 23:49:17,417] {processor.py:642} INFO - Processing file /home/airflow/.local/lib/python3.8/site-packages/airflow/example_dags/example_kubernetes_executor.py for tasks to queue
[2022-05-18 23:49:17,418] {logging_mixin.py:109} INFO - [2022-05-18 23:49:17,418] {dagbag.py:500} INFO - Filling up the DagBag from /home/airflow/.local/lib/python3.8/site-packages/airflow/example_dags/example_kubernetes_executor.py
[2022-05-18 23:49:17,450] {processor.py:654} INFO - DAG(s) dict_keys(['example_kubernetes_executor']) retrieved from /home/airflow/.local/lib/python3.8/site-packages/airflow/example_dags/example_kubernetes_executor.py
[2022-05-18 23:49:17,463] {logging_mixin.py:109} INFO - [2022-05-18 23:49:17,462] {dag.py:2398} INFO - Sync 1 DAGs
[2022-05-18 23:49:17,477] {logging_mixin.py:109} INFO - [2022-05-18 23:49:17,477] {dag.py:2937} INFO - Setting next_dagrun for example_kubernetes_executor to None
[2022-05-18 23:49:17,487] {processor.py:171} INFO - Processing /home/airflow/.local/lib/python3.8/site-packages/airflow/example_dags/example_kubernetes_executor.py took 0.072 seconds
[2022-05-18 23:49:47,674] {processor.py:163} INFO - Started process (PID=4276) to work on /home/airflow/.local/lib/python3.8/site-packages/airflow/example_dags/example_kubernetes_executor.py
[2022-05-18 23:49:47,675] {processor.py:642} INFO - Processing file /home/airflow/.local/lib/python3.8/site-packages/airflow/example_dags/example_kubernetes_executor.py for tasks to queue
[2022-05-18 23:49:47,676] {logging_mixin.py:109} INFO - [2022-05-18 23:49:47,676] {dagbag.py:500} INFO - Filling up the DagBag from /home/airflow/.local/lib/python3.8/site-packages/airflow/example_dags/example_kubernetes_executor.py
[2022-05-18 23:49:47,708] {processor.py:654} INFO - DAG(s) dict_keys(['example_kubernetes_executor']) retrieved from /home/airflow/.local/lib/python3.8/site-packages/airflow/example_dags/example_kubernetes_executor.py
[2022-05-18 23:49:47,719] {logging_mixin.py:109} INFO - [2022-05-18 23:49:47,719] {dag.py:2398} INFO - Sync 1 DAGs
[2022-05-18 23:49:47,738] {logging_mixin.py:109} INFO - [2022-05-18 23:49:47,738] {dag.py:2937} INFO - Setting next_dagrun for example_kubernetes_executor to None
[2022-05-18 23:49:47,751] {processor.py:171} INFO - Processing /home/airflow/.local/lib/python3.8/site-packages/airflow/example_dags/example_kubernetes_executor.py took 0.079 seconds
[2022-05-18 23:50:18,903] {processor.py:163} INFO - Started process (PID=4377) to work on /home/airflow/.local/lib/python3.8/site-packages/airflow/example_dags/example_kubernetes_executor.py
[2022-05-18 23:50:18,904] {processor.py:642} INFO - Processing file /home/airflow/.local/lib/python3.8/site-packages/airflow/example_dags/example_kubernetes_executor.py for tasks to queue
[2022-05-18 23:50:18,905] {logging_mixin.py:109} INFO - [2022-05-18 23:50:18,905] {dagbag.py:500} INFO - Filling up the DagBag from /home/airflow/.local/lib/python3.8/site-packages/airflow/example_dags/example_kubernetes_executor.py
[2022-05-18 23:50:18,940] {processor.py:654} INFO - DAG(s) dict_keys(['example_kubernetes_executor']) retrieved from /home/airflow/.local/lib/python3.8/site-packages/airflow/example_dags/example_kubernetes_executor.py
[2022-05-18 23:50:18,954] {logging_mixin.py:109} INFO - [2022-05-18 23:50:18,954] {dag.py:2398} INFO - Sync 1 DAGs
[2022-05-18 23:50:18,970] {logging_mixin.py:109} INFO - [2022-05-18 23:50:18,970] {dag.py:2937} INFO - Setting next_dagrun for example_kubernetes_executor to None
[2022-05-18 23:50:18,981] {processor.py:171} INFO - Processing /home/airflow/.local/lib/python3.8/site-packages/airflow/example_dags/example_kubernetes_executor.py took 0.080 seconds
[2022-05-18 23:50:49,255] {processor.py:163} INFO - Started process (PID=4443) to work on /home/airflow/.local/lib/python3.8/site-packages/airflow/example_dags/example_kubernetes_executor.py
[2022-05-18 23:50:49,256] {processor.py:642} INFO - Processing file /home/airflow/.local/lib/python3.8/site-packages/airflow/example_dags/example_kubernetes_executor.py for tasks to queue
[2022-05-18 23:50:49,256] {logging_mixin.py:109} INFO - [2022-05-18 23:50:49,256] {dagbag.py:500} INFO - Filling up the DagBag from /home/airflow/.local/lib/python3.8/site-packages/airflow/example_dags/example_kubernetes_executor.py
[2022-05-18 23:50:49,298] {processor.py:654} INFO - DAG(s) dict_keys(['example_kubernetes_executor']) retrieved from /home/airflow/.local/lib/python3.8/site-packages/airflow/example_dags/example_kubernetes_executor.py
[2022-05-18 23:50:49,314] {logging_mixin.py:109} INFO - [2022-05-18 23:50:49,314] {dag.py:2398} INFO - Sync 1 DAGs
[2022-05-18 23:50:49,331] {logging_mixin.py:109} INFO - [2022-05-18 23:50:49,331] {dag.py:2937} INFO - Setting next_dagrun for example_kubernetes_executor to None
[2022-05-18 23:50:49,346] {processor.py:171} INFO - Processing /home/airflow/.local/lib/python3.8/site-packages/airflow/example_dags/example_kubernetes_executor.py took 0.093 seconds
[2022-05-18 23:51:19,575] {processor.py:163} INFO - Started process (PID=4520) to work on /home/airflow/.local/lib/python3.8/site-packages/airflow/example_dags/example_kubernetes_executor.py
[2022-05-18 23:51:19,576] {processor.py:642} INFO - Processing file /home/airflow/.local/lib/python3.8/site-packages/airflow/example_dags/example_kubernetes_executor.py for tasks to queue
[2022-05-18 23:51:19,577] {logging_mixin.py:109} INFO - [2022-05-18 23:51:19,577] {dagbag.py:500} INFO - Filling up the DagBag from /home/airflow/.local/lib/python3.8/site-packages/airflow/example_dags/example_kubernetes_executor.py
[2022-05-18 23:51:19,616] {processor.py:654} INFO - DAG(s) dict_keys(['example_kubernetes_executor']) retrieved from /home/airflow/.local/lib/python3.8/site-packages/airflow/example_dags/example_kubernetes_executor.py
[2022-05-18 23:51:19,626] {logging_mixin.py:109} INFO - [2022-05-18 23:51:19,626] {dag.py:2398} INFO - Sync 1 DAGs
[2022-05-18 23:51:19,640] {logging_mixin.py:109} INFO - [2022-05-18 23:51:19,640] {dag.py:2937} INFO - Setting next_dagrun for example_kubernetes_executor to None
[2022-05-18 23:51:19,652] {processor.py:171} INFO - Processing /home/airflow/.local/lib/python3.8/site-packages/airflow/example_dags/example_kubernetes_executor.py took 0.079 seconds
[2022-05-18 23:51:49,784] {processor.py:163} INFO - Started process (PID=4603) to work on /home/airflow/.local/lib/python3.8/site-packages/airflow/example_dags/example_kubernetes_executor.py
[2022-05-18 23:51:49,786] {processor.py:642} INFO - Processing file /home/airflow/.local/lib/python3.8/site-packages/airflow/example_dags/example_kubernetes_executor.py for tasks to queue
[2022-05-18 23:51:49,786] {logging_mixin.py:109} INFO - [2022-05-18 23:51:49,786] {dagbag.py:500} INFO - Filling up the DagBag from /home/airflow/.local/lib/python3.8/site-packages/airflow/example_dags/example_kubernetes_executor.py
[2022-05-18 23:51:49,826] {processor.py:654} INFO - DAG(s) dict_keys(['example_kubernetes_executor']) retrieved from /home/airflow/.local/lib/python3.8/site-packages/airflow/example_dags/example_kubernetes_executor.py
[2022-05-18 23:51:49,837] {logging_mixin.py:109} INFO - [2022-05-18 23:51:49,837] {dag.py:2398} INFO - Sync 1 DAGs
[2022-05-18 23:51:49,851] {logging_mixin.py:109} INFO - [2022-05-18 23:51:49,851] {dag.py:2937} INFO - Setting next_dagrun for example_kubernetes_executor to None
[2022-05-18 23:51:49,862] {processor.py:171} INFO - Processing /home/airflow/.local/lib/python3.8/site-packages/airflow/example_dags/example_kubernetes_executor.py took 0.081 seconds
[2022-05-18 23:52:20,855] {processor.py:163} INFO - Started process (PID=4688) to work on /home/airflow/.local/lib/python3.8/site-packages/airflow/example_dags/example_kubernetes_executor.py
[2022-05-18 23:52:20,856] {processor.py:642} INFO - Processing file /home/airflow/.local/lib/python3.8/site-packages/airflow/example_dags/example_kubernetes_executor.py for tasks to queue
[2022-05-18 23:52:20,857] {logging_mixin.py:109} INFO - [2022-05-18 23:52:20,857] {dagbag.py:500} INFO - Filling up the DagBag from /home/airflow/.local/lib/python3.8/site-packages/airflow/example_dags/example_kubernetes_executor.py
[2022-05-18 23:52:20,891] {processor.py:654} INFO - DAG(s) dict_keys(['example_kubernetes_executor']) retrieved from /home/airflow/.local/lib/python3.8/site-packages/airflow/example_dags/example_kubernetes_executor.py
[2022-05-18 23:52:20,903] {logging_mixin.py:109} INFO - [2022-05-18 23:52:20,903] {dag.py:2398} INFO - Sync 1 DAGs
[2022-05-18 23:52:20,918] {logging_mixin.py:109} INFO - [2022-05-18 23:52:20,918] {dag.py:2937} INFO - Setting next_dagrun for example_kubernetes_executor to None
[2022-05-18 23:52:20,930] {processor.py:171} INFO - Processing /home/airflow/.local/lib/python3.8/site-packages/airflow/example_dags/example_kubernetes_executor.py took 0.078 seconds
[2022-05-18 23:52:51,473] {processor.py:163} INFO - Started process (PID=4782) to work on /home/airflow/.local/lib/python3.8/site-packages/airflow/example_dags/example_kubernetes_executor.py
[2022-05-18 23:52:51,474] {processor.py:642} INFO - Processing file /home/airflow/.local/lib/python3.8/site-packages/airflow/example_dags/example_kubernetes_executor.py for tasks to queue
[2022-05-18 23:52:51,474] {logging_mixin.py:109} INFO - [2022-05-18 23:52:51,474] {dagbag.py:500} INFO - Filling up the DagBag from /home/airflow/.local/lib/python3.8/site-packages/airflow/example_dags/example_kubernetes_executor.py
[2022-05-18 23:52:51,506] {processor.py:654} INFO - DAG(s) dict_keys(['example_kubernetes_executor']) retrieved from /home/airflow/.local/lib/python3.8/site-packages/airflow/example_dags/example_kubernetes_executor.py
[2022-05-18 23:52:51,516] {logging_mixin.py:109} INFO - [2022-05-18 23:52:51,516] {dag.py:2398} INFO - Sync 1 DAGs
[2022-05-18 23:52:51,532] {logging_mixin.py:109} INFO - [2022-05-18 23:52:51,531] {dag.py:2937} INFO - Setting next_dagrun for example_kubernetes_executor to None
[2022-05-18 23:52:51,542] {processor.py:171} INFO - Processing /home/airflow/.local/lib/python3.8/site-packages/airflow/example_dags/example_kubernetes_executor.py took 0.071 seconds
[2022-05-18 23:53:22,180] {processor.py:163} INFO - Started process (PID=4867) to work on /home/airflow/.local/lib/python3.8/site-packages/airflow/example_dags/example_kubernetes_executor.py
[2022-05-18 23:53:22,182] {processor.py:642} INFO - Processing file /home/airflow/.local/lib/python3.8/site-packages/airflow/example_dags/example_kubernetes_executor.py for tasks to queue
[2022-05-18 23:53:22,183] {logging_mixin.py:109} INFO - [2022-05-18 23:53:22,183] {dagbag.py:500} INFO - Filling up the DagBag from /home/airflow/.local/lib/python3.8/site-packages/airflow/example_dags/example_kubernetes_executor.py
[2022-05-18 23:53:22,231] {processor.py:654} INFO - DAG(s) dict_keys(['example_kubernetes_executor']) retrieved from /home/airflow/.local/lib/python3.8/site-packages/airflow/example_dags/example_kubernetes_executor.py
[2022-05-18 23:53:22,255] {logging_mixin.py:109} INFO - [2022-05-18 23:53:22,255] {dag.py:2398} INFO - Sync 1 DAGs
[2022-05-18 23:53:22,279] {logging_mixin.py:109} INFO - [2022-05-18 23:53:22,279] {dag.py:2937} INFO - Setting next_dagrun for example_kubernetes_executor to None
[2022-05-18 23:53:22,294] {processor.py:171} INFO - Processing /home/airflow/.local/lib/python3.8/site-packages/airflow/example_dags/example_kubernetes_executor.py took 0.118 seconds
[2022-05-18 23:53:52,362] {processor.py:163} INFO - Started process (PID=4952) to work on /home/airflow/.local/lib/python3.8/site-packages/airflow/example_dags/example_kubernetes_executor.py
[2022-05-18 23:53:52,363] {processor.py:642} INFO - Processing file /home/airflow/.local/lib/python3.8/site-packages/airflow/example_dags/example_kubernetes_executor.py for tasks to queue
[2022-05-18 23:53:52,364] {logging_mixin.py:109} INFO - [2022-05-18 23:53:52,364] {dagbag.py:500} INFO - Filling up the DagBag from /home/airflow/.local/lib/python3.8/site-packages/airflow/example_dags/example_kubernetes_executor.py
[2022-05-18 23:53:52,408] {processor.py:654} INFO - DAG(s) dict_keys(['example_kubernetes_executor']) retrieved from /home/airflow/.local/lib/python3.8/site-packages/airflow/example_dags/example_kubernetes_executor.py
[2022-05-18 23:53:52,420] {logging_mixin.py:109} INFO - [2022-05-18 23:53:52,420] {dag.py:2398} INFO - Sync 1 DAGs
[2022-05-18 23:53:52,432] {logging_mixin.py:109} INFO - [2022-05-18 23:53:52,432] {dag.py:2937} INFO - Setting next_dagrun for example_kubernetes_executor to None
[2022-05-18 23:53:52,444] {processor.py:171} INFO - Processing /home/airflow/.local/lib/python3.8/site-packages/airflow/example_dags/example_kubernetes_executor.py took 0.084 seconds
[2022-05-18 23:54:23,044] {processor.py:163} INFO - Started process (PID=5045) to work on /home/airflow/.local/lib/python3.8/site-packages/airflow/example_dags/example_kubernetes_executor.py
[2022-05-18 23:54:23,045] {processor.py:642} INFO - Processing file /home/airflow/.local/lib/python3.8/site-packages/airflow/example_dags/example_kubernetes_executor.py for tasks to queue
[2022-05-18 23:54:23,045] {logging_mixin.py:109} INFO - [2022-05-18 23:54:23,045] {dagbag.py:500} INFO - Filling up the DagBag from /home/airflow/.local/lib/python3.8/site-packages/airflow/example_dags/example_kubernetes_executor.py
[2022-05-18 23:54:23,084] {processor.py:654} INFO - DAG(s) dict_keys(['example_kubernetes_executor']) retrieved from /home/airflow/.local/lib/python3.8/site-packages/airflow/example_dags/example_kubernetes_executor.py
[2022-05-18 23:54:23,097] {logging_mixin.py:109} INFO - [2022-05-18 23:54:23,097] {dag.py:2398} INFO - Sync 1 DAGs
[2022-05-18 23:54:23,114] {logging_mixin.py:109} INFO - [2022-05-18 23:54:23,114] {dag.py:2937} INFO - Setting next_dagrun for example_kubernetes_executor to None
[2022-05-18 23:54:23,130] {processor.py:171} INFO - Processing /home/airflow/.local/lib/python3.8/site-packages/airflow/example_dags/example_kubernetes_executor.py took 0.089 seconds
[2022-05-18 23:54:53,984] {processor.py:163} INFO - Started process (PID=5131) to work on /home/airflow/.local/lib/python3.8/site-packages/airflow/example_dags/example_kubernetes_executor.py
[2022-05-18 23:54:53,985] {processor.py:642} INFO - Processing file /home/airflow/.local/lib/python3.8/site-packages/airflow/example_dags/example_kubernetes_executor.py for tasks to queue
[2022-05-18 23:54:53,986] {logging_mixin.py:109} INFO - [2022-05-18 23:54:53,986] {dagbag.py:500} INFO - Filling up the DagBag from /home/airflow/.local/lib/python3.8/site-packages/airflow/example_dags/example_kubernetes_executor.py
[2022-05-18 23:54:54,019] {processor.py:654} INFO - DAG(s) dict_keys(['example_kubernetes_executor']) retrieved from /home/airflow/.local/lib/python3.8/site-packages/airflow/example_dags/example_kubernetes_executor.py
[2022-05-18 23:54:54,035] {logging_mixin.py:109} INFO - [2022-05-18 23:54:54,035] {dag.py:2398} INFO - Sync 1 DAGs
[2022-05-18 23:54:54,049] {logging_mixin.py:109} INFO - [2022-05-18 23:54:54,049] {dag.py:2937} INFO - Setting next_dagrun for example_kubernetes_executor to None
[2022-05-18 23:54:54,062] {processor.py:171} INFO - Processing /home/airflow/.local/lib/python3.8/site-packages/airflow/example_dags/example_kubernetes_executor.py took 0.080 seconds
[2022-05-18 23:55:24,882] {processor.py:163} INFO - Started process (PID=5224) to work on /home/airflow/.local/lib/python3.8/site-packages/airflow/example_dags/example_kubernetes_executor.py
[2022-05-18 23:55:24,884] {processor.py:642} INFO - Processing file /home/airflow/.local/lib/python3.8/site-packages/airflow/example_dags/example_kubernetes_executor.py for tasks to queue
[2022-05-18 23:55:24,885] {logging_mixin.py:109} INFO - [2022-05-18 23:55:24,885] {dagbag.py:500} INFO - Filling up the DagBag from /home/airflow/.local/lib/python3.8/site-packages/airflow/example_dags/example_kubernetes_executor.py
[2022-05-18 23:55:24,928] {processor.py:654} INFO - DAG(s) dict_keys(['example_kubernetes_executor']) retrieved from /home/airflow/.local/lib/python3.8/site-packages/airflow/example_dags/example_kubernetes_executor.py
[2022-05-18 23:55:24,947] {logging_mixin.py:109} INFO - [2022-05-18 23:55:24,947] {dag.py:2398} INFO - Sync 1 DAGs
[2022-05-18 23:55:24,964] {logging_mixin.py:109} INFO - [2022-05-18 23:55:24,964] {dag.py:2937} INFO - Setting next_dagrun for example_kubernetes_executor to None
[2022-05-18 23:55:24,976] {processor.py:171} INFO - Processing /home/airflow/.local/lib/python3.8/site-packages/airflow/example_dags/example_kubernetes_executor.py took 0.098 seconds
[2022-05-18 23:55:55,870] {processor.py:163} INFO - Started process (PID=5308) to work on /home/airflow/.local/lib/python3.8/site-packages/airflow/example_dags/example_kubernetes_executor.py
[2022-05-18 23:55:55,871] {processor.py:642} INFO - Processing file /home/airflow/.local/lib/python3.8/site-packages/airflow/example_dags/example_kubernetes_executor.py for tasks to queue
[2022-05-18 23:55:55,872] {logging_mixin.py:109} INFO - [2022-05-18 23:55:55,872] {dagbag.py:500} INFO - Filling up the DagBag from /home/airflow/.local/lib/python3.8/site-packages/airflow/example_dags/example_kubernetes_executor.py
[2022-05-18 23:55:55,908] {processor.py:654} INFO - DAG(s) dict_keys(['example_kubernetes_executor']) retrieved from /home/airflow/.local/lib/python3.8/site-packages/airflow/example_dags/example_kubernetes_executor.py
[2022-05-18 23:55:55,918] {logging_mixin.py:109} INFO - [2022-05-18 23:55:55,918] {dag.py:2398} INFO - Sync 1 DAGs
[2022-05-18 23:55:55,934] {logging_mixin.py:109} INFO - [2022-05-18 23:55:55,934] {dag.py:2937} INFO - Setting next_dagrun for example_kubernetes_executor to None
[2022-05-18 23:55:55,944] {processor.py:171} INFO - Processing /home/airflow/.local/lib/python3.8/site-packages/airflow/example_dags/example_kubernetes_executor.py took 0.076 seconds
[2022-05-18 23:56:26,314] {processor.py:163} INFO - Started process (PID=5392) to work on /home/airflow/.local/lib/python3.8/site-packages/airflow/example_dags/example_kubernetes_executor.py
[2022-05-18 23:56:26,316] {processor.py:642} INFO - Processing file /home/airflow/.local/lib/python3.8/site-packages/airflow/example_dags/example_kubernetes_executor.py for tasks to queue
[2022-05-18 23:56:26,316] {logging_mixin.py:109} INFO - [2022-05-18 23:56:26,316] {dagbag.py:500} INFO - Filling up the DagBag from /home/airflow/.local/lib/python3.8/site-packages/airflow/example_dags/example_kubernetes_executor.py
[2022-05-18 23:56:26,352] {processor.py:654} INFO - DAG(s) dict_keys(['example_kubernetes_executor']) retrieved from /home/airflow/.local/lib/python3.8/site-packages/airflow/example_dags/example_kubernetes_executor.py
[2022-05-18 23:56:26,366] {logging_mixin.py:109} INFO - [2022-05-18 23:56:26,366] {dag.py:2398} INFO - Sync 1 DAGs
[2022-05-18 23:56:26,385] {logging_mixin.py:109} INFO - [2022-05-18 23:56:26,384] {dag.py:2937} INFO - Setting next_dagrun for example_kubernetes_executor to None
[2022-05-18 23:56:26,398] {processor.py:171} INFO - Processing /home/airflow/.local/lib/python3.8/site-packages/airflow/example_dags/example_kubernetes_executor.py took 0.086 seconds
[2022-05-18 23:56:57,068] {processor.py:163} INFO - Started process (PID=5486) to work on /home/airflow/.local/lib/python3.8/site-packages/airflow/example_dags/example_kubernetes_executor.py
[2022-05-18 23:56:57,068] {processor.py:642} INFO - Processing file /home/airflow/.local/lib/python3.8/site-packages/airflow/example_dags/example_kubernetes_executor.py for tasks to queue
[2022-05-18 23:56:57,069] {logging_mixin.py:109} INFO - [2022-05-18 23:56:57,069] {dagbag.py:500} INFO - Filling up the DagBag from /home/airflow/.local/lib/python3.8/site-packages/airflow/example_dags/example_kubernetes_executor.py
[2022-05-18 23:56:57,099] {processor.py:654} INFO - DAG(s) dict_keys(['example_kubernetes_executor']) retrieved from /home/airflow/.local/lib/python3.8/site-packages/airflow/example_dags/example_kubernetes_executor.py
[2022-05-18 23:56:57,110] {logging_mixin.py:109} INFO - [2022-05-18 23:56:57,110] {dag.py:2398} INFO - Sync 1 DAGs
[2022-05-18 23:56:57,125] {logging_mixin.py:109} INFO - [2022-05-18 23:56:57,124] {dag.py:2937} INFO - Setting next_dagrun for example_kubernetes_executor to None
[2022-05-18 23:56:57,136] {processor.py:171} INFO - Processing /home/airflow/.local/lib/python3.8/site-packages/airflow/example_dags/example_kubernetes_executor.py took 0.070 seconds
[2022-05-18 23:57:27,785] {processor.py:163} INFO - Started process (PID=5571) to work on /home/airflow/.local/lib/python3.8/site-packages/airflow/example_dags/example_kubernetes_executor.py
[2022-05-18 23:57:27,786] {processor.py:642} INFO - Processing file /home/airflow/.local/lib/python3.8/site-packages/airflow/example_dags/example_kubernetes_executor.py for tasks to queue
[2022-05-18 23:57:27,787] {logging_mixin.py:109} INFO - [2022-05-18 23:57:27,787] {dagbag.py:500} INFO - Filling up the DagBag from /home/airflow/.local/lib/python3.8/site-packages/airflow/example_dags/example_kubernetes_executor.py
[2022-05-18 23:57:27,835] {processor.py:654} INFO - DAG(s) dict_keys(['example_kubernetes_executor']) retrieved from /home/airflow/.local/lib/python3.8/site-packages/airflow/example_dags/example_kubernetes_executor.py
[2022-05-18 23:57:27,853] {logging_mixin.py:109} INFO - [2022-05-18 23:57:27,852] {dag.py:2398} INFO - Sync 1 DAGs
[2022-05-18 23:57:27,875] {logging_mixin.py:109} INFO - [2022-05-18 23:57:27,874] {dag.py:2937} INFO - Setting next_dagrun for example_kubernetes_executor to None
[2022-05-18 23:57:27,890] {processor.py:171} INFO - Processing /home/airflow/.local/lib/python3.8/site-packages/airflow/example_dags/example_kubernetes_executor.py took 0.109 seconds
[2022-05-18 23:57:58,465] {processor.py:163} INFO - Started process (PID=5656) to work on /home/airflow/.local/lib/python3.8/site-packages/airflow/example_dags/example_kubernetes_executor.py
[2022-05-18 23:57:58,466] {processor.py:642} INFO - Processing file /home/airflow/.local/lib/python3.8/site-packages/airflow/example_dags/example_kubernetes_executor.py for tasks to queue
[2022-05-18 23:57:58,466] {logging_mixin.py:109} INFO - [2022-05-18 23:57:58,466] {dagbag.py:500} INFO - Filling up the DagBag from /home/airflow/.local/lib/python3.8/site-packages/airflow/example_dags/example_kubernetes_executor.py
[2022-05-18 23:57:58,506] {processor.py:654} INFO - DAG(s) dict_keys(['example_kubernetes_executor']) retrieved from /home/airflow/.local/lib/python3.8/site-packages/airflow/example_dags/example_kubernetes_executor.py
[2022-05-18 23:57:58,518] {logging_mixin.py:109} INFO - [2022-05-18 23:57:58,518] {dag.py:2398} INFO - Sync 1 DAGs
[2022-05-18 23:57:58,533] {logging_mixin.py:109} INFO - [2022-05-18 23:57:58,532] {dag.py:2937} INFO - Setting next_dagrun for example_kubernetes_executor to None
[2022-05-18 23:57:58,545] {processor.py:171} INFO - Processing /home/airflow/.local/lib/python3.8/site-packages/airflow/example_dags/example_kubernetes_executor.py took 0.082 seconds
[2022-05-18 23:58:29,249] {processor.py:163} INFO - Started process (PID=5749) to work on /home/airflow/.local/lib/python3.8/site-packages/airflow/example_dags/example_kubernetes_executor.py
[2022-05-18 23:58:29,250] {processor.py:642} INFO - Processing file /home/airflow/.local/lib/python3.8/site-packages/airflow/example_dags/example_kubernetes_executor.py for tasks to queue
[2022-05-18 23:58:29,251] {logging_mixin.py:109} INFO - [2022-05-18 23:58:29,251] {dagbag.py:500} INFO - Filling up the DagBag from /home/airflow/.local/lib/python3.8/site-packages/airflow/example_dags/example_kubernetes_executor.py
[2022-05-18 23:58:29,295] {processor.py:654} INFO - DAG(s) dict_keys(['example_kubernetes_executor']) retrieved from /home/airflow/.local/lib/python3.8/site-packages/airflow/example_dags/example_kubernetes_executor.py
[2022-05-18 23:58:29,310] {logging_mixin.py:109} INFO - [2022-05-18 23:58:29,310] {dag.py:2398} INFO - Sync 1 DAGs
[2022-05-18 23:58:29,325] {logging_mixin.py:109} INFO - [2022-05-18 23:58:29,325] {dag.py:2937} INFO - Setting next_dagrun for example_kubernetes_executor to None
[2022-05-18 23:58:29,334] {processor.py:171} INFO - Processing /home/airflow/.local/lib/python3.8/site-packages/airflow/example_dags/example_kubernetes_executor.py took 0.087 seconds
[2022-05-18 23:58:59,458] {processor.py:163} INFO - Started process (PID=5853) to work on /home/airflow/.local/lib/python3.8/site-packages/airflow/example_dags/example_kubernetes_executor.py
[2022-05-18 23:58:59,459] {processor.py:642} INFO - Processing file /home/airflow/.local/lib/python3.8/site-packages/airflow/example_dags/example_kubernetes_executor.py for tasks to queue
[2022-05-18 23:58:59,459] {logging_mixin.py:109} INFO - [2022-05-18 23:58:59,459] {dagbag.py:500} INFO - Filling up the DagBag from /home/airflow/.local/lib/python3.8/site-packages/airflow/example_dags/example_kubernetes_executor.py
[2022-05-18 23:58:59,500] {processor.py:654} INFO - DAG(s) dict_keys(['example_kubernetes_executor']) retrieved from /home/airflow/.local/lib/python3.8/site-packages/airflow/example_dags/example_kubernetes_executor.py
[2022-05-18 23:58:59,511] {logging_mixin.py:109} INFO - [2022-05-18 23:58:59,511] {dag.py:2398} INFO - Sync 1 DAGs
[2022-05-18 23:58:59,527] {logging_mixin.py:109} INFO - [2022-05-18 23:58:59,526] {dag.py:2937} INFO - Setting next_dagrun for example_kubernetes_executor to None
[2022-05-18 23:58:59,538] {processor.py:171} INFO - Processing /home/airflow/.local/lib/python3.8/site-packages/airflow/example_dags/example_kubernetes_executor.py took 0.083 seconds
[2022-05-18 23:59:30,057] {processor.py:163} INFO - Started process (PID=5944) to work on /home/airflow/.local/lib/python3.8/site-packages/airflow/example_dags/example_kubernetes_executor.py
[2022-05-18 23:59:30,059] {processor.py:642} INFO - Processing file /home/airflow/.local/lib/python3.8/site-packages/airflow/example_dags/example_kubernetes_executor.py for tasks to queue
[2022-05-18 23:59:30,060] {logging_mixin.py:109} INFO - [2022-05-18 23:59:30,060] {dagbag.py:500} INFO - Filling up the DagBag from /home/airflow/.local/lib/python3.8/site-packages/airflow/example_dags/example_kubernetes_executor.py
[2022-05-18 23:59:30,110] {processor.py:654} INFO - DAG(s) dict_keys(['example_kubernetes_executor']) retrieved from /home/airflow/.local/lib/python3.8/site-packages/airflow/example_dags/example_kubernetes_executor.py
[2022-05-18 23:59:30,122] {logging_mixin.py:109} INFO - [2022-05-18 23:59:30,122] {dag.py:2398} INFO - Sync 1 DAGs
[2022-05-18 23:59:30,139] {logging_mixin.py:109} INFO - [2022-05-18 23:59:30,139] {dag.py:2937} INFO - Setting next_dagrun for example_kubernetes_executor to None
[2022-05-18 23:59:30,152] {processor.py:171} INFO - Processing /home/airflow/.local/lib/python3.8/site-packages/airflow/example_dags/example_kubernetes_executor.py took 0.098 seconds
