[2022-05-18 23:24:26,055] {processor.py:163} INFO - Started process (PID=67) to work on /home/airflow/.local/lib/python3.8/site-packages/airflow/example_dags/tutorial.py
[2022-05-18 23:24:26,056] {processor.py:642} INFO - Processing file /home/airflow/.local/lib/python3.8/site-packages/airflow/example_dags/tutorial.py for tasks to queue
[2022-05-18 23:24:26,057] {logging_mixin.py:109} INFO - [2022-05-18 23:24:26,056] {dagbag.py:500} INFO - Filling up the DagBag from /home/airflow/.local/lib/python3.8/site-packages/airflow/example_dags/tutorial.py
[2022-05-18 23:24:26,107] {processor.py:654} INFO - DAG(s) dict_keys(['tutorial']) retrieved from /home/airflow/.local/lib/python3.8/site-packages/airflow/example_dags/tutorial.py
[2022-05-18 23:24:26,125] {logging_mixin.py:109} INFO - [2022-05-18 23:24:26,125] {dag.py:2398} INFO - Sync 1 DAGs
[2022-05-18 23:24:26,150] {logging_mixin.py:109} INFO - [2022-05-18 23:24:26,150] {dag.py:2937} INFO - Setting next_dagrun for tutorial to 2022-05-17T23:24:26.150029+00:00
[2022-05-18 23:24:26,166] {processor.py:171} INFO - Processing /home/airflow/.local/lib/python3.8/site-packages/airflow/example_dags/tutorial.py took 0.114 seconds
[2022-05-18 23:25:10,201] {processor.py:163} INFO - Started process (PID=149) to work on /home/airflow/.local/lib/python3.8/site-packages/airflow/example_dags/tutorial.py
[2022-05-18 23:25:10,358] {processor.py:642} INFO - Processing file /home/airflow/.local/lib/python3.8/site-packages/airflow/example_dags/tutorial.py for tasks to queue
[2022-05-18 23:25:10,359] {logging_mixin.py:109} INFO - [2022-05-18 23:25:10,359] {dagbag.py:500} INFO - Filling up the DagBag from /home/airflow/.local/lib/python3.8/site-packages/airflow/example_dags/tutorial.py
[2022-05-18 23:25:10,386] {processor.py:654} INFO - DAG(s) dict_keys(['tutorial']) retrieved from /home/airflow/.local/lib/python3.8/site-packages/airflow/example_dags/tutorial.py
[2022-05-18 23:25:10,396] {logging_mixin.py:109} INFO - [2022-05-18 23:25:10,396] {dag.py:2398} INFO - Sync 1 DAGs
[2022-05-18 23:25:10,410] {logging_mixin.py:109} INFO - [2022-05-18 23:25:10,410] {dag.py:2937} INFO - Setting next_dagrun for tutorial to 2022-05-17T23:25:10.410351+00:00
[2022-05-18 23:25:10,551] {processor.py:171} INFO - Processing /home/airflow/.local/lib/python3.8/site-packages/airflow/example_dags/tutorial.py took 0.353 seconds
[2022-05-18 23:25:41,527] {processor.py:163} INFO - Started process (PID=215) to work on /home/airflow/.local/lib/python3.8/site-packages/airflow/example_dags/tutorial.py
[2022-05-18 23:25:41,528] {processor.py:642} INFO - Processing file /home/airflow/.local/lib/python3.8/site-packages/airflow/example_dags/tutorial.py for tasks to queue
[2022-05-18 23:25:41,529] {logging_mixin.py:109} INFO - [2022-05-18 23:25:41,529] {dagbag.py:500} INFO - Filling up the DagBag from /home/airflow/.local/lib/python3.8/site-packages/airflow/example_dags/tutorial.py
[2022-05-18 23:25:41,556] {processor.py:654} INFO - DAG(s) dict_keys(['tutorial']) retrieved from /home/airflow/.local/lib/python3.8/site-packages/airflow/example_dags/tutorial.py
[2022-05-18 23:25:41,564] {logging_mixin.py:109} INFO - [2022-05-18 23:25:41,564] {dag.py:2398} INFO - Sync 1 DAGs
[2022-05-18 23:25:41,579] {logging_mixin.py:109} INFO - [2022-05-18 23:25:41,578] {dag.py:2937} INFO - Setting next_dagrun for tutorial to 2022-05-17T23:25:41.578753+00:00
[2022-05-18 23:25:41,587] {processor.py:171} INFO - Processing /home/airflow/.local/lib/python3.8/site-packages/airflow/example_dags/tutorial.py took 0.062 seconds
[2022-05-18 23:26:11,625] {processor.py:163} INFO - Started process (PID=268) to work on /home/airflow/.local/lib/python3.8/site-packages/airflow/example_dags/tutorial.py
[2022-05-18 23:26:11,626] {processor.py:642} INFO - Processing file /home/airflow/.local/lib/python3.8/site-packages/airflow/example_dags/tutorial.py for tasks to queue
[2022-05-18 23:26:11,626] {logging_mixin.py:109} INFO - [2022-05-18 23:26:11,626] {dagbag.py:500} INFO - Filling up the DagBag from /home/airflow/.local/lib/python3.8/site-packages/airflow/example_dags/tutorial.py
[2022-05-18 23:26:11,651] {processor.py:654} INFO - DAG(s) dict_keys(['tutorial']) retrieved from /home/airflow/.local/lib/python3.8/site-packages/airflow/example_dags/tutorial.py
[2022-05-18 23:26:11,660] {logging_mixin.py:109} INFO - [2022-05-18 23:26:11,660] {dag.py:2398} INFO - Sync 1 DAGs
[2022-05-18 23:26:11,673] {logging_mixin.py:109} INFO - [2022-05-18 23:26:11,673] {dag.py:2937} INFO - Setting next_dagrun for tutorial to 2022-05-17T23:26:11.672949+00:00
[2022-05-18 23:26:11,688] {processor.py:171} INFO - Processing /home/airflow/.local/lib/python3.8/site-packages/airflow/example_dags/tutorial.py took 0.065 seconds
[2022-05-18 23:26:42,497] {processor.py:163} INFO - Started process (PID=344) to work on /home/airflow/.local/lib/python3.8/site-packages/airflow/example_dags/tutorial.py
[2022-05-18 23:26:42,497] {processor.py:642} INFO - Processing file /home/airflow/.local/lib/python3.8/site-packages/airflow/example_dags/tutorial.py for tasks to queue
[2022-05-18 23:26:42,498] {logging_mixin.py:109} INFO - [2022-05-18 23:26:42,498] {dagbag.py:500} INFO - Filling up the DagBag from /home/airflow/.local/lib/python3.8/site-packages/airflow/example_dags/tutorial.py
[2022-05-18 23:26:42,527] {processor.py:654} INFO - DAG(s) dict_keys(['tutorial']) retrieved from /home/airflow/.local/lib/python3.8/site-packages/airflow/example_dags/tutorial.py
[2022-05-18 23:26:42,536] {logging_mixin.py:109} INFO - [2022-05-18 23:26:42,535] {dag.py:2398} INFO - Sync 1 DAGs
[2022-05-18 23:26:42,549] {logging_mixin.py:109} INFO - [2022-05-18 23:26:42,549] {dag.py:2937} INFO - Setting next_dagrun for tutorial to 2022-05-17T23:26:42.548938+00:00
[2022-05-18 23:26:42,560] {processor.py:171} INFO - Processing /home/airflow/.local/lib/python3.8/site-packages/airflow/example_dags/tutorial.py took 0.065 seconds
[2022-05-18 23:27:12,845] {processor.py:163} INFO - Started process (PID=411) to work on /home/airflow/.local/lib/python3.8/site-packages/airflow/example_dags/tutorial.py
[2022-05-18 23:27:12,852] {processor.py:642} INFO - Processing file /home/airflow/.local/lib/python3.8/site-packages/airflow/example_dags/tutorial.py for tasks to queue
[2022-05-18 23:27:12,852] {logging_mixin.py:109} INFO - [2022-05-18 23:27:12,852] {dagbag.py:500} INFO - Filling up the DagBag from /home/airflow/.local/lib/python3.8/site-packages/airflow/example_dags/tutorial.py
[2022-05-18 23:27:12,877] {processor.py:654} INFO - DAG(s) dict_keys(['tutorial']) retrieved from /home/airflow/.local/lib/python3.8/site-packages/airflow/example_dags/tutorial.py
[2022-05-18 23:27:12,884] {logging_mixin.py:109} INFO - [2022-05-18 23:27:12,884] {dag.py:2398} INFO - Sync 1 DAGs
[2022-05-18 23:27:12,900] {logging_mixin.py:109} INFO - [2022-05-18 23:27:12,900] {dag.py:2937} INFO - Setting next_dagrun for tutorial to 2022-05-17T23:27:12.900367+00:00
[2022-05-18 23:27:12,910] {processor.py:171} INFO - Processing /home/airflow/.local/lib/python3.8/site-packages/airflow/example_dags/tutorial.py took 0.068 seconds
[2022-05-18 23:27:43,090] {processor.py:163} INFO - Started process (PID=486) to work on /home/airflow/.local/lib/python3.8/site-packages/airflow/example_dags/tutorial.py
[2022-05-18 23:27:43,091] {processor.py:642} INFO - Processing file /home/airflow/.local/lib/python3.8/site-packages/airflow/example_dags/tutorial.py for tasks to queue
[2022-05-18 23:27:43,091] {logging_mixin.py:109} INFO - [2022-05-18 23:27:43,091] {dagbag.py:500} INFO - Filling up the DagBag from /home/airflow/.local/lib/python3.8/site-packages/airflow/example_dags/tutorial.py
[2022-05-18 23:27:43,120] {processor.py:654} INFO - DAG(s) dict_keys(['tutorial']) retrieved from /home/airflow/.local/lib/python3.8/site-packages/airflow/example_dags/tutorial.py
[2022-05-18 23:27:43,128] {logging_mixin.py:109} INFO - [2022-05-18 23:27:43,128] {dag.py:2398} INFO - Sync 1 DAGs
[2022-05-18 23:27:43,143] {logging_mixin.py:109} INFO - [2022-05-18 23:27:43,143] {dag.py:2937} INFO - Setting next_dagrun for tutorial to 2022-05-17T23:27:43.143395+00:00
[2022-05-18 23:27:43,155] {processor.py:171} INFO - Processing /home/airflow/.local/lib/python3.8/site-packages/airflow/example_dags/tutorial.py took 0.066 seconds
[2022-05-18 23:28:13,522] {processor.py:163} INFO - Started process (PID=554) to work on /home/airflow/.local/lib/python3.8/site-packages/airflow/example_dags/tutorial.py
[2022-05-18 23:28:13,525] {processor.py:642} INFO - Processing file /home/airflow/.local/lib/python3.8/site-packages/airflow/example_dags/tutorial.py for tasks to queue
[2022-05-18 23:28:13,525] {logging_mixin.py:109} INFO - [2022-05-18 23:28:13,525] {dagbag.py:500} INFO - Filling up the DagBag from /home/airflow/.local/lib/python3.8/site-packages/airflow/example_dags/tutorial.py
[2022-05-18 23:28:13,555] {processor.py:654} INFO - DAG(s) dict_keys(['tutorial']) retrieved from /home/airflow/.local/lib/python3.8/site-packages/airflow/example_dags/tutorial.py
[2022-05-18 23:28:13,567] {logging_mixin.py:109} INFO - [2022-05-18 23:28:13,567] {dag.py:2398} INFO - Sync 1 DAGs
[2022-05-18 23:28:13,583] {logging_mixin.py:109} INFO - [2022-05-18 23:28:13,583] {dag.py:2937} INFO - Setting next_dagrun for tutorial to 2022-05-17T23:28:13.582760+00:00
[2022-05-18 23:28:13,593] {processor.py:171} INFO - Processing /home/airflow/.local/lib/python3.8/site-packages/airflow/example_dags/tutorial.py took 0.073 seconds
[2022-05-18 23:28:43,877] {processor.py:163} INFO - Started process (PID=621) to work on /home/airflow/.local/lib/python3.8/site-packages/airflow/example_dags/tutorial.py
[2022-05-18 23:28:43,881] {processor.py:642} INFO - Processing file /home/airflow/.local/lib/python3.8/site-packages/airflow/example_dags/tutorial.py for tasks to queue
[2022-05-18 23:28:43,882] {logging_mixin.py:109} INFO - [2022-05-18 23:28:43,882] {dagbag.py:500} INFO - Filling up the DagBag from /home/airflow/.local/lib/python3.8/site-packages/airflow/example_dags/tutorial.py
[2022-05-18 23:28:43,918] {processor.py:654} INFO - DAG(s) dict_keys(['tutorial']) retrieved from /home/airflow/.local/lib/python3.8/site-packages/airflow/example_dags/tutorial.py
[2022-05-18 23:28:43,930] {logging_mixin.py:109} INFO - [2022-05-18 23:28:43,930] {dag.py:2398} INFO - Sync 1 DAGs
[2022-05-18 23:28:43,949] {logging_mixin.py:109} INFO - [2022-05-18 23:28:43,949] {dag.py:2937} INFO - Setting next_dagrun for tutorial to 2022-05-17T23:28:43.948931+00:00
[2022-05-18 23:28:43,959] {processor.py:171} INFO - Processing /home/airflow/.local/lib/python3.8/site-packages/airflow/example_dags/tutorial.py took 0.085 seconds
[2022-05-18 23:29:14,224] {processor.py:163} INFO - Started process (PID=696) to work on /home/airflow/.local/lib/python3.8/site-packages/airflow/example_dags/tutorial.py
[2022-05-18 23:29:14,238] {processor.py:642} INFO - Processing file /home/airflow/.local/lib/python3.8/site-packages/airflow/example_dags/tutorial.py for tasks to queue
[2022-05-18 23:29:14,238] {logging_mixin.py:109} INFO - [2022-05-18 23:29:14,238] {dagbag.py:500} INFO - Filling up the DagBag from /home/airflow/.local/lib/python3.8/site-packages/airflow/example_dags/tutorial.py
[2022-05-18 23:29:14,295] {processor.py:654} INFO - DAG(s) dict_keys(['tutorial']) retrieved from /home/airflow/.local/lib/python3.8/site-packages/airflow/example_dags/tutorial.py
[2022-05-18 23:29:14,311] {logging_mixin.py:109} INFO - [2022-05-18 23:29:14,310] {dag.py:2398} INFO - Sync 1 DAGs
[2022-05-18 23:29:14,338] {logging_mixin.py:109} INFO - [2022-05-18 23:29:14,338] {dag.py:2937} INFO - Setting next_dagrun for tutorial to 2022-05-17T23:29:14.338019+00:00
[2022-05-18 23:29:14,350] {processor.py:171} INFO - Processing /home/airflow/.local/lib/python3.8/site-packages/airflow/example_dags/tutorial.py took 0.128 seconds
[2022-05-18 23:29:45,232] {processor.py:163} INFO - Started process (PID=763) to work on /home/airflow/.local/lib/python3.8/site-packages/airflow/example_dags/tutorial.py
[2022-05-18 23:29:45,233] {processor.py:642} INFO - Processing file /home/airflow/.local/lib/python3.8/site-packages/airflow/example_dags/tutorial.py for tasks to queue
[2022-05-18 23:29:45,234] {logging_mixin.py:109} INFO - [2022-05-18 23:29:45,234] {dagbag.py:500} INFO - Filling up the DagBag from /home/airflow/.local/lib/python3.8/site-packages/airflow/example_dags/tutorial.py
[2022-05-18 23:29:45,258] {processor.py:654} INFO - DAG(s) dict_keys(['tutorial']) retrieved from /home/airflow/.local/lib/python3.8/site-packages/airflow/example_dags/tutorial.py
[2022-05-18 23:29:45,266] {logging_mixin.py:109} INFO - [2022-05-18 23:29:45,266] {dag.py:2398} INFO - Sync 1 DAGs
[2022-05-18 23:29:45,283] {logging_mixin.py:109} INFO - [2022-05-18 23:29:45,283] {dag.py:2937} INFO - Setting next_dagrun for tutorial to 2022-05-17T23:29:45.283386+00:00
[2022-05-18 23:29:45,296] {processor.py:171} INFO - Processing /home/airflow/.local/lib/python3.8/site-packages/airflow/example_dags/tutorial.py took 0.066 seconds
[2022-05-18 23:30:15,453] {processor.py:163} INFO - Started process (PID=841) to work on /home/airflow/.local/lib/python3.8/site-packages/airflow/example_dags/tutorial.py
[2022-05-18 23:30:15,455] {processor.py:642} INFO - Processing file /home/airflow/.local/lib/python3.8/site-packages/airflow/example_dags/tutorial.py for tasks to queue
[2022-05-18 23:30:15,455] {logging_mixin.py:109} INFO - [2022-05-18 23:30:15,455] {dagbag.py:500} INFO - Filling up the DagBag from /home/airflow/.local/lib/python3.8/site-packages/airflow/example_dags/tutorial.py
[2022-05-18 23:30:15,485] {processor.py:654} INFO - DAG(s) dict_keys(['tutorial']) retrieved from /home/airflow/.local/lib/python3.8/site-packages/airflow/example_dags/tutorial.py
[2022-05-18 23:30:15,496] {logging_mixin.py:109} INFO - [2022-05-18 23:30:15,496] {dag.py:2398} INFO - Sync 1 DAGs
[2022-05-18 23:30:15,514] {logging_mixin.py:109} INFO - [2022-05-18 23:30:15,514] {dag.py:2937} INFO - Setting next_dagrun for tutorial to 2022-05-17T23:30:15.514157+00:00
[2022-05-18 23:30:15,526] {processor.py:171} INFO - Processing /home/airflow/.local/lib/python3.8/site-packages/airflow/example_dags/tutorial.py took 0.075 seconds
[2022-05-18 23:30:45,839] {processor.py:163} INFO - Started process (PID=908) to work on /home/airflow/.local/lib/python3.8/site-packages/airflow/example_dags/tutorial.py
[2022-05-18 23:30:45,840] {processor.py:642} INFO - Processing file /home/airflow/.local/lib/python3.8/site-packages/airflow/example_dags/tutorial.py for tasks to queue
[2022-05-18 23:30:45,841] {logging_mixin.py:109} INFO - [2022-05-18 23:30:45,840] {dagbag.py:500} INFO - Filling up the DagBag from /home/airflow/.local/lib/python3.8/site-packages/airflow/example_dags/tutorial.py
[2022-05-18 23:30:45,865] {processor.py:654} INFO - DAG(s) dict_keys(['tutorial']) retrieved from /home/airflow/.local/lib/python3.8/site-packages/airflow/example_dags/tutorial.py
[2022-05-18 23:30:45,873] {logging_mixin.py:109} INFO - [2022-05-18 23:30:45,873] {dag.py:2398} INFO - Sync 1 DAGs
[2022-05-18 23:30:45,889] {logging_mixin.py:109} INFO - [2022-05-18 23:30:45,889] {dag.py:2937} INFO - Setting next_dagrun for tutorial to 2022-05-17T23:30:45.888774+00:00
[2022-05-18 23:30:45,899] {processor.py:171} INFO - Processing /home/airflow/.local/lib/python3.8/site-packages/airflow/example_dags/tutorial.py took 0.062 seconds
[2022-05-18 23:31:16,387] {processor.py:163} INFO - Started process (PID=993) to work on /home/airflow/.local/lib/python3.8/site-packages/airflow/example_dags/tutorial.py
[2022-05-18 23:31:16,394] {processor.py:642} INFO - Processing file /home/airflow/.local/lib/python3.8/site-packages/airflow/example_dags/tutorial.py for tasks to queue
[2022-05-18 23:31:16,395] {logging_mixin.py:109} INFO - [2022-05-18 23:31:16,395] {dagbag.py:500} INFO - Filling up the DagBag from /home/airflow/.local/lib/python3.8/site-packages/airflow/example_dags/tutorial.py
[2022-05-18 23:31:16,423] {processor.py:654} INFO - DAG(s) dict_keys(['tutorial']) retrieved from /home/airflow/.local/lib/python3.8/site-packages/airflow/example_dags/tutorial.py
[2022-05-18 23:31:16,434] {logging_mixin.py:109} INFO - [2022-05-18 23:31:16,434] {dag.py:2398} INFO - Sync 1 DAGs
[2022-05-18 23:31:16,450] {logging_mixin.py:109} INFO - [2022-05-18 23:31:16,450] {dag.py:2937} INFO - Setting next_dagrun for tutorial to 2022-05-17T23:31:16.450172+00:00
[2022-05-18 23:31:16,462] {processor.py:171} INFO - Processing /home/airflow/.local/lib/python3.8/site-packages/airflow/example_dags/tutorial.py took 0.077 seconds
[2022-05-18 23:31:46,939] {processor.py:163} INFO - Started process (PID=1086) to work on /home/airflow/.local/lib/python3.8/site-packages/airflow/example_dags/tutorial.py
[2022-05-18 23:31:46,947] {processor.py:642} INFO - Processing file /home/airflow/.local/lib/python3.8/site-packages/airflow/example_dags/tutorial.py for tasks to queue
[2022-05-18 23:31:46,948] {logging_mixin.py:109} INFO - [2022-05-18 23:31:46,947] {dagbag.py:500} INFO - Filling up the DagBag from /home/airflow/.local/lib/python3.8/site-packages/airflow/example_dags/tutorial.py
[2022-05-18 23:31:46,970] {processor.py:654} INFO - DAG(s) dict_keys(['tutorial']) retrieved from /home/airflow/.local/lib/python3.8/site-packages/airflow/example_dags/tutorial.py
[2022-05-18 23:31:46,981] {logging_mixin.py:109} INFO - [2022-05-18 23:31:46,981] {dag.py:2398} INFO - Sync 1 DAGs
[2022-05-18 23:31:46,995] {logging_mixin.py:109} INFO - [2022-05-18 23:31:46,995] {dag.py:2937} INFO - Setting next_dagrun for tutorial to 2022-05-17T23:31:46.995425+00:00
[2022-05-18 23:31:47,006] {processor.py:171} INFO - Processing /home/airflow/.local/lib/python3.8/site-packages/airflow/example_dags/tutorial.py took 0.068 seconds
[2022-05-18 23:32:17,432] {processor.py:163} INFO - Started process (PID=1171) to work on /home/airflow/.local/lib/python3.8/site-packages/airflow/example_dags/tutorial.py
[2022-05-18 23:32:17,433] {processor.py:642} INFO - Processing file /home/airflow/.local/lib/python3.8/site-packages/airflow/example_dags/tutorial.py for tasks to queue
[2022-05-18 23:32:17,434] {logging_mixin.py:109} INFO - [2022-05-18 23:32:17,433] {dagbag.py:500} INFO - Filling up the DagBag from /home/airflow/.local/lib/python3.8/site-packages/airflow/example_dags/tutorial.py
[2022-05-18 23:32:17,456] {processor.py:654} INFO - DAG(s) dict_keys(['tutorial']) retrieved from /home/airflow/.local/lib/python3.8/site-packages/airflow/example_dags/tutorial.py
[2022-05-18 23:32:17,465] {logging_mixin.py:109} INFO - [2022-05-18 23:32:17,464] {dag.py:2398} INFO - Sync 1 DAGs
[2022-05-18 23:32:17,478] {logging_mixin.py:109} INFO - [2022-05-18 23:32:17,478] {dag.py:2937} INFO - Setting next_dagrun for tutorial to 2022-05-17T23:32:17.477974+00:00
[2022-05-18 23:32:17,488] {processor.py:171} INFO - Processing /home/airflow/.local/lib/python3.8/site-packages/airflow/example_dags/tutorial.py took 0.058 seconds
[2022-05-18 23:32:47,608] {processor.py:163} INFO - Started process (PID=1265) to work on /home/airflow/.local/lib/python3.8/site-packages/airflow/example_dags/tutorial.py
[2022-05-18 23:32:47,609] {processor.py:642} INFO - Processing file /home/airflow/.local/lib/python3.8/site-packages/airflow/example_dags/tutorial.py for tasks to queue
[2022-05-18 23:32:47,610] {logging_mixin.py:109} INFO - [2022-05-18 23:32:47,610] {dagbag.py:500} INFO - Filling up the DagBag from /home/airflow/.local/lib/python3.8/site-packages/airflow/example_dags/tutorial.py
[2022-05-18 23:32:47,638] {processor.py:654} INFO - DAG(s) dict_keys(['tutorial']) retrieved from /home/airflow/.local/lib/python3.8/site-packages/airflow/example_dags/tutorial.py
[2022-05-18 23:32:47,648] {logging_mixin.py:109} INFO - [2022-05-18 23:32:47,648] {dag.py:2398} INFO - Sync 1 DAGs
[2022-05-18 23:32:47,663] {logging_mixin.py:109} INFO - [2022-05-18 23:32:47,663] {dag.py:2937} INFO - Setting next_dagrun for tutorial to 2022-05-17T23:32:47.663274+00:00
[2022-05-18 23:32:47,673] {processor.py:171} INFO - Processing /home/airflow/.local/lib/python3.8/site-packages/airflow/example_dags/tutorial.py took 0.067 seconds
[2022-05-18 23:33:17,746] {processor.py:163} INFO - Started process (PID=1349) to work on /home/airflow/.local/lib/python3.8/site-packages/airflow/example_dags/tutorial.py
[2022-05-18 23:33:17,754] {processor.py:642} INFO - Processing file /home/airflow/.local/lib/python3.8/site-packages/airflow/example_dags/tutorial.py for tasks to queue
[2022-05-18 23:33:17,758] {logging_mixin.py:109} INFO - [2022-05-18 23:33:17,757] {dagbag.py:500} INFO - Filling up the DagBag from /home/airflow/.local/lib/python3.8/site-packages/airflow/example_dags/tutorial.py
[2022-05-18 23:33:17,812] {processor.py:654} INFO - DAG(s) dict_keys(['tutorial']) retrieved from /home/airflow/.local/lib/python3.8/site-packages/airflow/example_dags/tutorial.py
[2022-05-18 23:33:17,841] {logging_mixin.py:109} INFO - [2022-05-18 23:33:17,841] {dag.py:2398} INFO - Sync 1 DAGs
[2022-05-18 23:33:17,860] {logging_mixin.py:109} INFO - [2022-05-18 23:33:17,860] {dag.py:2937} INFO - Setting next_dagrun for tutorial to 2022-05-17T23:33:17.859827+00:00
[2022-05-18 23:33:17,872] {processor.py:171} INFO - Processing /home/airflow/.local/lib/python3.8/site-packages/airflow/example_dags/tutorial.py took 0.129 seconds
[2022-05-18 23:33:48,205] {processor.py:163} INFO - Started process (PID=1433) to work on /home/airflow/.local/lib/python3.8/site-packages/airflow/example_dags/tutorial.py
[2022-05-18 23:33:48,207] {processor.py:642} INFO - Processing file /home/airflow/.local/lib/python3.8/site-packages/airflow/example_dags/tutorial.py for tasks to queue
[2022-05-18 23:33:48,208] {logging_mixin.py:109} INFO - [2022-05-18 23:33:48,208] {dagbag.py:500} INFO - Filling up the DagBag from /home/airflow/.local/lib/python3.8/site-packages/airflow/example_dags/tutorial.py
[2022-05-18 23:33:48,266] {processor.py:654} INFO - DAG(s) dict_keys(['tutorial']) retrieved from /home/airflow/.local/lib/python3.8/site-packages/airflow/example_dags/tutorial.py
[2022-05-18 23:33:48,287] {logging_mixin.py:109} INFO - [2022-05-18 23:33:48,287] {dag.py:2398} INFO - Sync 1 DAGs
[2022-05-18 23:33:48,309] {logging_mixin.py:109} INFO - [2022-05-18 23:33:48,309] {dag.py:2937} INFO - Setting next_dagrun for tutorial to 2022-05-17T23:33:48.309292+00:00
[2022-05-18 23:33:48,319] {processor.py:171} INFO - Processing /home/airflow/.local/lib/python3.8/site-packages/airflow/example_dags/tutorial.py took 0.117 seconds
[2022-05-18 23:34:18,661] {processor.py:163} INFO - Started process (PID=1527) to work on /home/airflow/.local/lib/python3.8/site-packages/airflow/example_dags/tutorial.py
[2022-05-18 23:34:18,663] {processor.py:642} INFO - Processing file /home/airflow/.local/lib/python3.8/site-packages/airflow/example_dags/tutorial.py for tasks to queue
[2022-05-18 23:34:18,664] {logging_mixin.py:109} INFO - [2022-05-18 23:34:18,664] {dagbag.py:500} INFO - Filling up the DagBag from /home/airflow/.local/lib/python3.8/site-packages/airflow/example_dags/tutorial.py
[2022-05-18 23:34:18,714] {processor.py:654} INFO - DAG(s) dict_keys(['tutorial']) retrieved from /home/airflow/.local/lib/python3.8/site-packages/airflow/example_dags/tutorial.py
[2022-05-18 23:34:18,732] {logging_mixin.py:109} INFO - [2022-05-18 23:34:18,731] {dag.py:2398} INFO - Sync 1 DAGs
[2022-05-18 23:34:18,757] {logging_mixin.py:109} INFO - [2022-05-18 23:34:18,757] {dag.py:2937} INFO - Setting next_dagrun for tutorial to 2022-05-17T23:34:18.757075+00:00
[2022-05-18 23:34:18,771] {processor.py:171} INFO - Processing /home/airflow/.local/lib/python3.8/site-packages/airflow/example_dags/tutorial.py took 0.113 seconds
[2022-05-18 23:34:48,994] {processor.py:163} INFO - Started process (PID=1611) to work on /home/airflow/.local/lib/python3.8/site-packages/airflow/example_dags/tutorial.py
[2022-05-18 23:34:49,001] {processor.py:642} INFO - Processing file /home/airflow/.local/lib/python3.8/site-packages/airflow/example_dags/tutorial.py for tasks to queue
[2022-05-18 23:34:49,001] {logging_mixin.py:109} INFO - [2022-05-18 23:34:49,001] {dagbag.py:500} INFO - Filling up the DagBag from /home/airflow/.local/lib/python3.8/site-packages/airflow/example_dags/tutorial.py
[2022-05-18 23:34:49,116] {processor.py:654} INFO - DAG(s) dict_keys(['tutorial']) retrieved from /home/airflow/.local/lib/python3.8/site-packages/airflow/example_dags/tutorial.py
[2022-05-18 23:34:49,141] {logging_mixin.py:109} INFO - [2022-05-18 23:34:49,141] {dag.py:2398} INFO - Sync 1 DAGs
[2022-05-18 23:34:49,167] {logging_mixin.py:109} INFO - [2022-05-18 23:34:49,167] {dag.py:2937} INFO - Setting next_dagrun for tutorial to 2022-05-17T23:34:49.166816+00:00
[2022-05-18 23:34:49,188] {processor.py:171} INFO - Processing /home/airflow/.local/lib/python3.8/site-packages/airflow/example_dags/tutorial.py took 0.197 seconds
[2022-05-18 23:35:19,613] {processor.py:163} INFO - Started process (PID=1704) to work on /home/airflow/.local/lib/python3.8/site-packages/airflow/example_dags/tutorial.py
[2022-05-18 23:35:19,615] {processor.py:642} INFO - Processing file /home/airflow/.local/lib/python3.8/site-packages/airflow/example_dags/tutorial.py for tasks to queue
[2022-05-18 23:35:19,615] {logging_mixin.py:109} INFO - [2022-05-18 23:35:19,615] {dagbag.py:500} INFO - Filling up the DagBag from /home/airflow/.local/lib/python3.8/site-packages/airflow/example_dags/tutorial.py
[2022-05-18 23:35:19,690] {processor.py:654} INFO - DAG(s) dict_keys(['tutorial']) retrieved from /home/airflow/.local/lib/python3.8/site-packages/airflow/example_dags/tutorial.py
[2022-05-18 23:35:19,714] {logging_mixin.py:109} INFO - [2022-05-18 23:35:19,714] {dag.py:2398} INFO - Sync 1 DAGs
[2022-05-18 23:35:19,740] {logging_mixin.py:109} INFO - [2022-05-18 23:35:19,740] {dag.py:2937} INFO - Setting next_dagrun for tutorial to 2022-05-17T23:35:19.740091+00:00
[2022-05-18 23:35:19,761] {processor.py:171} INFO - Processing /home/airflow/.local/lib/python3.8/site-packages/airflow/example_dags/tutorial.py took 0.152 seconds
[2022-05-18 23:35:49,845] {processor.py:163} INFO - Started process (PID=1789) to work on /home/airflow/.local/lib/python3.8/site-packages/airflow/example_dags/tutorial.py
[2022-05-18 23:35:49,846] {processor.py:642} INFO - Processing file /home/airflow/.local/lib/python3.8/site-packages/airflow/example_dags/tutorial.py for tasks to queue
[2022-05-18 23:35:49,847] {logging_mixin.py:109} INFO - [2022-05-18 23:35:49,847] {dagbag.py:500} INFO - Filling up the DagBag from /home/airflow/.local/lib/python3.8/site-packages/airflow/example_dags/tutorial.py
[2022-05-18 23:35:49,872] {processor.py:654} INFO - DAG(s) dict_keys(['tutorial']) retrieved from /home/airflow/.local/lib/python3.8/site-packages/airflow/example_dags/tutorial.py
[2022-05-18 23:35:49,880] {logging_mixin.py:109} INFO - [2022-05-18 23:35:49,880] {dag.py:2398} INFO - Sync 1 DAGs
[2022-05-18 23:35:49,892] {logging_mixin.py:109} INFO - [2022-05-18 23:35:49,892] {dag.py:2937} INFO - Setting next_dagrun for tutorial to 2022-05-17T23:35:49.892451+00:00
[2022-05-18 23:35:49,902] {processor.py:171} INFO - Processing /home/airflow/.local/lib/python3.8/site-packages/airflow/example_dags/tutorial.py took 0.059 seconds
[2022-05-18 23:36:19,920] {processor.py:163} INFO - Started process (PID=1873) to work on /home/airflow/.local/lib/python3.8/site-packages/airflow/example_dags/tutorial.py
[2022-05-18 23:36:19,921] {processor.py:642} INFO - Processing file /home/airflow/.local/lib/python3.8/site-packages/airflow/example_dags/tutorial.py for tasks to queue
[2022-05-18 23:36:19,922] {logging_mixin.py:109} INFO - [2022-05-18 23:36:19,922] {dagbag.py:500} INFO - Filling up the DagBag from /home/airflow/.local/lib/python3.8/site-packages/airflow/example_dags/tutorial.py
[2022-05-18 23:36:19,970] {processor.py:654} INFO - DAG(s) dict_keys(['tutorial']) retrieved from /home/airflow/.local/lib/python3.8/site-packages/airflow/example_dags/tutorial.py
[2022-05-18 23:36:19,983] {logging_mixin.py:109} INFO - [2022-05-18 23:36:19,983] {dag.py:2398} INFO - Sync 1 DAGs
[2022-05-18 23:36:20,003] {logging_mixin.py:109} INFO - [2022-05-18 23:36:20,003] {dag.py:2937} INFO - Setting next_dagrun for tutorial to 2022-05-17T23:36:20.003533+00:00
[2022-05-18 23:36:20,017] {processor.py:171} INFO - Processing /home/airflow/.local/lib/python3.8/site-packages/airflow/example_dags/tutorial.py took 0.100 seconds
[2022-05-18 23:36:50,677] {processor.py:163} INFO - Started process (PID=1966) to work on /home/airflow/.local/lib/python3.8/site-packages/airflow/example_dags/tutorial.py
[2022-05-18 23:36:50,684] {processor.py:642} INFO - Processing file /home/airflow/.local/lib/python3.8/site-packages/airflow/example_dags/tutorial.py for tasks to queue
[2022-05-18 23:36:50,684] {logging_mixin.py:109} INFO - [2022-05-18 23:36:50,684] {dagbag.py:500} INFO - Filling up the DagBag from /home/airflow/.local/lib/python3.8/site-packages/airflow/example_dags/tutorial.py
[2022-05-18 23:36:50,708] {processor.py:654} INFO - DAG(s) dict_keys(['tutorial']) retrieved from /home/airflow/.local/lib/python3.8/site-packages/airflow/example_dags/tutorial.py
[2022-05-18 23:36:50,720] {logging_mixin.py:109} INFO - [2022-05-18 23:36:50,720] {dag.py:2398} INFO - Sync 1 DAGs
[2022-05-18 23:36:50,732] {logging_mixin.py:109} INFO - [2022-05-18 23:36:50,732] {dag.py:2937} INFO - Setting next_dagrun for tutorial to 2022-05-17T23:36:50.732214+00:00
[2022-05-18 23:36:50,744] {processor.py:171} INFO - Processing /home/airflow/.local/lib/python3.8/site-packages/airflow/example_dags/tutorial.py took 0.070 seconds
[2022-05-18 23:37:21,295] {processor.py:163} INFO - Started process (PID=2051) to work on /home/airflow/.local/lib/python3.8/site-packages/airflow/example_dags/tutorial.py
[2022-05-18 23:37:21,296] {processor.py:642} INFO - Processing file /home/airflow/.local/lib/python3.8/site-packages/airflow/example_dags/tutorial.py for tasks to queue
[2022-05-18 23:37:21,297] {logging_mixin.py:109} INFO - [2022-05-18 23:37:21,296] {dagbag.py:500} INFO - Filling up the DagBag from /home/airflow/.local/lib/python3.8/site-packages/airflow/example_dags/tutorial.py
[2022-05-18 23:37:21,347] {processor.py:654} INFO - DAG(s) dict_keys(['tutorial']) retrieved from /home/airflow/.local/lib/python3.8/site-packages/airflow/example_dags/tutorial.py
[2022-05-18 23:37:21,368] {logging_mixin.py:109} INFO - [2022-05-18 23:37:21,368] {dag.py:2398} INFO - Sync 1 DAGs
[2022-05-18 23:37:21,403] {logging_mixin.py:109} INFO - [2022-05-18 23:37:21,403] {dag.py:2937} INFO - Setting next_dagrun for tutorial to 2022-05-17T23:37:21.403449+00:00
[2022-05-18 23:37:21,414] {processor.py:171} INFO - Processing /home/airflow/.local/lib/python3.8/site-packages/airflow/example_dags/tutorial.py took 0.122 seconds
[2022-05-18 23:37:51,766] {processor.py:163} INFO - Started process (PID=2136) to work on /home/airflow/.local/lib/python3.8/site-packages/airflow/example_dags/tutorial.py
[2022-05-18 23:37:51,768] {processor.py:642} INFO - Processing file /home/airflow/.local/lib/python3.8/site-packages/airflow/example_dags/tutorial.py for tasks to queue
[2022-05-18 23:37:51,768] {logging_mixin.py:109} INFO - [2022-05-18 23:37:51,768] {dagbag.py:500} INFO - Filling up the DagBag from /home/airflow/.local/lib/python3.8/site-packages/airflow/example_dags/tutorial.py
[2022-05-18 23:37:51,824] {processor.py:654} INFO - DAG(s) dict_keys(['tutorial']) retrieved from /home/airflow/.local/lib/python3.8/site-packages/airflow/example_dags/tutorial.py
[2022-05-18 23:37:51,851] {logging_mixin.py:109} INFO - [2022-05-18 23:37:51,849] {dag.py:2398} INFO - Sync 1 DAGs
[2022-05-18 23:37:51,868] {logging_mixin.py:109} INFO - [2022-05-18 23:37:51,868] {dag.py:2937} INFO - Setting next_dagrun for tutorial to 2022-05-17T23:37:51.868367+00:00
[2022-05-18 23:37:51,877] {processor.py:171} INFO - Processing /home/airflow/.local/lib/python3.8/site-packages/airflow/example_dags/tutorial.py took 0.115 seconds
[2022-05-18 23:38:21,905] {processor.py:163} INFO - Started process (PID=2229) to work on /home/airflow/.local/lib/python3.8/site-packages/airflow/example_dags/tutorial.py
[2022-05-18 23:38:21,906] {processor.py:642} INFO - Processing file /home/airflow/.local/lib/python3.8/site-packages/airflow/example_dags/tutorial.py for tasks to queue
[2022-05-18 23:38:21,906] {logging_mixin.py:109} INFO - [2022-05-18 23:38:21,906] {dagbag.py:500} INFO - Filling up the DagBag from /home/airflow/.local/lib/python3.8/site-packages/airflow/example_dags/tutorial.py
[2022-05-18 23:38:21,936] {processor.py:654} INFO - DAG(s) dict_keys(['tutorial']) retrieved from /home/airflow/.local/lib/python3.8/site-packages/airflow/example_dags/tutorial.py
[2022-05-18 23:38:21,943] {logging_mixin.py:109} INFO - [2022-05-18 23:38:21,943] {dag.py:2398} INFO - Sync 1 DAGs
[2022-05-18 23:38:21,959] {logging_mixin.py:109} INFO - [2022-05-18 23:38:21,959] {dag.py:2937} INFO - Setting next_dagrun for tutorial to 2022-05-17T23:38:21.958662+00:00
[2022-05-18 23:38:21,970] {processor.py:171} INFO - Processing /home/airflow/.local/lib/python3.8/site-packages/airflow/example_dags/tutorial.py took 0.069 seconds
[2022-05-18 23:38:52,242] {processor.py:163} INFO - Started process (PID=2315) to work on /home/airflow/.local/lib/python3.8/site-packages/airflow/example_dags/tutorial.py
[2022-05-18 23:38:52,252] {processor.py:642} INFO - Processing file /home/airflow/.local/lib/python3.8/site-packages/airflow/example_dags/tutorial.py for tasks to queue
[2022-05-18 23:38:52,252] {logging_mixin.py:109} INFO - [2022-05-18 23:38:52,252] {dagbag.py:500} INFO - Filling up the DagBag from /home/airflow/.local/lib/python3.8/site-packages/airflow/example_dags/tutorial.py
[2022-05-18 23:38:52,276] {processor.py:654} INFO - DAG(s) dict_keys(['tutorial']) retrieved from /home/airflow/.local/lib/python3.8/site-packages/airflow/example_dags/tutorial.py
[2022-05-18 23:38:52,288] {logging_mixin.py:109} INFO - [2022-05-18 23:38:52,288] {dag.py:2398} INFO - Sync 1 DAGs
[2022-05-18 23:38:52,301] {logging_mixin.py:109} INFO - [2022-05-18 23:38:52,301] {dag.py:2937} INFO - Setting next_dagrun for tutorial to 2022-05-17T23:38:52.301218+00:00
[2022-05-18 23:38:52,372] {processor.py:171} INFO - Processing /home/airflow/.local/lib/python3.8/site-packages/airflow/example_dags/tutorial.py took 0.132 seconds
[2022-05-18 23:39:22,565] {processor.py:163} INFO - Started process (PID=2407) to work on /home/airflow/.local/lib/python3.8/site-packages/airflow/example_dags/tutorial.py
[2022-05-18 23:39:22,566] {processor.py:642} INFO - Processing file /home/airflow/.local/lib/python3.8/site-packages/airflow/example_dags/tutorial.py for tasks to queue
[2022-05-18 23:39:22,567] {logging_mixin.py:109} INFO - [2022-05-18 23:39:22,567] {dagbag.py:500} INFO - Filling up the DagBag from /home/airflow/.local/lib/python3.8/site-packages/airflow/example_dags/tutorial.py
[2022-05-18 23:39:22,599] {processor.py:654} INFO - DAG(s) dict_keys(['tutorial']) retrieved from /home/airflow/.local/lib/python3.8/site-packages/airflow/example_dags/tutorial.py
[2022-05-18 23:39:22,611] {logging_mixin.py:109} INFO - [2022-05-18 23:39:22,611] {dag.py:2398} INFO - Sync 1 DAGs
[2022-05-18 23:39:22,626] {logging_mixin.py:109} INFO - [2022-05-18 23:39:22,626] {dag.py:2937} INFO - Setting next_dagrun for tutorial to 2022-05-17T23:39:22.626200+00:00
[2022-05-18 23:39:22,636] {processor.py:171} INFO - Processing /home/airflow/.local/lib/python3.8/site-packages/airflow/example_dags/tutorial.py took 0.073 seconds
[2022-05-18 23:39:52,753] {processor.py:163} INFO - Started process (PID=2474) to work on /home/airflow/.local/lib/python3.8/site-packages/airflow/example_dags/tutorial.py
[2022-05-18 23:39:52,755] {processor.py:642} INFO - Processing file /home/airflow/.local/lib/python3.8/site-packages/airflow/example_dags/tutorial.py for tasks to queue
[2022-05-18 23:39:52,755] {logging_mixin.py:109} INFO - [2022-05-18 23:39:52,755] {dagbag.py:500} INFO - Filling up the DagBag from /home/airflow/.local/lib/python3.8/site-packages/airflow/example_dags/tutorial.py
[2022-05-18 23:39:52,793] {processor.py:654} INFO - DAG(s) dict_keys(['tutorial']) retrieved from /home/airflow/.local/lib/python3.8/site-packages/airflow/example_dags/tutorial.py
[2022-05-18 23:39:52,804] {logging_mixin.py:109} INFO - [2022-05-18 23:39:52,804] {dag.py:2398} INFO - Sync 1 DAGs
[2022-05-18 23:39:52,825] {logging_mixin.py:109} INFO - [2022-05-18 23:39:52,824] {dag.py:2937} INFO - Setting next_dagrun for tutorial to 2022-05-17T23:39:52.824264+00:00
[2022-05-18 23:39:52,843] {processor.py:171} INFO - Processing /home/airflow/.local/lib/python3.8/site-packages/airflow/example_dags/tutorial.py took 0.092 seconds
[2022-05-18 23:40:22,988] {processor.py:163} INFO - Started process (PID=2559) to work on /home/airflow/.local/lib/python3.8/site-packages/airflow/example_dags/tutorial.py
[2022-05-18 23:40:22,989] {processor.py:642} INFO - Processing file /home/airflow/.local/lib/python3.8/site-packages/airflow/example_dags/tutorial.py for tasks to queue
[2022-05-18 23:40:22,990] {logging_mixin.py:109} INFO - [2022-05-18 23:40:22,990] {dagbag.py:500} INFO - Filling up the DagBag from /home/airflow/.local/lib/python3.8/site-packages/airflow/example_dags/tutorial.py
[2022-05-18 23:40:23,021] {processor.py:654} INFO - DAG(s) dict_keys(['tutorial']) retrieved from /home/airflow/.local/lib/python3.8/site-packages/airflow/example_dags/tutorial.py
[2022-05-18 23:40:23,039] {logging_mixin.py:109} INFO - [2022-05-18 23:40:23,039] {dag.py:2398} INFO - Sync 1 DAGs
[2022-05-18 23:40:23,060] {logging_mixin.py:109} INFO - [2022-05-18 23:40:23,059] {dag.py:2937} INFO - Setting next_dagrun for tutorial to 2022-05-17T23:40:23.059574+00:00
[2022-05-18 23:40:23,072] {processor.py:171} INFO - Processing /home/airflow/.local/lib/python3.8/site-packages/airflow/example_dags/tutorial.py took 0.086 seconds
[2022-05-18 23:40:53,153] {processor.py:163} INFO - Started process (PID=2652) to work on /home/airflow/.local/lib/python3.8/site-packages/airflow/example_dags/tutorial.py
[2022-05-18 23:40:53,161] {processor.py:642} INFO - Processing file /home/airflow/.local/lib/python3.8/site-packages/airflow/example_dags/tutorial.py for tasks to queue
[2022-05-18 23:40:53,161] {logging_mixin.py:109} INFO - [2022-05-18 23:40:53,161] {dagbag.py:500} INFO - Filling up the DagBag from /home/airflow/.local/lib/python3.8/site-packages/airflow/example_dags/tutorial.py
[2022-05-18 23:40:53,189] {processor.py:654} INFO - DAG(s) dict_keys(['tutorial']) retrieved from /home/airflow/.local/lib/python3.8/site-packages/airflow/example_dags/tutorial.py
[2022-05-18 23:40:53,203] {logging_mixin.py:109} INFO - [2022-05-18 23:40:53,203] {dag.py:2398} INFO - Sync 1 DAGs
[2022-05-18 23:40:53,222] {logging_mixin.py:109} INFO - [2022-05-18 23:40:53,221] {dag.py:2937} INFO - Setting next_dagrun for tutorial to 2022-05-17T23:40:53.221584+00:00
[2022-05-18 23:40:53,241] {processor.py:171} INFO - Processing /home/airflow/.local/lib/python3.8/site-packages/airflow/example_dags/tutorial.py took 0.091 seconds
[2022-05-18 23:41:23,314] {processor.py:163} INFO - Started process (PID=2737) to work on /home/airflow/.local/lib/python3.8/site-packages/airflow/example_dags/tutorial.py
[2022-05-18 23:41:23,315] {processor.py:642} INFO - Processing file /home/airflow/.local/lib/python3.8/site-packages/airflow/example_dags/tutorial.py for tasks to queue
[2022-05-18 23:41:23,315] {logging_mixin.py:109} INFO - [2022-05-18 23:41:23,315] {dagbag.py:500} INFO - Filling up the DagBag from /home/airflow/.local/lib/python3.8/site-packages/airflow/example_dags/tutorial.py
[2022-05-18 23:41:23,341] {processor.py:654} INFO - DAG(s) dict_keys(['tutorial']) retrieved from /home/airflow/.local/lib/python3.8/site-packages/airflow/example_dags/tutorial.py
[2022-05-18 23:41:23,350] {logging_mixin.py:109} INFO - [2022-05-18 23:41:23,349] {dag.py:2398} INFO - Sync 1 DAGs
[2022-05-18 23:41:23,362] {logging_mixin.py:109} INFO - [2022-05-18 23:41:23,362] {dag.py:2937} INFO - Setting next_dagrun for tutorial to 2022-05-17T23:41:23.362267+00:00
[2022-05-18 23:41:23,374] {processor.py:171} INFO - Processing /home/airflow/.local/lib/python3.8/site-packages/airflow/example_dags/tutorial.py took 0.061 seconds
[2022-05-18 23:41:53,821] {processor.py:163} INFO - Started process (PID=2804) to work on /home/airflow/.local/lib/python3.8/site-packages/airflow/example_dags/tutorial.py
[2022-05-18 23:41:53,822] {processor.py:642} INFO - Processing file /home/airflow/.local/lib/python3.8/site-packages/airflow/example_dags/tutorial.py for tasks to queue
[2022-05-18 23:41:53,823] {logging_mixin.py:109} INFO - [2022-05-18 23:41:53,823] {dagbag.py:500} INFO - Filling up the DagBag from /home/airflow/.local/lib/python3.8/site-packages/airflow/example_dags/tutorial.py
[2022-05-18 23:41:53,857] {processor.py:654} INFO - DAG(s) dict_keys(['tutorial']) retrieved from /home/airflow/.local/lib/python3.8/site-packages/airflow/example_dags/tutorial.py
[2022-05-18 23:41:53,866] {logging_mixin.py:109} INFO - [2022-05-18 23:41:53,866] {dag.py:2398} INFO - Sync 1 DAGs
[2022-05-18 23:41:53,878] {logging_mixin.py:109} INFO - [2022-05-18 23:41:53,878] {dag.py:2937} INFO - Setting next_dagrun for tutorial to 2022-05-17T23:41:53.878461+00:00
[2022-05-18 23:41:53,890] {processor.py:171} INFO - Processing /home/airflow/.local/lib/python3.8/site-packages/airflow/example_dags/tutorial.py took 0.072 seconds
[2022-05-18 23:42:24,519] {processor.py:163} INFO - Started process (PID=2898) to work on /home/airflow/.local/lib/python3.8/site-packages/airflow/example_dags/tutorial.py
[2022-05-18 23:42:24,520] {processor.py:642} INFO - Processing file /home/airflow/.local/lib/python3.8/site-packages/airflow/example_dags/tutorial.py for tasks to queue
[2022-05-18 23:42:24,520] {logging_mixin.py:109} INFO - [2022-05-18 23:42:24,520] {dagbag.py:500} INFO - Filling up the DagBag from /home/airflow/.local/lib/python3.8/site-packages/airflow/example_dags/tutorial.py
[2022-05-18 23:42:24,544] {processor.py:654} INFO - DAG(s) dict_keys(['tutorial']) retrieved from /home/airflow/.local/lib/python3.8/site-packages/airflow/example_dags/tutorial.py
[2022-05-18 23:42:24,551] {logging_mixin.py:109} INFO - [2022-05-18 23:42:24,551] {dag.py:2398} INFO - Sync 1 DAGs
[2022-05-18 23:42:24,564] {logging_mixin.py:109} INFO - [2022-05-18 23:42:24,564] {dag.py:2937} INFO - Setting next_dagrun for tutorial to 2022-05-17T23:42:24.563907+00:00
[2022-05-18 23:42:24,574] {processor.py:171} INFO - Processing /home/airflow/.local/lib/python3.8/site-packages/airflow/example_dags/tutorial.py took 0.058 seconds
[2022-05-18 23:42:54,923] {processor.py:163} INFO - Started process (PID=2983) to work on /home/airflow/.local/lib/python3.8/site-packages/airflow/example_dags/tutorial.py
[2022-05-18 23:42:54,925] {processor.py:642} INFO - Processing file /home/airflow/.local/lib/python3.8/site-packages/airflow/example_dags/tutorial.py for tasks to queue
[2022-05-18 23:42:54,925] {logging_mixin.py:109} INFO - [2022-05-18 23:42:54,925] {dagbag.py:500} INFO - Filling up the DagBag from /home/airflow/.local/lib/python3.8/site-packages/airflow/example_dags/tutorial.py
[2022-05-18 23:42:54,948] {processor.py:654} INFO - DAG(s) dict_keys(['tutorial']) retrieved from /home/airflow/.local/lib/python3.8/site-packages/airflow/example_dags/tutorial.py
[2022-05-18 23:42:54,956] {logging_mixin.py:109} INFO - [2022-05-18 23:42:54,956] {dag.py:2398} INFO - Sync 1 DAGs
[2022-05-18 23:42:54,969] {logging_mixin.py:109} INFO - [2022-05-18 23:42:54,969] {dag.py:2937} INFO - Setting next_dagrun for tutorial to 2022-05-17T23:42:54.969230+00:00
[2022-05-18 23:42:54,980] {processor.py:171} INFO - Processing /home/airflow/.local/lib/python3.8/site-packages/airflow/example_dags/tutorial.py took 0.059 seconds
[2022-05-18 23:43:26,174] {processor.py:163} INFO - Started process (PID=3068) to work on /home/airflow/.local/lib/python3.8/site-packages/airflow/example_dags/tutorial.py
[2022-05-18 23:43:26,175] {processor.py:642} INFO - Processing file /home/airflow/.local/lib/python3.8/site-packages/airflow/example_dags/tutorial.py for tasks to queue
[2022-05-18 23:43:26,176] {logging_mixin.py:109} INFO - [2022-05-18 23:43:26,176] {dagbag.py:500} INFO - Filling up the DagBag from /home/airflow/.local/lib/python3.8/site-packages/airflow/example_dags/tutorial.py
[2022-05-18 23:43:26,207] {processor.py:654} INFO - DAG(s) dict_keys(['tutorial']) retrieved from /home/airflow/.local/lib/python3.8/site-packages/airflow/example_dags/tutorial.py
[2022-05-18 23:43:26,216] {logging_mixin.py:109} INFO - [2022-05-18 23:43:26,216] {dag.py:2398} INFO - Sync 1 DAGs
[2022-05-18 23:43:26,230] {logging_mixin.py:109} INFO - [2022-05-18 23:43:26,230] {dag.py:2937} INFO - Setting next_dagrun for tutorial to 2022-05-17T23:43:26.230429+00:00
[2022-05-18 23:43:26,242] {processor.py:171} INFO - Processing /home/airflow/.local/lib/python3.8/site-packages/airflow/example_dags/tutorial.py took 0.069 seconds
[2022-05-18 23:43:57,325] {processor.py:163} INFO - Started process (PID=3180) to work on /home/airflow/.local/lib/python3.8/site-packages/airflow/example_dags/tutorial.py
[2022-05-18 23:43:57,327] {processor.py:642} INFO - Processing file /home/airflow/.local/lib/python3.8/site-packages/airflow/example_dags/tutorial.py for tasks to queue
[2022-05-18 23:43:57,331] {logging_mixin.py:109} INFO - [2022-05-18 23:43:57,331] {dagbag.py:500} INFO - Filling up the DagBag from /home/airflow/.local/lib/python3.8/site-packages/airflow/example_dags/tutorial.py
[2022-05-18 23:43:57,381] {processor.py:654} INFO - DAG(s) dict_keys(['tutorial']) retrieved from /home/airflow/.local/lib/python3.8/site-packages/airflow/example_dags/tutorial.py
[2022-05-18 23:43:57,390] {logging_mixin.py:109} INFO - [2022-05-18 23:43:57,390] {dag.py:2398} INFO - Sync 1 DAGs
[2022-05-18 23:43:57,403] {logging_mixin.py:109} INFO - [2022-05-18 23:43:57,403] {dag.py:2937} INFO - Setting next_dagrun for tutorial to 2022-05-17T23:43:57.403397+00:00
[2022-05-18 23:43:57,414] {processor.py:171} INFO - Processing /home/airflow/.local/lib/python3.8/site-packages/airflow/example_dags/tutorial.py took 0.092 seconds
[2022-05-18 23:44:28,303] {processor.py:163} INFO - Started process (PID=3283) to work on /home/airflow/.local/lib/python3.8/site-packages/airflow/example_dags/tutorial.py
[2022-05-18 23:44:28,304] {processor.py:642} INFO - Processing file /home/airflow/.local/lib/python3.8/site-packages/airflow/example_dags/tutorial.py for tasks to queue
[2022-05-18 23:44:28,305] {logging_mixin.py:109} INFO - [2022-05-18 23:44:28,305] {dagbag.py:500} INFO - Filling up the DagBag from /home/airflow/.local/lib/python3.8/site-packages/airflow/example_dags/tutorial.py
[2022-05-18 23:44:28,329] {processor.py:654} INFO - DAG(s) dict_keys(['tutorial']) retrieved from /home/airflow/.local/lib/python3.8/site-packages/airflow/example_dags/tutorial.py
[2022-05-18 23:44:28,337] {logging_mixin.py:109} INFO - [2022-05-18 23:44:28,337] {dag.py:2398} INFO - Sync 1 DAGs
[2022-05-18 23:44:28,350] {logging_mixin.py:109} INFO - [2022-05-18 23:44:28,350] {dag.py:2937} INFO - Setting next_dagrun for tutorial to 2022-05-17T23:44:28.350468+00:00
[2022-05-18 23:44:28,362] {processor.py:171} INFO - Processing /home/airflow/.local/lib/python3.8/site-packages/airflow/example_dags/tutorial.py took 0.061 seconds
[2022-05-18 23:44:59,384] {processor.py:163} INFO - Started process (PID=3394) to work on /home/airflow/.local/lib/python3.8/site-packages/airflow/example_dags/tutorial.py
[2022-05-18 23:44:59,386] {processor.py:642} INFO - Processing file /home/airflow/.local/lib/python3.8/site-packages/airflow/example_dags/tutorial.py for tasks to queue
[2022-05-18 23:44:59,387] {logging_mixin.py:109} INFO - [2022-05-18 23:44:59,386] {dagbag.py:500} INFO - Filling up the DagBag from /home/airflow/.local/lib/python3.8/site-packages/airflow/example_dags/tutorial.py
[2022-05-18 23:44:59,420] {processor.py:654} INFO - DAG(s) dict_keys(['tutorial']) retrieved from /home/airflow/.local/lib/python3.8/site-packages/airflow/example_dags/tutorial.py
[2022-05-18 23:44:59,432] {logging_mixin.py:109} INFO - [2022-05-18 23:44:59,432] {dag.py:2398} INFO - Sync 1 DAGs
[2022-05-18 23:44:59,446] {logging_mixin.py:109} INFO - [2022-05-18 23:44:59,446] {dag.py:2937} INFO - Setting next_dagrun for tutorial to 2022-05-17T23:44:59.446411+00:00
[2022-05-18 23:44:59,457] {processor.py:171} INFO - Processing /home/airflow/.local/lib/python3.8/site-packages/airflow/example_dags/tutorial.py took 0.074 seconds
[2022-05-18 23:45:29,740] {processor.py:163} INFO - Started process (PID=3480) to work on /home/airflow/.local/lib/python3.8/site-packages/airflow/example_dags/tutorial.py
[2022-05-18 23:45:29,742] {processor.py:642} INFO - Processing file /home/airflow/.local/lib/python3.8/site-packages/airflow/example_dags/tutorial.py for tasks to queue
[2022-05-18 23:45:29,743] {logging_mixin.py:109} INFO - [2022-05-18 23:45:29,743] {dagbag.py:500} INFO - Filling up the DagBag from /home/airflow/.local/lib/python3.8/site-packages/airflow/example_dags/tutorial.py
[2022-05-18 23:45:29,777] {processor.py:654} INFO - DAG(s) dict_keys(['tutorial']) retrieved from /home/airflow/.local/lib/python3.8/site-packages/airflow/example_dags/tutorial.py
[2022-05-18 23:45:29,789] {logging_mixin.py:109} INFO - [2022-05-18 23:45:29,789] {dag.py:2398} INFO - Sync 1 DAGs
[2022-05-18 23:45:29,805] {logging_mixin.py:109} INFO - [2022-05-18 23:45:29,805] {dag.py:2937} INFO - Setting next_dagrun for tutorial to 2022-05-17T23:45:29.805336+00:00
[2022-05-18 23:45:29,819] {processor.py:171} INFO - Processing /home/airflow/.local/lib/python3.8/site-packages/airflow/example_dags/tutorial.py took 0.081 seconds
[2022-05-18 23:46:00,173] {processor.py:163} INFO - Started process (PID=3565) to work on /home/airflow/.local/lib/python3.8/site-packages/airflow/example_dags/tutorial.py
[2022-05-18 23:46:00,174] {processor.py:642} INFO - Processing file /home/airflow/.local/lib/python3.8/site-packages/airflow/example_dags/tutorial.py for tasks to queue
[2022-05-18 23:46:00,174] {logging_mixin.py:109} INFO - [2022-05-18 23:46:00,174] {dagbag.py:500} INFO - Filling up the DagBag from /home/airflow/.local/lib/python3.8/site-packages/airflow/example_dags/tutorial.py
[2022-05-18 23:46:00,214] {processor.py:654} INFO - DAG(s) dict_keys(['tutorial']) retrieved from /home/airflow/.local/lib/python3.8/site-packages/airflow/example_dags/tutorial.py
[2022-05-18 23:46:00,226] {logging_mixin.py:109} INFO - [2022-05-18 23:46:00,226] {dag.py:2398} INFO - Sync 1 DAGs
[2022-05-18 23:46:00,244] {logging_mixin.py:109} INFO - [2022-05-18 23:46:00,243] {dag.py:2937} INFO - Setting next_dagrun for tutorial to 2022-05-17T23:46:00.243474+00:00
[2022-05-18 23:46:00,257] {processor.py:171} INFO - Processing /home/airflow/.local/lib/python3.8/site-packages/airflow/example_dags/tutorial.py took 0.087 seconds
[2022-05-18 23:46:31,484] {processor.py:163} INFO - Started process (PID=3677) to work on /home/airflow/.local/lib/python3.8/site-packages/airflow/example_dags/tutorial.py
[2022-05-18 23:46:31,485] {processor.py:642} INFO - Processing file /home/airflow/.local/lib/python3.8/site-packages/airflow/example_dags/tutorial.py for tasks to queue
[2022-05-18 23:46:31,486] {logging_mixin.py:109} INFO - [2022-05-18 23:46:31,486] {dagbag.py:500} INFO - Filling up the DagBag from /home/airflow/.local/lib/python3.8/site-packages/airflow/example_dags/tutorial.py
[2022-05-18 23:46:31,521] {processor.py:654} INFO - DAG(s) dict_keys(['tutorial']) retrieved from /home/airflow/.local/lib/python3.8/site-packages/airflow/example_dags/tutorial.py
[2022-05-18 23:46:31,534] {logging_mixin.py:109} INFO - [2022-05-18 23:46:31,533] {dag.py:2398} INFO - Sync 1 DAGs
[2022-05-18 23:46:31,553] {logging_mixin.py:109} INFO - [2022-05-18 23:46:31,553] {dag.py:2937} INFO - Setting next_dagrun for tutorial to 2022-05-17T23:46:31.553094+00:00
[2022-05-18 23:46:31,565] {processor.py:171} INFO - Processing /home/airflow/.local/lib/python3.8/site-packages/airflow/example_dags/tutorial.py took 0.084 seconds
[2022-05-18 23:47:02,058] {processor.py:163} INFO - Started process (PID=3780) to work on /home/airflow/.local/lib/python3.8/site-packages/airflow/example_dags/tutorial.py
[2022-05-18 23:47:02,059] {processor.py:642} INFO - Processing file /home/airflow/.local/lib/python3.8/site-packages/airflow/example_dags/tutorial.py for tasks to queue
[2022-05-18 23:47:02,059] {logging_mixin.py:109} INFO - [2022-05-18 23:47:02,059] {dagbag.py:500} INFO - Filling up the DagBag from /home/airflow/.local/lib/python3.8/site-packages/airflow/example_dags/tutorial.py
[2022-05-18 23:47:02,089] {processor.py:654} INFO - DAG(s) dict_keys(['tutorial']) retrieved from /home/airflow/.local/lib/python3.8/site-packages/airflow/example_dags/tutorial.py
[2022-05-18 23:47:02,101] {logging_mixin.py:109} INFO - [2022-05-18 23:47:02,101] {dag.py:2398} INFO - Sync 1 DAGs
[2022-05-18 23:47:02,118] {logging_mixin.py:109} INFO - [2022-05-18 23:47:02,118] {dag.py:2937} INFO - Setting next_dagrun for tutorial to 2022-05-17T23:47:02.118241+00:00
[2022-05-18 23:47:02,131] {processor.py:171} INFO - Processing /home/airflow/.local/lib/python3.8/site-packages/airflow/example_dags/tutorial.py took 0.075 seconds
[2022-05-18 23:47:32,853] {processor.py:163} INFO - Started process (PID=3865) to work on /home/airflow/.local/lib/python3.8/site-packages/airflow/example_dags/tutorial.py
[2022-05-18 23:47:32,855] {processor.py:642} INFO - Processing file /home/airflow/.local/lib/python3.8/site-packages/airflow/example_dags/tutorial.py for tasks to queue
[2022-05-18 23:47:32,856] {logging_mixin.py:109} INFO - [2022-05-18 23:47:32,855] {dagbag.py:500} INFO - Filling up the DagBag from /home/airflow/.local/lib/python3.8/site-packages/airflow/example_dags/tutorial.py
[2022-05-18 23:47:32,885] {processor.py:654} INFO - DAG(s) dict_keys(['tutorial']) retrieved from /home/airflow/.local/lib/python3.8/site-packages/airflow/example_dags/tutorial.py
[2022-05-18 23:47:32,895] {logging_mixin.py:109} INFO - [2022-05-18 23:47:32,895] {dag.py:2398} INFO - Sync 1 DAGs
[2022-05-18 23:47:32,911] {logging_mixin.py:109} INFO - [2022-05-18 23:47:32,911] {dag.py:2937} INFO - Setting next_dagrun for tutorial to 2022-05-17T23:47:32.911080+00:00
[2022-05-18 23:47:32,921] {processor.py:171} INFO - Processing /home/airflow/.local/lib/python3.8/site-packages/airflow/example_dags/tutorial.py took 0.069 seconds
[2022-05-18 23:48:03,397] {processor.py:163} INFO - Started process (PID=3958) to work on /home/airflow/.local/lib/python3.8/site-packages/airflow/example_dags/tutorial.py
[2022-05-18 23:48:03,398] {processor.py:642} INFO - Processing file /home/airflow/.local/lib/python3.8/site-packages/airflow/example_dags/tutorial.py for tasks to queue
[2022-05-18 23:48:03,399] {logging_mixin.py:109} INFO - [2022-05-18 23:48:03,398] {dagbag.py:500} INFO - Filling up the DagBag from /home/airflow/.local/lib/python3.8/site-packages/airflow/example_dags/tutorial.py
[2022-05-18 23:48:03,429] {processor.py:654} INFO - DAG(s) dict_keys(['tutorial']) retrieved from /home/airflow/.local/lib/python3.8/site-packages/airflow/example_dags/tutorial.py
[2022-05-18 23:48:03,437] {logging_mixin.py:109} INFO - [2022-05-18 23:48:03,437] {dag.py:2398} INFO - Sync 1 DAGs
[2022-05-18 23:48:03,452] {logging_mixin.py:109} INFO - [2022-05-18 23:48:03,452] {dag.py:2937} INFO - Setting next_dagrun for tutorial to 2022-05-17T23:48:03.451856+00:00
[2022-05-18 23:48:03,462] {processor.py:171} INFO - Processing /home/airflow/.local/lib/python3.8/site-packages/airflow/example_dags/tutorial.py took 0.068 seconds
[2022-05-18 23:48:34,741] {processor.py:163} INFO - Started process (PID=4043) to work on /home/airflow/.local/lib/python3.8/site-packages/airflow/example_dags/tutorial.py
[2022-05-18 23:48:34,743] {processor.py:642} INFO - Processing file /home/airflow/.local/lib/python3.8/site-packages/airflow/example_dags/tutorial.py for tasks to queue
[2022-05-18 23:48:34,743] {logging_mixin.py:109} INFO - [2022-05-18 23:48:34,743] {dagbag.py:500} INFO - Filling up the DagBag from /home/airflow/.local/lib/python3.8/site-packages/airflow/example_dags/tutorial.py
[2022-05-18 23:48:34,793] {processor.py:654} INFO - DAG(s) dict_keys(['tutorial']) retrieved from /home/airflow/.local/lib/python3.8/site-packages/airflow/example_dags/tutorial.py
[2022-05-18 23:48:34,815] {logging_mixin.py:109} INFO - [2022-05-18 23:48:34,814] {dag.py:2398} INFO - Sync 1 DAGs
[2022-05-18 23:48:34,837] {logging_mixin.py:109} INFO - [2022-05-18 23:48:34,837] {dag.py:2937} INFO - Setting next_dagrun for tutorial to 2022-05-17T23:48:34.837199+00:00
[2022-05-18 23:48:34,855] {processor.py:171} INFO - Processing /home/airflow/.local/lib/python3.8/site-packages/airflow/example_dags/tutorial.py took 0.117 seconds
[2022-05-18 23:49:06,147] {processor.py:163} INFO - Started process (PID=4136) to work on /home/airflow/.local/lib/python3.8/site-packages/airflow/example_dags/tutorial.py
[2022-05-18 23:49:06,149] {processor.py:642} INFO - Processing file /home/airflow/.local/lib/python3.8/site-packages/airflow/example_dags/tutorial.py for tasks to queue
[2022-05-18 23:49:06,149] {logging_mixin.py:109} INFO - [2022-05-18 23:49:06,149] {dagbag.py:500} INFO - Filling up the DagBag from /home/airflow/.local/lib/python3.8/site-packages/airflow/example_dags/tutorial.py
[2022-05-18 23:49:06,185] {processor.py:654} INFO - DAG(s) dict_keys(['tutorial']) retrieved from /home/airflow/.local/lib/python3.8/site-packages/airflow/example_dags/tutorial.py
[2022-05-18 23:49:06,195] {logging_mixin.py:109} INFO - [2022-05-18 23:49:06,195] {dag.py:2398} INFO - Sync 1 DAGs
[2022-05-18 23:49:06,212] {logging_mixin.py:109} INFO - [2022-05-18 23:49:06,212] {dag.py:2937} INFO - Setting next_dagrun for tutorial to 2022-05-17T23:49:06.212122+00:00
[2022-05-18 23:49:06,223] {processor.py:171} INFO - Processing /home/airflow/.local/lib/python3.8/site-packages/airflow/example_dags/tutorial.py took 0.079 seconds
[2022-05-18 23:49:37,488] {processor.py:163} INFO - Started process (PID=4220) to work on /home/airflow/.local/lib/python3.8/site-packages/airflow/example_dags/tutorial.py
[2022-05-18 23:49:37,489] {processor.py:642} INFO - Processing file /home/airflow/.local/lib/python3.8/site-packages/airflow/example_dags/tutorial.py for tasks to queue
[2022-05-18 23:49:37,490] {logging_mixin.py:109} INFO - [2022-05-18 23:49:37,489] {dagbag.py:500} INFO - Filling up the DagBag from /home/airflow/.local/lib/python3.8/site-packages/airflow/example_dags/tutorial.py
[2022-05-18 23:49:37,519] {processor.py:654} INFO - DAG(s) dict_keys(['tutorial']) retrieved from /home/airflow/.local/lib/python3.8/site-packages/airflow/example_dags/tutorial.py
[2022-05-18 23:49:37,531] {logging_mixin.py:109} INFO - [2022-05-18 23:49:37,531] {dag.py:2398} INFO - Sync 1 DAGs
[2022-05-18 23:49:37,552] {logging_mixin.py:109} INFO - [2022-05-18 23:49:37,552] {dag.py:2937} INFO - Setting next_dagrun for tutorial to 2022-05-17T23:49:37.551900+00:00
[2022-05-18 23:49:37,563] {processor.py:171} INFO - Processing /home/airflow/.local/lib/python3.8/site-packages/airflow/example_dags/tutorial.py took 0.077 seconds
[2022-05-18 23:50:08,240] {processor.py:163} INFO - Started process (PID=4305) to work on /home/airflow/.local/lib/python3.8/site-packages/airflow/example_dags/tutorial.py
[2022-05-18 23:50:08,242] {processor.py:642} INFO - Processing file /home/airflow/.local/lib/python3.8/site-packages/airflow/example_dags/tutorial.py for tasks to queue
[2022-05-18 23:50:08,242] {logging_mixin.py:109} INFO - [2022-05-18 23:50:08,242] {dagbag.py:500} INFO - Filling up the DagBag from /home/airflow/.local/lib/python3.8/site-packages/airflow/example_dags/tutorial.py
[2022-05-18 23:50:08,270] {processor.py:654} INFO - DAG(s) dict_keys(['tutorial']) retrieved from /home/airflow/.local/lib/python3.8/site-packages/airflow/example_dags/tutorial.py
[2022-05-18 23:50:08,280] {logging_mixin.py:109} INFO - [2022-05-18 23:50:08,280] {dag.py:2398} INFO - Sync 1 DAGs
[2022-05-18 23:50:08,297] {logging_mixin.py:109} INFO - [2022-05-18 23:50:08,297] {dag.py:2937} INFO - Setting next_dagrun for tutorial to 2022-05-17T23:50:08.296854+00:00
[2022-05-18 23:50:08,308] {processor.py:171} INFO - Processing /home/airflow/.local/lib/python3.8/site-packages/airflow/example_dags/tutorial.py took 0.070 seconds
[2022-05-18 23:50:39,139] {processor.py:163} INFO - Started process (PID=4416) to work on /home/airflow/.local/lib/python3.8/site-packages/airflow/example_dags/tutorial.py
[2022-05-18 23:50:39,141] {processor.py:642} INFO - Processing file /home/airflow/.local/lib/python3.8/site-packages/airflow/example_dags/tutorial.py for tasks to queue
[2022-05-18 23:50:39,141] {logging_mixin.py:109} INFO - [2022-05-18 23:50:39,141] {dagbag.py:500} INFO - Filling up the DagBag from /home/airflow/.local/lib/python3.8/site-packages/airflow/example_dags/tutorial.py
[2022-05-18 23:50:39,199] {processor.py:654} INFO - DAG(s) dict_keys(['tutorial']) retrieved from /home/airflow/.local/lib/python3.8/site-packages/airflow/example_dags/tutorial.py
[2022-05-18 23:50:39,215] {logging_mixin.py:109} INFO - [2022-05-18 23:50:39,215] {dag.py:2398} INFO - Sync 1 DAGs
[2022-05-18 23:50:39,239] {logging_mixin.py:109} INFO - [2022-05-18 23:50:39,238] {dag.py:2937} INFO - Setting next_dagrun for tutorial to 2022-05-17T23:50:39.237905+00:00
[2022-05-18 23:50:39,261] {processor.py:171} INFO - Processing /home/airflow/.local/lib/python3.8/site-packages/airflow/example_dags/tutorial.py took 0.125 seconds
[2022-05-18 23:51:09,726] {processor.py:163} INFO - Started process (PID=4501) to work on /home/airflow/.local/lib/python3.8/site-packages/airflow/example_dags/tutorial.py
[2022-05-18 23:51:09,731] {processor.py:642} INFO - Processing file /home/airflow/.local/lib/python3.8/site-packages/airflow/example_dags/tutorial.py for tasks to queue
[2022-05-18 23:51:09,732] {logging_mixin.py:109} INFO - [2022-05-18 23:51:09,732] {dagbag.py:500} INFO - Filling up the DagBag from /home/airflow/.local/lib/python3.8/site-packages/airflow/example_dags/tutorial.py
[2022-05-18 23:51:09,784] {processor.py:654} INFO - DAG(s) dict_keys(['tutorial']) retrieved from /home/airflow/.local/lib/python3.8/site-packages/airflow/example_dags/tutorial.py
[2022-05-18 23:51:09,793] {logging_mixin.py:109} INFO - [2022-05-18 23:51:09,793] {dag.py:2398} INFO - Sync 1 DAGs
[2022-05-18 23:51:09,813] {logging_mixin.py:109} INFO - [2022-05-18 23:51:09,813] {dag.py:2937} INFO - Setting next_dagrun for tutorial to 2022-05-17T23:51:09.813185+00:00
[2022-05-18 23:51:09,828] {processor.py:171} INFO - Processing /home/airflow/.local/lib/python3.8/site-packages/airflow/example_dags/tutorial.py took 0.105 seconds
[2022-05-18 23:51:40,366] {processor.py:163} INFO - Started process (PID=4586) to work on /home/airflow/.local/lib/python3.8/site-packages/airflow/example_dags/tutorial.py
[2022-05-18 23:51:40,367] {processor.py:642} INFO - Processing file /home/airflow/.local/lib/python3.8/site-packages/airflow/example_dags/tutorial.py for tasks to queue
[2022-05-18 23:51:40,368] {logging_mixin.py:109} INFO - [2022-05-18 23:51:40,368] {dagbag.py:500} INFO - Filling up the DagBag from /home/airflow/.local/lib/python3.8/site-packages/airflow/example_dags/tutorial.py
[2022-05-18 23:51:40,395] {processor.py:654} INFO - DAG(s) dict_keys(['tutorial']) retrieved from /home/airflow/.local/lib/python3.8/site-packages/airflow/example_dags/tutorial.py
[2022-05-18 23:51:40,408] {logging_mixin.py:109} INFO - [2022-05-18 23:51:40,408] {dag.py:2398} INFO - Sync 1 DAGs
[2022-05-18 23:51:40,425] {logging_mixin.py:109} INFO - [2022-05-18 23:51:40,424] {dag.py:2937} INFO - Setting next_dagrun for tutorial to 2022-05-17T23:51:40.424491+00:00
[2022-05-18 23:51:40,440] {processor.py:171} INFO - Processing /home/airflow/.local/lib/python3.8/site-packages/airflow/example_dags/tutorial.py took 0.076 seconds
[2022-05-18 23:52:11,420] {processor.py:163} INFO - Started process (PID=4680) to work on /home/airflow/.local/lib/python3.8/site-packages/airflow/example_dags/tutorial.py
[2022-05-18 23:52:11,421] {processor.py:642} INFO - Processing file /home/airflow/.local/lib/python3.8/site-packages/airflow/example_dags/tutorial.py for tasks to queue
[2022-05-18 23:52:11,422] {logging_mixin.py:109} INFO - [2022-05-18 23:52:11,422] {dagbag.py:500} INFO - Filling up the DagBag from /home/airflow/.local/lib/python3.8/site-packages/airflow/example_dags/tutorial.py
[2022-05-18 23:52:11,454] {processor.py:654} INFO - DAG(s) dict_keys(['tutorial']) retrieved from /home/airflow/.local/lib/python3.8/site-packages/airflow/example_dags/tutorial.py
[2022-05-18 23:52:11,464] {logging_mixin.py:109} INFO - [2022-05-18 23:52:11,464] {dag.py:2398} INFO - Sync 1 DAGs
[2022-05-18 23:52:11,482] {logging_mixin.py:109} INFO - [2022-05-18 23:52:11,482] {dag.py:2937} INFO - Setting next_dagrun for tutorial to 2022-05-17T23:52:11.481930+00:00
[2022-05-18 23:52:11,494] {processor.py:171} INFO - Processing /home/airflow/.local/lib/python3.8/site-packages/airflow/example_dags/tutorial.py took 0.076 seconds
[2022-05-18 23:52:41,861] {processor.py:163} INFO - Started process (PID=4765) to work on /home/airflow/.local/lib/python3.8/site-packages/airflow/example_dags/tutorial.py
[2022-05-18 23:52:41,862] {processor.py:642} INFO - Processing file /home/airflow/.local/lib/python3.8/site-packages/airflow/example_dags/tutorial.py for tasks to queue
[2022-05-18 23:52:41,863] {logging_mixin.py:109} INFO - [2022-05-18 23:52:41,863] {dagbag.py:500} INFO - Filling up the DagBag from /home/airflow/.local/lib/python3.8/site-packages/airflow/example_dags/tutorial.py
[2022-05-18 23:52:41,896] {processor.py:654} INFO - DAG(s) dict_keys(['tutorial']) retrieved from /home/airflow/.local/lib/python3.8/site-packages/airflow/example_dags/tutorial.py
[2022-05-18 23:52:41,908] {logging_mixin.py:109} INFO - [2022-05-18 23:52:41,908] {dag.py:2398} INFO - Sync 1 DAGs
[2022-05-18 23:52:41,921] {logging_mixin.py:109} INFO - [2022-05-18 23:52:41,921] {dag.py:2937} INFO - Setting next_dagrun for tutorial to 2022-05-17T23:52:41.920974+00:00
[2022-05-18 23:52:41,933] {processor.py:171} INFO - Processing /home/airflow/.local/lib/python3.8/site-packages/airflow/example_dags/tutorial.py took 0.075 seconds
[2022-05-18 23:53:12,709] {processor.py:163} INFO - Started process (PID=4850) to work on /home/airflow/.local/lib/python3.8/site-packages/airflow/example_dags/tutorial.py
[2022-05-18 23:53:12,710] {processor.py:642} INFO - Processing file /home/airflow/.local/lib/python3.8/site-packages/airflow/example_dags/tutorial.py for tasks to queue
[2022-05-18 23:53:12,711] {logging_mixin.py:109} INFO - [2022-05-18 23:53:12,711] {dagbag.py:500} INFO - Filling up the DagBag from /home/airflow/.local/lib/python3.8/site-packages/airflow/example_dags/tutorial.py
[2022-05-18 23:53:12,739] {processor.py:654} INFO - DAG(s) dict_keys(['tutorial']) retrieved from /home/airflow/.local/lib/python3.8/site-packages/airflow/example_dags/tutorial.py
[2022-05-18 23:53:12,748] {logging_mixin.py:109} INFO - [2022-05-18 23:53:12,748] {dag.py:2398} INFO - Sync 1 DAGs
[2022-05-18 23:53:12,764] {logging_mixin.py:109} INFO - [2022-05-18 23:53:12,764] {dag.py:2937} INFO - Setting next_dagrun for tutorial to 2022-05-17T23:53:12.764055+00:00
[2022-05-18 23:53:12,775] {processor.py:171} INFO - Processing /home/airflow/.local/lib/python3.8/site-packages/airflow/example_dags/tutorial.py took 0.069 seconds
[2022-05-18 23:53:44,008] {processor.py:163} INFO - Started process (PID=4944) to work on /home/airflow/.local/lib/python3.8/site-packages/airflow/example_dags/tutorial.py
[2022-05-18 23:53:44,009] {processor.py:642} INFO - Processing file /home/airflow/.local/lib/python3.8/site-packages/airflow/example_dags/tutorial.py for tasks to queue
[2022-05-18 23:53:44,010] {logging_mixin.py:109} INFO - [2022-05-18 23:53:44,010] {dagbag.py:500} INFO - Filling up the DagBag from /home/airflow/.local/lib/python3.8/site-packages/airflow/example_dags/tutorial.py
[2022-05-18 23:53:44,050] {processor.py:654} INFO - DAG(s) dict_keys(['tutorial']) retrieved from /home/airflow/.local/lib/python3.8/site-packages/airflow/example_dags/tutorial.py
[2022-05-18 23:53:44,062] {logging_mixin.py:109} INFO - [2022-05-18 23:53:44,062] {dag.py:2398} INFO - Sync 1 DAGs
[2022-05-18 23:53:44,075] {logging_mixin.py:109} INFO - [2022-05-18 23:53:44,075] {dag.py:2937} INFO - Setting next_dagrun for tutorial to 2022-05-17T23:53:44.075209+00:00
[2022-05-18 23:53:44,085] {processor.py:171} INFO - Processing /home/airflow/.local/lib/python3.8/site-packages/airflow/example_dags/tutorial.py took 0.080 seconds
[2022-05-18 23:54:14,587] {processor.py:163} INFO - Started process (PID=5029) to work on /home/airflow/.local/lib/python3.8/site-packages/airflow/example_dags/tutorial.py
[2022-05-18 23:54:14,589] {processor.py:642} INFO - Processing file /home/airflow/.local/lib/python3.8/site-packages/airflow/example_dags/tutorial.py for tasks to queue
[2022-05-18 23:54:14,589] {logging_mixin.py:109} INFO - [2022-05-18 23:54:14,589] {dagbag.py:500} INFO - Filling up the DagBag from /home/airflow/.local/lib/python3.8/site-packages/airflow/example_dags/tutorial.py
[2022-05-18 23:54:14,622] {processor.py:654} INFO - DAG(s) dict_keys(['tutorial']) retrieved from /home/airflow/.local/lib/python3.8/site-packages/airflow/example_dags/tutorial.py
[2022-05-18 23:54:14,631] {logging_mixin.py:109} INFO - [2022-05-18 23:54:14,631] {dag.py:2398} INFO - Sync 1 DAGs
[2022-05-18 23:54:14,648] {logging_mixin.py:109} INFO - [2022-05-18 23:54:14,648] {dag.py:2937} INFO - Setting next_dagrun for tutorial to 2022-05-17T23:54:14.648305+00:00
[2022-05-18 23:54:14,661] {processor.py:171} INFO - Processing /home/airflow/.local/lib/python3.8/site-packages/airflow/example_dags/tutorial.py took 0.077 seconds
[2022-05-18 23:54:45,530] {processor.py:163} INFO - Started process (PID=5123) to work on /home/airflow/.local/lib/python3.8/site-packages/airflow/example_dags/tutorial.py
[2022-05-18 23:54:45,531] {processor.py:642} INFO - Processing file /home/airflow/.local/lib/python3.8/site-packages/airflow/example_dags/tutorial.py for tasks to queue
[2022-05-18 23:54:45,531] {logging_mixin.py:109} INFO - [2022-05-18 23:54:45,531] {dagbag.py:500} INFO - Filling up the DagBag from /home/airflow/.local/lib/python3.8/site-packages/airflow/example_dags/tutorial.py
[2022-05-18 23:54:45,558] {processor.py:654} INFO - DAG(s) dict_keys(['tutorial']) retrieved from /home/airflow/.local/lib/python3.8/site-packages/airflow/example_dags/tutorial.py
[2022-05-18 23:54:45,567] {logging_mixin.py:109} INFO - [2022-05-18 23:54:45,567] {dag.py:2398} INFO - Sync 1 DAGs
[2022-05-18 23:54:45,582] {logging_mixin.py:109} INFO - [2022-05-18 23:54:45,582] {dag.py:2937} INFO - Setting next_dagrun for tutorial to 2022-05-17T23:54:45.581946+00:00
[2022-05-18 23:54:45,594] {processor.py:171} INFO - Processing /home/airflow/.local/lib/python3.8/site-packages/airflow/example_dags/tutorial.py took 0.066 seconds
[2022-05-18 23:55:16,364] {processor.py:163} INFO - Started process (PID=5208) to work on /home/airflow/.local/lib/python3.8/site-packages/airflow/example_dags/tutorial.py
[2022-05-18 23:55:16,365] {processor.py:642} INFO - Processing file /home/airflow/.local/lib/python3.8/site-packages/airflow/example_dags/tutorial.py for tasks to queue
[2022-05-18 23:55:16,366] {logging_mixin.py:109} INFO - [2022-05-18 23:55:16,366] {dagbag.py:500} INFO - Filling up the DagBag from /home/airflow/.local/lib/python3.8/site-packages/airflow/example_dags/tutorial.py
[2022-05-18 23:55:16,389] {processor.py:654} INFO - DAG(s) dict_keys(['tutorial']) retrieved from /home/airflow/.local/lib/python3.8/site-packages/airflow/example_dags/tutorial.py
[2022-05-18 23:55:16,400] {logging_mixin.py:109} INFO - [2022-05-18 23:55:16,400] {dag.py:2398} INFO - Sync 1 DAGs
[2022-05-18 23:55:16,414] {logging_mixin.py:109} INFO - [2022-05-18 23:55:16,414] {dag.py:2937} INFO - Setting next_dagrun for tutorial to 2022-05-17T23:55:16.414305+00:00
[2022-05-18 23:55:16,425] {processor.py:171} INFO - Processing /home/airflow/.local/lib/python3.8/site-packages/airflow/example_dags/tutorial.py took 0.063 seconds
[2022-05-18 23:55:47,361] {processor.py:163} INFO - Started process (PID=5292) to work on /home/airflow/.local/lib/python3.8/site-packages/airflow/example_dags/tutorial.py
[2022-05-18 23:55:47,362] {processor.py:642} INFO - Processing file /home/airflow/.local/lib/python3.8/site-packages/airflow/example_dags/tutorial.py for tasks to queue
[2022-05-18 23:55:47,363] {logging_mixin.py:109} INFO - [2022-05-18 23:55:47,363] {dagbag.py:500} INFO - Filling up the DagBag from /home/airflow/.local/lib/python3.8/site-packages/airflow/example_dags/tutorial.py
[2022-05-18 23:55:47,389] {processor.py:654} INFO - DAG(s) dict_keys(['tutorial']) retrieved from /home/airflow/.local/lib/python3.8/site-packages/airflow/example_dags/tutorial.py
[2022-05-18 23:55:47,400] {logging_mixin.py:109} INFO - [2022-05-18 23:55:47,400] {dag.py:2398} INFO - Sync 1 DAGs
[2022-05-18 23:55:47,416] {logging_mixin.py:109} INFO - [2022-05-18 23:55:47,416] {dag.py:2937} INFO - Setting next_dagrun for tutorial to 2022-05-17T23:55:47.416006+00:00
[2022-05-18 23:55:47,430] {processor.py:171} INFO - Processing /home/airflow/.local/lib/python3.8/site-packages/airflow/example_dags/tutorial.py took 0.071 seconds
[2022-05-18 23:56:17,671] {processor.py:163} INFO - Started process (PID=5384) to work on /home/airflow/.local/lib/python3.8/site-packages/airflow/example_dags/tutorial.py
[2022-05-18 23:56:17,672] {processor.py:642} INFO - Processing file /home/airflow/.local/lib/python3.8/site-packages/airflow/example_dags/tutorial.py for tasks to queue
[2022-05-18 23:56:17,673] {logging_mixin.py:109} INFO - [2022-05-18 23:56:17,673] {dagbag.py:500} INFO - Filling up the DagBag from /home/airflow/.local/lib/python3.8/site-packages/airflow/example_dags/tutorial.py
[2022-05-18 23:56:17,702] {processor.py:654} INFO - DAG(s) dict_keys(['tutorial']) retrieved from /home/airflow/.local/lib/python3.8/site-packages/airflow/example_dags/tutorial.py
[2022-05-18 23:56:17,712] {logging_mixin.py:109} INFO - [2022-05-18 23:56:17,712] {dag.py:2398} INFO - Sync 1 DAGs
[2022-05-18 23:56:17,729] {logging_mixin.py:109} INFO - [2022-05-18 23:56:17,729] {dag.py:2937} INFO - Setting next_dagrun for tutorial to 2022-05-17T23:56:17.728738+00:00
[2022-05-18 23:56:17,743] {processor.py:171} INFO - Processing /home/airflow/.local/lib/python3.8/site-packages/airflow/example_dags/tutorial.py took 0.074 seconds
[2022-05-18 23:56:48,568] {processor.py:163} INFO - Started process (PID=5470) to work on /home/airflow/.local/lib/python3.8/site-packages/airflow/example_dags/tutorial.py
[2022-05-18 23:56:48,569] {processor.py:642} INFO - Processing file /home/airflow/.local/lib/python3.8/site-packages/airflow/example_dags/tutorial.py for tasks to queue
[2022-05-18 23:56:48,570] {logging_mixin.py:109} INFO - [2022-05-18 23:56:48,570] {dagbag.py:500} INFO - Filling up the DagBag from /home/airflow/.local/lib/python3.8/site-packages/airflow/example_dags/tutorial.py
[2022-05-18 23:56:48,605] {processor.py:654} INFO - DAG(s) dict_keys(['tutorial']) retrieved from /home/airflow/.local/lib/python3.8/site-packages/airflow/example_dags/tutorial.py
[2022-05-18 23:56:48,615] {logging_mixin.py:109} INFO - [2022-05-18 23:56:48,615] {dag.py:2398} INFO - Sync 1 DAGs
[2022-05-18 23:56:48,629] {logging_mixin.py:109} INFO - [2022-05-18 23:56:48,629] {dag.py:2937} INFO - Setting next_dagrun for tutorial to 2022-05-17T23:56:48.629048+00:00
[2022-05-18 23:56:48,640] {processor.py:171} INFO - Processing /home/airflow/.local/lib/python3.8/site-packages/airflow/example_dags/tutorial.py took 0.074 seconds
[2022-05-18 23:57:19,409] {processor.py:163} INFO - Started process (PID=5555) to work on /home/airflow/.local/lib/python3.8/site-packages/airflow/example_dags/tutorial.py
[2022-05-18 23:57:19,410] {processor.py:642} INFO - Processing file /home/airflow/.local/lib/python3.8/site-packages/airflow/example_dags/tutorial.py for tasks to queue
[2022-05-18 23:57:19,411] {logging_mixin.py:109} INFO - [2022-05-18 23:57:19,411] {dagbag.py:500} INFO - Filling up the DagBag from /home/airflow/.local/lib/python3.8/site-packages/airflow/example_dags/tutorial.py
[2022-05-18 23:57:19,434] {processor.py:654} INFO - DAG(s) dict_keys(['tutorial']) retrieved from /home/airflow/.local/lib/python3.8/site-packages/airflow/example_dags/tutorial.py
[2022-05-18 23:57:19,446] {logging_mixin.py:109} INFO - [2022-05-18 23:57:19,445] {dag.py:2398} INFO - Sync 1 DAGs
[2022-05-18 23:57:19,459] {logging_mixin.py:109} INFO - [2022-05-18 23:57:19,459] {dag.py:2937} INFO - Setting next_dagrun for tutorial to 2022-05-17T23:57:19.459717+00:00
[2022-05-18 23:57:19,469] {processor.py:171} INFO - Processing /home/airflow/.local/lib/python3.8/site-packages/airflow/example_dags/tutorial.py took 0.061 seconds
[2022-05-18 23:57:50,130] {processor.py:163} INFO - Started process (PID=5648) to work on /home/airflow/.local/lib/python3.8/site-packages/airflow/example_dags/tutorial.py
[2022-05-18 23:57:50,131] {processor.py:642} INFO - Processing file /home/airflow/.local/lib/python3.8/site-packages/airflow/example_dags/tutorial.py for tasks to queue
[2022-05-18 23:57:50,131] {logging_mixin.py:109} INFO - [2022-05-18 23:57:50,131] {dagbag.py:500} INFO - Filling up the DagBag from /home/airflow/.local/lib/python3.8/site-packages/airflow/example_dags/tutorial.py
[2022-05-18 23:57:50,154] {processor.py:654} INFO - DAG(s) dict_keys(['tutorial']) retrieved from /home/airflow/.local/lib/python3.8/site-packages/airflow/example_dags/tutorial.py
[2022-05-18 23:57:50,164] {logging_mixin.py:109} INFO - [2022-05-18 23:57:50,164] {dag.py:2398} INFO - Sync 1 DAGs
[2022-05-18 23:57:50,177] {logging_mixin.py:109} INFO - [2022-05-18 23:57:50,177] {dag.py:2937} INFO - Setting next_dagrun for tutorial to 2022-05-17T23:57:50.177448+00:00
[2022-05-18 23:57:50,187] {processor.py:171} INFO - Processing /home/airflow/.local/lib/python3.8/site-packages/airflow/example_dags/tutorial.py took 0.060 seconds
[2022-05-18 23:58:20,831] {processor.py:163} INFO - Started process (PID=5733) to work on /home/airflow/.local/lib/python3.8/site-packages/airflow/example_dags/tutorial.py
[2022-05-18 23:58:20,832] {processor.py:642} INFO - Processing file /home/airflow/.local/lib/python3.8/site-packages/airflow/example_dags/tutorial.py for tasks to queue
[2022-05-18 23:58:20,833] {logging_mixin.py:109} INFO - [2022-05-18 23:58:20,833] {dagbag.py:500} INFO - Filling up the DagBag from /home/airflow/.local/lib/python3.8/site-packages/airflow/example_dags/tutorial.py
[2022-05-18 23:58:20,860] {processor.py:654} INFO - DAG(s) dict_keys(['tutorial']) retrieved from /home/airflow/.local/lib/python3.8/site-packages/airflow/example_dags/tutorial.py
[2022-05-18 23:58:20,872] {logging_mixin.py:109} INFO - [2022-05-18 23:58:20,872] {dag.py:2398} INFO - Sync 1 DAGs
[2022-05-18 23:58:20,894] {logging_mixin.py:109} INFO - [2022-05-18 23:58:20,894] {dag.py:2937} INFO - Setting next_dagrun for tutorial to 2022-05-17T23:58:20.893932+00:00
[2022-05-18 23:58:20,904] {processor.py:171} INFO - Processing /home/airflow/.local/lib/python3.8/site-packages/airflow/example_dags/tutorial.py took 0.075 seconds
[2022-05-18 23:58:52,063] {processor.py:163} INFO - Started process (PID=5827) to work on /home/airflow/.local/lib/python3.8/site-packages/airflow/example_dags/tutorial.py
[2022-05-18 23:58:52,064] {processor.py:642} INFO - Processing file /home/airflow/.local/lib/python3.8/site-packages/airflow/example_dags/tutorial.py for tasks to queue
[2022-05-18 23:58:52,066] {logging_mixin.py:109} INFO - [2022-05-18 23:58:52,065] {dagbag.py:500} INFO - Filling up the DagBag from /home/airflow/.local/lib/python3.8/site-packages/airflow/example_dags/tutorial.py
[2022-05-18 23:58:52,101] {processor.py:654} INFO - DAG(s) dict_keys(['tutorial']) retrieved from /home/airflow/.local/lib/python3.8/site-packages/airflow/example_dags/tutorial.py
[2022-05-18 23:58:52,113] {logging_mixin.py:109} INFO - [2022-05-18 23:58:52,113] {dag.py:2398} INFO - Sync 1 DAGs
[2022-05-18 23:58:52,126] {logging_mixin.py:109} INFO - [2022-05-18 23:58:52,126] {dag.py:2937} INFO - Setting next_dagrun for tutorial to 2022-05-17T23:58:52.126272+00:00
[2022-05-18 23:58:52,138] {processor.py:171} INFO - Processing /home/airflow/.local/lib/python3.8/site-packages/airflow/example_dags/tutorial.py took 0.077 seconds
[2022-05-18 23:59:22,502] {processor.py:163} INFO - Started process (PID=5929) to work on /home/airflow/.local/lib/python3.8/site-packages/airflow/example_dags/tutorial.py
[2022-05-18 23:59:22,503] {processor.py:642} INFO - Processing file /home/airflow/.local/lib/python3.8/site-packages/airflow/example_dags/tutorial.py for tasks to queue
[2022-05-18 23:59:22,504] {logging_mixin.py:109} INFO - [2022-05-18 23:59:22,504] {dagbag.py:500} INFO - Filling up the DagBag from /home/airflow/.local/lib/python3.8/site-packages/airflow/example_dags/tutorial.py
[2022-05-18 23:59:22,531] {processor.py:654} INFO - DAG(s) dict_keys(['tutorial']) retrieved from /home/airflow/.local/lib/python3.8/site-packages/airflow/example_dags/tutorial.py
[2022-05-18 23:59:22,541] {logging_mixin.py:109} INFO - [2022-05-18 23:59:22,541] {dag.py:2398} INFO - Sync 1 DAGs
[2022-05-18 23:59:22,556] {logging_mixin.py:109} INFO - [2022-05-18 23:59:22,556] {dag.py:2937} INFO - Setting next_dagrun for tutorial to 2022-05-17T23:59:22.556028+00:00
[2022-05-18 23:59:22,568] {processor.py:171} INFO - Processing /home/airflow/.local/lib/python3.8/site-packages/airflow/example_dags/tutorial.py took 0.068 seconds
[2022-05-18 23:59:53,184] {processor.py:163} INFO - Started process (PID=6015) to work on /home/airflow/.local/lib/python3.8/site-packages/airflow/example_dags/tutorial.py
[2022-05-18 23:59:53,185] {processor.py:642} INFO - Processing file /home/airflow/.local/lib/python3.8/site-packages/airflow/example_dags/tutorial.py for tasks to queue
[2022-05-18 23:59:53,186] {logging_mixin.py:109} INFO - [2022-05-18 23:59:53,185] {dagbag.py:500} INFO - Filling up the DagBag from /home/airflow/.local/lib/python3.8/site-packages/airflow/example_dags/tutorial.py
[2022-05-18 23:59:53,216] {processor.py:654} INFO - DAG(s) dict_keys(['tutorial']) retrieved from /home/airflow/.local/lib/python3.8/site-packages/airflow/example_dags/tutorial.py
[2022-05-18 23:59:53,224] {logging_mixin.py:109} INFO - [2022-05-18 23:59:53,224] {dag.py:2398} INFO - Sync 1 DAGs
[2022-05-18 23:59:53,241] {logging_mixin.py:109} INFO - [2022-05-18 23:59:53,240] {dag.py:2937} INFO - Setting next_dagrun for tutorial to 2022-05-17T23:59:53.240557+00:00
[2022-05-18 23:59:53,252] {processor.py:171} INFO - Processing /home/airflow/.local/lib/python3.8/site-packages/airflow/example_dags/tutorial.py took 0.070 seconds
