[2022-06-23 18:37:04,310] {taskinstance.py:1037} INFO - Dependencies all met for <TaskInstance: match_details_dag.dbt_run scheduled__2022-06-20T00:00:00+00:00 [queued]>
[2022-06-23 18:37:04,319] {taskinstance.py:1037} INFO - Dependencies all met for <TaskInstance: match_details_dag.dbt_run scheduled__2022-06-20T00:00:00+00:00 [queued]>
[2022-06-23 18:37:04,320] {taskinstance.py:1243} INFO - 
--------------------------------------------------------------------------------
[2022-06-23 18:37:04,320] {taskinstance.py:1244} INFO - Starting attempt 3 of 4
[2022-06-23 18:37:04,320] {taskinstance.py:1245} INFO - 
--------------------------------------------------------------------------------
[2022-06-23 18:37:04,330] {taskinstance.py:1264} INFO - Executing <Task(BashOperator): dbt_run> on 2022-06-20 00:00:00+00:00
[2022-06-23 18:37:04,335] {standard_task_runner.py:52} INFO - Started process 312 to run task
[2022-06-23 18:37:04,337] {standard_task_runner.py:76} INFO - Running: ['***', 'tasks', 'run', 'match_details_dag', 'dbt_run', 'scheduled__2022-06-20T00:00:00+00:00', '--job-id', '284', '--raw', '--subdir', 'DAGS_FOLDER/matchData_dag.py', '--cfg-path', '/tmp/tmp0nqjlwfi', '--error-file', '/tmp/tmpua3ywyio']
[2022-06-23 18:37:04,338] {standard_task_runner.py:77} INFO - Job 284: Subtask dbt_run
[2022-06-23 18:37:04,379] {logging_mixin.py:109} INFO - Running <TaskInstance: match_details_dag.dbt_run scheduled__2022-06-20T00:00:00+00:00 [running]> on host ebe3cc7dbee2
[2022-06-23 18:37:04,420] {taskinstance.py:1429} INFO - Exporting the following env vars:
AIRFLOW_CTX_DAG_OWNER=admin
AIRFLOW_CTX_DAG_ID=match_details_dag
AIRFLOW_CTX_TASK_ID=dbt_run
AIRFLOW_CTX_EXECUTION_DATE=2022-06-20T00:00:00+00:00
AIRFLOW_CTX_DAG_RUN_ID=scheduled__2022-06-20T00:00:00+00:00
[2022-06-23 18:37:04,421] {subprocess.py:62} INFO - Tmp dir root location: 
 /tmp
[2022-06-23 18:37:04,422] {subprocess.py:74} INFO - Running command: ['bash', '-c', 'cd /opt/***/dbt && dbt deps && dbt run']
[2022-06-23 18:37:04,432] {subprocess.py:85} INFO - Output:
[2022-06-23 18:37:07,131] {subprocess.py:89} INFO - 18:37:07  Running with dbt=1.1.0
[2022-06-23 18:37:07,882] {subprocess.py:89} INFO - 18:37:07  Installing dbt-labs/dbt_utils
[2022-06-23 18:37:08,469] {subprocess.py:89} INFO - 18:37:08    Installed from version 0.8.5
[2022-06-23 18:37:08,470] {subprocess.py:89} INFO - 18:37:08    Updated version available: 0.8.6
[2022-06-23 18:37:08,471] {subprocess.py:89} INFO - 18:37:08
[2022-06-23 18:37:08,471] {subprocess.py:89} INFO - 18:37:08  Updates available for packages: ['dbt-labs/dbt_utils']
[2022-06-23 18:37:08,471] {subprocess.py:89} INFO - Update your versions in packages.yml, then run dbt deps
[2022-06-23 18:37:12,386] {subprocess.py:89} INFO - 18:37:12  Running with dbt=1.1.0
[2022-06-23 18:37:12,511] {subprocess.py:89} INFO - 18:37:12  Found 17 models, 32 tests, 0 snapshots, 0 analyses, 400 macros, 0 operations, 0 seed files, 24 sources, 0 exposures, 0 metrics
[2022-06-23 18:37:12,515] {subprocess.py:89} INFO - 18:37:12
[2022-06-23 18:37:14,333] {subprocess.py:89} INFO - 18:37:14  Concurrency: 10 threads (target='dev')
[2022-06-23 18:37:14,333] {subprocess.py:89} INFO - 18:37:14
[2022-06-23 18:37:14,355] {subprocess.py:89} INFO - 18:37:14  1 of 17 START table model PUBLIC.final_champions ............................... [RUN]
[2022-06-23 18:37:14,358] {subprocess.py:89} INFO - 18:37:14  2 of 17 START table model PUBLIC.final_items ................................... [RUN]
[2022-06-23 18:37:14,361] {subprocess.py:89} INFO - 18:37:14  3 of 17 START table model PUBLIC.final_maps .................................... [RUN]
[2022-06-23 18:37:14,362] {subprocess.py:89} INFO - 18:37:14  4 of 17 START incremental model PUBLIC.final_match_details ..................... [RUN]
[2022-06-23 18:37:14,363] {subprocess.py:89} INFO - 18:37:14  5 of 17 START incremental model PUBLIC.final_match_info ........................ [RUN]
[2022-06-23 18:37:14,364] {subprocess.py:89} INFO - 18:37:14  6 of 17 START incremental model PUBLIC.final_players ........................... [RUN]
[2022-06-23 18:37:14,365] {subprocess.py:89} INFO - 18:37:14  7 of 17 START table model PUBLIC.final_runes_reforged .......................... [RUN]
[2022-06-23 18:37:14,366] {subprocess.py:89} INFO - 18:37:14  8 of 17 START table model PUBLIC.final_summonerspells .......................... [RUN]
[2022-06-23 18:37:14,366] {subprocess.py:89} INFO - 18:37:14  9 of 17 START view model PUBLIC.smurfs_analysis ................................ [RUN]
[2022-06-23 18:37:14,367] {subprocess.py:89} INFO - 18:37:14  10 of 17 START view model PUBLIC.stg_champions ................................. [RUN]
[2022-06-23 18:37:17,034] {subprocess.py:89} INFO - 18:37:17  9 of 17 OK created view model PUBLIC.smurfs_analysis ........................... [[32mSUCCESS 1[0m in 2.66s]
[2022-06-23 18:37:17,038] {subprocess.py:89} INFO - 18:37:17  11 of 17 START view model PUBLIC.stg_items ..................................... [RUN]
[2022-06-23 18:37:18,273] {subprocess.py:89} INFO - 18:37:18  8 of 17 OK created table model PUBLIC.final_summonerspells ..................... [[32mSUCCESS 1[0m in 3.91s]
[2022-06-23 18:37:18,275] {subprocess.py:89} INFO - 18:37:18  12 of 17 START view model PUBLIC.stg_maps ...................................... [RUN]
[2022-06-23 18:37:18,317] {subprocess.py:89} INFO - 18:37:18  10 of 17 OK created view model PUBLIC.stg_champions ............................ [[32mSUCCESS 1[0m in 3.95s]
[2022-06-23 18:37:18,318] {subprocess.py:89} INFO - 18:37:18  13 of 17 START view model PUBLIC.stg_match_details ............................. [RUN]
[2022-06-23 18:37:18,356] {subprocess.py:89} INFO - 18:37:18  11 of 17 OK created view model PUBLIC.stg_items ................................ [[32mSUCCESS 1[0m in 1.32s]
[2022-06-23 18:37:18,359] {subprocess.py:89} INFO - 18:37:18  14 of 17 START view model PUBLIC.stg_match_info ................................ [RUN]
[2022-06-23 18:37:19,004] {subprocess.py:89} INFO - 18:37:19  6 of 17 OK created incremental model PUBLIC.final_players ...................... [[32mSUCCESS 1[0m in 4.64s]
[2022-06-23 18:37:19,007] {subprocess.py:89} INFO - 18:37:19  15 of 17 START view model PUBLIC.stg_players ................................... [RUN]
[2022-06-23 18:37:19,356] {subprocess.py:89} INFO - 18:37:19  3 of 17 OK created table model PUBLIC.final_maps ............................... [[32mSUCCESS 1[0m in 4.98s]
[2022-06-23 18:37:19,373] {subprocess.py:89} INFO - 18:37:19  7 of 17 OK created table model PUBLIC.final_runes_reforged ..................... [[32mSUCCESS 1[0m in 4.99s]
[2022-06-23 18:37:19,385] {subprocess.py:89} INFO - 18:37:19  16 of 17 START view model PUBLIC.stg_runes_reforged ............................ [RUN]
[2022-06-23 18:37:19,387] {subprocess.py:89} INFO - 18:37:19  17 of 17 START view model PUBLIC.stg_summonerspells ............................ [RUN]
[2022-06-23 18:37:19,502] {subprocess.py:89} INFO - 18:37:19  1 of 17 OK created table model PUBLIC.final_champions .......................... [[32mSUCCESS 1[0m in 5.12s]
[2022-06-23 18:37:19,566] {subprocess.py:89} INFO - 18:37:19  13 of 17 OK created view model PUBLIC.stg_match_details ........................ [[32mSUCCESS 1[0m in 1.25s]
[2022-06-23 18:37:19,647] {subprocess.py:89} INFO - 18:37:19  14 of 17 OK created view model PUBLIC.stg_match_info ........................... [[32mSUCCESS 1[0m in 1.27s]
[2022-06-23 18:37:19,668] {subprocess.py:89} INFO - 18:37:19  12 of 17 OK created view model PUBLIC.stg_maps ................................. [[32mSUCCESS 1[0m in 1.36s]
[2022-06-23 18:37:19,781] {subprocess.py:89} INFO - 18:37:19  2 of 17 OK created table model PUBLIC.final_items .............................. [[32mSUCCESS 1[0m in 5.28s]
[2022-06-23 18:37:20,180] {subprocess.py:89} INFO - 18:37:20  15 of 17 OK created view model PUBLIC.stg_players .............................. [[32mSUCCESS 1[0m in 1.17s]
[2022-06-23 18:37:20,518] {subprocess.py:89} INFO - 18:37:20  17 of 17 OK created view model PUBLIC.stg_summonerspells ....................... [[32mSUCCESS 1[0m in 1.13s]
[2022-06-23 18:37:20,545] {subprocess.py:89} INFO - 18:37:20  16 of 17 OK created view model PUBLIC.stg_runes_reforged ....................... [[32mSUCCESS 1[0m in 1.16s]
[2022-06-23 18:37:20,621] {subprocess.py:89} INFO - 18:37:20  5 of 17 OK created incremental model PUBLIC.final_match_info ................... [[32mSUCCESS 1[0m in 6.26s]
[2022-06-23 18:37:21,343] {subprocess.py:89} INFO - 18:37:21  4 of 17 OK created incremental model PUBLIC.final_match_details ................ [[32mSUCCESS 1[0m in 6.98s]
[2022-06-23 18:37:21,347] {subprocess.py:89} INFO - 18:37:21
[2022-06-23 18:37:21,347] {subprocess.py:89} INFO - 18:37:21  Finished running 9 view models, 5 table models, 3 incremental models in 8.83s.
[2022-06-23 18:37:21,362] {subprocess.py:89} INFO - 18:37:21
[2022-06-23 18:37:21,362] {subprocess.py:89} INFO - 18:37:21  [32mCompleted successfully[0m
[2022-06-23 18:37:21,363] {subprocess.py:89} INFO - 18:37:21
[2022-06-23 18:37:21,363] {subprocess.py:89} INFO - 18:37:21  Done. PASS=17 WARN=0 ERROR=0 SKIP=0 TOTAL=17
[2022-06-23 18:37:22,050] {subprocess.py:93} INFO - Command exited with return code 0
[2022-06-23 18:37:22,070] {taskinstance.py:1272} INFO - Marking task as SUCCESS. dag_id=match_details_dag, task_id=dbt_run, execution_date=20220620T000000, start_date=20220623T183704, end_date=20220623T183722
[2022-06-23 18:37:22,100] {local_task_job.py:154} INFO - Task exited with return code 0
[2022-06-23 18:37:22,132] {local_task_job.py:264} INFO - 1 downstream tasks scheduled from follow-on schedule check
