[2022-06-20 22:57:42,256] {taskinstance.py:1037} INFO - Dependencies all met for <TaskInstance: match_details_dag.paths.path_matchdetails.create_matchdetails scheduled__2022-06-20T00:00:00+00:00 [queued]>
[2022-06-20 22:57:42,265] {taskinstance.py:1037} INFO - Dependencies all met for <TaskInstance: match_details_dag.paths.path_matchdetails.create_matchdetails scheduled__2022-06-20T00:00:00+00:00 [queued]>
[2022-06-20 22:57:42,265] {taskinstance.py:1243} INFO - 
--------------------------------------------------------------------------------
[2022-06-20 22:57:42,265] {taskinstance.py:1244} INFO - Starting attempt 1 of 2
[2022-06-20 22:57:42,265] {taskinstance.py:1245} INFO - 
--------------------------------------------------------------------------------
[2022-06-20 22:57:42,276] {taskinstance.py:1264} INFO - Executing <Task(SnowflakeOperator): paths.path_matchdetails.create_matchdetails> on 2022-06-20 00:00:00+00:00
[2022-06-20 22:57:42,280] {standard_task_runner.py:52} INFO - Started process 72 to run task
[2022-06-20 22:57:42,296] {standard_task_runner.py:76} INFO - Running: ['***', 'tasks', 'run', 'match_details_dag', 'paths.path_matchdetails.create_matchdetails', 'scheduled__2022-06-20T00:00:00+00:00', '--job-id', '202', '--raw', '--subdir', 'DAGS_FOLDER/matchData_dag.py', '--cfg-path', '/tmp/tmpxq4wdkpl', '--error-file', '/tmp/tmpsygf2kyt']
[2022-06-20 22:57:42,297] {standard_task_runner.py:77} INFO - Job 202: Subtask paths.path_matchdetails.create_matchdetails
[2022-06-20 22:57:42,366] {logging_mixin.py:109} INFO - Running <TaskInstance: match_details_dag.paths.path_matchdetails.create_matchdetails scheduled__2022-06-20T00:00:00+00:00 [running]> on host ebe3cc7dbee2
[2022-06-20 22:57:42,427] {taskinstance.py:1429} INFO - Exporting the following env vars:
AIRFLOW_CTX_DAG_OWNER=admin
AIRFLOW_CTX_DAG_ID=match_details_dag
AIRFLOW_CTX_TASK_ID=paths.path_matchdetails.create_matchdetails
AIRFLOW_CTX_EXECUTION_DATE=2022-06-20T00:00:00+00:00
AIRFLOW_CTX_DAG_RUN_ID=scheduled__2022-06-20T00:00:00+00:00
[2022-06-20 22:57:42,428] {snowflake.py:118} INFO - Executing: CREATE OR REPLACE TABLE STAGING_MATCHDETAILS
        (
            matchId varchar(25),
            assists integer,
            baronKills integer,
            bountyLevel integer,
            champExperience integer,
            champLevel integer,
            championId integer,
            championName string,
            championTransform integer,
            consumablesPurchased integer,
            damageDealtToBuildings integer,
            damageDealtToObjectives integer,
            damageDealtToTurrets integer,
            damageSelfMitigated integer,
            deaths integer,
            detectorWardsPlaced integer,
            doubleKills integer,
            dragonKills integer,
            eligibleForProgression boolean,
            firstBloodAssist boolean,
            firstBloodKill boolean,
            firstTowerAssist boolean,
            firstTowerKill boolean,
            gameEndedInEarlySurrender boolean,
            gameEndedInSurrender boolean,
            goldEarned integer,
            goldSpent integer,
            individualPosition varchar,
            inhibitorKills integer,
            inhibitorTakedowns integer,
            inhibitorsLost integer,
            item0 integer,
            item1 integer,
            item2 integer,
            item3 integer,
            item4 integer,
            item5 integer,
            item6 integer,
            itemsPurchased integer,
            killingSprees integer,
            kills integer,
            lane varchar,
            largestCriticalStrike integer,
            largestKillingSpree integer,
            largestMultiKill integer,
            longestTimeSpentLiving integer,
            magicDamageDealt integer,
            magicDamageDealtToChampions integer,
            magicDamageTaken integer,
            neutralMinionsKilled integer,
            nexusKills integer,
            nexusLost integer,
            nexusTakedowns integer,
            objectivesStolen integer,
            objectivesStolenAssists integer,
            participantId integer,
            pentaKills integer,
            physicalDamageDealt integer,
            physicalDamageDealtToChampions integer,
            physicalDamageTaken integer,
            profileIcon integer,
            puuid varchar(200),
            quadraKills integer,
            riotIdName varchar(50),
            riotIdTagline varchar(50),
            role varchar(25),
            sightWardsBoughtInGame integer,
            spell1Casts integer,
            spell2Casts integer,
            spell3Casts integer,
            spell4Casts integer,
            summoner1Casts integer,
            summoner1Id integer,
            summoner2Casts integer,
            summoner2Id integer,
            summonerId varchar(200),
            summonerLevel integer,
            summonerName varchar(50),
            teamEarlySurrendered boolean,
            teamId integer,
            teamPosition varchar(25),
            timeCCingOthers integer,
            timePlayed integer,
            totalDamageDealt integer,
            totalDamageDealtToChampions integer,
            totalDamageShieldedOnTeammates integer,
            totalDamageTaken integer,
            totalHeal integer,
            totalHealsOnTeammates integer,
            totalMinionsKilled integer,
            totalTimeCCDealt integer,
            totalTimeSpentDead integer,
            totalUnitsHealed integer,
            tripleKills integer,
            trueDamageDealt integer,
            trueDamageDealtToChampions integer,
            trueDamageTaken integer,
            turretKills integer,
            turretTakedowns integer,
            turretsLost integer,
            unrealKills integer,
            visionScore integer,
            visionWardsBoughtInGame integer,
            wardsKilled integer,
            wardsPlaced integer,
            win boolean
        );
[2022-06-20 22:57:42,441] {connection.py:257} INFO - Snowflake Connector for Python Version: 2.7.8, Python Version: 3.8.12, Platform: Linux-5.10.102.1-microsoft-standard-WSL2-x86_64-with-glibc2.2.5
[2022-06-20 22:57:42,441] {connection.py:876} INFO - This connection is in OCSP Fail Open Mode. TLS Certificates would be checked for validity and revocation status. Any other Certificate Revocation related exceptions or OCSP Responder failures would be disregarded in favor of connectivity.
[2022-06-20 22:57:42,441] {connection.py:894} INFO - Setting use_openssl_only mode to False
[2022-06-20 22:57:43,399] {cursor.py:710} INFO - query: [ALTER SESSION SET autocommit=True]
[2022-06-20 22:57:43,498] {cursor.py:734} INFO - query execution done
[2022-06-20 22:57:43,502] {snowflake.py:324} INFO - Running statement: CREATE OR REPLACE TABLE STAGING_MATCHDETAILS
        (
            matchId varchar(25),
            assists integer,
            baronKills integer,
            bountyLevel integer,
            champExperience integer,
            champLevel integer,
            championId integer,
            championName string,
            championTransform integer,
            consumablesPurchased integer,
            damageDealtToBuildings integer,
            damageDealtToObjectives integer,
            damageDealtToTurrets integer,
            damageSelfMitigated integer,
            deaths integer,
            detectorWardsPlaced integer,
            doubleKills integer,
            dragonKills integer,
            eligibleForProgression boolean,
            firstBloodAssist boolean,
            firstBloodKill boolean,
            firstTowerAssist boolean,
            firstTowerKill boolean,
            gameEndedInEarlySurrender boolean,
            gameEndedInSurrender boolean,
            goldEarned integer,
            goldSpent integer,
            individualPosition varchar,
            inhibitorKills integer,
            inhibitorTakedowns integer,
            inhibitorsLost integer,
            item0 integer,
            item1 integer,
            item2 integer,
            item3 integer,
            item4 integer,
            item5 integer,
            item6 integer,
            itemsPurchased integer,
            killingSprees integer,
            kills integer,
            lane varchar,
            largestCriticalStrike integer,
            largestKillingSpree integer,
            largestMultiKill integer,
            longestTimeSpentLiving integer,
            magicDamageDealt integer,
            magicDamageDealtToChampions integer,
            magicDamageTaken integer,
            neutralMinionsKilled integer,
            nexusKills integer,
            nexusLost integer,
            nexusTakedowns integer,
            objectivesStolen integer,
            objectivesStolenAssists integer,
            participantId integer,
            pentaKills integer,
            physicalDamageDealt integer,
            physicalDamageDealtToChampions integer,
            physicalDamageTaken integer,
            profileIcon integer,
            puuid varchar(200),
            quadraKills integer,
            riotIdName varchar(50),
            riotIdTagline varchar(50),
            role varchar(25),
            sightWardsBoughtInGame integer,
            spell1Casts integer,
            spell2Casts integer,
            spell3Casts integer,
            spell4Casts integer,
            summoner1Casts integer,
            summoner1Id integer,
            summoner2Casts integer,
            summoner2Id integer,
            summonerId varchar(200),
            summonerLevel integer,
            summonerName varchar(50),
            teamEarlySurrendered boolean,
            teamId integer,
            teamPosition varchar(25),
            timeCCingOthers integer,
            timePlayed integer,
            totalDamageDealt integer,
            totalDamageDealtToChampions integer,
            totalDamageShieldedOnTeammates integer,
            totalDamageTaken integer,
            totalHeal integer,
            totalHealsOnTeammates integer,
            totalMinionsKilled integer,
            totalTimeCCDealt integer,
            totalTimeSpentDead integer,
            totalUnitsHealed integer,
            tripleKills integer,
            trueDamageDealt integer,
            trueDamageDealtToChampions integer,
            trueDamageTaken integer,
            turretKills integer,
            turretTakedowns integer,
            turretsLost integer,
            unrealKills integer,
            visionScore integer,
            visionWardsBoughtInGame integer,
            wardsKilled integer,
            wardsPlaced integer,
            win boolean
        );, parameters: None
[2022-06-20 22:57:43,502] {cursor.py:710} INFO - query: [CREATE OR REPLACE TABLE STAGING_MATCHDETAILS ( matchId varchar(25), assists inte...]
[2022-06-20 22:57:43,732] {cursor.py:734} INFO - query execution done
[2022-06-20 22:57:43,733] {snowflake.py:334} INFO - Statement execution info - {'status': 'Table STAGING_MATCHDETAILS successfully created.'}
[2022-06-20 22:57:43,733] {snowflake.py:338} INFO - Rows affected: 1
[2022-06-20 22:57:43,733] {snowflake.py:339} INFO - Snowflake query id: 01a51541-0000-fac3-0000-d969000558f6
[2022-06-20 22:57:43,733] {connection.py:507} INFO - closed
[2022-06-20 22:57:43,770] {connection.py:510} INFO - No async queries seem to be running, deleting session
[2022-06-20 22:57:43,852] {taskinstance.py:1272} INFO - Marking task as SUCCESS. dag_id=match_details_dag, task_id=paths.path_matchdetails.create_matchdetails, execution_date=20220620T000000, start_date=20220620T225742, end_date=20220620T225743
[2022-06-20 22:57:43,871] {local_task_job.py:154} INFO - Task exited with return code 0
[2022-06-20 22:57:43,902] {local_task_job.py:264} INFO - 1 downstream tasks scheduled from follow-on schedule check
[2022-06-20 23:21:35,406] {taskinstance.py:1037} INFO - Dependencies all met for <TaskInstance: match_details_dag.paths.path_matchdetails.create_matchdetails scheduled__2022-06-20T00:00:00+00:00 [queued]>
[2022-06-20 23:21:35,418] {taskinstance.py:1037} INFO - Dependencies all met for <TaskInstance: match_details_dag.paths.path_matchdetails.create_matchdetails scheduled__2022-06-20T00:00:00+00:00 [queued]>
[2022-06-20 23:21:35,418] {taskinstance.py:1243} INFO - 
--------------------------------------------------------------------------------
[2022-06-20 23:21:35,418] {taskinstance.py:1244} INFO - Starting attempt 1 of 2
[2022-06-20 23:21:35,419] {taskinstance.py:1245} INFO - 
--------------------------------------------------------------------------------
[2022-06-20 23:21:35,429] {taskinstance.py:1264} INFO - Executing <Task(SnowflakeOperator): paths.path_matchdetails.create_matchdetails> on 2022-06-20 00:00:00+00:00
[2022-06-20 23:21:35,434] {standard_task_runner.py:52} INFO - Started process 348 to run task
[2022-06-20 23:21:35,437] {standard_task_runner.py:76} INFO - Running: ['***', 'tasks', 'run', 'match_details_dag', 'paths.path_matchdetails.create_matchdetails', 'scheduled__2022-06-20T00:00:00+00:00', '--job-id', '222', '--raw', '--subdir', 'DAGS_FOLDER/matchData_dag.py', '--cfg-path', '/tmp/tmpd59cqjw1', '--error-file', '/tmp/tmp61_5gdsb']
[2022-06-20 23:21:35,438] {standard_task_runner.py:77} INFO - Job 222: Subtask paths.path_matchdetails.create_matchdetails
[2022-06-20 23:21:35,486] {logging_mixin.py:109} INFO - Running <TaskInstance: match_details_dag.paths.path_matchdetails.create_matchdetails scheduled__2022-06-20T00:00:00+00:00 [running]> on host ebe3cc7dbee2
[2022-06-20 23:21:35,535] {taskinstance.py:1429} INFO - Exporting the following env vars:
AIRFLOW_CTX_DAG_OWNER=admin
AIRFLOW_CTX_DAG_ID=match_details_dag
AIRFLOW_CTX_TASK_ID=paths.path_matchdetails.create_matchdetails
AIRFLOW_CTX_EXECUTION_DATE=2022-06-20T00:00:00+00:00
AIRFLOW_CTX_DAG_RUN_ID=scheduled__2022-06-20T00:00:00+00:00
[2022-06-20 23:21:35,536] {snowflake.py:118} INFO - Executing: CREATE OR REPLACE TABLE STAGING_MATCHDETAILS
        (
            matchId varchar(25),
            assists integer,
            baronKills integer,
            bountyLevel integer,
            champExperience integer,
            champLevel integer,
            championId integer,
            championName string,
            championTransform integer,
            consumablesPurchased integer,
            damageDealtToBuildings integer,
            damageDealtToObjectives integer,
            damageDealtToTurrets integer,
            damageSelfMitigated integer,
            deaths integer,
            detectorWardsPlaced integer,
            doubleKills integer,
            dragonKills integer,
            eligibleForProgression boolean,
            firstBloodAssist boolean,
            firstBloodKill boolean,
            firstTowerAssist boolean,
            firstTowerKill boolean,
            gameEndedInEarlySurrender boolean,
            gameEndedInSurrender boolean,
            goldEarned integer,
            goldSpent integer,
            individualPosition varchar,
            inhibitorKills integer,
            inhibitorTakedowns integer,
            inhibitorsLost integer,
            item0 integer,
            item1 integer,
            item2 integer,
            item3 integer,
            item4 integer,
            item5 integer,
            item6 integer,
            itemsPurchased integer,
            killingSprees integer,
            kills integer,
            lane varchar,
            largestCriticalStrike integer,
            largestKillingSpree integer,
            largestMultiKill integer,
            longestTimeSpentLiving integer,
            magicDamageDealt integer,
            magicDamageDealtToChampions integer,
            magicDamageTaken integer,
            neutralMinionsKilled integer,
            nexusKills integer,
            nexusLost integer,
            nexusTakedowns integer,
            objectivesStolen integer,
            objectivesStolenAssists integer,
            participantId integer,
            pentaKills integer,
            physicalDamageDealt integer,
            physicalDamageDealtToChampions integer,
            physicalDamageTaken integer,
            profileIcon integer,
            puuid varchar(200),
            quadraKills integer,
            riotIdName varchar(50),
            riotIdTagline varchar(50),
            role varchar(25),
            sightWardsBoughtInGame integer,
            spell1Casts integer,
            spell2Casts integer,
            spell3Casts integer,
            spell4Casts integer,
            summoner1Casts integer,
            summoner1Id integer,
            summoner2Casts integer,
            summoner2Id integer,
            summonerId varchar(200),
            summonerLevel integer,
            summonerName varchar(50),
            teamEarlySurrendered boolean,
            teamId integer,
            teamPosition varchar(25),
            timeCCingOthers integer,
            timePlayed integer,
            totalDamageDealt integer,
            totalDamageDealtToChampions integer,
            totalDamageShieldedOnTeammates integer,
            totalDamageTaken integer,
            totalHeal integer,
            totalHealsOnTeammates integer,
            totalMinionsKilled integer,
            totalTimeCCDealt integer,
            totalTimeSpentDead integer,
            totalUnitsHealed integer,
            tripleKills integer,
            trueDamageDealt integer,
            trueDamageDealtToChampions integer,
            trueDamageTaken integer,
            turretKills integer,
            turretTakedowns integer,
            turretsLost integer,
            unrealKills integer,
            visionScore integer,
            visionWardsBoughtInGame integer,
            wardsKilled integer,
            wardsPlaced integer,
            win boolean
        );
[2022-06-20 23:21:35,546] {connection.py:257} INFO - Snowflake Connector for Python Version: 2.7.8, Python Version: 3.8.12, Platform: Linux-5.10.102.1-microsoft-standard-WSL2-x86_64-with-glibc2.2.5
[2022-06-20 23:21:35,547] {connection.py:876} INFO - This connection is in OCSP Fail Open Mode. TLS Certificates would be checked for validity and revocation status. Any other Certificate Revocation related exceptions or OCSP Responder failures would be disregarded in favor of connectivity.
[2022-06-20 23:21:35,547] {connection.py:894} INFO - Setting use_openssl_only mode to False
[2022-06-20 23:21:36,258] {cursor.py:710} INFO - query: [ALTER SESSION SET autocommit=True]
[2022-06-20 23:21:36,389] {cursor.py:734} INFO - query execution done
[2022-06-20 23:21:36,394] {snowflake.py:324} INFO - Running statement: CREATE OR REPLACE TABLE STAGING_MATCHDETAILS
        (
            matchId varchar(25),
            assists integer,
            baronKills integer,
            bountyLevel integer,
            champExperience integer,
            champLevel integer,
            championId integer,
            championName string,
            championTransform integer,
            consumablesPurchased integer,
            damageDealtToBuildings integer,
            damageDealtToObjectives integer,
            damageDealtToTurrets integer,
            damageSelfMitigated integer,
            deaths integer,
            detectorWardsPlaced integer,
            doubleKills integer,
            dragonKills integer,
            eligibleForProgression boolean,
            firstBloodAssist boolean,
            firstBloodKill boolean,
            firstTowerAssist boolean,
            firstTowerKill boolean,
            gameEndedInEarlySurrender boolean,
            gameEndedInSurrender boolean,
            goldEarned integer,
            goldSpent integer,
            individualPosition varchar,
            inhibitorKills integer,
            inhibitorTakedowns integer,
            inhibitorsLost integer,
            item0 integer,
            item1 integer,
            item2 integer,
            item3 integer,
            item4 integer,
            item5 integer,
            item6 integer,
            itemsPurchased integer,
            killingSprees integer,
            kills integer,
            lane varchar,
            largestCriticalStrike integer,
            largestKillingSpree integer,
            largestMultiKill integer,
            longestTimeSpentLiving integer,
            magicDamageDealt integer,
            magicDamageDealtToChampions integer,
            magicDamageTaken integer,
            neutralMinionsKilled integer,
            nexusKills integer,
            nexusLost integer,
            nexusTakedowns integer,
            objectivesStolen integer,
            objectivesStolenAssists integer,
            participantId integer,
            pentaKills integer,
            physicalDamageDealt integer,
            physicalDamageDealtToChampions integer,
            physicalDamageTaken integer,
            profileIcon integer,
            puuid varchar(200),
            quadraKills integer,
            riotIdName varchar(50),
            riotIdTagline varchar(50),
            role varchar(25),
            sightWardsBoughtInGame integer,
            spell1Casts integer,
            spell2Casts integer,
            spell3Casts integer,
            spell4Casts integer,
            summoner1Casts integer,
            summoner1Id integer,
            summoner2Casts integer,
            summoner2Id integer,
            summonerId varchar(200),
            summonerLevel integer,
            summonerName varchar(50),
            teamEarlySurrendered boolean,
            teamId integer,
            teamPosition varchar(25),
            timeCCingOthers integer,
            timePlayed integer,
            totalDamageDealt integer,
            totalDamageDealtToChampions integer,
            totalDamageShieldedOnTeammates integer,
            totalDamageTaken integer,
            totalHeal integer,
            totalHealsOnTeammates integer,
            totalMinionsKilled integer,
            totalTimeCCDealt integer,
            totalTimeSpentDead integer,
            totalUnitsHealed integer,
            tripleKills integer,
            trueDamageDealt integer,
            trueDamageDealtToChampions integer,
            trueDamageTaken integer,
            turretKills integer,
            turretTakedowns integer,
            turretsLost integer,
            unrealKills integer,
            visionScore integer,
            visionWardsBoughtInGame integer,
            wardsKilled integer,
            wardsPlaced integer,
            win boolean
        );, parameters: None
[2022-06-20 23:21:36,394] {cursor.py:710} INFO - query: [CREATE OR REPLACE TABLE STAGING_MATCHDETAILS ( matchId varchar(25), assists inte...]
[2022-06-20 23:21:36,601] {cursor.py:734} INFO - query execution done
[2022-06-20 23:21:36,602] {snowflake.py:334} INFO - Statement execution info - {'status': 'Table STAGING_MATCHDETAILS successfully created.'}
[2022-06-20 23:21:36,602] {snowflake.py:338} INFO - Rows affected: 1
[2022-06-20 23:21:36,602] {snowflake.py:339} INFO - Snowflake query id: 01a51559-0000-fac3-0000-d96900055b2e
[2022-06-20 23:21:36,603] {connection.py:507} INFO - closed
[2022-06-20 23:21:36,642] {connection.py:510} INFO - No async queries seem to be running, deleting session
[2022-06-20 23:21:36,723] {taskinstance.py:1272} INFO - Marking task as SUCCESS. dag_id=match_details_dag, task_id=paths.path_matchdetails.create_matchdetails, execution_date=20220620T000000, start_date=20220620T232135, end_date=20220620T232136
[2022-06-20 23:21:36,776] {local_task_job.py:154} INFO - Task exited with return code 0
[2022-06-20 23:21:36,820] {local_task_job.py:264} INFO - 0 downstream tasks scheduled from follow-on schedule check
