[2022-05-11 07:00:16,648] {taskinstance.py:1037} INFO - Dependencies all met for <TaskInstance: league_of_legends_dag.staging manual__2022-05-11T07:00:14.946958+00:00 [queued]>
[2022-05-11 07:00:16,658] {taskinstance.py:1037} INFO - Dependencies all met for <TaskInstance: league_of_legends_dag.staging manual__2022-05-11T07:00:14.946958+00:00 [queued]>
[2022-05-11 07:00:16,658] {taskinstance.py:1243} INFO - 
--------------------------------------------------------------------------------
[2022-05-11 07:00:16,658] {taskinstance.py:1244} INFO - Starting attempt 1 of 2
[2022-05-11 07:00:16,658] {taskinstance.py:1245} INFO - 
--------------------------------------------------------------------------------
[2022-05-11 07:00:16,670] {taskinstance.py:1264} INFO - Executing <Task(riotOperator): staging> on 2022-05-11 07:00:14.946958+00:00
[2022-05-11 07:00:16,675] {standard_task_runner.py:52} INFO - Started process 2124 to run task
[2022-05-11 07:00:16,678] {standard_task_runner.py:76} INFO - Running: ['***', 'tasks', 'run', 'league_of_legends_dag', 'staging', 'manual__2022-05-11T07:00:14.946958+00:00', '--job-id', '5', '--raw', '--subdir', 'DAGS_FOLDER/main_dag.py', '--cfg-path', '/tmp/tmp16zhp0t8', '--error-file', '/tmp/tmp01ifvt32']
[2022-05-11 07:00:16,678] {standard_task_runner.py:77} INFO - Job 5: Subtask staging
[2022-05-11 07:00:16,721] {logging_mixin.py:109} INFO - Running <TaskInstance: league_of_legends_dag.staging manual__2022-05-11T07:00:14.946958+00:00 [running]> on host c411fdaf6506
[2022-05-11 07:00:16,767] {taskinstance.py:1429} INFO - Exporting the following env vars:
AIRFLOW_CTX_DAG_OWNER=admin
AIRFLOW_CTX_DAG_ID=league_of_legends_dag
AIRFLOW_CTX_TASK_ID=staging
AIRFLOW_CTX_EXECUTION_DATE=2022-05-11T07:00:14.946958+00:00
AIRFLOW_CTX_DAG_RUN_ID=manual__2022-05-11T07:00:14.946958+00:00
[2022-05-11 07:00:16,768] {riot_operator.py:60} INFO - StageToAzureLake not implemented yet
[2022-05-11 07:00:16,780] {riot_operator.py:67} INFO - <bound method WasbHook.get_conn of <airflow.providers.microsoft.azure.hooks.wasb.WasbHook object at 0x7f428ed98ca0>>
[2022-05-11 07:00:16,780] {riot_operator.py:68} INFO - Created Azure Connection
[2022-05-11 07:00:16,780] {taskinstance.py:1718} ERROR - Task failed with exception
Traceback (most recent call last):
  File "/home/airflow/.local/lib/python3.8/site-packages/airflow/models/taskinstance.py", line 1334, in _run_raw_task
    self._execute_task_with_callbacks(context)
  File "/home/airflow/.local/lib/python3.8/site-packages/airflow/models/taskinstance.py", line 1460, in _execute_task_with_callbacks
    result = self._execute_task(context, self.task)
  File "/home/airflow/.local/lib/python3.8/site-packages/airflow/models/taskinstance.py", line 1516, in _execute_task
    result = execute_callable(context=context)
  File "/opt/airflow/plugins/custom_operators/riot_operator.py", line 61, in execute
    self.upload_to_azureLake()
  File "/opt/airflow/plugins/custom_operators/riot_operator.py", line 70, in upload_to_azureLake
    riot_hook = riotHook(riot_conn_id)
NameError: name 'riot_conn_id' is not defined
[2022-05-11 07:00:16,793] {taskinstance.py:1272} INFO - Marking task as UP_FOR_RETRY. dag_id=league_of_legends_dag, task_id=staging, execution_date=20220511T070014, start_date=20220511T070016, end_date=20220511T070016
[2022-05-11 07:00:16,806] {standard_task_runner.py:89} ERROR - Failed to execute job 5 for task staging
Traceback (most recent call last):
  File "/home/airflow/.local/lib/python3.8/site-packages/airflow/task/task_runner/standard_task_runner.py", line 85, in _start_by_fork
    args.func(args, dag=self.dag)
  File "/home/airflow/.local/lib/python3.8/site-packages/airflow/cli/cli_parser.py", line 48, in command
    return func(*args, **kwargs)
  File "/home/airflow/.local/lib/python3.8/site-packages/airflow/utils/cli.py", line 92, in wrapper
    return f(*args, **kwargs)
  File "/home/airflow/.local/lib/python3.8/site-packages/airflow/cli/commands/task_command.py", line 298, in task_run
    _run_task_by_selected_method(args, dag, ti)
  File "/home/airflow/.local/lib/python3.8/site-packages/airflow/cli/commands/task_command.py", line 107, in _run_task_by_selected_method
    _run_raw_task(args, ti)
  File "/home/airflow/.local/lib/python3.8/site-packages/airflow/cli/commands/task_command.py", line 180, in _run_raw_task
    ti._run_raw_task(
  File "/home/airflow/.local/lib/python3.8/site-packages/airflow/utils/session.py", line 70, in wrapper
    return func(*args, session=session, **kwargs)
  File "/home/airflow/.local/lib/python3.8/site-packages/airflow/models/taskinstance.py", line 1334, in _run_raw_task
    self._execute_task_with_callbacks(context)
  File "/home/airflow/.local/lib/python3.8/site-packages/airflow/models/taskinstance.py", line 1460, in _execute_task_with_callbacks
    result = self._execute_task(context, self.task)
  File "/home/airflow/.local/lib/python3.8/site-packages/airflow/models/taskinstance.py", line 1516, in _execute_task
    result = execute_callable(context=context)
  File "/opt/airflow/plugins/custom_operators/riot_operator.py", line 61, in execute
    self.upload_to_azureLake()
  File "/opt/airflow/plugins/custom_operators/riot_operator.py", line 70, in upload_to_azureLake
    riot_hook = riotHook(riot_conn_id)
NameError: name 'riot_conn_id' is not defined
[2022-05-11 07:00:16,850] {local_task_job.py:154} INFO - Task exited with return code 1
[2022-05-11 07:00:16,876] {local_task_job.py:264} INFO - 0 downstream tasks scheduled from follow-on schedule check
