[2022-06-12 22:02:41,422] {processor.py:163} INFO - Started process (PID=7207) to work on /opt/airflow/dags/dataDragon_dag.py
[2022-06-12 22:02:41,432] {processor.py:642} INFO - Processing file /opt/airflow/dags/dataDragon_dag.py for tasks to queue
[2022-06-12 22:02:41,433] {logging_mixin.py:109} INFO - [2022-06-12 22:02:41,433] {dagbag.py:500} INFO - Filling up the DagBag from /opt/airflow/dags/dataDragon_dag.py
[2022-06-12 22:02:43,620] {processor.py:654} INFO - DAG(s) dict_keys(['league_of_legends_dag']) retrieved from /opt/airflow/dags/dataDragon_dag.py
[2022-06-12 22:02:43,857] {logging_mixin.py:109} INFO - [2022-06-12 22:02:43,856] {dag.py:2398} INFO - Sync 1 DAGs
[2022-06-12 22:02:43,867] {logging_mixin.py:109} INFO - [2022-06-12 22:02:43,867] {dag.py:2937} INFO - Setting next_dagrun for league_of_legends_dag to 2022-03-31T21:00:00+00:00
[2022-06-12 22:02:44,281] {processor.py:171} INFO - Processing /opt/airflow/dags/dataDragon_dag.py took 2.862 seconds
[2022-06-12 22:03:14,372] {processor.py:163} INFO - Started process (PID=7272) to work on /opt/airflow/dags/dataDragon_dag.py
[2022-06-12 22:03:14,373] {processor.py:642} INFO - Processing file /opt/airflow/dags/dataDragon_dag.py for tasks to queue
[2022-06-12 22:03:14,374] {logging_mixin.py:109} INFO - [2022-06-12 22:03:14,374] {dagbag.py:500} INFO - Filling up the DagBag from /opt/airflow/dags/dataDragon_dag.py
[2022-06-12 22:03:15,398] {processor.py:654} INFO - DAG(s) dict_keys(['league_of_legends_dag']) retrieved from /opt/airflow/dags/dataDragon_dag.py
[2022-06-12 22:03:15,419] {logging_mixin.py:109} INFO - [2022-06-12 22:03:15,419] {dag.py:2398} INFO - Sync 1 DAGs
[2022-06-12 22:03:15,438] {logging_mixin.py:109} INFO - [2022-06-12 22:03:15,438] {dag.py:2937} INFO - Setting next_dagrun for league_of_legends_dag to 2022-03-31T21:00:00+00:00
[2022-06-12 22:03:15,451] {processor.py:171} INFO - Processing /opt/airflow/dags/dataDragon_dag.py took 1.081 seconds
[2022-06-12 22:03:45,782] {processor.py:163} INFO - Started process (PID=7338) to work on /opt/airflow/dags/dataDragon_dag.py
[2022-06-12 22:03:45,783] {processor.py:642} INFO - Processing file /opt/airflow/dags/dataDragon_dag.py for tasks to queue
[2022-06-12 22:03:45,784] {logging_mixin.py:109} INFO - [2022-06-12 22:03:45,784] {dagbag.py:500} INFO - Filling up the DagBag from /opt/airflow/dags/dataDragon_dag.py
[2022-06-12 22:03:46,645] {processor.py:654} INFO - DAG(s) dict_keys(['league_of_legends_dag']) retrieved from /opt/airflow/dags/dataDragon_dag.py
[2022-06-12 22:03:46,659] {logging_mixin.py:109} INFO - [2022-06-12 22:03:46,659] {dag.py:2398} INFO - Sync 1 DAGs
[2022-06-12 22:03:46,675] {logging_mixin.py:109} INFO - [2022-06-12 22:03:46,675] {dag.py:2937} INFO - Setting next_dagrun for league_of_legends_dag to 2022-03-31T21:00:00+00:00
[2022-06-12 22:03:46,685] {processor.py:171} INFO - Processing /opt/airflow/dags/dataDragon_dag.py took 0.905 seconds
[2022-06-12 22:04:17,056] {processor.py:163} INFO - Started process (PID=7406) to work on /opt/airflow/dags/dataDragon_dag.py
[2022-06-12 22:04:17,058] {processor.py:642} INFO - Processing file /opt/airflow/dags/dataDragon_dag.py for tasks to queue
[2022-06-12 22:04:17,058] {logging_mixin.py:109} INFO - [2022-06-12 22:04:17,058] {dagbag.py:500} INFO - Filling up the DagBag from /opt/airflow/dags/dataDragon_dag.py
[2022-06-12 22:04:17,922] {processor.py:654} INFO - DAG(s) dict_keys(['league_of_legends_dag']) retrieved from /opt/airflow/dags/dataDragon_dag.py
[2022-06-12 22:04:17,932] {logging_mixin.py:109} INFO - [2022-06-12 22:04:17,932] {dag.py:2398} INFO - Sync 1 DAGs
[2022-06-12 22:04:17,944] {logging_mixin.py:109} INFO - [2022-06-12 22:04:17,944] {dag.py:2937} INFO - Setting next_dagrun for league_of_legends_dag to 2022-03-31T21:00:00+00:00
[2022-06-12 22:04:17,959] {processor.py:171} INFO - Processing /opt/airflow/dags/dataDragon_dag.py took 0.905 seconds
[2022-06-12 22:04:48,528] {processor.py:163} INFO - Started process (PID=7475) to work on /opt/airflow/dags/dataDragon_dag.py
[2022-06-12 22:04:48,529] {processor.py:642} INFO - Processing file /opt/airflow/dags/dataDragon_dag.py for tasks to queue
[2022-06-12 22:04:48,530] {logging_mixin.py:109} INFO - [2022-06-12 22:04:48,530] {dagbag.py:500} INFO - Filling up the DagBag from /opt/airflow/dags/dataDragon_dag.py
[2022-06-12 22:04:49,233] {processor.py:654} INFO - DAG(s) dict_keys(['league_of_legends_dag']) retrieved from /opt/airflow/dags/dataDragon_dag.py
[2022-06-12 22:04:49,242] {logging_mixin.py:109} INFO - [2022-06-12 22:04:49,242] {dag.py:2398} INFO - Sync 1 DAGs
[2022-06-12 22:04:49,253] {logging_mixin.py:109} INFO - [2022-06-12 22:04:49,253] {dag.py:2937} INFO - Setting next_dagrun for league_of_legends_dag to 2022-03-31T21:00:00+00:00
[2022-06-12 22:04:49,266] {processor.py:171} INFO - Processing /opt/airflow/dags/dataDragon_dag.py took 0.740 seconds
[2022-06-12 22:05:19,341] {processor.py:163} INFO - Started process (PID=7542) to work on /opt/airflow/dags/dataDragon_dag.py
[2022-06-12 22:05:19,341] {processor.py:642} INFO - Processing file /opt/airflow/dags/dataDragon_dag.py for tasks to queue
[2022-06-12 22:05:19,342] {logging_mixin.py:109} INFO - [2022-06-12 22:05:19,342] {dagbag.py:500} INFO - Filling up the DagBag from /opt/airflow/dags/dataDragon_dag.py
[2022-06-12 22:05:20,112] {processor.py:654} INFO - DAG(s) dict_keys(['league_of_legends_dag']) retrieved from /opt/airflow/dags/dataDragon_dag.py
[2022-06-12 22:05:20,121] {logging_mixin.py:109} INFO - [2022-06-12 22:05:20,121] {dag.py:2398} INFO - Sync 1 DAGs
[2022-06-12 22:05:20,131] {logging_mixin.py:109} INFO - [2022-06-12 22:05:20,131] {dag.py:2937} INFO - Setting next_dagrun for league_of_legends_dag to 2022-03-31T21:00:00+00:00
[2022-06-12 22:05:20,139] {processor.py:171} INFO - Processing /opt/airflow/dags/dataDragon_dag.py took 0.800 seconds
[2022-06-12 22:05:50,353] {processor.py:163} INFO - Started process (PID=7608) to work on /opt/airflow/dags/dataDragon_dag.py
[2022-06-12 22:05:50,360] {processor.py:642} INFO - Processing file /opt/airflow/dags/dataDragon_dag.py for tasks to queue
[2022-06-12 22:05:50,360] {logging_mixin.py:109} INFO - [2022-06-12 22:05:50,360] {dagbag.py:500} INFO - Filling up the DagBag from /opt/airflow/dags/dataDragon_dag.py
[2022-06-12 22:05:51,379] {processor.py:654} INFO - DAG(s) dict_keys(['league_of_legends_dag']) retrieved from /opt/airflow/dags/dataDragon_dag.py
[2022-06-12 22:05:51,394] {logging_mixin.py:109} INFO - [2022-06-12 22:05:51,394] {dag.py:2398} INFO - Sync 1 DAGs
[2022-06-12 22:05:51,417] {logging_mixin.py:109} INFO - [2022-06-12 22:05:51,416] {dag.py:2937} INFO - Setting next_dagrun for league_of_legends_dag to 2022-03-31T21:00:00+00:00
[2022-06-12 22:05:51,427] {processor.py:171} INFO - Processing /opt/airflow/dags/dataDragon_dag.py took 1.076 seconds
[2022-06-12 22:06:21,724] {processor.py:163} INFO - Started process (PID=7680) to work on /opt/airflow/dags/dataDragon_dag.py
[2022-06-12 22:06:21,725] {processor.py:642} INFO - Processing file /opt/airflow/dags/dataDragon_dag.py for tasks to queue
[2022-06-12 22:06:21,725] {logging_mixin.py:109} INFO - [2022-06-12 22:06:21,725] {dagbag.py:500} INFO - Filling up the DagBag from /opt/airflow/dags/dataDragon_dag.py
[2022-06-12 22:06:22,409] {processor.py:654} INFO - DAG(s) dict_keys(['league_of_legends_dag']) retrieved from /opt/airflow/dags/dataDragon_dag.py
[2022-06-12 22:06:22,418] {logging_mixin.py:109} INFO - [2022-06-12 22:06:22,418] {dag.py:2398} INFO - Sync 1 DAGs
[2022-06-12 22:06:22,430] {logging_mixin.py:109} INFO - [2022-06-12 22:06:22,430] {dag.py:2937} INFO - Setting next_dagrun for league_of_legends_dag to 2022-03-31T21:00:00+00:00
[2022-06-12 22:06:22,443] {processor.py:171} INFO - Processing /opt/airflow/dags/dataDragon_dag.py took 0.721 seconds
[2022-06-12 22:06:53,189] {processor.py:163} INFO - Started process (PID=7746) to work on /opt/airflow/dags/dataDragon_dag.py
[2022-06-12 22:06:53,204] {processor.py:642} INFO - Processing file /opt/airflow/dags/dataDragon_dag.py for tasks to queue
[2022-06-12 22:06:53,204] {logging_mixin.py:109} INFO - [2022-06-12 22:06:53,204] {dagbag.py:500} INFO - Filling up the DagBag from /opt/airflow/dags/dataDragon_dag.py
[2022-06-12 22:06:53,934] {processor.py:654} INFO - DAG(s) dict_keys(['league_of_legends_dag']) retrieved from /opt/airflow/dags/dataDragon_dag.py
[2022-06-12 22:06:53,943] {logging_mixin.py:109} INFO - [2022-06-12 22:06:53,943] {dag.py:2398} INFO - Sync 1 DAGs
[2022-06-12 22:06:53,955] {logging_mixin.py:109} INFO - [2022-06-12 22:06:53,955] {dag.py:2937} INFO - Setting next_dagrun for league_of_legends_dag to 2022-03-31T21:00:00+00:00
[2022-06-12 22:06:53,968] {processor.py:171} INFO - Processing /opt/airflow/dags/dataDragon_dag.py took 0.781 seconds
[2022-06-12 22:07:23,999] {processor.py:163} INFO - Started process (PID=7818) to work on /opt/airflow/dags/dataDragon_dag.py
[2022-06-12 22:07:24,000] {processor.py:642} INFO - Processing file /opt/airflow/dags/dataDragon_dag.py for tasks to queue
[2022-06-12 22:07:24,000] {logging_mixin.py:109} INFO - [2022-06-12 22:07:24,000] {dagbag.py:500} INFO - Filling up the DagBag from /opt/airflow/dags/dataDragon_dag.py
[2022-06-12 22:07:24,669] {processor.py:654} INFO - DAG(s) dict_keys(['league_of_legends_dag']) retrieved from /opt/airflow/dags/dataDragon_dag.py
[2022-06-12 22:07:24,678] {logging_mixin.py:109} INFO - [2022-06-12 22:07:24,678] {dag.py:2398} INFO - Sync 1 DAGs
[2022-06-12 22:07:24,689] {logging_mixin.py:109} INFO - [2022-06-12 22:07:24,689] {dag.py:2937} INFO - Setting next_dagrun for league_of_legends_dag to 2022-03-31T21:00:00+00:00
[2022-06-12 22:07:24,703] {processor.py:171} INFO - Processing /opt/airflow/dags/dataDragon_dag.py took 0.706 seconds
[2022-06-12 22:07:55,506] {processor.py:163} INFO - Started process (PID=7885) to work on /opt/airflow/dags/dataDragon_dag.py
[2022-06-12 22:07:55,507] {processor.py:642} INFO - Processing file /opt/airflow/dags/dataDragon_dag.py for tasks to queue
[2022-06-12 22:07:55,508] {logging_mixin.py:109} INFO - [2022-06-12 22:07:55,508] {dagbag.py:500} INFO - Filling up the DagBag from /opt/airflow/dags/dataDragon_dag.py
[2022-06-12 22:07:56,176] {processor.py:654} INFO - DAG(s) dict_keys(['league_of_legends_dag']) retrieved from /opt/airflow/dags/dataDragon_dag.py
[2022-06-12 22:07:56,187] {logging_mixin.py:109} INFO - [2022-06-12 22:07:56,187] {dag.py:2398} INFO - Sync 1 DAGs
[2022-06-12 22:07:56,200] {logging_mixin.py:109} INFO - [2022-06-12 22:07:56,200] {dag.py:2937} INFO - Setting next_dagrun for league_of_legends_dag to 2022-03-31T21:00:00+00:00
[2022-06-12 22:07:56,214] {processor.py:171} INFO - Processing /opt/airflow/dags/dataDragon_dag.py took 0.710 seconds
