[2022-06-23 22:03:19,406] {taskinstance.py:1037} INFO - Dependencies all met for <TaskInstance: match_details_dag.azure_toSnowflake_paths.path_players.azure_players_snowflake scheduled__2022-06-20T00:00:00+00:00 [queued]>
[2022-06-23 22:03:19,419] {taskinstance.py:1037} INFO - Dependencies all met for <TaskInstance: match_details_dag.azure_toSnowflake_paths.path_players.azure_players_snowflake scheduled__2022-06-20T00:00:00+00:00 [queued]>
[2022-06-23 22:03:19,419] {taskinstance.py:1243} INFO - 
--------------------------------------------------------------------------------
[2022-06-23 22:03:19,419] {taskinstance.py:1244} INFO - Starting attempt 2 of 2
[2022-06-23 22:03:19,419] {taskinstance.py:1245} INFO - 
--------------------------------------------------------------------------------
[2022-06-23 22:03:19,435] {taskinstance.py:1264} INFO - Executing <Task(AzureDataLakeToSnowflakeTransferOperator): azure_toSnowflake_paths.path_players.azure_players_snowflake> on 2022-06-20 00:00:00+00:00
[2022-06-23 22:03:19,441] {standard_task_runner.py:52} INFO - Started process 1468 to run task
[2022-06-23 22:03:19,445] {standard_task_runner.py:76} INFO - Running: ['***', 'tasks', 'run', 'match_details_dag', 'azure_toSnowflake_paths.path_players.azure_players_snowflake', 'scheduled__2022-06-20T00:00:00+00:00', '--job-id', '311', '--raw', '--subdir', 'DAGS_FOLDER/matchData_dag.py', '--cfg-path', '/tmp/tmpsv5r7vnb', '--error-file', '/tmp/tmpuhcpdk8q']
[2022-06-23 22:03:19,446] {standard_task_runner.py:77} INFO - Job 311: Subtask azure_toSnowflake_paths.path_players.azure_players_snowflake
[2022-06-23 22:03:19,510] {logging_mixin.py:109} INFO - Running <TaskInstance: match_details_dag.azure_toSnowflake_paths.path_players.azure_players_snowflake scheduled__2022-06-20T00:00:00+00:00 [running]> on host ebe3cc7dbee2
[2022-06-23 22:03:19,576] {taskinstance.py:1429} INFO - Exporting the following env vars:
AIRFLOW_CTX_DAG_OWNER=admin
AIRFLOW_CTX_DAG_ID=match_details_dag
AIRFLOW_CTX_TASK_ID=azure_toSnowflake_paths.path_players.azure_players_snowflake
AIRFLOW_CTX_EXECUTION_DATE=2022-06-20T00:00:00+00:00
AIRFLOW_CTX_DAG_RUN_ID=scheduled__2022-06-20T00:00:00+00:00
[2022-06-23 22:03:19,577] {azureToSnowflake.py:73} INFO - Executing COPY command...
[2022-06-23 22:03:19,589] {connection.py:257} INFO - Snowflake Connector for Python Version: 2.7.8, Python Version: 3.8.12, Platform: Linux-5.10.102.1-microsoft-standard-WSL2-x86_64-with-glibc2.2.5
[2022-06-23 22:03:19,590] {connection.py:876} INFO - This connection is in OCSP Fail Open Mode. TLS Certificates would be checked for validity and revocation status. Any other Certificate Revocation related exceptions or OCSP Responder failures would be disregarded in favor of connectivity.
[2022-06-23 22:03:19,590] {connection.py:894} INFO - Setting use_openssl_only mode to False
[2022-06-23 22:03:20,455] {cursor.py:710} INFO - query: [ALTER SESSION SET autocommit=True]
[2022-06-23 22:03:20,551] {cursor.py:734} INFO - query execution done
[2022-06-23 22:03:20,552] {snowflake.py:324} INFO - Running statement: COPY INTO STAGING_PLAYERS
FROM @MY_AZURE_PLAYERS_STAGE/
files=('2022/6/23/22/GOLD.json')
file_format=PLAYERS_FILEFORMAT, parameters: None
[2022-06-23 22:03:20,552] {cursor.py:710} INFO - query: [COPY INTO STAGING_PLAYERS FROM @MY_AZURE_PLAYERS_STAGE/ files=('2022/6/23/22/GOL...]
[2022-06-23 22:03:20,839] {cursor.py:734} INFO - query execution done
[2022-06-23 22:03:20,848] {connection.py:507} INFO - closed
[2022-06-23 22:03:20,980] {connection.py:510} INFO - No async queries seem to be running, deleting session
[2022-06-23 22:03:21,133] {taskinstance.py:1718} ERROR - Task failed with exception
Traceback (most recent call last):
  File "/home/airflow/.local/lib/python3.8/site-packages/airflow/models/taskinstance.py", line 1334, in _run_raw_task
    self._execute_task_with_callbacks(context)
  File "/home/airflow/.local/lib/python3.8/site-packages/airflow/models/taskinstance.py", line 1460, in _execute_task_with_callbacks
    result = self._execute_task(context, self.task)
  File "/home/airflow/.local/lib/python3.8/site-packages/airflow/models/taskinstance.py", line 1516, in _execute_task
    result = execute_callable(context=context)
  File "/opt/airflow/plugins/custom_transfers/azureToSnowflake.py", line 74, in execute
    snowflake_hook.run(copy_query, self.autocommit)
  File "/home/airflow/.local/lib/python3.8/site-packages/airflow/providers/snowflake/hooks/snowflake.py", line 328, in run
    cur.execute(sql_statement)
  File "/home/airflow/.local/lib/python3.8/site-packages/snowflake/connector/cursor.py", line 799, in execute
    Error.errorhandler_wrapper(self.connection, self, error_class, errvalue)
  File "/home/airflow/.local/lib/python3.8/site-packages/snowflake/connector/errors.py", line 273, in errorhandler_wrapper
    handed_over = Error.hand_to_other_handler(
  File "/home/airflow/.local/lib/python3.8/site-packages/snowflake/connector/errors.py", line 328, in hand_to_other_handler
    cursor.errorhandler(connection, cursor, error_class, error_value)
  File "/home/airflow/.local/lib/python3.8/site-packages/snowflake/connector/errors.py", line 207, in default_errorhandler
    raise error_class(
snowflake.connector.errors.ProgrammingError: 091016 (22000): 01a525eb-0000-fcc5-0000-d9690005969a: Remote file 'azure://leagueoflegends.blob.core.windows.net/players/2022/6/23/22/GOLD.json' was not found. If you are running a copy command, please make sure files are not deleted when they are being loaded or files are not being loaded into two different tables concurrently with auto purge option.
[2022-06-23 22:03:21,148] {taskinstance.py:1272} INFO - Marking task as FAILED. dag_id=match_details_dag, task_id=azure_toSnowflake_paths.path_players.azure_players_snowflake, execution_date=20220620T000000, start_date=20220623T220319, end_date=20220623T220321
[2022-06-23 22:03:21,163] {standard_task_runner.py:89} ERROR - Failed to execute job 311 for task azure_toSnowflake_paths.path_players.azure_players_snowflake
Traceback (most recent call last):
  File "/home/airflow/.local/lib/python3.8/site-packages/airflow/task/task_runner/standard_task_runner.py", line 85, in _start_by_fork
    args.func(args, dag=self.dag)
  File "/home/airflow/.local/lib/python3.8/site-packages/airflow/cli/cli_parser.py", line 48, in command
    return func(*args, **kwargs)
  File "/home/airflow/.local/lib/python3.8/site-packages/airflow/utils/cli.py", line 92, in wrapper
    return f(*args, **kwargs)
  File "/home/airflow/.local/lib/python3.8/site-packages/airflow/cli/commands/task_command.py", line 298, in task_run
    _run_task_by_selected_method(args, dag, ti)
  File "/home/airflow/.local/lib/python3.8/site-packages/airflow/cli/commands/task_command.py", line 107, in _run_task_by_selected_method
    _run_raw_task(args, ti)
  File "/home/airflow/.local/lib/python3.8/site-packages/airflow/cli/commands/task_command.py", line 180, in _run_raw_task
    ti._run_raw_task(
  File "/home/airflow/.local/lib/python3.8/site-packages/airflow/utils/session.py", line 70, in wrapper
    return func(*args, session=session, **kwargs)
  File "/home/airflow/.local/lib/python3.8/site-packages/airflow/models/taskinstance.py", line 1334, in _run_raw_task
    self._execute_task_with_callbacks(context)
  File "/home/airflow/.local/lib/python3.8/site-packages/airflow/models/taskinstance.py", line 1460, in _execute_task_with_callbacks
    result = self._execute_task(context, self.task)
  File "/home/airflow/.local/lib/python3.8/site-packages/airflow/models/taskinstance.py", line 1516, in _execute_task
    result = execute_callable(context=context)
  File "/opt/airflow/plugins/custom_transfers/azureToSnowflake.py", line 74, in execute
    snowflake_hook.run(copy_query, self.autocommit)
  File "/home/airflow/.local/lib/python3.8/site-packages/airflow/providers/snowflake/hooks/snowflake.py", line 328, in run
    cur.execute(sql_statement)
  File "/home/airflow/.local/lib/python3.8/site-packages/snowflake/connector/cursor.py", line 799, in execute
    Error.errorhandler_wrapper(self.connection, self, error_class, errvalue)
  File "/home/airflow/.local/lib/python3.8/site-packages/snowflake/connector/errors.py", line 273, in errorhandler_wrapper
    handed_over = Error.hand_to_other_handler(
  File "/home/airflow/.local/lib/python3.8/site-packages/snowflake/connector/errors.py", line 328, in hand_to_other_handler
    cursor.errorhandler(connection, cursor, error_class, error_value)
  File "/home/airflow/.local/lib/python3.8/site-packages/snowflake/connector/errors.py", line 207, in default_errorhandler
    raise error_class(
snowflake.connector.errors.ProgrammingError: 091016 (22000): 01a525eb-0000-fcc5-0000-d9690005969a: Remote file 'azure://leagueoflegends.blob.core.windows.net/players/2022/6/23/22/GOLD.json' was not found. If you are running a copy command, please make sure files are not deleted when they are being loaded or files are not being loaded into two different tables concurrently with auto purge option.
[2022-06-23 22:03:21,185] {local_task_job.py:154} INFO - Task exited with return code 1
[2022-06-23 22:03:21,233] {local_task_job.py:264} INFO - 0 downstream tasks scheduled from follow-on schedule check
