[2022-06-23 18:36:06,569] {taskinstance.py:1037} INFO - Dependencies all met for <TaskInstance: match_details_dag.staging_match_data manual__2022-06-23T18:28:07.937397+00:00 [queued]>
[2022-06-23 18:36:06,578] {taskinstance.py:1037} INFO - Dependencies all met for <TaskInstance: match_details_dag.staging_match_data manual__2022-06-23T18:28:07.937397+00:00 [queued]>
[2022-06-23 18:36:06,579] {taskinstance.py:1243} INFO - 
--------------------------------------------------------------------------------
[2022-06-23 18:36:06,579] {taskinstance.py:1244} INFO - Starting attempt 1 of 2
[2022-06-23 18:36:06,579] {taskinstance.py:1245} INFO - 
--------------------------------------------------------------------------------
[2022-06-23 18:36:06,589] {taskinstance.py:1264} INFO - Executing <Task(riot_matchDetailsToADLSOperator): staging_match_data> on 2022-06-23 18:28:07.937397+00:00
[2022-06-23 18:36:06,593] {standard_task_runner.py:52} INFO - Started process 309 to run task
[2022-06-23 18:36:06,596] {standard_task_runner.py:76} INFO - Running: ['***', 'tasks', 'run', 'match_details_dag', 'staging_match_data', 'manual__2022-06-23T18:28:07.937397+00:00', '--job-id', '283', '--raw', '--subdir', 'DAGS_FOLDER/matchData_dag.py', '--cfg-path', '/tmp/tmpuj1sn474', '--error-file', '/tmp/tmpa79wz8a0']
[2022-06-23 18:36:06,597] {standard_task_runner.py:77} INFO - Job 283: Subtask staging_match_data
[2022-06-23 18:36:06,638] {logging_mixin.py:109} INFO - Running <TaskInstance: match_details_dag.staging_match_data manual__2022-06-23T18:28:07.937397+00:00 [running]> on host ebe3cc7dbee2
[2022-06-23 18:36:06,686] {taskinstance.py:1429} INFO - Exporting the following env vars:
AIRFLOW_CTX_DAG_OWNER=admin
AIRFLOW_CTX_DAG_ID=match_details_dag
AIRFLOW_CTX_TASK_ID=staging_match_data
AIRFLOW_CTX_EXECUTION_DATE=2022-06-23T18:28:07.937397+00:00
AIRFLOW_CTX_DAG_RUN_ID=manual__2022-06-23T18:28:07.937397+00:00
[2022-06-23 18:36:06,687] {riot_matchdetails_toADLS_Operator.py:63} INFO - StageToAzureLake not implemented yet
[2022-06-23 18:36:06,699] {riot_matchdetails_toADLS_Operator.py:72} INFO - <bound method WasbHook.get_conn of <airflow.providers.microsoft.azure.hooks.wasb.WasbHook object at 0x7f9fbbbffac0>>
[2022-06-23 18:36:06,700] {riot_matchdetails_toADLS_Operator.py:73} INFO - Created Azure Connection
[2022-06-23 18:36:06,712] {riot_matchdetails_toADLS_Operator.py:76} INFO - Created Riot Connection
[2022-06-23 18:36:07,082] {Limits.py:87} INFO - rate limit changed from 0/0s to 20/1s
[2022-06-23 18:36:07,082] {Limits.py:87} INFO - rate limit changed from 0/0s to 100/120s
[2022-06-23 18:36:07,082] {Limits.py:87} INFO - rate limit changed from 0/0s to 50/10s
[2022-06-23 18:36:07,083] {logging_mixin.py:109} INFO - [{'leagueId': '49ecb9ed-5b83-4b8f-9d0b-82c1a483ae0f', 'queueType': 'RANKED_SOLO_5x5', 'tier': 'PLATINUM', 'rank': 'I', 'summonerId': 'HdxS18ksOdstUGgfPIsfM4XNFuLAURXzpd91aMErixXM-E3J', 'summonerName': 'SmiteIsDeadGame', 'leaguePoints': 100, 'wins': 19, 'losses': 20, 'veteran': False, 'inactive': False, 'freshBlood': False, 'hotStreak': False, 'miniSeries': {'target': 3, 'wins': 0, 'losses': 0, 'progress': 'NNNNN'}}, {'leagueId': '3077d668-5344-4f97-970b-4965e1d76f5a', 'queueType': 'RANKED_SOLO_5x5', 'tier': 'PLATINUM', 'rank': 'I', 'summonerId': 'etzoRcqNcxdfPl4zkLea-wPSMWpJBDkotzkQ8HQtsvBOuT2L', 'summonerName': 'tuotA', 'leaguePoints': 100, 'wins': 66, 'losses': 58, 'veteran': False, 'inactive': False, 'freshBlood': False, 'hotStreak': False, 'miniSeries': {'target': 3, 'wins': 0, 'losses': 1, 'progress': 'LNNNN'}}, {'leagueId': '8c0a55fe-faf9-4253-92ee-7c41d107892d', 'queueType': 'RANKED_SOLO_5x5', 'tier': 'PLATINUM', 'rank': 'I', 'summonerId': 'wARcLUntLspdDYkV4XpPw7h1rWbhqrEkHwi2O-qYXZH3jx47', 'summonerName': 'McR0an', 'leaguePoints': 100, 'wins': 38, 'losses': 29, 'veteran': False, 'inactive': False, 'freshBlood': False, 'hotStreak': False, 'miniSeries': {'target': 3, 'wins': 0, 'losses': 1, 'progress': 'LNNNN'}}, {'leagueId': '260b1565-e341-442b-baa2-f8d50b601f43', 'queueType': 'RANKED_SOLO_5x5', 'tier': 'PLATINUM', 'rank': 'I', 'summonerId': 'F-bB84IHd4qCn0HHu9ke6xK63_3-u-D1ATGBUvVexeew6kyo', 'summonerName': 'Nenya', 'leaguePoints': 100, 'wins': 68, 'losses': 78, 'veteran': False, 'inactive': False, 'freshBlood': False, 'hotStreak': True, 'miniSeries': {'target': 3, 'wins': 0, 'losses': 0, 'progress': 'NNNNN'}}, {'leagueId': '241a8f12-26cd-4c5f-b002-ef7312c2d8bc', 'queueType': 'RANKED_SOLO_5x5', 'tier': 'PLATINUM', 'rank': 'I', 'summonerId': 'J5ft3DJjIbbyZq7MVZrcEh_xMKfBGElyzz-dc6Zueg6s4FdK', 'summonerName': 'topi conqueror', 'leaguePoints': 100, 'wins': 82, 'losses': 95, 'veteran': False, 'inactive': False, 'freshBlood': False, 'hotStreak': False, 'miniSeries': {'target': 3, 'wins': 0, 'losses': 0, 'progress': 'NNNNN'}}, {'leagueId': '888bd458-9d5b-455b-a602-b0baa7c6a976', 'queueType': 'RANKED_SOLO_5x5', 'tier': 'PLATINUM', 'rank': 'I', 'summonerId': 'CUTAb4tcFsL1BmPDdYn_oi9VW3XBFX7bliK9cfz0zUCUUTha', 'summonerName': 'eeeeek', 'leaguePoints': 100, 'wins': 76, 'losses': 58, 'veteran': False, 'inactive': False, 'freshBlood': False, 'hotStreak': False, 'miniSeries': {'target': 3, 'wins': 0, 'losses': 1, 'progress': 'LNNNN'}}, {'leagueId': '57a24f47-03c4-4b53-b3dd-66da6b9bc902', 'queueType': 'RANKED_SOLO_5x5', 'tier': 'PLATINUM', 'rank': 'I', 'summonerId': 'cfiNlpD114V4KqBBcX1aAt7oAj8eMbjohupPGydEEoTLXFZn', 'summonerName': 'EnterRebirth', 'leaguePoints': 100, 'wins': 25, 'losses': 17, 'veteran': False, 'inactive': False, 'freshBlood': False, 'hotStreak': True, 'miniSeries': {'target': 3, 'wins': 0, 'losses': 0, 'progress': 'NNNNN'}}, {'leagueId': '3311c1ba-3269-42ab-b059-be923729a75e', 'queueType': 'RANKED_SOLO_5x5', 'tier': 'PLATINUM', 'rank': 'I', 'summonerId': 'UbhzhrEbA8LuYZMhb0-iL88GriDSBXV_z-iq4u78PwILAt9R', 'summonerName': 'DlOR YOU', 'leaguePoints': 100, 'wins': 40, 'losses': 43, 'veteran': False, 'inactive': False, 'freshBlood': False, 'hotStreak': False, 'miniSeries': {'target': 3, 'wins': 1, 'losses': 1, 'progress': 'LWNNN'}}, {'leagueId': 'b487adc5-8dae-41b8-9e14-39079d6fe783', 'queueType': 'RANKED_SOLO_5x5', 'tier': 'PLATINUM', 'rank': 'I', 'summonerId': 'auN_LuZip3rGOWBPfOwLo4M723GxmJgOZek-40RhgjGXk4H4', 'summonerName': 'NeekoNeekoN33', 'leaguePoints': 100, 'wins': 71, 'losses': 33, 'veteran': False, 'inactive': False, 'freshBlood': False, 'hotStreak': False, 'miniSeries': {'target': 3, 'wins': 1, 'losses': 2, 'progress': 'WLLNN'}}, {'leagueId': '851c8032-0f57-4b3a-9f98-670180d61d2b', 'queueType': 'RANKED_SOLO_5x5', 'tier': 'PLATINUM', 'rank': 'I', 'summonerId': 'a9xKY_HTycsaAmfSp45dcVTPcB3J4jI64JlWsOOR-ty7FdTb', 'summonerName': 'COFFEE BEST DRUG', 'leaguePoints': 100, 'wins': 65, 'losses': 61, 'veteran': False, 'inactive': False, 'freshBlood': False, 'hotStreak': True, 'miniSeries': {'target': 3, 'wins': 0, 'losses': 0, 'progress': 'NNNNN'}}]
[2022-06-23 18:36:07,167] {Limits.py:87} INFO - rate limit changed from 0/0s to 2000/60s
[2022-06-23 18:36:07,464] {Limits.py:87} INFO - rate limit changed from 0/0s to 20/1s
[2022-06-23 18:36:07,464] {Limits.py:87} INFO - rate limit changed from 0/0s to 100/120s
[2022-06-23 18:36:07,465] {Limits.py:87} INFO - rate limit changed from 0/0s to 500/10s
[2022-06-23 18:36:07,685] {Limits.py:87} INFO - rate limit changed from 0/0s to 250/10s
[2022-06-23 18:36:36,086] {RateLimiterAdapter.py:41} INFO - waiting for 91.378018 seconds...
[2022-06-23 18:36:57,198] {local_task_job.py:211} WARNING - State of this instance has been externally set to failed. Terminating instance.
[2022-06-23 18:36:57,201] {process_utils.py:120} INFO - Sending Signals.SIGTERM to group 309. PIDs of all processes in the group: [309]
[2022-06-23 18:36:57,201] {process_utils.py:75} INFO - Sending the signal Signals.SIGTERM to group 309
[2022-06-23 18:36:57,201] {taskinstance.py:1413} ERROR - Received SIGTERM. Terminating subprocesses.
[2022-06-23 18:36:57,253] {process_utils.py:70} INFO - Process psutil.Process(pid=309, status='terminated', exitcode=0, started='18:36:05') (309) terminated with exit code 0
