[2022-06-20 23:05:41,176] {taskinstance.py:1037} INFO - Dependencies all met for <TaskInstance: match_details_dag.paths.path_players.create_players scheduled__2022-06-20T01:00:00+00:00 [queued]>
[2022-06-20 23:05:41,186] {taskinstance.py:1037} INFO - Dependencies all met for <TaskInstance: match_details_dag.paths.path_players.create_players scheduled__2022-06-20T01:00:00+00:00 [queued]>
[2022-06-20 23:05:41,186] {taskinstance.py:1243} INFO - 
--------------------------------------------------------------------------------
[2022-06-20 23:05:41,186] {taskinstance.py:1244} INFO - Starting attempt 1 of 2
[2022-06-20 23:05:41,186] {taskinstance.py:1245} INFO - 
--------------------------------------------------------------------------------
[2022-06-20 23:05:41,196] {taskinstance.py:1264} INFO - Executing <Task(SnowflakeOperator): paths.path_players.create_players> on 2022-06-20 01:00:00+00:00
[2022-06-20 23:05:41,201] {standard_task_runner.py:52} INFO - Started process 187 to run task
[2022-06-20 23:05:41,204] {standard_task_runner.py:76} INFO - Running: ['***', 'tasks', 'run', 'match_details_dag', 'paths.path_players.create_players', 'scheduled__2022-06-20T01:00:00+00:00', '--job-id', '211', '--raw', '--subdir', 'DAGS_FOLDER/matchData_dag.py', '--cfg-path', '/tmp/tmpw63sbkxe', '--error-file', '/tmp/tmpobvu143i']
[2022-06-20 23:05:41,205] {standard_task_runner.py:77} INFO - Job 211: Subtask paths.path_players.create_players
[2022-06-20 23:05:41,251] {logging_mixin.py:109} INFO - Running <TaskInstance: match_details_dag.paths.path_players.create_players scheduled__2022-06-20T01:00:00+00:00 [running]> on host ebe3cc7dbee2
[2022-06-20 23:05:41,295] {taskinstance.py:1429} INFO - Exporting the following env vars:
AIRFLOW_CTX_DAG_OWNER=admin
AIRFLOW_CTX_DAG_ID=match_details_dag
AIRFLOW_CTX_TASK_ID=paths.path_players.create_players
AIRFLOW_CTX_EXECUTION_DATE=2022-06-20T01:00:00+00:00
AIRFLOW_CTX_DAG_RUN_ID=scheduled__2022-06-20T01:00:00+00:00
[2022-06-20 23:05:41,295] {snowflake.py:118} INFO - Executing: CREATE OR REPLACE TABLE STAGING_PLAYERS (json_data variant);
[2022-06-20 23:05:41,304] {connection.py:257} INFO - Snowflake Connector for Python Version: 2.7.8, Python Version: 3.8.12, Platform: Linux-5.10.102.1-microsoft-standard-WSL2-x86_64-with-glibc2.2.5
[2022-06-20 23:05:41,304] {connection.py:876} INFO - This connection is in OCSP Fail Open Mode. TLS Certificates would be checked for validity and revocation status. Any other Certificate Revocation related exceptions or OCSP Responder failures would be disregarded in favor of connectivity.
[2022-06-20 23:05:41,305] {connection.py:894} INFO - Setting use_openssl_only mode to False
[2022-06-20 23:05:41,964] {cursor.py:710} INFO - query: [ALTER SESSION SET autocommit=True]
[2022-06-20 23:05:42,068] {cursor.py:734} INFO - query execution done
[2022-06-20 23:05:42,069] {snowflake.py:324} INFO - Running statement: CREATE OR REPLACE TABLE STAGING_PLAYERS (json_data variant);, parameters: None
[2022-06-20 23:05:42,069] {cursor.py:710} INFO - query: [CREATE OR REPLACE TABLE STAGING_PLAYERS (json_data variant);]
[2022-06-20 23:05:42,223] {cursor.py:734} INFO - query execution done
[2022-06-20 23:05:42,224] {snowflake.py:334} INFO - Statement execution info - {'status': 'Table STAGING_PLAYERS successfully created.'}
[2022-06-20 23:05:42,224] {snowflake.py:338} INFO - Rows affected: 1
[2022-06-20 23:05:42,225] {snowflake.py:339} INFO - Snowflake query id: 01a51549-0000-fac2-0000-d9690005498e
[2022-06-20 23:05:42,225] {connection.py:507} INFO - closed
[2022-06-20 23:05:42,267] {connection.py:510} INFO - No async queries seem to be running, deleting session
[2022-06-20 23:05:42,367] {taskinstance.py:1272} INFO - Marking task as SUCCESS. dag_id=match_details_dag, task_id=paths.path_players.create_players, execution_date=20220620T010000, start_date=20220620T230541, end_date=20220620T230542
[2022-06-20 23:05:42,420] {local_task_job.py:154} INFO - Task exited with return code 0
[2022-06-20 23:05:42,451] {local_task_job.py:264} INFO - 1 downstream tasks scheduled from follow-on schedule check
