[2022-06-15 00:02:15,332] {taskinstance.py:1037} INFO - Dependencies all met for <TaskInstance: match_details_dag.dbt_run manual__2022-06-15T00:01:53.911524+00:00 [queued]>
[2022-06-15 00:02:15,343] {taskinstance.py:1037} INFO - Dependencies all met for <TaskInstance: match_details_dag.dbt_run manual__2022-06-15T00:01:53.911524+00:00 [queued]>
[2022-06-15 00:02:15,343] {taskinstance.py:1243} INFO - 
--------------------------------------------------------------------------------
[2022-06-15 00:02:15,344] {taskinstance.py:1244} INFO - Starting attempt 1 of 2
[2022-06-15 00:02:15,344] {taskinstance.py:1245} INFO - 
--------------------------------------------------------------------------------
[2022-06-15 00:02:15,355] {taskinstance.py:1264} INFO - Executing <Task(BashOperator): dbt_run> on 2022-06-15 00:01:53.911524+00:00
[2022-06-15 00:02:15,359] {standard_task_runner.py:52} INFO - Started process 241 to run task
[2022-06-15 00:02:15,362] {standard_task_runner.py:76} INFO - Running: ['***', 'tasks', 'run', 'match_details_dag', 'dbt_run', 'manual__2022-06-15T00:01:53.911524+00:00', '--job-id', '115', '--raw', '--subdir', 'DAGS_FOLDER/matchData_dag.py', '--cfg-path', '/tmp/tmpo5y469td', '--error-file', '/tmp/tmp8_qk44o3']
[2022-06-15 00:02:15,362] {standard_task_runner.py:77} INFO - Job 115: Subtask dbt_run
[2022-06-15 00:02:15,415] {logging_mixin.py:109} INFO - Running <TaskInstance: match_details_dag.dbt_run manual__2022-06-15T00:01:53.911524+00:00 [running]> on host ebe3cc7dbee2
[2022-06-15 00:02:15,461] {taskinstance.py:1429} INFO - Exporting the following env vars:
AIRFLOW_CTX_DAG_OWNER=admin
AIRFLOW_CTX_DAG_ID=match_details_dag
AIRFLOW_CTX_TASK_ID=dbt_run
AIRFLOW_CTX_EXECUTION_DATE=2022-06-15T00:01:53.911524+00:00
AIRFLOW_CTX_DAG_RUN_ID=manual__2022-06-15T00:01:53.911524+00:00
[2022-06-15 00:02:15,462] {subprocess.py:62} INFO - Tmp dir root location: 
 /tmp
[2022-06-15 00:02:15,463] {subprocess.py:74} INFO - Running command: ['bash', '-c', 'cd dbt && dbt deps && dbt run']
[2022-06-15 00:02:15,474] {subprocess.py:85} INFO - Output:
[2022-06-15 00:02:15,476] {subprocess.py:89} INFO - bash: line 0: cd: dbt: No such file or directory
[2022-06-15 00:02:15,476] {subprocess.py:93} INFO - Command exited with return code 1
[2022-06-15 00:02:15,488] {taskinstance.py:1718} ERROR - Task failed with exception
Traceback (most recent call last):
  File "/home/airflow/.local/lib/python3.8/site-packages/airflow/models/taskinstance.py", line 1334, in _run_raw_task
    self._execute_task_with_callbacks(context)
  File "/home/airflow/.local/lib/python3.8/site-packages/airflow/models/taskinstance.py", line 1460, in _execute_task_with_callbacks
    result = self._execute_task(context, self.task)
  File "/home/airflow/.local/lib/python3.8/site-packages/airflow/models/taskinstance.py", line 1516, in _execute_task
    result = execute_callable(context=context)
  File "/home/airflow/.local/lib/python3.8/site-packages/airflow/operators/bash.py", line 187, in execute
    raise AirflowException(
airflow.exceptions.AirflowException: Bash command failed. The command returned a non-zero exit code 1.
[2022-06-15 00:02:15,493] {taskinstance.py:1272} INFO - Marking task as UP_FOR_RETRY. dag_id=match_details_dag, task_id=dbt_run, execution_date=20220615T000153, start_date=20220615T000215, end_date=20220615T000215
[2022-06-15 00:02:15,507] {standard_task_runner.py:89} ERROR - Failed to execute job 115 for task dbt_run
Traceback (most recent call last):
  File "/home/airflow/.local/lib/python3.8/site-packages/airflow/task/task_runner/standard_task_runner.py", line 85, in _start_by_fork
    args.func(args, dag=self.dag)
  File "/home/airflow/.local/lib/python3.8/site-packages/airflow/cli/cli_parser.py", line 48, in command
    return func(*args, **kwargs)
  File "/home/airflow/.local/lib/python3.8/site-packages/airflow/utils/cli.py", line 92, in wrapper
    return f(*args, **kwargs)
  File "/home/airflow/.local/lib/python3.8/site-packages/airflow/cli/commands/task_command.py", line 298, in task_run
    _run_task_by_selected_method(args, dag, ti)
  File "/home/airflow/.local/lib/python3.8/site-packages/airflow/cli/commands/task_command.py", line 107, in _run_task_by_selected_method
    _run_raw_task(args, ti)
  File "/home/airflow/.local/lib/python3.8/site-packages/airflow/cli/commands/task_command.py", line 180, in _run_raw_task
    ti._run_raw_task(
  File "/home/airflow/.local/lib/python3.8/site-packages/airflow/utils/session.py", line 70, in wrapper
    return func(*args, session=session, **kwargs)
  File "/home/airflow/.local/lib/python3.8/site-packages/airflow/models/taskinstance.py", line 1334, in _run_raw_task
    self._execute_task_with_callbacks(context)
  File "/home/airflow/.local/lib/python3.8/site-packages/airflow/models/taskinstance.py", line 1460, in _execute_task_with_callbacks
    result = self._execute_task(context, self.task)
  File "/home/airflow/.local/lib/python3.8/site-packages/airflow/models/taskinstance.py", line 1516, in _execute_task
    result = execute_callable(context=context)
  File "/home/airflow/.local/lib/python3.8/site-packages/airflow/operators/bash.py", line 187, in execute
    raise AirflowException(
airflow.exceptions.AirflowException: Bash command failed. The command returned a non-zero exit code 1.
[2022-06-15 00:02:15,534] {local_task_job.py:154} INFO - Task exited with return code 1
[2022-06-15 00:02:15,566] {local_task_job.py:264} INFO - 0 downstream tasks scheduled from follow-on schedule check
