[2022-06-15 19:42:48,941] {taskinstance.py:1037} INFO - Dependencies all met for <TaskInstance: match_details_dag.dbt_run manual__2022-06-15T00:01:53.911524+00:00 [None]>
[2022-06-15 19:42:48,951] {taskinstance.py:1037} INFO - Dependencies all met for <TaskInstance: match_details_dag.dbt_run manual__2022-06-15T00:01:53.911524+00:00 [None]>
[2022-06-15 19:42:48,951] {taskinstance.py:1243} INFO - 
--------------------------------------------------------------------------------
[2022-06-15 19:42:48,951] {taskinstance.py:1244} INFO - Starting attempt 10 of 11
[2022-06-15 19:42:48,951] {taskinstance.py:1245} INFO - 
--------------------------------------------------------------------------------
[2022-06-15 19:42:48,963] {taskinstance.py:1264} INFO - Executing <Task(BashOperator): dbt_run> on 2022-06-15 00:01:53.911524+00:00
[2022-06-15 19:42:48,967] {standard_task_runner.py:52} INFO - Started process 430 to run task
[2022-06-15 19:42:48,969] {standard_task_runner.py:76} INFO - Running: ['***', 'tasks', 'run', 'match_details_dag', 'dbt_run', 'manual__2022-06-15T00:01:53.911524+00:00', '--job-id', '127', '--pool', 'default_pool', '--raw', '--subdir', 'DAGS_FOLDER/matchData_dag.py', '--cfg-path', '/tmp/tmp0aktb0ys', '--error-file', '/tmp/tmpzy7_fn3c']
[2022-06-15 19:42:48,970] {standard_task_runner.py:77} INFO - Job 127: Subtask dbt_run
[2022-06-15 19:42:49,008] {logging_mixin.py:109} INFO - Running <TaskInstance: match_details_dag.dbt_run manual__2022-06-15T00:01:53.911524+00:00 [running]> on host ebe3cc7dbee2
[2022-06-15 19:42:49,048] {taskinstance.py:1429} INFO - Exporting the following env vars:
AIRFLOW_CTX_DAG_OWNER=admin
AIRFLOW_CTX_DAG_ID=match_details_dag
AIRFLOW_CTX_TASK_ID=dbt_run
AIRFLOW_CTX_EXECUTION_DATE=2022-06-15T00:01:53.911524+00:00
AIRFLOW_CTX_DAG_RUN_ID=manual__2022-06-15T00:01:53.911524+00:00
[2022-06-15 19:42:49,049] {subprocess.py:62} INFO - Tmp dir root location: 
 /tmp
[2022-06-15 19:42:49,049] {subprocess.py:74} INFO - Running command: ['bash', '-c', 'cd /opt/***/dbt && dbt deps && dbt run']
[2022-06-15 19:42:49,058] {subprocess.py:85} INFO - Output:
[2022-06-15 19:42:51,906] {subprocess.py:89} INFO - 19:42:51  Running with dbt=1.1.0
[2022-06-15 19:42:52,358] {subprocess.py:89} INFO - 19:42:52  Installing dbt-labs/dbt_utils
[2022-06-15 19:42:52,944] {subprocess.py:89} INFO - 19:42:52    Installed from version 0.8.5
[2022-06-15 19:42:52,945] {subprocess.py:89} INFO - 19:42:52    Up to date!
[2022-06-15 19:42:57,433] {subprocess.py:89} INFO - 19:42:57  Running with dbt=1.1.0
[2022-06-15 19:42:57,647] {subprocess.py:89} INFO - 19:42:57  Found 14 models, 28 tests, 0 snapshots, 0 analyses, 400 macros, 0 operations, 0 seed files, 14 sources, 0 exposures, 0 metrics
[2022-06-15 19:42:57,653] {subprocess.py:89} INFO - 19:42:57
[2022-06-15 19:42:59,256] {subprocess.py:89} INFO - 19:42:59  Concurrency: 10 threads (target='dev')
[2022-06-15 19:42:59,256] {subprocess.py:89} INFO - 19:42:59
[2022-06-15 19:42:59,277] {subprocess.py:89} INFO - 19:42:59  1 of 14 START table model PUBLIC.final_champions ............................... [RUN]
[2022-06-15 19:42:59,280] {subprocess.py:89} INFO - 19:42:59  2 of 14 START table model PUBLIC.final_items ................................... [RUN]
[2022-06-15 19:42:59,285] {subprocess.py:89} INFO - 19:42:59  3 of 14 START table model PUBLIC.final_maps .................................... [RUN]
[2022-06-15 19:42:59,286] {subprocess.py:89} INFO - 19:42:59  4 of 14 START incremental model PUBLIC.final_match_details ..................... [RUN]
[2022-06-15 19:42:59,287] {subprocess.py:89} INFO - 19:42:59  5 of 14 START incremental model PUBLIC.final_match_info ........................ [RUN]
[2022-06-15 19:42:59,288] {subprocess.py:89} INFO - 19:42:59  6 of 14 START table model PUBLIC.final_runes_reforged .......................... [RUN]
[2022-06-15 19:42:59,289] {subprocess.py:89} INFO - 19:42:59  7 of 14 START table model PUBLIC.final_summonerspells .......................... [RUN]
[2022-06-15 19:42:59,290] {subprocess.py:89} INFO - 19:42:59  8 of 14 START view model PUBLIC.stg_champions .................................. [RUN]
[2022-06-15 19:42:59,291] {subprocess.py:89} INFO - 19:42:59  9 of 14 START view model PUBLIC.stg_items ...................................... [RUN]
[2022-06-15 19:42:59,292] {subprocess.py:89} INFO - 19:42:59  10 of 14 START view model PUBLIC.stg_maps ...................................... [RUN]
[2022-06-15 19:43:02,788] {subprocess.py:89} INFO - 19:43:02  3 of 14 OK created table model PUBLIC.final_maps ............................... [[32mSUCCESS 1[0m in 3.50s]
[2022-06-15 19:43:02,793] {subprocess.py:89} INFO - 19:43:02  11 of 14 START view model PUBLIC.stg_match_details ............................. [RUN]
[2022-06-15 19:43:03,204] {subprocess.py:89} INFO - 19:43:03  2 of 14 OK created table model PUBLIC.final_items .............................. [[32mSUCCESS 1[0m in 3.92s]
[2022-06-15 19:43:03,210] {subprocess.py:89} INFO - 19:43:03  12 of 14 START view model PUBLIC.stg_match_info ................................ [RUN]
[2022-06-15 19:43:04,039] {subprocess.py:89} INFO - 19:43:04  8 of 14 OK created view model PUBLIC.stg_champions ............................. [[32mSUCCESS 1[0m in 4.75s]
[2022-06-15 19:43:04,043] {subprocess.py:89} INFO - 19:43:04  13 of 14 START view model PUBLIC.stg_runes_reforged ............................ [RUN]
[2022-06-15 19:43:04,075] {subprocess.py:89} INFO - 19:43:04  10 of 14 OK created view model PUBLIC.stg_maps ................................. [[32mSUCCESS 1[0m in 4.78s]
[2022-06-15 19:43:04,075] {subprocess.py:89} INFO - 19:43:04  11 of 14 OK created view model PUBLIC.stg_match_details ........................ [[32mSUCCESS 1[0m in 1.28s]
[2022-06-15 19:43:04,077] {subprocess.py:89} INFO - 19:43:04  14 of 14 START view model PUBLIC.stg_summonerspells ............................ [RUN]
[2022-06-15 19:43:04,252] {subprocess.py:89} INFO - 19:43:04  9 of 14 OK created view model PUBLIC.stg_items ................................. [[32mSUCCESS 1[0m in 4.94s]
[2022-06-15 19:43:04,685] {subprocess.py:89} INFO - 19:43:04  1 of 14 OK created table model PUBLIC.final_champions .......................... [[32mSUCCESS 1[0m in 5.38s]
[2022-06-15 19:43:04,723] {subprocess.py:89} INFO - 19:43:04  12 of 14 OK created view model PUBLIC.stg_match_info ........................... [[32mSUCCESS 1[0m in 1.48s]
[2022-06-15 19:43:04,968] {subprocess.py:89} INFO - 19:43:04  7 of 14 OK created table model PUBLIC.final_summonerspells ..................... [[32mSUCCESS 1[0m in 5.68s]
[2022-06-15 19:43:04,969] {subprocess.py:89} INFO - 19:43:04  6 of 14 OK created table model PUBLIC.final_runes_reforged ..................... [[32mSUCCESS 1[0m in 5.68s]
[2022-06-15 19:43:05,211] {subprocess.py:89} INFO - 19:43:05  14 of 14 OK created view model PUBLIC.stg_summonerspells ....................... [[32mSUCCESS 1[0m in 1.13s]
[2022-06-15 19:43:05,215] {subprocess.py:89} INFO - 19:43:05  13 of 14 OK created view model PUBLIC.stg_runes_reforged ....................... [[32mSUCCESS 1[0m in 1.17s]
[2022-06-15 19:43:05,375] {subprocess.py:89} INFO - 19:43:05  5 of 14 OK created incremental model PUBLIC.final_match_info ................... [[32mSUCCESS 1[0m in 6.08s]
[2022-06-15 19:43:06,605] {subprocess.py:89} INFO - 19:43:06  4 of 14 OK created incremental model PUBLIC.final_match_details ................ [[32mSUCCESS 1[0m in 7.32s]
[2022-06-15 19:43:06,611] {subprocess.py:89} INFO - 19:43:06
[2022-06-15 19:43:06,611] {subprocess.py:89} INFO - 19:43:06  Finished running 5 table models, 7 view models, 2 incremental models in 8.96s.
[2022-06-15 19:43:06,635] {subprocess.py:89} INFO - 19:43:06
[2022-06-15 19:43:06,635] {subprocess.py:89} INFO - 19:43:06  [32mCompleted successfully[0m
[2022-06-15 19:43:06,636] {subprocess.py:89} INFO - 19:43:06
[2022-06-15 19:43:06,636] {subprocess.py:89} INFO - 19:43:06  Done. PASS=14 WARN=0 ERROR=0 SKIP=0 TOTAL=14
[2022-06-15 19:43:07,551] {subprocess.py:93} INFO - Command exited with return code 0
[2022-06-15 19:43:07,577] {taskinstance.py:1272} INFO - Marking task as SUCCESS. dag_id=match_details_dag, task_id=dbt_run, execution_date=20220615T000153, start_date=20220615T194248, end_date=20220615T194307
[2022-06-15 19:43:07,619] {local_task_job.py:154} INFO - Task exited with return code 0
[2022-06-15 19:43:07,646] {local_task_job.py:264} INFO - 1 downstream tasks scheduled from follow-on schedule check
[2022-06-15 19:43:07,664] {dagrun.py:545} INFO - Marking run <DagRun match_details_dag @ 2022-06-15 00:01:53.911524+00:00: manual__2022-06-15T00:01:53.911524+00:00, externally triggered: True> successful
[2022-06-15 19:43:07,664] {dagrun.py:590} INFO - DagRun Finished: dag_id=match_details_dag, execution_date=2022-06-15 00:01:53.911524+00:00, run_id=manual__2022-06-15T00:01:53.911524+00:00, run_start_date=None, run_end_date=2022-06-15 19:43:07.664728+00:00, run_duration=None, state=success, external_trigger=True, run_type=manual, data_interval_start=2022-06-14 23:00:00+00:00, data_interval_end=2022-06-15 00:00:00+00:00, dag_hash=b925373ce1c327a29164b9d2014f3b33
[2022-06-15 19:43:07,664] {dagrun.py:749} WARNING - Failed to record duration of <DagRun match_details_dag @ 2022-06-15 00:01:53.911524+00:00: manual__2022-06-15T00:01:53.911524+00:00, externally triggered: True>: start_date is not set.
