[2022-05-19 00:00:17,916] {processor.py:163} INFO - Started process (PID=6078) to work on /home/airflow/.local/lib/python3.8/site-packages/airflow/example_dags/example_task_group_decorator.py
[2022-05-19 00:00:17,917] {processor.py:642} INFO - Processing file /home/airflow/.local/lib/python3.8/site-packages/airflow/example_dags/example_task_group_decorator.py for tasks to queue
[2022-05-19 00:00:17,917] {logging_mixin.py:109} INFO - [2022-05-19 00:00:17,917] {dagbag.py:500} INFO - Filling up the DagBag from /home/airflow/.local/lib/python3.8/site-packages/airflow/example_dags/example_task_group_decorator.py
[2022-05-19 00:00:17,973] {processor.py:654} INFO - DAG(s) dict_keys(['example_task_group_decorator']) retrieved from /home/airflow/.local/lib/python3.8/site-packages/airflow/example_dags/example_task_group_decorator.py
[2022-05-19 00:00:18,262] {logging_mixin.py:109} INFO - [2022-05-19 00:00:18,262] {dag.py:2398} INFO - Sync 1 DAGs
[2022-05-19 00:00:18,275] {logging_mixin.py:109} INFO - [2022-05-19 00:00:18,275] {dag.py:2937} INFO - Setting next_dagrun for example_task_group_decorator to 2022-05-18T00:00:18.275510+00:00
[2022-05-19 00:00:18,299] {processor.py:171} INFO - Processing /home/airflow/.local/lib/python3.8/site-packages/airflow/example_dags/example_task_group_decorator.py took 0.385 seconds
[2022-05-19 00:00:48,963] {processor.py:163} INFO - Started process (PID=6163) to work on /home/airflow/.local/lib/python3.8/site-packages/airflow/example_dags/example_task_group_decorator.py
[2022-05-19 00:00:48,965] {processor.py:642} INFO - Processing file /home/airflow/.local/lib/python3.8/site-packages/airflow/example_dags/example_task_group_decorator.py for tasks to queue
[2022-05-19 00:00:48,967] {logging_mixin.py:109} INFO - [2022-05-19 00:00:48,966] {dagbag.py:500} INFO - Filling up the DagBag from /home/airflow/.local/lib/python3.8/site-packages/airflow/example_dags/example_task_group_decorator.py
[2022-05-19 00:00:49,073] {processor.py:654} INFO - DAG(s) dict_keys(['example_task_group_decorator']) retrieved from /home/airflow/.local/lib/python3.8/site-packages/airflow/example_dags/example_task_group_decorator.py
[2022-05-19 00:00:49,505] {logging_mixin.py:109} INFO - [2022-05-19 00:00:49,505] {dag.py:2398} INFO - Sync 1 DAGs
[2022-05-19 00:00:49,520] {logging_mixin.py:109} INFO - [2022-05-19 00:00:49,520] {dag.py:2937} INFO - Setting next_dagrun for example_task_group_decorator to 2022-05-18T00:00:49.520144+00:00
[2022-05-19 00:00:49,538] {processor.py:171} INFO - Processing /home/airflow/.local/lib/python3.8/site-packages/airflow/example_dags/example_task_group_decorator.py took 0.579 seconds
[2022-05-19 00:01:20,201] {processor.py:163} INFO - Started process (PID=6256) to work on /home/airflow/.local/lib/python3.8/site-packages/airflow/example_dags/example_task_group_decorator.py
[2022-05-19 00:01:20,202] {processor.py:642} INFO - Processing file /home/airflow/.local/lib/python3.8/site-packages/airflow/example_dags/example_task_group_decorator.py for tasks to queue
[2022-05-19 00:01:20,203] {logging_mixin.py:109} INFO - [2022-05-19 00:01:20,203] {dagbag.py:500} INFO - Filling up the DagBag from /home/airflow/.local/lib/python3.8/site-packages/airflow/example_dags/example_task_group_decorator.py
[2022-05-19 00:01:20,260] {processor.py:654} INFO - DAG(s) dict_keys(['example_task_group_decorator']) retrieved from /home/airflow/.local/lib/python3.8/site-packages/airflow/example_dags/example_task_group_decorator.py
[2022-05-19 00:01:20,603] {logging_mixin.py:109} INFO - [2022-05-19 00:01:20,602] {dag.py:2398} INFO - Sync 1 DAGs
[2022-05-19 00:01:20,618] {logging_mixin.py:109} INFO - [2022-05-19 00:01:20,618] {dag.py:2937} INFO - Setting next_dagrun for example_task_group_decorator to 2022-05-18T00:01:20.618271+00:00
[2022-05-19 00:01:20,632] {processor.py:171} INFO - Processing /home/airflow/.local/lib/python3.8/site-packages/airflow/example_dags/example_task_group_decorator.py took 0.435 seconds
[2022-05-19 00:01:51,006] {processor.py:163} INFO - Started process (PID=6359) to work on /home/airflow/.local/lib/python3.8/site-packages/airflow/example_dags/example_task_group_decorator.py
[2022-05-19 00:01:51,008] {processor.py:642} INFO - Processing file /home/airflow/.local/lib/python3.8/site-packages/airflow/example_dags/example_task_group_decorator.py for tasks to queue
[2022-05-19 00:01:51,009] {logging_mixin.py:109} INFO - [2022-05-19 00:01:51,008] {dagbag.py:500} INFO - Filling up the DagBag from /home/airflow/.local/lib/python3.8/site-packages/airflow/example_dags/example_task_group_decorator.py
[2022-05-19 00:01:51,051] {processor.py:654} INFO - DAG(s) dict_keys(['example_task_group_decorator']) retrieved from /home/airflow/.local/lib/python3.8/site-packages/airflow/example_dags/example_task_group_decorator.py
[2022-05-19 00:01:51,331] {logging_mixin.py:109} INFO - [2022-05-19 00:01:51,330] {dag.py:2398} INFO - Sync 1 DAGs
[2022-05-19 00:01:51,344] {logging_mixin.py:109} INFO - [2022-05-19 00:01:51,344] {dag.py:2937} INFO - Setting next_dagrun for example_task_group_decorator to 2022-05-18T00:01:51.344206+00:00
[2022-05-19 00:01:51,358] {processor.py:171} INFO - Processing /home/airflow/.local/lib/python3.8/site-packages/airflow/example_dags/example_task_group_decorator.py took 0.354 seconds
[2022-05-19 00:02:21,442] {processor.py:163} INFO - Started process (PID=6452) to work on /home/airflow/.local/lib/python3.8/site-packages/airflow/example_dags/example_task_group_decorator.py
[2022-05-19 00:02:21,443] {processor.py:642} INFO - Processing file /home/airflow/.local/lib/python3.8/site-packages/airflow/example_dags/example_task_group_decorator.py for tasks to queue
[2022-05-19 00:02:21,444] {logging_mixin.py:109} INFO - [2022-05-19 00:02:21,444] {dagbag.py:500} INFO - Filling up the DagBag from /home/airflow/.local/lib/python3.8/site-packages/airflow/example_dags/example_task_group_decorator.py
[2022-05-19 00:02:21,486] {processor.py:654} INFO - DAG(s) dict_keys(['example_task_group_decorator']) retrieved from /home/airflow/.local/lib/python3.8/site-packages/airflow/example_dags/example_task_group_decorator.py
[2022-05-19 00:02:21,754] {logging_mixin.py:109} INFO - [2022-05-19 00:02:21,754] {dag.py:2398} INFO - Sync 1 DAGs
[2022-05-19 00:02:21,768] {logging_mixin.py:109} INFO - [2022-05-19 00:02:21,768] {dag.py:2937} INFO - Setting next_dagrun for example_task_group_decorator to 2022-05-18T00:02:21.768000+00:00
[2022-05-19 00:02:21,782] {processor.py:171} INFO - Processing /home/airflow/.local/lib/python3.8/site-packages/airflow/example_dags/example_task_group_decorator.py took 0.343 seconds
[2022-05-19 00:02:52,670] {processor.py:163} INFO - Started process (PID=6536) to work on /home/airflow/.local/lib/python3.8/site-packages/airflow/example_dags/example_task_group_decorator.py
[2022-05-19 00:02:52,672] {processor.py:642} INFO - Processing file /home/airflow/.local/lib/python3.8/site-packages/airflow/example_dags/example_task_group_decorator.py for tasks to queue
[2022-05-19 00:02:52,672] {logging_mixin.py:109} INFO - [2022-05-19 00:02:52,672] {dagbag.py:500} INFO - Filling up the DagBag from /home/airflow/.local/lib/python3.8/site-packages/airflow/example_dags/example_task_group_decorator.py
[2022-05-19 00:02:52,711] {processor.py:654} INFO - DAG(s) dict_keys(['example_task_group_decorator']) retrieved from /home/airflow/.local/lib/python3.8/site-packages/airflow/example_dags/example_task_group_decorator.py
[2022-05-19 00:02:52,984] {logging_mixin.py:109} INFO - [2022-05-19 00:02:52,984] {dag.py:2398} INFO - Sync 1 DAGs
[2022-05-19 00:02:52,997] {logging_mixin.py:109} INFO - [2022-05-19 00:02:52,997] {dag.py:2937} INFO - Setting next_dagrun for example_task_group_decorator to 2022-05-18T00:02:52.997341+00:00
[2022-05-19 00:02:53,008] {processor.py:171} INFO - Processing /home/airflow/.local/lib/python3.8/site-packages/airflow/example_dags/example_task_group_decorator.py took 0.339 seconds
[2022-05-19 00:03:23,797] {processor.py:163} INFO - Started process (PID=6604) to work on /home/airflow/.local/lib/python3.8/site-packages/airflow/example_dags/example_task_group_decorator.py
[2022-05-19 00:03:23,798] {processor.py:642} INFO - Processing file /home/airflow/.local/lib/python3.8/site-packages/airflow/example_dags/example_task_group_decorator.py for tasks to queue
[2022-05-19 00:03:23,798] {logging_mixin.py:109} INFO - [2022-05-19 00:03:23,798] {dagbag.py:500} INFO - Filling up the DagBag from /home/airflow/.local/lib/python3.8/site-packages/airflow/example_dags/example_task_group_decorator.py
[2022-05-19 00:03:23,850] {processor.py:654} INFO - DAG(s) dict_keys(['example_task_group_decorator']) retrieved from /home/airflow/.local/lib/python3.8/site-packages/airflow/example_dags/example_task_group_decorator.py
[2022-05-19 00:03:24,155] {logging_mixin.py:109} INFO - [2022-05-19 00:03:24,155] {dag.py:2398} INFO - Sync 1 DAGs
[2022-05-19 00:03:24,166] {logging_mixin.py:109} INFO - [2022-05-19 00:03:24,166] {dag.py:2937} INFO - Setting next_dagrun for example_task_group_decorator to 2022-05-18T00:03:24.166443+00:00
[2022-05-19 00:03:24,177] {processor.py:171} INFO - Processing /home/airflow/.local/lib/python3.8/site-packages/airflow/example_dags/example_task_group_decorator.py took 0.381 seconds
[2022-05-19 00:03:55,003] {processor.py:163} INFO - Started process (PID=6697) to work on /home/airflow/.local/lib/python3.8/site-packages/airflow/example_dags/example_task_group_decorator.py
[2022-05-19 00:03:55,005] {processor.py:642} INFO - Processing file /home/airflow/.local/lib/python3.8/site-packages/airflow/example_dags/example_task_group_decorator.py for tasks to queue
[2022-05-19 00:03:55,006] {logging_mixin.py:109} INFO - [2022-05-19 00:03:55,006] {dagbag.py:500} INFO - Filling up the DagBag from /home/airflow/.local/lib/python3.8/site-packages/airflow/example_dags/example_task_group_decorator.py
[2022-05-19 00:03:55,072] {processor.py:654} INFO - DAG(s) dict_keys(['example_task_group_decorator']) retrieved from /home/airflow/.local/lib/python3.8/site-packages/airflow/example_dags/example_task_group_decorator.py
[2022-05-19 00:03:55,367] {logging_mixin.py:109} INFO - [2022-05-19 00:03:55,367] {dag.py:2398} INFO - Sync 1 DAGs
[2022-05-19 00:03:55,379] {logging_mixin.py:109} INFO - [2022-05-19 00:03:55,379] {dag.py:2937} INFO - Setting next_dagrun for example_task_group_decorator to 2022-05-18T00:03:55.378808+00:00
[2022-05-19 00:03:55,403] {processor.py:171} INFO - Processing /home/airflow/.local/lib/python3.8/site-packages/airflow/example_dags/example_task_group_decorator.py took 0.402 seconds
[2022-05-19 00:04:25,591] {processor.py:163} INFO - Started process (PID=6781) to work on /home/airflow/.local/lib/python3.8/site-packages/airflow/example_dags/example_task_group_decorator.py
[2022-05-19 00:04:25,592] {processor.py:642} INFO - Processing file /home/airflow/.local/lib/python3.8/site-packages/airflow/example_dags/example_task_group_decorator.py for tasks to queue
[2022-05-19 00:04:25,593] {logging_mixin.py:109} INFO - [2022-05-19 00:04:25,592] {dagbag.py:500} INFO - Filling up the DagBag from /home/airflow/.local/lib/python3.8/site-packages/airflow/example_dags/example_task_group_decorator.py
[2022-05-19 00:04:25,630] {processor.py:654} INFO - DAG(s) dict_keys(['example_task_group_decorator']) retrieved from /home/airflow/.local/lib/python3.8/site-packages/airflow/example_dags/example_task_group_decorator.py
[2022-05-19 00:04:25,864] {logging_mixin.py:109} INFO - [2022-05-19 00:04:25,864] {dag.py:2398} INFO - Sync 1 DAGs
[2022-05-19 00:04:25,876] {logging_mixin.py:109} INFO - [2022-05-19 00:04:25,876] {dag.py:2937} INFO - Setting next_dagrun for example_task_group_decorator to 2022-05-18T00:04:25.875873+00:00
[2022-05-19 00:04:25,894] {processor.py:171} INFO - Processing /home/airflow/.local/lib/python3.8/site-packages/airflow/example_dags/example_task_group_decorator.py took 0.305 seconds
[2022-05-19 00:04:56,049] {processor.py:163} INFO - Started process (PID=6875) to work on /home/airflow/.local/lib/python3.8/site-packages/airflow/example_dags/example_task_group_decorator.py
[2022-05-19 00:04:56,050] {processor.py:642} INFO - Processing file /home/airflow/.local/lib/python3.8/site-packages/airflow/example_dags/example_task_group_decorator.py for tasks to queue
[2022-05-19 00:04:56,051] {logging_mixin.py:109} INFO - [2022-05-19 00:04:56,050] {dagbag.py:500} INFO - Filling up the DagBag from /home/airflow/.local/lib/python3.8/site-packages/airflow/example_dags/example_task_group_decorator.py
[2022-05-19 00:04:56,095] {processor.py:654} INFO - DAG(s) dict_keys(['example_task_group_decorator']) retrieved from /home/airflow/.local/lib/python3.8/site-packages/airflow/example_dags/example_task_group_decorator.py
[2022-05-19 00:04:56,367] {logging_mixin.py:109} INFO - [2022-05-19 00:04:56,366] {dag.py:2398} INFO - Sync 1 DAGs
[2022-05-19 00:04:56,386] {logging_mixin.py:109} INFO - [2022-05-19 00:04:56,386] {dag.py:2937} INFO - Setting next_dagrun for example_task_group_decorator to 2022-05-18T00:04:56.386541+00:00
[2022-05-19 00:04:56,411] {processor.py:171} INFO - Processing /home/airflow/.local/lib/python3.8/site-packages/airflow/example_dags/example_task_group_decorator.py took 0.364 seconds
[2022-05-19 00:05:27,371] {processor.py:163} INFO - Started process (PID=6961) to work on /home/airflow/.local/lib/python3.8/site-packages/airflow/example_dags/example_task_group_decorator.py
[2022-05-19 00:05:27,372] {processor.py:642} INFO - Processing file /home/airflow/.local/lib/python3.8/site-packages/airflow/example_dags/example_task_group_decorator.py for tasks to queue
[2022-05-19 00:05:27,373] {logging_mixin.py:109} INFO - [2022-05-19 00:05:27,372] {dagbag.py:500} INFO - Filling up the DagBag from /home/airflow/.local/lib/python3.8/site-packages/airflow/example_dags/example_task_group_decorator.py
[2022-05-19 00:05:27,457] {processor.py:654} INFO - DAG(s) dict_keys(['example_task_group_decorator']) retrieved from /home/airflow/.local/lib/python3.8/site-packages/airflow/example_dags/example_task_group_decorator.py
[2022-05-19 00:05:27,800] {logging_mixin.py:109} INFO - [2022-05-19 00:05:27,800] {dag.py:2398} INFO - Sync 1 DAGs
[2022-05-19 00:05:27,828] {logging_mixin.py:109} INFO - [2022-05-19 00:05:27,828] {dag.py:2937} INFO - Setting next_dagrun for example_task_group_decorator to 2022-05-18T00:05:27.828190+00:00
[2022-05-19 00:05:27,848] {processor.py:171} INFO - Processing /home/airflow/.local/lib/python3.8/site-packages/airflow/example_dags/example_task_group_decorator.py took 0.480 seconds
[2022-05-19 00:05:57,987] {processor.py:163} INFO - Started process (PID=7063) to work on /home/airflow/.local/lib/python3.8/site-packages/airflow/example_dags/example_task_group_decorator.py
[2022-05-19 00:05:57,988] {processor.py:642} INFO - Processing file /home/airflow/.local/lib/python3.8/site-packages/airflow/example_dags/example_task_group_decorator.py for tasks to queue
[2022-05-19 00:05:57,989] {logging_mixin.py:109} INFO - [2022-05-19 00:05:57,988] {dagbag.py:500} INFO - Filling up the DagBag from /home/airflow/.local/lib/python3.8/site-packages/airflow/example_dags/example_task_group_decorator.py
[2022-05-19 00:05:58,034] {processor.py:654} INFO - DAG(s) dict_keys(['example_task_group_decorator']) retrieved from /home/airflow/.local/lib/python3.8/site-packages/airflow/example_dags/example_task_group_decorator.py
[2022-05-19 00:05:58,311] {logging_mixin.py:109} INFO - [2022-05-19 00:05:58,311] {dag.py:2398} INFO - Sync 1 DAGs
[2022-05-19 00:05:58,324] {logging_mixin.py:109} INFO - [2022-05-19 00:05:58,324] {dag.py:2937} INFO - Setting next_dagrun for example_task_group_decorator to 2022-05-18T00:05:58.324082+00:00
[2022-05-19 00:05:58,337] {processor.py:171} INFO - Processing /home/airflow/.local/lib/python3.8/site-packages/airflow/example_dags/example_task_group_decorator.py took 0.353 seconds
[2022-05-19 00:06:28,820] {processor.py:163} INFO - Started process (PID=7173) to work on /home/airflow/.local/lib/python3.8/site-packages/airflow/example_dags/example_task_group_decorator.py
[2022-05-19 00:06:28,827] {processor.py:642} INFO - Processing file /home/airflow/.local/lib/python3.8/site-packages/airflow/example_dags/example_task_group_decorator.py for tasks to queue
[2022-05-19 00:06:28,827] {logging_mixin.py:109} INFO - [2022-05-19 00:06:28,827] {dagbag.py:500} INFO - Filling up the DagBag from /home/airflow/.local/lib/python3.8/site-packages/airflow/example_dags/example_task_group_decorator.py
[2022-05-19 00:06:28,868] {processor.py:654} INFO - DAG(s) dict_keys(['example_task_group_decorator']) retrieved from /home/airflow/.local/lib/python3.8/site-packages/airflow/example_dags/example_task_group_decorator.py
[2022-05-19 00:06:29,188] {logging_mixin.py:109} INFO - [2022-05-19 00:06:29,188] {dag.py:2398} INFO - Sync 1 DAGs
[2022-05-19 00:06:29,212] {logging_mixin.py:109} INFO - [2022-05-19 00:06:29,212] {dag.py:2937} INFO - Setting next_dagrun for example_task_group_decorator to 2022-05-18T00:06:29.212338+00:00
[2022-05-19 00:06:29,235] {processor.py:171} INFO - Processing /home/airflow/.local/lib/python3.8/site-packages/airflow/example_dags/example_task_group_decorator.py took 0.418 seconds
[2022-05-19 00:06:59,469] {processor.py:163} INFO - Started process (PID=7257) to work on /home/airflow/.local/lib/python3.8/site-packages/airflow/example_dags/example_task_group_decorator.py
[2022-05-19 00:06:59,470] {processor.py:642} INFO - Processing file /home/airflow/.local/lib/python3.8/site-packages/airflow/example_dags/example_task_group_decorator.py for tasks to queue
[2022-05-19 00:06:59,471] {logging_mixin.py:109} INFO - [2022-05-19 00:06:59,470] {dagbag.py:500} INFO - Filling up the DagBag from /home/airflow/.local/lib/python3.8/site-packages/airflow/example_dags/example_task_group_decorator.py
[2022-05-19 00:06:59,515] {processor.py:654} INFO - DAG(s) dict_keys(['example_task_group_decorator']) retrieved from /home/airflow/.local/lib/python3.8/site-packages/airflow/example_dags/example_task_group_decorator.py
[2022-05-19 00:06:59,794] {logging_mixin.py:109} INFO - [2022-05-19 00:06:59,794] {dag.py:2398} INFO - Sync 1 DAGs
[2022-05-19 00:06:59,809] {logging_mixin.py:109} INFO - [2022-05-19 00:06:59,809] {dag.py:2937} INFO - Setting next_dagrun for example_task_group_decorator to 2022-05-18T00:06:59.809339+00:00
[2022-05-19 00:06:59,822] {processor.py:171} INFO - Processing /home/airflow/.local/lib/python3.8/site-packages/airflow/example_dags/example_task_group_decorator.py took 0.357 seconds
[2022-05-19 00:07:30,544] {processor.py:163} INFO - Started process (PID=7325) to work on /home/airflow/.local/lib/python3.8/site-packages/airflow/example_dags/example_task_group_decorator.py
[2022-05-19 00:07:30,553] {processor.py:642} INFO - Processing file /home/airflow/.local/lib/python3.8/site-packages/airflow/example_dags/example_task_group_decorator.py for tasks to queue
[2022-05-19 00:07:30,553] {logging_mixin.py:109} INFO - [2022-05-19 00:07:30,553] {dagbag.py:500} INFO - Filling up the DagBag from /home/airflow/.local/lib/python3.8/site-packages/airflow/example_dags/example_task_group_decorator.py
[2022-05-19 00:07:30,671] {processor.py:654} INFO - DAG(s) dict_keys(['example_task_group_decorator']) retrieved from /home/airflow/.local/lib/python3.8/site-packages/airflow/example_dags/example_task_group_decorator.py
[2022-05-19 00:07:31,024] {logging_mixin.py:109} INFO - [2022-05-19 00:07:31,024] {dag.py:2398} INFO - Sync 1 DAGs
[2022-05-19 00:07:31,037] {logging_mixin.py:109} INFO - [2022-05-19 00:07:31,037] {dag.py:2937} INFO - Setting next_dagrun for example_task_group_decorator to 2022-05-18T00:07:31.036913+00:00
[2022-05-19 00:07:31,048] {processor.py:171} INFO - Processing /home/airflow/.local/lib/python3.8/site-packages/airflow/example_dags/example_task_group_decorator.py took 0.507 seconds
[2022-05-19 00:08:01,489] {processor.py:163} INFO - Started process (PID=7418) to work on /home/airflow/.local/lib/python3.8/site-packages/airflow/example_dags/example_task_group_decorator.py
[2022-05-19 00:08:01,490] {processor.py:642} INFO - Processing file /home/airflow/.local/lib/python3.8/site-packages/airflow/example_dags/example_task_group_decorator.py for tasks to queue
[2022-05-19 00:08:01,490] {logging_mixin.py:109} INFO - [2022-05-19 00:08:01,490] {dagbag.py:500} INFO - Filling up the DagBag from /home/airflow/.local/lib/python3.8/site-packages/airflow/example_dags/example_task_group_decorator.py
[2022-05-19 00:08:01,529] {processor.py:654} INFO - DAG(s) dict_keys(['example_task_group_decorator']) retrieved from /home/airflow/.local/lib/python3.8/site-packages/airflow/example_dags/example_task_group_decorator.py
[2022-05-19 00:08:01,801] {logging_mixin.py:109} INFO - [2022-05-19 00:08:01,801] {dag.py:2398} INFO - Sync 1 DAGs
[2022-05-19 00:08:01,814] {logging_mixin.py:109} INFO - [2022-05-19 00:08:01,813] {dag.py:2937} INFO - Setting next_dagrun for example_task_group_decorator to 2022-05-18T00:08:01.813637+00:00
[2022-05-19 00:08:01,827] {processor.py:171} INFO - Processing /home/airflow/.local/lib/python3.8/site-packages/airflow/example_dags/example_task_group_decorator.py took 0.339 seconds
[2022-05-19 00:08:32,419] {processor.py:163} INFO - Started process (PID=7503) to work on /home/airflow/.local/lib/python3.8/site-packages/airflow/example_dags/example_task_group_decorator.py
[2022-05-19 00:08:32,420] {processor.py:642} INFO - Processing file /home/airflow/.local/lib/python3.8/site-packages/airflow/example_dags/example_task_group_decorator.py for tasks to queue
[2022-05-19 00:08:32,421] {logging_mixin.py:109} INFO - [2022-05-19 00:08:32,421] {dagbag.py:500} INFO - Filling up the DagBag from /home/airflow/.local/lib/python3.8/site-packages/airflow/example_dags/example_task_group_decorator.py
[2022-05-19 00:08:32,489] {processor.py:654} INFO - DAG(s) dict_keys(['example_task_group_decorator']) retrieved from /home/airflow/.local/lib/python3.8/site-packages/airflow/example_dags/example_task_group_decorator.py
[2022-05-19 00:08:32,773] {logging_mixin.py:109} INFO - [2022-05-19 00:08:32,773] {dag.py:2398} INFO - Sync 1 DAGs
[2022-05-19 00:08:32,787] {logging_mixin.py:109} INFO - [2022-05-19 00:08:32,787] {dag.py:2937} INFO - Setting next_dagrun for example_task_group_decorator to 2022-05-18T00:08:32.786838+00:00
[2022-05-19 00:08:32,798] {processor.py:171} INFO - Processing /home/airflow/.local/lib/python3.8/site-packages/airflow/example_dags/example_task_group_decorator.py took 0.382 seconds
[2022-05-19 00:09:02,987] {processor.py:163} INFO - Started process (PID=7598) to work on /home/airflow/.local/lib/python3.8/site-packages/airflow/example_dags/example_task_group_decorator.py
[2022-05-19 00:09:02,988] {processor.py:642} INFO - Processing file /home/airflow/.local/lib/python3.8/site-packages/airflow/example_dags/example_task_group_decorator.py for tasks to queue
[2022-05-19 00:09:02,988] {logging_mixin.py:109} INFO - [2022-05-19 00:09:02,988] {dagbag.py:500} INFO - Filling up the DagBag from /home/airflow/.local/lib/python3.8/site-packages/airflow/example_dags/example_task_group_decorator.py
[2022-05-19 00:09:03,024] {processor.py:654} INFO - DAG(s) dict_keys(['example_task_group_decorator']) retrieved from /home/airflow/.local/lib/python3.8/site-packages/airflow/example_dags/example_task_group_decorator.py
[2022-05-19 00:09:03,301] {logging_mixin.py:109} INFO - [2022-05-19 00:09:03,301] {dag.py:2398} INFO - Sync 1 DAGs
[2022-05-19 00:09:03,314] {logging_mixin.py:109} INFO - [2022-05-19 00:09:03,314] {dag.py:2937} INFO - Setting next_dagrun for example_task_group_decorator to 2022-05-18T00:09:03.314273+00:00
[2022-05-19 00:09:03,328] {processor.py:171} INFO - Processing /home/airflow/.local/lib/python3.8/site-packages/airflow/example_dags/example_task_group_decorator.py took 0.344 seconds
[2022-05-19 00:09:33,724] {processor.py:163} INFO - Started process (PID=7682) to work on /home/airflow/.local/lib/python3.8/site-packages/airflow/example_dags/example_task_group_decorator.py
[2022-05-19 00:09:33,725] {processor.py:642} INFO - Processing file /home/airflow/.local/lib/python3.8/site-packages/airflow/example_dags/example_task_group_decorator.py for tasks to queue
[2022-05-19 00:09:33,726] {logging_mixin.py:109} INFO - [2022-05-19 00:09:33,726] {dagbag.py:500} INFO - Filling up the DagBag from /home/airflow/.local/lib/python3.8/site-packages/airflow/example_dags/example_task_group_decorator.py
[2022-05-19 00:09:33,770] {processor.py:654} INFO - DAG(s) dict_keys(['example_task_group_decorator']) retrieved from /home/airflow/.local/lib/python3.8/site-packages/airflow/example_dags/example_task_group_decorator.py
[2022-05-19 00:09:34,059] {logging_mixin.py:109} INFO - [2022-05-19 00:09:34,059] {dag.py:2398} INFO - Sync 1 DAGs
[2022-05-19 00:09:34,075] {logging_mixin.py:109} INFO - [2022-05-19 00:09:34,075] {dag.py:2937} INFO - Setting next_dagrun for example_task_group_decorator to 2022-05-18T00:09:34.075524+00:00
[2022-05-19 00:09:34,091] {processor.py:171} INFO - Processing /home/airflow/.local/lib/python3.8/site-packages/airflow/example_dags/example_task_group_decorator.py took 0.368 seconds
[2022-05-19 00:10:04,113] {processor.py:163} INFO - Started process (PID=7802) to work on /home/airflow/.local/lib/python3.8/site-packages/airflow/example_dags/example_task_group_decorator.py
[2022-05-19 00:10:04,113] {processor.py:642} INFO - Processing file /home/airflow/.local/lib/python3.8/site-packages/airflow/example_dags/example_task_group_decorator.py for tasks to queue
[2022-05-19 00:10:04,114] {logging_mixin.py:109} INFO - [2022-05-19 00:10:04,114] {dagbag.py:500} INFO - Filling up the DagBag from /home/airflow/.local/lib/python3.8/site-packages/airflow/example_dags/example_task_group_decorator.py
[2022-05-19 00:10:04,159] {processor.py:654} INFO - DAG(s) dict_keys(['example_task_group_decorator']) retrieved from /home/airflow/.local/lib/python3.8/site-packages/airflow/example_dags/example_task_group_decorator.py
[2022-05-19 00:10:04,402] {logging_mixin.py:109} INFO - [2022-05-19 00:10:04,402] {dag.py:2398} INFO - Sync 1 DAGs
[2022-05-19 00:10:04,413] {logging_mixin.py:109} INFO - [2022-05-19 00:10:04,413] {dag.py:2937} INFO - Setting next_dagrun for example_task_group_decorator to 2022-05-18T00:10:04.412936+00:00
[2022-05-19 00:10:04,431] {processor.py:171} INFO - Processing /home/airflow/.local/lib/python3.8/site-packages/airflow/example_dags/example_task_group_decorator.py took 0.320 seconds
[2022-05-19 00:10:34,750] {processor.py:163} INFO - Started process (PID=7895) to work on /home/airflow/.local/lib/python3.8/site-packages/airflow/example_dags/example_task_group_decorator.py
[2022-05-19 00:10:34,751] {processor.py:642} INFO - Processing file /home/airflow/.local/lib/python3.8/site-packages/airflow/example_dags/example_task_group_decorator.py for tasks to queue
[2022-05-19 00:10:34,752] {logging_mixin.py:109} INFO - [2022-05-19 00:10:34,752] {dagbag.py:500} INFO - Filling up the DagBag from /home/airflow/.local/lib/python3.8/site-packages/airflow/example_dags/example_task_group_decorator.py
[2022-05-19 00:10:34,804] {processor.py:654} INFO - DAG(s) dict_keys(['example_task_group_decorator']) retrieved from /home/airflow/.local/lib/python3.8/site-packages/airflow/example_dags/example_task_group_decorator.py
[2022-05-19 00:10:35,108] {logging_mixin.py:109} INFO - [2022-05-19 00:10:35,108] {dag.py:2398} INFO - Sync 1 DAGs
[2022-05-19 00:10:35,120] {logging_mixin.py:109} INFO - [2022-05-19 00:10:35,120] {dag.py:2937} INFO - Setting next_dagrun for example_task_group_decorator to 2022-05-18T00:10:35.120416+00:00
[2022-05-19 00:10:35,133] {processor.py:171} INFO - Processing /home/airflow/.local/lib/python3.8/site-packages/airflow/example_dags/example_task_group_decorator.py took 0.386 seconds
[2022-05-19 00:11:05,330] {processor.py:163} INFO - Started process (PID=7980) to work on /home/airflow/.local/lib/python3.8/site-packages/airflow/example_dags/example_task_group_decorator.py
[2022-05-19 00:11:05,331] {processor.py:642} INFO - Processing file /home/airflow/.local/lib/python3.8/site-packages/airflow/example_dags/example_task_group_decorator.py for tasks to queue
[2022-05-19 00:11:05,332] {logging_mixin.py:109} INFO - [2022-05-19 00:11:05,332] {dagbag.py:500} INFO - Filling up the DagBag from /home/airflow/.local/lib/python3.8/site-packages/airflow/example_dags/example_task_group_decorator.py
[2022-05-19 00:11:05,384] {processor.py:654} INFO - DAG(s) dict_keys(['example_task_group_decorator']) retrieved from /home/airflow/.local/lib/python3.8/site-packages/airflow/example_dags/example_task_group_decorator.py
[2022-05-19 00:11:05,682] {logging_mixin.py:109} INFO - [2022-05-19 00:11:05,682] {dag.py:2398} INFO - Sync 1 DAGs
[2022-05-19 00:11:05,693] {logging_mixin.py:109} INFO - [2022-05-19 00:11:05,693] {dag.py:2937} INFO - Setting next_dagrun for example_task_group_decorator to 2022-05-18T00:11:05.693658+00:00
[2022-05-19 00:11:05,704] {processor.py:171} INFO - Processing /home/airflow/.local/lib/python3.8/site-packages/airflow/example_dags/example_task_group_decorator.py took 0.376 seconds
[2022-05-19 00:11:35,959] {processor.py:163} INFO - Started process (PID=8100) to work on /home/airflow/.local/lib/python3.8/site-packages/airflow/example_dags/example_task_group_decorator.py
[2022-05-19 00:11:35,961] {processor.py:642} INFO - Processing file /home/airflow/.local/lib/python3.8/site-packages/airflow/example_dags/example_task_group_decorator.py for tasks to queue
[2022-05-19 00:11:35,962] {logging_mixin.py:109} INFO - [2022-05-19 00:11:35,962] {dagbag.py:500} INFO - Filling up the DagBag from /home/airflow/.local/lib/python3.8/site-packages/airflow/example_dags/example_task_group_decorator.py
[2022-05-19 00:11:36,036] {processor.py:654} INFO - DAG(s) dict_keys(['example_task_group_decorator']) retrieved from /home/airflow/.local/lib/python3.8/site-packages/airflow/example_dags/example_task_group_decorator.py
[2022-05-19 00:11:36,396] {logging_mixin.py:109} INFO - [2022-05-19 00:11:36,396] {dag.py:2398} INFO - Sync 1 DAGs
[2022-05-19 00:11:36,413] {logging_mixin.py:109} INFO - [2022-05-19 00:11:36,413] {dag.py:2937} INFO - Setting next_dagrun for example_task_group_decorator to 2022-05-18T00:11:36.413135+00:00
[2022-05-19 00:11:36,433] {processor.py:171} INFO - Processing /home/airflow/.local/lib/python3.8/site-packages/airflow/example_dags/example_task_group_decorator.py took 0.477 seconds
[2022-05-19 00:12:06,477] {processor.py:163} INFO - Started process (PID=8193) to work on /home/airflow/.local/lib/python3.8/site-packages/airflow/example_dags/example_task_group_decorator.py
[2022-05-19 00:12:06,478] {processor.py:642} INFO - Processing file /home/airflow/.local/lib/python3.8/site-packages/airflow/example_dags/example_task_group_decorator.py for tasks to queue
[2022-05-19 00:12:06,479] {logging_mixin.py:109} INFO - [2022-05-19 00:12:06,479] {dagbag.py:500} INFO - Filling up the DagBag from /home/airflow/.local/lib/python3.8/site-packages/airflow/example_dags/example_task_group_decorator.py
[2022-05-19 00:12:06,538] {processor.py:654} INFO - DAG(s) dict_keys(['example_task_group_decorator']) retrieved from /home/airflow/.local/lib/python3.8/site-packages/airflow/example_dags/example_task_group_decorator.py
[2022-05-19 00:12:06,869] {logging_mixin.py:109} INFO - [2022-05-19 00:12:06,869] {dag.py:2398} INFO - Sync 1 DAGs
[2022-05-19 00:12:06,886] {logging_mixin.py:109} INFO - [2022-05-19 00:12:06,886] {dag.py:2937} INFO - Setting next_dagrun for example_task_group_decorator to 2022-05-18T00:12:06.886493+00:00
[2022-05-19 00:12:06,902] {processor.py:171} INFO - Processing /home/airflow/.local/lib/python3.8/site-packages/airflow/example_dags/example_task_group_decorator.py took 0.428 seconds
[2022-05-19 00:12:37,533] {processor.py:163} INFO - Started process (PID=8277) to work on /home/airflow/.local/lib/python3.8/site-packages/airflow/example_dags/example_task_group_decorator.py
[2022-05-19 00:12:37,534] {processor.py:642} INFO - Processing file /home/airflow/.local/lib/python3.8/site-packages/airflow/example_dags/example_task_group_decorator.py for tasks to queue
[2022-05-19 00:12:37,535] {logging_mixin.py:109} INFO - [2022-05-19 00:12:37,534] {dagbag.py:500} INFO - Filling up the DagBag from /home/airflow/.local/lib/python3.8/site-packages/airflow/example_dags/example_task_group_decorator.py
[2022-05-19 00:12:37,593] {processor.py:654} INFO - DAG(s) dict_keys(['example_task_group_decorator']) retrieved from /home/airflow/.local/lib/python3.8/site-packages/airflow/example_dags/example_task_group_decorator.py
[2022-05-19 00:12:38,018] {logging_mixin.py:109} INFO - [2022-05-19 00:12:38,018] {dag.py:2398} INFO - Sync 1 DAGs
[2022-05-19 00:12:38,031] {logging_mixin.py:109} INFO - [2022-05-19 00:12:38,031] {dag.py:2937} INFO - Setting next_dagrun for example_task_group_decorator to 2022-05-18T00:12:38.031160+00:00
[2022-05-19 00:12:38,043] {processor.py:171} INFO - Processing /home/airflow/.local/lib/python3.8/site-packages/airflow/example_dags/example_task_group_decorator.py took 0.513 seconds
[2022-05-19 00:13:08,775] {processor.py:163} INFO - Started process (PID=8362) to work on /home/airflow/.local/lib/python3.8/site-packages/airflow/example_dags/example_task_group_decorator.py
[2022-05-19 00:13:08,782] {processor.py:642} INFO - Processing file /home/airflow/.local/lib/python3.8/site-packages/airflow/example_dags/example_task_group_decorator.py for tasks to queue
[2022-05-19 00:13:08,782] {logging_mixin.py:109} INFO - [2022-05-19 00:13:08,782] {dagbag.py:500} INFO - Filling up the DagBag from /home/airflow/.local/lib/python3.8/site-packages/airflow/example_dags/example_task_group_decorator.py
[2022-05-19 00:13:08,847] {processor.py:654} INFO - DAG(s) dict_keys(['example_task_group_decorator']) retrieved from /home/airflow/.local/lib/python3.8/site-packages/airflow/example_dags/example_task_group_decorator.py
[2022-05-19 00:13:09,104] {logging_mixin.py:109} INFO - [2022-05-19 00:13:09,104] {dag.py:2398} INFO - Sync 1 DAGs
[2022-05-19 00:13:09,116] {logging_mixin.py:109} INFO - [2022-05-19 00:13:09,116] {dag.py:2937} INFO - Setting next_dagrun for example_task_group_decorator to 2022-05-18T00:13:09.116426+00:00
[2022-05-19 00:13:09,132] {processor.py:171} INFO - Processing /home/airflow/.local/lib/python3.8/site-packages/airflow/example_dags/example_task_group_decorator.py took 0.359 seconds
[2022-05-19 00:13:39,157] {processor.py:163} INFO - Started process (PID=8473) to work on /home/airflow/.local/lib/python3.8/site-packages/airflow/example_dags/example_task_group_decorator.py
[2022-05-19 00:13:39,158] {processor.py:642} INFO - Processing file /home/airflow/.local/lib/python3.8/site-packages/airflow/example_dags/example_task_group_decorator.py for tasks to queue
[2022-05-19 00:13:39,159] {logging_mixin.py:109} INFO - [2022-05-19 00:13:39,158] {dagbag.py:500} INFO - Filling up the DagBag from /home/airflow/.local/lib/python3.8/site-packages/airflow/example_dags/example_task_group_decorator.py
[2022-05-19 00:13:39,198] {processor.py:654} INFO - DAG(s) dict_keys(['example_task_group_decorator']) retrieved from /home/airflow/.local/lib/python3.8/site-packages/airflow/example_dags/example_task_group_decorator.py
[2022-05-19 00:13:39,471] {logging_mixin.py:109} INFO - [2022-05-19 00:13:39,471] {dag.py:2398} INFO - Sync 1 DAGs
[2022-05-19 00:13:39,486] {logging_mixin.py:109} INFO - [2022-05-19 00:13:39,486] {dag.py:2937} INFO - Setting next_dagrun for example_task_group_decorator to 2022-05-18T00:13:39.486430+00:00
[2022-05-19 00:13:39,501] {processor.py:171} INFO - Processing /home/airflow/.local/lib/python3.8/site-packages/airflow/example_dags/example_task_group_decorator.py took 0.346 seconds
[2022-05-19 00:14:09,923] {processor.py:163} INFO - Started process (PID=8575) to work on /home/airflow/.local/lib/python3.8/site-packages/airflow/example_dags/example_task_group_decorator.py
[2022-05-19 00:14:09,924] {processor.py:642} INFO - Processing file /home/airflow/.local/lib/python3.8/site-packages/airflow/example_dags/example_task_group_decorator.py for tasks to queue
[2022-05-19 00:14:09,925] {logging_mixin.py:109} INFO - [2022-05-19 00:14:09,925] {dagbag.py:500} INFO - Filling up the DagBag from /home/airflow/.local/lib/python3.8/site-packages/airflow/example_dags/example_task_group_decorator.py
[2022-05-19 00:14:09,965] {processor.py:654} INFO - DAG(s) dict_keys(['example_task_group_decorator']) retrieved from /home/airflow/.local/lib/python3.8/site-packages/airflow/example_dags/example_task_group_decorator.py
[2022-05-19 00:14:10,216] {logging_mixin.py:109} INFO - [2022-05-19 00:14:10,215] {dag.py:2398} INFO - Sync 1 DAGs
[2022-05-19 00:14:10,228] {logging_mixin.py:109} INFO - [2022-05-19 00:14:10,228] {dag.py:2937} INFO - Setting next_dagrun for example_task_group_decorator to 2022-05-18T00:14:10.228374+00:00
[2022-05-19 00:14:10,243] {processor.py:171} INFO - Processing /home/airflow/.local/lib/python3.8/site-packages/airflow/example_dags/example_task_group_decorator.py took 0.322 seconds
[2022-05-19 00:14:40,808] {processor.py:163} INFO - Started process (PID=8660) to work on /home/airflow/.local/lib/python3.8/site-packages/airflow/example_dags/example_task_group_decorator.py
[2022-05-19 00:14:40,809] {processor.py:642} INFO - Processing file /home/airflow/.local/lib/python3.8/site-packages/airflow/example_dags/example_task_group_decorator.py for tasks to queue
[2022-05-19 00:14:40,810] {logging_mixin.py:109} INFO - [2022-05-19 00:14:40,810] {dagbag.py:500} INFO - Filling up the DagBag from /home/airflow/.local/lib/python3.8/site-packages/airflow/example_dags/example_task_group_decorator.py
[2022-05-19 00:14:40,866] {processor.py:654} INFO - DAG(s) dict_keys(['example_task_group_decorator']) retrieved from /home/airflow/.local/lib/python3.8/site-packages/airflow/example_dags/example_task_group_decorator.py
[2022-05-19 00:14:41,217] {logging_mixin.py:109} INFO - [2022-05-19 00:14:41,217] {dag.py:2398} INFO - Sync 1 DAGs
[2022-05-19 00:14:41,239] {logging_mixin.py:109} INFO - [2022-05-19 00:14:41,239] {dag.py:2937} INFO - Setting next_dagrun for example_task_group_decorator to 2022-05-18T00:14:41.238802+00:00
[2022-05-19 00:14:41,256] {processor.py:171} INFO - Processing /home/airflow/.local/lib/python3.8/site-packages/airflow/example_dags/example_task_group_decorator.py took 0.451 seconds
[2022-05-19 00:15:11,324] {processor.py:163} INFO - Started process (PID=8753) to work on /home/airflow/.local/lib/python3.8/site-packages/airflow/example_dags/example_task_group_decorator.py
[2022-05-19 00:15:11,326] {processor.py:642} INFO - Processing file /home/airflow/.local/lib/python3.8/site-packages/airflow/example_dags/example_task_group_decorator.py for tasks to queue
[2022-05-19 00:15:11,327] {logging_mixin.py:109} INFO - [2022-05-19 00:15:11,327] {dagbag.py:500} INFO - Filling up the DagBag from /home/airflow/.local/lib/python3.8/site-packages/airflow/example_dags/example_task_group_decorator.py
[2022-05-19 00:15:11,406] {processor.py:654} INFO - DAG(s) dict_keys(['example_task_group_decorator']) retrieved from /home/airflow/.local/lib/python3.8/site-packages/airflow/example_dags/example_task_group_decorator.py
[2022-05-19 00:15:11,783] {logging_mixin.py:109} INFO - [2022-05-19 00:15:11,783] {dag.py:2398} INFO - Sync 1 DAGs
[2022-05-19 00:15:11,803] {logging_mixin.py:109} INFO - [2022-05-19 00:15:11,803] {dag.py:2937} INFO - Setting next_dagrun for example_task_group_decorator to 2022-05-18T00:15:11.803185+00:00
[2022-05-19 00:15:11,824] {processor.py:171} INFO - Processing /home/airflow/.local/lib/python3.8/site-packages/airflow/example_dags/example_task_group_decorator.py took 0.503 seconds
[2022-05-19 00:15:41,997] {processor.py:163} INFO - Started process (PID=8857) to work on /home/airflow/.local/lib/python3.8/site-packages/airflow/example_dags/example_task_group_decorator.py
[2022-05-19 00:15:41,998] {processor.py:642} INFO - Processing file /home/airflow/.local/lib/python3.8/site-packages/airflow/example_dags/example_task_group_decorator.py for tasks to queue
[2022-05-19 00:15:41,999] {logging_mixin.py:109} INFO - [2022-05-19 00:15:41,999] {dagbag.py:500} INFO - Filling up the DagBag from /home/airflow/.local/lib/python3.8/site-packages/airflow/example_dags/example_task_group_decorator.py
[2022-05-19 00:15:42,044] {processor.py:654} INFO - DAG(s) dict_keys(['example_task_group_decorator']) retrieved from /home/airflow/.local/lib/python3.8/site-packages/airflow/example_dags/example_task_group_decorator.py
[2022-05-19 00:15:42,363] {logging_mixin.py:109} INFO - [2022-05-19 00:15:42,363] {dag.py:2398} INFO - Sync 1 DAGs
[2022-05-19 00:15:42,377] {logging_mixin.py:109} INFO - [2022-05-19 00:15:42,377] {dag.py:2937} INFO - Setting next_dagrun for example_task_group_decorator to 2022-05-18T00:15:42.376979+00:00
[2022-05-19 00:15:42,395] {processor.py:171} INFO - Processing /home/airflow/.local/lib/python3.8/site-packages/airflow/example_dags/example_task_group_decorator.py took 0.401 seconds
[2022-05-19 00:16:13,299] {processor.py:163} INFO - Started process (PID=8941) to work on /home/airflow/.local/lib/python3.8/site-packages/airflow/example_dags/example_task_group_decorator.py
[2022-05-19 00:16:13,306] {processor.py:642} INFO - Processing file /home/airflow/.local/lib/python3.8/site-packages/airflow/example_dags/example_task_group_decorator.py for tasks to queue
[2022-05-19 00:16:13,307] {logging_mixin.py:109} INFO - [2022-05-19 00:16:13,307] {dagbag.py:500} INFO - Filling up the DagBag from /home/airflow/.local/lib/python3.8/site-packages/airflow/example_dags/example_task_group_decorator.py
[2022-05-19 00:16:13,452] {processor.py:654} INFO - DAG(s) dict_keys(['example_task_group_decorator']) retrieved from /home/airflow/.local/lib/python3.8/site-packages/airflow/example_dags/example_task_group_decorator.py
[2022-05-19 00:16:13,732] {logging_mixin.py:109} INFO - [2022-05-19 00:16:13,732] {dag.py:2398} INFO - Sync 1 DAGs
[2022-05-19 00:16:13,746] {logging_mixin.py:109} INFO - [2022-05-19 00:16:13,746] {dag.py:2937} INFO - Setting next_dagrun for example_task_group_decorator to 2022-05-18T00:16:13.746126+00:00
[2022-05-19 00:16:13,758] {processor.py:171} INFO - Processing /home/airflow/.local/lib/python3.8/site-packages/airflow/example_dags/example_task_group_decorator.py took 0.460 seconds
[2022-05-19 00:16:43,829] {processor.py:163} INFO - Started process (PID=9033) to work on /home/airflow/.local/lib/python3.8/site-packages/airflow/example_dags/example_task_group_decorator.py
[2022-05-19 00:16:43,831] {processor.py:642} INFO - Processing file /home/airflow/.local/lib/python3.8/site-packages/airflow/example_dags/example_task_group_decorator.py for tasks to queue
[2022-05-19 00:16:43,831] {logging_mixin.py:109} INFO - [2022-05-19 00:16:43,831] {dagbag.py:500} INFO - Filling up the DagBag from /home/airflow/.local/lib/python3.8/site-packages/airflow/example_dags/example_task_group_decorator.py
[2022-05-19 00:16:43,996] {processor.py:654} INFO - DAG(s) dict_keys(['example_task_group_decorator']) retrieved from /home/airflow/.local/lib/python3.8/site-packages/airflow/example_dags/example_task_group_decorator.py
[2022-05-19 00:16:44,204] {logging_mixin.py:109} INFO - [2022-05-19 00:16:44,204] {dag.py:2398} INFO - Sync 1 DAGs
[2022-05-19 00:16:44,216] {logging_mixin.py:109} INFO - [2022-05-19 00:16:44,216] {dag.py:2937} INFO - Setting next_dagrun for example_task_group_decorator to 2022-05-18T00:16:44.216004+00:00
[2022-05-19 00:16:44,236] {processor.py:171} INFO - Processing /home/airflow/.local/lib/python3.8/site-packages/airflow/example_dags/example_task_group_decorator.py took 0.410 seconds
[2022-05-19 00:17:14,258] {processor.py:163} INFO - Started process (PID=9118) to work on /home/airflow/.local/lib/python3.8/site-packages/airflow/example_dags/example_task_group_decorator.py
[2022-05-19 00:17:14,261] {processor.py:642} INFO - Processing file /home/airflow/.local/lib/python3.8/site-packages/airflow/example_dags/example_task_group_decorator.py for tasks to queue
[2022-05-19 00:17:14,261] {logging_mixin.py:109} INFO - [2022-05-19 00:17:14,261] {dagbag.py:500} INFO - Filling up the DagBag from /home/airflow/.local/lib/python3.8/site-packages/airflow/example_dags/example_task_group_decorator.py
[2022-05-19 00:17:14,396] {processor.py:654} INFO - DAG(s) dict_keys(['example_task_group_decorator']) retrieved from /home/airflow/.local/lib/python3.8/site-packages/airflow/example_dags/example_task_group_decorator.py
[2022-05-19 00:17:14,682] {logging_mixin.py:109} INFO - [2022-05-19 00:17:14,682] {dag.py:2398} INFO - Sync 1 DAGs
[2022-05-19 00:17:14,696] {logging_mixin.py:109} INFO - [2022-05-19 00:17:14,696] {dag.py:2937} INFO - Setting next_dagrun for example_task_group_decorator to 2022-05-18T00:17:14.695773+00:00
[2022-05-19 00:17:14,710] {processor.py:171} INFO - Processing /home/airflow/.local/lib/python3.8/site-packages/airflow/example_dags/example_task_group_decorator.py took 0.455 seconds
[2022-05-19 00:17:44,861] {processor.py:163} INFO - Started process (PID=9203) to work on /home/airflow/.local/lib/python3.8/site-packages/airflow/example_dags/example_task_group_decorator.py
[2022-05-19 00:17:44,862] {processor.py:642} INFO - Processing file /home/airflow/.local/lib/python3.8/site-packages/airflow/example_dags/example_task_group_decorator.py for tasks to queue
[2022-05-19 00:17:44,862] {logging_mixin.py:109} INFO - [2022-05-19 00:17:44,862] {dagbag.py:500} INFO - Filling up the DagBag from /home/airflow/.local/lib/python3.8/site-packages/airflow/example_dags/example_task_group_decorator.py
[2022-05-19 00:17:45,002] {processor.py:654} INFO - DAG(s) dict_keys(['example_task_group_decorator']) retrieved from /home/airflow/.local/lib/python3.8/site-packages/airflow/example_dags/example_task_group_decorator.py
[2022-05-19 00:17:45,220] {logging_mixin.py:109} INFO - [2022-05-19 00:17:45,220] {dag.py:2398} INFO - Sync 1 DAGs
[2022-05-19 00:17:45,234] {logging_mixin.py:109} INFO - [2022-05-19 00:17:45,234] {dag.py:2937} INFO - Setting next_dagrun for example_task_group_decorator to 2022-05-18T00:17:45.234110+00:00
[2022-05-19 00:17:45,247] {processor.py:171} INFO - Processing /home/airflow/.local/lib/python3.8/site-packages/airflow/example_dags/example_task_group_decorator.py took 0.389 seconds
[2022-05-19 00:18:15,519] {processor.py:163} INFO - Started process (PID=9295) to work on /home/airflow/.local/lib/python3.8/site-packages/airflow/example_dags/example_task_group_decorator.py
[2022-05-19 00:18:15,521] {processor.py:642} INFO - Processing file /home/airflow/.local/lib/python3.8/site-packages/airflow/example_dags/example_task_group_decorator.py for tasks to queue
[2022-05-19 00:18:15,521] {logging_mixin.py:109} INFO - [2022-05-19 00:18:15,521] {dagbag.py:500} INFO - Filling up the DagBag from /home/airflow/.local/lib/python3.8/site-packages/airflow/example_dags/example_task_group_decorator.py
[2022-05-19 00:18:15,670] {processor.py:654} INFO - DAG(s) dict_keys(['example_task_group_decorator']) retrieved from /home/airflow/.local/lib/python3.8/site-packages/airflow/example_dags/example_task_group_decorator.py
[2022-05-19 00:18:15,896] {logging_mixin.py:109} INFO - [2022-05-19 00:18:15,895] {dag.py:2398} INFO - Sync 1 DAGs
[2022-05-19 00:18:15,910] {logging_mixin.py:109} INFO - [2022-05-19 00:18:15,910] {dag.py:2937} INFO - Setting next_dagrun for example_task_group_decorator to 2022-05-18T00:18:15.910057+00:00
[2022-05-19 00:18:15,927] {processor.py:171} INFO - Processing /home/airflow/.local/lib/python3.8/site-packages/airflow/example_dags/example_task_group_decorator.py took 0.411 seconds
[2022-05-19 00:18:46,251] {processor.py:163} INFO - Started process (PID=9348) to work on /home/airflow/.local/lib/python3.8/site-packages/airflow/example_dags/example_task_group_decorator.py
[2022-05-19 00:18:46,252] {processor.py:642} INFO - Processing file /home/airflow/.local/lib/python3.8/site-packages/airflow/example_dags/example_task_group_decorator.py for tasks to queue
[2022-05-19 00:18:46,253] {logging_mixin.py:109} INFO - [2022-05-19 00:18:46,253] {dagbag.py:500} INFO - Filling up the DagBag from /home/airflow/.local/lib/python3.8/site-packages/airflow/example_dags/example_task_group_decorator.py
[2022-05-19 00:18:46,451] {processor.py:654} INFO - DAG(s) dict_keys(['example_task_group_decorator']) retrieved from /home/airflow/.local/lib/python3.8/site-packages/airflow/example_dags/example_task_group_decorator.py
[2022-05-19 00:18:46,718] {logging_mixin.py:109} INFO - [2022-05-19 00:18:46,717] {dag.py:2398} INFO - Sync 1 DAGs
[2022-05-19 00:18:46,732] {logging_mixin.py:109} INFO - [2022-05-19 00:18:46,732] {dag.py:2937} INFO - Setting next_dagrun for example_task_group_decorator to 2022-05-18T00:18:46.732337+00:00
[2022-05-19 00:18:46,746] {processor.py:171} INFO - Processing /home/airflow/.local/lib/python3.8/site-packages/airflow/example_dags/example_task_group_decorator.py took 0.500 seconds
[2022-05-19 00:19:17,619] {processor.py:163} INFO - Started process (PID=9441) to work on /home/airflow/.local/lib/python3.8/site-packages/airflow/example_dags/example_task_group_decorator.py
[2022-05-19 00:19:17,620] {processor.py:642} INFO - Processing file /home/airflow/.local/lib/python3.8/site-packages/airflow/example_dags/example_task_group_decorator.py for tasks to queue
[2022-05-19 00:19:17,621] {logging_mixin.py:109} INFO - [2022-05-19 00:19:17,621] {dagbag.py:500} INFO - Filling up the DagBag from /home/airflow/.local/lib/python3.8/site-packages/airflow/example_dags/example_task_group_decorator.py
[2022-05-19 00:19:17,784] {processor.py:654} INFO - DAG(s) dict_keys(['example_task_group_decorator']) retrieved from /home/airflow/.local/lib/python3.8/site-packages/airflow/example_dags/example_task_group_decorator.py
[2022-05-19 00:19:18,048] {logging_mixin.py:109} INFO - [2022-05-19 00:19:18,048] {dag.py:2398} INFO - Sync 1 DAGs
[2022-05-19 00:19:18,068] {logging_mixin.py:109} INFO - [2022-05-19 00:19:18,068] {dag.py:2937} INFO - Setting next_dagrun for example_task_group_decorator to 2022-05-18T00:19:18.068154+00:00
[2022-05-19 00:19:18,094] {processor.py:171} INFO - Processing /home/airflow/.local/lib/python3.8/site-packages/airflow/example_dags/example_task_group_decorator.py took 0.477 seconds
[2022-05-19 00:19:48,110] {processor.py:163} INFO - Started process (PID=9525) to work on /home/airflow/.local/lib/python3.8/site-packages/airflow/example_dags/example_task_group_decorator.py
[2022-05-19 00:19:48,110] {processor.py:642} INFO - Processing file /home/airflow/.local/lib/python3.8/site-packages/airflow/example_dags/example_task_group_decorator.py for tasks to queue
[2022-05-19 00:19:48,111] {logging_mixin.py:109} INFO - [2022-05-19 00:19:48,111] {dagbag.py:500} INFO - Filling up the DagBag from /home/airflow/.local/lib/python3.8/site-packages/airflow/example_dags/example_task_group_decorator.py
[2022-05-19 00:19:48,300] {processor.py:654} INFO - DAG(s) dict_keys(['example_task_group_decorator']) retrieved from /home/airflow/.local/lib/python3.8/site-packages/airflow/example_dags/example_task_group_decorator.py
[2022-05-19 00:19:48,484] {logging_mixin.py:109} INFO - [2022-05-19 00:19:48,484] {dag.py:2398} INFO - Sync 1 DAGs
[2022-05-19 00:19:48,497] {logging_mixin.py:109} INFO - [2022-05-19 00:19:48,497] {dag.py:2937} INFO - Setting next_dagrun for example_task_group_decorator to 2022-05-18T00:19:48.497462+00:00
[2022-05-19 00:19:48,513] {processor.py:171} INFO - Processing /home/airflow/.local/lib/python3.8/site-packages/airflow/example_dags/example_task_group_decorator.py took 0.405 seconds
[2022-05-19 00:20:18,583] {processor.py:163} INFO - Started process (PID=9610) to work on /home/airflow/.local/lib/python3.8/site-packages/airflow/example_dags/example_task_group_decorator.py
[2022-05-19 00:20:18,584] {processor.py:642} INFO - Processing file /home/airflow/.local/lib/python3.8/site-packages/airflow/example_dags/example_task_group_decorator.py for tasks to queue
[2022-05-19 00:20:18,584] {logging_mixin.py:109} INFO - [2022-05-19 00:20:18,584] {dagbag.py:500} INFO - Filling up the DagBag from /home/airflow/.local/lib/python3.8/site-packages/airflow/example_dags/example_task_group_decorator.py
[2022-05-19 00:20:18,724] {processor.py:654} INFO - DAG(s) dict_keys(['example_task_group_decorator']) retrieved from /home/airflow/.local/lib/python3.8/site-packages/airflow/example_dags/example_task_group_decorator.py
[2022-05-19 00:20:19,000] {logging_mixin.py:109} INFO - [2022-05-19 00:20:18,999] {dag.py:2398} INFO - Sync 1 DAGs
[2022-05-19 00:20:19,018] {logging_mixin.py:109} INFO - [2022-05-19 00:20:19,017] {dag.py:2937} INFO - Setting next_dagrun for example_task_group_decorator to 2022-05-18T00:20:19.017466+00:00
[2022-05-19 00:20:19,039] {processor.py:171} INFO - Processing /home/airflow/.local/lib/python3.8/site-packages/airflow/example_dags/example_task_group_decorator.py took 0.459 seconds
[2022-05-19 00:20:49,961] {processor.py:163} INFO - Started process (PID=9720) to work on /home/airflow/.local/lib/python3.8/site-packages/airflow/example_dags/example_task_group_decorator.py
[2022-05-19 00:20:49,962] {processor.py:642} INFO - Processing file /home/airflow/.local/lib/python3.8/site-packages/airflow/example_dags/example_task_group_decorator.py for tasks to queue
[2022-05-19 00:20:49,962] {logging_mixin.py:109} INFO - [2022-05-19 00:20:49,962] {dagbag.py:500} INFO - Filling up the DagBag from /home/airflow/.local/lib/python3.8/site-packages/airflow/example_dags/example_task_group_decorator.py
[2022-05-19 00:20:50,001] {processor.py:654} INFO - DAG(s) dict_keys(['example_task_group_decorator']) retrieved from /home/airflow/.local/lib/python3.8/site-packages/airflow/example_dags/example_task_group_decorator.py
[2022-05-19 00:20:50,182] {logging_mixin.py:109} INFO - [2022-05-19 00:20:50,182] {dag.py:2398} INFO - Sync 1 DAGs
[2022-05-19 00:20:50,195] {logging_mixin.py:109} INFO - [2022-05-19 00:20:50,195] {dag.py:2937} INFO - Setting next_dagrun for example_task_group_decorator to 2022-05-18T00:20:50.195296+00:00
[2022-05-19 00:20:50,210] {processor.py:171} INFO - Processing /home/airflow/.local/lib/python3.8/site-packages/airflow/example_dags/example_task_group_decorator.py took 0.251 seconds
[2022-05-19 00:21:20,668] {processor.py:163} INFO - Started process (PID=9805) to work on /home/airflow/.local/lib/python3.8/site-packages/airflow/example_dags/example_task_group_decorator.py
[2022-05-19 00:21:20,670] {processor.py:642} INFO - Processing file /home/airflow/.local/lib/python3.8/site-packages/airflow/example_dags/example_task_group_decorator.py for tasks to queue
[2022-05-19 00:21:20,670] {logging_mixin.py:109} INFO - [2022-05-19 00:21:20,670] {dagbag.py:500} INFO - Filling up the DagBag from /home/airflow/.local/lib/python3.8/site-packages/airflow/example_dags/example_task_group_decorator.py
[2022-05-19 00:21:20,709] {processor.py:654} INFO - DAG(s) dict_keys(['example_task_group_decorator']) retrieved from /home/airflow/.local/lib/python3.8/site-packages/airflow/example_dags/example_task_group_decorator.py
[2022-05-19 00:21:20,957] {logging_mixin.py:109} INFO - [2022-05-19 00:21:20,957] {dag.py:2398} INFO - Sync 1 DAGs
[2022-05-19 00:21:20,980] {logging_mixin.py:109} INFO - [2022-05-19 00:21:20,980] {dag.py:2937} INFO - Setting next_dagrun for example_task_group_decorator to 2022-05-18T00:21:20.980556+00:00
[2022-05-19 00:21:20,996] {processor.py:171} INFO - Processing /home/airflow/.local/lib/python3.8/site-packages/airflow/example_dags/example_task_group_decorator.py took 0.330 seconds
[2022-05-19 00:21:51,633] {processor.py:163} INFO - Started process (PID=9926) to work on /home/airflow/.local/lib/python3.8/site-packages/airflow/example_dags/example_task_group_decorator.py
[2022-05-19 00:21:51,634] {processor.py:642} INFO - Processing file /home/airflow/.local/lib/python3.8/site-packages/airflow/example_dags/example_task_group_decorator.py for tasks to queue
[2022-05-19 00:21:51,634] {logging_mixin.py:109} INFO - [2022-05-19 00:21:51,634] {dagbag.py:500} INFO - Filling up the DagBag from /home/airflow/.local/lib/python3.8/site-packages/airflow/example_dags/example_task_group_decorator.py
[2022-05-19 00:21:51,678] {processor.py:654} INFO - DAG(s) dict_keys(['example_task_group_decorator']) retrieved from /home/airflow/.local/lib/python3.8/site-packages/airflow/example_dags/example_task_group_decorator.py
[2022-05-19 00:21:51,902] {logging_mixin.py:109} INFO - [2022-05-19 00:21:51,902] {dag.py:2398} INFO - Sync 1 DAGs
[2022-05-19 00:21:51,921] {logging_mixin.py:109} INFO - [2022-05-19 00:21:51,921] {dag.py:2937} INFO - Setting next_dagrun for example_task_group_decorator to 2022-05-18T00:21:51.921350+00:00
[2022-05-19 00:21:51,985] {processor.py:171} INFO - Processing /home/airflow/.local/lib/python3.8/site-packages/airflow/example_dags/example_task_group_decorator.py took 0.354 seconds
[2022-05-19 00:22:22,364] {processor.py:163} INFO - Started process (PID=10019) to work on /home/airflow/.local/lib/python3.8/site-packages/airflow/example_dags/example_task_group_decorator.py
[2022-05-19 00:22:22,376] {processor.py:642} INFO - Processing file /home/airflow/.local/lib/python3.8/site-packages/airflow/example_dags/example_task_group_decorator.py for tasks to queue
[2022-05-19 00:22:22,377] {logging_mixin.py:109} INFO - [2022-05-19 00:22:22,377] {dagbag.py:500} INFO - Filling up the DagBag from /home/airflow/.local/lib/python3.8/site-packages/airflow/example_dags/example_task_group_decorator.py
[2022-05-19 00:22:22,427] {processor.py:654} INFO - DAG(s) dict_keys(['example_task_group_decorator']) retrieved from /home/airflow/.local/lib/python3.8/site-packages/airflow/example_dags/example_task_group_decorator.py
[2022-05-19 00:22:22,619] {logging_mixin.py:109} INFO - [2022-05-19 00:22:22,619] {dag.py:2398} INFO - Sync 1 DAGs
[2022-05-19 00:22:22,631] {logging_mixin.py:109} INFO - [2022-05-19 00:22:22,631] {dag.py:2937} INFO - Setting next_dagrun for example_task_group_decorator to 2022-05-18T00:22:22.631039+00:00
[2022-05-19 00:22:22,643] {processor.py:171} INFO - Processing /home/airflow/.local/lib/python3.8/site-packages/airflow/example_dags/example_task_group_decorator.py took 0.282 seconds
[2022-05-19 00:22:53,541] {processor.py:163} INFO - Started process (PID=10105) to work on /home/airflow/.local/lib/python3.8/site-packages/airflow/example_dags/example_task_group_decorator.py
[2022-05-19 00:22:53,542] {processor.py:642} INFO - Processing file /home/airflow/.local/lib/python3.8/site-packages/airflow/example_dags/example_task_group_decorator.py for tasks to queue
[2022-05-19 00:22:53,543] {logging_mixin.py:109} INFO - [2022-05-19 00:22:53,543] {dagbag.py:500} INFO - Filling up the DagBag from /home/airflow/.local/lib/python3.8/site-packages/airflow/example_dags/example_task_group_decorator.py
[2022-05-19 00:22:53,611] {processor.py:654} INFO - DAG(s) dict_keys(['example_task_group_decorator']) retrieved from /home/airflow/.local/lib/python3.8/site-packages/airflow/example_dags/example_task_group_decorator.py
[2022-05-19 00:22:53,922] {logging_mixin.py:109} INFO - [2022-05-19 00:22:53,921] {dag.py:2398} INFO - Sync 1 DAGs
[2022-05-19 00:22:53,941] {logging_mixin.py:109} INFO - [2022-05-19 00:22:53,941] {dag.py:2937} INFO - Setting next_dagrun for example_task_group_decorator to 2022-05-18T00:22:53.941443+00:00
[2022-05-19 00:22:53,956] {processor.py:171} INFO - Processing /home/airflow/.local/lib/python3.8/site-packages/airflow/example_dags/example_task_group_decorator.py took 0.417 seconds
[2022-05-19 00:23:24,462] {processor.py:163} INFO - Started process (PID=10197) to work on /home/airflow/.local/lib/python3.8/site-packages/airflow/example_dags/example_task_group_decorator.py
[2022-05-19 00:23:24,469] {processor.py:642} INFO - Processing file /home/airflow/.local/lib/python3.8/site-packages/airflow/example_dags/example_task_group_decorator.py for tasks to queue
[2022-05-19 00:23:24,470] {logging_mixin.py:109} INFO - [2022-05-19 00:23:24,470] {dagbag.py:500} INFO - Filling up the DagBag from /home/airflow/.local/lib/python3.8/site-packages/airflow/example_dags/example_task_group_decorator.py
[2022-05-19 00:23:24,527] {processor.py:654} INFO - DAG(s) dict_keys(['example_task_group_decorator']) retrieved from /home/airflow/.local/lib/python3.8/site-packages/airflow/example_dags/example_task_group_decorator.py
[2022-05-19 00:23:24,758] {logging_mixin.py:109} INFO - [2022-05-19 00:23:24,758] {dag.py:2398} INFO - Sync 1 DAGs
[2022-05-19 00:23:24,776] {logging_mixin.py:109} INFO - [2022-05-19 00:23:24,776] {dag.py:2937} INFO - Setting next_dagrun for example_task_group_decorator to 2022-05-18T00:23:24.776487+00:00
[2022-05-19 00:23:24,795] {processor.py:171} INFO - Processing /home/airflow/.local/lib/python3.8/site-packages/airflow/example_dags/example_task_group_decorator.py took 0.335 seconds
[2022-05-19 00:23:55,104] {processor.py:163} INFO - Started process (PID=10283) to work on /home/airflow/.local/lib/python3.8/site-packages/airflow/example_dags/example_task_group_decorator.py
[2022-05-19 00:23:55,105] {processor.py:642} INFO - Processing file /home/airflow/.local/lib/python3.8/site-packages/airflow/example_dags/example_task_group_decorator.py for tasks to queue
[2022-05-19 00:23:55,105] {logging_mixin.py:109} INFO - [2022-05-19 00:23:55,105] {dagbag.py:500} INFO - Filling up the DagBag from /home/airflow/.local/lib/python3.8/site-packages/airflow/example_dags/example_task_group_decorator.py
[2022-05-19 00:23:55,141] {processor.py:654} INFO - DAG(s) dict_keys(['example_task_group_decorator']) retrieved from /home/airflow/.local/lib/python3.8/site-packages/airflow/example_dags/example_task_group_decorator.py
[2022-05-19 00:23:55,332] {logging_mixin.py:109} INFO - [2022-05-19 00:23:55,332] {dag.py:2398} INFO - Sync 1 DAGs
[2022-05-19 00:23:55,344] {logging_mixin.py:109} INFO - [2022-05-19 00:23:55,344] {dag.py:2937} INFO - Setting next_dagrun for example_task_group_decorator to 2022-05-18T00:23:55.344119+00:00
[2022-05-19 00:23:55,363] {processor.py:171} INFO - Processing /home/airflow/.local/lib/python3.8/site-packages/airflow/example_dags/example_task_group_decorator.py took 0.260 seconds
[2022-05-19 00:24:25,612] {processor.py:163} INFO - Started process (PID=10369) to work on /home/airflow/.local/lib/python3.8/site-packages/airflow/example_dags/example_task_group_decorator.py
[2022-05-19 00:24:25,618] {processor.py:642} INFO - Processing file /home/airflow/.local/lib/python3.8/site-packages/airflow/example_dags/example_task_group_decorator.py for tasks to queue
[2022-05-19 00:24:25,619] {logging_mixin.py:109} INFO - [2022-05-19 00:24:25,619] {dagbag.py:500} INFO - Filling up the DagBag from /home/airflow/.local/lib/python3.8/site-packages/airflow/example_dags/example_task_group_decorator.py
[2022-05-19 00:24:25,660] {processor.py:654} INFO - DAG(s) dict_keys(['example_task_group_decorator']) retrieved from /home/airflow/.local/lib/python3.8/site-packages/airflow/example_dags/example_task_group_decorator.py
[2022-05-19 00:24:25,851] {logging_mixin.py:109} INFO - [2022-05-19 00:24:25,851] {dag.py:2398} INFO - Sync 1 DAGs
[2022-05-19 00:24:25,864] {logging_mixin.py:109} INFO - [2022-05-19 00:24:25,864] {dag.py:2937} INFO - Setting next_dagrun for example_task_group_decorator to 2022-05-18T00:24:25.863901+00:00
[2022-05-19 00:24:25,876] {processor.py:171} INFO - Processing /home/airflow/.local/lib/python3.8/site-packages/airflow/example_dags/example_task_group_decorator.py took 0.266 seconds
[2022-05-19 00:24:55,922] {processor.py:163} INFO - Started process (PID=10464) to work on /home/airflow/.local/lib/python3.8/site-packages/airflow/example_dags/example_task_group_decorator.py
[2022-05-19 00:24:55,923] {processor.py:642} INFO - Processing file /home/airflow/.local/lib/python3.8/site-packages/airflow/example_dags/example_task_group_decorator.py for tasks to queue
[2022-05-19 00:24:55,924] {logging_mixin.py:109} INFO - [2022-05-19 00:24:55,924] {dagbag.py:500} INFO - Filling up the DagBag from /home/airflow/.local/lib/python3.8/site-packages/airflow/example_dags/example_task_group_decorator.py
[2022-05-19 00:24:55,977] {processor.py:654} INFO - DAG(s) dict_keys(['example_task_group_decorator']) retrieved from /home/airflow/.local/lib/python3.8/site-packages/airflow/example_dags/example_task_group_decorator.py
[2022-05-19 00:24:56,193] {logging_mixin.py:109} INFO - [2022-05-19 00:24:56,193] {dag.py:2398} INFO - Sync 1 DAGs
[2022-05-19 00:24:56,205] {logging_mixin.py:109} INFO - [2022-05-19 00:24:56,205] {dag.py:2937} INFO - Setting next_dagrun for example_task_group_decorator to 2022-05-18T00:24:56.205561+00:00
[2022-05-19 00:24:56,222] {processor.py:171} INFO - Processing /home/airflow/.local/lib/python3.8/site-packages/airflow/example_dags/example_task_group_decorator.py took 0.303 seconds
[2022-05-19 00:25:26,301] {processor.py:163} INFO - Started process (PID=10548) to work on /home/airflow/.local/lib/python3.8/site-packages/airflow/example_dags/example_task_group_decorator.py
[2022-05-19 00:25:26,302] {processor.py:642} INFO - Processing file /home/airflow/.local/lib/python3.8/site-packages/airflow/example_dags/example_task_group_decorator.py for tasks to queue
[2022-05-19 00:25:26,302] {logging_mixin.py:109} INFO - [2022-05-19 00:25:26,302] {dagbag.py:500} INFO - Filling up the DagBag from /home/airflow/.local/lib/python3.8/site-packages/airflow/example_dags/example_task_group_decorator.py
[2022-05-19 00:25:26,335] {processor.py:654} INFO - DAG(s) dict_keys(['example_task_group_decorator']) retrieved from /home/airflow/.local/lib/python3.8/site-packages/airflow/example_dags/example_task_group_decorator.py
[2022-05-19 00:25:26,508] {logging_mixin.py:109} INFO - [2022-05-19 00:25:26,508] {dag.py:2398} INFO - Sync 1 DAGs
[2022-05-19 00:25:26,520] {logging_mixin.py:109} INFO - [2022-05-19 00:25:26,520] {dag.py:2937} INFO - Setting next_dagrun for example_task_group_decorator to 2022-05-18T00:25:26.520252+00:00
[2022-05-19 00:25:26,549] {processor.py:171} INFO - Processing /home/airflow/.local/lib/python3.8/site-packages/airflow/example_dags/example_task_group_decorator.py took 0.250 seconds
[2022-05-19 00:25:57,289] {processor.py:163} INFO - Started process (PID=10632) to work on /home/airflow/.local/lib/python3.8/site-packages/airflow/example_dags/example_task_group_decorator.py
[2022-05-19 00:25:57,290] {processor.py:642} INFO - Processing file /home/airflow/.local/lib/python3.8/site-packages/airflow/example_dags/example_task_group_decorator.py for tasks to queue
[2022-05-19 00:25:57,291] {logging_mixin.py:109} INFO - [2022-05-19 00:25:57,291] {dagbag.py:500} INFO - Filling up the DagBag from /home/airflow/.local/lib/python3.8/site-packages/airflow/example_dags/example_task_group_decorator.py
[2022-05-19 00:25:57,342] {processor.py:654} INFO - DAG(s) dict_keys(['example_task_group_decorator']) retrieved from /home/airflow/.local/lib/python3.8/site-packages/airflow/example_dags/example_task_group_decorator.py
[2022-05-19 00:25:57,561] {logging_mixin.py:109} INFO - [2022-05-19 00:25:57,561] {dag.py:2398} INFO - Sync 1 DAGs
[2022-05-19 00:25:57,578] {logging_mixin.py:109} INFO - [2022-05-19 00:25:57,578] {dag.py:2937} INFO - Setting next_dagrun for example_task_group_decorator to 2022-05-18T00:25:57.578278+00:00
[2022-05-19 00:25:57,601] {processor.py:171} INFO - Processing /home/airflow/.local/lib/python3.8/site-packages/airflow/example_dags/example_task_group_decorator.py took 0.316 seconds
[2022-05-19 00:26:28,509] {processor.py:163} INFO - Started process (PID=10724) to work on /home/airflow/.local/lib/python3.8/site-packages/airflow/example_dags/example_task_group_decorator.py
[2022-05-19 00:26:28,517] {processor.py:642} INFO - Processing file /home/airflow/.local/lib/python3.8/site-packages/airflow/example_dags/example_task_group_decorator.py for tasks to queue
[2022-05-19 00:26:28,517] {logging_mixin.py:109} INFO - [2022-05-19 00:26:28,517] {dagbag.py:500} INFO - Filling up the DagBag from /home/airflow/.local/lib/python3.8/site-packages/airflow/example_dags/example_task_group_decorator.py
[2022-05-19 00:26:28,563] {processor.py:654} INFO - DAG(s) dict_keys(['example_task_group_decorator']) retrieved from /home/airflow/.local/lib/python3.8/site-packages/airflow/example_dags/example_task_group_decorator.py
[2022-05-19 00:26:28,850] {logging_mixin.py:109} INFO - [2022-05-19 00:26:28,850] {dag.py:2398} INFO - Sync 1 DAGs
[2022-05-19 00:26:28,869] {logging_mixin.py:109} INFO - [2022-05-19 00:26:28,869] {dag.py:2937} INFO - Setting next_dagrun for example_task_group_decorator to 2022-05-18T00:26:28.869334+00:00
[2022-05-19 00:26:28,884] {processor.py:171} INFO - Processing /home/airflow/.local/lib/python3.8/site-packages/airflow/example_dags/example_task_group_decorator.py took 0.377 seconds
[2022-05-19 00:26:58,910] {processor.py:163} INFO - Started process (PID=10809) to work on /home/airflow/.local/lib/python3.8/site-packages/airflow/example_dags/example_task_group_decorator.py
[2022-05-19 00:26:58,911] {processor.py:642} INFO - Processing file /home/airflow/.local/lib/python3.8/site-packages/airflow/example_dags/example_task_group_decorator.py for tasks to queue
[2022-05-19 00:26:58,912] {logging_mixin.py:109} INFO - [2022-05-19 00:26:58,912] {dagbag.py:500} INFO - Filling up the DagBag from /home/airflow/.local/lib/python3.8/site-packages/airflow/example_dags/example_task_group_decorator.py
[2022-05-19 00:26:58,953] {processor.py:654} INFO - DAG(s) dict_keys(['example_task_group_decorator']) retrieved from /home/airflow/.local/lib/python3.8/site-packages/airflow/example_dags/example_task_group_decorator.py
[2022-05-19 00:26:59,151] {logging_mixin.py:109} INFO - [2022-05-19 00:26:59,151] {dag.py:2398} INFO - Sync 1 DAGs
[2022-05-19 00:26:59,164] {logging_mixin.py:109} INFO - [2022-05-19 00:26:59,164] {dag.py:2937} INFO - Setting next_dagrun for example_task_group_decorator to 2022-05-18T00:26:59.164672+00:00
[2022-05-19 00:26:59,178] {processor.py:171} INFO - Processing /home/airflow/.local/lib/python3.8/site-packages/airflow/example_dags/example_task_group_decorator.py took 0.269 seconds
[2022-05-19 00:27:29,368] {processor.py:163} INFO - Started process (PID=10877) to work on /home/airflow/.local/lib/python3.8/site-packages/airflow/example_dags/example_task_group_decorator.py
[2022-05-19 00:27:29,375] {processor.py:642} INFO - Processing file /home/airflow/.local/lib/python3.8/site-packages/airflow/example_dags/example_task_group_decorator.py for tasks to queue
[2022-05-19 00:27:29,376] {logging_mixin.py:109} INFO - [2022-05-19 00:27:29,376] {dagbag.py:500} INFO - Filling up the DagBag from /home/airflow/.local/lib/python3.8/site-packages/airflow/example_dags/example_task_group_decorator.py
[2022-05-19 00:27:29,424] {processor.py:654} INFO - DAG(s) dict_keys(['example_task_group_decorator']) retrieved from /home/airflow/.local/lib/python3.8/site-packages/airflow/example_dags/example_task_group_decorator.py
[2022-05-19 00:27:29,642] {logging_mixin.py:109} INFO - [2022-05-19 00:27:29,641] {dag.py:2398} INFO - Sync 1 DAGs
[2022-05-19 00:27:29,657] {logging_mixin.py:109} INFO - [2022-05-19 00:27:29,657] {dag.py:2937} INFO - Setting next_dagrun for example_task_group_decorator to 2022-05-18T00:27:29.657328+00:00
[2022-05-19 00:27:29,684] {processor.py:171} INFO - Processing /home/airflow/.local/lib/python3.8/site-packages/airflow/example_dags/example_task_group_decorator.py took 0.318 seconds
[2022-05-19 00:28:00,390] {processor.py:163} INFO - Started process (PID=10953) to work on /home/airflow/.local/lib/python3.8/site-packages/airflow/example_dags/example_task_group_decorator.py
[2022-05-19 00:28:00,391] {processor.py:642} INFO - Processing file /home/airflow/.local/lib/python3.8/site-packages/airflow/example_dags/example_task_group_decorator.py for tasks to queue
[2022-05-19 00:28:00,391] {logging_mixin.py:109} INFO - [2022-05-19 00:28:00,391] {dagbag.py:500} INFO - Filling up the DagBag from /home/airflow/.local/lib/python3.8/site-packages/airflow/example_dags/example_task_group_decorator.py
[2022-05-19 00:28:00,426] {processor.py:654} INFO - DAG(s) dict_keys(['example_task_group_decorator']) retrieved from /home/airflow/.local/lib/python3.8/site-packages/airflow/example_dags/example_task_group_decorator.py
[2022-05-19 00:28:00,603] {logging_mixin.py:109} INFO - [2022-05-19 00:28:00,603] {dag.py:2398} INFO - Sync 1 DAGs
[2022-05-19 00:28:00,616] {logging_mixin.py:109} INFO - [2022-05-19 00:28:00,616] {dag.py:2937} INFO - Setting next_dagrun for example_task_group_decorator to 2022-05-18T00:28:00.616533+00:00
[2022-05-19 00:28:00,980] {processor.py:171} INFO - Processing /home/airflow/.local/lib/python3.8/site-packages/airflow/example_dags/example_task_group_decorator.py took 0.592 seconds
[2022-05-19 00:28:31,198] {processor.py:163} INFO - Started process (PID=11020) to work on /home/airflow/.local/lib/python3.8/site-packages/airflow/example_dags/example_task_group_decorator.py
[2022-05-19 00:28:31,199] {processor.py:642} INFO - Processing file /home/airflow/.local/lib/python3.8/site-packages/airflow/example_dags/example_task_group_decorator.py for tasks to queue
[2022-05-19 00:28:31,200] {logging_mixin.py:109} INFO - [2022-05-19 00:28:31,200] {dagbag.py:500} INFO - Filling up the DagBag from /home/airflow/.local/lib/python3.8/site-packages/airflow/example_dags/example_task_group_decorator.py
[2022-05-19 00:28:31,254] {processor.py:654} INFO - DAG(s) dict_keys(['example_task_group_decorator']) retrieved from /home/airflow/.local/lib/python3.8/site-packages/airflow/example_dags/example_task_group_decorator.py
[2022-05-19 00:28:31,461] {logging_mixin.py:109} INFO - [2022-05-19 00:28:31,461] {dag.py:2398} INFO - Sync 1 DAGs
[2022-05-19 00:28:31,476] {logging_mixin.py:109} INFO - [2022-05-19 00:28:31,475] {dag.py:2937} INFO - Setting next_dagrun for example_task_group_decorator to 2022-05-18T00:28:31.475334+00:00
[2022-05-19 00:28:31,500] {processor.py:171} INFO - Processing /home/airflow/.local/lib/python3.8/site-packages/airflow/example_dags/example_task_group_decorator.py took 0.304 seconds
[2022-05-19 00:29:02,311] {processor.py:163} INFO - Started process (PID=11097) to work on /home/airflow/.local/lib/python3.8/site-packages/airflow/example_dags/example_task_group_decorator.py
[2022-05-19 00:29:02,311] {processor.py:642} INFO - Processing file /home/airflow/.local/lib/python3.8/site-packages/airflow/example_dags/example_task_group_decorator.py for tasks to queue
[2022-05-19 00:29:02,312] {logging_mixin.py:109} INFO - [2022-05-19 00:29:02,312] {dagbag.py:500} INFO - Filling up the DagBag from /home/airflow/.local/lib/python3.8/site-packages/airflow/example_dags/example_task_group_decorator.py
[2022-05-19 00:29:02,365] {processor.py:654} INFO - DAG(s) dict_keys(['example_task_group_decorator']) retrieved from /home/airflow/.local/lib/python3.8/site-packages/airflow/example_dags/example_task_group_decorator.py
[2022-05-19 00:29:02,574] {logging_mixin.py:109} INFO - [2022-05-19 00:29:02,574] {dag.py:2398} INFO - Sync 1 DAGs
[2022-05-19 00:29:02,591] {logging_mixin.py:109} INFO - [2022-05-19 00:29:02,591] {dag.py:2937} INFO - Setting next_dagrun for example_task_group_decorator to 2022-05-18T00:29:02.591006+00:00
[2022-05-19 00:29:02,607] {processor.py:171} INFO - Processing /home/airflow/.local/lib/python3.8/site-packages/airflow/example_dags/example_task_group_decorator.py took 0.300 seconds
[2022-05-19 00:29:33,618] {processor.py:163} INFO - Started process (PID=11184) to work on /home/airflow/.local/lib/python3.8/site-packages/airflow/example_dags/example_task_group_decorator.py
[2022-05-19 00:29:33,619] {processor.py:642} INFO - Processing file /home/airflow/.local/lib/python3.8/site-packages/airflow/example_dags/example_task_group_decorator.py for tasks to queue
[2022-05-19 00:29:33,620] {logging_mixin.py:109} INFO - [2022-05-19 00:29:33,619] {dagbag.py:500} INFO - Filling up the DagBag from /home/airflow/.local/lib/python3.8/site-packages/airflow/example_dags/example_task_group_decorator.py
[2022-05-19 00:29:33,661] {processor.py:654} INFO - DAG(s) dict_keys(['example_task_group_decorator']) retrieved from /home/airflow/.local/lib/python3.8/site-packages/airflow/example_dags/example_task_group_decorator.py
[2022-05-19 00:29:33,985] {logging_mixin.py:109} INFO - [2022-05-19 00:29:33,985] {dag.py:2398} INFO - Sync 1 DAGs
[2022-05-19 00:29:34,001] {logging_mixin.py:109} INFO - [2022-05-19 00:29:34,001] {dag.py:2937} INFO - Setting next_dagrun for example_task_group_decorator to 2022-05-18T00:29:34.001598+00:00
[2022-05-19 00:29:34,024] {processor.py:171} INFO - Processing /home/airflow/.local/lib/python3.8/site-packages/airflow/example_dags/example_task_group_decorator.py took 0.408 seconds
[2022-05-19 00:30:05,134] {processor.py:163} INFO - Started process (PID=11272) to work on /home/airflow/.local/lib/python3.8/site-packages/airflow/example_dags/example_task_group_decorator.py
[2022-05-19 00:30:05,135] {processor.py:642} INFO - Processing file /home/airflow/.local/lib/python3.8/site-packages/airflow/example_dags/example_task_group_decorator.py for tasks to queue
[2022-05-19 00:30:05,136] {logging_mixin.py:109} INFO - [2022-05-19 00:30:05,135] {dagbag.py:500} INFO - Filling up the DagBag from /home/airflow/.local/lib/python3.8/site-packages/airflow/example_dags/example_task_group_decorator.py
[2022-05-19 00:30:05,258] {processor.py:654} INFO - DAG(s) dict_keys(['example_task_group_decorator']) retrieved from /home/airflow/.local/lib/python3.8/site-packages/airflow/example_dags/example_task_group_decorator.py
[2022-05-19 00:30:05,599] {logging_mixin.py:109} INFO - [2022-05-19 00:30:05,599] {dag.py:2398} INFO - Sync 1 DAGs
[2022-05-19 00:30:05,619] {logging_mixin.py:109} INFO - [2022-05-19 00:30:05,618] {dag.py:2937} INFO - Setting next_dagrun for example_task_group_decorator to 2022-05-18T00:30:05.618566+00:00
[2022-05-19 00:30:05,636] {processor.py:171} INFO - Processing /home/airflow/.local/lib/python3.8/site-packages/airflow/example_dags/example_task_group_decorator.py took 0.505 seconds
[2022-05-19 00:30:36,221] {processor.py:163} INFO - Started process (PID=11365) to work on /home/airflow/.local/lib/python3.8/site-packages/airflow/example_dags/example_task_group_decorator.py
[2022-05-19 00:30:36,222] {processor.py:642} INFO - Processing file /home/airflow/.local/lib/python3.8/site-packages/airflow/example_dags/example_task_group_decorator.py for tasks to queue
[2022-05-19 00:30:36,223] {logging_mixin.py:109} INFO - [2022-05-19 00:30:36,223] {dagbag.py:500} INFO - Filling up the DagBag from /home/airflow/.local/lib/python3.8/site-packages/airflow/example_dags/example_task_group_decorator.py
[2022-05-19 00:30:36,268] {processor.py:654} INFO - DAG(s) dict_keys(['example_task_group_decorator']) retrieved from /home/airflow/.local/lib/python3.8/site-packages/airflow/example_dags/example_task_group_decorator.py
[2022-05-19 00:30:36,508] {logging_mixin.py:109} INFO - [2022-05-19 00:30:36,507] {dag.py:2398} INFO - Sync 1 DAGs
[2022-05-19 00:30:36,524] {logging_mixin.py:109} INFO - [2022-05-19 00:30:36,524] {dag.py:2937} INFO - Setting next_dagrun for example_task_group_decorator to 2022-05-18T00:30:36.523811+00:00
[2022-05-19 00:30:36,539] {processor.py:171} INFO - Processing /home/airflow/.local/lib/python3.8/site-packages/airflow/example_dags/example_task_group_decorator.py took 0.321 seconds
[2022-05-19 00:31:06,931] {processor.py:163} INFO - Started process (PID=11451) to work on /home/airflow/.local/lib/python3.8/site-packages/airflow/example_dags/example_task_group_decorator.py
[2022-05-19 00:31:06,938] {processor.py:642} INFO - Processing file /home/airflow/.local/lib/python3.8/site-packages/airflow/example_dags/example_task_group_decorator.py for tasks to queue
[2022-05-19 00:31:06,938] {logging_mixin.py:109} INFO - [2022-05-19 00:31:06,938] {dagbag.py:500} INFO - Filling up the DagBag from /home/airflow/.local/lib/python3.8/site-packages/airflow/example_dags/example_task_group_decorator.py
[2022-05-19 00:31:06,981] {processor.py:654} INFO - DAG(s) dict_keys(['example_task_group_decorator']) retrieved from /home/airflow/.local/lib/python3.8/site-packages/airflow/example_dags/example_task_group_decorator.py
[2022-05-19 00:31:07,212] {logging_mixin.py:109} INFO - [2022-05-19 00:31:07,212] {dag.py:2398} INFO - Sync 1 DAGs
[2022-05-19 00:31:07,228] {logging_mixin.py:109} INFO - [2022-05-19 00:31:07,228] {dag.py:2937} INFO - Setting next_dagrun for example_task_group_decorator to 2022-05-18T00:31:07.228254+00:00
[2022-05-19 00:31:07,240] {processor.py:171} INFO - Processing /home/airflow/.local/lib/python3.8/site-packages/airflow/example_dags/example_task_group_decorator.py took 0.312 seconds
[2022-05-19 00:31:38,131] {processor.py:163} INFO - Started process (PID=11535) to work on /home/airflow/.local/lib/python3.8/site-packages/airflow/example_dags/example_task_group_decorator.py
[2022-05-19 00:31:38,132] {processor.py:642} INFO - Processing file /home/airflow/.local/lib/python3.8/site-packages/airflow/example_dags/example_task_group_decorator.py for tasks to queue
[2022-05-19 00:31:38,133] {logging_mixin.py:109} INFO - [2022-05-19 00:31:38,133] {dagbag.py:500} INFO - Filling up the DagBag from /home/airflow/.local/lib/python3.8/site-packages/airflow/example_dags/example_task_group_decorator.py
[2022-05-19 00:31:38,176] {processor.py:654} INFO - DAG(s) dict_keys(['example_task_group_decorator']) retrieved from /home/airflow/.local/lib/python3.8/site-packages/airflow/example_dags/example_task_group_decorator.py
[2022-05-19 00:31:38,386] {logging_mixin.py:109} INFO - [2022-05-19 00:31:38,386] {dag.py:2398} INFO - Sync 1 DAGs
[2022-05-19 00:31:38,406] {logging_mixin.py:109} INFO - [2022-05-19 00:31:38,406] {dag.py:2937} INFO - Setting next_dagrun for example_task_group_decorator to 2022-05-18T00:31:38.406093+00:00
[2022-05-19 00:31:38,425] {processor.py:171} INFO - Processing /home/airflow/.local/lib/python3.8/site-packages/airflow/example_dags/example_task_group_decorator.py took 0.295 seconds
[2022-05-19 00:32:08,476] {processor.py:163} INFO - Started process (PID=11627) to work on /home/airflow/.local/lib/python3.8/site-packages/airflow/example_dags/example_task_group_decorator.py
[2022-05-19 00:32:08,483] {processor.py:642} INFO - Processing file /home/airflow/.local/lib/python3.8/site-packages/airflow/example_dags/example_task_group_decorator.py for tasks to queue
[2022-05-19 00:32:08,484] {logging_mixin.py:109} INFO - [2022-05-19 00:32:08,484] {dagbag.py:500} INFO - Filling up the DagBag from /home/airflow/.local/lib/python3.8/site-packages/airflow/example_dags/example_task_group_decorator.py
[2022-05-19 00:32:08,530] {processor.py:654} INFO - DAG(s) dict_keys(['example_task_group_decorator']) retrieved from /home/airflow/.local/lib/python3.8/site-packages/airflow/example_dags/example_task_group_decorator.py
[2022-05-19 00:32:08,743] {logging_mixin.py:109} INFO - [2022-05-19 00:32:08,743] {dag.py:2398} INFO - Sync 1 DAGs
[2022-05-19 00:32:08,760] {logging_mixin.py:109} INFO - [2022-05-19 00:32:08,760] {dag.py:2937} INFO - Setting next_dagrun for example_task_group_decorator to 2022-05-18T00:32:08.760271+00:00
[2022-05-19 00:32:08,782] {processor.py:171} INFO - Processing /home/airflow/.local/lib/python3.8/site-packages/airflow/example_dags/example_task_group_decorator.py took 0.308 seconds
[2022-05-19 00:32:39,541] {processor.py:163} INFO - Started process (PID=11729) to work on /home/airflow/.local/lib/python3.8/site-packages/airflow/example_dags/example_task_group_decorator.py
[2022-05-19 00:32:39,542] {processor.py:642} INFO - Processing file /home/airflow/.local/lib/python3.8/site-packages/airflow/example_dags/example_task_group_decorator.py for tasks to queue
[2022-05-19 00:32:39,542] {logging_mixin.py:109} INFO - [2022-05-19 00:32:39,542] {dagbag.py:500} INFO - Filling up the DagBag from /home/airflow/.local/lib/python3.8/site-packages/airflow/example_dags/example_task_group_decorator.py
[2022-05-19 00:32:39,585] {processor.py:654} INFO - DAG(s) dict_keys(['example_task_group_decorator']) retrieved from /home/airflow/.local/lib/python3.8/site-packages/airflow/example_dags/example_task_group_decorator.py
[2022-05-19 00:32:39,858] {logging_mixin.py:109} INFO - [2022-05-19 00:32:39,858] {dag.py:2398} INFO - Sync 1 DAGs
[2022-05-19 00:32:39,877] {logging_mixin.py:109} INFO - [2022-05-19 00:32:39,877] {dag.py:2937} INFO - Setting next_dagrun for example_task_group_decorator to 2022-05-18T00:32:39.876699+00:00
[2022-05-19 00:32:39,891] {processor.py:171} INFO - Processing /home/airflow/.local/lib/python3.8/site-packages/airflow/example_dags/example_task_group_decorator.py took 0.354 seconds
[2022-05-19 00:33:09,929] {processor.py:163} INFO - Started process (PID=11814) to work on /home/airflow/.local/lib/python3.8/site-packages/airflow/example_dags/example_task_group_decorator.py
[2022-05-19 00:33:09,935] {processor.py:642} INFO - Processing file /home/airflow/.local/lib/python3.8/site-packages/airflow/example_dags/example_task_group_decorator.py for tasks to queue
[2022-05-19 00:33:09,936] {logging_mixin.py:109} INFO - [2022-05-19 00:33:09,936] {dagbag.py:500} INFO - Filling up the DagBag from /home/airflow/.local/lib/python3.8/site-packages/airflow/example_dags/example_task_group_decorator.py
[2022-05-19 00:33:09,980] {processor.py:654} INFO - DAG(s) dict_keys(['example_task_group_decorator']) retrieved from /home/airflow/.local/lib/python3.8/site-packages/airflow/example_dags/example_task_group_decorator.py
[2022-05-19 00:33:10,201] {logging_mixin.py:109} INFO - [2022-05-19 00:33:10,200] {dag.py:2398} INFO - Sync 1 DAGs
[2022-05-19 00:33:10,219] {logging_mixin.py:109} INFO - [2022-05-19 00:33:10,218] {dag.py:2937} INFO - Setting next_dagrun for example_task_group_decorator to 2022-05-18T00:33:10.218379+00:00
[2022-05-19 00:33:10,232] {processor.py:171} INFO - Processing /home/airflow/.local/lib/python3.8/site-packages/airflow/example_dags/example_task_group_decorator.py took 0.306 seconds
[2022-05-19 00:33:40,474] {processor.py:163} INFO - Started process (PID=11909) to work on /home/airflow/.local/lib/python3.8/site-packages/airflow/example_dags/example_task_group_decorator.py
[2022-05-19 00:33:40,475] {processor.py:642} INFO - Processing file /home/airflow/.local/lib/python3.8/site-packages/airflow/example_dags/example_task_group_decorator.py for tasks to queue
[2022-05-19 00:33:40,475] {logging_mixin.py:109} INFO - [2022-05-19 00:33:40,475] {dagbag.py:500} INFO - Filling up the DagBag from /home/airflow/.local/lib/python3.8/site-packages/airflow/example_dags/example_task_group_decorator.py
[2022-05-19 00:33:40,534] {processor.py:654} INFO - DAG(s) dict_keys(['example_task_group_decorator']) retrieved from /home/airflow/.local/lib/python3.8/site-packages/airflow/example_dags/example_task_group_decorator.py
[2022-05-19 00:33:40,770] {logging_mixin.py:109} INFO - [2022-05-19 00:33:40,770] {dag.py:2398} INFO - Sync 1 DAGs
[2022-05-19 00:33:40,786] {logging_mixin.py:109} INFO - [2022-05-19 00:33:40,786] {dag.py:2937} INFO - Setting next_dagrun for example_task_group_decorator to 2022-05-18T00:33:40.786320+00:00
[2022-05-19 00:33:40,806] {processor.py:171} INFO - Processing /home/airflow/.local/lib/python3.8/site-packages/airflow/example_dags/example_task_group_decorator.py took 0.335 seconds
[2022-05-19 00:34:11,622] {processor.py:163} INFO - Started process (PID=11993) to work on /home/airflow/.local/lib/python3.8/site-packages/airflow/example_dags/example_task_group_decorator.py
[2022-05-19 00:34:11,636] {processor.py:642} INFO - Processing file /home/airflow/.local/lib/python3.8/site-packages/airflow/example_dags/example_task_group_decorator.py for tasks to queue
[2022-05-19 00:34:11,637] {logging_mixin.py:109} INFO - [2022-05-19 00:34:11,637] {dagbag.py:500} INFO - Filling up the DagBag from /home/airflow/.local/lib/python3.8/site-packages/airflow/example_dags/example_task_group_decorator.py
[2022-05-19 00:34:11,672] {processor.py:654} INFO - DAG(s) dict_keys(['example_task_group_decorator']) retrieved from /home/airflow/.local/lib/python3.8/site-packages/airflow/example_dags/example_task_group_decorator.py
[2022-05-19 00:34:11,889] {logging_mixin.py:109} INFO - [2022-05-19 00:34:11,889] {dag.py:2398} INFO - Sync 1 DAGs
[2022-05-19 00:34:11,904] {logging_mixin.py:109} INFO - [2022-05-19 00:34:11,904] {dag.py:2937} INFO - Setting next_dagrun for example_task_group_decorator to 2022-05-18T00:34:11.903846+00:00
[2022-05-19 00:34:11,916] {processor.py:171} INFO - Processing /home/airflow/.local/lib/python3.8/site-packages/airflow/example_dags/example_task_group_decorator.py took 0.296 seconds
[2022-05-19 00:34:41,954] {processor.py:163} INFO - Started process (PID=12079) to work on /home/airflow/.local/lib/python3.8/site-packages/airflow/example_dags/example_task_group_decorator.py
[2022-05-19 00:34:41,955] {processor.py:642} INFO - Processing file /home/airflow/.local/lib/python3.8/site-packages/airflow/example_dags/example_task_group_decorator.py for tasks to queue
[2022-05-19 00:34:41,956] {logging_mixin.py:109} INFO - [2022-05-19 00:34:41,956] {dagbag.py:500} INFO - Filling up the DagBag from /home/airflow/.local/lib/python3.8/site-packages/airflow/example_dags/example_task_group_decorator.py
[2022-05-19 00:34:42,006] {processor.py:654} INFO - DAG(s) dict_keys(['example_task_group_decorator']) retrieved from /home/airflow/.local/lib/python3.8/site-packages/airflow/example_dags/example_task_group_decorator.py
[2022-05-19 00:34:42,252] {logging_mixin.py:109} INFO - [2022-05-19 00:34:42,251] {dag.py:2398} INFO - Sync 1 DAGs
[2022-05-19 00:34:42,269] {logging_mixin.py:109} INFO - [2022-05-19 00:34:42,269] {dag.py:2937} INFO - Setting next_dagrun for example_task_group_decorator to 2022-05-18T00:34:42.268733+00:00
[2022-05-19 00:34:42,287] {processor.py:171} INFO - Processing /home/airflow/.local/lib/python3.8/site-packages/airflow/example_dags/example_task_group_decorator.py took 0.336 seconds
[2022-05-19 00:35:13,125] {processor.py:163} INFO - Started process (PID=12156) to work on /home/airflow/.local/lib/python3.8/site-packages/airflow/example_dags/example_task_group_decorator.py
[2022-05-19 00:35:13,132] {processor.py:642} INFO - Processing file /home/airflow/.local/lib/python3.8/site-packages/airflow/example_dags/example_task_group_decorator.py for tasks to queue
[2022-05-19 00:35:13,133] {logging_mixin.py:109} INFO - [2022-05-19 00:35:13,133] {dagbag.py:500} INFO - Filling up the DagBag from /home/airflow/.local/lib/python3.8/site-packages/airflow/example_dags/example_task_group_decorator.py
[2022-05-19 00:35:13,178] {processor.py:654} INFO - DAG(s) dict_keys(['example_task_group_decorator']) retrieved from /home/airflow/.local/lib/python3.8/site-packages/airflow/example_dags/example_task_group_decorator.py
[2022-05-19 00:35:13,458] {logging_mixin.py:109} INFO - [2022-05-19 00:35:13,458] {dag.py:2398} INFO - Sync 1 DAGs
[2022-05-19 00:35:13,473] {logging_mixin.py:109} INFO - [2022-05-19 00:35:13,473] {dag.py:2937} INFO - Setting next_dagrun for example_task_group_decorator to 2022-05-18T00:35:13.472978+00:00
[2022-05-19 00:35:13,488] {processor.py:171} INFO - Processing /home/airflow/.local/lib/python3.8/site-packages/airflow/example_dags/example_task_group_decorator.py took 0.366 seconds
[2022-05-19 00:35:43,524] {processor.py:163} INFO - Started process (PID=12241) to work on /home/airflow/.local/lib/python3.8/site-packages/airflow/example_dags/example_task_group_decorator.py
[2022-05-19 00:35:43,525] {processor.py:642} INFO - Processing file /home/airflow/.local/lib/python3.8/site-packages/airflow/example_dags/example_task_group_decorator.py for tasks to queue
[2022-05-19 00:35:43,526] {logging_mixin.py:109} INFO - [2022-05-19 00:35:43,525] {dagbag.py:500} INFO - Filling up the DagBag from /home/airflow/.local/lib/python3.8/site-packages/airflow/example_dags/example_task_group_decorator.py
[2022-05-19 00:35:43,578] {processor.py:654} INFO - DAG(s) dict_keys(['example_task_group_decorator']) retrieved from /home/airflow/.local/lib/python3.8/site-packages/airflow/example_dags/example_task_group_decorator.py
[2022-05-19 00:35:43,773] {logging_mixin.py:109} INFO - [2022-05-19 00:35:43,773] {dag.py:2398} INFO - Sync 1 DAGs
[2022-05-19 00:35:43,787] {logging_mixin.py:109} INFO - [2022-05-19 00:35:43,787] {dag.py:2937} INFO - Setting next_dagrun for example_task_group_decorator to 2022-05-18T00:35:43.787392+00:00
[2022-05-19 00:35:43,800] {processor.py:171} INFO - Processing /home/airflow/.local/lib/python3.8/site-packages/airflow/example_dags/example_task_group_decorator.py took 0.279 seconds
[2022-05-19 00:36:13,999] {processor.py:163} INFO - Started process (PID=12327) to work on /home/airflow/.local/lib/python3.8/site-packages/airflow/example_dags/example_task_group_decorator.py
[2022-05-19 00:36:14,000] {processor.py:642} INFO - Processing file /home/airflow/.local/lib/python3.8/site-packages/airflow/example_dags/example_task_group_decorator.py for tasks to queue
[2022-05-19 00:36:14,001] {logging_mixin.py:109} INFO - [2022-05-19 00:36:14,001] {dagbag.py:500} INFO - Filling up the DagBag from /home/airflow/.local/lib/python3.8/site-packages/airflow/example_dags/example_task_group_decorator.py
[2022-05-19 00:36:14,048] {processor.py:654} INFO - DAG(s) dict_keys(['example_task_group_decorator']) retrieved from /home/airflow/.local/lib/python3.8/site-packages/airflow/example_dags/example_task_group_decorator.py
[2022-05-19 00:36:14,263] {logging_mixin.py:109} INFO - [2022-05-19 00:36:14,263] {dag.py:2398} INFO - Sync 1 DAGs
[2022-05-19 00:36:14,277] {logging_mixin.py:109} INFO - [2022-05-19 00:36:14,277] {dag.py:2937} INFO - Setting next_dagrun for example_task_group_decorator to 2022-05-18T00:36:14.276917+00:00
[2022-05-19 00:36:14,296] {processor.py:171} INFO - Processing /home/airflow/.local/lib/python3.8/site-packages/airflow/example_dags/example_task_group_decorator.py took 0.299 seconds
[2022-05-19 00:36:44,531] {processor.py:163} INFO - Started process (PID=12438) to work on /home/airflow/.local/lib/python3.8/site-packages/airflow/example_dags/example_task_group_decorator.py
[2022-05-19 00:36:44,532] {processor.py:642} INFO - Processing file /home/airflow/.local/lib/python3.8/site-packages/airflow/example_dags/example_task_group_decorator.py for tasks to queue
[2022-05-19 00:36:44,533] {logging_mixin.py:109} INFO - [2022-05-19 00:36:44,533] {dagbag.py:500} INFO - Filling up the DagBag from /home/airflow/.local/lib/python3.8/site-packages/airflow/example_dags/example_task_group_decorator.py
[2022-05-19 00:36:44,584] {processor.py:654} INFO - DAG(s) dict_keys(['example_task_group_decorator']) retrieved from /home/airflow/.local/lib/python3.8/site-packages/airflow/example_dags/example_task_group_decorator.py
[2022-05-19 00:36:44,770] {logging_mixin.py:109} INFO - [2022-05-19 00:36:44,770] {dag.py:2398} INFO - Sync 1 DAGs
[2022-05-19 00:36:44,789] {logging_mixin.py:109} INFO - [2022-05-19 00:36:44,789] {dag.py:2937} INFO - Setting next_dagrun for example_task_group_decorator to 2022-05-18T00:36:44.789392+00:00
[2022-05-19 00:36:44,830] {processor.py:171} INFO - Processing /home/airflow/.local/lib/python3.8/site-packages/airflow/example_dags/example_task_group_decorator.py took 0.301 seconds
[2022-05-19 00:37:15,625] {processor.py:163} INFO - Started process (PID=12522) to work on /home/airflow/.local/lib/python3.8/site-packages/airflow/example_dags/example_task_group_decorator.py
[2022-05-19 00:37:15,627] {processor.py:642} INFO - Processing file /home/airflow/.local/lib/python3.8/site-packages/airflow/example_dags/example_task_group_decorator.py for tasks to queue
[2022-05-19 00:37:15,628] {logging_mixin.py:109} INFO - [2022-05-19 00:37:15,628] {dagbag.py:500} INFO - Filling up the DagBag from /home/airflow/.local/lib/python3.8/site-packages/airflow/example_dags/example_task_group_decorator.py
[2022-05-19 00:37:15,751] {processor.py:654} INFO - DAG(s) dict_keys(['example_task_group_decorator']) retrieved from /home/airflow/.local/lib/python3.8/site-packages/airflow/example_dags/example_task_group_decorator.py
[2022-05-19 00:37:16,073] {logging_mixin.py:109} INFO - [2022-05-19 00:37:16,073] {dag.py:2398} INFO - Sync 1 DAGs
[2022-05-19 00:37:16,090] {logging_mixin.py:109} INFO - [2022-05-19 00:37:16,089] {dag.py:2937} INFO - Setting next_dagrun for example_task_group_decorator to 2022-05-18T00:37:16.089768+00:00
[2022-05-19 00:37:16,118] {processor.py:171} INFO - Processing /home/airflow/.local/lib/python3.8/site-packages/airflow/example_dags/example_task_group_decorator.py took 0.496 seconds
