[2022-05-19 00:00:24,596] {processor.py:163} INFO - Started process (PID=6112) to work on /home/airflow/.local/lib/python3.8/site-packages/airflow/example_dags/example_sla_dag.py
[2022-05-19 00:00:24,597] {processor.py:642} INFO - Processing file /home/airflow/.local/lib/python3.8/site-packages/airflow/example_dags/example_sla_dag.py for tasks to queue
[2022-05-19 00:00:24,597] {logging_mixin.py:109} INFO - [2022-05-19 00:00:24,597] {dagbag.py:500} INFO - Filling up the DagBag from /home/airflow/.local/lib/python3.8/site-packages/airflow/example_dags/example_sla_dag.py
[2022-05-19 00:00:24,633] {processor.py:654} INFO - DAG(s) dict_keys(['example_sla_dag']) retrieved from /home/airflow/.local/lib/python3.8/site-packages/airflow/example_dags/example_sla_dag.py
[2022-05-19 00:00:24,642] {logging_mixin.py:109} INFO - [2022-05-19 00:00:24,641] {dag.py:2398} INFO - Sync 1 DAGs
[2022-05-19 00:00:24,661] {logging_mixin.py:109} INFO - [2022-05-19 00:00:24,661] {dag.py:2937} INFO - Setting next_dagrun for example_sla_dag to 2022-05-18T23:58:00+00:00
[2022-05-19 00:00:24,673] {processor.py:171} INFO - Processing /home/airflow/.local/lib/python3.8/site-packages/airflow/example_dags/example_sla_dag.py took 0.079 seconds
[2022-05-19 00:00:55,496] {processor.py:163} INFO - Started process (PID=6197) to work on /home/airflow/.local/lib/python3.8/site-packages/airflow/example_dags/example_sla_dag.py
[2022-05-19 00:00:55,497] {processor.py:642} INFO - Processing file /home/airflow/.local/lib/python3.8/site-packages/airflow/example_dags/example_sla_dag.py for tasks to queue
[2022-05-19 00:00:55,498] {logging_mixin.py:109} INFO - [2022-05-19 00:00:55,497] {dagbag.py:500} INFO - Filling up the DagBag from /home/airflow/.local/lib/python3.8/site-packages/airflow/example_dags/example_sla_dag.py
[2022-05-19 00:00:55,530] {processor.py:654} INFO - DAG(s) dict_keys(['example_sla_dag']) retrieved from /home/airflow/.local/lib/python3.8/site-packages/airflow/example_dags/example_sla_dag.py
[2022-05-19 00:00:55,545] {logging_mixin.py:109} INFO - [2022-05-19 00:00:55,545] {dag.py:2398} INFO - Sync 1 DAGs
[2022-05-19 00:00:55,568] {logging_mixin.py:109} INFO - [2022-05-19 00:00:55,567] {dag.py:2937} INFO - Setting next_dagrun for example_sla_dag to 2022-05-18T23:58:00+00:00
[2022-05-19 00:00:55,579] {processor.py:171} INFO - Processing /home/airflow/.local/lib/python3.8/site-packages/airflow/example_dags/example_sla_dag.py took 0.085 seconds
[2022-05-19 00:01:26,307] {processor.py:163} INFO - Started process (PID=6282) to work on /home/airflow/.local/lib/python3.8/site-packages/airflow/example_dags/example_sla_dag.py
[2022-05-19 00:01:26,308] {processor.py:642} INFO - Processing file /home/airflow/.local/lib/python3.8/site-packages/airflow/example_dags/example_sla_dag.py for tasks to queue
[2022-05-19 00:01:26,309] {logging_mixin.py:109} INFO - [2022-05-19 00:01:26,309] {dagbag.py:500} INFO - Filling up the DagBag from /home/airflow/.local/lib/python3.8/site-packages/airflow/example_dags/example_sla_dag.py
[2022-05-19 00:01:26,343] {processor.py:654} INFO - DAG(s) dict_keys(['example_sla_dag']) retrieved from /home/airflow/.local/lib/python3.8/site-packages/airflow/example_dags/example_sla_dag.py
[2022-05-19 00:01:26,351] {logging_mixin.py:109} INFO - [2022-05-19 00:01:26,351] {dag.py:2398} INFO - Sync 1 DAGs
[2022-05-19 00:01:26,368] {logging_mixin.py:109} INFO - [2022-05-19 00:01:26,368] {dag.py:2937} INFO - Setting next_dagrun for example_sla_dag to 2022-05-18T23:58:00+00:00
[2022-05-19 00:01:26,378] {processor.py:171} INFO - Processing /home/airflow/.local/lib/python3.8/site-packages/airflow/example_dags/example_sla_dag.py took 0.073 seconds
[2022-05-19 00:01:56,933] {processor.py:163} INFO - Started process (PID=6393) to work on /home/airflow/.local/lib/python3.8/site-packages/airflow/example_dags/example_sla_dag.py
[2022-05-19 00:01:56,934] {processor.py:642} INFO - Processing file /home/airflow/.local/lib/python3.8/site-packages/airflow/example_dags/example_sla_dag.py for tasks to queue
[2022-05-19 00:01:56,934] {logging_mixin.py:109} INFO - [2022-05-19 00:01:56,934] {dagbag.py:500} INFO - Filling up the DagBag from /home/airflow/.local/lib/python3.8/site-packages/airflow/example_dags/example_sla_dag.py
[2022-05-19 00:01:56,974] {processor.py:654} INFO - DAG(s) dict_keys(['example_sla_dag']) retrieved from /home/airflow/.local/lib/python3.8/site-packages/airflow/example_dags/example_sla_dag.py
[2022-05-19 00:01:56,984] {logging_mixin.py:109} INFO - [2022-05-19 00:01:56,984] {dag.py:2398} INFO - Sync 1 DAGs
[2022-05-19 00:01:57,006] {logging_mixin.py:109} INFO - [2022-05-19 00:01:57,006] {dag.py:2937} INFO - Setting next_dagrun for example_sla_dag to 2022-05-18T23:58:00+00:00
[2022-05-19 00:01:57,020] {processor.py:171} INFO - Processing /home/airflow/.local/lib/python3.8/site-packages/airflow/example_dags/example_sla_dag.py took 0.088 seconds
[2022-05-19 00:02:27,970] {processor.py:163} INFO - Started process (PID=6478) to work on /home/airflow/.local/lib/python3.8/site-packages/airflow/example_dags/example_sla_dag.py
[2022-05-19 00:02:27,972] {processor.py:642} INFO - Processing file /home/airflow/.local/lib/python3.8/site-packages/airflow/example_dags/example_sla_dag.py for tasks to queue
[2022-05-19 00:02:27,972] {logging_mixin.py:109} INFO - [2022-05-19 00:02:27,972] {dagbag.py:500} INFO - Filling up the DagBag from /home/airflow/.local/lib/python3.8/site-packages/airflow/example_dags/example_sla_dag.py
[2022-05-19 00:02:28,016] {processor.py:654} INFO - DAG(s) dict_keys(['example_sla_dag']) retrieved from /home/airflow/.local/lib/python3.8/site-packages/airflow/example_dags/example_sla_dag.py
[2022-05-19 00:02:28,029] {logging_mixin.py:109} INFO - [2022-05-19 00:02:28,028] {dag.py:2398} INFO - Sync 1 DAGs
[2022-05-19 00:02:28,051] {logging_mixin.py:109} INFO - [2022-05-19 00:02:28,051] {dag.py:2937} INFO - Setting next_dagrun for example_sla_dag to 2022-05-19T00:00:00+00:00
[2022-05-19 00:02:28,064] {processor.py:171} INFO - Processing /home/airflow/.local/lib/python3.8/site-packages/airflow/example_dags/example_sla_dag.py took 0.097 seconds
[2022-05-19 00:02:58,335] {processor.py:163} INFO - Started process (PID=6561) to work on /home/airflow/.local/lib/python3.8/site-packages/airflow/example_dags/example_sla_dag.py
[2022-05-19 00:02:58,337] {processor.py:642} INFO - Processing file /home/airflow/.local/lib/python3.8/site-packages/airflow/example_dags/example_sla_dag.py for tasks to queue
[2022-05-19 00:02:58,337] {logging_mixin.py:109} INFO - [2022-05-19 00:02:58,337] {dagbag.py:500} INFO - Filling up the DagBag from /home/airflow/.local/lib/python3.8/site-packages/airflow/example_dags/example_sla_dag.py
[2022-05-19 00:02:58,366] {processor.py:654} INFO - DAG(s) dict_keys(['example_sla_dag']) retrieved from /home/airflow/.local/lib/python3.8/site-packages/airflow/example_dags/example_sla_dag.py
[2022-05-19 00:02:58,375] {logging_mixin.py:109} INFO - [2022-05-19 00:02:58,375] {dag.py:2398} INFO - Sync 1 DAGs
[2022-05-19 00:02:58,392] {logging_mixin.py:109} INFO - [2022-05-19 00:02:58,392] {dag.py:2937} INFO - Setting next_dagrun for example_sla_dag to 2022-05-19T00:00:00+00:00
[2022-05-19 00:02:58,402] {processor.py:171} INFO - Processing /home/airflow/.local/lib/python3.8/site-packages/airflow/example_dags/example_sla_dag.py took 0.069 seconds
[2022-05-19 00:03:28,525] {processor.py:163} INFO - Started process (PID=6638) to work on /home/airflow/.local/lib/python3.8/site-packages/airflow/example_dags/example_sla_dag.py
[2022-05-19 00:03:28,526] {processor.py:642} INFO - Processing file /home/airflow/.local/lib/python3.8/site-packages/airflow/example_dags/example_sla_dag.py for tasks to queue
[2022-05-19 00:03:28,527] {logging_mixin.py:109} INFO - [2022-05-19 00:03:28,527] {dagbag.py:500} INFO - Filling up the DagBag from /home/airflow/.local/lib/python3.8/site-packages/airflow/example_dags/example_sla_dag.py
[2022-05-19 00:03:28,556] {processor.py:654} INFO - DAG(s) dict_keys(['example_sla_dag']) retrieved from /home/airflow/.local/lib/python3.8/site-packages/airflow/example_dags/example_sla_dag.py
[2022-05-19 00:03:28,564] {logging_mixin.py:109} INFO - [2022-05-19 00:03:28,564] {dag.py:2398} INFO - Sync 1 DAGs
[2022-05-19 00:03:28,583] {logging_mixin.py:109} INFO - [2022-05-19 00:03:28,583] {dag.py:2937} INFO - Setting next_dagrun for example_sla_dag to 2022-05-19T00:00:00+00:00
[2022-05-19 00:03:28,601] {processor.py:171} INFO - Processing /home/airflow/.local/lib/python3.8/site-packages/airflow/example_dags/example_sla_dag.py took 0.078 seconds
[2022-05-19 00:03:59,063] {processor.py:163} INFO - Started process (PID=6722) to work on /home/airflow/.local/lib/python3.8/site-packages/airflow/example_dags/example_sla_dag.py
[2022-05-19 00:03:59,064] {processor.py:642} INFO - Processing file /home/airflow/.local/lib/python3.8/site-packages/airflow/example_dags/example_sla_dag.py for tasks to queue
[2022-05-19 00:03:59,064] {logging_mixin.py:109} INFO - [2022-05-19 00:03:59,064] {dagbag.py:500} INFO - Filling up the DagBag from /home/airflow/.local/lib/python3.8/site-packages/airflow/example_dags/example_sla_dag.py
[2022-05-19 00:03:59,098] {processor.py:654} INFO - DAG(s) dict_keys(['example_sla_dag']) retrieved from /home/airflow/.local/lib/python3.8/site-packages/airflow/example_dags/example_sla_dag.py
[2022-05-19 00:03:59,105] {logging_mixin.py:109} INFO - [2022-05-19 00:03:59,105] {dag.py:2398} INFO - Sync 1 DAGs
[2022-05-19 00:03:59,122] {logging_mixin.py:109} INFO - [2022-05-19 00:03:59,122] {dag.py:2937} INFO - Setting next_dagrun for example_sla_dag to 2022-05-19T00:00:00+00:00
[2022-05-19 00:03:59,132] {processor.py:171} INFO - Processing /home/airflow/.local/lib/python3.8/site-packages/airflow/example_dags/example_sla_dag.py took 0.071 seconds
[2022-05-19 00:04:29,841] {processor.py:163} INFO - Started process (PID=6816) to work on /home/airflow/.local/lib/python3.8/site-packages/airflow/example_dags/example_sla_dag.py
[2022-05-19 00:04:29,842] {processor.py:642} INFO - Processing file /home/airflow/.local/lib/python3.8/site-packages/airflow/example_dags/example_sla_dag.py for tasks to queue
[2022-05-19 00:04:29,842] {logging_mixin.py:109} INFO - [2022-05-19 00:04:29,842] {dagbag.py:500} INFO - Filling up the DagBag from /home/airflow/.local/lib/python3.8/site-packages/airflow/example_dags/example_sla_dag.py
[2022-05-19 00:04:29,874] {processor.py:654} INFO - DAG(s) dict_keys(['example_sla_dag']) retrieved from /home/airflow/.local/lib/python3.8/site-packages/airflow/example_dags/example_sla_dag.py
[2022-05-19 00:04:29,884] {logging_mixin.py:109} INFO - [2022-05-19 00:04:29,884] {dag.py:2398} INFO - Sync 1 DAGs
[2022-05-19 00:04:29,903] {logging_mixin.py:109} INFO - [2022-05-19 00:04:29,903] {dag.py:2937} INFO - Setting next_dagrun for example_sla_dag to 2022-05-19T00:02:00+00:00
[2022-05-19 00:04:29,914] {processor.py:171} INFO - Processing /home/airflow/.local/lib/python3.8/site-packages/airflow/example_dags/example_sla_dag.py took 0.076 seconds
[2022-05-19 00:05:01,060] {processor.py:163} INFO - Started process (PID=6901) to work on /home/airflow/.local/lib/python3.8/site-packages/airflow/example_dags/example_sla_dag.py
[2022-05-19 00:05:01,060] {processor.py:642} INFO - Processing file /home/airflow/.local/lib/python3.8/site-packages/airflow/example_dags/example_sla_dag.py for tasks to queue
[2022-05-19 00:05:01,061] {logging_mixin.py:109} INFO - [2022-05-19 00:05:01,061] {dagbag.py:500} INFO - Filling up the DagBag from /home/airflow/.local/lib/python3.8/site-packages/airflow/example_dags/example_sla_dag.py
[2022-05-19 00:05:01,091] {processor.py:654} INFO - DAG(s) dict_keys(['example_sla_dag']) retrieved from /home/airflow/.local/lib/python3.8/site-packages/airflow/example_dags/example_sla_dag.py
[2022-05-19 00:05:01,099] {logging_mixin.py:109} INFO - [2022-05-19 00:05:01,099] {dag.py:2398} INFO - Sync 1 DAGs
[2022-05-19 00:05:01,117] {logging_mixin.py:109} INFO - [2022-05-19 00:05:01,117] {dag.py:2937} INFO - Setting next_dagrun for example_sla_dag to 2022-05-19T00:02:00+00:00
[2022-05-19 00:05:01,126] {processor.py:171} INFO - Processing /home/airflow/.local/lib/python3.8/site-packages/airflow/example_dags/example_sla_dag.py took 0.068 seconds
[2022-05-19 00:05:31,593] {processor.py:163} INFO - Started process (PID=6987) to work on /home/airflow/.local/lib/python3.8/site-packages/airflow/example_dags/example_sla_dag.py
[2022-05-19 00:05:31,594] {processor.py:642} INFO - Processing file /home/airflow/.local/lib/python3.8/site-packages/airflow/example_dags/example_sla_dag.py for tasks to queue
[2022-05-19 00:05:31,595] {logging_mixin.py:109} INFO - [2022-05-19 00:05:31,595] {dagbag.py:500} INFO - Filling up the DagBag from /home/airflow/.local/lib/python3.8/site-packages/airflow/example_dags/example_sla_dag.py
[2022-05-19 00:05:31,626] {processor.py:654} INFO - DAG(s) dict_keys(['example_sla_dag']) retrieved from /home/airflow/.local/lib/python3.8/site-packages/airflow/example_dags/example_sla_dag.py
[2022-05-19 00:05:31,635] {logging_mixin.py:109} INFO - [2022-05-19 00:05:31,635] {dag.py:2398} INFO - Sync 1 DAGs
[2022-05-19 00:05:31,653] {logging_mixin.py:109} INFO - [2022-05-19 00:05:31,653] {dag.py:2937} INFO - Setting next_dagrun for example_sla_dag to 2022-05-19T00:02:00+00:00
[2022-05-19 00:05:31,662] {processor.py:171} INFO - Processing /home/airflow/.local/lib/python3.8/site-packages/airflow/example_dags/example_sla_dag.py took 0.071 seconds
[2022-05-19 00:06:02,867] {processor.py:163} INFO - Started process (PID=7079) to work on /home/airflow/.local/lib/python3.8/site-packages/airflow/example_dags/example_sla_dag.py
[2022-05-19 00:06:02,868] {processor.py:642} INFO - Processing file /home/airflow/.local/lib/python3.8/site-packages/airflow/example_dags/example_sla_dag.py for tasks to queue
[2022-05-19 00:06:02,868] {logging_mixin.py:109} INFO - [2022-05-19 00:06:02,868] {dagbag.py:500} INFO - Filling up the DagBag from /home/airflow/.local/lib/python3.8/site-packages/airflow/example_dags/example_sla_dag.py
[2022-05-19 00:06:02,911] {processor.py:654} INFO - DAG(s) dict_keys(['example_sla_dag']) retrieved from /home/airflow/.local/lib/python3.8/site-packages/airflow/example_dags/example_sla_dag.py
[2022-05-19 00:06:02,921] {logging_mixin.py:109} INFO - [2022-05-19 00:06:02,921] {dag.py:2398} INFO - Sync 1 DAGs
[2022-05-19 00:06:02,944] {logging_mixin.py:109} INFO - [2022-05-19 00:06:02,944] {dag.py:2937} INFO - Setting next_dagrun for example_sla_dag to 2022-05-19T00:04:00+00:00
[2022-05-19 00:06:02,955] {processor.py:171} INFO - Processing /home/airflow/.local/lib/python3.8/site-packages/airflow/example_dags/example_sla_dag.py took 0.091 seconds
[2022-05-19 00:06:33,822] {processor.py:163} INFO - Started process (PID=7181) to work on /home/airflow/.local/lib/python3.8/site-packages/airflow/example_dags/example_sla_dag.py
[2022-05-19 00:06:33,823] {processor.py:642} INFO - Processing file /home/airflow/.local/lib/python3.8/site-packages/airflow/example_dags/example_sla_dag.py for tasks to queue
[2022-05-19 00:06:33,824] {logging_mixin.py:109} INFO - [2022-05-19 00:06:33,824] {dagbag.py:500} INFO - Filling up the DagBag from /home/airflow/.local/lib/python3.8/site-packages/airflow/example_dags/example_sla_dag.py
[2022-05-19 00:06:33,854] {processor.py:654} INFO - DAG(s) dict_keys(['example_sla_dag']) retrieved from /home/airflow/.local/lib/python3.8/site-packages/airflow/example_dags/example_sla_dag.py
[2022-05-19 00:06:33,862] {logging_mixin.py:109} INFO - [2022-05-19 00:06:33,862] {dag.py:2398} INFO - Sync 1 DAGs
[2022-05-19 00:06:33,884] {logging_mixin.py:109} INFO - [2022-05-19 00:06:33,884] {dag.py:2937} INFO - Setting next_dagrun for example_sla_dag to 2022-05-19T00:04:00+00:00
[2022-05-19 00:06:33,895] {processor.py:171} INFO - Processing /home/airflow/.local/lib/python3.8/site-packages/airflow/example_dags/example_sla_dag.py took 0.075 seconds
[2022-05-19 00:07:04,288] {processor.py:163} INFO - Started process (PID=7266) to work on /home/airflow/.local/lib/python3.8/site-packages/airflow/example_dags/example_sla_dag.py
[2022-05-19 00:07:04,288] {processor.py:642} INFO - Processing file /home/airflow/.local/lib/python3.8/site-packages/airflow/example_dags/example_sla_dag.py for tasks to queue
[2022-05-19 00:07:04,289] {logging_mixin.py:109} INFO - [2022-05-19 00:07:04,289] {dagbag.py:500} INFO - Filling up the DagBag from /home/airflow/.local/lib/python3.8/site-packages/airflow/example_dags/example_sla_dag.py
[2022-05-19 00:07:04,318] {processor.py:654} INFO - DAG(s) dict_keys(['example_sla_dag']) retrieved from /home/airflow/.local/lib/python3.8/site-packages/airflow/example_dags/example_sla_dag.py
[2022-05-19 00:07:04,326] {logging_mixin.py:109} INFO - [2022-05-19 00:07:04,326] {dag.py:2398} INFO - Sync 1 DAGs
[2022-05-19 00:07:04,343] {logging_mixin.py:109} INFO - [2022-05-19 00:07:04,343] {dag.py:2937} INFO - Setting next_dagrun for example_sla_dag to 2022-05-19T00:04:00+00:00
[2022-05-19 00:07:04,353] {processor.py:171} INFO - Processing /home/airflow/.local/lib/python3.8/site-packages/airflow/example_dags/example_sla_dag.py took 0.069 seconds
[2022-05-19 00:07:35,035] {processor.py:163} INFO - Started process (PID=7359) to work on /home/airflow/.local/lib/python3.8/site-packages/airflow/example_dags/example_sla_dag.py
[2022-05-19 00:07:35,036] {processor.py:642} INFO - Processing file /home/airflow/.local/lib/python3.8/site-packages/airflow/example_dags/example_sla_dag.py for tasks to queue
[2022-05-19 00:07:35,037] {logging_mixin.py:109} INFO - [2022-05-19 00:07:35,036] {dagbag.py:500} INFO - Filling up the DagBag from /home/airflow/.local/lib/python3.8/site-packages/airflow/example_dags/example_sla_dag.py
[2022-05-19 00:07:35,066] {processor.py:654} INFO - DAG(s) dict_keys(['example_sla_dag']) retrieved from /home/airflow/.local/lib/python3.8/site-packages/airflow/example_dags/example_sla_dag.py
[2022-05-19 00:07:35,075] {logging_mixin.py:109} INFO - [2022-05-19 00:07:35,075] {dag.py:2398} INFO - Sync 1 DAGs
[2022-05-19 00:07:35,094] {logging_mixin.py:109} INFO - [2022-05-19 00:07:35,093] {dag.py:2937} INFO - Setting next_dagrun for example_sla_dag to 2022-05-19T00:04:00+00:00
[2022-05-19 00:07:35,107] {processor.py:171} INFO - Processing /home/airflow/.local/lib/python3.8/site-packages/airflow/example_dags/example_sla_dag.py took 0.076 seconds
[2022-05-19 00:08:05,820] {processor.py:163} INFO - Started process (PID=7444) to work on /home/airflow/.local/lib/python3.8/site-packages/airflow/example_dags/example_sla_dag.py
[2022-05-19 00:08:05,821] {processor.py:642} INFO - Processing file /home/airflow/.local/lib/python3.8/site-packages/airflow/example_dags/example_sla_dag.py for tasks to queue
[2022-05-19 00:08:05,822] {logging_mixin.py:109} INFO - [2022-05-19 00:08:05,822] {dagbag.py:500} INFO - Filling up the DagBag from /home/airflow/.local/lib/python3.8/site-packages/airflow/example_dags/example_sla_dag.py
[2022-05-19 00:08:05,857] {processor.py:654} INFO - DAG(s) dict_keys(['example_sla_dag']) retrieved from /home/airflow/.local/lib/python3.8/site-packages/airflow/example_dags/example_sla_dag.py
[2022-05-19 00:08:05,866] {logging_mixin.py:109} INFO - [2022-05-19 00:08:05,866] {dag.py:2398} INFO - Sync 1 DAGs
[2022-05-19 00:08:05,891] {logging_mixin.py:109} INFO - [2022-05-19 00:08:05,890] {dag.py:2937} INFO - Setting next_dagrun for example_sla_dag to 2022-05-19T00:06:00+00:00
[2022-05-19 00:08:05,903] {processor.py:171} INFO - Processing /home/airflow/.local/lib/python3.8/site-packages/airflow/example_dags/example_sla_dag.py took 0.084 seconds
[2022-05-19 00:08:36,408] {processor.py:163} INFO - Started process (PID=7538) to work on /home/airflow/.local/lib/python3.8/site-packages/airflow/example_dags/example_sla_dag.py
[2022-05-19 00:08:36,409] {processor.py:642} INFO - Processing file /home/airflow/.local/lib/python3.8/site-packages/airflow/example_dags/example_sla_dag.py for tasks to queue
[2022-05-19 00:08:36,410] {logging_mixin.py:109} INFO - [2022-05-19 00:08:36,409] {dagbag.py:500} INFO - Filling up the DagBag from /home/airflow/.local/lib/python3.8/site-packages/airflow/example_dags/example_sla_dag.py
[2022-05-19 00:08:36,439] {processor.py:654} INFO - DAG(s) dict_keys(['example_sla_dag']) retrieved from /home/airflow/.local/lib/python3.8/site-packages/airflow/example_dags/example_sla_dag.py
[2022-05-19 00:08:36,449] {logging_mixin.py:109} INFO - [2022-05-19 00:08:36,449] {dag.py:2398} INFO - Sync 1 DAGs
[2022-05-19 00:08:36,473] {logging_mixin.py:109} INFO - [2022-05-19 00:08:36,473] {dag.py:2937} INFO - Setting next_dagrun for example_sla_dag to 2022-05-19T00:06:00+00:00
[2022-05-19 00:08:36,483] {processor.py:171} INFO - Processing /home/airflow/.local/lib/python3.8/site-packages/airflow/example_dags/example_sla_dag.py took 0.077 seconds
[2022-05-19 00:09:06,892] {processor.py:163} INFO - Started process (PID=7624) to work on /home/airflow/.local/lib/python3.8/site-packages/airflow/example_dags/example_sla_dag.py
[2022-05-19 00:09:06,893] {processor.py:642} INFO - Processing file /home/airflow/.local/lib/python3.8/site-packages/airflow/example_dags/example_sla_dag.py for tasks to queue
[2022-05-19 00:09:06,894] {logging_mixin.py:109} INFO - [2022-05-19 00:09:06,894] {dagbag.py:500} INFO - Filling up the DagBag from /home/airflow/.local/lib/python3.8/site-packages/airflow/example_dags/example_sla_dag.py
[2022-05-19 00:09:06,926] {processor.py:654} INFO - DAG(s) dict_keys(['example_sla_dag']) retrieved from /home/airflow/.local/lib/python3.8/site-packages/airflow/example_dags/example_sla_dag.py
[2022-05-19 00:09:06,933] {logging_mixin.py:109} INFO - [2022-05-19 00:09:06,933] {dag.py:2398} INFO - Sync 1 DAGs
[2022-05-19 00:09:06,951] {logging_mixin.py:109} INFO - [2022-05-19 00:09:06,951] {dag.py:2937} INFO - Setting next_dagrun for example_sla_dag to 2022-05-19T00:06:00+00:00
[2022-05-19 00:09:06,963] {processor.py:171} INFO - Processing /home/airflow/.local/lib/python3.8/site-packages/airflow/example_dags/example_sla_dag.py took 0.073 seconds
[2022-05-19 00:09:37,849] {processor.py:163} INFO - Started process (PID=7706) to work on /home/airflow/.local/lib/python3.8/site-packages/airflow/example_dags/example_sla_dag.py
[2022-05-19 00:09:37,850] {processor.py:642} INFO - Processing file /home/airflow/.local/lib/python3.8/site-packages/airflow/example_dags/example_sla_dag.py for tasks to queue
[2022-05-19 00:09:37,850] {logging_mixin.py:109} INFO - [2022-05-19 00:09:37,850] {dagbag.py:500} INFO - Filling up the DagBag from /home/airflow/.local/lib/python3.8/site-packages/airflow/example_dags/example_sla_dag.py
[2022-05-19 00:09:37,884] {processor.py:654} INFO - DAG(s) dict_keys(['example_sla_dag']) retrieved from /home/airflow/.local/lib/python3.8/site-packages/airflow/example_dags/example_sla_dag.py
[2022-05-19 00:09:37,893] {logging_mixin.py:109} INFO - [2022-05-19 00:09:37,893] {dag.py:2398} INFO - Sync 1 DAGs
[2022-05-19 00:09:37,911] {logging_mixin.py:109} INFO - [2022-05-19 00:09:37,911] {dag.py:2937} INFO - Setting next_dagrun for example_sla_dag to 2022-05-19T00:06:00+00:00
[2022-05-19 00:09:37,922] {processor.py:171} INFO - Processing /home/airflow/.local/lib/python3.8/site-packages/airflow/example_dags/example_sla_dag.py took 0.075 seconds
[2022-05-19 00:10:08,715] {processor.py:163} INFO - Started process (PID=7817) to work on /home/airflow/.local/lib/python3.8/site-packages/airflow/example_dags/example_sla_dag.py
[2022-05-19 00:10:08,716] {processor.py:642} INFO - Processing file /home/airflow/.local/lib/python3.8/site-packages/airflow/example_dags/example_sla_dag.py for tasks to queue
[2022-05-19 00:10:08,716] {logging_mixin.py:109} INFO - [2022-05-19 00:10:08,716] {dagbag.py:500} INFO - Filling up the DagBag from /home/airflow/.local/lib/python3.8/site-packages/airflow/example_dags/example_sla_dag.py
[2022-05-19 00:10:08,756] {processor.py:654} INFO - DAG(s) dict_keys(['example_sla_dag']) retrieved from /home/airflow/.local/lib/python3.8/site-packages/airflow/example_dags/example_sla_dag.py
[2022-05-19 00:10:08,765] {logging_mixin.py:109} INFO - [2022-05-19 00:10:08,765] {dag.py:2398} INFO - Sync 1 DAGs
[2022-05-19 00:10:08,783] {logging_mixin.py:109} INFO - [2022-05-19 00:10:08,783] {dag.py:2937} INFO - Setting next_dagrun for example_sla_dag to 2022-05-19T00:08:00+00:00
[2022-05-19 00:10:08,795] {processor.py:171} INFO - Processing /home/airflow/.local/lib/python3.8/site-packages/airflow/example_dags/example_sla_dag.py took 0.082 seconds
[2022-05-19 00:10:39,191] {processor.py:163} INFO - Started process (PID=7902) to work on /home/airflow/.local/lib/python3.8/site-packages/airflow/example_dags/example_sla_dag.py
[2022-05-19 00:10:39,192] {processor.py:642} INFO - Processing file /home/airflow/.local/lib/python3.8/site-packages/airflow/example_dags/example_sla_dag.py for tasks to queue
[2022-05-19 00:10:39,193] {logging_mixin.py:109} INFO - [2022-05-19 00:10:39,193] {dagbag.py:500} INFO - Filling up the DagBag from /home/airflow/.local/lib/python3.8/site-packages/airflow/example_dags/example_sla_dag.py
[2022-05-19 00:10:39,222] {processor.py:654} INFO - DAG(s) dict_keys(['example_sla_dag']) retrieved from /home/airflow/.local/lib/python3.8/site-packages/airflow/example_dags/example_sla_dag.py
[2022-05-19 00:10:39,234] {logging_mixin.py:109} INFO - [2022-05-19 00:10:39,233] {dag.py:2398} INFO - Sync 1 DAGs
[2022-05-19 00:10:39,250] {logging_mixin.py:109} INFO - [2022-05-19 00:10:39,250] {dag.py:2937} INFO - Setting next_dagrun for example_sla_dag to 2022-05-19T00:08:00+00:00
[2022-05-19 00:10:39,262] {processor.py:171} INFO - Processing /home/airflow/.local/lib/python3.8/site-packages/airflow/example_dags/example_sla_dag.py took 0.074 seconds
[2022-05-19 00:11:09,775] {processor.py:163} INFO - Started process (PID=7986) to work on /home/airflow/.local/lib/python3.8/site-packages/airflow/example_dags/example_sla_dag.py
[2022-05-19 00:11:09,777] {processor.py:642} INFO - Processing file /home/airflow/.local/lib/python3.8/site-packages/airflow/example_dags/example_sla_dag.py for tasks to queue
[2022-05-19 00:11:09,778] {logging_mixin.py:109} INFO - [2022-05-19 00:11:09,778] {dagbag.py:500} INFO - Filling up the DagBag from /home/airflow/.local/lib/python3.8/site-packages/airflow/example_dags/example_sla_dag.py
[2022-05-19 00:11:09,813] {processor.py:654} INFO - DAG(s) dict_keys(['example_sla_dag']) retrieved from /home/airflow/.local/lib/python3.8/site-packages/airflow/example_dags/example_sla_dag.py
[2022-05-19 00:11:09,823] {logging_mixin.py:109} INFO - [2022-05-19 00:11:09,823] {dag.py:2398} INFO - Sync 1 DAGs
[2022-05-19 00:11:09,841] {logging_mixin.py:109} INFO - [2022-05-19 00:11:09,841] {dag.py:2937} INFO - Setting next_dagrun for example_sla_dag to 2022-05-19T00:08:00+00:00
[2022-05-19 00:11:09,851] {processor.py:171} INFO - Processing /home/airflow/.local/lib/python3.8/site-packages/airflow/example_dags/example_sla_dag.py took 0.078 seconds
[2022-05-19 00:11:41,768] {processor.py:163} INFO - Started process (PID=8134) to work on /home/airflow/.local/lib/python3.8/site-packages/airflow/example_dags/example_sla_dag.py
[2022-05-19 00:11:41,769] {processor.py:642} INFO - Processing file /home/airflow/.local/lib/python3.8/site-packages/airflow/example_dags/example_sla_dag.py for tasks to queue
[2022-05-19 00:11:41,770] {logging_mixin.py:109} INFO - [2022-05-19 00:11:41,770] {dagbag.py:500} INFO - Filling up the DagBag from /home/airflow/.local/lib/python3.8/site-packages/airflow/example_dags/example_sla_dag.py
[2022-05-19 00:11:41,800] {processor.py:654} INFO - DAG(s) dict_keys(['example_sla_dag']) retrieved from /home/airflow/.local/lib/python3.8/site-packages/airflow/example_dags/example_sla_dag.py
[2022-05-19 00:11:41,812] {logging_mixin.py:109} INFO - [2022-05-19 00:11:41,812] {dag.py:2398} INFO - Sync 1 DAGs
[2022-05-19 00:11:41,830] {logging_mixin.py:109} INFO - [2022-05-19 00:11:41,830] {dag.py:2937} INFO - Setting next_dagrun for example_sla_dag to 2022-05-19T00:08:00+00:00
[2022-05-19 00:11:41,840] {processor.py:171} INFO - Processing /home/airflow/.local/lib/python3.8/site-packages/airflow/example_dags/example_sla_dag.py took 0.074 seconds
[2022-05-19 00:12:13,107] {processor.py:163} INFO - Started process (PID=8218) to work on /home/airflow/.local/lib/python3.8/site-packages/airflow/example_dags/example_sla_dag.py
[2022-05-19 00:12:13,108] {processor.py:642} INFO - Processing file /home/airflow/.local/lib/python3.8/site-packages/airflow/example_dags/example_sla_dag.py for tasks to queue
[2022-05-19 00:12:13,109] {logging_mixin.py:109} INFO - [2022-05-19 00:12:13,108] {dagbag.py:500} INFO - Filling up the DagBag from /home/airflow/.local/lib/python3.8/site-packages/airflow/example_dags/example_sla_dag.py
[2022-05-19 00:12:13,143] {processor.py:654} INFO - DAG(s) dict_keys(['example_sla_dag']) retrieved from /home/airflow/.local/lib/python3.8/site-packages/airflow/example_dags/example_sla_dag.py
[2022-05-19 00:12:13,152] {logging_mixin.py:109} INFO - [2022-05-19 00:12:13,152] {dag.py:2398} INFO - Sync 1 DAGs
[2022-05-19 00:12:13,174] {logging_mixin.py:109} INFO - [2022-05-19 00:12:13,174] {dag.py:2937} INFO - Setting next_dagrun for example_sla_dag to 2022-05-19T00:10:00+00:00
[2022-05-19 00:12:13,184] {processor.py:171} INFO - Processing /home/airflow/.local/lib/python3.8/site-packages/airflow/example_dags/example_sla_dag.py took 0.079 seconds
[2022-05-19 00:12:43,934] {processor.py:163} INFO - Started process (PID=8309) to work on /home/airflow/.local/lib/python3.8/site-packages/airflow/example_dags/example_sla_dag.py
[2022-05-19 00:12:43,936] {processor.py:642} INFO - Processing file /home/airflow/.local/lib/python3.8/site-packages/airflow/example_dags/example_sla_dag.py for tasks to queue
[2022-05-19 00:12:43,936] {logging_mixin.py:109} INFO - [2022-05-19 00:12:43,936] {dagbag.py:500} INFO - Filling up the DagBag from /home/airflow/.local/lib/python3.8/site-packages/airflow/example_dags/example_sla_dag.py
[2022-05-19 00:12:43,970] {processor.py:654} INFO - DAG(s) dict_keys(['example_sla_dag']) retrieved from /home/airflow/.local/lib/python3.8/site-packages/airflow/example_dags/example_sla_dag.py
[2022-05-19 00:12:43,979] {logging_mixin.py:109} INFO - [2022-05-19 00:12:43,978] {dag.py:2398} INFO - Sync 1 DAGs
[2022-05-19 00:12:43,996] {logging_mixin.py:109} INFO - [2022-05-19 00:12:43,996] {dag.py:2937} INFO - Setting next_dagrun for example_sla_dag to 2022-05-19T00:10:00+00:00
[2022-05-19 00:12:44,006] {processor.py:171} INFO - Processing /home/airflow/.local/lib/python3.8/site-packages/airflow/example_dags/example_sla_dag.py took 0.074 seconds
[2022-05-19 00:13:14,858] {processor.py:163} INFO - Started process (PID=8397) to work on /home/airflow/.local/lib/python3.8/site-packages/airflow/example_dags/example_sla_dag.py
[2022-05-19 00:13:14,859] {processor.py:642} INFO - Processing file /home/airflow/.local/lib/python3.8/site-packages/airflow/example_dags/example_sla_dag.py for tasks to queue
[2022-05-19 00:13:14,859] {logging_mixin.py:109} INFO - [2022-05-19 00:13:14,859] {dagbag.py:500} INFO - Filling up the DagBag from /home/airflow/.local/lib/python3.8/site-packages/airflow/example_dags/example_sla_dag.py
[2022-05-19 00:13:14,892] {processor.py:654} INFO - DAG(s) dict_keys(['example_sla_dag']) retrieved from /home/airflow/.local/lib/python3.8/site-packages/airflow/example_dags/example_sla_dag.py
[2022-05-19 00:13:14,902] {logging_mixin.py:109} INFO - [2022-05-19 00:13:14,902] {dag.py:2398} INFO - Sync 1 DAGs
[2022-05-19 00:13:14,922] {logging_mixin.py:109} INFO - [2022-05-19 00:13:14,922] {dag.py:2937} INFO - Setting next_dagrun for example_sla_dag to 2022-05-19T00:10:00+00:00
[2022-05-19 00:13:14,934] {processor.py:171} INFO - Processing /home/airflow/.local/lib/python3.8/site-packages/airflow/example_dags/example_sla_dag.py took 0.079 seconds
[2022-05-19 00:13:46,210] {processor.py:163} INFO - Started process (PID=8481) to work on /home/airflow/.local/lib/python3.8/site-packages/airflow/example_dags/example_sla_dag.py
[2022-05-19 00:13:46,211] {processor.py:642} INFO - Processing file /home/airflow/.local/lib/python3.8/site-packages/airflow/example_dags/example_sla_dag.py for tasks to queue
[2022-05-19 00:13:46,211] {logging_mixin.py:109} INFO - [2022-05-19 00:13:46,211] {dagbag.py:500} INFO - Filling up the DagBag from /home/airflow/.local/lib/python3.8/site-packages/airflow/example_dags/example_sla_dag.py
[2022-05-19 00:13:46,249] {processor.py:654} INFO - DAG(s) dict_keys(['example_sla_dag']) retrieved from /home/airflow/.local/lib/python3.8/site-packages/airflow/example_dags/example_sla_dag.py
[2022-05-19 00:13:46,261] {logging_mixin.py:109} INFO - [2022-05-19 00:13:46,260] {dag.py:2398} INFO - Sync 1 DAGs
[2022-05-19 00:13:46,284] {logging_mixin.py:109} INFO - [2022-05-19 00:13:46,284] {dag.py:2937} INFO - Setting next_dagrun for example_sla_dag to 2022-05-19T00:10:00+00:00
[2022-05-19 00:13:46,299] {processor.py:171} INFO - Processing /home/airflow/.local/lib/python3.8/site-packages/airflow/example_dags/example_sla_dag.py took 0.092 seconds
[2022-05-19 00:14:17,210] {processor.py:163} INFO - Started process (PID=8595) to work on /home/airflow/.local/lib/python3.8/site-packages/airflow/example_dags/example_sla_dag.py
[2022-05-19 00:14:17,211] {processor.py:642} INFO - Processing file /home/airflow/.local/lib/python3.8/site-packages/airflow/example_dags/example_sla_dag.py for tasks to queue
[2022-05-19 00:14:17,211] {logging_mixin.py:109} INFO - [2022-05-19 00:14:17,211] {dagbag.py:500} INFO - Filling up the DagBag from /home/airflow/.local/lib/python3.8/site-packages/airflow/example_dags/example_sla_dag.py
[2022-05-19 00:14:17,242] {processor.py:654} INFO - DAG(s) dict_keys(['example_sla_dag']) retrieved from /home/airflow/.local/lib/python3.8/site-packages/airflow/example_dags/example_sla_dag.py
[2022-05-19 00:14:17,251] {logging_mixin.py:109} INFO - [2022-05-19 00:14:17,251] {dag.py:2398} INFO - Sync 1 DAGs
[2022-05-19 00:14:17,269] {logging_mixin.py:109} INFO - [2022-05-19 00:14:17,269] {dag.py:2937} INFO - Setting next_dagrun for example_sla_dag to 2022-05-19T00:12:00+00:00
[2022-05-19 00:14:17,278] {processor.py:171} INFO - Processing /home/airflow/.local/lib/python3.8/site-packages/airflow/example_dags/example_sla_dag.py took 0.070 seconds
[2022-05-19 00:14:48,379] {processor.py:163} INFO - Started process (PID=8681) to work on /home/airflow/.local/lib/python3.8/site-packages/airflow/example_dags/example_sla_dag.py
[2022-05-19 00:14:48,380] {processor.py:642} INFO - Processing file /home/airflow/.local/lib/python3.8/site-packages/airflow/example_dags/example_sla_dag.py for tasks to queue
[2022-05-19 00:14:48,380] {logging_mixin.py:109} INFO - [2022-05-19 00:14:48,380] {dagbag.py:500} INFO - Filling up the DagBag from /home/airflow/.local/lib/python3.8/site-packages/airflow/example_dags/example_sla_dag.py
[2022-05-19 00:14:48,419] {processor.py:654} INFO - DAG(s) dict_keys(['example_sla_dag']) retrieved from /home/airflow/.local/lib/python3.8/site-packages/airflow/example_dags/example_sla_dag.py
[2022-05-19 00:14:48,429] {logging_mixin.py:109} INFO - [2022-05-19 00:14:48,429] {dag.py:2398} INFO - Sync 1 DAGs
[2022-05-19 00:14:48,538] {logging_mixin.py:109} INFO - [2022-05-19 00:14:48,538] {dag.py:2937} INFO - Setting next_dagrun for example_sla_dag to 2022-05-19T00:12:00+00:00
[2022-05-19 00:14:48,551] {processor.py:171} INFO - Processing /home/airflow/.local/lib/python3.8/site-packages/airflow/example_dags/example_sla_dag.py took 0.175 seconds
[2022-05-19 00:15:18,846] {processor.py:163} INFO - Started process (PID=8765) to work on /home/airflow/.local/lib/python3.8/site-packages/airflow/example_dags/example_sla_dag.py
[2022-05-19 00:15:18,847] {processor.py:642} INFO - Processing file /home/airflow/.local/lib/python3.8/site-packages/airflow/example_dags/example_sla_dag.py for tasks to queue
[2022-05-19 00:15:18,848] {logging_mixin.py:109} INFO - [2022-05-19 00:15:18,848] {dagbag.py:500} INFO - Filling up the DagBag from /home/airflow/.local/lib/python3.8/site-packages/airflow/example_dags/example_sla_dag.py
[2022-05-19 00:15:18,879] {processor.py:654} INFO - DAG(s) dict_keys(['example_sla_dag']) retrieved from /home/airflow/.local/lib/python3.8/site-packages/airflow/example_dags/example_sla_dag.py
[2022-05-19 00:15:18,893] {logging_mixin.py:109} INFO - [2022-05-19 00:15:18,893] {dag.py:2398} INFO - Sync 1 DAGs
[2022-05-19 00:15:18,995] {logging_mixin.py:109} INFO - [2022-05-19 00:15:18,995] {dag.py:2937} INFO - Setting next_dagrun for example_sla_dag to 2022-05-19T00:12:00+00:00
[2022-05-19 00:15:19,006] {processor.py:171} INFO - Processing /home/airflow/.local/lib/python3.8/site-packages/airflow/example_dags/example_sla_dag.py took 0.162 seconds
[2022-05-19 00:15:49,775] {processor.py:163} INFO - Started process (PID=8877) to work on /home/airflow/.local/lib/python3.8/site-packages/airflow/example_dags/example_sla_dag.py
[2022-05-19 00:15:49,777] {processor.py:642} INFO - Processing file /home/airflow/.local/lib/python3.8/site-packages/airflow/example_dags/example_sla_dag.py for tasks to queue
[2022-05-19 00:15:49,778] {logging_mixin.py:109} INFO - [2022-05-19 00:15:49,778] {dagbag.py:500} INFO - Filling up the DagBag from /home/airflow/.local/lib/python3.8/site-packages/airflow/example_dags/example_sla_dag.py
[2022-05-19 00:15:49,835] {processor.py:654} INFO - DAG(s) dict_keys(['example_sla_dag']) retrieved from /home/airflow/.local/lib/python3.8/site-packages/airflow/example_dags/example_sla_dag.py
[2022-05-19 00:15:49,850] {logging_mixin.py:109} INFO - [2022-05-19 00:15:49,850] {dag.py:2398} INFO - Sync 1 DAGs
[2022-05-19 00:15:49,980] {logging_mixin.py:109} INFO - [2022-05-19 00:15:49,979] {dag.py:2937} INFO - Setting next_dagrun for example_sla_dag to 2022-05-19T00:12:00+00:00
[2022-05-19 00:15:49,997] {processor.py:171} INFO - Processing /home/airflow/.local/lib/python3.8/site-packages/airflow/example_dags/example_sla_dag.py took 0.226 seconds
[2022-05-19 00:16:20,746] {processor.py:163} INFO - Started process (PID=8961) to work on /home/airflow/.local/lib/python3.8/site-packages/airflow/example_dags/example_sla_dag.py
[2022-05-19 00:16:20,747] {processor.py:642} INFO - Processing file /home/airflow/.local/lib/python3.8/site-packages/airflow/example_dags/example_sla_dag.py for tasks to queue
[2022-05-19 00:16:20,748] {logging_mixin.py:109} INFO - [2022-05-19 00:16:20,748] {dagbag.py:500} INFO - Filling up the DagBag from /home/airflow/.local/lib/python3.8/site-packages/airflow/example_dags/example_sla_dag.py
[2022-05-19 00:16:20,779] {processor.py:654} INFO - DAG(s) dict_keys(['example_sla_dag']) retrieved from /home/airflow/.local/lib/python3.8/site-packages/airflow/example_dags/example_sla_dag.py
[2022-05-19 00:16:20,787] {logging_mixin.py:109} INFO - [2022-05-19 00:16:20,787] {dag.py:2398} INFO - Sync 1 DAGs
[2022-05-19 00:16:20,877] {logging_mixin.py:109} INFO - [2022-05-19 00:16:20,877] {dag.py:2937} INFO - Setting next_dagrun for example_sla_dag to 2022-05-19T00:14:00+00:00
[2022-05-19 00:16:20,886] {processor.py:171} INFO - Processing /home/airflow/.local/lib/python3.8/site-packages/airflow/example_dags/example_sla_dag.py took 0.141 seconds
[2022-05-19 00:16:51,298] {processor.py:163} INFO - Started process (PID=9045) to work on /home/airflow/.local/lib/python3.8/site-packages/airflow/example_dags/example_sla_dag.py
[2022-05-19 00:16:51,299] {processor.py:642} INFO - Processing file /home/airflow/.local/lib/python3.8/site-packages/airflow/example_dags/example_sla_dag.py for tasks to queue
[2022-05-19 00:16:51,300] {logging_mixin.py:109} INFO - [2022-05-19 00:16:51,300] {dagbag.py:500} INFO - Filling up the DagBag from /home/airflow/.local/lib/python3.8/site-packages/airflow/example_dags/example_sla_dag.py
[2022-05-19 00:16:51,335] {processor.py:654} INFO - DAG(s) dict_keys(['example_sla_dag']) retrieved from /home/airflow/.local/lib/python3.8/site-packages/airflow/example_dags/example_sla_dag.py
[2022-05-19 00:16:51,349] {logging_mixin.py:109} INFO - [2022-05-19 00:16:51,349] {dag.py:2398} INFO - Sync 1 DAGs
[2022-05-19 00:16:51,453] {logging_mixin.py:109} INFO - [2022-05-19 00:16:51,453] {dag.py:2937} INFO - Setting next_dagrun for example_sla_dag to 2022-05-19T00:14:00+00:00
[2022-05-19 00:16:51,465] {processor.py:171} INFO - Processing /home/airflow/.local/lib/python3.8/site-packages/airflow/example_dags/example_sla_dag.py took 0.169 seconds
[2022-05-19 00:17:21,781] {processor.py:163} INFO - Started process (PID=9138) to work on /home/airflow/.local/lib/python3.8/site-packages/airflow/example_dags/example_sla_dag.py
[2022-05-19 00:17:21,782] {processor.py:642} INFO - Processing file /home/airflow/.local/lib/python3.8/site-packages/airflow/example_dags/example_sla_dag.py for tasks to queue
[2022-05-19 00:17:21,782] {logging_mixin.py:109} INFO - [2022-05-19 00:17:21,782] {dagbag.py:500} INFO - Filling up the DagBag from /home/airflow/.local/lib/python3.8/site-packages/airflow/example_dags/example_sla_dag.py
[2022-05-19 00:17:21,921] {processor.py:654} INFO - DAG(s) dict_keys(['example_sla_dag']) retrieved from /home/airflow/.local/lib/python3.8/site-packages/airflow/example_dags/example_sla_dag.py
[2022-05-19 00:17:21,932] {logging_mixin.py:109} INFO - [2022-05-19 00:17:21,932] {dag.py:2398} INFO - Sync 1 DAGs
[2022-05-19 00:17:21,950] {logging_mixin.py:109} INFO - [2022-05-19 00:17:21,950] {dag.py:2937} INFO - Setting next_dagrun for example_sla_dag to 2022-05-19T00:14:00+00:00
[2022-05-19 00:17:21,966] {processor.py:171} INFO - Processing /home/airflow/.local/lib/python3.8/site-packages/airflow/example_dags/example_sla_dag.py took 0.187 seconds
[2022-05-19 00:17:52,344] {processor.py:163} INFO - Started process (PID=9223) to work on /home/airflow/.local/lib/python3.8/site-packages/airflow/example_dags/example_sla_dag.py
[2022-05-19 00:17:52,345] {processor.py:642} INFO - Processing file /home/airflow/.local/lib/python3.8/site-packages/airflow/example_dags/example_sla_dag.py for tasks to queue
[2022-05-19 00:17:52,346] {logging_mixin.py:109} INFO - [2022-05-19 00:17:52,346] {dagbag.py:500} INFO - Filling up the DagBag from /home/airflow/.local/lib/python3.8/site-packages/airflow/example_dags/example_sla_dag.py
[2022-05-19 00:17:52,481] {processor.py:654} INFO - DAG(s) dict_keys(['example_sla_dag']) retrieved from /home/airflow/.local/lib/python3.8/site-packages/airflow/example_dags/example_sla_dag.py
[2022-05-19 00:17:52,490] {logging_mixin.py:109} INFO - [2022-05-19 00:17:52,490] {dag.py:2398} INFO - Sync 1 DAGs
[2022-05-19 00:17:52,508] {logging_mixin.py:109} INFO - [2022-05-19 00:17:52,508] {dag.py:2937} INFO - Setting next_dagrun for example_sla_dag to 2022-05-19T00:14:00+00:00
[2022-05-19 00:17:52,517] {processor.py:171} INFO - Processing /home/airflow/.local/lib/python3.8/site-packages/airflow/example_dags/example_sla_dag.py took 0.176 seconds
[2022-05-19 00:18:23,517] {processor.py:163} INFO - Started process (PID=9309) to work on /home/airflow/.local/lib/python3.8/site-packages/airflow/example_dags/example_sla_dag.py
[2022-05-19 00:18:23,518] {processor.py:642} INFO - Processing file /home/airflow/.local/lib/python3.8/site-packages/airflow/example_dags/example_sla_dag.py for tasks to queue
[2022-05-19 00:18:23,518] {logging_mixin.py:109} INFO - [2022-05-19 00:18:23,518] {dagbag.py:500} INFO - Filling up the DagBag from /home/airflow/.local/lib/python3.8/site-packages/airflow/example_dags/example_sla_dag.py
[2022-05-19 00:18:23,626] {processor.py:654} INFO - DAG(s) dict_keys(['example_sla_dag']) retrieved from /home/airflow/.local/lib/python3.8/site-packages/airflow/example_dags/example_sla_dag.py
[2022-05-19 00:18:23,633] {logging_mixin.py:109} INFO - [2022-05-19 00:18:23,633] {dag.py:2398} INFO - Sync 1 DAGs
[2022-05-19 00:18:23,648] {logging_mixin.py:109} INFO - [2022-05-19 00:18:23,648] {dag.py:2937} INFO - Setting next_dagrun for example_sla_dag to 2022-05-19T00:16:00+00:00
[2022-05-19 00:18:23,664] {processor.py:171} INFO - Processing /home/airflow/.local/lib/python3.8/site-packages/airflow/example_dags/example_sla_dag.py took 0.150 seconds
[2022-05-19 00:18:54,431] {processor.py:163} INFO - Started process (PID=9403) to work on /home/airflow/.local/lib/python3.8/site-packages/airflow/example_dags/example_sla_dag.py
[2022-05-19 00:18:54,432] {processor.py:642} INFO - Processing file /home/airflow/.local/lib/python3.8/site-packages/airflow/example_dags/example_sla_dag.py for tasks to queue
[2022-05-19 00:18:54,432] {logging_mixin.py:109} INFO - [2022-05-19 00:18:54,432] {dagbag.py:500} INFO - Filling up the DagBag from /home/airflow/.local/lib/python3.8/site-packages/airflow/example_dags/example_sla_dag.py
[2022-05-19 00:18:54,544] {processor.py:654} INFO - DAG(s) dict_keys(['example_sla_dag']) retrieved from /home/airflow/.local/lib/python3.8/site-packages/airflow/example_dags/example_sla_dag.py
[2022-05-19 00:18:54,554] {logging_mixin.py:109} INFO - [2022-05-19 00:18:54,553] {dag.py:2398} INFO - Sync 1 DAGs
[2022-05-19 00:18:54,570] {logging_mixin.py:109} INFO - [2022-05-19 00:18:54,570] {dag.py:2937} INFO - Setting next_dagrun for example_sla_dag to 2022-05-19T00:16:00+00:00
[2022-05-19 00:18:54,579] {processor.py:171} INFO - Processing /home/airflow/.local/lib/python3.8/site-packages/airflow/example_dags/example_sla_dag.py took 0.151 seconds
[2022-05-19 00:19:24,833] {processor.py:163} INFO - Started process (PID=9488) to work on /home/airflow/.local/lib/python3.8/site-packages/airflow/example_dags/example_sla_dag.py
[2022-05-19 00:19:24,834] {processor.py:642} INFO - Processing file /home/airflow/.local/lib/python3.8/site-packages/airflow/example_dags/example_sla_dag.py for tasks to queue
[2022-05-19 00:19:24,835] {logging_mixin.py:109} INFO - [2022-05-19 00:19:24,835] {dagbag.py:500} INFO - Filling up the DagBag from /home/airflow/.local/lib/python3.8/site-packages/airflow/example_dags/example_sla_dag.py
[2022-05-19 00:19:24,950] {processor.py:654} INFO - DAG(s) dict_keys(['example_sla_dag']) retrieved from /home/airflow/.local/lib/python3.8/site-packages/airflow/example_dags/example_sla_dag.py
[2022-05-19 00:19:24,960] {logging_mixin.py:109} INFO - [2022-05-19 00:19:24,960] {dag.py:2398} INFO - Sync 1 DAGs
[2022-05-19 00:19:24,987] {logging_mixin.py:109} INFO - [2022-05-19 00:19:24,987] {dag.py:2937} INFO - Setting next_dagrun for example_sla_dag to 2022-05-19T00:16:00+00:00
[2022-05-19 00:19:24,999] {processor.py:171} INFO - Processing /home/airflow/.local/lib/python3.8/site-packages/airflow/example_dags/example_sla_dag.py took 0.168 seconds
[2022-05-19 00:19:55,572] {processor.py:163} INFO - Started process (PID=9573) to work on /home/airflow/.local/lib/python3.8/site-packages/airflow/example_dags/example_sla_dag.py
[2022-05-19 00:19:55,573] {processor.py:642} INFO - Processing file /home/airflow/.local/lib/python3.8/site-packages/airflow/example_dags/example_sla_dag.py for tasks to queue
[2022-05-19 00:19:55,573] {logging_mixin.py:109} INFO - [2022-05-19 00:19:55,573] {dagbag.py:500} INFO - Filling up the DagBag from /home/airflow/.local/lib/python3.8/site-packages/airflow/example_dags/example_sla_dag.py
[2022-05-19 00:19:55,694] {processor.py:654} INFO - DAG(s) dict_keys(['example_sla_dag']) retrieved from /home/airflow/.local/lib/python3.8/site-packages/airflow/example_dags/example_sla_dag.py
[2022-05-19 00:19:55,702] {logging_mixin.py:109} INFO - [2022-05-19 00:19:55,702] {dag.py:2398} INFO - Sync 1 DAGs
[2022-05-19 00:19:55,741] {logging_mixin.py:109} INFO - [2022-05-19 00:19:55,740] {dag.py:2937} INFO - Setting next_dagrun for example_sla_dag to 2022-05-19T00:16:00+00:00
[2022-05-19 00:19:55,763] {processor.py:171} INFO - Processing /home/airflow/.local/lib/python3.8/site-packages/airflow/example_dags/example_sla_dag.py took 0.193 seconds
[2022-05-19 00:20:26,350] {processor.py:163} INFO - Started process (PID=9666) to work on /home/airflow/.local/lib/python3.8/site-packages/airflow/example_dags/example_sla_dag.py
[2022-05-19 00:20:26,352] {processor.py:642} INFO - Processing file /home/airflow/.local/lib/python3.8/site-packages/airflow/example_dags/example_sla_dag.py for tasks to queue
[2022-05-19 00:20:26,353] {logging_mixin.py:109} INFO - [2022-05-19 00:20:26,352] {dagbag.py:500} INFO - Filling up the DagBag from /home/airflow/.local/lib/python3.8/site-packages/airflow/example_dags/example_sla_dag.py
[2022-05-19 00:20:26,390] {processor.py:654} INFO - DAG(s) dict_keys(['example_sla_dag']) retrieved from /home/airflow/.local/lib/python3.8/site-packages/airflow/example_dags/example_sla_dag.py
[2022-05-19 00:20:26,399] {logging_mixin.py:109} INFO - [2022-05-19 00:20:26,399] {dag.py:2398} INFO - Sync 1 DAGs
[2022-05-19 00:20:26,418] {logging_mixin.py:109} INFO - [2022-05-19 00:20:26,418] {dag.py:2937} INFO - Setting next_dagrun for example_sla_dag to 2022-05-19T00:18:00+00:00
[2022-05-19 00:20:26,428] {processor.py:171} INFO - Processing /home/airflow/.local/lib/python3.8/site-packages/airflow/example_dags/example_sla_dag.py took 0.080 seconds
[2022-05-19 00:20:57,209] {processor.py:163} INFO - Started process (PID=9750) to work on /home/airflow/.local/lib/python3.8/site-packages/airflow/example_dags/example_sla_dag.py
[2022-05-19 00:20:57,209] {processor.py:642} INFO - Processing file /home/airflow/.local/lib/python3.8/site-packages/airflow/example_dags/example_sla_dag.py for tasks to queue
[2022-05-19 00:20:57,210] {logging_mixin.py:109} INFO - [2022-05-19 00:20:57,210] {dagbag.py:500} INFO - Filling up the DagBag from /home/airflow/.local/lib/python3.8/site-packages/airflow/example_dags/example_sla_dag.py
[2022-05-19 00:20:57,243] {processor.py:654} INFO - DAG(s) dict_keys(['example_sla_dag']) retrieved from /home/airflow/.local/lib/python3.8/site-packages/airflow/example_dags/example_sla_dag.py
[2022-05-19 00:20:57,251] {logging_mixin.py:109} INFO - [2022-05-19 00:20:57,251] {dag.py:2398} INFO - Sync 1 DAGs
[2022-05-19 00:20:57,274] {logging_mixin.py:109} INFO - [2022-05-19 00:20:57,274] {dag.py:2937} INFO - Setting next_dagrun for example_sla_dag to 2022-05-19T00:18:00+00:00
[2022-05-19 00:20:57,284] {processor.py:171} INFO - Processing /home/airflow/.local/lib/python3.8/site-packages/airflow/example_dags/example_sla_dag.py took 0.077 seconds
[2022-05-19 00:21:27,778] {processor.py:163} INFO - Started process (PID=9843) to work on /home/airflow/.local/lib/python3.8/site-packages/airflow/example_dags/example_sla_dag.py
[2022-05-19 00:21:27,779] {processor.py:642} INFO - Processing file /home/airflow/.local/lib/python3.8/site-packages/airflow/example_dags/example_sla_dag.py for tasks to queue
[2022-05-19 00:21:27,780] {logging_mixin.py:109} INFO - [2022-05-19 00:21:27,779] {dagbag.py:500} INFO - Filling up the DagBag from /home/airflow/.local/lib/python3.8/site-packages/airflow/example_dags/example_sla_dag.py
[2022-05-19 00:21:27,814] {processor.py:654} INFO - DAG(s) dict_keys(['example_sla_dag']) retrieved from /home/airflow/.local/lib/python3.8/site-packages/airflow/example_dags/example_sla_dag.py
[2022-05-19 00:21:27,823] {logging_mixin.py:109} INFO - [2022-05-19 00:21:27,823] {dag.py:2398} INFO - Sync 1 DAGs
[2022-05-19 00:21:27,843] {logging_mixin.py:109} INFO - [2022-05-19 00:21:27,842] {dag.py:2937} INFO - Setting next_dagrun for example_sla_dag to 2022-05-19T00:18:00+00:00
[2022-05-19 00:21:27,856] {processor.py:171} INFO - Processing /home/airflow/.local/lib/python3.8/site-packages/airflow/example_dags/example_sla_dag.py took 0.080 seconds
[2022-05-19 00:21:58,065] {processor.py:163} INFO - Started process (PID=9982) to work on /home/airflow/.local/lib/python3.8/site-packages/airflow/example_dags/example_sla_dag.py
[2022-05-19 00:21:58,066] {processor.py:642} INFO - Processing file /home/airflow/.local/lib/python3.8/site-packages/airflow/example_dags/example_sla_dag.py for tasks to queue
[2022-05-19 00:21:58,067] {logging_mixin.py:109} INFO - [2022-05-19 00:21:58,067] {dagbag.py:500} INFO - Filling up the DagBag from /home/airflow/.local/lib/python3.8/site-packages/airflow/example_dags/example_sla_dag.py
[2022-05-19 00:21:58,096] {processor.py:654} INFO - DAG(s) dict_keys(['example_sla_dag']) retrieved from /home/airflow/.local/lib/python3.8/site-packages/airflow/example_dags/example_sla_dag.py
[2022-05-19 00:21:58,105] {logging_mixin.py:109} INFO - [2022-05-19 00:21:58,105] {dag.py:2398} INFO - Sync 1 DAGs
[2022-05-19 00:21:58,124] {logging_mixin.py:109} INFO - [2022-05-19 00:21:58,124] {dag.py:2937} INFO - Setting next_dagrun for example_sla_dag to 2022-05-19T00:18:00+00:00
[2022-05-19 00:21:58,134] {processor.py:171} INFO - Processing /home/airflow/.local/lib/python3.8/site-packages/airflow/example_dags/example_sla_dag.py took 0.071 seconds
[2022-05-19 00:22:28,413] {processor.py:163} INFO - Started process (PID=10067) to work on /home/airflow/.local/lib/python3.8/site-packages/airflow/example_dags/example_sla_dag.py
[2022-05-19 00:22:28,414] {processor.py:642} INFO - Processing file /home/airflow/.local/lib/python3.8/site-packages/airflow/example_dags/example_sla_dag.py for tasks to queue
[2022-05-19 00:22:28,415] {logging_mixin.py:109} INFO - [2022-05-19 00:22:28,415] {dagbag.py:500} INFO - Filling up the DagBag from /home/airflow/.local/lib/python3.8/site-packages/airflow/example_dags/example_sla_dag.py
[2022-05-19 00:22:28,445] {processor.py:654} INFO - DAG(s) dict_keys(['example_sla_dag']) retrieved from /home/airflow/.local/lib/python3.8/site-packages/airflow/example_dags/example_sla_dag.py
[2022-05-19 00:22:28,456] {logging_mixin.py:109} INFO - [2022-05-19 00:22:28,456] {dag.py:2398} INFO - Sync 1 DAGs
[2022-05-19 00:22:28,472] {logging_mixin.py:109} INFO - [2022-05-19 00:22:28,472] {dag.py:2937} INFO - Setting next_dagrun for example_sla_dag to 2022-05-19T00:20:00+00:00
[2022-05-19 00:22:28,485] {processor.py:171} INFO - Processing /home/airflow/.local/lib/python3.8/site-packages/airflow/example_dags/example_sla_dag.py took 0.075 seconds
[2022-05-19 00:23:00,002] {processor.py:163} INFO - Started process (PID=10160) to work on /home/airflow/.local/lib/python3.8/site-packages/airflow/example_dags/example_sla_dag.py
[2022-05-19 00:23:00,003] {processor.py:642} INFO - Processing file /home/airflow/.local/lib/python3.8/site-packages/airflow/example_dags/example_sla_dag.py for tasks to queue
[2022-05-19 00:23:00,003] {logging_mixin.py:109} INFO - [2022-05-19 00:23:00,003] {dagbag.py:500} INFO - Filling up the DagBag from /home/airflow/.local/lib/python3.8/site-packages/airflow/example_dags/example_sla_dag.py
[2022-05-19 00:23:00,052] {processor.py:654} INFO - DAG(s) dict_keys(['example_sla_dag']) retrieved from /home/airflow/.local/lib/python3.8/site-packages/airflow/example_dags/example_sla_dag.py
[2022-05-19 00:23:00,067] {logging_mixin.py:109} INFO - [2022-05-19 00:23:00,067] {dag.py:2398} INFO - Sync 1 DAGs
[2022-05-19 00:23:00,092] {logging_mixin.py:109} INFO - [2022-05-19 00:23:00,092] {dag.py:2937} INFO - Setting next_dagrun for example_sla_dag to 2022-05-19T00:20:00+00:00
[2022-05-19 00:23:00,105] {processor.py:171} INFO - Processing /home/airflow/.local/lib/python3.8/site-packages/airflow/example_dags/example_sla_dag.py took 0.105 seconds
[2022-05-19 00:23:31,017] {processor.py:163} INFO - Started process (PID=10244) to work on /home/airflow/.local/lib/python3.8/site-packages/airflow/example_dags/example_sla_dag.py
[2022-05-19 00:23:31,018] {processor.py:642} INFO - Processing file /home/airflow/.local/lib/python3.8/site-packages/airflow/example_dags/example_sla_dag.py for tasks to queue
[2022-05-19 00:23:31,018] {logging_mixin.py:109} INFO - [2022-05-19 00:23:31,018] {dagbag.py:500} INFO - Filling up the DagBag from /home/airflow/.local/lib/python3.8/site-packages/airflow/example_dags/example_sla_dag.py
[2022-05-19 00:23:31,046] {processor.py:654} INFO - DAG(s) dict_keys(['example_sla_dag']) retrieved from /home/airflow/.local/lib/python3.8/site-packages/airflow/example_dags/example_sla_dag.py
[2022-05-19 00:23:31,054] {logging_mixin.py:109} INFO - [2022-05-19 00:23:31,054] {dag.py:2398} INFO - Sync 1 DAGs
[2022-05-19 00:23:31,071] {logging_mixin.py:109} INFO - [2022-05-19 00:23:31,071] {dag.py:2937} INFO - Setting next_dagrun for example_sla_dag to 2022-05-19T00:20:00+00:00
[2022-05-19 00:23:31,080] {processor.py:171} INFO - Processing /home/airflow/.local/lib/python3.8/site-packages/airflow/example_dags/example_sla_dag.py took 0.066 seconds
[2022-05-19 00:24:02,380] {processor.py:163} INFO - Started process (PID=10330) to work on /home/airflow/.local/lib/python3.8/site-packages/airflow/example_dags/example_sla_dag.py
[2022-05-19 00:24:02,382] {processor.py:642} INFO - Processing file /home/airflow/.local/lib/python3.8/site-packages/airflow/example_dags/example_sla_dag.py for tasks to queue
[2022-05-19 00:24:02,382] {logging_mixin.py:109} INFO - [2022-05-19 00:24:02,382] {dagbag.py:500} INFO - Filling up the DagBag from /home/airflow/.local/lib/python3.8/site-packages/airflow/example_dags/example_sla_dag.py
[2022-05-19 00:24:02,421] {processor.py:654} INFO - DAG(s) dict_keys(['example_sla_dag']) retrieved from /home/airflow/.local/lib/python3.8/site-packages/airflow/example_dags/example_sla_dag.py
[2022-05-19 00:24:02,430] {logging_mixin.py:109} INFO - [2022-05-19 00:24:02,430] {dag.py:2398} INFO - Sync 1 DAGs
[2022-05-19 00:24:02,452] {logging_mixin.py:109} INFO - [2022-05-19 00:24:02,452] {dag.py:2937} INFO - Setting next_dagrun for example_sla_dag to 2022-05-19T00:22:00+00:00
[2022-05-19 00:24:02,461] {processor.py:171} INFO - Processing /home/airflow/.local/lib/python3.8/site-packages/airflow/example_dags/example_sla_dag.py took 0.083 seconds
[2022-05-19 00:24:33,454] {processor.py:163} INFO - Started process (PID=10424) to work on /home/airflow/.local/lib/python3.8/site-packages/airflow/example_dags/example_sla_dag.py
[2022-05-19 00:24:33,455] {processor.py:642} INFO - Processing file /home/airflow/.local/lib/python3.8/site-packages/airflow/example_dags/example_sla_dag.py for tasks to queue
[2022-05-19 00:24:33,455] {logging_mixin.py:109} INFO - [2022-05-19 00:24:33,455] {dagbag.py:500} INFO - Filling up the DagBag from /home/airflow/.local/lib/python3.8/site-packages/airflow/example_dags/example_sla_dag.py
[2022-05-19 00:24:33,483] {processor.py:654} INFO - DAG(s) dict_keys(['example_sla_dag']) retrieved from /home/airflow/.local/lib/python3.8/site-packages/airflow/example_dags/example_sla_dag.py
[2022-05-19 00:24:33,492] {logging_mixin.py:109} INFO - [2022-05-19 00:24:33,492] {dag.py:2398} INFO - Sync 1 DAGs
[2022-05-19 00:24:33,510] {logging_mixin.py:109} INFO - [2022-05-19 00:24:33,509] {dag.py:2937} INFO - Setting next_dagrun for example_sla_dag to 2022-05-19T00:22:00+00:00
[2022-05-19 00:24:33,518] {processor.py:171} INFO - Processing /home/airflow/.local/lib/python3.8/site-packages/airflow/example_dags/example_sla_dag.py took 0.067 seconds
[2022-05-19 00:25:03,613] {processor.py:163} INFO - Started process (PID=10491) to work on /home/airflow/.local/lib/python3.8/site-packages/airflow/example_dags/example_sla_dag.py
[2022-05-19 00:25:03,614] {processor.py:642} INFO - Processing file /home/airflow/.local/lib/python3.8/site-packages/airflow/example_dags/example_sla_dag.py for tasks to queue
[2022-05-19 00:25:03,615] {logging_mixin.py:109} INFO - [2022-05-19 00:25:03,615] {dagbag.py:500} INFO - Filling up the DagBag from /home/airflow/.local/lib/python3.8/site-packages/airflow/example_dags/example_sla_dag.py
[2022-05-19 00:25:03,645] {processor.py:654} INFO - DAG(s) dict_keys(['example_sla_dag']) retrieved from /home/airflow/.local/lib/python3.8/site-packages/airflow/example_dags/example_sla_dag.py
[2022-05-19 00:25:03,653] {logging_mixin.py:109} INFO - [2022-05-19 00:25:03,653] {dag.py:2398} INFO - Sync 1 DAGs
[2022-05-19 00:25:03,672] {logging_mixin.py:109} INFO - [2022-05-19 00:25:03,672] {dag.py:2937} INFO - Setting next_dagrun for example_sla_dag to 2022-05-19T00:22:00+00:00
[2022-05-19 00:25:03,681] {processor.py:171} INFO - Processing /home/airflow/.local/lib/python3.8/site-packages/airflow/example_dags/example_sla_dag.py took 0.070 seconds
[2022-05-19 00:25:34,260] {processor.py:163} INFO - Started process (PID=10566) to work on /home/airflow/.local/lib/python3.8/site-packages/airflow/example_dags/example_sla_dag.py
[2022-05-19 00:25:34,261] {processor.py:642} INFO - Processing file /home/airflow/.local/lib/python3.8/site-packages/airflow/example_dags/example_sla_dag.py for tasks to queue
[2022-05-19 00:25:34,262] {logging_mixin.py:109} INFO - [2022-05-19 00:25:34,262] {dagbag.py:500} INFO - Filling up the DagBag from /home/airflow/.local/lib/python3.8/site-packages/airflow/example_dags/example_sla_dag.py
[2022-05-19 00:25:34,295] {processor.py:654} INFO - DAG(s) dict_keys(['example_sla_dag']) retrieved from /home/airflow/.local/lib/python3.8/site-packages/airflow/example_dags/example_sla_dag.py
[2022-05-19 00:25:34,304] {logging_mixin.py:109} INFO - [2022-05-19 00:25:34,304] {dag.py:2398} INFO - Sync 1 DAGs
[2022-05-19 00:25:34,322] {logging_mixin.py:109} INFO - [2022-05-19 00:25:34,321] {dag.py:2937} INFO - Setting next_dagrun for example_sla_dag to 2022-05-19T00:22:00+00:00
[2022-05-19 00:25:34,333] {processor.py:171} INFO - Processing /home/airflow/.local/lib/python3.8/site-packages/airflow/example_dags/example_sla_dag.py took 0.075 seconds
[2022-05-19 00:26:05,118] {processor.py:163} INFO - Started process (PID=10652) to work on /home/airflow/.local/lib/python3.8/site-packages/airflow/example_dags/example_sla_dag.py
[2022-05-19 00:26:05,119] {processor.py:642} INFO - Processing file /home/airflow/.local/lib/python3.8/site-packages/airflow/example_dags/example_sla_dag.py for tasks to queue
[2022-05-19 00:26:05,120] {logging_mixin.py:109} INFO - [2022-05-19 00:26:05,120] {dagbag.py:500} INFO - Filling up the DagBag from /home/airflow/.local/lib/python3.8/site-packages/airflow/example_dags/example_sla_dag.py
[2022-05-19 00:26:05,152] {processor.py:654} INFO - DAG(s) dict_keys(['example_sla_dag']) retrieved from /home/airflow/.local/lib/python3.8/site-packages/airflow/example_dags/example_sla_dag.py
[2022-05-19 00:26:05,163] {logging_mixin.py:109} INFO - [2022-05-19 00:26:05,163] {dag.py:2398} INFO - Sync 1 DAGs
[2022-05-19 00:26:05,190] {logging_mixin.py:109} INFO - [2022-05-19 00:26:05,190] {dag.py:2937} INFO - Setting next_dagrun for example_sla_dag to 2022-05-19T00:24:00+00:00
[2022-05-19 00:26:05,200] {processor.py:171} INFO - Processing /home/airflow/.local/lib/python3.8/site-packages/airflow/example_dags/example_sla_dag.py took 0.085 seconds
[2022-05-19 00:26:35,757] {processor.py:163} INFO - Started process (PID=10736) to work on /home/airflow/.local/lib/python3.8/site-packages/airflow/example_dags/example_sla_dag.py
[2022-05-19 00:26:35,758] {processor.py:642} INFO - Processing file /home/airflow/.local/lib/python3.8/site-packages/airflow/example_dags/example_sla_dag.py for tasks to queue
[2022-05-19 00:26:35,759] {logging_mixin.py:109} INFO - [2022-05-19 00:26:35,758] {dagbag.py:500} INFO - Filling up the DagBag from /home/airflow/.local/lib/python3.8/site-packages/airflow/example_dags/example_sla_dag.py
[2022-05-19 00:26:35,822] {processor.py:654} INFO - DAG(s) dict_keys(['example_sla_dag']) retrieved from /home/airflow/.local/lib/python3.8/site-packages/airflow/example_dags/example_sla_dag.py
[2022-05-19 00:26:35,831] {logging_mixin.py:109} INFO - [2022-05-19 00:26:35,831] {dag.py:2398} INFO - Sync 1 DAGs
[2022-05-19 00:26:35,859] {logging_mixin.py:109} INFO - [2022-05-19 00:26:35,859] {dag.py:2937} INFO - Setting next_dagrun for example_sla_dag to 2022-05-19T00:24:00+00:00
[2022-05-19 00:26:35,870] {processor.py:171} INFO - Processing /home/airflow/.local/lib/python3.8/site-packages/airflow/example_dags/example_sla_dag.py took 0.117 seconds
[2022-05-19 00:27:06,137] {processor.py:163} INFO - Started process (PID=10830) to work on /home/airflow/.local/lib/python3.8/site-packages/airflow/example_dags/example_sla_dag.py
[2022-05-19 00:27:06,139] {processor.py:642} INFO - Processing file /home/airflow/.local/lib/python3.8/site-packages/airflow/example_dags/example_sla_dag.py for tasks to queue
[2022-05-19 00:27:06,139] {logging_mixin.py:109} INFO - [2022-05-19 00:27:06,139] {dagbag.py:500} INFO - Filling up the DagBag from /home/airflow/.local/lib/python3.8/site-packages/airflow/example_dags/example_sla_dag.py
[2022-05-19 00:27:06,167] {processor.py:654} INFO - DAG(s) dict_keys(['example_sla_dag']) retrieved from /home/airflow/.local/lib/python3.8/site-packages/airflow/example_dags/example_sla_dag.py
[2022-05-19 00:27:06,175] {logging_mixin.py:109} INFO - [2022-05-19 00:27:06,175] {dag.py:2398} INFO - Sync 1 DAGs
[2022-05-19 00:27:06,194] {logging_mixin.py:109} INFO - [2022-05-19 00:27:06,193] {dag.py:2937} INFO - Setting next_dagrun for example_sla_dag to 2022-05-19T00:24:00+00:00
[2022-05-19 00:27:06,206] {processor.py:171} INFO - Processing /home/airflow/.local/lib/python3.8/site-packages/airflow/example_dags/example_sla_dag.py took 0.073 seconds
[2022-05-19 00:27:37,118] {processor.py:163} INFO - Started process (PID=10897) to work on /home/airflow/.local/lib/python3.8/site-packages/airflow/example_dags/example_sla_dag.py
[2022-05-19 00:27:37,119] {processor.py:642} INFO - Processing file /home/airflow/.local/lib/python3.8/site-packages/airflow/example_dags/example_sla_dag.py for tasks to queue
[2022-05-19 00:27:37,119] {logging_mixin.py:109} INFO - [2022-05-19 00:27:37,119] {dagbag.py:500} INFO - Filling up the DagBag from /home/airflow/.local/lib/python3.8/site-packages/airflow/example_dags/example_sla_dag.py
[2022-05-19 00:27:37,160] {processor.py:654} INFO - DAG(s) dict_keys(['example_sla_dag']) retrieved from /home/airflow/.local/lib/python3.8/site-packages/airflow/example_dags/example_sla_dag.py
[2022-05-19 00:27:37,174] {logging_mixin.py:109} INFO - [2022-05-19 00:27:37,174] {dag.py:2398} INFO - Sync 1 DAGs
[2022-05-19 00:27:37,196] {logging_mixin.py:109} INFO - [2022-05-19 00:27:37,195] {dag.py:2937} INFO - Setting next_dagrun for example_sla_dag to 2022-05-19T00:24:00+00:00
[2022-05-19 00:27:37,213] {processor.py:171} INFO - Processing /home/airflow/.local/lib/python3.8/site-packages/airflow/example_dags/example_sla_dag.py took 0.097 seconds
[2022-05-19 00:28:08,069] {processor.py:163} INFO - Started process (PID=10965) to work on /home/airflow/.local/lib/python3.8/site-packages/airflow/example_dags/example_sla_dag.py
[2022-05-19 00:28:08,093] {processor.py:642} INFO - Processing file /home/airflow/.local/lib/python3.8/site-packages/airflow/example_dags/example_sla_dag.py for tasks to queue
[2022-05-19 00:28:08,094] {logging_mixin.py:109} INFO - [2022-05-19 00:28:08,094] {dagbag.py:500} INFO - Filling up the DagBag from /home/airflow/.local/lib/python3.8/site-packages/airflow/example_dags/example_sla_dag.py
[2022-05-19 00:28:08,128] {processor.py:654} INFO - DAG(s) dict_keys(['example_sla_dag']) retrieved from /home/airflow/.local/lib/python3.8/site-packages/airflow/example_dags/example_sla_dag.py
[2022-05-19 00:28:08,139] {logging_mixin.py:109} INFO - [2022-05-19 00:28:08,138] {dag.py:2398} INFO - Sync 1 DAGs
[2022-05-19 00:28:08,162] {logging_mixin.py:109} INFO - [2022-05-19 00:28:08,162] {dag.py:2937} INFO - Setting next_dagrun for example_sla_dag to 2022-05-19T00:26:00+00:00
[2022-05-19 00:28:08,176] {processor.py:171} INFO - Processing /home/airflow/.local/lib/python3.8/site-packages/airflow/example_dags/example_sla_dag.py took 0.109 seconds
[2022-05-19 00:28:39,142] {processor.py:163} INFO - Started process (PID=11042) to work on /home/airflow/.local/lib/python3.8/site-packages/airflow/example_dags/example_sla_dag.py
[2022-05-19 00:28:39,143] {processor.py:642} INFO - Processing file /home/airflow/.local/lib/python3.8/site-packages/airflow/example_dags/example_sla_dag.py for tasks to queue
[2022-05-19 00:28:39,144] {logging_mixin.py:109} INFO - [2022-05-19 00:28:39,144] {dagbag.py:500} INFO - Filling up the DagBag from /home/airflow/.local/lib/python3.8/site-packages/airflow/example_dags/example_sla_dag.py
[2022-05-19 00:28:39,176] {processor.py:654} INFO - DAG(s) dict_keys(['example_sla_dag']) retrieved from /home/airflow/.local/lib/python3.8/site-packages/airflow/example_dags/example_sla_dag.py
[2022-05-19 00:28:39,186] {logging_mixin.py:109} INFO - [2022-05-19 00:28:39,186] {dag.py:2398} INFO - Sync 1 DAGs
[2022-05-19 00:28:39,204] {logging_mixin.py:109} INFO - [2022-05-19 00:28:39,204] {dag.py:2937} INFO - Setting next_dagrun for example_sla_dag to 2022-05-19T00:26:00+00:00
[2022-05-19 00:28:39,217] {processor.py:171} INFO - Processing /home/airflow/.local/lib/python3.8/site-packages/airflow/example_dags/example_sla_dag.py took 0.078 seconds
[2022-05-19 00:29:10,463] {processor.py:163} INFO - Started process (PID=11110) to work on /home/airflow/.local/lib/python3.8/site-packages/airflow/example_dags/example_sla_dag.py
[2022-05-19 00:29:10,464] {processor.py:642} INFO - Processing file /home/airflow/.local/lib/python3.8/site-packages/airflow/example_dags/example_sla_dag.py for tasks to queue
[2022-05-19 00:29:10,464] {logging_mixin.py:109} INFO - [2022-05-19 00:29:10,464] {dagbag.py:500} INFO - Filling up the DagBag from /home/airflow/.local/lib/python3.8/site-packages/airflow/example_dags/example_sla_dag.py
[2022-05-19 00:29:10,493] {processor.py:654} INFO - DAG(s) dict_keys(['example_sla_dag']) retrieved from /home/airflow/.local/lib/python3.8/site-packages/airflow/example_dags/example_sla_dag.py
[2022-05-19 00:29:10,502] {logging_mixin.py:109} INFO - [2022-05-19 00:29:10,502] {dag.py:2398} INFO - Sync 1 DAGs
[2022-05-19 00:29:10,519] {logging_mixin.py:109} INFO - [2022-05-19 00:29:10,518] {dag.py:2937} INFO - Setting next_dagrun for example_sla_dag to 2022-05-19T00:26:00+00:00
[2022-05-19 00:29:10,530] {processor.py:171} INFO - Processing /home/airflow/.local/lib/python3.8/site-packages/airflow/example_dags/example_sla_dag.py took 0.069 seconds
[2022-05-19 00:29:40,719] {processor.py:163} INFO - Started process (PID=11195) to work on /home/airflow/.local/lib/python3.8/site-packages/airflow/example_dags/example_sla_dag.py
[2022-05-19 00:29:40,720] {processor.py:642} INFO - Processing file /home/airflow/.local/lib/python3.8/site-packages/airflow/example_dags/example_sla_dag.py for tasks to queue
[2022-05-19 00:29:40,721] {logging_mixin.py:109} INFO - [2022-05-19 00:29:40,721] {dagbag.py:500} INFO - Filling up the DagBag from /home/airflow/.local/lib/python3.8/site-packages/airflow/example_dags/example_sla_dag.py
[2022-05-19 00:29:40,752] {processor.py:654} INFO - DAG(s) dict_keys(['example_sla_dag']) retrieved from /home/airflow/.local/lib/python3.8/site-packages/airflow/example_dags/example_sla_dag.py
[2022-05-19 00:29:40,763] {logging_mixin.py:109} INFO - [2022-05-19 00:29:40,763] {dag.py:2398} INFO - Sync 1 DAGs
[2022-05-19 00:29:40,782] {logging_mixin.py:109} INFO - [2022-05-19 00:29:40,782] {dag.py:2937} INFO - Setting next_dagrun for example_sla_dag to 2022-05-19T00:26:00+00:00
[2022-05-19 00:29:40,791] {processor.py:171} INFO - Processing /home/airflow/.local/lib/python3.8/site-packages/airflow/example_dags/example_sla_dag.py took 0.074 seconds
[2022-05-19 00:30:11,133] {processor.py:163} INFO - Started process (PID=11288) to work on /home/airflow/.local/lib/python3.8/site-packages/airflow/example_dags/example_sla_dag.py
[2022-05-19 00:30:11,134] {processor.py:642} INFO - Processing file /home/airflow/.local/lib/python3.8/site-packages/airflow/example_dags/example_sla_dag.py for tasks to queue
[2022-05-19 00:30:11,134] {logging_mixin.py:109} INFO - [2022-05-19 00:30:11,134] {dagbag.py:500} INFO - Filling up the DagBag from /home/airflow/.local/lib/python3.8/site-packages/airflow/example_dags/example_sla_dag.py
[2022-05-19 00:30:11,170] {processor.py:654} INFO - DAG(s) dict_keys(['example_sla_dag']) retrieved from /home/airflow/.local/lib/python3.8/site-packages/airflow/example_dags/example_sla_dag.py
[2022-05-19 00:30:11,179] {logging_mixin.py:109} INFO - [2022-05-19 00:30:11,179] {dag.py:2398} INFO - Sync 1 DAGs
[2022-05-19 00:30:11,197] {logging_mixin.py:109} INFO - [2022-05-19 00:30:11,197] {dag.py:2937} INFO - Setting next_dagrun for example_sla_dag to 2022-05-19T00:28:00+00:00
[2022-05-19 00:30:11,207] {processor.py:171} INFO - Processing /home/airflow/.local/lib/python3.8/site-packages/airflow/example_dags/example_sla_dag.py took 0.077 seconds
[2022-05-19 00:30:42,017] {processor.py:163} INFO - Started process (PID=11372) to work on /home/airflow/.local/lib/python3.8/site-packages/airflow/example_dags/example_sla_dag.py
[2022-05-19 00:30:42,019] {processor.py:642} INFO - Processing file /home/airflow/.local/lib/python3.8/site-packages/airflow/example_dags/example_sla_dag.py for tasks to queue
[2022-05-19 00:30:42,019] {logging_mixin.py:109} INFO - [2022-05-19 00:30:42,019] {dagbag.py:500} INFO - Filling up the DagBag from /home/airflow/.local/lib/python3.8/site-packages/airflow/example_dags/example_sla_dag.py
[2022-05-19 00:30:42,053] {processor.py:654} INFO - DAG(s) dict_keys(['example_sla_dag']) retrieved from /home/airflow/.local/lib/python3.8/site-packages/airflow/example_dags/example_sla_dag.py
[2022-05-19 00:30:42,065] {logging_mixin.py:109} INFO - [2022-05-19 00:30:42,065] {dag.py:2398} INFO - Sync 1 DAGs
[2022-05-19 00:30:42,084] {logging_mixin.py:109} INFO - [2022-05-19 00:30:42,084] {dag.py:2937} INFO - Setting next_dagrun for example_sla_dag to 2022-05-19T00:28:00+00:00
[2022-05-19 00:30:42,093] {processor.py:171} INFO - Processing /home/airflow/.local/lib/python3.8/site-packages/airflow/example_dags/example_sla_dag.py took 0.077 seconds
[2022-05-19 00:31:12,832] {processor.py:163} INFO - Started process (PID=11458) to work on /home/airflow/.local/lib/python3.8/site-packages/airflow/example_dags/example_sla_dag.py
[2022-05-19 00:31:12,833] {processor.py:642} INFO - Processing file /home/airflow/.local/lib/python3.8/site-packages/airflow/example_dags/example_sla_dag.py for tasks to queue
[2022-05-19 00:31:12,834] {logging_mixin.py:109} INFO - [2022-05-19 00:31:12,833] {dagbag.py:500} INFO - Filling up the DagBag from /home/airflow/.local/lib/python3.8/site-packages/airflow/example_dags/example_sla_dag.py
[2022-05-19 00:31:12,865] {processor.py:654} INFO - DAG(s) dict_keys(['example_sla_dag']) retrieved from /home/airflow/.local/lib/python3.8/site-packages/airflow/example_dags/example_sla_dag.py
[2022-05-19 00:31:12,874] {logging_mixin.py:109} INFO - [2022-05-19 00:31:12,874] {dag.py:2398} INFO - Sync 1 DAGs
[2022-05-19 00:31:12,898] {logging_mixin.py:109} INFO - [2022-05-19 00:31:12,898] {dag.py:2937} INFO - Setting next_dagrun for example_sla_dag to 2022-05-19T00:28:00+00:00
[2022-05-19 00:31:12,908] {processor.py:171} INFO - Processing /home/airflow/.local/lib/python3.8/site-packages/airflow/example_dags/example_sla_dag.py took 0.079 seconds
[2022-05-19 00:31:43,850] {processor.py:163} INFO - Started process (PID=11550) to work on /home/airflow/.local/lib/python3.8/site-packages/airflow/example_dags/example_sla_dag.py
[2022-05-19 00:31:43,853] {processor.py:642} INFO - Processing file /home/airflow/.local/lib/python3.8/site-packages/airflow/example_dags/example_sla_dag.py for tasks to queue
[2022-05-19 00:31:43,854] {logging_mixin.py:109} INFO - [2022-05-19 00:31:43,853] {dagbag.py:500} INFO - Filling up the DagBag from /home/airflow/.local/lib/python3.8/site-packages/airflow/example_dags/example_sla_dag.py
[2022-05-19 00:31:43,902] {processor.py:654} INFO - DAG(s) dict_keys(['example_sla_dag']) retrieved from /home/airflow/.local/lib/python3.8/site-packages/airflow/example_dags/example_sla_dag.py
[2022-05-19 00:31:43,911] {logging_mixin.py:109} INFO - [2022-05-19 00:31:43,910] {dag.py:2398} INFO - Sync 1 DAGs
[2022-05-19 00:31:43,930] {logging_mixin.py:109} INFO - [2022-05-19 00:31:43,930] {dag.py:2937} INFO - Setting next_dagrun for example_sla_dag to 2022-05-19T00:28:00+00:00
[2022-05-19 00:31:43,941] {processor.py:171} INFO - Processing /home/airflow/.local/lib/python3.8/site-packages/airflow/example_dags/example_sla_dag.py took 0.095 seconds
[2022-05-19 00:32:14,294] {processor.py:163} INFO - Started process (PID=11634) to work on /home/airflow/.local/lib/python3.8/site-packages/airflow/example_dags/example_sla_dag.py
[2022-05-19 00:32:14,295] {processor.py:642} INFO - Processing file /home/airflow/.local/lib/python3.8/site-packages/airflow/example_dags/example_sla_dag.py for tasks to queue
[2022-05-19 00:32:14,296] {logging_mixin.py:109} INFO - [2022-05-19 00:32:14,296] {dagbag.py:500} INFO - Filling up the DagBag from /home/airflow/.local/lib/python3.8/site-packages/airflow/example_dags/example_sla_dag.py
[2022-05-19 00:32:14,334] {processor.py:654} INFO - DAG(s) dict_keys(['example_sla_dag']) retrieved from /home/airflow/.local/lib/python3.8/site-packages/airflow/example_dags/example_sla_dag.py
[2022-05-19 00:32:14,345] {logging_mixin.py:109} INFO - [2022-05-19 00:32:14,345] {dag.py:2398} INFO - Sync 1 DAGs
[2022-05-19 00:32:14,379] {logging_mixin.py:109} INFO - [2022-05-19 00:32:14,378] {dag.py:2937} INFO - Setting next_dagrun for example_sla_dag to 2022-05-19T00:30:00+00:00
[2022-05-19 00:32:14,398] {processor.py:171} INFO - Processing /home/airflow/.local/lib/python3.8/site-packages/airflow/example_dags/example_sla_dag.py took 0.107 seconds
[2022-05-19 00:32:45,400] {processor.py:163} INFO - Started process (PID=11736) to work on /home/airflow/.local/lib/python3.8/site-packages/airflow/example_dags/example_sla_dag.py
[2022-05-19 00:32:45,401] {processor.py:642} INFO - Processing file /home/airflow/.local/lib/python3.8/site-packages/airflow/example_dags/example_sla_dag.py for tasks to queue
[2022-05-19 00:32:45,402] {logging_mixin.py:109} INFO - [2022-05-19 00:32:45,402] {dagbag.py:500} INFO - Filling up the DagBag from /home/airflow/.local/lib/python3.8/site-packages/airflow/example_dags/example_sla_dag.py
[2022-05-19 00:32:45,432] {processor.py:654} INFO - DAG(s) dict_keys(['example_sla_dag']) retrieved from /home/airflow/.local/lib/python3.8/site-packages/airflow/example_dags/example_sla_dag.py
[2022-05-19 00:32:45,439] {logging_mixin.py:109} INFO - [2022-05-19 00:32:45,439] {dag.py:2398} INFO - Sync 1 DAGs
[2022-05-19 00:32:45,457] {logging_mixin.py:109} INFO - [2022-05-19 00:32:45,457] {dag.py:2937} INFO - Setting next_dagrun for example_sla_dag to 2022-05-19T00:30:00+00:00
[2022-05-19 00:32:45,467] {processor.py:171} INFO - Processing /home/airflow/.local/lib/python3.8/site-packages/airflow/example_dags/example_sla_dag.py took 0.069 seconds
[2022-05-19 00:33:15,643] {processor.py:163} INFO - Started process (PID=11830) to work on /home/airflow/.local/lib/python3.8/site-packages/airflow/example_dags/example_sla_dag.py
[2022-05-19 00:33:15,643] {processor.py:642} INFO - Processing file /home/airflow/.local/lib/python3.8/site-packages/airflow/example_dags/example_sla_dag.py for tasks to queue
[2022-05-19 00:33:15,644] {logging_mixin.py:109} INFO - [2022-05-19 00:33:15,644] {dagbag.py:500} INFO - Filling up the DagBag from /home/airflow/.local/lib/python3.8/site-packages/airflow/example_dags/example_sla_dag.py
[2022-05-19 00:33:15,677] {processor.py:654} INFO - DAG(s) dict_keys(['example_sla_dag']) retrieved from /home/airflow/.local/lib/python3.8/site-packages/airflow/example_dags/example_sla_dag.py
[2022-05-19 00:33:15,687] {logging_mixin.py:109} INFO - [2022-05-19 00:33:15,687] {dag.py:2398} INFO - Sync 1 DAGs
[2022-05-19 00:33:15,705] {logging_mixin.py:109} INFO - [2022-05-19 00:33:15,704] {dag.py:2937} INFO - Setting next_dagrun for example_sla_dag to 2022-05-19T00:30:00+00:00
[2022-05-19 00:33:15,715] {processor.py:171} INFO - Processing /home/airflow/.local/lib/python3.8/site-packages/airflow/example_dags/example_sla_dag.py took 0.074 seconds
[2022-05-19 00:33:46,308] {processor.py:163} INFO - Started process (PID=11916) to work on /home/airflow/.local/lib/python3.8/site-packages/airflow/example_dags/example_sla_dag.py
[2022-05-19 00:33:46,309] {processor.py:642} INFO - Processing file /home/airflow/.local/lib/python3.8/site-packages/airflow/example_dags/example_sla_dag.py for tasks to queue
[2022-05-19 00:33:46,310] {logging_mixin.py:109} INFO - [2022-05-19 00:33:46,310] {dagbag.py:500} INFO - Filling up the DagBag from /home/airflow/.local/lib/python3.8/site-packages/airflow/example_dags/example_sla_dag.py
[2022-05-19 00:33:46,342] {processor.py:654} INFO - DAG(s) dict_keys(['example_sla_dag']) retrieved from /home/airflow/.local/lib/python3.8/site-packages/airflow/example_dags/example_sla_dag.py
[2022-05-19 00:33:46,355] {logging_mixin.py:109} INFO - [2022-05-19 00:33:46,354] {dag.py:2398} INFO - Sync 1 DAGs
[2022-05-19 00:33:46,395] {logging_mixin.py:109} INFO - [2022-05-19 00:33:46,395] {dag.py:2937} INFO - Setting next_dagrun for example_sla_dag to 2022-05-19T00:30:00+00:00
[2022-05-19 00:33:46,411] {processor.py:171} INFO - Processing /home/airflow/.local/lib/python3.8/site-packages/airflow/example_dags/example_sla_dag.py took 0.105 seconds
[2022-05-19 00:34:17,392] {processor.py:163} INFO - Started process (PID=12008) to work on /home/airflow/.local/lib/python3.8/site-packages/airflow/example_dags/example_sla_dag.py
[2022-05-19 00:34:17,393] {processor.py:642} INFO - Processing file /home/airflow/.local/lib/python3.8/site-packages/airflow/example_dags/example_sla_dag.py for tasks to queue
[2022-05-19 00:34:17,394] {logging_mixin.py:109} INFO - [2022-05-19 00:34:17,394] {dagbag.py:500} INFO - Filling up the DagBag from /home/airflow/.local/lib/python3.8/site-packages/airflow/example_dags/example_sla_dag.py
[2022-05-19 00:34:17,430] {processor.py:654} INFO - DAG(s) dict_keys(['example_sla_dag']) retrieved from /home/airflow/.local/lib/python3.8/site-packages/airflow/example_dags/example_sla_dag.py
[2022-05-19 00:34:17,444] {logging_mixin.py:109} INFO - [2022-05-19 00:34:17,444] {dag.py:2398} INFO - Sync 1 DAGs
[2022-05-19 00:34:17,464] {logging_mixin.py:109} INFO - [2022-05-19 00:34:17,464] {dag.py:2937} INFO - Setting next_dagrun for example_sla_dag to 2022-05-19T00:32:00+00:00
[2022-05-19 00:34:17,476] {processor.py:171} INFO - Processing /home/airflow/.local/lib/python3.8/site-packages/airflow/example_dags/example_sla_dag.py took 0.088 seconds
[2022-05-19 00:34:47,827] {processor.py:163} INFO - Started process (PID=12094) to work on /home/airflow/.local/lib/python3.8/site-packages/airflow/example_dags/example_sla_dag.py
[2022-05-19 00:34:47,827] {processor.py:642} INFO - Processing file /home/airflow/.local/lib/python3.8/site-packages/airflow/example_dags/example_sla_dag.py for tasks to queue
[2022-05-19 00:34:47,828] {logging_mixin.py:109} INFO - [2022-05-19 00:34:47,828] {dagbag.py:500} INFO - Filling up the DagBag from /home/airflow/.local/lib/python3.8/site-packages/airflow/example_dags/example_sla_dag.py
[2022-05-19 00:34:47,871] {processor.py:654} INFO - DAG(s) dict_keys(['example_sla_dag']) retrieved from /home/airflow/.local/lib/python3.8/site-packages/airflow/example_dags/example_sla_dag.py
[2022-05-19 00:34:47,881] {logging_mixin.py:109} INFO - [2022-05-19 00:34:47,881] {dag.py:2398} INFO - Sync 1 DAGs
[2022-05-19 00:34:47,903] {logging_mixin.py:109} INFO - [2022-05-19 00:34:47,903] {dag.py:2937} INFO - Setting next_dagrun for example_sla_dag to 2022-05-19T00:32:00+00:00
[2022-05-19 00:34:47,914] {processor.py:171} INFO - Processing /home/airflow/.local/lib/python3.8/site-packages/airflow/example_dags/example_sla_dag.py took 0.090 seconds
[2022-05-19 00:35:18,182] {processor.py:163} INFO - Started process (PID=12181) to work on /home/airflow/.local/lib/python3.8/site-packages/airflow/example_dags/example_sla_dag.py
[2022-05-19 00:35:18,184] {processor.py:642} INFO - Processing file /home/airflow/.local/lib/python3.8/site-packages/airflow/example_dags/example_sla_dag.py for tasks to queue
[2022-05-19 00:35:18,184] {logging_mixin.py:109} INFO - [2022-05-19 00:35:18,184] {dagbag.py:500} INFO - Filling up the DagBag from /home/airflow/.local/lib/python3.8/site-packages/airflow/example_dags/example_sla_dag.py
[2022-05-19 00:35:18,222] {processor.py:654} INFO - DAG(s) dict_keys(['example_sla_dag']) retrieved from /home/airflow/.local/lib/python3.8/site-packages/airflow/example_dags/example_sla_dag.py
[2022-05-19 00:35:18,234] {logging_mixin.py:109} INFO - [2022-05-19 00:35:18,234] {dag.py:2398} INFO - Sync 1 DAGs
[2022-05-19 00:35:18,255] {logging_mixin.py:109} INFO - [2022-05-19 00:35:18,255] {dag.py:2937} INFO - Setting next_dagrun for example_sla_dag to 2022-05-19T00:32:00+00:00
[2022-05-19 00:35:18,268] {processor.py:171} INFO - Processing /home/airflow/.local/lib/python3.8/site-packages/airflow/example_dags/example_sla_dag.py took 0.088 seconds
[2022-05-19 00:35:49,359] {processor.py:163} INFO - Started process (PID=12273) to work on /home/airflow/.local/lib/python3.8/site-packages/airflow/example_dags/example_sla_dag.py
[2022-05-19 00:35:49,361] {processor.py:642} INFO - Processing file /home/airflow/.local/lib/python3.8/site-packages/airflow/example_dags/example_sla_dag.py for tasks to queue
[2022-05-19 00:35:49,362] {logging_mixin.py:109} INFO - [2022-05-19 00:35:49,361] {dagbag.py:500} INFO - Filling up the DagBag from /home/airflow/.local/lib/python3.8/site-packages/airflow/example_dags/example_sla_dag.py
[2022-05-19 00:35:49,401] {processor.py:654} INFO - DAG(s) dict_keys(['example_sla_dag']) retrieved from /home/airflow/.local/lib/python3.8/site-packages/airflow/example_dags/example_sla_dag.py
[2022-05-19 00:35:49,413] {logging_mixin.py:109} INFO - [2022-05-19 00:35:49,413] {dag.py:2398} INFO - Sync 1 DAGs
[2022-05-19 00:35:49,435] {logging_mixin.py:109} INFO - [2022-05-19 00:35:49,435] {dag.py:2937} INFO - Setting next_dagrun for example_sla_dag to 2022-05-19T00:32:00+00:00
[2022-05-19 00:35:49,446] {processor.py:171} INFO - Processing /home/airflow/.local/lib/python3.8/site-packages/airflow/example_dags/example_sla_dag.py took 0.089 seconds
[2022-05-19 00:36:19,752] {processor.py:163} INFO - Started process (PID=12359) to work on /home/airflow/.local/lib/python3.8/site-packages/airflow/example_dags/example_sla_dag.py
[2022-05-19 00:36:19,754] {processor.py:642} INFO - Processing file /home/airflow/.local/lib/python3.8/site-packages/airflow/example_dags/example_sla_dag.py for tasks to queue
[2022-05-19 00:36:19,755] {logging_mixin.py:109} INFO - [2022-05-19 00:36:19,755] {dagbag.py:500} INFO - Filling up the DagBag from /home/airflow/.local/lib/python3.8/site-packages/airflow/example_dags/example_sla_dag.py
[2022-05-19 00:36:19,785] {processor.py:654} INFO - DAG(s) dict_keys(['example_sla_dag']) retrieved from /home/airflow/.local/lib/python3.8/site-packages/airflow/example_dags/example_sla_dag.py
[2022-05-19 00:36:19,792] {logging_mixin.py:109} INFO - [2022-05-19 00:36:19,792] {dag.py:2398} INFO - Sync 1 DAGs
[2022-05-19 00:36:19,810] {logging_mixin.py:109} INFO - [2022-05-19 00:36:19,810] {dag.py:2937} INFO - Setting next_dagrun for example_sla_dag to 2022-05-19T00:34:00+00:00
[2022-05-19 00:36:19,821] {processor.py:171} INFO - Processing /home/airflow/.local/lib/python3.8/site-packages/airflow/example_dags/example_sla_dag.py took 0.071 seconds
[2022-05-19 00:36:50,205] {processor.py:163} INFO - Started process (PID=12444) to work on /home/airflow/.local/lib/python3.8/site-packages/airflow/example_dags/example_sla_dag.py
[2022-05-19 00:36:50,206] {processor.py:642} INFO - Processing file /home/airflow/.local/lib/python3.8/site-packages/airflow/example_dags/example_sla_dag.py for tasks to queue
[2022-05-19 00:36:50,207] {logging_mixin.py:109} INFO - [2022-05-19 00:36:50,207] {dagbag.py:500} INFO - Filling up the DagBag from /home/airflow/.local/lib/python3.8/site-packages/airflow/example_dags/example_sla_dag.py
[2022-05-19 00:36:50,239] {processor.py:654} INFO - DAG(s) dict_keys(['example_sla_dag']) retrieved from /home/airflow/.local/lib/python3.8/site-packages/airflow/example_dags/example_sla_dag.py
[2022-05-19 00:36:50,251] {logging_mixin.py:109} INFO - [2022-05-19 00:36:50,251] {dag.py:2398} INFO - Sync 1 DAGs
[2022-05-19 00:36:50,267] {logging_mixin.py:109} INFO - [2022-05-19 00:36:50,267] {dag.py:2937} INFO - Setting next_dagrun for example_sla_dag to 2022-05-19T00:34:00+00:00
[2022-05-19 00:36:50,285] {processor.py:171} INFO - Processing /home/airflow/.local/lib/python3.8/site-packages/airflow/example_dags/example_sla_dag.py took 0.083 seconds
[2022-05-19 00:37:20,667] {processor.py:163} INFO - Started process (PID=12529) to work on /home/airflow/.local/lib/python3.8/site-packages/airflow/example_dags/example_sla_dag.py
[2022-05-19 00:37:20,668] {processor.py:642} INFO - Processing file /home/airflow/.local/lib/python3.8/site-packages/airflow/example_dags/example_sla_dag.py for tasks to queue
[2022-05-19 00:37:20,669] {logging_mixin.py:109} INFO - [2022-05-19 00:37:20,669] {dagbag.py:500} INFO - Filling up the DagBag from /home/airflow/.local/lib/python3.8/site-packages/airflow/example_dags/example_sla_dag.py
[2022-05-19 00:37:20,708] {processor.py:654} INFO - DAG(s) dict_keys(['example_sla_dag']) retrieved from /home/airflow/.local/lib/python3.8/site-packages/airflow/example_dags/example_sla_dag.py
[2022-05-19 00:37:20,722] {logging_mixin.py:109} INFO - [2022-05-19 00:37:20,722] {dag.py:2398} INFO - Sync 1 DAGs
[2022-05-19 00:37:20,746] {logging_mixin.py:109} INFO - [2022-05-19 00:37:20,746] {dag.py:2937} INFO - Setting next_dagrun for example_sla_dag to 2022-05-19T00:34:00+00:00
[2022-05-19 00:37:20,761] {processor.py:171} INFO - Processing /home/airflow/.local/lib/python3.8/site-packages/airflow/example_dags/example_sla_dag.py took 0.096 seconds
