[2022-05-19 00:00:23,952] {processor.py:163} INFO - Started process (PID=6107) to work on /home/airflow/.local/lib/python3.8/site-packages/airflow/example_dags/example_dag_decorator.py
[2022-05-19 00:00:23,953] {processor.py:642} INFO - Processing file /home/airflow/.local/lib/python3.8/site-packages/airflow/example_dags/example_dag_decorator.py for tasks to queue
[2022-05-19 00:00:23,954] {logging_mixin.py:109} INFO - [2022-05-19 00:00:23,954] {dagbag.py:500} INFO - Filling up the DagBag from /home/airflow/.local/lib/python3.8/site-packages/airflow/example_dags/example_dag_decorator.py
[2022-05-19 00:00:23,997] {processor.py:654} INFO - DAG(s) dict_keys(['example_dag_decorator']) retrieved from /home/airflow/.local/lib/python3.8/site-packages/airflow/example_dags/example_dag_decorator.py
[2022-05-19 00:00:24,402] {logging_mixin.py:109} INFO - [2022-05-19 00:00:24,402] {dag.py:2398} INFO - Sync 1 DAGs
[2022-05-19 00:00:24,420] {logging_mixin.py:109} INFO - [2022-05-19 00:00:24,420] {dag.py:2937} INFO - Setting next_dagrun for example_dag_decorator to None
[2022-05-19 00:00:24,435] {processor.py:171} INFO - Processing /home/airflow/.local/lib/python3.8/site-packages/airflow/example_dags/example_dag_decorator.py took 0.486 seconds
[2022-05-19 00:00:54,893] {processor.py:163} INFO - Started process (PID=6192) to work on /home/airflow/.local/lib/python3.8/site-packages/airflow/example_dags/example_dag_decorator.py
[2022-05-19 00:00:54,896] {processor.py:642} INFO - Processing file /home/airflow/.local/lib/python3.8/site-packages/airflow/example_dags/example_dag_decorator.py for tasks to queue
[2022-05-19 00:00:54,897] {logging_mixin.py:109} INFO - [2022-05-19 00:00:54,897] {dagbag.py:500} INFO - Filling up the DagBag from /home/airflow/.local/lib/python3.8/site-packages/airflow/example_dags/example_dag_decorator.py
[2022-05-19 00:00:55,036] {processor.py:654} INFO - DAG(s) dict_keys(['example_dag_decorator']) retrieved from /home/airflow/.local/lib/python3.8/site-packages/airflow/example_dags/example_dag_decorator.py
[2022-05-19 00:00:55,492] {logging_mixin.py:109} INFO - [2022-05-19 00:00:55,491] {dag.py:2398} INFO - Sync 1 DAGs
[2022-05-19 00:00:55,505] {logging_mixin.py:109} INFO - [2022-05-19 00:00:55,505] {dag.py:2937} INFO - Setting next_dagrun for example_dag_decorator to None
[2022-05-19 00:00:55,518] {processor.py:171} INFO - Processing /home/airflow/.local/lib/python3.8/site-packages/airflow/example_dags/example_dag_decorator.py took 0.628 seconds
[2022-05-19 00:01:25,738] {processor.py:163} INFO - Started process (PID=6277) to work on /home/airflow/.local/lib/python3.8/site-packages/airflow/example_dags/example_dag_decorator.py
[2022-05-19 00:01:25,742] {processor.py:642} INFO - Processing file /home/airflow/.local/lib/python3.8/site-packages/airflow/example_dags/example_dag_decorator.py for tasks to queue
[2022-05-19 00:01:25,743] {logging_mixin.py:109} INFO - [2022-05-19 00:01:25,743] {dagbag.py:500} INFO - Filling up the DagBag from /home/airflow/.local/lib/python3.8/site-packages/airflow/example_dags/example_dag_decorator.py
[2022-05-19 00:01:25,815] {processor.py:654} INFO - DAG(s) dict_keys(['example_dag_decorator']) retrieved from /home/airflow/.local/lib/python3.8/site-packages/airflow/example_dags/example_dag_decorator.py
[2022-05-19 00:01:26,122] {logging_mixin.py:109} INFO - [2022-05-19 00:01:26,122] {dag.py:2398} INFO - Sync 1 DAGs
[2022-05-19 00:01:26,136] {logging_mixin.py:109} INFO - [2022-05-19 00:01:26,135] {dag.py:2937} INFO - Setting next_dagrun for example_dag_decorator to None
[2022-05-19 00:01:26,150] {processor.py:171} INFO - Processing /home/airflow/.local/lib/python3.8/site-packages/airflow/example_dags/example_dag_decorator.py took 0.414 seconds
[2022-05-19 00:01:56,510] {processor.py:163} INFO - Started process (PID=6388) to work on /home/airflow/.local/lib/python3.8/site-packages/airflow/example_dags/example_dag_decorator.py
[2022-05-19 00:01:56,511] {processor.py:642} INFO - Processing file /home/airflow/.local/lib/python3.8/site-packages/airflow/example_dags/example_dag_decorator.py for tasks to queue
[2022-05-19 00:01:56,512] {logging_mixin.py:109} INFO - [2022-05-19 00:01:56,512] {dagbag.py:500} INFO - Filling up the DagBag from /home/airflow/.local/lib/python3.8/site-packages/airflow/example_dags/example_dag_decorator.py
[2022-05-19 00:01:56,542] {processor.py:654} INFO - DAG(s) dict_keys(['example_dag_decorator']) retrieved from /home/airflow/.local/lib/python3.8/site-packages/airflow/example_dags/example_dag_decorator.py
[2022-05-19 00:01:56,819] {logging_mixin.py:109} INFO - [2022-05-19 00:01:56,819] {dag.py:2398} INFO - Sync 1 DAGs
[2022-05-19 00:01:56,835] {logging_mixin.py:109} INFO - [2022-05-19 00:01:56,835] {dag.py:2937} INFO - Setting next_dagrun for example_dag_decorator to None
[2022-05-19 00:01:56,848] {processor.py:171} INFO - Processing /home/airflow/.local/lib/python3.8/site-packages/airflow/example_dags/example_dag_decorator.py took 0.341 seconds
[2022-05-19 00:02:27,346] {processor.py:163} INFO - Started process (PID=6473) to work on /home/airflow/.local/lib/python3.8/site-packages/airflow/example_dags/example_dag_decorator.py
[2022-05-19 00:02:27,347] {processor.py:642} INFO - Processing file /home/airflow/.local/lib/python3.8/site-packages/airflow/example_dags/example_dag_decorator.py for tasks to queue
[2022-05-19 00:02:27,347] {logging_mixin.py:109} INFO - [2022-05-19 00:02:27,347] {dagbag.py:500} INFO - Filling up the DagBag from /home/airflow/.local/lib/python3.8/site-packages/airflow/example_dags/example_dag_decorator.py
[2022-05-19 00:02:27,382] {processor.py:654} INFO - DAG(s) dict_keys(['example_dag_decorator']) retrieved from /home/airflow/.local/lib/python3.8/site-packages/airflow/example_dags/example_dag_decorator.py
[2022-05-19 00:02:27,673] {logging_mixin.py:109} INFO - [2022-05-19 00:02:27,673] {dag.py:2398} INFO - Sync 1 DAGs
[2022-05-19 00:02:27,688] {logging_mixin.py:109} INFO - [2022-05-19 00:02:27,688] {dag.py:2937} INFO - Setting next_dagrun for example_dag_decorator to None
[2022-05-19 00:02:27,710] {processor.py:171} INFO - Processing /home/airflow/.local/lib/python3.8/site-packages/airflow/example_dags/example_dag_decorator.py took 0.366 seconds
[2022-05-19 00:02:57,742] {processor.py:163} INFO - Started process (PID=6541) to work on /home/airflow/.local/lib/python3.8/site-packages/airflow/example_dags/example_dag_decorator.py
[2022-05-19 00:02:57,745] {processor.py:642} INFO - Processing file /home/airflow/.local/lib/python3.8/site-packages/airflow/example_dags/example_dag_decorator.py for tasks to queue
[2022-05-19 00:02:57,745] {logging_mixin.py:109} INFO - [2022-05-19 00:02:57,745] {dagbag.py:500} INFO - Filling up the DagBag from /home/airflow/.local/lib/python3.8/site-packages/airflow/example_dags/example_dag_decorator.py
[2022-05-19 00:02:57,775] {processor.py:654} INFO - DAG(s) dict_keys(['example_dag_decorator']) retrieved from /home/airflow/.local/lib/python3.8/site-packages/airflow/example_dags/example_dag_decorator.py
[2022-05-19 00:02:58,005] {logging_mixin.py:109} INFO - [2022-05-19 00:02:58,005] {dag.py:2398} INFO - Sync 1 DAGs
[2022-05-19 00:02:58,018] {logging_mixin.py:109} INFO - [2022-05-19 00:02:58,018] {dag.py:2937} INFO - Setting next_dagrun for example_dag_decorator to None
[2022-05-19 00:02:58,030] {processor.py:171} INFO - Processing /home/airflow/.local/lib/python3.8/site-packages/airflow/example_dags/example_dag_decorator.py took 0.289 seconds
[2022-05-19 00:03:28,249] {processor.py:163} INFO - Started process (PID=6634) to work on /home/airflow/.local/lib/python3.8/site-packages/airflow/example_dags/example_dag_decorator.py
[2022-05-19 00:03:28,250] {processor.py:642} INFO - Processing file /home/airflow/.local/lib/python3.8/site-packages/airflow/example_dags/example_dag_decorator.py for tasks to queue
[2022-05-19 00:03:28,251] {logging_mixin.py:109} INFO - [2022-05-19 00:03:28,251] {dagbag.py:500} INFO - Filling up the DagBag from /home/airflow/.local/lib/python3.8/site-packages/airflow/example_dags/example_dag_decorator.py
[2022-05-19 00:03:28,294] {processor.py:654} INFO - DAG(s) dict_keys(['example_dag_decorator']) retrieved from /home/airflow/.local/lib/python3.8/site-packages/airflow/example_dags/example_dag_decorator.py
[2022-05-19 00:03:28,562] {logging_mixin.py:109} INFO - [2022-05-19 00:03:28,562] {dag.py:2398} INFO - Sync 1 DAGs
[2022-05-19 00:03:28,574] {logging_mixin.py:109} INFO - [2022-05-19 00:03:28,574] {dag.py:2937} INFO - Setting next_dagrun for example_dag_decorator to None
[2022-05-19 00:03:28,601] {processor.py:171} INFO - Processing /home/airflow/.local/lib/python3.8/site-packages/airflow/example_dags/example_dag_decorator.py took 0.353 seconds
[2022-05-19 00:03:58,847] {processor.py:163} INFO - Started process (PID=6718) to work on /home/airflow/.local/lib/python3.8/site-packages/airflow/example_dags/example_dag_decorator.py
[2022-05-19 00:03:58,858] {processor.py:642} INFO - Processing file /home/airflow/.local/lib/python3.8/site-packages/airflow/example_dags/example_dag_decorator.py for tasks to queue
[2022-05-19 00:03:58,858] {logging_mixin.py:109} INFO - [2022-05-19 00:03:58,858] {dagbag.py:500} INFO - Filling up the DagBag from /home/airflow/.local/lib/python3.8/site-packages/airflow/example_dags/example_dag_decorator.py
[2022-05-19 00:03:58,890] {processor.py:654} INFO - DAG(s) dict_keys(['example_dag_decorator']) retrieved from /home/airflow/.local/lib/python3.8/site-packages/airflow/example_dags/example_dag_decorator.py
[2022-05-19 00:03:59,127] {logging_mixin.py:109} INFO - [2022-05-19 00:03:59,127] {dag.py:2398} INFO - Sync 1 DAGs
[2022-05-19 00:03:59,142] {logging_mixin.py:109} INFO - [2022-05-19 00:03:59,142] {dag.py:2937} INFO - Setting next_dagrun for example_dag_decorator to None
[2022-05-19 00:03:59,161] {processor.py:171} INFO - Processing /home/airflow/.local/lib/python3.8/site-packages/airflow/example_dags/example_dag_decorator.py took 0.316 seconds
[2022-05-19 00:04:29,249] {processor.py:163} INFO - Started process (PID=6811) to work on /home/airflow/.local/lib/python3.8/site-packages/airflow/example_dags/example_dag_decorator.py
[2022-05-19 00:04:29,250] {processor.py:642} INFO - Processing file /home/airflow/.local/lib/python3.8/site-packages/airflow/example_dags/example_dag_decorator.py for tasks to queue
[2022-05-19 00:04:29,250] {logging_mixin.py:109} INFO - [2022-05-19 00:04:29,250] {dagbag.py:500} INFO - Filling up the DagBag from /home/airflow/.local/lib/python3.8/site-packages/airflow/example_dags/example_dag_decorator.py
[2022-05-19 00:04:29,288] {processor.py:654} INFO - DAG(s) dict_keys(['example_dag_decorator']) retrieved from /home/airflow/.local/lib/python3.8/site-packages/airflow/example_dags/example_dag_decorator.py
[2022-05-19 00:04:29,612] {logging_mixin.py:109} INFO - [2022-05-19 00:04:29,611] {dag.py:2398} INFO - Sync 1 DAGs
[2022-05-19 00:04:29,632] {logging_mixin.py:109} INFO - [2022-05-19 00:04:29,632] {dag.py:2937} INFO - Setting next_dagrun for example_dag_decorator to None
[2022-05-19 00:04:29,653] {processor.py:171} INFO - Processing /home/airflow/.local/lib/python3.8/site-packages/airflow/example_dags/example_dag_decorator.py took 0.407 seconds
[2022-05-19 00:05:00,497] {processor.py:163} INFO - Started process (PID=6896) to work on /home/airflow/.local/lib/python3.8/site-packages/airflow/example_dags/example_dag_decorator.py
[2022-05-19 00:05:00,498] {processor.py:642} INFO - Processing file /home/airflow/.local/lib/python3.8/site-packages/airflow/example_dags/example_dag_decorator.py for tasks to queue
[2022-05-19 00:05:00,499] {logging_mixin.py:109} INFO - [2022-05-19 00:05:00,499] {dagbag.py:500} INFO - Filling up the DagBag from /home/airflow/.local/lib/python3.8/site-packages/airflow/example_dags/example_dag_decorator.py
[2022-05-19 00:05:00,567] {processor.py:654} INFO - DAG(s) dict_keys(['example_dag_decorator']) retrieved from /home/airflow/.local/lib/python3.8/site-packages/airflow/example_dags/example_dag_decorator.py
[2022-05-19 00:05:00,892] {logging_mixin.py:109} INFO - [2022-05-19 00:05:00,892] {dag.py:2398} INFO - Sync 1 DAGs
[2022-05-19 00:05:00,906] {logging_mixin.py:109} INFO - [2022-05-19 00:05:00,906] {dag.py:2937} INFO - Setting next_dagrun for example_dag_decorator to None
[2022-05-19 00:05:00,918] {processor.py:171} INFO - Processing /home/airflow/.local/lib/python3.8/site-packages/airflow/example_dags/example_dag_decorator.py took 0.425 seconds
[2022-05-19 00:05:31,027] {processor.py:163} INFO - Started process (PID=6982) to work on /home/airflow/.local/lib/python3.8/site-packages/airflow/example_dags/example_dag_decorator.py
[2022-05-19 00:05:31,027] {processor.py:642} INFO - Processing file /home/airflow/.local/lib/python3.8/site-packages/airflow/example_dags/example_dag_decorator.py for tasks to queue
[2022-05-19 00:05:31,028] {logging_mixin.py:109} INFO - [2022-05-19 00:05:31,028] {dagbag.py:500} INFO - Filling up the DagBag from /home/airflow/.local/lib/python3.8/site-packages/airflow/example_dags/example_dag_decorator.py
[2022-05-19 00:05:31,070] {processor.py:654} INFO - DAG(s) dict_keys(['example_dag_decorator']) retrieved from /home/airflow/.local/lib/python3.8/site-packages/airflow/example_dags/example_dag_decorator.py
[2022-05-19 00:05:31,417] {logging_mixin.py:109} INFO - [2022-05-19 00:05:31,417] {dag.py:2398} INFO - Sync 1 DAGs
[2022-05-19 00:05:31,441] {logging_mixin.py:109} INFO - [2022-05-19 00:05:31,441] {dag.py:2937} INFO - Setting next_dagrun for example_dag_decorator to None
[2022-05-19 00:05:31,463] {processor.py:171} INFO - Processing /home/airflow/.local/lib/python3.8/site-packages/airflow/example_dags/example_dag_decorator.py took 0.439 seconds
[2022-05-19 00:06:02,169] {processor.py:163} INFO - Started process (PID=7074) to work on /home/airflow/.local/lib/python3.8/site-packages/airflow/example_dags/example_dag_decorator.py
[2022-05-19 00:06:02,171] {processor.py:642} INFO - Processing file /home/airflow/.local/lib/python3.8/site-packages/airflow/example_dags/example_dag_decorator.py for tasks to queue
[2022-05-19 00:06:02,172] {logging_mixin.py:109} INFO - [2022-05-19 00:06:02,172] {dagbag.py:500} INFO - Filling up the DagBag from /home/airflow/.local/lib/python3.8/site-packages/airflow/example_dags/example_dag_decorator.py
[2022-05-19 00:06:02,232] {processor.py:654} INFO - DAG(s) dict_keys(['example_dag_decorator']) retrieved from /home/airflow/.local/lib/python3.8/site-packages/airflow/example_dags/example_dag_decorator.py
[2022-05-19 00:06:02,547] {logging_mixin.py:109} INFO - [2022-05-19 00:06:02,547] {dag.py:2398} INFO - Sync 1 DAGs
[2022-05-19 00:06:02,563] {logging_mixin.py:109} INFO - [2022-05-19 00:06:02,563] {dag.py:2937} INFO - Setting next_dagrun for example_dag_decorator to None
[2022-05-19 00:06:02,582] {processor.py:171} INFO - Processing /home/airflow/.local/lib/python3.8/site-packages/airflow/example_dags/example_dag_decorator.py took 0.417 seconds
[2022-05-19 00:06:33,280] {processor.py:163} INFO - Started process (PID=7176) to work on /home/airflow/.local/lib/python3.8/site-packages/airflow/example_dags/example_dag_decorator.py
[2022-05-19 00:06:33,281] {processor.py:642} INFO - Processing file /home/airflow/.local/lib/python3.8/site-packages/airflow/example_dags/example_dag_decorator.py for tasks to queue
[2022-05-19 00:06:33,282] {logging_mixin.py:109} INFO - [2022-05-19 00:06:33,281] {dagbag.py:500} INFO - Filling up the DagBag from /home/airflow/.local/lib/python3.8/site-packages/airflow/example_dags/example_dag_decorator.py
[2022-05-19 00:06:33,321] {processor.py:654} INFO - DAG(s) dict_keys(['example_dag_decorator']) retrieved from /home/airflow/.local/lib/python3.8/site-packages/airflow/example_dags/example_dag_decorator.py
[2022-05-19 00:06:33,613] {logging_mixin.py:109} INFO - [2022-05-19 00:06:33,613] {dag.py:2398} INFO - Sync 1 DAGs
[2022-05-19 00:06:33,631] {logging_mixin.py:109} INFO - [2022-05-19 00:06:33,631] {dag.py:2937} INFO - Setting next_dagrun for example_dag_decorator to None
[2022-05-19 00:06:33,651] {processor.py:171} INFO - Processing /home/airflow/.local/lib/python3.8/site-packages/airflow/example_dags/example_dag_decorator.py took 0.375 seconds
[2022-05-19 00:07:03,883] {processor.py:163} INFO - Started process (PID=7261) to work on /home/airflow/.local/lib/python3.8/site-packages/airflow/example_dags/example_dag_decorator.py
[2022-05-19 00:07:03,884] {processor.py:642} INFO - Processing file /home/airflow/.local/lib/python3.8/site-packages/airflow/example_dags/example_dag_decorator.py for tasks to queue
[2022-05-19 00:07:03,885] {logging_mixin.py:109} INFO - [2022-05-19 00:07:03,885] {dagbag.py:500} INFO - Filling up the DagBag from /home/airflow/.local/lib/python3.8/site-packages/airflow/example_dags/example_dag_decorator.py
[2022-05-19 00:07:03,966] {processor.py:654} INFO - DAG(s) dict_keys(['example_dag_decorator']) retrieved from /home/airflow/.local/lib/python3.8/site-packages/airflow/example_dags/example_dag_decorator.py
[2022-05-19 00:07:03,983] {logging_mixin.py:109} INFO - [2022-05-19 00:07:03,983] {dag.py:2398} INFO - Sync 1 DAGs
[2022-05-19 00:07:04,010] {logging_mixin.py:109} INFO - [2022-05-19 00:07:04,010] {dag.py:2937} INFO - Setting next_dagrun for example_dag_decorator to None
[2022-05-19 00:07:04,025] {processor.py:171} INFO - Processing /home/airflow/.local/lib/python3.8/site-packages/airflow/example_dags/example_dag_decorator.py took 0.145 seconds
[2022-05-19 00:07:34,456] {processor.py:163} INFO - Started process (PID=7354) to work on /home/airflow/.local/lib/python3.8/site-packages/airflow/example_dags/example_dag_decorator.py
[2022-05-19 00:07:34,457] {processor.py:642} INFO - Processing file /home/airflow/.local/lib/python3.8/site-packages/airflow/example_dags/example_dag_decorator.py for tasks to queue
[2022-05-19 00:07:34,458] {logging_mixin.py:109} INFO - [2022-05-19 00:07:34,458] {dagbag.py:500} INFO - Filling up the DagBag from /home/airflow/.local/lib/python3.8/site-packages/airflow/example_dags/example_dag_decorator.py
[2022-05-19 00:07:34,500] {processor.py:654} INFO - DAG(s) dict_keys(['example_dag_decorator']) retrieved from /home/airflow/.local/lib/python3.8/site-packages/airflow/example_dags/example_dag_decorator.py
[2022-05-19 00:07:34,844] {logging_mixin.py:109} INFO - [2022-05-19 00:07:34,844] {dag.py:2398} INFO - Sync 1 DAGs
[2022-05-19 00:07:34,859] {logging_mixin.py:109} INFO - [2022-05-19 00:07:34,859] {dag.py:2937} INFO - Setting next_dagrun for example_dag_decorator to None
[2022-05-19 00:07:34,871] {processor.py:171} INFO - Processing /home/airflow/.local/lib/python3.8/site-packages/airflow/example_dags/example_dag_decorator.py took 0.418 seconds
[2022-05-19 00:08:04,957] {processor.py:163} INFO - Started process (PID=7438) to work on /home/airflow/.local/lib/python3.8/site-packages/airflow/example_dags/example_dag_decorator.py
[2022-05-19 00:08:04,959] {processor.py:642} INFO - Processing file /home/airflow/.local/lib/python3.8/site-packages/airflow/example_dags/example_dag_decorator.py for tasks to queue
[2022-05-19 00:08:04,959] {logging_mixin.py:109} INFO - [2022-05-19 00:08:04,959] {dagbag.py:500} INFO - Filling up the DagBag from /home/airflow/.local/lib/python3.8/site-packages/airflow/example_dags/example_dag_decorator.py
[2022-05-19 00:08:05,005] {processor.py:654} INFO - DAG(s) dict_keys(['example_dag_decorator']) retrieved from /home/airflow/.local/lib/python3.8/site-packages/airflow/example_dags/example_dag_decorator.py
[2022-05-19 00:08:05,326] {logging_mixin.py:109} INFO - [2022-05-19 00:08:05,326] {dag.py:2398} INFO - Sync 1 DAGs
[2022-05-19 00:08:05,339] {logging_mixin.py:109} INFO - [2022-05-19 00:08:05,339] {dag.py:2937} INFO - Setting next_dagrun for example_dag_decorator to None
[2022-05-19 00:08:05,360] {processor.py:171} INFO - Processing /home/airflow/.local/lib/python3.8/site-packages/airflow/example_dags/example_dag_decorator.py took 0.407 seconds
[2022-05-19 00:08:35,822] {processor.py:163} INFO - Started process (PID=7523) to work on /home/airflow/.local/lib/python3.8/site-packages/airflow/example_dags/example_dag_decorator.py
[2022-05-19 00:08:35,830] {processor.py:642} INFO - Processing file /home/airflow/.local/lib/python3.8/site-packages/airflow/example_dags/example_dag_decorator.py for tasks to queue
[2022-05-19 00:08:35,831] {logging_mixin.py:109} INFO - [2022-05-19 00:08:35,830] {dagbag.py:500} INFO - Filling up the DagBag from /home/airflow/.local/lib/python3.8/site-packages/airflow/example_dags/example_dag_decorator.py
[2022-05-19 00:08:35,902] {processor.py:654} INFO - DAG(s) dict_keys(['example_dag_decorator']) retrieved from /home/airflow/.local/lib/python3.8/site-packages/airflow/example_dags/example_dag_decorator.py
[2022-05-19 00:08:36,241] {logging_mixin.py:109} INFO - [2022-05-19 00:08:36,241] {dag.py:2398} INFO - Sync 1 DAGs
[2022-05-19 00:08:36,273] {logging_mixin.py:109} INFO - [2022-05-19 00:08:36,273] {dag.py:2937} INFO - Setting next_dagrun for example_dag_decorator to None
[2022-05-19 00:08:36,292] {processor.py:171} INFO - Processing /home/airflow/.local/lib/python3.8/site-packages/airflow/example_dags/example_dag_decorator.py took 0.473 seconds
[2022-05-19 00:09:06,349] {processor.py:163} INFO - Started process (PID=7618) to work on /home/airflow/.local/lib/python3.8/site-packages/airflow/example_dags/example_dag_decorator.py
[2022-05-19 00:09:06,349] {processor.py:642} INFO - Processing file /home/airflow/.local/lib/python3.8/site-packages/airflow/example_dags/example_dag_decorator.py for tasks to queue
[2022-05-19 00:09:06,350] {logging_mixin.py:109} INFO - [2022-05-19 00:09:06,350] {dagbag.py:500} INFO - Filling up the DagBag from /home/airflow/.local/lib/python3.8/site-packages/airflow/example_dags/example_dag_decorator.py
[2022-05-19 00:09:06,393] {processor.py:654} INFO - DAG(s) dict_keys(['example_dag_decorator']) retrieved from /home/airflow/.local/lib/python3.8/site-packages/airflow/example_dags/example_dag_decorator.py
[2022-05-19 00:09:06,740] {logging_mixin.py:109} INFO - [2022-05-19 00:09:06,740] {dag.py:2398} INFO - Sync 1 DAGs
[2022-05-19 00:09:06,758] {logging_mixin.py:109} INFO - [2022-05-19 00:09:06,758] {dag.py:2937} INFO - Setting next_dagrun for example_dag_decorator to None
[2022-05-19 00:09:06,773] {processor.py:171} INFO - Processing /home/airflow/.local/lib/python3.8/site-packages/airflow/example_dags/example_dag_decorator.py took 0.427 seconds
[2022-05-19 00:09:37,115] {processor.py:163} INFO - Started process (PID=7685) to work on /home/airflow/.local/lib/python3.8/site-packages/airflow/example_dags/example_dag_decorator.py
[2022-05-19 00:09:37,116] {processor.py:642} INFO - Processing file /home/airflow/.local/lib/python3.8/site-packages/airflow/example_dags/example_dag_decorator.py for tasks to queue
[2022-05-19 00:09:37,116] {logging_mixin.py:109} INFO - [2022-05-19 00:09:37,116] {dagbag.py:500} INFO - Filling up the DagBag from /home/airflow/.local/lib/python3.8/site-packages/airflow/example_dags/example_dag_decorator.py
[2022-05-19 00:09:37,188] {processor.py:654} INFO - DAG(s) dict_keys(['example_dag_decorator']) retrieved from /home/airflow/.local/lib/python3.8/site-packages/airflow/example_dags/example_dag_decorator.py
[2022-05-19 00:09:37,495] {logging_mixin.py:109} INFO - [2022-05-19 00:09:37,494] {dag.py:2398} INFO - Sync 1 DAGs
[2022-05-19 00:09:37,506] {logging_mixin.py:109} INFO - [2022-05-19 00:09:37,506] {dag.py:2937} INFO - Setting next_dagrun for example_dag_decorator to None
[2022-05-19 00:09:37,517] {processor.py:171} INFO - Processing /home/airflow/.local/lib/python3.8/site-packages/airflow/example_dags/example_dag_decorator.py took 0.406 seconds
[2022-05-19 00:10:08,127] {processor.py:163} INFO - Started process (PID=7812) to work on /home/airflow/.local/lib/python3.8/site-packages/airflow/example_dags/example_dag_decorator.py
[2022-05-19 00:10:08,128] {processor.py:642} INFO - Processing file /home/airflow/.local/lib/python3.8/site-packages/airflow/example_dags/example_dag_decorator.py for tasks to queue
[2022-05-19 00:10:08,129] {logging_mixin.py:109} INFO - [2022-05-19 00:10:08,129] {dagbag.py:500} INFO - Filling up the DagBag from /home/airflow/.local/lib/python3.8/site-packages/airflow/example_dags/example_dag_decorator.py
[2022-05-19 00:10:08,220] {processor.py:654} INFO - DAG(s) dict_keys(['example_dag_decorator']) retrieved from /home/airflow/.local/lib/python3.8/site-packages/airflow/example_dags/example_dag_decorator.py
[2022-05-19 00:10:08,748] {logging_mixin.py:109} INFO - [2022-05-19 00:10:08,748] {dag.py:2398} INFO - Sync 1 DAGs
[2022-05-19 00:10:08,763] {logging_mixin.py:109} INFO - [2022-05-19 00:10:08,763] {dag.py:2937} INFO - Setting next_dagrun for example_dag_decorator to None
[2022-05-19 00:10:08,777] {processor.py:171} INFO - Processing /home/airflow/.local/lib/python3.8/site-packages/airflow/example_dags/example_dag_decorator.py took 0.654 seconds
[2022-05-19 00:10:38,861] {processor.py:163} INFO - Started process (PID=7897) to work on /home/airflow/.local/lib/python3.8/site-packages/airflow/example_dags/example_dag_decorator.py
[2022-05-19 00:10:38,869] {processor.py:642} INFO - Processing file /home/airflow/.local/lib/python3.8/site-packages/airflow/example_dags/example_dag_decorator.py for tasks to queue
[2022-05-19 00:10:38,869] {logging_mixin.py:109} INFO - [2022-05-19 00:10:38,869] {dagbag.py:500} INFO - Filling up the DagBag from /home/airflow/.local/lib/python3.8/site-packages/airflow/example_dags/example_dag_decorator.py
[2022-05-19 00:10:38,906] {processor.py:654} INFO - DAG(s) dict_keys(['example_dag_decorator']) retrieved from /home/airflow/.local/lib/python3.8/site-packages/airflow/example_dags/example_dag_decorator.py
[2022-05-19 00:10:39,198] {logging_mixin.py:109} INFO - [2022-05-19 00:10:39,198] {dag.py:2398} INFO - Sync 1 DAGs
[2022-05-19 00:10:39,209] {logging_mixin.py:109} INFO - [2022-05-19 00:10:39,209] {dag.py:2937} INFO - Setting next_dagrun for example_dag_decorator to None
[2022-05-19 00:10:39,223] {processor.py:171} INFO - Processing /home/airflow/.local/lib/python3.8/site-packages/airflow/example_dags/example_dag_decorator.py took 0.363 seconds
[2022-05-19 00:11:09,343] {processor.py:163} INFO - Started process (PID=7981) to work on /home/airflow/.local/lib/python3.8/site-packages/airflow/example_dags/example_dag_decorator.py
[2022-05-19 00:11:09,344] {processor.py:642} INFO - Processing file /home/airflow/.local/lib/python3.8/site-packages/airflow/example_dags/example_dag_decorator.py for tasks to queue
[2022-05-19 00:11:09,344] {logging_mixin.py:109} INFO - [2022-05-19 00:11:09,344] {dagbag.py:500} INFO - Filling up the DagBag from /home/airflow/.local/lib/python3.8/site-packages/airflow/example_dags/example_dag_decorator.py
[2022-05-19 00:11:09,395] {processor.py:654} INFO - DAG(s) dict_keys(['example_dag_decorator']) retrieved from /home/airflow/.local/lib/python3.8/site-packages/airflow/example_dags/example_dag_decorator.py
[2022-05-19 00:11:09,781] {logging_mixin.py:109} INFO - [2022-05-19 00:11:09,781] {dag.py:2398} INFO - Sync 1 DAGs
[2022-05-19 00:11:09,796] {logging_mixin.py:109} INFO - [2022-05-19 00:11:09,796] {dag.py:2937} INFO - Setting next_dagrun for example_dag_decorator to None
[2022-05-19 00:11:09,813] {processor.py:171} INFO - Processing /home/airflow/.local/lib/python3.8/site-packages/airflow/example_dags/example_dag_decorator.py took 0.474 seconds
[2022-05-19 00:11:40,949] {processor.py:163} INFO - Started process (PID=8128) to work on /home/airflow/.local/lib/python3.8/site-packages/airflow/example_dags/example_dag_decorator.py
[2022-05-19 00:11:40,951] {processor.py:642} INFO - Processing file /home/airflow/.local/lib/python3.8/site-packages/airflow/example_dags/example_dag_decorator.py for tasks to queue
[2022-05-19 00:11:40,951] {logging_mixin.py:109} INFO - [2022-05-19 00:11:40,951] {dagbag.py:500} INFO - Filling up the DagBag from /home/airflow/.local/lib/python3.8/site-packages/airflow/example_dags/example_dag_decorator.py
[2022-05-19 00:11:40,989] {processor.py:654} INFO - DAG(s) dict_keys(['example_dag_decorator']) retrieved from /home/airflow/.local/lib/python3.8/site-packages/airflow/example_dags/example_dag_decorator.py
[2022-05-19 00:11:41,278] {logging_mixin.py:109} INFO - [2022-05-19 00:11:41,278] {dag.py:2398} INFO - Sync 1 DAGs
[2022-05-19 00:11:41,294] {logging_mixin.py:109} INFO - [2022-05-19 00:11:41,294] {dag.py:2937} INFO - Setting next_dagrun for example_dag_decorator to None
[2022-05-19 00:11:41,311] {processor.py:171} INFO - Processing /home/airflow/.local/lib/python3.8/site-packages/airflow/example_dags/example_dag_decorator.py took 0.365 seconds
[2022-05-19 00:12:12,377] {processor.py:163} INFO - Started process (PID=8212) to work on /home/airflow/.local/lib/python3.8/site-packages/airflow/example_dags/example_dag_decorator.py
[2022-05-19 00:12:12,379] {processor.py:642} INFO - Processing file /home/airflow/.local/lib/python3.8/site-packages/airflow/example_dags/example_dag_decorator.py for tasks to queue
[2022-05-19 00:12:12,379] {logging_mixin.py:109} INFO - [2022-05-19 00:12:12,379] {dagbag.py:500} INFO - Filling up the DagBag from /home/airflow/.local/lib/python3.8/site-packages/airflow/example_dags/example_dag_decorator.py
[2022-05-19 00:12:12,423] {processor.py:654} INFO - DAG(s) dict_keys(['example_dag_decorator']) retrieved from /home/airflow/.local/lib/python3.8/site-packages/airflow/example_dags/example_dag_decorator.py
[2022-05-19 00:12:12,737] {logging_mixin.py:109} INFO - [2022-05-19 00:12:12,736] {dag.py:2398} INFO - Sync 1 DAGs
[2022-05-19 00:12:12,750] {logging_mixin.py:109} INFO - [2022-05-19 00:12:12,750] {dag.py:2937} INFO - Setting next_dagrun for example_dag_decorator to None
[2022-05-19 00:12:12,763] {processor.py:171} INFO - Processing /home/airflow/.local/lib/python3.8/site-packages/airflow/example_dags/example_dag_decorator.py took 0.388 seconds
[2022-05-19 00:12:43,109] {processor.py:163} INFO - Started process (PID=8280) to work on /home/airflow/.local/lib/python3.8/site-packages/airflow/example_dags/example_dag_decorator.py
[2022-05-19 00:12:43,110] {processor.py:642} INFO - Processing file /home/airflow/.local/lib/python3.8/site-packages/airflow/example_dags/example_dag_decorator.py for tasks to queue
[2022-05-19 00:12:43,110] {logging_mixin.py:109} INFO - [2022-05-19 00:12:43,110] {dagbag.py:500} INFO - Filling up the DagBag from /home/airflow/.local/lib/python3.8/site-packages/airflow/example_dags/example_dag_decorator.py
[2022-05-19 00:12:43,163] {processor.py:654} INFO - DAG(s) dict_keys(['example_dag_decorator']) retrieved from /home/airflow/.local/lib/python3.8/site-packages/airflow/example_dags/example_dag_decorator.py
[2022-05-19 00:12:43,516] {logging_mixin.py:109} INFO - [2022-05-19 00:12:43,515] {dag.py:2398} INFO - Sync 1 DAGs
[2022-05-19 00:12:43,535] {logging_mixin.py:109} INFO - [2022-05-19 00:12:43,535] {dag.py:2937} INFO - Setting next_dagrun for example_dag_decorator to None
[2022-05-19 00:12:43,554] {processor.py:171} INFO - Processing /home/airflow/.local/lib/python3.8/site-packages/airflow/example_dags/example_dag_decorator.py took 0.449 seconds
[2022-05-19 00:13:14,160] {processor.py:163} INFO - Started process (PID=8392) to work on /home/airflow/.local/lib/python3.8/site-packages/airflow/example_dags/example_dag_decorator.py
[2022-05-19 00:13:14,165] {processor.py:642} INFO - Processing file /home/airflow/.local/lib/python3.8/site-packages/airflow/example_dags/example_dag_decorator.py for tasks to queue
[2022-05-19 00:13:14,166] {logging_mixin.py:109} INFO - [2022-05-19 00:13:14,166] {dagbag.py:500} INFO - Filling up the DagBag from /home/airflow/.local/lib/python3.8/site-packages/airflow/example_dags/example_dag_decorator.py
[2022-05-19 00:13:14,209] {processor.py:654} INFO - DAG(s) dict_keys(['example_dag_decorator']) retrieved from /home/airflow/.local/lib/python3.8/site-packages/airflow/example_dags/example_dag_decorator.py
[2022-05-19 00:13:14,568] {logging_mixin.py:109} INFO - [2022-05-19 00:13:14,567] {dag.py:2398} INFO - Sync 1 DAGs
[2022-05-19 00:13:14,580] {logging_mixin.py:109} INFO - [2022-05-19 00:13:14,580] {dag.py:2937} INFO - Setting next_dagrun for example_dag_decorator to None
[2022-05-19 00:13:14,598] {processor.py:171} INFO - Processing /home/airflow/.local/lib/python3.8/site-packages/airflow/example_dags/example_dag_decorator.py took 0.439 seconds
[2022-05-19 00:13:45,545] {processor.py:163} INFO - Started process (PID=8476) to work on /home/airflow/.local/lib/python3.8/site-packages/airflow/example_dags/example_dag_decorator.py
[2022-05-19 00:13:45,546] {processor.py:642} INFO - Processing file /home/airflow/.local/lib/python3.8/site-packages/airflow/example_dags/example_dag_decorator.py for tasks to queue
[2022-05-19 00:13:45,547] {logging_mixin.py:109} INFO - [2022-05-19 00:13:45,547] {dagbag.py:500} INFO - Filling up the DagBag from /home/airflow/.local/lib/python3.8/site-packages/airflow/example_dags/example_dag_decorator.py
[2022-05-19 00:13:45,597] {processor.py:654} INFO - DAG(s) dict_keys(['example_dag_decorator']) retrieved from /home/airflow/.local/lib/python3.8/site-packages/airflow/example_dags/example_dag_decorator.py
[2022-05-19 00:13:45,988] {logging_mixin.py:109} INFO - [2022-05-19 00:13:45,988] {dag.py:2398} INFO - Sync 1 DAGs
[2022-05-19 00:13:46,003] {logging_mixin.py:109} INFO - [2022-05-19 00:13:46,003] {dag.py:2937} INFO - Setting next_dagrun for example_dag_decorator to None
[2022-05-19 00:13:46,019] {processor.py:171} INFO - Processing /home/airflow/.local/lib/python3.8/site-packages/airflow/example_dags/example_dag_decorator.py took 0.478 seconds
[2022-05-19 00:14:16,277] {processor.py:163} INFO - Started process (PID=8586) to work on /home/airflow/.local/lib/python3.8/site-packages/airflow/example_dags/example_dag_decorator.py
[2022-05-19 00:14:16,278] {processor.py:642} INFO - Processing file /home/airflow/.local/lib/python3.8/site-packages/airflow/example_dags/example_dag_decorator.py for tasks to queue
[2022-05-19 00:14:16,278] {logging_mixin.py:109} INFO - [2022-05-19 00:14:16,278] {dagbag.py:500} INFO - Filling up the DagBag from /home/airflow/.local/lib/python3.8/site-packages/airflow/example_dags/example_dag_decorator.py
[2022-05-19 00:14:16,325] {processor.py:654} INFO - DAG(s) dict_keys(['example_dag_decorator']) retrieved from /home/airflow/.local/lib/python3.8/site-packages/airflow/example_dags/example_dag_decorator.py
[2022-05-19 00:14:16,732] {logging_mixin.py:109} INFO - [2022-05-19 00:14:16,732] {dag.py:2398} INFO - Sync 1 DAGs
[2022-05-19 00:14:16,752] {logging_mixin.py:109} INFO - [2022-05-19 00:14:16,751] {dag.py:2937} INFO - Setting next_dagrun for example_dag_decorator to None
[2022-05-19 00:14:16,773] {processor.py:171} INFO - Processing /home/airflow/.local/lib/python3.8/site-packages/airflow/example_dags/example_dag_decorator.py took 0.499 seconds
[2022-05-19 00:14:47,779] {processor.py:163} INFO - Started process (PID=8676) to work on /home/airflow/.local/lib/python3.8/site-packages/airflow/example_dags/example_dag_decorator.py
[2022-05-19 00:14:47,780] {processor.py:642} INFO - Processing file /home/airflow/.local/lib/python3.8/site-packages/airflow/example_dags/example_dag_decorator.py for tasks to queue
[2022-05-19 00:14:47,781] {logging_mixin.py:109} INFO - [2022-05-19 00:14:47,781] {dagbag.py:500} INFO - Filling up the DagBag from /home/airflow/.local/lib/python3.8/site-packages/airflow/example_dags/example_dag_decorator.py
[2022-05-19 00:14:47,816] {processor.py:654} INFO - DAG(s) dict_keys(['example_dag_decorator']) retrieved from /home/airflow/.local/lib/python3.8/site-packages/airflow/example_dags/example_dag_decorator.py
[2022-05-19 00:14:48,181] {logging_mixin.py:109} INFO - [2022-05-19 00:14:48,181] {dag.py:2398} INFO - Sync 1 DAGs
[2022-05-19 00:14:48,192] {logging_mixin.py:109} INFO - [2022-05-19 00:14:48,192] {dag.py:2937} INFO - Setting next_dagrun for example_dag_decorator to None
[2022-05-19 00:14:48,205] {processor.py:171} INFO - Processing /home/airflow/.local/lib/python3.8/site-packages/airflow/example_dags/example_dag_decorator.py took 0.428 seconds
[2022-05-19 00:15:18,399] {processor.py:163} INFO - Started process (PID=8761) to work on /home/airflow/.local/lib/python3.8/site-packages/airflow/example_dags/example_dag_decorator.py
[2022-05-19 00:15:18,400] {processor.py:642} INFO - Processing file /home/airflow/.local/lib/python3.8/site-packages/airflow/example_dags/example_dag_decorator.py for tasks to queue
[2022-05-19 00:15:18,401] {logging_mixin.py:109} INFO - [2022-05-19 00:15:18,401] {dagbag.py:500} INFO - Filling up the DagBag from /home/airflow/.local/lib/python3.8/site-packages/airflow/example_dags/example_dag_decorator.py
[2022-05-19 00:15:18,434] {processor.py:654} INFO - DAG(s) dict_keys(['example_dag_decorator']) retrieved from /home/airflow/.local/lib/python3.8/site-packages/airflow/example_dags/example_dag_decorator.py
[2022-05-19 00:15:18,695] {logging_mixin.py:109} INFO - [2022-05-19 00:15:18,695] {dag.py:2398} INFO - Sync 1 DAGs
[2022-05-19 00:15:18,706] {logging_mixin.py:109} INFO - [2022-05-19 00:15:18,706] {dag.py:2937} INFO - Setting next_dagrun for example_dag_decorator to None
[2022-05-19 00:15:18,720] {processor.py:171} INFO - Processing /home/airflow/.local/lib/python3.8/site-packages/airflow/example_dags/example_dag_decorator.py took 0.323 seconds
[2022-05-19 00:15:48,945] {processor.py:163} INFO - Started process (PID=8873) to work on /home/airflow/.local/lib/python3.8/site-packages/airflow/example_dags/example_dag_decorator.py
[2022-05-19 00:15:48,947] {processor.py:642} INFO - Processing file /home/airflow/.local/lib/python3.8/site-packages/airflow/example_dags/example_dag_decorator.py for tasks to queue
[2022-05-19 00:15:48,947] {logging_mixin.py:109} INFO - [2022-05-19 00:15:48,947] {dagbag.py:500} INFO - Filling up the DagBag from /home/airflow/.local/lib/python3.8/site-packages/airflow/example_dags/example_dag_decorator.py
[2022-05-19 00:15:48,986] {processor.py:654} INFO - DAG(s) dict_keys(['example_dag_decorator']) retrieved from /home/airflow/.local/lib/python3.8/site-packages/airflow/example_dags/example_dag_decorator.py
[2022-05-19 00:15:49,347] {logging_mixin.py:109} INFO - [2022-05-19 00:15:49,347] {dag.py:2398} INFO - Sync 1 DAGs
[2022-05-19 00:15:49,368] {logging_mixin.py:109} INFO - [2022-05-19 00:15:49,368] {dag.py:2937} INFO - Setting next_dagrun for example_dag_decorator to None
[2022-05-19 00:15:49,393] {processor.py:171} INFO - Processing /home/airflow/.local/lib/python3.8/site-packages/airflow/example_dags/example_dag_decorator.py took 0.449 seconds
[2022-05-19 00:16:20,255] {processor.py:163} INFO - Started process (PID=8957) to work on /home/airflow/.local/lib/python3.8/site-packages/airflow/example_dags/example_dag_decorator.py
[2022-05-19 00:16:20,256] {processor.py:642} INFO - Processing file /home/airflow/.local/lib/python3.8/site-packages/airflow/example_dags/example_dag_decorator.py for tasks to queue
[2022-05-19 00:16:20,256] {logging_mixin.py:109} INFO - [2022-05-19 00:16:20,256] {dagbag.py:500} INFO - Filling up the DagBag from /home/airflow/.local/lib/python3.8/site-packages/airflow/example_dags/example_dag_decorator.py
[2022-05-19 00:16:20,299] {processor.py:654} INFO - DAG(s) dict_keys(['example_dag_decorator']) retrieved from /home/airflow/.local/lib/python3.8/site-packages/airflow/example_dags/example_dag_decorator.py
[2022-05-19 00:16:20,550] {logging_mixin.py:109} INFO - [2022-05-19 00:16:20,550] {dag.py:2398} INFO - Sync 1 DAGs
[2022-05-19 00:16:20,564] {logging_mixin.py:109} INFO - [2022-05-19 00:16:20,564] {dag.py:2937} INFO - Setting next_dagrun for example_dag_decorator to None
[2022-05-19 00:16:20,577] {processor.py:171} INFO - Processing /home/airflow/.local/lib/python3.8/site-packages/airflow/example_dags/example_dag_decorator.py took 0.324 seconds
[2022-05-19 00:16:50,749] {processor.py:163} INFO - Started process (PID=9041) to work on /home/airflow/.local/lib/python3.8/site-packages/airflow/example_dags/example_dag_decorator.py
[2022-05-19 00:16:50,750] {processor.py:642} INFO - Processing file /home/airflow/.local/lib/python3.8/site-packages/airflow/example_dags/example_dag_decorator.py for tasks to queue
[2022-05-19 00:16:50,751] {logging_mixin.py:109} INFO - [2022-05-19 00:16:50,751] {dagbag.py:500} INFO - Filling up the DagBag from /home/airflow/.local/lib/python3.8/site-packages/airflow/example_dags/example_dag_decorator.py
[2022-05-19 00:16:50,880] {processor.py:654} INFO - DAG(s) dict_keys(['example_dag_decorator']) retrieved from /home/airflow/.local/lib/python3.8/site-packages/airflow/example_dags/example_dag_decorator.py
[2022-05-19 00:16:50,890] {logging_mixin.py:109} INFO - [2022-05-19 00:16:50,890] {dag.py:2398} INFO - Sync 1 DAGs
[2022-05-19 00:16:50,906] {logging_mixin.py:109} INFO - [2022-05-19 00:16:50,906] {dag.py:2937} INFO - Setting next_dagrun for example_dag_decorator to None
[2022-05-19 00:16:50,924] {processor.py:171} INFO - Processing /home/airflow/.local/lib/python3.8/site-packages/airflow/example_dags/example_dag_decorator.py took 0.178 seconds
[2022-05-19 00:17:21,157] {processor.py:163} INFO - Started process (PID=9134) to work on /home/airflow/.local/lib/python3.8/site-packages/airflow/example_dags/example_dag_decorator.py
[2022-05-19 00:17:21,158] {processor.py:642} INFO - Processing file /home/airflow/.local/lib/python3.8/site-packages/airflow/example_dags/example_dag_decorator.py for tasks to queue
[2022-05-19 00:17:21,158] {logging_mixin.py:109} INFO - [2022-05-19 00:17:21,158] {dagbag.py:500} INFO - Filling up the DagBag from /home/airflow/.local/lib/python3.8/site-packages/airflow/example_dags/example_dag_decorator.py
[2022-05-19 00:17:21,283] {processor.py:654} INFO - DAG(s) dict_keys(['example_dag_decorator']) retrieved from /home/airflow/.local/lib/python3.8/site-packages/airflow/example_dags/example_dag_decorator.py
[2022-05-19 00:17:21,559] {logging_mixin.py:109} INFO - [2022-05-19 00:17:21,558] {dag.py:2398} INFO - Sync 1 DAGs
[2022-05-19 00:17:21,572] {logging_mixin.py:109} INFO - [2022-05-19 00:17:21,572] {dag.py:2937} INFO - Setting next_dagrun for example_dag_decorator to None
[2022-05-19 00:17:21,586] {processor.py:171} INFO - Processing /home/airflow/.local/lib/python3.8/site-packages/airflow/example_dags/example_dag_decorator.py took 0.431 seconds
[2022-05-19 00:17:51,709] {processor.py:163} INFO - Started process (PID=9219) to work on /home/airflow/.local/lib/python3.8/site-packages/airflow/example_dags/example_dag_decorator.py
[2022-05-19 00:17:51,710] {processor.py:642} INFO - Processing file /home/airflow/.local/lib/python3.8/site-packages/airflow/example_dags/example_dag_decorator.py for tasks to queue
[2022-05-19 00:17:51,711] {logging_mixin.py:109} INFO - [2022-05-19 00:17:51,710] {dagbag.py:500} INFO - Filling up the DagBag from /home/airflow/.local/lib/python3.8/site-packages/airflow/example_dags/example_dag_decorator.py
[2022-05-19 00:17:51,842] {processor.py:654} INFO - DAG(s) dict_keys(['example_dag_decorator']) retrieved from /home/airflow/.local/lib/python3.8/site-packages/airflow/example_dags/example_dag_decorator.py
[2022-05-19 00:17:52,020] {logging_mixin.py:109} INFO - [2022-05-19 00:17:52,019] {dag.py:2398} INFO - Sync 1 DAGs
[2022-05-19 00:17:52,032] {logging_mixin.py:109} INFO - [2022-05-19 00:17:52,032] {dag.py:2937} INFO - Setting next_dagrun for example_dag_decorator to None
[2022-05-19 00:17:52,045] {processor.py:171} INFO - Processing /home/airflow/.local/lib/python3.8/site-packages/airflow/example_dags/example_dag_decorator.py took 0.339 seconds
[2022-05-19 00:18:22,707] {processor.py:163} INFO - Started process (PID=9305) to work on /home/airflow/.local/lib/python3.8/site-packages/airflow/example_dags/example_dag_decorator.py
[2022-05-19 00:18:22,708] {processor.py:642} INFO - Processing file /home/airflow/.local/lib/python3.8/site-packages/airflow/example_dags/example_dag_decorator.py for tasks to queue
[2022-05-19 00:18:22,709] {logging_mixin.py:109} INFO - [2022-05-19 00:18:22,709] {dagbag.py:500} INFO - Filling up the DagBag from /home/airflow/.local/lib/python3.8/site-packages/airflow/example_dags/example_dag_decorator.py
[2022-05-19 00:18:22,834] {processor.py:654} INFO - DAG(s) dict_keys(['example_dag_decorator']) retrieved from /home/airflow/.local/lib/python3.8/site-packages/airflow/example_dags/example_dag_decorator.py
[2022-05-19 00:18:23,083] {logging_mixin.py:109} INFO - [2022-05-19 00:18:23,083] {dag.py:2398} INFO - Sync 1 DAGs
[2022-05-19 00:18:23,097] {logging_mixin.py:109} INFO - [2022-05-19 00:18:23,097] {dag.py:2937} INFO - Setting next_dagrun for example_dag_decorator to None
[2022-05-19 00:18:23,117] {processor.py:171} INFO - Processing /home/airflow/.local/lib/python3.8/site-packages/airflow/example_dags/example_dag_decorator.py took 0.414 seconds
[2022-05-19 00:18:53,597] {processor.py:163} INFO - Started process (PID=9399) to work on /home/airflow/.local/lib/python3.8/site-packages/airflow/example_dags/example_dag_decorator.py
[2022-05-19 00:18:53,598] {processor.py:642} INFO - Processing file /home/airflow/.local/lib/python3.8/site-packages/airflow/example_dags/example_dag_decorator.py for tasks to queue
[2022-05-19 00:18:53,599] {logging_mixin.py:109} INFO - [2022-05-19 00:18:53,599] {dagbag.py:500} INFO - Filling up the DagBag from /home/airflow/.local/lib/python3.8/site-packages/airflow/example_dags/example_dag_decorator.py
[2022-05-19 00:18:53,788] {processor.py:654} INFO - DAG(s) dict_keys(['example_dag_decorator']) retrieved from /home/airflow/.local/lib/python3.8/site-packages/airflow/example_dags/example_dag_decorator.py
[2022-05-19 00:18:54,076] {logging_mixin.py:109} INFO - [2022-05-19 00:18:54,076] {dag.py:2398} INFO - Sync 1 DAGs
[2022-05-19 00:18:54,091] {logging_mixin.py:109} INFO - [2022-05-19 00:18:54,091] {dag.py:2937} INFO - Setting next_dagrun for example_dag_decorator to None
[2022-05-19 00:18:54,107] {processor.py:171} INFO - Processing /home/airflow/.local/lib/python3.8/site-packages/airflow/example_dags/example_dag_decorator.py took 0.512 seconds
[2022-05-19 00:19:24,215] {processor.py:163} INFO - Started process (PID=9484) to work on /home/airflow/.local/lib/python3.8/site-packages/airflow/example_dags/example_dag_decorator.py
[2022-05-19 00:19:24,217] {processor.py:642} INFO - Processing file /home/airflow/.local/lib/python3.8/site-packages/airflow/example_dags/example_dag_decorator.py for tasks to queue
[2022-05-19 00:19:24,218] {logging_mixin.py:109} INFO - [2022-05-19 00:19:24,217] {dagbag.py:500} INFO - Filling up the DagBag from /home/airflow/.local/lib/python3.8/site-packages/airflow/example_dags/example_dag_decorator.py
[2022-05-19 00:19:24,429] {processor.py:654} INFO - DAG(s) dict_keys(['example_dag_decorator']) retrieved from /home/airflow/.local/lib/python3.8/site-packages/airflow/example_dags/example_dag_decorator.py
[2022-05-19 00:19:24,623] {logging_mixin.py:109} INFO - [2022-05-19 00:19:24,623] {dag.py:2398} INFO - Sync 1 DAGs
[2022-05-19 00:19:24,640] {logging_mixin.py:109} INFO - [2022-05-19 00:19:24,640] {dag.py:2937} INFO - Setting next_dagrun for example_dag_decorator to None
[2022-05-19 00:19:24,654] {processor.py:171} INFO - Processing /home/airflow/.local/lib/python3.8/site-packages/airflow/example_dags/example_dag_decorator.py took 0.444 seconds
[2022-05-19 00:19:54,827] {processor.py:163} INFO - Started process (PID=9569) to work on /home/airflow/.local/lib/python3.8/site-packages/airflow/example_dags/example_dag_decorator.py
[2022-05-19 00:19:54,829] {processor.py:642} INFO - Processing file /home/airflow/.local/lib/python3.8/site-packages/airflow/example_dags/example_dag_decorator.py for tasks to queue
[2022-05-19 00:19:54,833] {logging_mixin.py:109} INFO - [2022-05-19 00:19:54,833] {dagbag.py:500} INFO - Filling up the DagBag from /home/airflow/.local/lib/python3.8/site-packages/airflow/example_dags/example_dag_decorator.py
[2022-05-19 00:19:54,971] {processor.py:654} INFO - DAG(s) dict_keys(['example_dag_decorator']) retrieved from /home/airflow/.local/lib/python3.8/site-packages/airflow/example_dags/example_dag_decorator.py
[2022-05-19 00:19:55,186] {logging_mixin.py:109} INFO - [2022-05-19 00:19:55,186] {dag.py:2398} INFO - Sync 1 DAGs
[2022-05-19 00:19:55,198] {logging_mixin.py:109} INFO - [2022-05-19 00:19:55,197] {dag.py:2937} INFO - Setting next_dagrun for example_dag_decorator to None
[2022-05-19 00:19:55,209] {processor.py:171} INFO - Processing /home/airflow/.local/lib/python3.8/site-packages/airflow/example_dags/example_dag_decorator.py took 0.385 seconds
[2022-05-19 00:20:25,734] {processor.py:163} INFO - Started process (PID=9662) to work on /home/airflow/.local/lib/python3.8/site-packages/airflow/example_dags/example_dag_decorator.py
[2022-05-19 00:20:25,736] {processor.py:642} INFO - Processing file /home/airflow/.local/lib/python3.8/site-packages/airflow/example_dags/example_dag_decorator.py for tasks to queue
[2022-05-19 00:20:25,738] {logging_mixin.py:109} INFO - [2022-05-19 00:20:25,737] {dagbag.py:500} INFO - Filling up the DagBag from /home/airflow/.local/lib/python3.8/site-packages/airflow/example_dags/example_dag_decorator.py
[2022-05-19 00:20:25,868] {processor.py:654} INFO - DAG(s) dict_keys(['example_dag_decorator']) retrieved from /home/airflow/.local/lib/python3.8/site-packages/airflow/example_dags/example_dag_decorator.py
[2022-05-19 00:20:26,119] {logging_mixin.py:109} INFO - [2022-05-19 00:20:26,119] {dag.py:2398} INFO - Sync 1 DAGs
[2022-05-19 00:20:26,138] {logging_mixin.py:109} INFO - [2022-05-19 00:20:26,137] {dag.py:2937} INFO - Setting next_dagrun for example_dag_decorator to None
[2022-05-19 00:20:26,153] {processor.py:171} INFO - Processing /home/airflow/.local/lib/python3.8/site-packages/airflow/example_dags/example_dag_decorator.py took 0.424 seconds
[2022-05-19 00:20:56,764] {processor.py:163} INFO - Started process (PID=9746) to work on /home/airflow/.local/lib/python3.8/site-packages/airflow/example_dags/example_dag_decorator.py
[2022-05-19 00:20:56,765] {processor.py:642} INFO - Processing file /home/airflow/.local/lib/python3.8/site-packages/airflow/example_dags/example_dag_decorator.py for tasks to queue
[2022-05-19 00:20:56,766] {logging_mixin.py:109} INFO - [2022-05-19 00:20:56,766] {dagbag.py:500} INFO - Filling up the DagBag from /home/airflow/.local/lib/python3.8/site-packages/airflow/example_dags/example_dag_decorator.py
[2022-05-19 00:20:56,801] {processor.py:654} INFO - DAG(s) dict_keys(['example_dag_decorator']) retrieved from /home/airflow/.local/lib/python3.8/site-packages/airflow/example_dags/example_dag_decorator.py
[2022-05-19 00:20:57,007] {logging_mixin.py:109} INFO - [2022-05-19 00:20:57,006] {dag.py:2398} INFO - Sync 1 DAGs
[2022-05-19 00:20:57,022] {logging_mixin.py:109} INFO - [2022-05-19 00:20:57,022] {dag.py:2937} INFO - Setting next_dagrun for example_dag_decorator to None
[2022-05-19 00:20:57,035] {processor.py:171} INFO - Processing /home/airflow/.local/lib/python3.8/site-packages/airflow/example_dags/example_dag_decorator.py took 0.273 seconds
[2022-05-19 00:21:27,203] {processor.py:163} INFO - Started process (PID=9831) to work on /home/airflow/.local/lib/python3.8/site-packages/airflow/example_dags/example_dag_decorator.py
[2022-05-19 00:21:27,206] {processor.py:642} INFO - Processing file /home/airflow/.local/lib/python3.8/site-packages/airflow/example_dags/example_dag_decorator.py for tasks to queue
[2022-05-19 00:21:27,207] {logging_mixin.py:109} INFO - [2022-05-19 00:21:27,207] {dagbag.py:500} INFO - Filling up the DagBag from /home/airflow/.local/lib/python3.8/site-packages/airflow/example_dags/example_dag_decorator.py
[2022-05-19 00:21:27,247] {processor.py:654} INFO - DAG(s) dict_keys(['example_dag_decorator']) retrieved from /home/airflow/.local/lib/python3.8/site-packages/airflow/example_dags/example_dag_decorator.py
[2022-05-19 00:21:27,543] {logging_mixin.py:109} INFO - [2022-05-19 00:21:27,543] {dag.py:2398} INFO - Sync 1 DAGs
[2022-05-19 00:21:27,557] {logging_mixin.py:109} INFO - [2022-05-19 00:21:27,557] {dag.py:2937} INFO - Setting next_dagrun for example_dag_decorator to None
[2022-05-19 00:21:27,572] {processor.py:171} INFO - Processing /home/airflow/.local/lib/python3.8/site-packages/airflow/example_dags/example_dag_decorator.py took 0.370 seconds
[2022-05-19 00:21:57,644] {processor.py:163} INFO - Started process (PID=9978) to work on /home/airflow/.local/lib/python3.8/site-packages/airflow/example_dags/example_dag_decorator.py
[2022-05-19 00:21:57,645] {processor.py:642} INFO - Processing file /home/airflow/.local/lib/python3.8/site-packages/airflow/example_dags/example_dag_decorator.py for tasks to queue
[2022-05-19 00:21:57,646] {logging_mixin.py:109} INFO - [2022-05-19 00:21:57,646] {dagbag.py:500} INFO - Filling up the DagBag from /home/airflow/.local/lib/python3.8/site-packages/airflow/example_dags/example_dag_decorator.py
[2022-05-19 00:21:57,699] {processor.py:654} INFO - DAG(s) dict_keys(['example_dag_decorator']) retrieved from /home/airflow/.local/lib/python3.8/site-packages/airflow/example_dags/example_dag_decorator.py
[2022-05-19 00:21:57,933] {logging_mixin.py:109} INFO - [2022-05-19 00:21:57,933] {dag.py:2398} INFO - Sync 1 DAGs
[2022-05-19 00:21:57,951] {logging_mixin.py:109} INFO - [2022-05-19 00:21:57,950] {dag.py:2937} INFO - Setting next_dagrun for example_dag_decorator to None
[2022-05-19 00:21:57,968] {processor.py:171} INFO - Processing /home/airflow/.local/lib/python3.8/site-packages/airflow/example_dags/example_dag_decorator.py took 0.328 seconds
[2022-05-19 00:22:28,039] {processor.py:163} INFO - Started process (PID=10063) to work on /home/airflow/.local/lib/python3.8/site-packages/airflow/example_dags/example_dag_decorator.py
[2022-05-19 00:22:28,040] {processor.py:642} INFO - Processing file /home/airflow/.local/lib/python3.8/site-packages/airflow/example_dags/example_dag_decorator.py for tasks to queue
[2022-05-19 00:22:28,040] {logging_mixin.py:109} INFO - [2022-05-19 00:22:28,040] {dagbag.py:500} INFO - Filling up the DagBag from /home/airflow/.local/lib/python3.8/site-packages/airflow/example_dags/example_dag_decorator.py
[2022-05-19 00:22:28,074] {processor.py:654} INFO - DAG(s) dict_keys(['example_dag_decorator']) retrieved from /home/airflow/.local/lib/python3.8/site-packages/airflow/example_dags/example_dag_decorator.py
[2022-05-19 00:22:28,286] {logging_mixin.py:109} INFO - [2022-05-19 00:22:28,286] {dag.py:2398} INFO - Sync 1 DAGs
[2022-05-19 00:22:28,299] {logging_mixin.py:109} INFO - [2022-05-19 00:22:28,299] {dag.py:2937} INFO - Setting next_dagrun for example_dag_decorator to None
[2022-05-19 00:22:28,315] {processor.py:171} INFO - Processing /home/airflow/.local/lib/python3.8/site-packages/airflow/example_dags/example_dag_decorator.py took 0.278 seconds
[2022-05-19 00:22:59,416] {processor.py:163} INFO - Started process (PID=10156) to work on /home/airflow/.local/lib/python3.8/site-packages/airflow/example_dags/example_dag_decorator.py
[2022-05-19 00:22:59,417] {processor.py:642} INFO - Processing file /home/airflow/.local/lib/python3.8/site-packages/airflow/example_dags/example_dag_decorator.py for tasks to queue
[2022-05-19 00:22:59,417] {logging_mixin.py:109} INFO - [2022-05-19 00:22:59,417] {dagbag.py:500} INFO - Filling up the DagBag from /home/airflow/.local/lib/python3.8/site-packages/airflow/example_dags/example_dag_decorator.py
[2022-05-19 00:22:59,462] {processor.py:654} INFO - DAG(s) dict_keys(['example_dag_decorator']) retrieved from /home/airflow/.local/lib/python3.8/site-packages/airflow/example_dags/example_dag_decorator.py
[2022-05-19 00:22:59,842] {logging_mixin.py:109} INFO - [2022-05-19 00:22:59,842] {dag.py:2398} INFO - Sync 1 DAGs
[2022-05-19 00:22:59,865] {logging_mixin.py:109} INFO - [2022-05-19 00:22:59,865] {dag.py:2937} INFO - Setting next_dagrun for example_dag_decorator to None
[2022-05-19 00:22:59,883] {processor.py:171} INFO - Processing /home/airflow/.local/lib/python3.8/site-packages/airflow/example_dags/example_dag_decorator.py took 0.469 seconds
[2022-05-19 00:23:30,359] {processor.py:163} INFO - Started process (PID=10240) to work on /home/airflow/.local/lib/python3.8/site-packages/airflow/example_dags/example_dag_decorator.py
[2022-05-19 00:23:30,361] {processor.py:642} INFO - Processing file /home/airflow/.local/lib/python3.8/site-packages/airflow/example_dags/example_dag_decorator.py for tasks to queue
[2022-05-19 00:23:30,361] {logging_mixin.py:109} INFO - [2022-05-19 00:23:30,361] {dagbag.py:500} INFO - Filling up the DagBag from /home/airflow/.local/lib/python3.8/site-packages/airflow/example_dags/example_dag_decorator.py
[2022-05-19 00:23:30,397] {processor.py:654} INFO - DAG(s) dict_keys(['example_dag_decorator']) retrieved from /home/airflow/.local/lib/python3.8/site-packages/airflow/example_dags/example_dag_decorator.py
[2022-05-19 00:23:30,702] {logging_mixin.py:109} INFO - [2022-05-19 00:23:30,701] {dag.py:2398} INFO - Sync 1 DAGs
[2022-05-19 00:23:30,725] {logging_mixin.py:109} INFO - [2022-05-19 00:23:30,725] {dag.py:2937} INFO - Setting next_dagrun for example_dag_decorator to None
[2022-05-19 00:23:30,743] {processor.py:171} INFO - Processing /home/airflow/.local/lib/python3.8/site-packages/airflow/example_dags/example_dag_decorator.py took 0.386 seconds
[2022-05-19 00:24:01,863] {processor.py:163} INFO - Started process (PID=10325) to work on /home/airflow/.local/lib/python3.8/site-packages/airflow/example_dags/example_dag_decorator.py
[2022-05-19 00:24:01,864] {processor.py:642} INFO - Processing file /home/airflow/.local/lib/python3.8/site-packages/airflow/example_dags/example_dag_decorator.py for tasks to queue
[2022-05-19 00:24:01,864] {logging_mixin.py:109} INFO - [2022-05-19 00:24:01,864] {dagbag.py:500} INFO - Filling up the DagBag from /home/airflow/.local/lib/python3.8/site-packages/airflow/example_dags/example_dag_decorator.py
[2022-05-19 00:24:01,900] {processor.py:654} INFO - DAG(s) dict_keys(['example_dag_decorator']) retrieved from /home/airflow/.local/lib/python3.8/site-packages/airflow/example_dags/example_dag_decorator.py
[2022-05-19 00:24:02,091] {logging_mixin.py:109} INFO - [2022-05-19 00:24:02,091] {dag.py:2398} INFO - Sync 1 DAGs
[2022-05-19 00:24:02,105] {logging_mixin.py:109} INFO - [2022-05-19 00:24:02,105] {dag.py:2937} INFO - Setting next_dagrun for example_dag_decorator to None
[2022-05-19 00:24:02,118] {processor.py:171} INFO - Processing /home/airflow/.local/lib/python3.8/site-packages/airflow/example_dags/example_dag_decorator.py took 0.257 seconds
[2022-05-19 00:24:32,549] {processor.py:163} INFO - Started process (PID=10402) to work on /home/airflow/.local/lib/python3.8/site-packages/airflow/example_dags/example_dag_decorator.py
[2022-05-19 00:24:32,550] {processor.py:642} INFO - Processing file /home/airflow/.local/lib/python3.8/site-packages/airflow/example_dags/example_dag_decorator.py for tasks to queue
[2022-05-19 00:24:32,550] {logging_mixin.py:109} INFO - [2022-05-19 00:24:32,550] {dagbag.py:500} INFO - Filling up the DagBag from /home/airflow/.local/lib/python3.8/site-packages/airflow/example_dags/example_dag_decorator.py
[2022-05-19 00:24:32,582] {processor.py:654} INFO - DAG(s) dict_keys(['example_dag_decorator']) retrieved from /home/airflow/.local/lib/python3.8/site-packages/airflow/example_dags/example_dag_decorator.py
[2022-05-19 00:24:32,757] {logging_mixin.py:109} INFO - [2022-05-19 00:24:32,757] {dag.py:2398} INFO - Sync 1 DAGs
[2022-05-19 00:24:32,769] {logging_mixin.py:109} INFO - [2022-05-19 00:24:32,769] {dag.py:2937} INFO - Setting next_dagrun for example_dag_decorator to None
[2022-05-19 00:24:32,787] {processor.py:171} INFO - Processing /home/airflow/.local/lib/python3.8/site-packages/airflow/example_dags/example_dag_decorator.py took 0.240 seconds
[2022-05-19 00:25:02,950] {processor.py:163} INFO - Started process (PID=10471) to work on /home/airflow/.local/lib/python3.8/site-packages/airflow/example_dags/example_dag_decorator.py
[2022-05-19 00:25:02,951] {processor.py:642} INFO - Processing file /home/airflow/.local/lib/python3.8/site-packages/airflow/example_dags/example_dag_decorator.py for tasks to queue
[2022-05-19 00:25:02,951] {logging_mixin.py:109} INFO - [2022-05-19 00:25:02,951] {dagbag.py:500} INFO - Filling up the DagBag from /home/airflow/.local/lib/python3.8/site-packages/airflow/example_dags/example_dag_decorator.py
[2022-05-19 00:25:02,986] {processor.py:654} INFO - DAG(s) dict_keys(['example_dag_decorator']) retrieved from /home/airflow/.local/lib/python3.8/site-packages/airflow/example_dags/example_dag_decorator.py
[2022-05-19 00:25:03,282] {logging_mixin.py:109} INFO - [2022-05-19 00:25:03,282] {dag.py:2398} INFO - Sync 1 DAGs
[2022-05-19 00:25:03,293] {logging_mixin.py:109} INFO - [2022-05-19 00:25:03,293] {dag.py:2937} INFO - Setting next_dagrun for example_dag_decorator to None
[2022-05-19 00:25:03,304] {processor.py:171} INFO - Processing /home/airflow/.local/lib/python3.8/site-packages/airflow/example_dags/example_dag_decorator.py took 0.356 seconds
[2022-05-19 00:25:33,770] {processor.py:163} INFO - Started process (PID=10555) to work on /home/airflow/.local/lib/python3.8/site-packages/airflow/example_dags/example_dag_decorator.py
[2022-05-19 00:25:33,771] {processor.py:642} INFO - Processing file /home/airflow/.local/lib/python3.8/site-packages/airflow/example_dags/example_dag_decorator.py for tasks to queue
[2022-05-19 00:25:33,772] {logging_mixin.py:109} INFO - [2022-05-19 00:25:33,772] {dagbag.py:500} INFO - Filling up the DagBag from /home/airflow/.local/lib/python3.8/site-packages/airflow/example_dags/example_dag_decorator.py
[2022-05-19 00:25:33,817] {processor.py:654} INFO - DAG(s) dict_keys(['example_dag_decorator']) retrieved from /home/airflow/.local/lib/python3.8/site-packages/airflow/example_dags/example_dag_decorator.py
[2022-05-19 00:25:34,114] {logging_mixin.py:109} INFO - [2022-05-19 00:25:34,114] {dag.py:2398} INFO - Sync 1 DAGs
[2022-05-19 00:25:34,135] {logging_mixin.py:109} INFO - [2022-05-19 00:25:34,135] {dag.py:2937} INFO - Setting next_dagrun for example_dag_decorator to None
[2022-05-19 00:25:34,153] {processor.py:171} INFO - Processing /home/airflow/.local/lib/python3.8/site-packages/airflow/example_dags/example_dag_decorator.py took 0.386 seconds
[2022-05-19 00:26:04,515] {processor.py:163} INFO - Started process (PID=10648) to work on /home/airflow/.local/lib/python3.8/site-packages/airflow/example_dags/example_dag_decorator.py
[2022-05-19 00:26:04,516] {processor.py:642} INFO - Processing file /home/airflow/.local/lib/python3.8/site-packages/airflow/example_dags/example_dag_decorator.py for tasks to queue
[2022-05-19 00:26:04,517] {logging_mixin.py:109} INFO - [2022-05-19 00:26:04,517] {dagbag.py:500} INFO - Filling up the DagBag from /home/airflow/.local/lib/python3.8/site-packages/airflow/example_dags/example_dag_decorator.py
[2022-05-19 00:26:04,562] {processor.py:654} INFO - DAG(s) dict_keys(['example_dag_decorator']) retrieved from /home/airflow/.local/lib/python3.8/site-packages/airflow/example_dags/example_dag_decorator.py
[2022-05-19 00:26:04,775] {logging_mixin.py:109} INFO - [2022-05-19 00:26:04,775] {dag.py:2398} INFO - Sync 1 DAGs
[2022-05-19 00:26:04,808] {logging_mixin.py:109} INFO - [2022-05-19 00:26:04,808] {dag.py:2937} INFO - Setting next_dagrun for example_dag_decorator to None
[2022-05-19 00:26:04,832] {processor.py:171} INFO - Processing /home/airflow/.local/lib/python3.8/site-packages/airflow/example_dags/example_dag_decorator.py took 0.319 seconds
[2022-05-19 00:26:35,198] {processor.py:163} INFO - Started process (PID=10732) to work on /home/airflow/.local/lib/python3.8/site-packages/airflow/example_dags/example_dag_decorator.py
[2022-05-19 00:26:35,199] {processor.py:642} INFO - Processing file /home/airflow/.local/lib/python3.8/site-packages/airflow/example_dags/example_dag_decorator.py for tasks to queue
[2022-05-19 00:26:35,200] {logging_mixin.py:109} INFO - [2022-05-19 00:26:35,200] {dagbag.py:500} INFO - Filling up the DagBag from /home/airflow/.local/lib/python3.8/site-packages/airflow/example_dags/example_dag_decorator.py
[2022-05-19 00:26:35,257] {processor.py:654} INFO - DAG(s) dict_keys(['example_dag_decorator']) retrieved from /home/airflow/.local/lib/python3.8/site-packages/airflow/example_dags/example_dag_decorator.py
[2022-05-19 00:26:35,508] {logging_mixin.py:109} INFO - [2022-05-19 00:26:35,508] {dag.py:2398} INFO - Sync 1 DAGs
[2022-05-19 00:26:35,520] {logging_mixin.py:109} INFO - [2022-05-19 00:26:35,520] {dag.py:2937} INFO - Setting next_dagrun for example_dag_decorator to None
[2022-05-19 00:26:35,534] {processor.py:171} INFO - Processing /home/airflow/.local/lib/python3.8/site-packages/airflow/example_dags/example_dag_decorator.py took 0.339 seconds
[2022-05-19 00:27:05,626] {processor.py:163} INFO - Started process (PID=10825) to work on /home/airflow/.local/lib/python3.8/site-packages/airflow/example_dags/example_dag_decorator.py
[2022-05-19 00:27:05,627] {processor.py:642} INFO - Processing file /home/airflow/.local/lib/python3.8/site-packages/airflow/example_dags/example_dag_decorator.py for tasks to queue
[2022-05-19 00:27:05,628] {logging_mixin.py:109} INFO - [2022-05-19 00:27:05,628] {dagbag.py:500} INFO - Filling up the DagBag from /home/airflow/.local/lib/python3.8/site-packages/airflow/example_dags/example_dag_decorator.py
[2022-05-19 00:27:05,675] {processor.py:654} INFO - DAG(s) dict_keys(['example_dag_decorator']) retrieved from /home/airflow/.local/lib/python3.8/site-packages/airflow/example_dags/example_dag_decorator.py
[2022-05-19 00:27:05,913] {logging_mixin.py:109} INFO - [2022-05-19 00:27:05,912] {dag.py:2398} INFO - Sync 1 DAGs
[2022-05-19 00:27:05,931] {logging_mixin.py:109} INFO - [2022-05-19 00:27:05,931] {dag.py:2937} INFO - Setting next_dagrun for example_dag_decorator to None
[2022-05-19 00:27:05,953] {processor.py:171} INFO - Processing /home/airflow/.local/lib/python3.8/site-packages/airflow/example_dags/example_dag_decorator.py took 0.330 seconds
[2022-05-19 00:27:36,610] {processor.py:163} INFO - Started process (PID=10893) to work on /home/airflow/.local/lib/python3.8/site-packages/airflow/example_dags/example_dag_decorator.py
[2022-05-19 00:27:36,612] {processor.py:642} INFO - Processing file /home/airflow/.local/lib/python3.8/site-packages/airflow/example_dags/example_dag_decorator.py for tasks to queue
[2022-05-19 00:27:36,613] {logging_mixin.py:109} INFO - [2022-05-19 00:27:36,612] {dagbag.py:500} INFO - Filling up the DagBag from /home/airflow/.local/lib/python3.8/site-packages/airflow/example_dags/example_dag_decorator.py
[2022-05-19 00:27:36,653] {processor.py:654} INFO - DAG(s) dict_keys(['example_dag_decorator']) retrieved from /home/airflow/.local/lib/python3.8/site-packages/airflow/example_dags/example_dag_decorator.py
[2022-05-19 00:27:36,913] {logging_mixin.py:109} INFO - [2022-05-19 00:27:36,913] {dag.py:2398} INFO - Sync 1 DAGs
[2022-05-19 00:27:36,930] {logging_mixin.py:109} INFO - [2022-05-19 00:27:36,930] {dag.py:2937} INFO - Setting next_dagrun for example_dag_decorator to None
[2022-05-19 00:27:36,945] {processor.py:171} INFO - Processing /home/airflow/.local/lib/python3.8/site-packages/airflow/example_dags/example_dag_decorator.py took 0.336 seconds
[2022-05-19 00:28:07,511] {processor.py:163} INFO - Started process (PID=10961) to work on /home/airflow/.local/lib/python3.8/site-packages/airflow/example_dags/example_dag_decorator.py
[2022-05-19 00:28:07,512] {processor.py:642} INFO - Processing file /home/airflow/.local/lib/python3.8/site-packages/airflow/example_dags/example_dag_decorator.py for tasks to queue
[2022-05-19 00:28:07,513] {logging_mixin.py:109} INFO - [2022-05-19 00:28:07,513] {dagbag.py:500} INFO - Filling up the DagBag from /home/airflow/.local/lib/python3.8/site-packages/airflow/example_dags/example_dag_decorator.py
[2022-05-19 00:28:07,544] {processor.py:654} INFO - DAG(s) dict_keys(['example_dag_decorator']) retrieved from /home/airflow/.local/lib/python3.8/site-packages/airflow/example_dags/example_dag_decorator.py
[2022-05-19 00:28:07,794] {logging_mixin.py:109} INFO - [2022-05-19 00:28:07,794] {dag.py:2398} INFO - Sync 1 DAGs
[2022-05-19 00:28:07,810] {logging_mixin.py:109} INFO - [2022-05-19 00:28:07,810] {dag.py:2937} INFO - Setting next_dagrun for example_dag_decorator to None
[2022-05-19 00:28:07,837] {processor.py:171} INFO - Processing /home/airflow/.local/lib/python3.8/site-packages/airflow/example_dags/example_dag_decorator.py took 0.328 seconds
[2022-05-19 00:28:38,739] {processor.py:163} INFO - Started process (PID=11038) to work on /home/airflow/.local/lib/python3.8/site-packages/airflow/example_dags/example_dag_decorator.py
[2022-05-19 00:28:38,741] {processor.py:642} INFO - Processing file /home/airflow/.local/lib/python3.8/site-packages/airflow/example_dags/example_dag_decorator.py for tasks to queue
[2022-05-19 00:28:38,741] {logging_mixin.py:109} INFO - [2022-05-19 00:28:38,741] {dagbag.py:500} INFO - Filling up the DagBag from /home/airflow/.local/lib/python3.8/site-packages/airflow/example_dags/example_dag_decorator.py
[2022-05-19 00:28:38,794] {processor.py:654} INFO - DAG(s) dict_keys(['example_dag_decorator']) retrieved from /home/airflow/.local/lib/python3.8/site-packages/airflow/example_dags/example_dag_decorator.py
[2022-05-19 00:28:39,023] {logging_mixin.py:109} INFO - [2022-05-19 00:28:39,023] {dag.py:2398} INFO - Sync 1 DAGs
[2022-05-19 00:28:39,036] {logging_mixin.py:109} INFO - [2022-05-19 00:28:39,036] {dag.py:2937} INFO - Setting next_dagrun for example_dag_decorator to None
[2022-05-19 00:28:39,054] {processor.py:171} INFO - Processing /home/airflow/.local/lib/python3.8/site-packages/airflow/example_dags/example_dag_decorator.py took 0.318 seconds
[2022-05-19 00:29:09,942] {processor.py:163} INFO - Started process (PID=11106) to work on /home/airflow/.local/lib/python3.8/site-packages/airflow/example_dags/example_dag_decorator.py
[2022-05-19 00:29:09,943] {processor.py:642} INFO - Processing file /home/airflow/.local/lib/python3.8/site-packages/airflow/example_dags/example_dag_decorator.py for tasks to queue
[2022-05-19 00:29:09,943] {logging_mixin.py:109} INFO - [2022-05-19 00:29:09,943] {dagbag.py:500} INFO - Filling up the DagBag from /home/airflow/.local/lib/python3.8/site-packages/airflow/example_dags/example_dag_decorator.py
[2022-05-19 00:29:09,982] {processor.py:654} INFO - DAG(s) dict_keys(['example_dag_decorator']) retrieved from /home/airflow/.local/lib/python3.8/site-packages/airflow/example_dags/example_dag_decorator.py
[2022-05-19 00:29:10,178] {logging_mixin.py:109} INFO - [2022-05-19 00:29:10,178] {dag.py:2398} INFO - Sync 1 DAGs
[2022-05-19 00:29:10,193] {logging_mixin.py:109} INFO - [2022-05-19 00:29:10,193] {dag.py:2937} INFO - Setting next_dagrun for example_dag_decorator to None
[2022-05-19 00:29:10,213] {processor.py:171} INFO - Processing /home/airflow/.local/lib/python3.8/site-packages/airflow/example_dags/example_dag_decorator.py took 0.273 seconds
[2022-05-19 00:29:40,290] {processor.py:163} INFO - Started process (PID=11191) to work on /home/airflow/.local/lib/python3.8/site-packages/airflow/example_dags/example_dag_decorator.py
[2022-05-19 00:29:40,291] {processor.py:642} INFO - Processing file /home/airflow/.local/lib/python3.8/site-packages/airflow/example_dags/example_dag_decorator.py for tasks to queue
[2022-05-19 00:29:40,292] {logging_mixin.py:109} INFO - [2022-05-19 00:29:40,292] {dagbag.py:500} INFO - Filling up the DagBag from /home/airflow/.local/lib/python3.8/site-packages/airflow/example_dags/example_dag_decorator.py
[2022-05-19 00:29:40,323] {processor.py:654} INFO - DAG(s) dict_keys(['example_dag_decorator']) retrieved from /home/airflow/.local/lib/python3.8/site-packages/airflow/example_dags/example_dag_decorator.py
[2022-05-19 00:29:40,527] {logging_mixin.py:109} INFO - [2022-05-19 00:29:40,527] {dag.py:2398} INFO - Sync 1 DAGs
[2022-05-19 00:29:40,542] {logging_mixin.py:109} INFO - [2022-05-19 00:29:40,542] {dag.py:2937} INFO - Setting next_dagrun for example_dag_decorator to None
[2022-05-19 00:29:40,561] {processor.py:171} INFO - Processing /home/airflow/.local/lib/python3.8/site-packages/airflow/example_dags/example_dag_decorator.py took 0.272 seconds
[2022-05-19 00:30:10,677] {processor.py:163} INFO - Started process (PID=11284) to work on /home/airflow/.local/lib/python3.8/site-packages/airflow/example_dags/example_dag_decorator.py
[2022-05-19 00:30:10,678] {processor.py:642} INFO - Processing file /home/airflow/.local/lib/python3.8/site-packages/airflow/example_dags/example_dag_decorator.py for tasks to queue
[2022-05-19 00:30:10,678] {logging_mixin.py:109} INFO - [2022-05-19 00:30:10,678] {dagbag.py:500} INFO - Filling up the DagBag from /home/airflow/.local/lib/python3.8/site-packages/airflow/example_dags/example_dag_decorator.py
[2022-05-19 00:30:10,718] {processor.py:654} INFO - DAG(s) dict_keys(['example_dag_decorator']) retrieved from /home/airflow/.local/lib/python3.8/site-packages/airflow/example_dags/example_dag_decorator.py
[2022-05-19 00:30:10,934] {logging_mixin.py:109} INFO - [2022-05-19 00:30:10,933] {dag.py:2398} INFO - Sync 1 DAGs
[2022-05-19 00:30:10,946] {logging_mixin.py:109} INFO - [2022-05-19 00:30:10,945] {dag.py:2937} INFO - Setting next_dagrun for example_dag_decorator to None
[2022-05-19 00:30:10,969] {processor.py:171} INFO - Processing /home/airflow/.local/lib/python3.8/site-packages/airflow/example_dags/example_dag_decorator.py took 0.295 seconds
[2022-05-19 00:30:41,579] {processor.py:163} INFO - Started process (PID=11368) to work on /home/airflow/.local/lib/python3.8/site-packages/airflow/example_dags/example_dag_decorator.py
[2022-05-19 00:30:41,580] {processor.py:642} INFO - Processing file /home/airflow/.local/lib/python3.8/site-packages/airflow/example_dags/example_dag_decorator.py for tasks to queue
[2022-05-19 00:30:41,580] {logging_mixin.py:109} INFO - [2022-05-19 00:30:41,580] {dagbag.py:500} INFO - Filling up the DagBag from /home/airflow/.local/lib/python3.8/site-packages/airflow/example_dags/example_dag_decorator.py
[2022-05-19 00:30:41,631] {processor.py:654} INFO - DAG(s) dict_keys(['example_dag_decorator']) retrieved from /home/airflow/.local/lib/python3.8/site-packages/airflow/example_dags/example_dag_decorator.py
[2022-05-19 00:30:41,809] {logging_mixin.py:109} INFO - [2022-05-19 00:30:41,809] {dag.py:2398} INFO - Sync 1 DAGs
[2022-05-19 00:30:41,822] {logging_mixin.py:109} INFO - [2022-05-19 00:30:41,822] {dag.py:2937} INFO - Setting next_dagrun for example_dag_decorator to None
[2022-05-19 00:30:41,841] {processor.py:171} INFO - Processing /home/airflow/.local/lib/python3.8/site-packages/airflow/example_dags/example_dag_decorator.py took 0.264 seconds
[2022-05-19 00:31:12,327] {processor.py:163} INFO - Started process (PID=11454) to work on /home/airflow/.local/lib/python3.8/site-packages/airflow/example_dags/example_dag_decorator.py
[2022-05-19 00:31:12,328] {processor.py:642} INFO - Processing file /home/airflow/.local/lib/python3.8/site-packages/airflow/example_dags/example_dag_decorator.py for tasks to queue
[2022-05-19 00:31:12,330] {logging_mixin.py:109} INFO - [2022-05-19 00:31:12,329] {dagbag.py:500} INFO - Filling up the DagBag from /home/airflow/.local/lib/python3.8/site-packages/airflow/example_dags/example_dag_decorator.py
[2022-05-19 00:31:12,388] {processor.py:654} INFO - DAG(s) dict_keys(['example_dag_decorator']) retrieved from /home/airflow/.local/lib/python3.8/site-packages/airflow/example_dags/example_dag_decorator.py
[2022-05-19 00:31:12,615] {logging_mixin.py:109} INFO - [2022-05-19 00:31:12,615] {dag.py:2398} INFO - Sync 1 DAGs
[2022-05-19 00:31:12,633] {logging_mixin.py:109} INFO - [2022-05-19 00:31:12,633] {dag.py:2937} INFO - Setting next_dagrun for example_dag_decorator to None
[2022-05-19 00:31:12,652] {processor.py:171} INFO - Processing /home/airflow/.local/lib/python3.8/site-packages/airflow/example_dags/example_dag_decorator.py took 0.327 seconds
[2022-05-19 00:31:43,458] {processor.py:163} INFO - Started process (PID=11546) to work on /home/airflow/.local/lib/python3.8/site-packages/airflow/example_dags/example_dag_decorator.py
[2022-05-19 00:31:43,459] {processor.py:642} INFO - Processing file /home/airflow/.local/lib/python3.8/site-packages/airflow/example_dags/example_dag_decorator.py for tasks to queue
[2022-05-19 00:31:43,460] {logging_mixin.py:109} INFO - [2022-05-19 00:31:43,460] {dagbag.py:500} INFO - Filling up the DagBag from /home/airflow/.local/lib/python3.8/site-packages/airflow/example_dags/example_dag_decorator.py
[2022-05-19 00:31:43,509] {processor.py:654} INFO - DAG(s) dict_keys(['example_dag_decorator']) retrieved from /home/airflow/.local/lib/python3.8/site-packages/airflow/example_dags/example_dag_decorator.py
[2022-05-19 00:31:43,738] {logging_mixin.py:109} INFO - [2022-05-19 00:31:43,738] {dag.py:2398} INFO - Sync 1 DAGs
[2022-05-19 00:31:43,751] {logging_mixin.py:109} INFO - [2022-05-19 00:31:43,751] {dag.py:2937} INFO - Setting next_dagrun for example_dag_decorator to None
[2022-05-19 00:31:43,761] {processor.py:171} INFO - Processing /home/airflow/.local/lib/python3.8/site-packages/airflow/example_dags/example_dag_decorator.py took 0.306 seconds
[2022-05-19 00:32:13,817] {processor.py:163} INFO - Started process (PID=11630) to work on /home/airflow/.local/lib/python3.8/site-packages/airflow/example_dags/example_dag_decorator.py
[2022-05-19 00:32:13,818] {processor.py:642} INFO - Processing file /home/airflow/.local/lib/python3.8/site-packages/airflow/example_dags/example_dag_decorator.py for tasks to queue
[2022-05-19 00:32:13,819] {logging_mixin.py:109} INFO - [2022-05-19 00:32:13,819] {dagbag.py:500} INFO - Filling up the DagBag from /home/airflow/.local/lib/python3.8/site-packages/airflow/example_dags/example_dag_decorator.py
[2022-05-19 00:32:13,855] {processor.py:654} INFO - DAG(s) dict_keys(['example_dag_decorator']) retrieved from /home/airflow/.local/lib/python3.8/site-packages/airflow/example_dags/example_dag_decorator.py
[2022-05-19 00:32:14,059] {logging_mixin.py:109} INFO - [2022-05-19 00:32:14,058] {dag.py:2398} INFO - Sync 1 DAGs
[2022-05-19 00:32:14,072] {logging_mixin.py:109} INFO - [2022-05-19 00:32:14,072] {dag.py:2937} INFO - Setting next_dagrun for example_dag_decorator to None
[2022-05-19 00:32:14,086] {processor.py:171} INFO - Processing /home/airflow/.local/lib/python3.8/site-packages/airflow/example_dags/example_dag_decorator.py took 0.270 seconds
[2022-05-19 00:32:44,917] {processor.py:163} INFO - Started process (PID=11732) to work on /home/airflow/.local/lib/python3.8/site-packages/airflow/example_dags/example_dag_decorator.py
[2022-05-19 00:32:44,918] {processor.py:642} INFO - Processing file /home/airflow/.local/lib/python3.8/site-packages/airflow/example_dags/example_dag_decorator.py for tasks to queue
[2022-05-19 00:32:44,919] {logging_mixin.py:109} INFO - [2022-05-19 00:32:44,919] {dagbag.py:500} INFO - Filling up the DagBag from /home/airflow/.local/lib/python3.8/site-packages/airflow/example_dags/example_dag_decorator.py
[2022-05-19 00:32:44,976] {processor.py:654} INFO - DAG(s) dict_keys(['example_dag_decorator']) retrieved from /home/airflow/.local/lib/python3.8/site-packages/airflow/example_dags/example_dag_decorator.py
[2022-05-19 00:32:45,204] {logging_mixin.py:109} INFO - [2022-05-19 00:32:45,204] {dag.py:2398} INFO - Sync 1 DAGs
[2022-05-19 00:32:45,219] {logging_mixin.py:109} INFO - [2022-05-19 00:32:45,219] {dag.py:2937} INFO - Setting next_dagrun for example_dag_decorator to None
[2022-05-19 00:32:45,232] {processor.py:171} INFO - Processing /home/airflow/.local/lib/python3.8/site-packages/airflow/example_dags/example_dag_decorator.py took 0.318 seconds
[2022-05-19 00:33:15,264] {processor.py:163} INFO - Started process (PID=11826) to work on /home/airflow/.local/lib/python3.8/site-packages/airflow/example_dags/example_dag_decorator.py
[2022-05-19 00:33:15,274] {processor.py:642} INFO - Processing file /home/airflow/.local/lib/python3.8/site-packages/airflow/example_dags/example_dag_decorator.py for tasks to queue
[2022-05-19 00:33:15,275] {logging_mixin.py:109} INFO - [2022-05-19 00:33:15,275] {dagbag.py:500} INFO - Filling up the DagBag from /home/airflow/.local/lib/python3.8/site-packages/airflow/example_dags/example_dag_decorator.py
[2022-05-19 00:33:15,306] {processor.py:654} INFO - DAG(s) dict_keys(['example_dag_decorator']) retrieved from /home/airflow/.local/lib/python3.8/site-packages/airflow/example_dags/example_dag_decorator.py
[2022-05-19 00:33:15,519] {logging_mixin.py:109} INFO - [2022-05-19 00:33:15,519] {dag.py:2398} INFO - Sync 1 DAGs
[2022-05-19 00:33:15,530] {logging_mixin.py:109} INFO - [2022-05-19 00:33:15,530] {dag.py:2937} INFO - Setting next_dagrun for example_dag_decorator to None
[2022-05-19 00:33:15,545] {processor.py:171} INFO - Processing /home/airflow/.local/lib/python3.8/site-packages/airflow/example_dags/example_dag_decorator.py took 0.283 seconds
[2022-05-19 00:33:45,837] {processor.py:163} INFO - Started process (PID=11912) to work on /home/airflow/.local/lib/python3.8/site-packages/airflow/example_dags/example_dag_decorator.py
[2022-05-19 00:33:45,838] {processor.py:642} INFO - Processing file /home/airflow/.local/lib/python3.8/site-packages/airflow/example_dags/example_dag_decorator.py for tasks to queue
[2022-05-19 00:33:45,838] {logging_mixin.py:109} INFO - [2022-05-19 00:33:45,838] {dagbag.py:500} INFO - Filling up the DagBag from /home/airflow/.local/lib/python3.8/site-packages/airflow/example_dags/example_dag_decorator.py
[2022-05-19 00:33:45,870] {processor.py:654} INFO - DAG(s) dict_keys(['example_dag_decorator']) retrieved from /home/airflow/.local/lib/python3.8/site-packages/airflow/example_dags/example_dag_decorator.py
[2022-05-19 00:33:46,083] {logging_mixin.py:109} INFO - [2022-05-19 00:33:46,083] {dag.py:2398} INFO - Sync 1 DAGs
[2022-05-19 00:33:46,098] {logging_mixin.py:109} INFO - [2022-05-19 00:33:46,098] {dag.py:2937} INFO - Setting next_dagrun for example_dag_decorator to None
[2022-05-19 00:33:46,113] {processor.py:171} INFO - Processing /home/airflow/.local/lib/python3.8/site-packages/airflow/example_dags/example_dag_decorator.py took 0.279 seconds
[2022-05-19 00:34:16,940] {processor.py:163} INFO - Started process (PID=11996) to work on /home/airflow/.local/lib/python3.8/site-packages/airflow/example_dags/example_dag_decorator.py
[2022-05-19 00:34:16,944] {processor.py:642} INFO - Processing file /home/airflow/.local/lib/python3.8/site-packages/airflow/example_dags/example_dag_decorator.py for tasks to queue
[2022-05-19 00:34:16,945] {logging_mixin.py:109} INFO - [2022-05-19 00:34:16,945] {dagbag.py:500} INFO - Filling up the DagBag from /home/airflow/.local/lib/python3.8/site-packages/airflow/example_dags/example_dag_decorator.py
[2022-05-19 00:34:16,986] {processor.py:654} INFO - DAG(s) dict_keys(['example_dag_decorator']) retrieved from /home/airflow/.local/lib/python3.8/site-packages/airflow/example_dags/example_dag_decorator.py
[2022-05-19 00:34:17,237] {logging_mixin.py:109} INFO - [2022-05-19 00:34:17,237] {dag.py:2398} INFO - Sync 1 DAGs
[2022-05-19 00:34:17,251] {logging_mixin.py:109} INFO - [2022-05-19 00:34:17,251] {dag.py:2937} INFO - Setting next_dagrun for example_dag_decorator to None
[2022-05-19 00:34:17,271] {processor.py:171} INFO - Processing /home/airflow/.local/lib/python3.8/site-packages/airflow/example_dags/example_dag_decorator.py took 0.333 seconds
[2022-05-19 00:34:47,321] {processor.py:163} INFO - Started process (PID=12090) to work on /home/airflow/.local/lib/python3.8/site-packages/airflow/example_dags/example_dag_decorator.py
[2022-05-19 00:34:47,322] {processor.py:642} INFO - Processing file /home/airflow/.local/lib/python3.8/site-packages/airflow/example_dags/example_dag_decorator.py for tasks to queue
[2022-05-19 00:34:47,323] {logging_mixin.py:109} INFO - [2022-05-19 00:34:47,322] {dagbag.py:500} INFO - Filling up the DagBag from /home/airflow/.local/lib/python3.8/site-packages/airflow/example_dags/example_dag_decorator.py
[2022-05-19 00:34:47,362] {processor.py:654} INFO - DAG(s) dict_keys(['example_dag_decorator']) retrieved from /home/airflow/.local/lib/python3.8/site-packages/airflow/example_dags/example_dag_decorator.py
[2022-05-19 00:34:47,601] {logging_mixin.py:109} INFO - [2022-05-19 00:34:47,601] {dag.py:2398} INFO - Sync 1 DAGs
[2022-05-19 00:34:47,619] {logging_mixin.py:109} INFO - [2022-05-19 00:34:47,619] {dag.py:2937} INFO - Setting next_dagrun for example_dag_decorator to None
[2022-05-19 00:34:47,631] {processor.py:171} INFO - Processing /home/airflow/.local/lib/python3.8/site-packages/airflow/example_dags/example_dag_decorator.py took 0.312 seconds
[2022-05-19 00:35:17,713] {processor.py:163} INFO - Started process (PID=12177) to work on /home/airflow/.local/lib/python3.8/site-packages/airflow/example_dags/example_dag_decorator.py
[2022-05-19 00:35:17,715] {processor.py:642} INFO - Processing file /home/airflow/.local/lib/python3.8/site-packages/airflow/example_dags/example_dag_decorator.py for tasks to queue
[2022-05-19 00:35:17,717] {logging_mixin.py:109} INFO - [2022-05-19 00:35:17,716] {dagbag.py:500} INFO - Filling up the DagBag from /home/airflow/.local/lib/python3.8/site-packages/airflow/example_dags/example_dag_decorator.py
[2022-05-19 00:35:17,769] {processor.py:654} INFO - DAG(s) dict_keys(['example_dag_decorator']) retrieved from /home/airflow/.local/lib/python3.8/site-packages/airflow/example_dags/example_dag_decorator.py
[2022-05-19 00:35:18,038] {logging_mixin.py:109} INFO - [2022-05-19 00:35:18,038] {dag.py:2398} INFO - Sync 1 DAGs
[2022-05-19 00:35:18,060] {logging_mixin.py:109} INFO - [2022-05-19 00:35:18,060] {dag.py:2937} INFO - Setting next_dagrun for example_dag_decorator to None
[2022-05-19 00:35:18,077] {processor.py:171} INFO - Processing /home/airflow/.local/lib/python3.8/site-packages/airflow/example_dags/example_dag_decorator.py took 0.368 seconds
[2022-05-19 00:35:48,836] {processor.py:163} INFO - Started process (PID=12262) to work on /home/airflow/.local/lib/python3.8/site-packages/airflow/example_dags/example_dag_decorator.py
[2022-05-19 00:35:48,837] {processor.py:642} INFO - Processing file /home/airflow/.local/lib/python3.8/site-packages/airflow/example_dags/example_dag_decorator.py for tasks to queue
[2022-05-19 00:35:48,837] {logging_mixin.py:109} INFO - [2022-05-19 00:35:48,837] {dagbag.py:500} INFO - Filling up the DagBag from /home/airflow/.local/lib/python3.8/site-packages/airflow/example_dags/example_dag_decorator.py
[2022-05-19 00:35:48,868] {processor.py:654} INFO - DAG(s) dict_keys(['example_dag_decorator']) retrieved from /home/airflow/.local/lib/python3.8/site-packages/airflow/example_dags/example_dag_decorator.py
[2022-05-19 00:35:49,080] {logging_mixin.py:109} INFO - [2022-05-19 00:35:49,080] {dag.py:2398} INFO - Sync 1 DAGs
[2022-05-19 00:35:49,094] {logging_mixin.py:109} INFO - [2022-05-19 00:35:49,094] {dag.py:2937} INFO - Setting next_dagrun for example_dag_decorator to None
[2022-05-19 00:35:49,113] {processor.py:171} INFO - Processing /home/airflow/.local/lib/python3.8/site-packages/airflow/example_dags/example_dag_decorator.py took 0.279 seconds
[2022-05-19 00:36:19,322] {processor.py:163} INFO - Started process (PID=12355) to work on /home/airflow/.local/lib/python3.8/site-packages/airflow/example_dags/example_dag_decorator.py
[2022-05-19 00:36:19,327] {processor.py:642} INFO - Processing file /home/airflow/.local/lib/python3.8/site-packages/airflow/example_dags/example_dag_decorator.py for tasks to queue
[2022-05-19 00:36:19,328] {logging_mixin.py:109} INFO - [2022-05-19 00:36:19,327] {dagbag.py:500} INFO - Filling up the DagBag from /home/airflow/.local/lib/python3.8/site-packages/airflow/example_dags/example_dag_decorator.py
[2022-05-19 00:36:19,364] {processor.py:654} INFO - DAG(s) dict_keys(['example_dag_decorator']) retrieved from /home/airflow/.local/lib/python3.8/site-packages/airflow/example_dags/example_dag_decorator.py
[2022-05-19 00:36:19,550] {logging_mixin.py:109} INFO - [2022-05-19 00:36:19,550] {dag.py:2398} INFO - Sync 1 DAGs
[2022-05-19 00:36:19,563] {logging_mixin.py:109} INFO - [2022-05-19 00:36:19,563] {dag.py:2937} INFO - Setting next_dagrun for example_dag_decorator to None
[2022-05-19 00:36:19,575] {processor.py:171} INFO - Processing /home/airflow/.local/lib/python3.8/site-packages/airflow/example_dags/example_dag_decorator.py took 0.255 seconds
[2022-05-19 00:36:49,719] {processor.py:163} INFO - Started process (PID=12440) to work on /home/airflow/.local/lib/python3.8/site-packages/airflow/example_dags/example_dag_decorator.py
[2022-05-19 00:36:49,720] {processor.py:642} INFO - Processing file /home/airflow/.local/lib/python3.8/site-packages/airflow/example_dags/example_dag_decorator.py for tasks to queue
[2022-05-19 00:36:49,722] {logging_mixin.py:109} INFO - [2022-05-19 00:36:49,721] {dagbag.py:500} INFO - Filling up the DagBag from /home/airflow/.local/lib/python3.8/site-packages/airflow/example_dags/example_dag_decorator.py
[2022-05-19 00:36:49,782] {processor.py:654} INFO - DAG(s) dict_keys(['example_dag_decorator']) retrieved from /home/airflow/.local/lib/python3.8/site-packages/airflow/example_dags/example_dag_decorator.py
[2022-05-19 00:36:50,014] {logging_mixin.py:109} INFO - [2022-05-19 00:36:50,014] {dag.py:2398} INFO - Sync 1 DAGs
[2022-05-19 00:36:50,028] {logging_mixin.py:109} INFO - [2022-05-19 00:36:50,028] {dag.py:2937} INFO - Setting next_dagrun for example_dag_decorator to None
[2022-05-19 00:36:50,041] {processor.py:171} INFO - Processing /home/airflow/.local/lib/python3.8/site-packages/airflow/example_dags/example_dag_decorator.py took 0.325 seconds
[2022-05-19 00:37:20,142] {processor.py:163} INFO - Started process (PID=12525) to work on /home/airflow/.local/lib/python3.8/site-packages/airflow/example_dags/example_dag_decorator.py
[2022-05-19 00:37:20,146] {processor.py:642} INFO - Processing file /home/airflow/.local/lib/python3.8/site-packages/airflow/example_dags/example_dag_decorator.py for tasks to queue
[2022-05-19 00:37:20,147] {logging_mixin.py:109} INFO - [2022-05-19 00:37:20,147] {dagbag.py:500} INFO - Filling up the DagBag from /home/airflow/.local/lib/python3.8/site-packages/airflow/example_dags/example_dag_decorator.py
[2022-05-19 00:37:20,189] {processor.py:654} INFO - DAG(s) dict_keys(['example_dag_decorator']) retrieved from /home/airflow/.local/lib/python3.8/site-packages/airflow/example_dags/example_dag_decorator.py
[2022-05-19 00:37:20,445] {logging_mixin.py:109} INFO - [2022-05-19 00:37:20,445] {dag.py:2398} INFO - Sync 1 DAGs
[2022-05-19 00:37:20,459] {logging_mixin.py:109} INFO - [2022-05-19 00:37:20,458] {dag.py:2937} INFO - Setting next_dagrun for example_dag_decorator to None
[2022-05-19 00:37:20,476] {processor.py:171} INFO - Processing /home/airflow/.local/lib/python3.8/site-packages/airflow/example_dags/example_dag_decorator.py took 0.336 seconds
[2022-05-19 00:37:51,300] {processor.py:163} INFO - Started process (PID=12618) to work on /home/airflow/.local/lib/python3.8/site-packages/airflow/example_dags/example_dag_decorator.py
[2022-05-19 00:37:51,310] {processor.py:642} INFO - Processing file /home/airflow/.local/lib/python3.8/site-packages/airflow/example_dags/example_dag_decorator.py for tasks to queue
[2022-05-19 00:37:51,311] {logging_mixin.py:109} INFO - [2022-05-19 00:37:51,311] {dagbag.py:500} INFO - Filling up the DagBag from /home/airflow/.local/lib/python3.8/site-packages/airflow/example_dags/example_dag_decorator.py
[2022-05-19 00:37:51,394] {processor.py:654} INFO - DAG(s) dict_keys(['example_dag_decorator']) retrieved from /home/airflow/.local/lib/python3.8/site-packages/airflow/example_dags/example_dag_decorator.py
[2022-05-19 00:37:51,602] {logging_mixin.py:109} INFO - [2022-05-19 00:37:51,602] {dag.py:2398} INFO - Sync 1 DAGs
[2022-05-19 00:37:51,618] {logging_mixin.py:109} INFO - [2022-05-19 00:37:51,618] {dag.py:2937} INFO - Setting next_dagrun for example_dag_decorator to None
[2022-05-19 00:37:51,631] {processor.py:171} INFO - Processing /home/airflow/.local/lib/python3.8/site-packages/airflow/example_dags/example_dag_decorator.py took 0.335 seconds
[2022-05-19 00:38:22,212] {processor.py:163} INFO - Started process (PID=12702) to work on /home/airflow/.local/lib/python3.8/site-packages/airflow/example_dags/example_dag_decorator.py
[2022-05-19 00:38:22,214] {processor.py:642} INFO - Processing file /home/airflow/.local/lib/python3.8/site-packages/airflow/example_dags/example_dag_decorator.py for tasks to queue
[2022-05-19 00:38:22,214] {logging_mixin.py:109} INFO - [2022-05-19 00:38:22,214] {dagbag.py:500} INFO - Filling up the DagBag from /home/airflow/.local/lib/python3.8/site-packages/airflow/example_dags/example_dag_decorator.py
[2022-05-19 00:38:22,269] {processor.py:654} INFO - DAG(s) dict_keys(['example_dag_decorator']) retrieved from /home/airflow/.local/lib/python3.8/site-packages/airflow/example_dags/example_dag_decorator.py
[2022-05-19 00:38:22,285] {logging_mixin.py:109} INFO - [2022-05-19 00:38:22,284] {dag.py:2398} INFO - Sync 1 DAGs
[2022-05-19 00:38:22,308] {logging_mixin.py:109} INFO - [2022-05-19 00:38:22,308] {dag.py:2937} INFO - Setting next_dagrun for example_dag_decorator to None
[2022-05-19 00:38:22,323] {processor.py:171} INFO - Processing /home/airflow/.local/lib/python3.8/site-packages/airflow/example_dags/example_dag_decorator.py took 0.114 seconds
[2022-05-19 00:38:53,195] {processor.py:163} INFO - Started process (PID=12786) to work on /home/airflow/.local/lib/python3.8/site-packages/airflow/example_dags/example_dag_decorator.py
[2022-05-19 00:38:53,196] {processor.py:642} INFO - Processing file /home/airflow/.local/lib/python3.8/site-packages/airflow/example_dags/example_dag_decorator.py for tasks to queue
[2022-05-19 00:38:53,197] {logging_mixin.py:109} INFO - [2022-05-19 00:38:53,197] {dagbag.py:500} INFO - Filling up the DagBag from /home/airflow/.local/lib/python3.8/site-packages/airflow/example_dags/example_dag_decorator.py
[2022-05-19 00:38:53,239] {processor.py:654} INFO - DAG(s) dict_keys(['example_dag_decorator']) retrieved from /home/airflow/.local/lib/python3.8/site-packages/airflow/example_dags/example_dag_decorator.py
[2022-05-19 00:38:53,530] {logging_mixin.py:109} INFO - [2022-05-19 00:38:53,529] {dag.py:2398} INFO - Sync 1 DAGs
[2022-05-19 00:38:53,546] {logging_mixin.py:109} INFO - [2022-05-19 00:38:53,546] {dag.py:2937} INFO - Setting next_dagrun for example_dag_decorator to None
[2022-05-19 00:38:53,567] {processor.py:171} INFO - Processing /home/airflow/.local/lib/python3.8/site-packages/airflow/example_dags/example_dag_decorator.py took 0.374 seconds
[2022-05-19 00:39:37,289] {processor.py:163} INFO - Started process (PID=12877) to work on /home/airflow/.local/lib/python3.8/site-packages/airflow/example_dags/example_dag_decorator.py
[2022-05-19 00:39:37,292] {processor.py:642} INFO - Processing file /home/airflow/.local/lib/python3.8/site-packages/airflow/example_dags/example_dag_decorator.py for tasks to queue
[2022-05-19 00:39:37,293] {logging_mixin.py:109} INFO - [2022-05-19 00:39:37,293] {dagbag.py:500} INFO - Filling up the DagBag from /home/airflow/.local/lib/python3.8/site-packages/airflow/example_dags/example_dag_decorator.py
[2022-05-19 00:39:37,374] {processor.py:654} INFO - DAG(s) dict_keys(['example_dag_decorator']) retrieved from /home/airflow/.local/lib/python3.8/site-packages/airflow/example_dags/example_dag_decorator.py
[2022-05-19 00:39:37,798] {logging_mixin.py:109} INFO - [2022-05-19 00:39:37,798] {dag.py:2398} INFO - Sync 1 DAGs
[2022-05-19 00:39:37,836] {logging_mixin.py:109} INFO - [2022-05-19 00:39:37,835] {dag.py:2937} INFO - Setting next_dagrun for example_dag_decorator to None
[2022-05-19 00:39:37,871] {processor.py:171} INFO - Processing /home/airflow/.local/lib/python3.8/site-packages/airflow/example_dags/example_dag_decorator.py took 0.588 seconds
[2022-05-19 00:40:08,084] {processor.py:163} INFO - Started process (PID=12945) to work on /home/airflow/.local/lib/python3.8/site-packages/airflow/example_dags/example_dag_decorator.py
[2022-05-19 00:40:08,085] {processor.py:642} INFO - Processing file /home/airflow/.local/lib/python3.8/site-packages/airflow/example_dags/example_dag_decorator.py for tasks to queue
[2022-05-19 00:40:08,086] {logging_mixin.py:109} INFO - [2022-05-19 00:40:08,086] {dagbag.py:500} INFO - Filling up the DagBag from /home/airflow/.local/lib/python3.8/site-packages/airflow/example_dags/example_dag_decorator.py
[2022-05-19 00:40:08,121] {processor.py:654} INFO - DAG(s) dict_keys(['example_dag_decorator']) retrieved from /home/airflow/.local/lib/python3.8/site-packages/airflow/example_dags/example_dag_decorator.py
[2022-05-19 00:40:08,304] {logging_mixin.py:109} INFO - [2022-05-19 00:40:08,304] {dag.py:2398} INFO - Sync 1 DAGs
[2022-05-19 00:40:08,317] {logging_mixin.py:109} INFO - [2022-05-19 00:40:08,317] {dag.py:2937} INFO - Setting next_dagrun for example_dag_decorator to None
[2022-05-19 00:40:08,329] {processor.py:171} INFO - Processing /home/airflow/.local/lib/python3.8/site-packages/airflow/example_dags/example_dag_decorator.py took 0.247 seconds
[2022-05-19 00:40:39,269] {processor.py:163} INFO - Started process (PID=13028) to work on /home/airflow/.local/lib/python3.8/site-packages/airflow/example_dags/example_dag_decorator.py
[2022-05-19 00:40:39,270] {processor.py:642} INFO - Processing file /home/airflow/.local/lib/python3.8/site-packages/airflow/example_dags/example_dag_decorator.py for tasks to queue
[2022-05-19 00:40:39,271] {logging_mixin.py:109} INFO - [2022-05-19 00:40:39,271] {dagbag.py:500} INFO - Filling up the DagBag from /home/airflow/.local/lib/python3.8/site-packages/airflow/example_dags/example_dag_decorator.py
[2022-05-19 00:40:39,304] {processor.py:654} INFO - DAG(s) dict_keys(['example_dag_decorator']) retrieved from /home/airflow/.local/lib/python3.8/site-packages/airflow/example_dags/example_dag_decorator.py
[2022-05-19 00:40:39,524] {logging_mixin.py:109} INFO - [2022-05-19 00:40:39,523] {dag.py:2398} INFO - Sync 1 DAGs
[2022-05-19 00:40:39,536] {logging_mixin.py:109} INFO - [2022-05-19 00:40:39,536] {dag.py:2937} INFO - Setting next_dagrun for example_dag_decorator to None
[2022-05-19 00:40:39,556] {processor.py:171} INFO - Processing /home/airflow/.local/lib/python3.8/site-packages/airflow/example_dags/example_dag_decorator.py took 0.289 seconds
