[2022-05-19 00:00:00,641] {processor.py:163} INFO - Started process (PID=6033) to work on /home/airflow/.local/lib/python3.8/site-packages/airflow/example_dags/example_branch_labels.py
[2022-05-19 00:00:00,642] {processor.py:642} INFO - Processing file /home/airflow/.local/lib/python3.8/site-packages/airflow/example_dags/example_branch_labels.py for tasks to queue
[2022-05-19 00:00:00,642] {logging_mixin.py:109} INFO - [2022-05-19 00:00:00,642] {dagbag.py:500} INFO - Filling up the DagBag from /home/airflow/.local/lib/python3.8/site-packages/airflow/example_dags/example_branch_labels.py
[2022-05-19 00:00:00,668] {processor.py:654} INFO - DAG(s) dict_keys(['example_branch_labels']) retrieved from /home/airflow/.local/lib/python3.8/site-packages/airflow/example_dags/example_branch_labels.py
[2022-05-19 00:00:00,675] {logging_mixin.py:109} INFO - [2022-05-19 00:00:00,675] {dag.py:2398} INFO - Sync 1 DAGs
[2022-05-19 00:00:00,692] {logging_mixin.py:109} INFO - [2022-05-19 00:00:00,691] {dag.py:2937} INFO - Setting next_dagrun for example_branch_labels to 2022-05-18 00:00:00+00:00
[2022-05-19 00:00:00,701] {processor.py:171} INFO - Processing /home/airflow/.local/lib/python3.8/site-packages/airflow/example_dags/example_branch_labels.py took 0.062 seconds
[2022-05-19 00:00:30,845] {processor.py:163} INFO - Started process (PID=6117) to work on /home/airflow/.local/lib/python3.8/site-packages/airflow/example_dags/example_branch_labels.py
[2022-05-19 00:00:30,847] {processor.py:642} INFO - Processing file /home/airflow/.local/lib/python3.8/site-packages/airflow/example_dags/example_branch_labels.py for tasks to queue
[2022-05-19 00:00:30,847] {logging_mixin.py:109} INFO - [2022-05-19 00:00:30,847] {dagbag.py:500} INFO - Filling up the DagBag from /home/airflow/.local/lib/python3.8/site-packages/airflow/example_dags/example_branch_labels.py
[2022-05-19 00:00:30,892] {processor.py:654} INFO - DAG(s) dict_keys(['example_branch_labels']) retrieved from /home/airflow/.local/lib/python3.8/site-packages/airflow/example_dags/example_branch_labels.py
[2022-05-19 00:00:30,906] {logging_mixin.py:109} INFO - [2022-05-19 00:00:30,906] {dag.py:2398} INFO - Sync 1 DAGs
[2022-05-19 00:00:30,928] {logging_mixin.py:109} INFO - [2022-05-19 00:00:30,927] {dag.py:2937} INFO - Setting next_dagrun for example_branch_labels to 2022-05-18 00:00:00+00:00
[2022-05-19 00:00:30,941] {processor.py:171} INFO - Processing /home/airflow/.local/lib/python3.8/site-packages/airflow/example_dags/example_branch_labels.py took 0.099 seconds
[2022-05-19 00:01:01,711] {processor.py:163} INFO - Started process (PID=6202) to work on /home/airflow/.local/lib/python3.8/site-packages/airflow/example_dags/example_branch_labels.py
[2022-05-19 00:01:01,712] {processor.py:642} INFO - Processing file /home/airflow/.local/lib/python3.8/site-packages/airflow/example_dags/example_branch_labels.py for tasks to queue
[2022-05-19 00:01:01,713] {logging_mixin.py:109} INFO - [2022-05-19 00:01:01,713] {dagbag.py:500} INFO - Filling up the DagBag from /home/airflow/.local/lib/python3.8/site-packages/airflow/example_dags/example_branch_labels.py
[2022-05-19 00:01:01,741] {processor.py:654} INFO - DAG(s) dict_keys(['example_branch_labels']) retrieved from /home/airflow/.local/lib/python3.8/site-packages/airflow/example_dags/example_branch_labels.py
[2022-05-19 00:01:01,753] {logging_mixin.py:109} INFO - [2022-05-19 00:01:01,753] {dag.py:2398} INFO - Sync 1 DAGs
[2022-05-19 00:01:01,773] {logging_mixin.py:109} INFO - [2022-05-19 00:01:01,773] {dag.py:2937} INFO - Setting next_dagrun for example_branch_labels to 2022-05-18 00:00:00+00:00
[2022-05-19 00:01:01,784] {processor.py:171} INFO - Processing /home/airflow/.local/lib/python3.8/site-packages/airflow/example_dags/example_branch_labels.py took 0.076 seconds
[2022-05-19 00:01:32,557] {processor.py:163} INFO - Started process (PID=6296) to work on /home/airflow/.local/lib/python3.8/site-packages/airflow/example_dags/example_branch_labels.py
[2022-05-19 00:01:32,558] {processor.py:642} INFO - Processing file /home/airflow/.local/lib/python3.8/site-packages/airflow/example_dags/example_branch_labels.py for tasks to queue
[2022-05-19 00:01:32,559] {logging_mixin.py:109} INFO - [2022-05-19 00:01:32,559] {dagbag.py:500} INFO - Filling up the DagBag from /home/airflow/.local/lib/python3.8/site-packages/airflow/example_dags/example_branch_labels.py
[2022-05-19 00:01:32,602] {processor.py:654} INFO - DAG(s) dict_keys(['example_branch_labels']) retrieved from /home/airflow/.local/lib/python3.8/site-packages/airflow/example_dags/example_branch_labels.py
[2022-05-19 00:01:32,612] {logging_mixin.py:109} INFO - [2022-05-19 00:01:32,612] {dag.py:2398} INFO - Sync 1 DAGs
[2022-05-19 00:01:32,634] {logging_mixin.py:109} INFO - [2022-05-19 00:01:32,634] {dag.py:2937} INFO - Setting next_dagrun for example_branch_labels to 2022-05-18 00:00:00+00:00
[2022-05-19 00:01:32,646] {processor.py:171} INFO - Processing /home/airflow/.local/lib/python3.8/site-packages/airflow/example_dags/example_branch_labels.py took 0.093 seconds
[2022-05-19 00:02:03,144] {processor.py:163} INFO - Started process (PID=6398) to work on /home/airflow/.local/lib/python3.8/site-packages/airflow/example_dags/example_branch_labels.py
[2022-05-19 00:02:03,146] {processor.py:642} INFO - Processing file /home/airflow/.local/lib/python3.8/site-packages/airflow/example_dags/example_branch_labels.py for tasks to queue
[2022-05-19 00:02:03,147] {logging_mixin.py:109} INFO - [2022-05-19 00:02:03,146] {dagbag.py:500} INFO - Filling up the DagBag from /home/airflow/.local/lib/python3.8/site-packages/airflow/example_dags/example_branch_labels.py
[2022-05-19 00:02:03,179] {processor.py:654} INFO - DAG(s) dict_keys(['example_branch_labels']) retrieved from /home/airflow/.local/lib/python3.8/site-packages/airflow/example_dags/example_branch_labels.py
[2022-05-19 00:02:03,190] {logging_mixin.py:109} INFO - [2022-05-19 00:02:03,190] {dag.py:2398} INFO - Sync 1 DAGs
[2022-05-19 00:02:03,212] {logging_mixin.py:109} INFO - [2022-05-19 00:02:03,212] {dag.py:2937} INFO - Setting next_dagrun for example_branch_labels to 2022-05-18 00:00:00+00:00
[2022-05-19 00:02:03,225] {processor.py:171} INFO - Processing /home/airflow/.local/lib/python3.8/site-packages/airflow/example_dags/example_branch_labels.py took 0.083 seconds
[2022-05-19 00:02:34,255] {processor.py:163} INFO - Started process (PID=6492) to work on /home/airflow/.local/lib/python3.8/site-packages/airflow/example_dags/example_branch_labels.py
[2022-05-19 00:02:34,256] {processor.py:642} INFO - Processing file /home/airflow/.local/lib/python3.8/site-packages/airflow/example_dags/example_branch_labels.py for tasks to queue
[2022-05-19 00:02:34,257] {logging_mixin.py:109} INFO - [2022-05-19 00:02:34,257] {dagbag.py:500} INFO - Filling up the DagBag from /home/airflow/.local/lib/python3.8/site-packages/airflow/example_dags/example_branch_labels.py
[2022-05-19 00:02:34,305] {processor.py:654} INFO - DAG(s) dict_keys(['example_branch_labels']) retrieved from /home/airflow/.local/lib/python3.8/site-packages/airflow/example_dags/example_branch_labels.py
[2022-05-19 00:02:34,326] {logging_mixin.py:109} INFO - [2022-05-19 00:02:34,326] {dag.py:2398} INFO - Sync 1 DAGs
[2022-05-19 00:02:34,347] {logging_mixin.py:109} INFO - [2022-05-19 00:02:34,347] {dag.py:2937} INFO - Setting next_dagrun for example_branch_labels to 2022-05-18 00:00:00+00:00
[2022-05-19 00:02:34,358] {processor.py:171} INFO - Processing /home/airflow/.local/lib/python3.8/site-packages/airflow/example_dags/example_branch_labels.py took 0.106 seconds
[2022-05-19 00:03:04,615] {processor.py:163} INFO - Started process (PID=6576) to work on /home/airflow/.local/lib/python3.8/site-packages/airflow/example_dags/example_branch_labels.py
[2022-05-19 00:03:04,616] {processor.py:642} INFO - Processing file /home/airflow/.local/lib/python3.8/site-packages/airflow/example_dags/example_branch_labels.py for tasks to queue
[2022-05-19 00:03:04,617] {logging_mixin.py:109} INFO - [2022-05-19 00:03:04,617] {dagbag.py:500} INFO - Filling up the DagBag from /home/airflow/.local/lib/python3.8/site-packages/airflow/example_dags/example_branch_labels.py
[2022-05-19 00:03:04,658] {processor.py:654} INFO - DAG(s) dict_keys(['example_branch_labels']) retrieved from /home/airflow/.local/lib/python3.8/site-packages/airflow/example_dags/example_branch_labels.py
[2022-05-19 00:03:04,674] {logging_mixin.py:109} INFO - [2022-05-19 00:03:04,674] {dag.py:2398} INFO - Sync 1 DAGs
[2022-05-19 00:03:04,699] {logging_mixin.py:109} INFO - [2022-05-19 00:03:04,699] {dag.py:2937} INFO - Setting next_dagrun for example_branch_labels to 2022-05-18 00:00:00+00:00
[2022-05-19 00:03:04,717] {processor.py:171} INFO - Processing /home/airflow/.local/lib/python3.8/site-packages/airflow/example_dags/example_branch_labels.py took 0.106 seconds
[2022-05-19 00:03:34,842] {processor.py:163} INFO - Started process (PID=6661) to work on /home/airflow/.local/lib/python3.8/site-packages/airflow/example_dags/example_branch_labels.py
[2022-05-19 00:03:34,843] {processor.py:642} INFO - Processing file /home/airflow/.local/lib/python3.8/site-packages/airflow/example_dags/example_branch_labels.py for tasks to queue
[2022-05-19 00:03:34,844] {logging_mixin.py:109} INFO - [2022-05-19 00:03:34,843] {dagbag.py:500} INFO - Filling up the DagBag from /home/airflow/.local/lib/python3.8/site-packages/airflow/example_dags/example_branch_labels.py
[2022-05-19 00:03:34,880] {processor.py:654} INFO - DAG(s) dict_keys(['example_branch_labels']) retrieved from /home/airflow/.local/lib/python3.8/site-packages/airflow/example_dags/example_branch_labels.py
[2022-05-19 00:03:34,893] {logging_mixin.py:109} INFO - [2022-05-19 00:03:34,893] {dag.py:2398} INFO - Sync 1 DAGs
[2022-05-19 00:03:34,914] {logging_mixin.py:109} INFO - [2022-05-19 00:03:34,914] {dag.py:2937} INFO - Setting next_dagrun for example_branch_labels to 2022-05-18 00:00:00+00:00
[2022-05-19 00:03:34,926] {processor.py:171} INFO - Processing /home/airflow/.local/lib/python3.8/site-packages/airflow/example_dags/example_branch_labels.py took 0.085 seconds
[2022-05-19 00:04:05,309] {processor.py:163} INFO - Started process (PID=6754) to work on /home/airflow/.local/lib/python3.8/site-packages/airflow/example_dags/example_branch_labels.py
[2022-05-19 00:04:05,310] {processor.py:642} INFO - Processing file /home/airflow/.local/lib/python3.8/site-packages/airflow/example_dags/example_branch_labels.py for tasks to queue
[2022-05-19 00:04:05,311] {logging_mixin.py:109} INFO - [2022-05-19 00:04:05,311] {dagbag.py:500} INFO - Filling up the DagBag from /home/airflow/.local/lib/python3.8/site-packages/airflow/example_dags/example_branch_labels.py
[2022-05-19 00:04:05,337] {processor.py:654} INFO - DAG(s) dict_keys(['example_branch_labels']) retrieved from /home/airflow/.local/lib/python3.8/site-packages/airflow/example_dags/example_branch_labels.py
[2022-05-19 00:04:05,347] {logging_mixin.py:109} INFO - [2022-05-19 00:04:05,347] {dag.py:2398} INFO - Sync 1 DAGs
[2022-05-19 00:04:05,362] {logging_mixin.py:109} INFO - [2022-05-19 00:04:05,362] {dag.py:2937} INFO - Setting next_dagrun for example_branch_labels to 2022-05-18 00:00:00+00:00
[2022-05-19 00:04:05,397] {processor.py:171} INFO - Processing /home/airflow/.local/lib/python3.8/site-packages/airflow/example_dags/example_branch_labels.py took 0.090 seconds
[2022-05-19 00:04:36,060] {processor.py:163} INFO - Started process (PID=6839) to work on /home/airflow/.local/lib/python3.8/site-packages/airflow/example_dags/example_branch_labels.py
[2022-05-19 00:04:36,061] {processor.py:642} INFO - Processing file /home/airflow/.local/lib/python3.8/site-packages/airflow/example_dags/example_branch_labels.py for tasks to queue
[2022-05-19 00:04:36,061] {logging_mixin.py:109} INFO - [2022-05-19 00:04:36,061] {dagbag.py:500} INFO - Filling up the DagBag from /home/airflow/.local/lib/python3.8/site-packages/airflow/example_dags/example_branch_labels.py
[2022-05-19 00:04:36,097] {processor.py:654} INFO - DAG(s) dict_keys(['example_branch_labels']) retrieved from /home/airflow/.local/lib/python3.8/site-packages/airflow/example_dags/example_branch_labels.py
[2022-05-19 00:04:36,107] {logging_mixin.py:109} INFO - [2022-05-19 00:04:36,107] {dag.py:2398} INFO - Sync 1 DAGs
[2022-05-19 00:04:36,123] {logging_mixin.py:109} INFO - [2022-05-19 00:04:36,123] {dag.py:2937} INFO - Setting next_dagrun for example_branch_labels to 2022-05-18 00:00:00+00:00
[2022-05-19 00:04:36,135] {processor.py:171} INFO - Processing /home/airflow/.local/lib/python3.8/site-packages/airflow/example_dags/example_branch_labels.py took 0.077 seconds
[2022-05-19 00:05:06,256] {processor.py:163} INFO - Started process (PID=6924) to work on /home/airflow/.local/lib/python3.8/site-packages/airflow/example_dags/example_branch_labels.py
[2022-05-19 00:05:06,257] {processor.py:642} INFO - Processing file /home/airflow/.local/lib/python3.8/site-packages/airflow/example_dags/example_branch_labels.py for tasks to queue
[2022-05-19 00:05:06,258] {logging_mixin.py:109} INFO - [2022-05-19 00:05:06,258] {dagbag.py:500} INFO - Filling up the DagBag from /home/airflow/.local/lib/python3.8/site-packages/airflow/example_dags/example_branch_labels.py
[2022-05-19 00:05:06,286] {processor.py:654} INFO - DAG(s) dict_keys(['example_branch_labels']) retrieved from /home/airflow/.local/lib/python3.8/site-packages/airflow/example_dags/example_branch_labels.py
[2022-05-19 00:05:06,296] {logging_mixin.py:109} INFO - [2022-05-19 00:05:06,295] {dag.py:2398} INFO - Sync 1 DAGs
[2022-05-19 00:05:06,312] {logging_mixin.py:109} INFO - [2022-05-19 00:05:06,311] {dag.py:2937} INFO - Setting next_dagrun for example_branch_labels to 2022-05-18 00:00:00+00:00
[2022-05-19 00:05:06,322] {processor.py:171} INFO - Processing /home/airflow/.local/lib/python3.8/site-packages/airflow/example_dags/example_branch_labels.py took 0.068 seconds
[2022-05-19 00:05:36,958] {processor.py:163} INFO - Started process (PID=7036) to work on /home/airflow/.local/lib/python3.8/site-packages/airflow/example_dags/example_branch_labels.py
[2022-05-19 00:05:36,959] {processor.py:642} INFO - Processing file /home/airflow/.local/lib/python3.8/site-packages/airflow/example_dags/example_branch_labels.py for tasks to queue
[2022-05-19 00:05:36,960] {logging_mixin.py:109} INFO - [2022-05-19 00:05:36,960] {dagbag.py:500} INFO - Filling up the DagBag from /home/airflow/.local/lib/python3.8/site-packages/airflow/example_dags/example_branch_labels.py
[2022-05-19 00:05:36,990] {processor.py:654} INFO - DAG(s) dict_keys(['example_branch_labels']) retrieved from /home/airflow/.local/lib/python3.8/site-packages/airflow/example_dags/example_branch_labels.py
[2022-05-19 00:05:37,000] {logging_mixin.py:109} INFO - [2022-05-19 00:05:37,000] {dag.py:2398} INFO - Sync 1 DAGs
[2022-05-19 00:05:37,020] {logging_mixin.py:109} INFO - [2022-05-19 00:05:37,020] {dag.py:2937} INFO - Setting next_dagrun for example_branch_labels to 2022-05-18 00:00:00+00:00
[2022-05-19 00:05:37,032] {processor.py:171} INFO - Processing /home/airflow/.local/lib/python3.8/site-packages/airflow/example_dags/example_branch_labels.py took 0.077 seconds
[2022-05-19 00:06:07,464] {processor.py:163} INFO - Started process (PID=7119) to work on /home/airflow/.local/lib/python3.8/site-packages/airflow/example_dags/example_branch_labels.py
[2022-05-19 00:06:07,466] {processor.py:642} INFO - Processing file /home/airflow/.local/lib/python3.8/site-packages/airflow/example_dags/example_branch_labels.py for tasks to queue
[2022-05-19 00:06:07,466] {logging_mixin.py:109} INFO - [2022-05-19 00:06:07,466] {dagbag.py:500} INFO - Filling up the DagBag from /home/airflow/.local/lib/python3.8/site-packages/airflow/example_dags/example_branch_labels.py
[2022-05-19 00:06:07,499] {processor.py:654} INFO - DAG(s) dict_keys(['example_branch_labels']) retrieved from /home/airflow/.local/lib/python3.8/site-packages/airflow/example_dags/example_branch_labels.py
[2022-05-19 00:06:07,507] {logging_mixin.py:109} INFO - [2022-05-19 00:06:07,507] {dag.py:2398} INFO - Sync 1 DAGs
[2022-05-19 00:06:07,521] {logging_mixin.py:109} INFO - [2022-05-19 00:06:07,521] {dag.py:2937} INFO - Setting next_dagrun for example_branch_labels to 2022-05-18 00:00:00+00:00
[2022-05-19 00:06:07,530] {processor.py:171} INFO - Processing /home/airflow/.local/lib/python3.8/site-packages/airflow/example_dags/example_branch_labels.py took 0.069 seconds
[2022-05-19 00:06:38,147] {processor.py:163} INFO - Started process (PID=7186) to work on /home/airflow/.local/lib/python3.8/site-packages/airflow/example_dags/example_branch_labels.py
[2022-05-19 00:06:38,148] {processor.py:642} INFO - Processing file /home/airflow/.local/lib/python3.8/site-packages/airflow/example_dags/example_branch_labels.py for tasks to queue
[2022-05-19 00:06:38,149] {logging_mixin.py:109} INFO - [2022-05-19 00:06:38,149] {dagbag.py:500} INFO - Filling up the DagBag from /home/airflow/.local/lib/python3.8/site-packages/airflow/example_dags/example_branch_labels.py
[2022-05-19 00:06:38,217] {processor.py:654} INFO - DAG(s) dict_keys(['example_branch_labels']) retrieved from /home/airflow/.local/lib/python3.8/site-packages/airflow/example_dags/example_branch_labels.py
[2022-05-19 00:06:38,239] {logging_mixin.py:109} INFO - [2022-05-19 00:06:38,238] {dag.py:2398} INFO - Sync 1 DAGs
[2022-05-19 00:06:38,270] {logging_mixin.py:109} INFO - [2022-05-19 00:06:38,270] {dag.py:2937} INFO - Setting next_dagrun for example_branch_labels to 2022-05-18 00:00:00+00:00
[2022-05-19 00:06:38,281] {processor.py:171} INFO - Processing /home/airflow/.local/lib/python3.8/site-packages/airflow/example_dags/example_branch_labels.py took 0.138 seconds
[2022-05-19 00:07:08,485] {processor.py:163} INFO - Started process (PID=7279) to work on /home/airflow/.local/lib/python3.8/site-packages/airflow/example_dags/example_branch_labels.py
[2022-05-19 00:07:08,486] {processor.py:642} INFO - Processing file /home/airflow/.local/lib/python3.8/site-packages/airflow/example_dags/example_branch_labels.py for tasks to queue
[2022-05-19 00:07:08,487] {logging_mixin.py:109} INFO - [2022-05-19 00:07:08,487] {dagbag.py:500} INFO - Filling up the DagBag from /home/airflow/.local/lib/python3.8/site-packages/airflow/example_dags/example_branch_labels.py
[2022-05-19 00:07:08,519] {processor.py:654} INFO - DAG(s) dict_keys(['example_branch_labels']) retrieved from /home/airflow/.local/lib/python3.8/site-packages/airflow/example_dags/example_branch_labels.py
[2022-05-19 00:07:08,528] {logging_mixin.py:109} INFO - [2022-05-19 00:07:08,528] {dag.py:2398} INFO - Sync 1 DAGs
[2022-05-19 00:07:08,544] {logging_mixin.py:109} INFO - [2022-05-19 00:07:08,544] {dag.py:2937} INFO - Setting next_dagrun for example_branch_labels to 2022-05-18 00:00:00+00:00
[2022-05-19 00:07:08,555] {processor.py:171} INFO - Processing /home/airflow/.local/lib/python3.8/site-packages/airflow/example_dags/example_branch_labels.py took 0.071 seconds
[2022-05-19 00:07:39,258] {processor.py:163} INFO - Started process (PID=7364) to work on /home/airflow/.local/lib/python3.8/site-packages/airflow/example_dags/example_branch_labels.py
[2022-05-19 00:07:39,260] {processor.py:642} INFO - Processing file /home/airflow/.local/lib/python3.8/site-packages/airflow/example_dags/example_branch_labels.py for tasks to queue
[2022-05-19 00:07:39,260] {logging_mixin.py:109} INFO - [2022-05-19 00:07:39,260] {dagbag.py:500} INFO - Filling up the DagBag from /home/airflow/.local/lib/python3.8/site-packages/airflow/example_dags/example_branch_labels.py
[2022-05-19 00:07:39,298] {processor.py:654} INFO - DAG(s) dict_keys(['example_branch_labels']) retrieved from /home/airflow/.local/lib/python3.8/site-packages/airflow/example_dags/example_branch_labels.py
[2022-05-19 00:07:39,310] {logging_mixin.py:109} INFO - [2022-05-19 00:07:39,310] {dag.py:2398} INFO - Sync 1 DAGs
[2022-05-19 00:07:39,335] {logging_mixin.py:109} INFO - [2022-05-19 00:07:39,335] {dag.py:2937} INFO - Setting next_dagrun for example_branch_labels to 2022-05-18 00:00:00+00:00
[2022-05-19 00:07:39,346] {processor.py:171} INFO - Processing /home/airflow/.local/lib/python3.8/site-packages/airflow/example_dags/example_branch_labels.py took 0.090 seconds
[2022-05-19 00:08:10,069] {processor.py:163} INFO - Started process (PID=7456) to work on /home/airflow/.local/lib/python3.8/site-packages/airflow/example_dags/example_branch_labels.py
[2022-05-19 00:08:10,070] {processor.py:642} INFO - Processing file /home/airflow/.local/lib/python3.8/site-packages/airflow/example_dags/example_branch_labels.py for tasks to queue
[2022-05-19 00:08:10,071] {logging_mixin.py:109} INFO - [2022-05-19 00:08:10,071] {dagbag.py:500} INFO - Filling up the DagBag from /home/airflow/.local/lib/python3.8/site-packages/airflow/example_dags/example_branch_labels.py
[2022-05-19 00:08:10,106] {processor.py:654} INFO - DAG(s) dict_keys(['example_branch_labels']) retrieved from /home/airflow/.local/lib/python3.8/site-packages/airflow/example_dags/example_branch_labels.py
[2022-05-19 00:08:10,117] {logging_mixin.py:109} INFO - [2022-05-19 00:08:10,117] {dag.py:2398} INFO - Sync 1 DAGs
[2022-05-19 00:08:10,137] {logging_mixin.py:109} INFO - [2022-05-19 00:08:10,137] {dag.py:2937} INFO - Setting next_dagrun for example_branch_labels to 2022-05-18 00:00:00+00:00
[2022-05-19 00:08:10,152] {processor.py:171} INFO - Processing /home/airflow/.local/lib/python3.8/site-packages/airflow/example_dags/example_branch_labels.py took 0.085 seconds
[2022-05-19 00:08:40,681] {processor.py:163} INFO - Started process (PID=7543) to work on /home/airflow/.local/lib/python3.8/site-packages/airflow/example_dags/example_branch_labels.py
[2022-05-19 00:08:40,682] {processor.py:642} INFO - Processing file /home/airflow/.local/lib/python3.8/site-packages/airflow/example_dags/example_branch_labels.py for tasks to queue
[2022-05-19 00:08:40,683] {logging_mixin.py:109} INFO - [2022-05-19 00:08:40,682] {dagbag.py:500} INFO - Filling up the DagBag from /home/airflow/.local/lib/python3.8/site-packages/airflow/example_dags/example_branch_labels.py
[2022-05-19 00:08:40,718] {processor.py:654} INFO - DAG(s) dict_keys(['example_branch_labels']) retrieved from /home/airflow/.local/lib/python3.8/site-packages/airflow/example_dags/example_branch_labels.py
[2022-05-19 00:08:40,730] {logging_mixin.py:109} INFO - [2022-05-19 00:08:40,730] {dag.py:2398} INFO - Sync 1 DAGs
[2022-05-19 00:08:40,750] {logging_mixin.py:109} INFO - [2022-05-19 00:08:40,749] {dag.py:2937} INFO - Setting next_dagrun for example_branch_labels to 2022-05-18 00:00:00+00:00
[2022-05-19 00:08:40,760] {processor.py:171} INFO - Processing /home/airflow/.local/lib/python3.8/site-packages/airflow/example_dags/example_branch_labels.py took 0.081 seconds
[2022-05-19 00:09:11,182] {processor.py:163} INFO - Started process (PID=7629) to work on /home/airflow/.local/lib/python3.8/site-packages/airflow/example_dags/example_branch_labels.py
[2022-05-19 00:09:11,183] {processor.py:642} INFO - Processing file /home/airflow/.local/lib/python3.8/site-packages/airflow/example_dags/example_branch_labels.py for tasks to queue
[2022-05-19 00:09:11,183] {logging_mixin.py:109} INFO - [2022-05-19 00:09:11,183] {dagbag.py:500} INFO - Filling up the DagBag from /home/airflow/.local/lib/python3.8/site-packages/airflow/example_dags/example_branch_labels.py
[2022-05-19 00:09:11,217] {processor.py:654} INFO - DAG(s) dict_keys(['example_branch_labels']) retrieved from /home/airflow/.local/lib/python3.8/site-packages/airflow/example_dags/example_branch_labels.py
[2022-05-19 00:09:11,233] {logging_mixin.py:109} INFO - [2022-05-19 00:09:11,233] {dag.py:2398} INFO - Sync 1 DAGs
[2022-05-19 00:09:11,261] {logging_mixin.py:109} INFO - [2022-05-19 00:09:11,261] {dag.py:2937} INFO - Setting next_dagrun for example_branch_labels to 2022-05-18 00:00:00+00:00
[2022-05-19 00:09:11,274] {processor.py:171} INFO - Processing /home/airflow/.local/lib/python3.8/site-packages/airflow/example_dags/example_branch_labels.py took 0.094 seconds
[2022-05-19 00:09:41,552] {processor.py:163} INFO - Started process (PID=7721) to work on /home/airflow/.local/lib/python3.8/site-packages/airflow/example_dags/example_branch_labels.py
[2022-05-19 00:09:41,553] {processor.py:642} INFO - Processing file /home/airflow/.local/lib/python3.8/site-packages/airflow/example_dags/example_branch_labels.py for tasks to queue
[2022-05-19 00:09:41,554] {logging_mixin.py:109} INFO - [2022-05-19 00:09:41,554] {dagbag.py:500} INFO - Filling up the DagBag from /home/airflow/.local/lib/python3.8/site-packages/airflow/example_dags/example_branch_labels.py
[2022-05-19 00:09:41,579] {processor.py:654} INFO - DAG(s) dict_keys(['example_branch_labels']) retrieved from /home/airflow/.local/lib/python3.8/site-packages/airflow/example_dags/example_branch_labels.py
[2022-05-19 00:09:41,591] {logging_mixin.py:109} INFO - [2022-05-19 00:09:41,590] {dag.py:2398} INFO - Sync 1 DAGs
[2022-05-19 00:09:41,606] {logging_mixin.py:109} INFO - [2022-05-19 00:09:41,606] {dag.py:2937} INFO - Setting next_dagrun for example_branch_labels to 2022-05-18 00:00:00+00:00
[2022-05-19 00:09:41,616] {processor.py:171} INFO - Processing /home/airflow/.local/lib/python3.8/site-packages/airflow/example_dags/example_branch_labels.py took 0.066 seconds
[2022-05-19 00:10:12,095] {processor.py:163} INFO - Started process (PID=7823) to work on /home/airflow/.local/lib/python3.8/site-packages/airflow/example_dags/example_branch_labels.py
[2022-05-19 00:10:12,096] {processor.py:642} INFO - Processing file /home/airflow/.local/lib/python3.8/site-packages/airflow/example_dags/example_branch_labels.py for tasks to queue
[2022-05-19 00:10:12,097] {logging_mixin.py:109} INFO - [2022-05-19 00:10:12,096] {dagbag.py:500} INFO - Filling up the DagBag from /home/airflow/.local/lib/python3.8/site-packages/airflow/example_dags/example_branch_labels.py
[2022-05-19 00:10:12,122] {processor.py:654} INFO - DAG(s) dict_keys(['example_branch_labels']) retrieved from /home/airflow/.local/lib/python3.8/site-packages/airflow/example_dags/example_branch_labels.py
[2022-05-19 00:10:12,134] {logging_mixin.py:109} INFO - [2022-05-19 00:10:12,134] {dag.py:2398} INFO - Sync 1 DAGs
[2022-05-19 00:10:12,152] {logging_mixin.py:109} INFO - [2022-05-19 00:10:12,152] {dag.py:2937} INFO - Setting next_dagrun for example_branch_labels to 2022-05-18 00:00:00+00:00
[2022-05-19 00:10:12,162] {processor.py:171} INFO - Processing /home/airflow/.local/lib/python3.8/site-packages/airflow/example_dags/example_branch_labels.py took 0.070 seconds
[2022-05-19 00:10:42,472] {processor.py:163} INFO - Started process (PID=7908) to work on /home/airflow/.local/lib/python3.8/site-packages/airflow/example_dags/example_branch_labels.py
[2022-05-19 00:10:42,473] {processor.py:642} INFO - Processing file /home/airflow/.local/lib/python3.8/site-packages/airflow/example_dags/example_branch_labels.py for tasks to queue
[2022-05-19 00:10:42,474] {logging_mixin.py:109} INFO - [2022-05-19 00:10:42,474] {dagbag.py:500} INFO - Filling up the DagBag from /home/airflow/.local/lib/python3.8/site-packages/airflow/example_dags/example_branch_labels.py
[2022-05-19 00:10:42,503] {processor.py:654} INFO - DAG(s) dict_keys(['example_branch_labels']) retrieved from /home/airflow/.local/lib/python3.8/site-packages/airflow/example_dags/example_branch_labels.py
[2022-05-19 00:10:42,512] {logging_mixin.py:109} INFO - [2022-05-19 00:10:42,512] {dag.py:2398} INFO - Sync 1 DAGs
[2022-05-19 00:10:42,525] {logging_mixin.py:109} INFO - [2022-05-19 00:10:42,525] {dag.py:2937} INFO - Setting next_dagrun for example_branch_labels to 2022-05-18 00:00:00+00:00
[2022-05-19 00:10:42,535] {processor.py:171} INFO - Processing /home/airflow/.local/lib/python3.8/site-packages/airflow/example_dags/example_branch_labels.py took 0.065 seconds
[2022-05-19 00:11:13,071] {processor.py:163} INFO - Started process (PID=8000) to work on /home/airflow/.local/lib/python3.8/site-packages/airflow/example_dags/example_branch_labels.py
[2022-05-19 00:11:13,072] {processor.py:642} INFO - Processing file /home/airflow/.local/lib/python3.8/site-packages/airflow/example_dags/example_branch_labels.py for tasks to queue
[2022-05-19 00:11:13,073] {logging_mixin.py:109} INFO - [2022-05-19 00:11:13,072] {dagbag.py:500} INFO - Filling up the DagBag from /home/airflow/.local/lib/python3.8/site-packages/airflow/example_dags/example_branch_labels.py
[2022-05-19 00:11:13,111] {processor.py:654} INFO - DAG(s) dict_keys(['example_branch_labels']) retrieved from /home/airflow/.local/lib/python3.8/site-packages/airflow/example_dags/example_branch_labels.py
[2022-05-19 00:11:13,135] {logging_mixin.py:109} INFO - [2022-05-19 00:11:13,135] {dag.py:2398} INFO - Sync 1 DAGs
[2022-05-19 00:11:13,165] {logging_mixin.py:109} INFO - [2022-05-19 00:11:13,165] {dag.py:2937} INFO - Setting next_dagrun for example_branch_labels to 2022-05-18 00:00:00+00:00
[2022-05-19 00:11:13,181] {processor.py:171} INFO - Processing /home/airflow/.local/lib/python3.8/site-packages/airflow/example_dags/example_branch_labels.py took 0.114 seconds
[2022-05-19 00:11:43,997] {processor.py:163} INFO - Started process (PID=8139) to work on /home/airflow/.local/lib/python3.8/site-packages/airflow/example_dags/example_branch_labels.py
[2022-05-19 00:11:43,999] {processor.py:642} INFO - Processing file /home/airflow/.local/lib/python3.8/site-packages/airflow/example_dags/example_branch_labels.py for tasks to queue
[2022-05-19 00:11:43,999] {logging_mixin.py:109} INFO - [2022-05-19 00:11:43,999] {dagbag.py:500} INFO - Filling up the DagBag from /home/airflow/.local/lib/python3.8/site-packages/airflow/example_dags/example_branch_labels.py
[2022-05-19 00:11:44,034] {processor.py:654} INFO - DAG(s) dict_keys(['example_branch_labels']) retrieved from /home/airflow/.local/lib/python3.8/site-packages/airflow/example_dags/example_branch_labels.py
[2022-05-19 00:11:44,044] {logging_mixin.py:109} INFO - [2022-05-19 00:11:44,044] {dag.py:2398} INFO - Sync 1 DAGs
[2022-05-19 00:11:44,062] {logging_mixin.py:109} INFO - [2022-05-19 00:11:44,061] {dag.py:2937} INFO - Setting next_dagrun for example_branch_labels to 2022-05-18 00:00:00+00:00
[2022-05-19 00:11:44,074] {processor.py:171} INFO - Processing /home/airflow/.local/lib/python3.8/site-packages/airflow/example_dags/example_branch_labels.py took 0.078 seconds
[2022-05-19 00:12:14,376] {processor.py:163} INFO - Started process (PID=8224) to work on /home/airflow/.local/lib/python3.8/site-packages/airflow/example_dags/example_branch_labels.py
[2022-05-19 00:12:14,377] {processor.py:642} INFO - Processing file /home/airflow/.local/lib/python3.8/site-packages/airflow/example_dags/example_branch_labels.py for tasks to queue
[2022-05-19 00:12:14,378] {logging_mixin.py:109} INFO - [2022-05-19 00:12:14,377] {dagbag.py:500} INFO - Filling up the DagBag from /home/airflow/.local/lib/python3.8/site-packages/airflow/example_dags/example_branch_labels.py
[2022-05-19 00:12:14,409] {processor.py:654} INFO - DAG(s) dict_keys(['example_branch_labels']) retrieved from /home/airflow/.local/lib/python3.8/site-packages/airflow/example_dags/example_branch_labels.py
[2022-05-19 00:12:14,421] {logging_mixin.py:109} INFO - [2022-05-19 00:12:14,420] {dag.py:2398} INFO - Sync 1 DAGs
[2022-05-19 00:12:14,439] {logging_mixin.py:109} INFO - [2022-05-19 00:12:14,439] {dag.py:2937} INFO - Setting next_dagrun for example_branch_labels to 2022-05-18 00:00:00+00:00
[2022-05-19 00:12:14,450] {processor.py:171} INFO - Processing /home/airflow/.local/lib/python3.8/site-packages/airflow/example_dags/example_branch_labels.py took 0.076 seconds
[2022-05-19 00:12:45,000] {processor.py:163} INFO - Started process (PID=8317) to work on /home/airflow/.local/lib/python3.8/site-packages/airflow/example_dags/example_branch_labels.py
[2022-05-19 00:12:45,001] {processor.py:642} INFO - Processing file /home/airflow/.local/lib/python3.8/site-packages/airflow/example_dags/example_branch_labels.py for tasks to queue
[2022-05-19 00:12:45,002] {logging_mixin.py:109} INFO - [2022-05-19 00:12:45,002] {dagbag.py:500} INFO - Filling up the DagBag from /home/airflow/.local/lib/python3.8/site-packages/airflow/example_dags/example_branch_labels.py
[2022-05-19 00:12:45,041] {processor.py:654} INFO - DAG(s) dict_keys(['example_branch_labels']) retrieved from /home/airflow/.local/lib/python3.8/site-packages/airflow/example_dags/example_branch_labels.py
[2022-05-19 00:12:45,065] {logging_mixin.py:109} INFO - [2022-05-19 00:12:45,065] {dag.py:2398} INFO - Sync 1 DAGs
[2022-05-19 00:12:45,094] {logging_mixin.py:109} INFO - [2022-05-19 00:12:45,094] {dag.py:2937} INFO - Setting next_dagrun for example_branch_labels to 2022-05-18 00:00:00+00:00
[2022-05-19 00:12:45,110] {processor.py:171} INFO - Processing /home/airflow/.local/lib/python3.8/site-packages/airflow/example_dags/example_branch_labels.py took 0.111 seconds
[2022-05-19 00:13:16,053] {processor.py:163} INFO - Started process (PID=8402) to work on /home/airflow/.local/lib/python3.8/site-packages/airflow/example_dags/example_branch_labels.py
[2022-05-19 00:13:16,054] {processor.py:642} INFO - Processing file /home/airflow/.local/lib/python3.8/site-packages/airflow/example_dags/example_branch_labels.py for tasks to queue
[2022-05-19 00:13:16,055] {logging_mixin.py:109} INFO - [2022-05-19 00:13:16,054] {dagbag.py:500} INFO - Filling up the DagBag from /home/airflow/.local/lib/python3.8/site-packages/airflow/example_dags/example_branch_labels.py
[2022-05-19 00:13:16,087] {processor.py:654} INFO - DAG(s) dict_keys(['example_branch_labels']) retrieved from /home/airflow/.local/lib/python3.8/site-packages/airflow/example_dags/example_branch_labels.py
[2022-05-19 00:13:16,100] {logging_mixin.py:109} INFO - [2022-05-19 00:13:16,100] {dag.py:2398} INFO - Sync 1 DAGs
[2022-05-19 00:13:16,118] {logging_mixin.py:109} INFO - [2022-05-19 00:13:16,118] {dag.py:2937} INFO - Setting next_dagrun for example_branch_labels to 2022-05-18 00:00:00+00:00
[2022-05-19 00:13:16,130] {processor.py:171} INFO - Processing /home/airflow/.local/lib/python3.8/site-packages/airflow/example_dags/example_branch_labels.py took 0.080 seconds
[2022-05-19 00:13:46,428] {processor.py:163} INFO - Started process (PID=8486) to work on /home/airflow/.local/lib/python3.8/site-packages/airflow/example_dags/example_branch_labels.py
[2022-05-19 00:13:46,429] {processor.py:642} INFO - Processing file /home/airflow/.local/lib/python3.8/site-packages/airflow/example_dags/example_branch_labels.py for tasks to queue
[2022-05-19 00:13:46,430] {logging_mixin.py:109} INFO - [2022-05-19 00:13:46,430] {dagbag.py:500} INFO - Filling up the DagBag from /home/airflow/.local/lib/python3.8/site-packages/airflow/example_dags/example_branch_labels.py
[2022-05-19 00:13:46,464] {processor.py:654} INFO - DAG(s) dict_keys(['example_branch_labels']) retrieved from /home/airflow/.local/lib/python3.8/site-packages/airflow/example_dags/example_branch_labels.py
[2022-05-19 00:13:46,474] {logging_mixin.py:109} INFO - [2022-05-19 00:13:46,474] {dag.py:2398} INFO - Sync 1 DAGs
[2022-05-19 00:13:46,492] {logging_mixin.py:109} INFO - [2022-05-19 00:13:46,492] {dag.py:2937} INFO - Setting next_dagrun for example_branch_labels to 2022-05-18 00:00:00+00:00
[2022-05-19 00:13:46,504] {processor.py:171} INFO - Processing /home/airflow/.local/lib/python3.8/site-packages/airflow/example_dags/example_branch_labels.py took 0.078 seconds
[2022-05-19 00:14:17,132] {processor.py:163} INFO - Started process (PID=8594) to work on /home/airflow/.local/lib/python3.8/site-packages/airflow/example_dags/example_branch_labels.py
[2022-05-19 00:14:17,133] {processor.py:642} INFO - Processing file /home/airflow/.local/lib/python3.8/site-packages/airflow/example_dags/example_branch_labels.py for tasks to queue
[2022-05-19 00:14:17,133] {logging_mixin.py:109} INFO - [2022-05-19 00:14:17,133] {dagbag.py:500} INFO - Filling up the DagBag from /home/airflow/.local/lib/python3.8/site-packages/airflow/example_dags/example_branch_labels.py
[2022-05-19 00:14:17,163] {processor.py:654} INFO - DAG(s) dict_keys(['example_branch_labels']) retrieved from /home/airflow/.local/lib/python3.8/site-packages/airflow/example_dags/example_branch_labels.py
[2022-05-19 00:14:17,174] {logging_mixin.py:109} INFO - [2022-05-19 00:14:17,173] {dag.py:2398} INFO - Sync 1 DAGs
[2022-05-19 00:14:17,189] {logging_mixin.py:109} INFO - [2022-05-19 00:14:17,189] {dag.py:2937} INFO - Setting next_dagrun for example_branch_labels to 2022-05-18 00:00:00+00:00
[2022-05-19 00:14:17,199] {processor.py:171} INFO - Processing /home/airflow/.local/lib/python3.8/site-packages/airflow/example_dags/example_branch_labels.py took 0.069 seconds
[2022-05-19 00:14:47,697] {processor.py:163} INFO - Started process (PID=8675) to work on /home/airflow/.local/lib/python3.8/site-packages/airflow/example_dags/example_branch_labels.py
[2022-05-19 00:14:47,699] {processor.py:642} INFO - Processing file /home/airflow/.local/lib/python3.8/site-packages/airflow/example_dags/example_branch_labels.py for tasks to queue
[2022-05-19 00:14:47,699] {logging_mixin.py:109} INFO - [2022-05-19 00:14:47,699] {dagbag.py:500} INFO - Filling up the DagBag from /home/airflow/.local/lib/python3.8/site-packages/airflow/example_dags/example_branch_labels.py
[2022-05-19 00:14:47,730] {processor.py:654} INFO - DAG(s) dict_keys(['example_branch_labels']) retrieved from /home/airflow/.local/lib/python3.8/site-packages/airflow/example_dags/example_branch_labels.py
[2022-05-19 00:14:47,740] {logging_mixin.py:109} INFO - [2022-05-19 00:14:47,740] {dag.py:2398} INFO - Sync 1 DAGs
[2022-05-19 00:14:47,756] {logging_mixin.py:109} INFO - [2022-05-19 00:14:47,756] {dag.py:2937} INFO - Setting next_dagrun for example_branch_labels to 2022-05-18 00:00:00+00:00
[2022-05-19 00:14:47,767] {processor.py:171} INFO - Processing /home/airflow/.local/lib/python3.8/site-packages/airflow/example_dags/example_branch_labels.py took 0.073 seconds
[2022-05-19 00:15:18,079] {processor.py:163} INFO - Started process (PID=8758) to work on /home/airflow/.local/lib/python3.8/site-packages/airflow/example_dags/example_branch_labels.py
[2022-05-19 00:15:18,079] {processor.py:642} INFO - Processing file /home/airflow/.local/lib/python3.8/site-packages/airflow/example_dags/example_branch_labels.py for tasks to queue
[2022-05-19 00:15:18,080] {logging_mixin.py:109} INFO - [2022-05-19 00:15:18,080] {dagbag.py:500} INFO - Filling up the DagBag from /home/airflow/.local/lib/python3.8/site-packages/airflow/example_dags/example_branch_labels.py
[2022-05-19 00:15:18,127] {processor.py:654} INFO - DAG(s) dict_keys(['example_branch_labels']) retrieved from /home/airflow/.local/lib/python3.8/site-packages/airflow/example_dags/example_branch_labels.py
[2022-05-19 00:15:18,138] {logging_mixin.py:109} INFO - [2022-05-19 00:15:18,138] {dag.py:2398} INFO - Sync 1 DAGs
[2022-05-19 00:15:18,157] {logging_mixin.py:109} INFO - [2022-05-19 00:15:18,157] {dag.py:2937} INFO - Setting next_dagrun for example_branch_labels to 2022-05-18 00:00:00+00:00
[2022-05-19 00:15:18,170] {processor.py:171} INFO - Processing /home/airflow/.local/lib/python3.8/site-packages/airflow/example_dags/example_branch_labels.py took 0.095 seconds
[2022-05-19 00:15:48,628] {processor.py:163} INFO - Started process (PID=8870) to work on /home/airflow/.local/lib/python3.8/site-packages/airflow/example_dags/example_branch_labels.py
[2022-05-19 00:15:48,630] {processor.py:642} INFO - Processing file /home/airflow/.local/lib/python3.8/site-packages/airflow/example_dags/example_branch_labels.py for tasks to queue
[2022-05-19 00:15:48,630] {logging_mixin.py:109} INFO - [2022-05-19 00:15:48,630] {dagbag.py:500} INFO - Filling up the DagBag from /home/airflow/.local/lib/python3.8/site-packages/airflow/example_dags/example_branch_labels.py
[2022-05-19 00:15:48,662] {processor.py:654} INFO - DAG(s) dict_keys(['example_branch_labels']) retrieved from /home/airflow/.local/lib/python3.8/site-packages/airflow/example_dags/example_branch_labels.py
[2022-05-19 00:15:48,673] {logging_mixin.py:109} INFO - [2022-05-19 00:15:48,672] {dag.py:2398} INFO - Sync 1 DAGs
[2022-05-19 00:15:48,695] {logging_mixin.py:109} INFO - [2022-05-19 00:15:48,695] {dag.py:2937} INFO - Setting next_dagrun for example_branch_labels to 2022-05-18 00:00:00+00:00
[2022-05-19 00:15:48,780] {processor.py:171} INFO - Processing /home/airflow/.local/lib/python3.8/site-packages/airflow/example_dags/example_branch_labels.py took 0.154 seconds
[2022-05-19 00:16:19,050] {processor.py:163} INFO - Started process (PID=8954) to work on /home/airflow/.local/lib/python3.8/site-packages/airflow/example_dags/example_branch_labels.py
[2022-05-19 00:16:19,051] {processor.py:642} INFO - Processing file /home/airflow/.local/lib/python3.8/site-packages/airflow/example_dags/example_branch_labels.py for tasks to queue
[2022-05-19 00:16:19,051] {logging_mixin.py:109} INFO - [2022-05-19 00:16:19,051] {dagbag.py:500} INFO - Filling up the DagBag from /home/airflow/.local/lib/python3.8/site-packages/airflow/example_dags/example_branch_labels.py
[2022-05-19 00:16:19,088] {processor.py:654} INFO - DAG(s) dict_keys(['example_branch_labels']) retrieved from /home/airflow/.local/lib/python3.8/site-packages/airflow/example_dags/example_branch_labels.py
[2022-05-19 00:16:19,101] {logging_mixin.py:109} INFO - [2022-05-19 00:16:19,101] {dag.py:2398} INFO - Sync 1 DAGs
[2022-05-19 00:16:19,212] {logging_mixin.py:109} INFO - [2022-05-19 00:16:19,212] {dag.py:2937} INFO - Setting next_dagrun for example_branch_labels to 2022-05-18 00:00:00+00:00
[2022-05-19 00:16:19,224] {processor.py:171} INFO - Processing /home/airflow/.local/lib/python3.8/site-packages/airflow/example_dags/example_branch_labels.py took 0.177 seconds
[2022-05-19 00:16:49,448] {processor.py:163} INFO - Started process (PID=9038) to work on /home/airflow/.local/lib/python3.8/site-packages/airflow/example_dags/example_branch_labels.py
[2022-05-19 00:16:49,450] {processor.py:642} INFO - Processing file /home/airflow/.local/lib/python3.8/site-packages/airflow/example_dags/example_branch_labels.py for tasks to queue
[2022-05-19 00:16:49,451] {logging_mixin.py:109} INFO - [2022-05-19 00:16:49,450] {dagbag.py:500} INFO - Filling up the DagBag from /home/airflow/.local/lib/python3.8/site-packages/airflow/example_dags/example_branch_labels.py
[2022-05-19 00:16:49,487] {processor.py:654} INFO - DAG(s) dict_keys(['example_branch_labels']) retrieved from /home/airflow/.local/lib/python3.8/site-packages/airflow/example_dags/example_branch_labels.py
[2022-05-19 00:16:49,502] {logging_mixin.py:109} INFO - [2022-05-19 00:16:49,502] {dag.py:2398} INFO - Sync 1 DAGs
[2022-05-19 00:16:49,680] {logging_mixin.py:109} INFO - [2022-05-19 00:16:49,679] {dag.py:2937} INFO - Setting next_dagrun for example_branch_labels to 2022-05-18 00:00:00+00:00
[2022-05-19 00:16:49,720] {processor.py:171} INFO - Processing /home/airflow/.local/lib/python3.8/site-packages/airflow/example_dags/example_branch_labels.py took 0.274 seconds
[2022-05-19 00:17:19,926] {processor.py:163} INFO - Started process (PID=9131) to work on /home/airflow/.local/lib/python3.8/site-packages/airflow/example_dags/example_branch_labels.py
[2022-05-19 00:17:19,927] {processor.py:642} INFO - Processing file /home/airflow/.local/lib/python3.8/site-packages/airflow/example_dags/example_branch_labels.py for tasks to queue
[2022-05-19 00:17:19,928] {logging_mixin.py:109} INFO - [2022-05-19 00:17:19,928] {dagbag.py:500} INFO - Filling up the DagBag from /home/airflow/.local/lib/python3.8/site-packages/airflow/example_dags/example_branch_labels.py
[2022-05-19 00:17:19,959] {processor.py:654} INFO - DAG(s) dict_keys(['example_branch_labels']) retrieved from /home/airflow/.local/lib/python3.8/site-packages/airflow/example_dags/example_branch_labels.py
[2022-05-19 00:17:19,973] {logging_mixin.py:109} INFO - [2022-05-19 00:17:19,972] {dag.py:2398} INFO - Sync 1 DAGs
[2022-05-19 00:17:20,119] {logging_mixin.py:109} INFO - [2022-05-19 00:17:20,119] {dag.py:2937} INFO - Setting next_dagrun for example_branch_labels to 2022-05-18 00:00:00+00:00
[2022-05-19 00:17:20,130] {processor.py:171} INFO - Processing /home/airflow/.local/lib/python3.8/site-packages/airflow/example_dags/example_branch_labels.py took 0.206 seconds
[2022-05-19 00:17:50,494] {processor.py:163} INFO - Started process (PID=9216) to work on /home/airflow/.local/lib/python3.8/site-packages/airflow/example_dags/example_branch_labels.py
[2022-05-19 00:17:50,495] {processor.py:642} INFO - Processing file /home/airflow/.local/lib/python3.8/site-packages/airflow/example_dags/example_branch_labels.py for tasks to queue
[2022-05-19 00:17:50,495] {logging_mixin.py:109} INFO - [2022-05-19 00:17:50,495] {dagbag.py:500} INFO - Filling up the DagBag from /home/airflow/.local/lib/python3.8/site-packages/airflow/example_dags/example_branch_labels.py
[2022-05-19 00:17:50,525] {processor.py:654} INFO - DAG(s) dict_keys(['example_branch_labels']) retrieved from /home/airflow/.local/lib/python3.8/site-packages/airflow/example_dags/example_branch_labels.py
[2022-05-19 00:17:50,615] {logging_mixin.py:109} INFO - [2022-05-19 00:17:50,615] {dag.py:2398} INFO - Sync 1 DAGs
[2022-05-19 00:17:50,631] {logging_mixin.py:109} INFO - [2022-05-19 00:17:50,630] {dag.py:2937} INFO - Setting next_dagrun for example_branch_labels to 2022-05-18 00:00:00+00:00
[2022-05-19 00:17:50,640] {processor.py:171} INFO - Processing /home/airflow/.local/lib/python3.8/site-packages/airflow/example_dags/example_branch_labels.py took 0.149 seconds
[2022-05-19 00:18:21,490] {processor.py:163} INFO - Started process (PID=9302) to work on /home/airflow/.local/lib/python3.8/site-packages/airflow/example_dags/example_branch_labels.py
[2022-05-19 00:18:21,491] {processor.py:642} INFO - Processing file /home/airflow/.local/lib/python3.8/site-packages/airflow/example_dags/example_branch_labels.py for tasks to queue
[2022-05-19 00:18:21,492] {logging_mixin.py:109} INFO - [2022-05-19 00:18:21,492] {dagbag.py:500} INFO - Filling up the DagBag from /home/airflow/.local/lib/python3.8/site-packages/airflow/example_dags/example_branch_labels.py
[2022-05-19 00:18:21,526] {processor.py:654} INFO - DAG(s) dict_keys(['example_branch_labels']) retrieved from /home/airflow/.local/lib/python3.8/site-packages/airflow/example_dags/example_branch_labels.py
[2022-05-19 00:18:21,651] {logging_mixin.py:109} INFO - [2022-05-19 00:18:21,651] {dag.py:2398} INFO - Sync 1 DAGs
[2022-05-19 00:18:21,671] {logging_mixin.py:109} INFO - [2022-05-19 00:18:21,671] {dag.py:2937} INFO - Setting next_dagrun for example_branch_labels to 2022-05-18 00:00:00+00:00
[2022-05-19 00:18:21,687] {processor.py:171} INFO - Processing /home/airflow/.local/lib/python3.8/site-packages/airflow/example_dags/example_branch_labels.py took 0.198 seconds
[2022-05-19 00:18:52,423] {processor.py:163} INFO - Started process (PID=9396) to work on /home/airflow/.local/lib/python3.8/site-packages/airflow/example_dags/example_branch_labels.py
[2022-05-19 00:18:52,424] {processor.py:642} INFO - Processing file /home/airflow/.local/lib/python3.8/site-packages/airflow/example_dags/example_branch_labels.py for tasks to queue
[2022-05-19 00:18:52,424] {logging_mixin.py:109} INFO - [2022-05-19 00:18:52,424] {dagbag.py:500} INFO - Filling up the DagBag from /home/airflow/.local/lib/python3.8/site-packages/airflow/example_dags/example_branch_labels.py
[2022-05-19 00:18:52,541] {processor.py:654} INFO - DAG(s) dict_keys(['example_branch_labels']) retrieved from /home/airflow/.local/lib/python3.8/site-packages/airflow/example_dags/example_branch_labels.py
[2022-05-19 00:18:52,550] {logging_mixin.py:109} INFO - [2022-05-19 00:18:52,550] {dag.py:2398} INFO - Sync 1 DAGs
[2022-05-19 00:18:52,564] {logging_mixin.py:109} INFO - [2022-05-19 00:18:52,564] {dag.py:2937} INFO - Setting next_dagrun for example_branch_labels to 2022-05-18 00:00:00+00:00
[2022-05-19 00:18:52,575] {processor.py:171} INFO - Processing /home/airflow/.local/lib/python3.8/site-packages/airflow/example_dags/example_branch_labels.py took 0.155 seconds
[2022-05-19 00:19:22,872] {processor.py:163} INFO - Started process (PID=9481) to work on /home/airflow/.local/lib/python3.8/site-packages/airflow/example_dags/example_branch_labels.py
[2022-05-19 00:19:22,873] {processor.py:642} INFO - Processing file /home/airflow/.local/lib/python3.8/site-packages/airflow/example_dags/example_branch_labels.py for tasks to queue
[2022-05-19 00:19:22,873] {logging_mixin.py:109} INFO - [2022-05-19 00:19:22,873] {dagbag.py:500} INFO - Filling up the DagBag from /home/airflow/.local/lib/python3.8/site-packages/airflow/example_dags/example_branch_labels.py
[2022-05-19 00:19:22,984] {processor.py:654} INFO - DAG(s) dict_keys(['example_branch_labels']) retrieved from /home/airflow/.local/lib/python3.8/site-packages/airflow/example_dags/example_branch_labels.py
[2022-05-19 00:19:22,992] {logging_mixin.py:109} INFO - [2022-05-19 00:19:22,992] {dag.py:2398} INFO - Sync 1 DAGs
[2022-05-19 00:19:23,007] {logging_mixin.py:109} INFO - [2022-05-19 00:19:23,007] {dag.py:2937} INFO - Setting next_dagrun for example_branch_labels to 2022-05-18 00:00:00+00:00
[2022-05-19 00:19:23,031] {processor.py:171} INFO - Processing /home/airflow/.local/lib/python3.8/site-packages/airflow/example_dags/example_branch_labels.py took 0.161 seconds
[2022-05-19 00:19:53,623] {processor.py:163} INFO - Started process (PID=9566) to work on /home/airflow/.local/lib/python3.8/site-packages/airflow/example_dags/example_branch_labels.py
[2022-05-19 00:19:53,624] {processor.py:642} INFO - Processing file /home/airflow/.local/lib/python3.8/site-packages/airflow/example_dags/example_branch_labels.py for tasks to queue
[2022-05-19 00:19:53,625] {logging_mixin.py:109} INFO - [2022-05-19 00:19:53,625] {dagbag.py:500} INFO - Filling up the DagBag from /home/airflow/.local/lib/python3.8/site-packages/airflow/example_dags/example_branch_labels.py
[2022-05-19 00:19:53,748] {processor.py:654} INFO - DAG(s) dict_keys(['example_branch_labels']) retrieved from /home/airflow/.local/lib/python3.8/site-packages/airflow/example_dags/example_branch_labels.py
[2022-05-19 00:19:53,758] {logging_mixin.py:109} INFO - [2022-05-19 00:19:53,758] {dag.py:2398} INFO - Sync 1 DAGs
[2022-05-19 00:19:53,773] {logging_mixin.py:109} INFO - [2022-05-19 00:19:53,773] {dag.py:2937} INFO - Setting next_dagrun for example_branch_labels to 2022-05-18 00:00:00+00:00
[2022-05-19 00:19:53,782] {processor.py:171} INFO - Processing /home/airflow/.local/lib/python3.8/site-packages/airflow/example_dags/example_branch_labels.py took 0.162 seconds
[2022-05-19 00:20:24,390] {processor.py:163} INFO - Started process (PID=9659) to work on /home/airflow/.local/lib/python3.8/site-packages/airflow/example_dags/example_branch_labels.py
[2022-05-19 00:20:24,391] {processor.py:642} INFO - Processing file /home/airflow/.local/lib/python3.8/site-packages/airflow/example_dags/example_branch_labels.py for tasks to queue
[2022-05-19 00:20:24,392] {logging_mixin.py:109} INFO - [2022-05-19 00:20:24,391] {dagbag.py:500} INFO - Filling up the DagBag from /home/airflow/.local/lib/python3.8/site-packages/airflow/example_dags/example_branch_labels.py
[2022-05-19 00:20:24,554] {processor.py:654} INFO - DAG(s) dict_keys(['example_branch_labels']) retrieved from /home/airflow/.local/lib/python3.8/site-packages/airflow/example_dags/example_branch_labels.py
[2022-05-19 00:20:24,573] {logging_mixin.py:109} INFO - [2022-05-19 00:20:24,572] {dag.py:2398} INFO - Sync 1 DAGs
[2022-05-19 00:20:24,594] {logging_mixin.py:109} INFO - [2022-05-19 00:20:24,594] {dag.py:2937} INFO - Setting next_dagrun for example_branch_labels to 2022-05-18 00:00:00+00:00
[2022-05-19 00:20:24,612] {processor.py:171} INFO - Processing /home/airflow/.local/lib/python3.8/site-packages/airflow/example_dags/example_branch_labels.py took 0.225 seconds
[2022-05-19 00:20:54,666] {processor.py:163} INFO - Started process (PID=9743) to work on /home/airflow/.local/lib/python3.8/site-packages/airflow/example_dags/example_branch_labels.py
[2022-05-19 00:20:54,668] {processor.py:642} INFO - Processing file /home/airflow/.local/lib/python3.8/site-packages/airflow/example_dags/example_branch_labels.py for tasks to queue
[2022-05-19 00:20:54,669] {logging_mixin.py:109} INFO - [2022-05-19 00:20:54,669] {dagbag.py:500} INFO - Filling up the DagBag from /home/airflow/.local/lib/python3.8/site-packages/airflow/example_dags/example_branch_labels.py
[2022-05-19 00:20:54,704] {processor.py:654} INFO - DAG(s) dict_keys(['example_branch_labels']) retrieved from /home/airflow/.local/lib/python3.8/site-packages/airflow/example_dags/example_branch_labels.py
[2022-05-19 00:20:54,716] {logging_mixin.py:109} INFO - [2022-05-19 00:20:54,716] {dag.py:2398} INFO - Sync 1 DAGs
[2022-05-19 00:20:54,735] {logging_mixin.py:109} INFO - [2022-05-19 00:20:54,735] {dag.py:2937} INFO - Setting next_dagrun for example_branch_labels to 2022-05-18 00:00:00+00:00
[2022-05-19 00:20:54,745] {processor.py:171} INFO - Processing /home/airflow/.local/lib/python3.8/site-packages/airflow/example_dags/example_branch_labels.py took 0.082 seconds
[2022-05-19 00:21:25,066] {processor.py:163} INFO - Started process (PID=9828) to work on /home/airflow/.local/lib/python3.8/site-packages/airflow/example_dags/example_branch_labels.py
[2022-05-19 00:21:25,067] {processor.py:642} INFO - Processing file /home/airflow/.local/lib/python3.8/site-packages/airflow/example_dags/example_branch_labels.py for tasks to queue
[2022-05-19 00:21:25,067] {logging_mixin.py:109} INFO - [2022-05-19 00:21:25,067] {dagbag.py:500} INFO - Filling up the DagBag from /home/airflow/.local/lib/python3.8/site-packages/airflow/example_dags/example_branch_labels.py
[2022-05-19 00:21:25,092] {processor.py:654} INFO - DAG(s) dict_keys(['example_branch_labels']) retrieved from /home/airflow/.local/lib/python3.8/site-packages/airflow/example_dags/example_branch_labels.py
[2022-05-19 00:21:25,101] {logging_mixin.py:109} INFO - [2022-05-19 00:21:25,101] {dag.py:2398} INFO - Sync 1 DAGs
[2022-05-19 00:21:25,114] {logging_mixin.py:109} INFO - [2022-05-19 00:21:25,114] {dag.py:2937} INFO - Setting next_dagrun for example_branch_labels to 2022-05-18 00:00:00+00:00
[2022-05-19 00:21:25,124] {processor.py:171} INFO - Processing /home/airflow/.local/lib/python3.8/site-packages/airflow/example_dags/example_branch_labels.py took 0.060 seconds
[2022-05-19 00:21:55,521] {processor.py:163} INFO - Started process (PID=9974) to work on /home/airflow/.local/lib/python3.8/site-packages/airflow/example_dags/example_branch_labels.py
[2022-05-19 00:21:55,522] {processor.py:642} INFO - Processing file /home/airflow/.local/lib/python3.8/site-packages/airflow/example_dags/example_branch_labels.py for tasks to queue
[2022-05-19 00:21:55,523] {logging_mixin.py:109} INFO - [2022-05-19 00:21:55,523] {dagbag.py:500} INFO - Filling up the DagBag from /home/airflow/.local/lib/python3.8/site-packages/airflow/example_dags/example_branch_labels.py
[2022-05-19 00:21:55,556] {processor.py:654} INFO - DAG(s) dict_keys(['example_branch_labels']) retrieved from /home/airflow/.local/lib/python3.8/site-packages/airflow/example_dags/example_branch_labels.py
[2022-05-19 00:21:55,569] {logging_mixin.py:109} INFO - [2022-05-19 00:21:55,569] {dag.py:2398} INFO - Sync 1 DAGs
[2022-05-19 00:21:55,593] {logging_mixin.py:109} INFO - [2022-05-19 00:21:55,593] {dag.py:2937} INFO - Setting next_dagrun for example_branch_labels to 2022-05-18 00:00:00+00:00
[2022-05-19 00:21:55,607] {processor.py:171} INFO - Processing /home/airflow/.local/lib/python3.8/site-packages/airflow/example_dags/example_branch_labels.py took 0.088 seconds
[2022-05-19 00:22:25,872] {processor.py:163} INFO - Started process (PID=10041) to work on /home/airflow/.local/lib/python3.8/site-packages/airflow/example_dags/example_branch_labels.py
[2022-05-19 00:22:25,873] {processor.py:642} INFO - Processing file /home/airflow/.local/lib/python3.8/site-packages/airflow/example_dags/example_branch_labels.py for tasks to queue
[2022-05-19 00:22:25,874] {logging_mixin.py:109} INFO - [2022-05-19 00:22:25,874] {dagbag.py:500} INFO - Filling up the DagBag from /home/airflow/.local/lib/python3.8/site-packages/airflow/example_dags/example_branch_labels.py
[2022-05-19 00:22:25,902] {processor.py:654} INFO - DAG(s) dict_keys(['example_branch_labels']) retrieved from /home/airflow/.local/lib/python3.8/site-packages/airflow/example_dags/example_branch_labels.py
[2022-05-19 00:22:25,913] {logging_mixin.py:109} INFO - [2022-05-19 00:22:25,913] {dag.py:2398} INFO - Sync 1 DAGs
[2022-05-19 00:22:25,928] {logging_mixin.py:109} INFO - [2022-05-19 00:22:25,928] {dag.py:2937} INFO - Setting next_dagrun for example_branch_labels to 2022-05-18 00:00:00+00:00
[2022-05-19 00:22:25,939] {processor.py:171} INFO - Processing /home/airflow/.local/lib/python3.8/site-packages/airflow/example_dags/example_branch_labels.py took 0.069 seconds
[2022-05-19 00:22:56,138] {processor.py:163} INFO - Started process (PID=10109) to work on /home/airflow/.local/lib/python3.8/site-packages/airflow/example_dags/example_branch_labels.py
[2022-05-19 00:22:56,139] {processor.py:642} INFO - Processing file /home/airflow/.local/lib/python3.8/site-packages/airflow/example_dags/example_branch_labels.py for tasks to queue
[2022-05-19 00:22:56,139] {logging_mixin.py:109} INFO - [2022-05-19 00:22:56,139] {dagbag.py:500} INFO - Filling up the DagBag from /home/airflow/.local/lib/python3.8/site-packages/airflow/example_dags/example_branch_labels.py
[2022-05-19 00:22:56,166] {processor.py:654} INFO - DAG(s) dict_keys(['example_branch_labels']) retrieved from /home/airflow/.local/lib/python3.8/site-packages/airflow/example_dags/example_branch_labels.py
[2022-05-19 00:22:56,176] {logging_mixin.py:109} INFO - [2022-05-19 00:22:56,176] {dag.py:2398} INFO - Sync 1 DAGs
[2022-05-19 00:22:56,194] {logging_mixin.py:109} INFO - [2022-05-19 00:22:56,194] {dag.py:2937} INFO - Setting next_dagrun for example_branch_labels to 2022-05-18 00:00:00+00:00
[2022-05-19 00:22:56,217] {processor.py:171} INFO - Processing /home/airflow/.local/lib/python3.8/site-packages/airflow/example_dags/example_branch_labels.py took 0.082 seconds
[2022-05-19 00:23:26,928] {processor.py:163} INFO - Started process (PID=10202) to work on /home/airflow/.local/lib/python3.8/site-packages/airflow/example_dags/example_branch_labels.py
[2022-05-19 00:23:26,930] {processor.py:642} INFO - Processing file /home/airflow/.local/lib/python3.8/site-packages/airflow/example_dags/example_branch_labels.py for tasks to queue
[2022-05-19 00:23:26,931] {logging_mixin.py:109} INFO - [2022-05-19 00:23:26,931] {dagbag.py:500} INFO - Filling up the DagBag from /home/airflow/.local/lib/python3.8/site-packages/airflow/example_dags/example_branch_labels.py
[2022-05-19 00:23:26,970] {processor.py:654} INFO - DAG(s) dict_keys(['example_branch_labels']) retrieved from /home/airflow/.local/lib/python3.8/site-packages/airflow/example_dags/example_branch_labels.py
[2022-05-19 00:23:26,980] {logging_mixin.py:109} INFO - [2022-05-19 00:23:26,980] {dag.py:2398} INFO - Sync 1 DAGs
[2022-05-19 00:23:26,997] {logging_mixin.py:109} INFO - [2022-05-19 00:23:26,997] {dag.py:2937} INFO - Setting next_dagrun for example_branch_labels to 2022-05-18 00:00:00+00:00
[2022-05-19 00:23:27,007] {processor.py:171} INFO - Processing /home/airflow/.local/lib/python3.8/site-packages/airflow/example_dags/example_branch_labels.py took 0.082 seconds
[2022-05-19 00:23:57,245] {processor.py:163} INFO - Started process (PID=10287) to work on /home/airflow/.local/lib/python3.8/site-packages/airflow/example_dags/example_branch_labels.py
[2022-05-19 00:23:57,246] {processor.py:642} INFO - Processing file /home/airflow/.local/lib/python3.8/site-packages/airflow/example_dags/example_branch_labels.py for tasks to queue
[2022-05-19 00:23:57,246] {logging_mixin.py:109} INFO - [2022-05-19 00:23:57,246] {dagbag.py:500} INFO - Filling up the DagBag from /home/airflow/.local/lib/python3.8/site-packages/airflow/example_dags/example_branch_labels.py
[2022-05-19 00:23:57,273] {processor.py:654} INFO - DAG(s) dict_keys(['example_branch_labels']) retrieved from /home/airflow/.local/lib/python3.8/site-packages/airflow/example_dags/example_branch_labels.py
[2022-05-19 00:23:57,285] {logging_mixin.py:109} INFO - [2022-05-19 00:23:57,285] {dag.py:2398} INFO - Sync 1 DAGs
[2022-05-19 00:23:57,302] {logging_mixin.py:109} INFO - [2022-05-19 00:23:57,302] {dag.py:2937} INFO - Setting next_dagrun for example_branch_labels to 2022-05-18 00:00:00+00:00
[2022-05-19 00:23:57,313] {processor.py:171} INFO - Processing /home/airflow/.local/lib/python3.8/site-packages/airflow/example_dags/example_branch_labels.py took 0.071 seconds
[2022-05-19 00:24:28,000] {processor.py:163} INFO - Started process (PID=10373) to work on /home/airflow/.local/lib/python3.8/site-packages/airflow/example_dags/example_branch_labels.py
[2022-05-19 00:24:28,001] {processor.py:642} INFO - Processing file /home/airflow/.local/lib/python3.8/site-packages/airflow/example_dags/example_branch_labels.py for tasks to queue
[2022-05-19 00:24:28,002] {logging_mixin.py:109} INFO - [2022-05-19 00:24:28,002] {dagbag.py:500} INFO - Filling up the DagBag from /home/airflow/.local/lib/python3.8/site-packages/airflow/example_dags/example_branch_labels.py
[2022-05-19 00:24:28,031] {processor.py:654} INFO - DAG(s) dict_keys(['example_branch_labels']) retrieved from /home/airflow/.local/lib/python3.8/site-packages/airflow/example_dags/example_branch_labels.py
[2022-05-19 00:24:28,041] {logging_mixin.py:109} INFO - [2022-05-19 00:24:28,041] {dag.py:2398} INFO - Sync 1 DAGs
[2022-05-19 00:24:28,060] {logging_mixin.py:109} INFO - [2022-05-19 00:24:28,060] {dag.py:2937} INFO - Setting next_dagrun for example_branch_labels to 2022-05-18 00:00:00+00:00
[2022-05-19 00:24:28,072] {processor.py:171} INFO - Processing /home/airflow/.local/lib/python3.8/site-packages/airflow/example_dags/example_branch_labels.py took 0.074 seconds
[2022-05-19 00:24:58,341] {processor.py:163} INFO - Started process (PID=10468) to work on /home/airflow/.local/lib/python3.8/site-packages/airflow/example_dags/example_branch_labels.py
[2022-05-19 00:24:58,342] {processor.py:642} INFO - Processing file /home/airflow/.local/lib/python3.8/site-packages/airflow/example_dags/example_branch_labels.py for tasks to queue
[2022-05-19 00:24:58,343] {logging_mixin.py:109} INFO - [2022-05-19 00:24:58,343] {dagbag.py:500} INFO - Filling up the DagBag from /home/airflow/.local/lib/python3.8/site-packages/airflow/example_dags/example_branch_labels.py
[2022-05-19 00:24:58,379] {processor.py:654} INFO - DAG(s) dict_keys(['example_branch_labels']) retrieved from /home/airflow/.local/lib/python3.8/site-packages/airflow/example_dags/example_branch_labels.py
[2022-05-19 00:24:58,389] {logging_mixin.py:109} INFO - [2022-05-19 00:24:58,389] {dag.py:2398} INFO - Sync 1 DAGs
[2022-05-19 00:24:58,408] {logging_mixin.py:109} INFO - [2022-05-19 00:24:58,408] {dag.py:2937} INFO - Setting next_dagrun for example_branch_labels to 2022-05-18 00:00:00+00:00
[2022-05-19 00:24:58,420] {processor.py:171} INFO - Processing /home/airflow/.local/lib/python3.8/site-packages/airflow/example_dags/example_branch_labels.py took 0.081 seconds
[2022-05-19 00:25:28,673] {processor.py:163} INFO - Started process (PID=10552) to work on /home/airflow/.local/lib/python3.8/site-packages/airflow/example_dags/example_branch_labels.py
[2022-05-19 00:25:28,674] {processor.py:642} INFO - Processing file /home/airflow/.local/lib/python3.8/site-packages/airflow/example_dags/example_branch_labels.py for tasks to queue
[2022-05-19 00:25:28,675] {logging_mixin.py:109} INFO - [2022-05-19 00:25:28,674] {dagbag.py:500} INFO - Filling up the DagBag from /home/airflow/.local/lib/python3.8/site-packages/airflow/example_dags/example_branch_labels.py
[2022-05-19 00:25:28,707] {processor.py:654} INFO - DAG(s) dict_keys(['example_branch_labels']) retrieved from /home/airflow/.local/lib/python3.8/site-packages/airflow/example_dags/example_branch_labels.py
[2022-05-19 00:25:28,716] {logging_mixin.py:109} INFO - [2022-05-19 00:25:28,716] {dag.py:2398} INFO - Sync 1 DAGs
[2022-05-19 00:25:28,732] {logging_mixin.py:109} INFO - [2022-05-19 00:25:28,732] {dag.py:2937} INFO - Setting next_dagrun for example_branch_labels to 2022-05-18 00:00:00+00:00
[2022-05-19 00:25:28,741] {processor.py:171} INFO - Processing /home/airflow/.local/lib/python3.8/site-packages/airflow/example_dags/example_branch_labels.py took 0.070 seconds
[2022-05-19 00:25:59,413] {processor.py:163} INFO - Started process (PID=10637) to work on /home/airflow/.local/lib/python3.8/site-packages/airflow/example_dags/example_branch_labels.py
[2022-05-19 00:25:59,414] {processor.py:642} INFO - Processing file /home/airflow/.local/lib/python3.8/site-packages/airflow/example_dags/example_branch_labels.py for tasks to queue
[2022-05-19 00:25:59,414] {logging_mixin.py:109} INFO - [2022-05-19 00:25:59,414] {dagbag.py:500} INFO - Filling up the DagBag from /home/airflow/.local/lib/python3.8/site-packages/airflow/example_dags/example_branch_labels.py
[2022-05-19 00:25:59,444] {processor.py:654} INFO - DAG(s) dict_keys(['example_branch_labels']) retrieved from /home/airflow/.local/lib/python3.8/site-packages/airflow/example_dags/example_branch_labels.py
[2022-05-19 00:25:59,456] {logging_mixin.py:109} INFO - [2022-05-19 00:25:59,456] {dag.py:2398} INFO - Sync 1 DAGs
[2022-05-19 00:25:59,471] {logging_mixin.py:109} INFO - [2022-05-19 00:25:59,471] {dag.py:2937} INFO - Setting next_dagrun for example_branch_labels to 2022-05-18 00:00:00+00:00
[2022-05-19 00:25:59,485] {processor.py:171} INFO - Processing /home/airflow/.local/lib/python3.8/site-packages/airflow/example_dags/example_branch_labels.py took 0.074 seconds
[2022-05-19 00:26:30,015] {processor.py:163} INFO - Started process (PID=10729) to work on /home/airflow/.local/lib/python3.8/site-packages/airflow/example_dags/example_branch_labels.py
[2022-05-19 00:26:30,019] {processor.py:642} INFO - Processing file /home/airflow/.local/lib/python3.8/site-packages/airflow/example_dags/example_branch_labels.py for tasks to queue
[2022-05-19 00:26:30,020] {logging_mixin.py:109} INFO - [2022-05-19 00:26:30,020] {dagbag.py:500} INFO - Filling up the DagBag from /home/airflow/.local/lib/python3.8/site-packages/airflow/example_dags/example_branch_labels.py
[2022-05-19 00:26:30,055] {processor.py:654} INFO - DAG(s) dict_keys(['example_branch_labels']) retrieved from /home/airflow/.local/lib/python3.8/site-packages/airflow/example_dags/example_branch_labels.py
[2022-05-19 00:26:30,067] {logging_mixin.py:109} INFO - [2022-05-19 00:26:30,067] {dag.py:2398} INFO - Sync 1 DAGs
[2022-05-19 00:26:30,085] {logging_mixin.py:109} INFO - [2022-05-19 00:26:30,085] {dag.py:2937} INFO - Setting next_dagrun for example_branch_labels to 2022-05-18 00:00:00+00:00
[2022-05-19 00:26:30,096] {processor.py:171} INFO - Processing /home/airflow/.local/lib/python3.8/site-packages/airflow/example_dags/example_branch_labels.py took 0.084 seconds
[2022-05-19 00:27:00,306] {processor.py:163} INFO - Started process (PID=10814) to work on /home/airflow/.local/lib/python3.8/site-packages/airflow/example_dags/example_branch_labels.py
[2022-05-19 00:27:00,306] {processor.py:642} INFO - Processing file /home/airflow/.local/lib/python3.8/site-packages/airflow/example_dags/example_branch_labels.py for tasks to queue
[2022-05-19 00:27:00,308] {logging_mixin.py:109} INFO - [2022-05-19 00:27:00,307] {dagbag.py:500} INFO - Filling up the DagBag from /home/airflow/.local/lib/python3.8/site-packages/airflow/example_dags/example_branch_labels.py
[2022-05-19 00:27:00,340] {processor.py:654} INFO - DAG(s) dict_keys(['example_branch_labels']) retrieved from /home/airflow/.local/lib/python3.8/site-packages/airflow/example_dags/example_branch_labels.py
[2022-05-19 00:27:00,352] {logging_mixin.py:109} INFO - [2022-05-19 00:27:00,352] {dag.py:2398} INFO - Sync 1 DAGs
[2022-05-19 00:27:00,369] {logging_mixin.py:109} INFO - [2022-05-19 00:27:00,369] {dag.py:2937} INFO - Setting next_dagrun for example_branch_labels to 2022-05-18 00:00:00+00:00
[2022-05-19 00:27:00,382] {processor.py:171} INFO - Processing /home/airflow/.local/lib/python3.8/site-packages/airflow/example_dags/example_branch_labels.py took 0.079 seconds
[2022-05-19 00:27:30,491] {processor.py:163} INFO - Started process (PID=10882) to work on /home/airflow/.local/lib/python3.8/site-packages/airflow/example_dags/example_branch_labels.py
[2022-05-19 00:27:30,492] {processor.py:642} INFO - Processing file /home/airflow/.local/lib/python3.8/site-packages/airflow/example_dags/example_branch_labels.py for tasks to queue
[2022-05-19 00:27:30,493] {logging_mixin.py:109} INFO - [2022-05-19 00:27:30,493] {dagbag.py:500} INFO - Filling up the DagBag from /home/airflow/.local/lib/python3.8/site-packages/airflow/example_dags/example_branch_labels.py
[2022-05-19 00:27:30,525] {processor.py:654} INFO - DAG(s) dict_keys(['example_branch_labels']) retrieved from /home/airflow/.local/lib/python3.8/site-packages/airflow/example_dags/example_branch_labels.py
[2022-05-19 00:27:30,538] {logging_mixin.py:109} INFO - [2022-05-19 00:27:30,537] {dag.py:2398} INFO - Sync 1 DAGs
[2022-05-19 00:27:30,555] {logging_mixin.py:109} INFO - [2022-05-19 00:27:30,555] {dag.py:2937} INFO - Setting next_dagrun for example_branch_labels to 2022-05-18 00:00:00+00:00
[2022-05-19 00:27:30,580] {processor.py:171} INFO - Processing /home/airflow/.local/lib/python3.8/site-packages/airflow/example_dags/example_branch_labels.py took 0.090 seconds
[2022-05-19 00:28:03,283] {processor.py:163} INFO - Started process (PID=10958) to work on /home/airflow/.local/lib/python3.8/site-packages/airflow/example_dags/example_branch_labels.py
[2022-05-19 00:28:03,284] {processor.py:642} INFO - Processing file /home/airflow/.local/lib/python3.8/site-packages/airflow/example_dags/example_branch_labels.py for tasks to queue
[2022-05-19 00:28:03,285] {logging_mixin.py:109} INFO - [2022-05-19 00:28:03,285] {dagbag.py:500} INFO - Filling up the DagBag from /home/airflow/.local/lib/python3.8/site-packages/airflow/example_dags/example_branch_labels.py
[2022-05-19 00:28:03,313] {processor.py:654} INFO - DAG(s) dict_keys(['example_branch_labels']) retrieved from /home/airflow/.local/lib/python3.8/site-packages/airflow/example_dags/example_branch_labels.py
[2022-05-19 00:28:03,325] {logging_mixin.py:109} INFO - [2022-05-19 00:28:03,325] {dag.py:2398} INFO - Sync 1 DAGs
[2022-05-19 00:28:03,346] {logging_mixin.py:109} INFO - [2022-05-19 00:28:03,346] {dag.py:2937} INFO - Setting next_dagrun for example_branch_labels to 2022-05-18 00:00:00+00:00
[2022-05-19 00:28:03,480] {processor.py:171} INFO - Processing /home/airflow/.local/lib/python3.8/site-packages/airflow/example_dags/example_branch_labels.py took 0.199 seconds
[2022-05-19 00:28:33,568] {processor.py:163} INFO - Started process (PID=11025) to work on /home/airflow/.local/lib/python3.8/site-packages/airflow/example_dags/example_branch_labels.py
[2022-05-19 00:28:33,570] {processor.py:642} INFO - Processing file /home/airflow/.local/lib/python3.8/site-packages/airflow/example_dags/example_branch_labels.py for tasks to queue
[2022-05-19 00:28:33,571] {logging_mixin.py:109} INFO - [2022-05-19 00:28:33,570] {dagbag.py:500} INFO - Filling up the DagBag from /home/airflow/.local/lib/python3.8/site-packages/airflow/example_dags/example_branch_labels.py
[2022-05-19 00:28:33,603] {processor.py:654} INFO - DAG(s) dict_keys(['example_branch_labels']) retrieved from /home/airflow/.local/lib/python3.8/site-packages/airflow/example_dags/example_branch_labels.py
[2022-05-19 00:28:33,616] {logging_mixin.py:109} INFO - [2022-05-19 00:28:33,616] {dag.py:2398} INFO - Sync 1 DAGs
[2022-05-19 00:28:33,636] {logging_mixin.py:109} INFO - [2022-05-19 00:28:33,635] {dag.py:2937} INFO - Setting next_dagrun for example_branch_labels to 2022-05-18 00:00:00+00:00
[2022-05-19 00:28:33,649] {processor.py:171} INFO - Processing /home/airflow/.local/lib/python3.8/site-packages/airflow/example_dags/example_branch_labels.py took 0.084 seconds
[2022-05-19 00:29:03,829] {processor.py:163} INFO - Started process (PID=11103) to work on /home/airflow/.local/lib/python3.8/site-packages/airflow/example_dags/example_branch_labels.py
[2022-05-19 00:29:03,830] {processor.py:642} INFO - Processing file /home/airflow/.local/lib/python3.8/site-packages/airflow/example_dags/example_branch_labels.py for tasks to queue
[2022-05-19 00:29:03,830] {logging_mixin.py:109} INFO - [2022-05-19 00:29:03,830] {dagbag.py:500} INFO - Filling up the DagBag from /home/airflow/.local/lib/python3.8/site-packages/airflow/example_dags/example_branch_labels.py
[2022-05-19 00:29:03,866] {processor.py:654} INFO - DAG(s) dict_keys(['example_branch_labels']) retrieved from /home/airflow/.local/lib/python3.8/site-packages/airflow/example_dags/example_branch_labels.py
[2022-05-19 00:29:03,877] {logging_mixin.py:109} INFO - [2022-05-19 00:29:03,877] {dag.py:2398} INFO - Sync 1 DAGs
[2022-05-19 00:29:03,898] {logging_mixin.py:109} INFO - [2022-05-19 00:29:03,898] {dag.py:2937} INFO - Setting next_dagrun for example_branch_labels to 2022-05-18 00:00:00+00:00
[2022-05-19 00:29:03,910] {processor.py:171} INFO - Processing /home/airflow/.local/lib/python3.8/site-packages/airflow/example_dags/example_branch_labels.py took 0.085 seconds
[2022-05-19 00:29:34,176] {processor.py:163} INFO - Started process (PID=11188) to work on /home/airflow/.local/lib/python3.8/site-packages/airflow/example_dags/example_branch_labels.py
[2022-05-19 00:29:34,178] {processor.py:642} INFO - Processing file /home/airflow/.local/lib/python3.8/site-packages/airflow/example_dags/example_branch_labels.py for tasks to queue
[2022-05-19 00:29:34,178] {logging_mixin.py:109} INFO - [2022-05-19 00:29:34,178] {dagbag.py:500} INFO - Filling up the DagBag from /home/airflow/.local/lib/python3.8/site-packages/airflow/example_dags/example_branch_labels.py
[2022-05-19 00:29:34,209] {processor.py:654} INFO - DAG(s) dict_keys(['example_branch_labels']) retrieved from /home/airflow/.local/lib/python3.8/site-packages/airflow/example_dags/example_branch_labels.py
[2022-05-19 00:29:34,219] {logging_mixin.py:109} INFO - [2022-05-19 00:29:34,219] {dag.py:2398} INFO - Sync 1 DAGs
[2022-05-19 00:29:34,239] {logging_mixin.py:109} INFO - [2022-05-19 00:29:34,239] {dag.py:2937} INFO - Setting next_dagrun for example_branch_labels to 2022-05-18 00:00:00+00:00
[2022-05-19 00:29:34,249] {processor.py:171} INFO - Processing /home/airflow/.local/lib/python3.8/site-packages/airflow/example_dags/example_branch_labels.py took 0.075 seconds
[2022-05-19 00:30:05,048] {processor.py:163} INFO - Started process (PID=11270) to work on /home/airflow/.local/lib/python3.8/site-packages/airflow/example_dags/example_branch_labels.py
[2022-05-19 00:30:05,050] {processor.py:642} INFO - Processing file /home/airflow/.local/lib/python3.8/site-packages/airflow/example_dags/example_branch_labels.py for tasks to queue
[2022-05-19 00:30:05,051] {logging_mixin.py:109} INFO - [2022-05-19 00:30:05,050] {dagbag.py:500} INFO - Filling up the DagBag from /home/airflow/.local/lib/python3.8/site-packages/airflow/example_dags/example_branch_labels.py
[2022-05-19 00:30:05,080] {processor.py:654} INFO - DAG(s) dict_keys(['example_branch_labels']) retrieved from /home/airflow/.local/lib/python3.8/site-packages/airflow/example_dags/example_branch_labels.py
[2022-05-19 00:30:05,092] {logging_mixin.py:109} INFO - [2022-05-19 00:30:05,092] {dag.py:2398} INFO - Sync 1 DAGs
[2022-05-19 00:30:05,107] {logging_mixin.py:109} INFO - [2022-05-19 00:30:05,107] {dag.py:2937} INFO - Setting next_dagrun for example_branch_labels to 2022-05-18 00:00:00+00:00
[2022-05-19 00:30:05,119] {processor.py:171} INFO - Processing /home/airflow/.local/lib/python3.8/site-packages/airflow/example_dags/example_branch_labels.py took 0.073 seconds
[2022-05-19 00:30:35,202] {processor.py:163} INFO - Started process (PID=11362) to work on /home/airflow/.local/lib/python3.8/site-packages/airflow/example_dags/example_branch_labels.py
[2022-05-19 00:30:35,204] {processor.py:642} INFO - Processing file /home/airflow/.local/lib/python3.8/site-packages/airflow/example_dags/example_branch_labels.py for tasks to queue
[2022-05-19 00:30:35,204] {logging_mixin.py:109} INFO - [2022-05-19 00:30:35,204] {dagbag.py:500} INFO - Filling up the DagBag from /home/airflow/.local/lib/python3.8/site-packages/airflow/example_dags/example_branch_labels.py
[2022-05-19 00:30:35,245] {processor.py:654} INFO - DAG(s) dict_keys(['example_branch_labels']) retrieved from /home/airflow/.local/lib/python3.8/site-packages/airflow/example_dags/example_branch_labels.py
[2022-05-19 00:30:35,260] {logging_mixin.py:109} INFO - [2022-05-19 00:30:35,260] {dag.py:2398} INFO - Sync 1 DAGs
[2022-05-19 00:30:35,286] {logging_mixin.py:109} INFO - [2022-05-19 00:30:35,286] {dag.py:2937} INFO - Setting next_dagrun for example_branch_labels to 2022-05-18 00:00:00+00:00
[2022-05-19 00:30:35,299] {processor.py:171} INFO - Processing /home/airflow/.local/lib/python3.8/site-packages/airflow/example_dags/example_branch_labels.py took 0.102 seconds
[2022-05-19 00:31:05,838] {processor.py:163} INFO - Started process (PID=11449) to work on /home/airflow/.local/lib/python3.8/site-packages/airflow/example_dags/example_branch_labels.py
[2022-05-19 00:31:05,839] {processor.py:642} INFO - Processing file /home/airflow/.local/lib/python3.8/site-packages/airflow/example_dags/example_branch_labels.py for tasks to queue
[2022-05-19 00:31:05,839] {logging_mixin.py:109} INFO - [2022-05-19 00:31:05,839] {dagbag.py:500} INFO - Filling up the DagBag from /home/airflow/.local/lib/python3.8/site-packages/airflow/example_dags/example_branch_labels.py
[2022-05-19 00:31:05,867] {processor.py:654} INFO - DAG(s) dict_keys(['example_branch_labels']) retrieved from /home/airflow/.local/lib/python3.8/site-packages/airflow/example_dags/example_branch_labels.py
[2022-05-19 00:31:05,880] {logging_mixin.py:109} INFO - [2022-05-19 00:31:05,880] {dag.py:2398} INFO - Sync 1 DAGs
[2022-05-19 00:31:05,898] {logging_mixin.py:109} INFO - [2022-05-19 00:31:05,898] {dag.py:2937} INFO - Setting next_dagrun for example_branch_labels to 2022-05-18 00:00:00+00:00
[2022-05-19 00:31:05,909] {processor.py:171} INFO - Processing /home/airflow/.local/lib/python3.8/site-packages/airflow/example_dags/example_branch_labels.py took 0.073 seconds
[2022-05-19 00:31:36,037] {processor.py:163} INFO - Started process (PID=11533) to work on /home/airflow/.local/lib/python3.8/site-packages/airflow/example_dags/example_branch_labels.py
[2022-05-19 00:31:36,038] {processor.py:642} INFO - Processing file /home/airflow/.local/lib/python3.8/site-packages/airflow/example_dags/example_branch_labels.py for tasks to queue
[2022-05-19 00:31:36,038] {logging_mixin.py:109} INFO - [2022-05-19 00:31:36,038] {dagbag.py:500} INFO - Filling up the DagBag from /home/airflow/.local/lib/python3.8/site-packages/airflow/example_dags/example_branch_labels.py
[2022-05-19 00:31:36,069] {processor.py:654} INFO - DAG(s) dict_keys(['example_branch_labels']) retrieved from /home/airflow/.local/lib/python3.8/site-packages/airflow/example_dags/example_branch_labels.py
[2022-05-19 00:31:36,081] {logging_mixin.py:109} INFO - [2022-05-19 00:31:36,081] {dag.py:2398} INFO - Sync 1 DAGs
[2022-05-19 00:31:36,101] {logging_mixin.py:109} INFO - [2022-05-19 00:31:36,100] {dag.py:2937} INFO - Setting next_dagrun for example_branch_labels to 2022-05-18 00:00:00+00:00
[2022-05-19 00:31:36,112] {processor.py:171} INFO - Processing /home/airflow/.local/lib/python3.8/site-packages/airflow/example_dags/example_branch_labels.py took 0.077 seconds
[2022-05-19 00:32:06,382] {processor.py:163} INFO - Started process (PID=11617) to work on /home/airflow/.local/lib/python3.8/site-packages/airflow/example_dags/example_branch_labels.py
[2022-05-19 00:32:06,384] {processor.py:642} INFO - Processing file /home/airflow/.local/lib/python3.8/site-packages/airflow/example_dags/example_branch_labels.py for tasks to queue
[2022-05-19 00:32:06,384] {logging_mixin.py:109} INFO - [2022-05-19 00:32:06,384] {dagbag.py:500} INFO - Filling up the DagBag from /home/airflow/.local/lib/python3.8/site-packages/airflow/example_dags/example_branch_labels.py
[2022-05-19 00:32:06,415] {processor.py:654} INFO - DAG(s) dict_keys(['example_branch_labels']) retrieved from /home/airflow/.local/lib/python3.8/site-packages/airflow/example_dags/example_branch_labels.py
[2022-05-19 00:32:06,426] {logging_mixin.py:109} INFO - [2022-05-19 00:32:06,425] {dag.py:2398} INFO - Sync 1 DAGs
[2022-05-19 00:32:06,443] {logging_mixin.py:109} INFO - [2022-05-19 00:32:06,443] {dag.py:2937} INFO - Setting next_dagrun for example_branch_labels to 2022-05-18 00:00:00+00:00
[2022-05-19 00:32:06,458] {processor.py:171} INFO - Processing /home/airflow/.local/lib/python3.8/site-packages/airflow/example_dags/example_branch_labels.py took 0.078 seconds
[2022-05-19 00:32:37,432] {processor.py:163} INFO - Started process (PID=11727) to work on /home/airflow/.local/lib/python3.8/site-packages/airflow/example_dags/example_branch_labels.py
[2022-05-19 00:32:37,433] {processor.py:642} INFO - Processing file /home/airflow/.local/lib/python3.8/site-packages/airflow/example_dags/example_branch_labels.py for tasks to queue
[2022-05-19 00:32:37,434] {logging_mixin.py:109} INFO - [2022-05-19 00:32:37,434] {dagbag.py:500} INFO - Filling up the DagBag from /home/airflow/.local/lib/python3.8/site-packages/airflow/example_dags/example_branch_labels.py
[2022-05-19 00:32:37,475] {processor.py:654} INFO - DAG(s) dict_keys(['example_branch_labels']) retrieved from /home/airflow/.local/lib/python3.8/site-packages/airflow/example_dags/example_branch_labels.py
[2022-05-19 00:32:37,488] {logging_mixin.py:109} INFO - [2022-05-19 00:32:37,487] {dag.py:2398} INFO - Sync 1 DAGs
[2022-05-19 00:32:37,509] {logging_mixin.py:109} INFO - [2022-05-19 00:32:37,509] {dag.py:2937} INFO - Setting next_dagrun for example_branch_labels to 2022-05-18 00:00:00+00:00
[2022-05-19 00:32:37,521] {processor.py:171} INFO - Processing /home/airflow/.local/lib/python3.8/site-packages/airflow/example_dags/example_branch_labels.py took 0.093 seconds
[2022-05-19 00:33:07,841] {processor.py:163} INFO - Started process (PID=11812) to work on /home/airflow/.local/lib/python3.8/site-packages/airflow/example_dags/example_branch_labels.py
[2022-05-19 00:33:07,842] {processor.py:642} INFO - Processing file /home/airflow/.local/lib/python3.8/site-packages/airflow/example_dags/example_branch_labels.py for tasks to queue
[2022-05-19 00:33:07,843] {logging_mixin.py:109} INFO - [2022-05-19 00:33:07,843] {dagbag.py:500} INFO - Filling up the DagBag from /home/airflow/.local/lib/python3.8/site-packages/airflow/example_dags/example_branch_labels.py
[2022-05-19 00:33:07,871] {processor.py:654} INFO - DAG(s) dict_keys(['example_branch_labels']) retrieved from /home/airflow/.local/lib/python3.8/site-packages/airflow/example_dags/example_branch_labels.py
[2022-05-19 00:33:07,881] {logging_mixin.py:109} INFO - [2022-05-19 00:33:07,881] {dag.py:2398} INFO - Sync 1 DAGs
[2022-05-19 00:33:07,898] {logging_mixin.py:109} INFO - [2022-05-19 00:33:07,898] {dag.py:2937} INFO - Setting next_dagrun for example_branch_labels to 2022-05-18 00:00:00+00:00
[2022-05-19 00:33:07,908] {processor.py:171} INFO - Processing /home/airflow/.local/lib/python3.8/site-packages/airflow/example_dags/example_branch_labels.py took 0.070 seconds
[2022-05-19 00:33:38,385] {processor.py:163} INFO - Started process (PID=11906) to work on /home/airflow/.local/lib/python3.8/site-packages/airflow/example_dags/example_branch_labels.py
[2022-05-19 00:33:38,386] {processor.py:642} INFO - Processing file /home/airflow/.local/lib/python3.8/site-packages/airflow/example_dags/example_branch_labels.py for tasks to queue
[2022-05-19 00:33:38,387] {logging_mixin.py:109} INFO - [2022-05-19 00:33:38,387] {dagbag.py:500} INFO - Filling up the DagBag from /home/airflow/.local/lib/python3.8/site-packages/airflow/example_dags/example_branch_labels.py
[2022-05-19 00:33:38,414] {processor.py:654} INFO - DAG(s) dict_keys(['example_branch_labels']) retrieved from /home/airflow/.local/lib/python3.8/site-packages/airflow/example_dags/example_branch_labels.py
[2022-05-19 00:33:38,423] {logging_mixin.py:109} INFO - [2022-05-19 00:33:38,423] {dag.py:2398} INFO - Sync 1 DAGs
[2022-05-19 00:33:38,441] {logging_mixin.py:109} INFO - [2022-05-19 00:33:38,441] {dag.py:2937} INFO - Setting next_dagrun for example_branch_labels to 2022-05-18 00:00:00+00:00
[2022-05-19 00:33:38,454] {processor.py:171} INFO - Processing /home/airflow/.local/lib/python3.8/site-packages/airflow/example_dags/example_branch_labels.py took 0.070 seconds
[2022-05-19 00:34:08,533] {processor.py:163} INFO - Started process (PID=11991) to work on /home/airflow/.local/lib/python3.8/site-packages/airflow/example_dags/example_branch_labels.py
[2022-05-19 00:34:08,534] {processor.py:642} INFO - Processing file /home/airflow/.local/lib/python3.8/site-packages/airflow/example_dags/example_branch_labels.py for tasks to queue
[2022-05-19 00:34:08,535] {logging_mixin.py:109} INFO - [2022-05-19 00:34:08,535] {dagbag.py:500} INFO - Filling up the DagBag from /home/airflow/.local/lib/python3.8/site-packages/airflow/example_dags/example_branch_labels.py
[2022-05-19 00:34:08,564] {processor.py:654} INFO - DAG(s) dict_keys(['example_branch_labels']) retrieved from /home/airflow/.local/lib/python3.8/site-packages/airflow/example_dags/example_branch_labels.py
[2022-05-19 00:34:08,572] {logging_mixin.py:109} INFO - [2022-05-19 00:34:08,572] {dag.py:2398} INFO - Sync 1 DAGs
[2022-05-19 00:34:08,591] {logging_mixin.py:109} INFO - [2022-05-19 00:34:08,591] {dag.py:2937} INFO - Setting next_dagrun for example_branch_labels to 2022-05-18 00:00:00+00:00
[2022-05-19 00:34:08,600] {processor.py:171} INFO - Processing /home/airflow/.local/lib/python3.8/site-packages/airflow/example_dags/example_branch_labels.py took 0.069 seconds
[2022-05-19 00:34:38,859] {processor.py:163} INFO - Started process (PID=12077) to work on /home/airflow/.local/lib/python3.8/site-packages/airflow/example_dags/example_branch_labels.py
[2022-05-19 00:34:38,860] {processor.py:642} INFO - Processing file /home/airflow/.local/lib/python3.8/site-packages/airflow/example_dags/example_branch_labels.py for tasks to queue
[2022-05-19 00:34:38,861] {logging_mixin.py:109} INFO - [2022-05-19 00:34:38,861] {dagbag.py:500} INFO - Filling up the DagBag from /home/airflow/.local/lib/python3.8/site-packages/airflow/example_dags/example_branch_labels.py
[2022-05-19 00:34:38,892] {processor.py:654} INFO - DAG(s) dict_keys(['example_branch_labels']) retrieved from /home/airflow/.local/lib/python3.8/site-packages/airflow/example_dags/example_branch_labels.py
[2022-05-19 00:34:38,901] {logging_mixin.py:109} INFO - [2022-05-19 00:34:38,901] {dag.py:2398} INFO - Sync 1 DAGs
[2022-05-19 00:34:38,919] {logging_mixin.py:109} INFO - [2022-05-19 00:34:38,918] {dag.py:2937} INFO - Setting next_dagrun for example_branch_labels to 2022-05-18 00:00:00+00:00
[2022-05-19 00:34:38,932] {processor.py:171} INFO - Processing /home/airflow/.local/lib/python3.8/site-packages/airflow/example_dags/example_branch_labels.py took 0.075 seconds
[2022-05-19 00:35:09,028] {processor.py:163} INFO - Started process (PID=12146) to work on /home/airflow/.local/lib/python3.8/site-packages/airflow/example_dags/example_branch_labels.py
[2022-05-19 00:35:09,029] {processor.py:642} INFO - Processing file /home/airflow/.local/lib/python3.8/site-packages/airflow/example_dags/example_branch_labels.py for tasks to queue
[2022-05-19 00:35:09,030] {logging_mixin.py:109} INFO - [2022-05-19 00:35:09,030] {dagbag.py:500} INFO - Filling up the DagBag from /home/airflow/.local/lib/python3.8/site-packages/airflow/example_dags/example_branch_labels.py
[2022-05-19 00:35:09,060] {processor.py:654} INFO - DAG(s) dict_keys(['example_branch_labels']) retrieved from /home/airflow/.local/lib/python3.8/site-packages/airflow/example_dags/example_branch_labels.py
[2022-05-19 00:35:09,070] {logging_mixin.py:109} INFO - [2022-05-19 00:35:09,070] {dag.py:2398} INFO - Sync 1 DAGs
[2022-05-19 00:35:09,085] {logging_mixin.py:109} INFO - [2022-05-19 00:35:09,085] {dag.py:2937} INFO - Setting next_dagrun for example_branch_labels to 2022-05-18 00:00:00+00:00
[2022-05-19 00:35:09,095] {processor.py:171} INFO - Processing /home/airflow/.local/lib/python3.8/site-packages/airflow/example_dags/example_branch_labels.py took 0.069 seconds
[2022-05-19 00:35:39,418] {processor.py:163} INFO - Started process (PID=12239) to work on /home/airflow/.local/lib/python3.8/site-packages/airflow/example_dags/example_branch_labels.py
[2022-05-19 00:35:39,420] {processor.py:642} INFO - Processing file /home/airflow/.local/lib/python3.8/site-packages/airflow/example_dags/example_branch_labels.py for tasks to queue
[2022-05-19 00:35:39,421] {logging_mixin.py:109} INFO - [2022-05-19 00:35:39,421] {dagbag.py:500} INFO - Filling up the DagBag from /home/airflow/.local/lib/python3.8/site-packages/airflow/example_dags/example_branch_labels.py
[2022-05-19 00:35:39,457] {processor.py:654} INFO - DAG(s) dict_keys(['example_branch_labels']) retrieved from /home/airflow/.local/lib/python3.8/site-packages/airflow/example_dags/example_branch_labels.py
[2022-05-19 00:35:39,470] {logging_mixin.py:109} INFO - [2022-05-19 00:35:39,470] {dag.py:2398} INFO - Sync 1 DAGs
[2022-05-19 00:35:39,487] {logging_mixin.py:109} INFO - [2022-05-19 00:35:39,487] {dag.py:2937} INFO - Setting next_dagrun for example_branch_labels to 2022-05-18 00:00:00+00:00
[2022-05-19 00:35:39,498] {processor.py:171} INFO - Processing /home/airflow/.local/lib/python3.8/site-packages/airflow/example_dags/example_branch_labels.py took 0.082 seconds
[2022-05-19 00:36:09,654] {processor.py:163} INFO - Started process (PID=12324) to work on /home/airflow/.local/lib/python3.8/site-packages/airflow/example_dags/example_branch_labels.py
[2022-05-19 00:36:09,655] {processor.py:642} INFO - Processing file /home/airflow/.local/lib/python3.8/site-packages/airflow/example_dags/example_branch_labels.py for tasks to queue
[2022-05-19 00:36:09,656] {logging_mixin.py:109} INFO - [2022-05-19 00:36:09,656] {dagbag.py:500} INFO - Filling up the DagBag from /home/airflow/.local/lib/python3.8/site-packages/airflow/example_dags/example_branch_labels.py
[2022-05-19 00:36:09,685] {processor.py:654} INFO - DAG(s) dict_keys(['example_branch_labels']) retrieved from /home/airflow/.local/lib/python3.8/site-packages/airflow/example_dags/example_branch_labels.py
[2022-05-19 00:36:09,694] {logging_mixin.py:109} INFO - [2022-05-19 00:36:09,694] {dag.py:2398} INFO - Sync 1 DAGs
[2022-05-19 00:36:09,714] {logging_mixin.py:109} INFO - [2022-05-19 00:36:09,714] {dag.py:2937} INFO - Setting next_dagrun for example_branch_labels to 2022-05-18 00:00:00+00:00
[2022-05-19 00:36:09,724] {processor.py:171} INFO - Processing /home/airflow/.local/lib/python3.8/site-packages/airflow/example_dags/example_branch_labels.py took 0.073 seconds
[2022-05-19 00:36:40,117] {processor.py:163} INFO - Started process (PID=12408) to work on /home/airflow/.local/lib/python3.8/site-packages/airflow/example_dags/example_branch_labels.py
[2022-05-19 00:36:40,118] {processor.py:642} INFO - Processing file /home/airflow/.local/lib/python3.8/site-packages/airflow/example_dags/example_branch_labels.py for tasks to queue
[2022-05-19 00:36:40,119] {logging_mixin.py:109} INFO - [2022-05-19 00:36:40,119] {dagbag.py:500} INFO - Filling up the DagBag from /home/airflow/.local/lib/python3.8/site-packages/airflow/example_dags/example_branch_labels.py
[2022-05-19 00:36:40,156] {processor.py:654} INFO - DAG(s) dict_keys(['example_branch_labels']) retrieved from /home/airflow/.local/lib/python3.8/site-packages/airflow/example_dags/example_branch_labels.py
[2022-05-19 00:36:40,167] {logging_mixin.py:109} INFO - [2022-05-19 00:36:40,167] {dag.py:2398} INFO - Sync 1 DAGs
[2022-05-19 00:36:40,186] {logging_mixin.py:109} INFO - [2022-05-19 00:36:40,186] {dag.py:2937} INFO - Setting next_dagrun for example_branch_labels to 2022-05-18 00:00:00+00:00
[2022-05-19 00:36:40,201] {processor.py:171} INFO - Processing /home/airflow/.local/lib/python3.8/site-packages/airflow/example_dags/example_branch_labels.py took 0.086 seconds
[2022-05-19 00:37:10,517] {processor.py:163} INFO - Started process (PID=12502) to work on /home/airflow/.local/lib/python3.8/site-packages/airflow/example_dags/example_branch_labels.py
[2022-05-19 00:37:10,518] {processor.py:642} INFO - Processing file /home/airflow/.local/lib/python3.8/site-packages/airflow/example_dags/example_branch_labels.py for tasks to queue
[2022-05-19 00:37:10,518] {logging_mixin.py:109} INFO - [2022-05-19 00:37:10,518] {dagbag.py:500} INFO - Filling up the DagBag from /home/airflow/.local/lib/python3.8/site-packages/airflow/example_dags/example_branch_labels.py
[2022-05-19 00:37:10,550] {processor.py:654} INFO - DAG(s) dict_keys(['example_branch_labels']) retrieved from /home/airflow/.local/lib/python3.8/site-packages/airflow/example_dags/example_branch_labels.py
[2022-05-19 00:37:10,560] {logging_mixin.py:109} INFO - [2022-05-19 00:37:10,560] {dag.py:2398} INFO - Sync 1 DAGs
[2022-05-19 00:37:10,586] {logging_mixin.py:109} INFO - [2022-05-19 00:37:10,585] {dag.py:2937} INFO - Setting next_dagrun for example_branch_labels to 2022-05-18 00:00:00+00:00
[2022-05-19 00:37:10,599] {processor.py:171} INFO - Processing /home/airflow/.local/lib/python3.8/site-packages/airflow/example_dags/example_branch_labels.py took 0.085 seconds
