[2022-05-19 00:00:24,453] {processor.py:163} INFO - Started process (PID=6109) to work on /home/airflow/.local/lib/python3.8/site-packages/airflow/example_dags/example_branch_day_of_week_operator.py
[2022-05-19 00:00:24,454] {processor.py:642} INFO - Processing file /home/airflow/.local/lib/python3.8/site-packages/airflow/example_dags/example_branch_day_of_week_operator.py for tasks to queue
[2022-05-19 00:00:24,454] {logging_mixin.py:109} INFO - [2022-05-19 00:00:24,454] {dagbag.py:500} INFO - Filling up the DagBag from /home/airflow/.local/lib/python3.8/site-packages/airflow/example_dags/example_branch_day_of_week_operator.py
[2022-05-19 00:00:24,492] {processor.py:654} INFO - DAG(s) dict_keys(['example_weekday_branch_operator']) retrieved from /home/airflow/.local/lib/python3.8/site-packages/airflow/example_dags/example_branch_day_of_week_operator.py
[2022-05-19 00:00:24,502] {logging_mixin.py:109} INFO - [2022-05-19 00:00:24,502] {dag.py:2398} INFO - Sync 1 DAGs
[2022-05-19 00:00:24,519] {logging_mixin.py:109} INFO - [2022-05-19 00:00:24,519] {dag.py:2937} INFO - Setting next_dagrun for example_weekday_branch_operator to 2022-05-18 00:00:00+00:00
[2022-05-19 00:00:24,530] {processor.py:171} INFO - Processing /home/airflow/.local/lib/python3.8/site-packages/airflow/example_dags/example_branch_day_of_week_operator.py took 0.080 seconds
[2022-05-19 00:00:55,117] {processor.py:163} INFO - Started process (PID=6194) to work on /home/airflow/.local/lib/python3.8/site-packages/airflow/example_dags/example_branch_day_of_week_operator.py
[2022-05-19 00:00:55,119] {processor.py:642} INFO - Processing file /home/airflow/.local/lib/python3.8/site-packages/airflow/example_dags/example_branch_day_of_week_operator.py for tasks to queue
[2022-05-19 00:00:55,119] {logging_mixin.py:109} INFO - [2022-05-19 00:00:55,119] {dagbag.py:500} INFO - Filling up the DagBag from /home/airflow/.local/lib/python3.8/site-packages/airflow/example_dags/example_branch_day_of_week_operator.py
[2022-05-19 00:00:55,174] {processor.py:654} INFO - DAG(s) dict_keys(['example_weekday_branch_operator']) retrieved from /home/airflow/.local/lib/python3.8/site-packages/airflow/example_dags/example_branch_day_of_week_operator.py
[2022-05-19 00:00:55,201] {logging_mixin.py:109} INFO - [2022-05-19 00:00:55,201] {dag.py:2398} INFO - Sync 1 DAGs
[2022-05-19 00:00:55,233] {logging_mixin.py:109} INFO - [2022-05-19 00:00:55,233] {dag.py:2937} INFO - Setting next_dagrun for example_weekday_branch_operator to 2022-05-18 00:00:00+00:00
[2022-05-19 00:00:55,251] {processor.py:171} INFO - Processing /home/airflow/.local/lib/python3.8/site-packages/airflow/example_dags/example_branch_day_of_week_operator.py took 0.136 seconds
[2022-05-19 00:01:26,229] {processor.py:163} INFO - Started process (PID=6279) to work on /home/airflow/.local/lib/python3.8/site-packages/airflow/example_dags/example_branch_day_of_week_operator.py
[2022-05-19 00:01:26,230] {processor.py:642} INFO - Processing file /home/airflow/.local/lib/python3.8/site-packages/airflow/example_dags/example_branch_day_of_week_operator.py for tasks to queue
[2022-05-19 00:01:26,231] {logging_mixin.py:109} INFO - [2022-05-19 00:01:26,231] {dagbag.py:500} INFO - Filling up the DagBag from /home/airflow/.local/lib/python3.8/site-packages/airflow/example_dags/example_branch_day_of_week_operator.py
[2022-05-19 00:01:26,254] {processor.py:654} INFO - DAG(s) dict_keys(['example_weekday_branch_operator']) retrieved from /home/airflow/.local/lib/python3.8/site-packages/airflow/example_dags/example_branch_day_of_week_operator.py
[2022-05-19 00:01:26,264] {logging_mixin.py:109} INFO - [2022-05-19 00:01:26,264] {dag.py:2398} INFO - Sync 1 DAGs
[2022-05-19 00:01:26,277] {logging_mixin.py:109} INFO - [2022-05-19 00:01:26,277] {dag.py:2937} INFO - Setting next_dagrun for example_weekday_branch_operator to 2022-05-18 00:00:00+00:00
[2022-05-19 00:01:26,290] {processor.py:171} INFO - Processing /home/airflow/.local/lib/python3.8/site-packages/airflow/example_dags/example_branch_day_of_week_operator.py took 0.062 seconds
[2022-05-19 00:01:56,827] {processor.py:163} INFO - Started process (PID=6390) to work on /home/airflow/.local/lib/python3.8/site-packages/airflow/example_dags/example_branch_day_of_week_operator.py
[2022-05-19 00:01:56,828] {processor.py:642} INFO - Processing file /home/airflow/.local/lib/python3.8/site-packages/airflow/example_dags/example_branch_day_of_week_operator.py for tasks to queue
[2022-05-19 00:01:56,829] {logging_mixin.py:109} INFO - [2022-05-19 00:01:56,829] {dagbag.py:500} INFO - Filling up the DagBag from /home/airflow/.local/lib/python3.8/site-packages/airflow/example_dags/example_branch_day_of_week_operator.py
[2022-05-19 00:01:56,855] {processor.py:654} INFO - DAG(s) dict_keys(['example_weekday_branch_operator']) retrieved from /home/airflow/.local/lib/python3.8/site-packages/airflow/example_dags/example_branch_day_of_week_operator.py
[2022-05-19 00:01:56,865] {logging_mixin.py:109} INFO - [2022-05-19 00:01:56,865] {dag.py:2398} INFO - Sync 1 DAGs
[2022-05-19 00:01:56,884] {logging_mixin.py:109} INFO - [2022-05-19 00:01:56,884] {dag.py:2937} INFO - Setting next_dagrun for example_weekday_branch_operator to 2022-05-18 00:00:00+00:00
[2022-05-19 00:01:56,894] {processor.py:171} INFO - Processing /home/airflow/.local/lib/python3.8/site-packages/airflow/example_dags/example_branch_day_of_week_operator.py took 0.070 seconds
[2022-05-19 00:02:27,726] {processor.py:163} INFO - Started process (PID=6474) to work on /home/airflow/.local/lib/python3.8/site-packages/airflow/example_dags/example_branch_day_of_week_operator.py
[2022-05-19 00:02:27,727] {processor.py:642} INFO - Processing file /home/airflow/.local/lib/python3.8/site-packages/airflow/example_dags/example_branch_day_of_week_operator.py for tasks to queue
[2022-05-19 00:02:27,728] {logging_mixin.py:109} INFO - [2022-05-19 00:02:27,728] {dagbag.py:500} INFO - Filling up the DagBag from /home/airflow/.local/lib/python3.8/site-packages/airflow/example_dags/example_branch_day_of_week_operator.py
[2022-05-19 00:02:27,762] {processor.py:654} INFO - DAG(s) dict_keys(['example_weekday_branch_operator']) retrieved from /home/airflow/.local/lib/python3.8/site-packages/airflow/example_dags/example_branch_day_of_week_operator.py
[2022-05-19 00:02:27,772] {logging_mixin.py:109} INFO - [2022-05-19 00:02:27,772] {dag.py:2398} INFO - Sync 1 DAGs
[2022-05-19 00:02:27,788] {logging_mixin.py:109} INFO - [2022-05-19 00:02:27,788] {dag.py:2937} INFO - Setting next_dagrun for example_weekday_branch_operator to 2022-05-18 00:00:00+00:00
[2022-05-19 00:02:27,800] {processor.py:171} INFO - Processing /home/airflow/.local/lib/python3.8/site-packages/airflow/example_dags/example_branch_day_of_week_operator.py took 0.077 seconds
[2022-05-19 00:02:58,045] {processor.py:163} INFO - Started process (PID=6543) to work on /home/airflow/.local/lib/python3.8/site-packages/airflow/example_dags/example_branch_day_of_week_operator.py
[2022-05-19 00:02:58,045] {processor.py:642} INFO - Processing file /home/airflow/.local/lib/python3.8/site-packages/airflow/example_dags/example_branch_day_of_week_operator.py for tasks to queue
[2022-05-19 00:02:58,046] {logging_mixin.py:109} INFO - [2022-05-19 00:02:58,046] {dagbag.py:500} INFO - Filling up the DagBag from /home/airflow/.local/lib/python3.8/site-packages/airflow/example_dags/example_branch_day_of_week_operator.py
[2022-05-19 00:02:58,084] {processor.py:654} INFO - DAG(s) dict_keys(['example_weekday_branch_operator']) retrieved from /home/airflow/.local/lib/python3.8/site-packages/airflow/example_dags/example_branch_day_of_week_operator.py
[2022-05-19 00:02:58,105] {logging_mixin.py:109} INFO - [2022-05-19 00:02:58,095] {dag.py:2398} INFO - Sync 1 DAGs
[2022-05-19 00:02:58,148] {logging_mixin.py:109} INFO - [2022-05-19 00:02:58,148] {dag.py:2937} INFO - Setting next_dagrun for example_weekday_branch_operator to 2022-05-18 00:00:00+00:00
[2022-05-19 00:02:58,172] {processor.py:171} INFO - Processing /home/airflow/.local/lib/python3.8/site-packages/airflow/example_dags/example_branch_day_of_week_operator.py took 0.129 seconds
[2022-05-19 00:03:28,252] {processor.py:163} INFO - Started process (PID=6635) to work on /home/airflow/.local/lib/python3.8/site-packages/airflow/example_dags/example_branch_day_of_week_operator.py
[2022-05-19 00:03:28,253] {processor.py:642} INFO - Processing file /home/airflow/.local/lib/python3.8/site-packages/airflow/example_dags/example_branch_day_of_week_operator.py for tasks to queue
[2022-05-19 00:03:28,253] {logging_mixin.py:109} INFO - [2022-05-19 00:03:28,253] {dagbag.py:500} INFO - Filling up the DagBag from /home/airflow/.local/lib/python3.8/site-packages/airflow/example_dags/example_branch_day_of_week_operator.py
[2022-05-19 00:03:28,286] {processor.py:654} INFO - DAG(s) dict_keys(['example_weekday_branch_operator']) retrieved from /home/airflow/.local/lib/python3.8/site-packages/airflow/example_dags/example_branch_day_of_week_operator.py
[2022-05-19 00:03:28,300] {logging_mixin.py:109} INFO - [2022-05-19 00:03:28,300] {dag.py:2398} INFO - Sync 1 DAGs
[2022-05-19 00:03:28,316] {logging_mixin.py:109} INFO - [2022-05-19 00:03:28,316] {dag.py:2937} INFO - Setting next_dagrun for example_weekday_branch_operator to 2022-05-18 00:00:00+00:00
[2022-05-19 00:03:28,337] {processor.py:171} INFO - Processing /home/airflow/.local/lib/python3.8/site-packages/airflow/example_dags/example_branch_day_of_week_operator.py took 0.087 seconds
[2022-05-19 00:03:58,850] {processor.py:163} INFO - Started process (PID=6719) to work on /home/airflow/.local/lib/python3.8/site-packages/airflow/example_dags/example_branch_day_of_week_operator.py
[2022-05-19 00:03:58,851] {processor.py:642} INFO - Processing file /home/airflow/.local/lib/python3.8/site-packages/airflow/example_dags/example_branch_day_of_week_operator.py for tasks to queue
[2022-05-19 00:03:58,851] {logging_mixin.py:109} INFO - [2022-05-19 00:03:58,851] {dagbag.py:500} INFO - Filling up the DagBag from /home/airflow/.local/lib/python3.8/site-packages/airflow/example_dags/example_branch_day_of_week_operator.py
[2022-05-19 00:03:58,878] {processor.py:654} INFO - DAG(s) dict_keys(['example_weekday_branch_operator']) retrieved from /home/airflow/.local/lib/python3.8/site-packages/airflow/example_dags/example_branch_day_of_week_operator.py
[2022-05-19 00:03:58,887] {logging_mixin.py:109} INFO - [2022-05-19 00:03:58,887] {dag.py:2398} INFO - Sync 1 DAGs
[2022-05-19 00:03:58,902] {logging_mixin.py:109} INFO - [2022-05-19 00:03:58,902] {dag.py:2937} INFO - Setting next_dagrun for example_weekday_branch_operator to 2022-05-18 00:00:00+00:00
[2022-05-19 00:03:58,912] {processor.py:171} INFO - Processing /home/airflow/.local/lib/python3.8/site-packages/airflow/example_dags/example_branch_day_of_week_operator.py took 0.063 seconds
[2022-05-19 00:04:29,675] {processor.py:163} INFO - Started process (PID=6813) to work on /home/airflow/.local/lib/python3.8/site-packages/airflow/example_dags/example_branch_day_of_week_operator.py
[2022-05-19 00:04:29,677] {processor.py:642} INFO - Processing file /home/airflow/.local/lib/python3.8/site-packages/airflow/example_dags/example_branch_day_of_week_operator.py for tasks to queue
[2022-05-19 00:04:29,678] {logging_mixin.py:109} INFO - [2022-05-19 00:04:29,678] {dagbag.py:500} INFO - Filling up the DagBag from /home/airflow/.local/lib/python3.8/site-packages/airflow/example_dags/example_branch_day_of_week_operator.py
[2022-05-19 00:04:29,719] {processor.py:654} INFO - DAG(s) dict_keys(['example_weekday_branch_operator']) retrieved from /home/airflow/.local/lib/python3.8/site-packages/airflow/example_dags/example_branch_day_of_week_operator.py
[2022-05-19 00:04:29,729] {logging_mixin.py:109} INFO - [2022-05-19 00:04:29,729] {dag.py:2398} INFO - Sync 1 DAGs
[2022-05-19 00:04:29,746] {logging_mixin.py:109} INFO - [2022-05-19 00:04:29,745] {dag.py:2937} INFO - Setting next_dagrun for example_weekday_branch_operator to 2022-05-18 00:00:00+00:00
[2022-05-19 00:04:29,759] {processor.py:171} INFO - Processing /home/airflow/.local/lib/python3.8/site-packages/airflow/example_dags/example_branch_day_of_week_operator.py took 0.087 seconds
[2022-05-19 00:05:00,931] {processor.py:163} INFO - Started process (PID=6898) to work on /home/airflow/.local/lib/python3.8/site-packages/airflow/example_dags/example_branch_day_of_week_operator.py
[2022-05-19 00:05:00,932] {processor.py:642} INFO - Processing file /home/airflow/.local/lib/python3.8/site-packages/airflow/example_dags/example_branch_day_of_week_operator.py for tasks to queue
[2022-05-19 00:05:00,933] {logging_mixin.py:109} INFO - [2022-05-19 00:05:00,933] {dagbag.py:500} INFO - Filling up the DagBag from /home/airflow/.local/lib/python3.8/site-packages/airflow/example_dags/example_branch_day_of_week_operator.py
[2022-05-19 00:05:00,960] {processor.py:654} INFO - DAG(s) dict_keys(['example_weekday_branch_operator']) retrieved from /home/airflow/.local/lib/python3.8/site-packages/airflow/example_dags/example_branch_day_of_week_operator.py
[2022-05-19 00:05:00,970] {logging_mixin.py:109} INFO - [2022-05-19 00:05:00,970] {dag.py:2398} INFO - Sync 1 DAGs
[2022-05-19 00:05:00,987] {logging_mixin.py:109} INFO - [2022-05-19 00:05:00,987] {dag.py:2937} INFO - Setting next_dagrun for example_weekday_branch_operator to 2022-05-18 00:00:00+00:00
[2022-05-19 00:05:00,997] {processor.py:171} INFO - Processing /home/airflow/.local/lib/python3.8/site-packages/airflow/example_dags/example_branch_day_of_week_operator.py took 0.068 seconds
[2022-05-19 00:05:31,491] {processor.py:163} INFO - Started process (PID=6984) to work on /home/airflow/.local/lib/python3.8/site-packages/airflow/example_dags/example_branch_day_of_week_operator.py
[2022-05-19 00:05:31,492] {processor.py:642} INFO - Processing file /home/airflow/.local/lib/python3.8/site-packages/airflow/example_dags/example_branch_day_of_week_operator.py for tasks to queue
[2022-05-19 00:05:31,493] {logging_mixin.py:109} INFO - [2022-05-19 00:05:31,493] {dagbag.py:500} INFO - Filling up the DagBag from /home/airflow/.local/lib/python3.8/site-packages/airflow/example_dags/example_branch_day_of_week_operator.py
[2022-05-19 00:05:31,519] {processor.py:654} INFO - DAG(s) dict_keys(['example_weekday_branch_operator']) retrieved from /home/airflow/.local/lib/python3.8/site-packages/airflow/example_dags/example_branch_day_of_week_operator.py
[2022-05-19 00:05:31,529] {logging_mixin.py:109} INFO - [2022-05-19 00:05:31,529] {dag.py:2398} INFO - Sync 1 DAGs
[2022-05-19 00:05:31,544] {logging_mixin.py:109} INFO - [2022-05-19 00:05:31,544] {dag.py:2937} INFO - Setting next_dagrun for example_weekday_branch_operator to 2022-05-18 00:00:00+00:00
[2022-05-19 00:05:31,553] {processor.py:171} INFO - Processing /home/airflow/.local/lib/python3.8/site-packages/airflow/example_dags/example_branch_day_of_week_operator.py took 0.065 seconds
[2022-05-19 00:06:02,684] {processor.py:163} INFO - Started process (PID=7076) to work on /home/airflow/.local/lib/python3.8/site-packages/airflow/example_dags/example_branch_day_of_week_operator.py
[2022-05-19 00:06:02,685] {processor.py:642} INFO - Processing file /home/airflow/.local/lib/python3.8/site-packages/airflow/example_dags/example_branch_day_of_week_operator.py for tasks to queue
[2022-05-19 00:06:02,685] {logging_mixin.py:109} INFO - [2022-05-19 00:06:02,685] {dagbag.py:500} INFO - Filling up the DagBag from /home/airflow/.local/lib/python3.8/site-packages/airflow/example_dags/example_branch_day_of_week_operator.py
[2022-05-19 00:06:02,720] {processor.py:654} INFO - DAG(s) dict_keys(['example_weekday_branch_operator']) retrieved from /home/airflow/.local/lib/python3.8/site-packages/airflow/example_dags/example_branch_day_of_week_operator.py
[2022-05-19 00:06:02,735] {logging_mixin.py:109} INFO - [2022-05-19 00:06:02,734] {dag.py:2398} INFO - Sync 1 DAGs
[2022-05-19 00:06:02,757] {logging_mixin.py:109} INFO - [2022-05-19 00:06:02,756] {dag.py:2937} INFO - Setting next_dagrun for example_weekday_branch_operator to 2022-05-18 00:00:00+00:00
[2022-05-19 00:06:02,772] {processor.py:171} INFO - Processing /home/airflow/.local/lib/python3.8/site-packages/airflow/example_dags/example_branch_day_of_week_operator.py took 0.091 seconds
[2022-05-19 00:06:33,674] {processor.py:163} INFO - Started process (PID=7178) to work on /home/airflow/.local/lib/python3.8/site-packages/airflow/example_dags/example_branch_day_of_week_operator.py
[2022-05-19 00:06:33,675] {processor.py:642} INFO - Processing file /home/airflow/.local/lib/python3.8/site-packages/airflow/example_dags/example_branch_day_of_week_operator.py for tasks to queue
[2022-05-19 00:06:33,676] {logging_mixin.py:109} INFO - [2022-05-19 00:06:33,676] {dagbag.py:500} INFO - Filling up the DagBag from /home/airflow/.local/lib/python3.8/site-packages/airflow/example_dags/example_branch_day_of_week_operator.py
[2022-05-19 00:06:33,704] {processor.py:654} INFO - DAG(s) dict_keys(['example_weekday_branch_operator']) retrieved from /home/airflow/.local/lib/python3.8/site-packages/airflow/example_dags/example_branch_day_of_week_operator.py
[2022-05-19 00:06:33,713] {logging_mixin.py:109} INFO - [2022-05-19 00:06:33,713] {dag.py:2398} INFO - Sync 1 DAGs
[2022-05-19 00:06:33,729] {logging_mixin.py:109} INFO - [2022-05-19 00:06:33,729] {dag.py:2937} INFO - Setting next_dagrun for example_weekday_branch_operator to 2022-05-18 00:00:00+00:00
[2022-05-19 00:06:33,739] {processor.py:171} INFO - Processing /home/airflow/.local/lib/python3.8/site-packages/airflow/example_dags/example_branch_day_of_week_operator.py took 0.068 seconds
[2022-05-19 00:07:04,124] {processor.py:163} INFO - Started process (PID=7263) to work on /home/airflow/.local/lib/python3.8/site-packages/airflow/example_dags/example_branch_day_of_week_operator.py
[2022-05-19 00:07:04,124] {processor.py:642} INFO - Processing file /home/airflow/.local/lib/python3.8/site-packages/airflow/example_dags/example_branch_day_of_week_operator.py for tasks to queue
[2022-05-19 00:07:04,125] {logging_mixin.py:109} INFO - [2022-05-19 00:07:04,125] {dagbag.py:500} INFO - Filling up the DagBag from /home/airflow/.local/lib/python3.8/site-packages/airflow/example_dags/example_branch_day_of_week_operator.py
[2022-05-19 00:07:04,152] {processor.py:654} INFO - DAG(s) dict_keys(['example_weekday_branch_operator']) retrieved from /home/airflow/.local/lib/python3.8/site-packages/airflow/example_dags/example_branch_day_of_week_operator.py
[2022-05-19 00:07:04,159] {logging_mixin.py:109} INFO - [2022-05-19 00:07:04,158] {dag.py:2398} INFO - Sync 1 DAGs
[2022-05-19 00:07:04,177] {logging_mixin.py:109} INFO - [2022-05-19 00:07:04,177] {dag.py:2937} INFO - Setting next_dagrun for example_weekday_branch_operator to 2022-05-18 00:00:00+00:00
[2022-05-19 00:07:04,187] {processor.py:171} INFO - Processing /home/airflow/.local/lib/python3.8/site-packages/airflow/example_dags/example_branch_day_of_week_operator.py took 0.065 seconds
[2022-05-19 00:07:34,906] {processor.py:163} INFO - Started process (PID=7356) to work on /home/airflow/.local/lib/python3.8/site-packages/airflow/example_dags/example_branch_day_of_week_operator.py
[2022-05-19 00:07:34,908] {processor.py:642} INFO - Processing file /home/airflow/.local/lib/python3.8/site-packages/airflow/example_dags/example_branch_day_of_week_operator.py for tasks to queue
[2022-05-19 00:07:34,909] {logging_mixin.py:109} INFO - [2022-05-19 00:07:34,909] {dagbag.py:500} INFO - Filling up the DagBag from /home/airflow/.local/lib/python3.8/site-packages/airflow/example_dags/example_branch_day_of_week_operator.py
[2022-05-19 00:07:34,938] {processor.py:654} INFO - DAG(s) dict_keys(['example_weekday_branch_operator']) retrieved from /home/airflow/.local/lib/python3.8/site-packages/airflow/example_dags/example_branch_day_of_week_operator.py
[2022-05-19 00:07:34,945] {logging_mixin.py:109} INFO - [2022-05-19 00:07:34,945] {dag.py:2398} INFO - Sync 1 DAGs
[2022-05-19 00:07:34,960] {logging_mixin.py:109} INFO - [2022-05-19 00:07:34,960] {dag.py:2937} INFO - Setting next_dagrun for example_weekday_branch_operator to 2022-05-18 00:00:00+00:00
[2022-05-19 00:07:34,969] {processor.py:171} INFO - Processing /home/airflow/.local/lib/python3.8/site-packages/airflow/example_dags/example_branch_day_of_week_operator.py took 0.066 seconds
[2022-05-19 00:08:05,557] {processor.py:163} INFO - Started process (PID=7441) to work on /home/airflow/.local/lib/python3.8/site-packages/airflow/example_dags/example_branch_day_of_week_operator.py
[2022-05-19 00:08:05,558] {processor.py:642} INFO - Processing file /home/airflow/.local/lib/python3.8/site-packages/airflow/example_dags/example_branch_day_of_week_operator.py for tasks to queue
[2022-05-19 00:08:05,559] {logging_mixin.py:109} INFO - [2022-05-19 00:08:05,558] {dagbag.py:500} INFO - Filling up the DagBag from /home/airflow/.local/lib/python3.8/site-packages/airflow/example_dags/example_branch_day_of_week_operator.py
[2022-05-19 00:08:05,600] {processor.py:654} INFO - DAG(s) dict_keys(['example_weekday_branch_operator']) retrieved from /home/airflow/.local/lib/python3.8/site-packages/airflow/example_dags/example_branch_day_of_week_operator.py
[2022-05-19 00:08:05,608] {logging_mixin.py:109} INFO - [2022-05-19 00:08:05,608] {dag.py:2398} INFO - Sync 1 DAGs
[2022-05-19 00:08:05,626] {logging_mixin.py:109} INFO - [2022-05-19 00:08:05,626] {dag.py:2937} INFO - Setting next_dagrun for example_weekday_branch_operator to 2022-05-18 00:00:00+00:00
[2022-05-19 00:08:05,640] {processor.py:171} INFO - Processing /home/airflow/.local/lib/python3.8/site-packages/airflow/example_dags/example_branch_day_of_week_operator.py took 0.086 seconds
[2022-05-19 00:08:35,955] {processor.py:163} INFO - Started process (PID=7533) to work on /home/airflow/.local/lib/python3.8/site-packages/airflow/example_dags/example_branch_day_of_week_operator.py
[2022-05-19 00:08:35,957] {processor.py:642} INFO - Processing file /home/airflow/.local/lib/python3.8/site-packages/airflow/example_dags/example_branch_day_of_week_operator.py for tasks to queue
[2022-05-19 00:08:35,957] {logging_mixin.py:109} INFO - [2022-05-19 00:08:35,957] {dagbag.py:500} INFO - Filling up the DagBag from /home/airflow/.local/lib/python3.8/site-packages/airflow/example_dags/example_branch_day_of_week_operator.py
[2022-05-19 00:08:35,993] {processor.py:654} INFO - DAG(s) dict_keys(['example_weekday_branch_operator']) retrieved from /home/airflow/.local/lib/python3.8/site-packages/airflow/example_dags/example_branch_day_of_week_operator.py
[2022-05-19 00:08:36,002] {logging_mixin.py:109} INFO - [2022-05-19 00:08:36,002] {dag.py:2398} INFO - Sync 1 DAGs
[2022-05-19 00:08:36,020] {logging_mixin.py:109} INFO - [2022-05-19 00:08:36,020] {dag.py:2937} INFO - Setting next_dagrun for example_weekday_branch_operator to 2022-05-18 00:00:00+00:00
[2022-05-19 00:08:36,031] {processor.py:171} INFO - Processing /home/airflow/.local/lib/python3.8/site-packages/airflow/example_dags/example_branch_day_of_week_operator.py took 0.078 seconds
[2022-05-19 00:09:06,568] {processor.py:163} INFO - Started process (PID=7620) to work on /home/airflow/.local/lib/python3.8/site-packages/airflow/example_dags/example_branch_day_of_week_operator.py
[2022-05-19 00:09:06,569] {processor.py:642} INFO - Processing file /home/airflow/.local/lib/python3.8/site-packages/airflow/example_dags/example_branch_day_of_week_operator.py for tasks to queue
[2022-05-19 00:09:06,570] {logging_mixin.py:109} INFO - [2022-05-19 00:09:06,569] {dagbag.py:500} INFO - Filling up the DagBag from /home/airflow/.local/lib/python3.8/site-packages/airflow/example_dags/example_branch_day_of_week_operator.py
[2022-05-19 00:09:06,599] {processor.py:654} INFO - DAG(s) dict_keys(['example_weekday_branch_operator']) retrieved from /home/airflow/.local/lib/python3.8/site-packages/airflow/example_dags/example_branch_day_of_week_operator.py
[2022-05-19 00:09:06,611] {logging_mixin.py:109} INFO - [2022-05-19 00:09:06,611] {dag.py:2398} INFO - Sync 1 DAGs
[2022-05-19 00:09:06,631] {logging_mixin.py:109} INFO - [2022-05-19 00:09:06,631] {dag.py:2937} INFO - Setting next_dagrun for example_weekday_branch_operator to 2022-05-18 00:00:00+00:00
[2022-05-19 00:09:06,645] {processor.py:171} INFO - Processing /home/airflow/.local/lib/python3.8/site-packages/airflow/example_dags/example_branch_day_of_week_operator.py took 0.081 seconds
[2022-05-19 00:09:37,606] {processor.py:163} INFO - Started process (PID=7703) to work on /home/airflow/.local/lib/python3.8/site-packages/airflow/example_dags/example_branch_day_of_week_operator.py
[2022-05-19 00:09:37,607] {processor.py:642} INFO - Processing file /home/airflow/.local/lib/python3.8/site-packages/airflow/example_dags/example_branch_day_of_week_operator.py for tasks to queue
[2022-05-19 00:09:37,608] {logging_mixin.py:109} INFO - [2022-05-19 00:09:37,608] {dagbag.py:500} INFO - Filling up the DagBag from /home/airflow/.local/lib/python3.8/site-packages/airflow/example_dags/example_branch_day_of_week_operator.py
[2022-05-19 00:09:37,635] {processor.py:654} INFO - DAG(s) dict_keys(['example_weekday_branch_operator']) retrieved from /home/airflow/.local/lib/python3.8/site-packages/airflow/example_dags/example_branch_day_of_week_operator.py
[2022-05-19 00:09:37,643] {logging_mixin.py:109} INFO - [2022-05-19 00:09:37,643] {dag.py:2398} INFO - Sync 1 DAGs
[2022-05-19 00:09:37,660] {logging_mixin.py:109} INFO - [2022-05-19 00:09:37,659] {dag.py:2937} INFO - Setting next_dagrun for example_weekday_branch_operator to 2022-05-18 00:00:00+00:00
[2022-05-19 00:09:37,673] {processor.py:171} INFO - Processing /home/airflow/.local/lib/python3.8/site-packages/airflow/example_dags/example_branch_day_of_week_operator.py took 0.070 seconds
[2022-05-19 00:10:08,324] {processor.py:163} INFO - Started process (PID=7814) to work on /home/airflow/.local/lib/python3.8/site-packages/airflow/example_dags/example_branch_day_of_week_operator.py
[2022-05-19 00:10:08,325] {processor.py:642} INFO - Processing file /home/airflow/.local/lib/python3.8/site-packages/airflow/example_dags/example_branch_day_of_week_operator.py for tasks to queue
[2022-05-19 00:10:08,326] {logging_mixin.py:109} INFO - [2022-05-19 00:10:08,326] {dagbag.py:500} INFO - Filling up the DagBag from /home/airflow/.local/lib/python3.8/site-packages/airflow/example_dags/example_branch_day_of_week_operator.py
[2022-05-19 00:10:08,395] {processor.py:654} INFO - DAG(s) dict_keys(['example_weekday_branch_operator']) retrieved from /home/airflow/.local/lib/python3.8/site-packages/airflow/example_dags/example_branch_day_of_week_operator.py
[2022-05-19 00:10:08,420] {logging_mixin.py:109} INFO - [2022-05-19 00:10:08,419] {dag.py:2398} INFO - Sync 1 DAGs
[2022-05-19 00:10:08,459] {logging_mixin.py:109} INFO - [2022-05-19 00:10:08,459] {dag.py:2937} INFO - Setting next_dagrun for example_weekday_branch_operator to 2022-05-18 00:00:00+00:00
[2022-05-19 00:10:08,485] {processor.py:171} INFO - Processing /home/airflow/.local/lib/python3.8/site-packages/airflow/example_dags/example_branch_day_of_week_operator.py took 0.165 seconds
[2022-05-19 00:10:38,942] {processor.py:163} INFO - Started process (PID=7899) to work on /home/airflow/.local/lib/python3.8/site-packages/airflow/example_dags/example_branch_day_of_week_operator.py
[2022-05-19 00:10:38,943] {processor.py:642} INFO - Processing file /home/airflow/.local/lib/python3.8/site-packages/airflow/example_dags/example_branch_day_of_week_operator.py for tasks to queue
[2022-05-19 00:10:38,944] {logging_mixin.py:109} INFO - [2022-05-19 00:10:38,944] {dagbag.py:500} INFO - Filling up the DagBag from /home/airflow/.local/lib/python3.8/site-packages/airflow/example_dags/example_branch_day_of_week_operator.py
[2022-05-19 00:10:38,973] {processor.py:654} INFO - DAG(s) dict_keys(['example_weekday_branch_operator']) retrieved from /home/airflow/.local/lib/python3.8/site-packages/airflow/example_dags/example_branch_day_of_week_operator.py
[2022-05-19 00:10:38,983] {logging_mixin.py:109} INFO - [2022-05-19 00:10:38,983] {dag.py:2398} INFO - Sync 1 DAGs
[2022-05-19 00:10:38,999] {logging_mixin.py:109} INFO - [2022-05-19 00:10:38,999] {dag.py:2937} INFO - Setting next_dagrun for example_weekday_branch_operator to 2022-05-18 00:00:00+00:00
[2022-05-19 00:10:39,013] {processor.py:171} INFO - Processing /home/airflow/.local/lib/python3.8/site-packages/airflow/example_dags/example_branch_day_of_week_operator.py took 0.073 seconds
[2022-05-19 00:11:09,454] {processor.py:163} INFO - Started process (PID=7983) to work on /home/airflow/.local/lib/python3.8/site-packages/airflow/example_dags/example_branch_day_of_week_operator.py
[2022-05-19 00:11:09,455] {processor.py:642} INFO - Processing file /home/airflow/.local/lib/python3.8/site-packages/airflow/example_dags/example_branch_day_of_week_operator.py for tasks to queue
[2022-05-19 00:11:09,456] {logging_mixin.py:109} INFO - [2022-05-19 00:11:09,456] {dagbag.py:500} INFO - Filling up the DagBag from /home/airflow/.local/lib/python3.8/site-packages/airflow/example_dags/example_branch_day_of_week_operator.py
[2022-05-19 00:11:09,501] {processor.py:654} INFO - DAG(s) dict_keys(['example_weekday_branch_operator']) retrieved from /home/airflow/.local/lib/python3.8/site-packages/airflow/example_dags/example_branch_day_of_week_operator.py
[2022-05-19 00:11:09,517] {logging_mixin.py:109} INFO - [2022-05-19 00:11:09,517] {dag.py:2398} INFO - Sync 1 DAGs
[2022-05-19 00:11:09,539] {logging_mixin.py:109} INFO - [2022-05-19 00:11:09,539] {dag.py:2937} INFO - Setting next_dagrun for example_weekday_branch_operator to 2022-05-18 00:00:00+00:00
[2022-05-19 00:11:09,555] {processor.py:171} INFO - Processing /home/airflow/.local/lib/python3.8/site-packages/airflow/example_dags/example_branch_day_of_week_operator.py took 0.103 seconds
[2022-05-19 00:11:41,456] {processor.py:163} INFO - Started process (PID=8130) to work on /home/airflow/.local/lib/python3.8/site-packages/airflow/example_dags/example_branch_day_of_week_operator.py
[2022-05-19 00:11:41,457] {processor.py:642} INFO - Processing file /home/airflow/.local/lib/python3.8/site-packages/airflow/example_dags/example_branch_day_of_week_operator.py for tasks to queue
[2022-05-19 00:11:41,459] {logging_mixin.py:109} INFO - [2022-05-19 00:11:41,458] {dagbag.py:500} INFO - Filling up the DagBag from /home/airflow/.local/lib/python3.8/site-packages/airflow/example_dags/example_branch_day_of_week_operator.py
[2022-05-19 00:11:41,523] {processor.py:654} INFO - DAG(s) dict_keys(['example_weekday_branch_operator']) retrieved from /home/airflow/.local/lib/python3.8/site-packages/airflow/example_dags/example_branch_day_of_week_operator.py
[2022-05-19 00:11:41,538] {logging_mixin.py:109} INFO - [2022-05-19 00:11:41,538] {dag.py:2398} INFO - Sync 1 DAGs
[2022-05-19 00:11:41,564] {logging_mixin.py:109} INFO - [2022-05-19 00:11:41,564] {dag.py:2937} INFO - Setting next_dagrun for example_weekday_branch_operator to 2022-05-18 00:00:00+00:00
[2022-05-19 00:11:41,581] {processor.py:171} INFO - Processing /home/airflow/.local/lib/python3.8/site-packages/airflow/example_dags/example_branch_day_of_week_operator.py took 0.129 seconds
[2022-05-19 00:12:12,860] {processor.py:163} INFO - Started process (PID=8215) to work on /home/airflow/.local/lib/python3.8/site-packages/airflow/example_dags/example_branch_day_of_week_operator.py
[2022-05-19 00:12:12,861] {processor.py:642} INFO - Processing file /home/airflow/.local/lib/python3.8/site-packages/airflow/example_dags/example_branch_day_of_week_operator.py for tasks to queue
[2022-05-19 00:12:12,862] {logging_mixin.py:109} INFO - [2022-05-19 00:12:12,862] {dagbag.py:500} INFO - Filling up the DagBag from /home/airflow/.local/lib/python3.8/site-packages/airflow/example_dags/example_branch_day_of_week_operator.py
[2022-05-19 00:12:12,891] {processor.py:654} INFO - DAG(s) dict_keys(['example_weekday_branch_operator']) retrieved from /home/airflow/.local/lib/python3.8/site-packages/airflow/example_dags/example_branch_day_of_week_operator.py
[2022-05-19 00:12:12,898] {logging_mixin.py:109} INFO - [2022-05-19 00:12:12,898] {dag.py:2398} INFO - Sync 1 DAGs
[2022-05-19 00:12:12,914] {logging_mixin.py:109} INFO - [2022-05-19 00:12:12,914] {dag.py:2937} INFO - Setting next_dagrun for example_weekday_branch_operator to 2022-05-18 00:00:00+00:00
[2022-05-19 00:12:12,926] {processor.py:171} INFO - Processing /home/airflow/.local/lib/python3.8/site-packages/airflow/example_dags/example_branch_day_of_week_operator.py took 0.068 seconds
[2022-05-19 00:12:43,594] {processor.py:163} INFO - Started process (PID=8282) to work on /home/airflow/.local/lib/python3.8/site-packages/airflow/example_dags/example_branch_day_of_week_operator.py
[2022-05-19 00:12:43,597] {processor.py:642} INFO - Processing file /home/airflow/.local/lib/python3.8/site-packages/airflow/example_dags/example_branch_day_of_week_operator.py for tasks to queue
[2022-05-19 00:12:43,598] {logging_mixin.py:109} INFO - [2022-05-19 00:12:43,598] {dagbag.py:500} INFO - Filling up the DagBag from /home/airflow/.local/lib/python3.8/site-packages/airflow/example_dags/example_branch_day_of_week_operator.py
[2022-05-19 00:12:43,657] {processor.py:654} INFO - DAG(s) dict_keys(['example_weekday_branch_operator']) retrieved from /home/airflow/.local/lib/python3.8/site-packages/airflow/example_dags/example_branch_day_of_week_operator.py
[2022-05-19 00:12:43,682] {logging_mixin.py:109} INFO - [2022-05-19 00:12:43,682] {dag.py:2398} INFO - Sync 1 DAGs
[2022-05-19 00:12:43,706] {logging_mixin.py:109} INFO - [2022-05-19 00:12:43,706] {dag.py:2937} INFO - Setting next_dagrun for example_weekday_branch_operator to 2022-05-18 00:00:00+00:00
[2022-05-19 00:12:43,716] {processor.py:171} INFO - Processing /home/airflow/.local/lib/python3.8/site-packages/airflow/example_dags/example_branch_day_of_week_operator.py took 0.126 seconds
[2022-05-19 00:13:14,615] {processor.py:163} INFO - Started process (PID=8394) to work on /home/airflow/.local/lib/python3.8/site-packages/airflow/example_dags/example_branch_day_of_week_operator.py
[2022-05-19 00:13:14,616] {processor.py:642} INFO - Processing file /home/airflow/.local/lib/python3.8/site-packages/airflow/example_dags/example_branch_day_of_week_operator.py for tasks to queue
[2022-05-19 00:13:14,617] {logging_mixin.py:109} INFO - [2022-05-19 00:13:14,616] {dagbag.py:500} INFO - Filling up the DagBag from /home/airflow/.local/lib/python3.8/site-packages/airflow/example_dags/example_branch_day_of_week_operator.py
[2022-05-19 00:13:14,683] {processor.py:654} INFO - DAG(s) dict_keys(['example_weekday_branch_operator']) retrieved from /home/airflow/.local/lib/python3.8/site-packages/airflow/example_dags/example_branch_day_of_week_operator.py
[2022-05-19 00:13:14,703] {logging_mixin.py:109} INFO - [2022-05-19 00:13:14,702] {dag.py:2398} INFO - Sync 1 DAGs
[2022-05-19 00:13:14,731] {logging_mixin.py:109} INFO - [2022-05-19 00:13:14,731] {dag.py:2937} INFO - Setting next_dagrun for example_weekday_branch_operator to 2022-05-18 00:00:00+00:00
[2022-05-19 00:13:14,751] {processor.py:171} INFO - Processing /home/airflow/.local/lib/python3.8/site-packages/airflow/example_dags/example_branch_day_of_week_operator.py took 0.138 seconds
[2022-05-19 00:13:46,037] {processor.py:163} INFO - Started process (PID=8478) to work on /home/airflow/.local/lib/python3.8/site-packages/airflow/example_dags/example_branch_day_of_week_operator.py
[2022-05-19 00:13:46,038] {processor.py:642} INFO - Processing file /home/airflow/.local/lib/python3.8/site-packages/airflow/example_dags/example_branch_day_of_week_operator.py for tasks to queue
[2022-05-19 00:13:46,039] {logging_mixin.py:109} INFO - [2022-05-19 00:13:46,039] {dagbag.py:500} INFO - Filling up the DagBag from /home/airflow/.local/lib/python3.8/site-packages/airflow/example_dags/example_branch_day_of_week_operator.py
[2022-05-19 00:13:46,071] {processor.py:654} INFO - DAG(s) dict_keys(['example_weekday_branch_operator']) retrieved from /home/airflow/.local/lib/python3.8/site-packages/airflow/example_dags/example_branch_day_of_week_operator.py
[2022-05-19 00:13:46,083] {logging_mixin.py:109} INFO - [2022-05-19 00:13:46,083] {dag.py:2398} INFO - Sync 1 DAGs
[2022-05-19 00:13:46,105] {logging_mixin.py:109} INFO - [2022-05-19 00:13:46,105] {dag.py:2937} INFO - Setting next_dagrun for example_weekday_branch_operator to 2022-05-18 00:00:00+00:00
[2022-05-19 00:13:46,120] {processor.py:171} INFO - Processing /home/airflow/.local/lib/python3.8/site-packages/airflow/example_dags/example_branch_day_of_week_operator.py took 0.087 seconds
[2022-05-19 00:14:16,790] {processor.py:163} INFO - Started process (PID=8588) to work on /home/airflow/.local/lib/python3.8/site-packages/airflow/example_dags/example_branch_day_of_week_operator.py
[2022-05-19 00:14:16,791] {processor.py:642} INFO - Processing file /home/airflow/.local/lib/python3.8/site-packages/airflow/example_dags/example_branch_day_of_week_operator.py for tasks to queue
[2022-05-19 00:14:16,792] {logging_mixin.py:109} INFO - [2022-05-19 00:14:16,792] {dagbag.py:500} INFO - Filling up the DagBag from /home/airflow/.local/lib/python3.8/site-packages/airflow/example_dags/example_branch_day_of_week_operator.py
[2022-05-19 00:14:16,831] {processor.py:654} INFO - DAG(s) dict_keys(['example_weekday_branch_operator']) retrieved from /home/airflow/.local/lib/python3.8/site-packages/airflow/example_dags/example_branch_day_of_week_operator.py
[2022-05-19 00:14:16,841] {logging_mixin.py:109} INFO - [2022-05-19 00:14:16,841] {dag.py:2398} INFO - Sync 1 DAGs
[2022-05-19 00:14:16,859] {logging_mixin.py:109} INFO - [2022-05-19 00:14:16,859] {dag.py:2937} INFO - Setting next_dagrun for example_weekday_branch_operator to 2022-05-18 00:00:00+00:00
[2022-05-19 00:14:16,872] {processor.py:171} INFO - Processing /home/airflow/.local/lib/python3.8/site-packages/airflow/example_dags/example_branch_day_of_week_operator.py took 0.086 seconds
[2022-05-19 00:14:48,155] {processor.py:163} INFO - Started process (PID=8678) to work on /home/airflow/.local/lib/python3.8/site-packages/airflow/example_dags/example_branch_day_of_week_operator.py
[2022-05-19 00:14:48,156] {processor.py:642} INFO - Processing file /home/airflow/.local/lib/python3.8/site-packages/airflow/example_dags/example_branch_day_of_week_operator.py for tasks to queue
[2022-05-19 00:14:48,157] {logging_mixin.py:109} INFO - [2022-05-19 00:14:48,157] {dagbag.py:500} INFO - Filling up the DagBag from /home/airflow/.local/lib/python3.8/site-packages/airflow/example_dags/example_branch_day_of_week_operator.py
[2022-05-19 00:14:48,185] {processor.py:654} INFO - DAG(s) dict_keys(['example_weekday_branch_operator']) retrieved from /home/airflow/.local/lib/python3.8/site-packages/airflow/example_dags/example_branch_day_of_week_operator.py
[2022-05-19 00:14:48,193] {logging_mixin.py:109} INFO - [2022-05-19 00:14:48,193] {dag.py:2398} INFO - Sync 1 DAGs
[2022-05-19 00:14:48,209] {logging_mixin.py:109} INFO - [2022-05-19 00:14:48,209] {dag.py:2937} INFO - Setting next_dagrun for example_weekday_branch_operator to 2022-05-18 00:00:00+00:00
[2022-05-19 00:14:48,300] {processor.py:171} INFO - Processing /home/airflow/.local/lib/python3.8/site-packages/airflow/example_dags/example_branch_day_of_week_operator.py took 0.148 seconds
[2022-05-19 00:15:18,534] {processor.py:163} INFO - Started process (PID=8762) to work on /home/airflow/.local/lib/python3.8/site-packages/airflow/example_dags/example_branch_day_of_week_operator.py
[2022-05-19 00:15:18,535] {processor.py:642} INFO - Processing file /home/airflow/.local/lib/python3.8/site-packages/airflow/example_dags/example_branch_day_of_week_operator.py for tasks to queue
[2022-05-19 00:15:18,536] {logging_mixin.py:109} INFO - [2022-05-19 00:15:18,536] {dagbag.py:500} INFO - Filling up the DagBag from /home/airflow/.local/lib/python3.8/site-packages/airflow/example_dags/example_branch_day_of_week_operator.py
[2022-05-19 00:15:18,572] {processor.py:654} INFO - DAG(s) dict_keys(['example_weekday_branch_operator']) retrieved from /home/airflow/.local/lib/python3.8/site-packages/airflow/example_dags/example_branch_day_of_week_operator.py
[2022-05-19 00:15:18,581] {logging_mixin.py:109} INFO - [2022-05-19 00:15:18,581] {dag.py:2398} INFO - Sync 1 DAGs
[2022-05-19 00:15:18,596] {logging_mixin.py:109} INFO - [2022-05-19 00:15:18,596] {dag.py:2937} INFO - Setting next_dagrun for example_weekday_branch_operator to 2022-05-18 00:00:00+00:00
[2022-05-19 00:15:18,680] {processor.py:171} INFO - Processing /home/airflow/.local/lib/python3.8/site-packages/airflow/example_dags/example_branch_day_of_week_operator.py took 0.148 seconds
[2022-05-19 00:15:49,401] {processor.py:163} INFO - Started process (PID=8874) to work on /home/airflow/.local/lib/python3.8/site-packages/airflow/example_dags/example_branch_day_of_week_operator.py
[2022-05-19 00:15:49,403] {processor.py:642} INFO - Processing file /home/airflow/.local/lib/python3.8/site-packages/airflow/example_dags/example_branch_day_of_week_operator.py for tasks to queue
[2022-05-19 00:15:49,404] {logging_mixin.py:109} INFO - [2022-05-19 00:15:49,404] {dagbag.py:500} INFO - Filling up the DagBag from /home/airflow/.local/lib/python3.8/site-packages/airflow/example_dags/example_branch_day_of_week_operator.py
[2022-05-19 00:15:49,461] {processor.py:654} INFO - DAG(s) dict_keys(['example_weekday_branch_operator']) retrieved from /home/airflow/.local/lib/python3.8/site-packages/airflow/example_dags/example_branch_day_of_week_operator.py
[2022-05-19 00:15:49,480] {logging_mixin.py:109} INFO - [2022-05-19 00:15:49,480] {dag.py:2398} INFO - Sync 1 DAGs
[2022-05-19 00:15:49,723] {logging_mixin.py:109} INFO - [2022-05-19 00:15:49,723] {dag.py:2937} INFO - Setting next_dagrun for example_weekday_branch_operator to 2022-05-18 00:00:00+00:00
[2022-05-19 00:15:49,740] {processor.py:171} INFO - Processing /home/airflow/.local/lib/python3.8/site-packages/airflow/example_dags/example_branch_day_of_week_operator.py took 0.342 seconds
[2022-05-19 00:16:20,584] {processor.py:163} INFO - Started process (PID=8958) to work on /home/airflow/.local/lib/python3.8/site-packages/airflow/example_dags/example_branch_day_of_week_operator.py
[2022-05-19 00:16:20,585] {processor.py:642} INFO - Processing file /home/airflow/.local/lib/python3.8/site-packages/airflow/example_dags/example_branch_day_of_week_operator.py for tasks to queue
[2022-05-19 00:16:20,586] {logging_mixin.py:109} INFO - [2022-05-19 00:16:20,586] {dagbag.py:500} INFO - Filling up the DagBag from /home/airflow/.local/lib/python3.8/site-packages/airflow/example_dags/example_branch_day_of_week_operator.py
[2022-05-19 00:16:20,613] {processor.py:654} INFO - DAG(s) dict_keys(['example_weekday_branch_operator']) retrieved from /home/airflow/.local/lib/python3.8/site-packages/airflow/example_dags/example_branch_day_of_week_operator.py
[2022-05-19 00:16:20,623] {logging_mixin.py:109} INFO - [2022-05-19 00:16:20,623] {dag.py:2398} INFO - Sync 1 DAGs
[2022-05-19 00:16:20,712] {logging_mixin.py:109} INFO - [2022-05-19 00:16:20,712] {dag.py:2937} INFO - Setting next_dagrun for example_weekday_branch_operator to 2022-05-18 00:00:00+00:00
[2022-05-19 00:16:20,728] {processor.py:171} INFO - Processing /home/airflow/.local/lib/python3.8/site-packages/airflow/example_dags/example_branch_day_of_week_operator.py took 0.145 seconds
[2022-05-19 00:16:50,938] {processor.py:163} INFO - Started process (PID=9042) to work on /home/airflow/.local/lib/python3.8/site-packages/airflow/example_dags/example_branch_day_of_week_operator.py
[2022-05-19 00:16:50,939] {processor.py:642} INFO - Processing file /home/airflow/.local/lib/python3.8/site-packages/airflow/example_dags/example_branch_day_of_week_operator.py for tasks to queue
[2022-05-19 00:16:50,939] {logging_mixin.py:109} INFO - [2022-05-19 00:16:50,939] {dagbag.py:500} INFO - Filling up the DagBag from /home/airflow/.local/lib/python3.8/site-packages/airflow/example_dags/example_branch_day_of_week_operator.py
[2022-05-19 00:16:50,976] {processor.py:654} INFO - DAG(s) dict_keys(['example_weekday_branch_operator']) retrieved from /home/airflow/.local/lib/python3.8/site-packages/airflow/example_dags/example_branch_day_of_week_operator.py
[2022-05-19 00:16:50,988] {logging_mixin.py:109} INFO - [2022-05-19 00:16:50,987] {dag.py:2398} INFO - Sync 1 DAGs
[2022-05-19 00:16:51,091] {logging_mixin.py:109} INFO - [2022-05-19 00:16:51,091] {dag.py:2937} INFO - Setting next_dagrun for example_weekday_branch_operator to 2022-05-18 00:00:00+00:00
[2022-05-19 00:16:51,120] {processor.py:171} INFO - Processing /home/airflow/.local/lib/python3.8/site-packages/airflow/example_dags/example_branch_day_of_week_operator.py took 0.185 seconds
[2022-05-19 00:17:21,602] {processor.py:163} INFO - Started process (PID=9135) to work on /home/airflow/.local/lib/python3.8/site-packages/airflow/example_dags/example_branch_day_of_week_operator.py
[2022-05-19 00:17:21,603] {processor.py:642} INFO - Processing file /home/airflow/.local/lib/python3.8/site-packages/airflow/example_dags/example_branch_day_of_week_operator.py for tasks to queue
[2022-05-19 00:17:21,603] {logging_mixin.py:109} INFO - [2022-05-19 00:17:21,603] {dagbag.py:500} INFO - Filling up the DagBag from /home/airflow/.local/lib/python3.8/site-packages/airflow/example_dags/example_branch_day_of_week_operator.py
[2022-05-19 00:17:21,639] {processor.py:654} INFO - DAG(s) dict_keys(['example_weekday_branch_operator']) retrieved from /home/airflow/.local/lib/python3.8/site-packages/airflow/example_dags/example_branch_day_of_week_operator.py
[2022-05-19 00:17:21,736] {logging_mixin.py:109} INFO - [2022-05-19 00:17:21,736] {dag.py:2398} INFO - Sync 1 DAGs
[2022-05-19 00:17:21,753] {logging_mixin.py:109} INFO - [2022-05-19 00:17:21,753] {dag.py:2937} INFO - Setting next_dagrun for example_weekday_branch_operator to 2022-05-18 00:00:00+00:00
[2022-05-19 00:17:21,764] {processor.py:171} INFO - Processing /home/airflow/.local/lib/python3.8/site-packages/airflow/example_dags/example_branch_day_of_week_operator.py took 0.164 seconds
[2022-05-19 00:17:52,056] {processor.py:163} INFO - Started process (PID=9220) to work on /home/airflow/.local/lib/python3.8/site-packages/airflow/example_dags/example_branch_day_of_week_operator.py
[2022-05-19 00:17:52,058] {processor.py:642} INFO - Processing file /home/airflow/.local/lib/python3.8/site-packages/airflow/example_dags/example_branch_day_of_week_operator.py for tasks to queue
[2022-05-19 00:17:52,059] {logging_mixin.py:109} INFO - [2022-05-19 00:17:52,059] {dagbag.py:500} INFO - Filling up the DagBag from /home/airflow/.local/lib/python3.8/site-packages/airflow/example_dags/example_branch_day_of_week_operator.py
[2022-05-19 00:17:52,084] {processor.py:654} INFO - DAG(s) dict_keys(['example_weekday_branch_operator']) retrieved from /home/airflow/.local/lib/python3.8/site-packages/airflow/example_dags/example_branch_day_of_week_operator.py
[2022-05-19 00:17:52,163] {logging_mixin.py:109} INFO - [2022-05-19 00:17:52,163] {dag.py:2398} INFO - Sync 1 DAGs
[2022-05-19 00:17:52,177] {logging_mixin.py:109} INFO - [2022-05-19 00:17:52,177] {dag.py:2937} INFO - Setting next_dagrun for example_weekday_branch_operator to 2022-05-18 00:00:00+00:00
[2022-05-19 00:17:52,188] {processor.py:171} INFO - Processing /home/airflow/.local/lib/python3.8/site-packages/airflow/example_dags/example_branch_day_of_week_operator.py took 0.133 seconds
[2022-05-19 00:18:23,132] {processor.py:163} INFO - Started process (PID=9306) to work on /home/airflow/.local/lib/python3.8/site-packages/airflow/example_dags/example_branch_day_of_week_operator.py
[2022-05-19 00:18:23,133] {processor.py:642} INFO - Processing file /home/airflow/.local/lib/python3.8/site-packages/airflow/example_dags/example_branch_day_of_week_operator.py for tasks to queue
[2022-05-19 00:18:23,133] {logging_mixin.py:109} INFO - [2022-05-19 00:18:23,133] {dagbag.py:500} INFO - Filling up the DagBag from /home/airflow/.local/lib/python3.8/site-packages/airflow/example_dags/example_branch_day_of_week_operator.py
[2022-05-19 00:18:23,167] {processor.py:654} INFO - DAG(s) dict_keys(['example_weekday_branch_operator']) retrieved from /home/airflow/.local/lib/python3.8/site-packages/airflow/example_dags/example_branch_day_of_week_operator.py
[2022-05-19 00:18:23,259] {logging_mixin.py:109} INFO - [2022-05-19 00:18:23,259] {dag.py:2398} INFO - Sync 1 DAGs
[2022-05-19 00:18:23,274] {logging_mixin.py:109} INFO - [2022-05-19 00:18:23,274] {dag.py:2937} INFO - Setting next_dagrun for example_weekday_branch_operator to 2022-05-18 00:00:00+00:00
[2022-05-19 00:18:23,290] {processor.py:171} INFO - Processing /home/airflow/.local/lib/python3.8/site-packages/airflow/example_dags/example_branch_day_of_week_operator.py took 0.159 seconds
[2022-05-19 00:18:54,122] {processor.py:163} INFO - Started process (PID=9400) to work on /home/airflow/.local/lib/python3.8/site-packages/airflow/example_dags/example_branch_day_of_week_operator.py
[2022-05-19 00:18:54,123] {processor.py:642} INFO - Processing file /home/airflow/.local/lib/python3.8/site-packages/airflow/example_dags/example_branch_day_of_week_operator.py for tasks to queue
[2022-05-19 00:18:54,124] {logging_mixin.py:109} INFO - [2022-05-19 00:18:54,124] {dagbag.py:500} INFO - Filling up the DagBag from /home/airflow/.local/lib/python3.8/site-packages/airflow/example_dags/example_branch_day_of_week_operator.py
[2022-05-19 00:18:54,222] {processor.py:654} INFO - DAG(s) dict_keys(['example_weekday_branch_operator']) retrieved from /home/airflow/.local/lib/python3.8/site-packages/airflow/example_dags/example_branch_day_of_week_operator.py
[2022-05-19 00:18:54,230] {logging_mixin.py:109} INFO - [2022-05-19 00:18:54,229] {dag.py:2398} INFO - Sync 1 DAGs
[2022-05-19 00:18:54,245] {logging_mixin.py:109} INFO - [2022-05-19 00:18:54,244] {dag.py:2937} INFO - Setting next_dagrun for example_weekday_branch_operator to 2022-05-18 00:00:00+00:00
[2022-05-19 00:18:54,256] {processor.py:171} INFO - Processing /home/airflow/.local/lib/python3.8/site-packages/airflow/example_dags/example_branch_day_of_week_operator.py took 0.136 seconds
[2022-05-19 00:19:24,647] {processor.py:163} INFO - Started process (PID=9485) to work on /home/airflow/.local/lib/python3.8/site-packages/airflow/example_dags/example_branch_day_of_week_operator.py
[2022-05-19 00:19:24,649] {processor.py:642} INFO - Processing file /home/airflow/.local/lib/python3.8/site-packages/airflow/example_dags/example_branch_day_of_week_operator.py for tasks to queue
[2022-05-19 00:19:24,650] {logging_mixin.py:109} INFO - [2022-05-19 00:19:24,649] {dagbag.py:500} INFO - Filling up the DagBag from /home/airflow/.local/lib/python3.8/site-packages/airflow/example_dags/example_branch_day_of_week_operator.py
[2022-05-19 00:19:24,766] {processor.py:654} INFO - DAG(s) dict_keys(['example_weekday_branch_operator']) retrieved from /home/airflow/.local/lib/python3.8/site-packages/airflow/example_dags/example_branch_day_of_week_operator.py
[2022-05-19 00:19:24,775] {logging_mixin.py:109} INFO - [2022-05-19 00:19:24,775] {dag.py:2398} INFO - Sync 1 DAGs
[2022-05-19 00:19:24,791] {logging_mixin.py:109} INFO - [2022-05-19 00:19:24,791] {dag.py:2937} INFO - Setting next_dagrun for example_weekday_branch_operator to 2022-05-18 00:00:00+00:00
[2022-05-19 00:19:24,803] {processor.py:171} INFO - Processing /home/airflow/.local/lib/python3.8/site-packages/airflow/example_dags/example_branch_day_of_week_operator.py took 0.158 seconds
[2022-05-19 00:19:55,222] {processor.py:163} INFO - Started process (PID=9570) to work on /home/airflow/.local/lib/python3.8/site-packages/airflow/example_dags/example_branch_day_of_week_operator.py
[2022-05-19 00:19:55,224] {processor.py:642} INFO - Processing file /home/airflow/.local/lib/python3.8/site-packages/airflow/example_dags/example_branch_day_of_week_operator.py for tasks to queue
[2022-05-19 00:19:55,224] {logging_mixin.py:109} INFO - [2022-05-19 00:19:55,224] {dagbag.py:500} INFO - Filling up the DagBag from /home/airflow/.local/lib/python3.8/site-packages/airflow/example_dags/example_branch_day_of_week_operator.py
[2022-05-19 00:19:55,330] {processor.py:654} INFO - DAG(s) dict_keys(['example_weekday_branch_operator']) retrieved from /home/airflow/.local/lib/python3.8/site-packages/airflow/example_dags/example_branch_day_of_week_operator.py
[2022-05-19 00:19:55,339] {logging_mixin.py:109} INFO - [2022-05-19 00:19:55,339] {dag.py:2398} INFO - Sync 1 DAGs
[2022-05-19 00:19:55,356] {logging_mixin.py:109} INFO - [2022-05-19 00:19:55,356] {dag.py:2937} INFO - Setting next_dagrun for example_weekday_branch_operator to 2022-05-18 00:00:00+00:00
[2022-05-19 00:19:55,365] {processor.py:171} INFO - Processing /home/airflow/.local/lib/python3.8/site-packages/airflow/example_dags/example_branch_day_of_week_operator.py took 0.145 seconds
[2022-05-19 00:20:26,167] {processor.py:163} INFO - Started process (PID=9663) to work on /home/airflow/.local/lib/python3.8/site-packages/airflow/example_dags/example_branch_day_of_week_operator.py
[2022-05-19 00:20:26,168] {processor.py:642} INFO - Processing file /home/airflow/.local/lib/python3.8/site-packages/airflow/example_dags/example_branch_day_of_week_operator.py for tasks to queue
[2022-05-19 00:20:26,169] {logging_mixin.py:109} INFO - [2022-05-19 00:20:26,168] {dagbag.py:500} INFO - Filling up the DagBag from /home/airflow/.local/lib/python3.8/site-packages/airflow/example_dags/example_branch_day_of_week_operator.py
[2022-05-19 00:20:26,204] {processor.py:654} INFO - DAG(s) dict_keys(['example_weekday_branch_operator']) retrieved from /home/airflow/.local/lib/python3.8/site-packages/airflow/example_dags/example_branch_day_of_week_operator.py
[2022-05-19 00:20:26,215] {logging_mixin.py:109} INFO - [2022-05-19 00:20:26,215] {dag.py:2398} INFO - Sync 1 DAGs
[2022-05-19 00:20:26,237] {logging_mixin.py:109} INFO - [2022-05-19 00:20:26,237] {dag.py:2937} INFO - Setting next_dagrun for example_weekday_branch_operator to 2022-05-18 00:00:00+00:00
[2022-05-19 00:20:26,251] {processor.py:171} INFO - Processing /home/airflow/.local/lib/python3.8/site-packages/airflow/example_dags/example_branch_day_of_week_operator.py took 0.088 seconds
[2022-05-19 00:20:57,056] {processor.py:163} INFO - Started process (PID=9747) to work on /home/airflow/.local/lib/python3.8/site-packages/airflow/example_dags/example_branch_day_of_week_operator.py
[2022-05-19 00:20:57,057] {processor.py:642} INFO - Processing file /home/airflow/.local/lib/python3.8/site-packages/airflow/example_dags/example_branch_day_of_week_operator.py for tasks to queue
[2022-05-19 00:20:57,058] {logging_mixin.py:109} INFO - [2022-05-19 00:20:57,057] {dagbag.py:500} INFO - Filling up the DagBag from /home/airflow/.local/lib/python3.8/site-packages/airflow/example_dags/example_branch_day_of_week_operator.py
[2022-05-19 00:20:57,088] {processor.py:654} INFO - DAG(s) dict_keys(['example_weekday_branch_operator']) retrieved from /home/airflow/.local/lib/python3.8/site-packages/airflow/example_dags/example_branch_day_of_week_operator.py
[2022-05-19 00:20:57,097] {logging_mixin.py:109} INFO - [2022-05-19 00:20:57,096] {dag.py:2398} INFO - Sync 1 DAGs
[2022-05-19 00:20:57,111] {logging_mixin.py:109} INFO - [2022-05-19 00:20:57,111] {dag.py:2937} INFO - Setting next_dagrun for example_weekday_branch_operator to 2022-05-18 00:00:00+00:00
[2022-05-19 00:20:57,121] {processor.py:171} INFO - Processing /home/airflow/.local/lib/python3.8/site-packages/airflow/example_dags/example_branch_day_of_week_operator.py took 0.067 seconds
[2022-05-19 00:21:27,585] {processor.py:163} INFO - Started process (PID=9840) to work on /home/airflow/.local/lib/python3.8/site-packages/airflow/example_dags/example_branch_day_of_week_operator.py
[2022-05-19 00:21:27,586] {processor.py:642} INFO - Processing file /home/airflow/.local/lib/python3.8/site-packages/airflow/example_dags/example_branch_day_of_week_operator.py for tasks to queue
[2022-05-19 00:21:27,587] {logging_mixin.py:109} INFO - [2022-05-19 00:21:27,587] {dagbag.py:500} INFO - Filling up the DagBag from /home/airflow/.local/lib/python3.8/site-packages/airflow/example_dags/example_branch_day_of_week_operator.py
[2022-05-19 00:21:27,625] {processor.py:654} INFO - DAG(s) dict_keys(['example_weekday_branch_operator']) retrieved from /home/airflow/.local/lib/python3.8/site-packages/airflow/example_dags/example_branch_day_of_week_operator.py
[2022-05-19 00:21:27,637] {logging_mixin.py:109} INFO - [2022-05-19 00:21:27,636] {dag.py:2398} INFO - Sync 1 DAGs
[2022-05-19 00:21:27,661] {logging_mixin.py:109} INFO - [2022-05-19 00:21:27,661] {dag.py:2937} INFO - Setting next_dagrun for example_weekday_branch_operator to 2022-05-18 00:00:00+00:00
[2022-05-19 00:21:27,675] {processor.py:171} INFO - Processing /home/airflow/.local/lib/python3.8/site-packages/airflow/example_dags/example_branch_day_of_week_operator.py took 0.092 seconds
[2022-05-19 00:21:57,981] {processor.py:163} INFO - Started process (PID=9979) to work on /home/airflow/.local/lib/python3.8/site-packages/airflow/example_dags/example_branch_day_of_week_operator.py
[2022-05-19 00:21:57,983] {processor.py:642} INFO - Processing file /home/airflow/.local/lib/python3.8/site-packages/airflow/example_dags/example_branch_day_of_week_operator.py for tasks to queue
[2022-05-19 00:21:57,983] {logging_mixin.py:109} INFO - [2022-05-19 00:21:57,983] {dagbag.py:500} INFO - Filling up the DagBag from /home/airflow/.local/lib/python3.8/site-packages/airflow/example_dags/example_branch_day_of_week_operator.py
[2022-05-19 00:21:58,012] {processor.py:654} INFO - DAG(s) dict_keys(['example_weekday_branch_operator']) retrieved from /home/airflow/.local/lib/python3.8/site-packages/airflow/example_dags/example_branch_day_of_week_operator.py
[2022-05-19 00:21:58,019] {logging_mixin.py:109} INFO - [2022-05-19 00:21:58,019] {dag.py:2398} INFO - Sync 1 DAGs
[2022-05-19 00:21:58,034] {logging_mixin.py:109} INFO - [2022-05-19 00:21:58,033] {dag.py:2937} INFO - Setting next_dagrun for example_weekday_branch_operator to 2022-05-18 00:00:00+00:00
[2022-05-19 00:21:58,044] {processor.py:171} INFO - Processing /home/airflow/.local/lib/python3.8/site-packages/airflow/example_dags/example_branch_day_of_week_operator.py took 0.064 seconds
[2022-05-19 00:22:28,328] {processor.py:163} INFO - Started process (PID=10064) to work on /home/airflow/.local/lib/python3.8/site-packages/airflow/example_dags/example_branch_day_of_week_operator.py
[2022-05-19 00:22:28,330] {processor.py:642} INFO - Processing file /home/airflow/.local/lib/python3.8/site-packages/airflow/example_dags/example_branch_day_of_week_operator.py for tasks to queue
[2022-05-19 00:22:28,330] {logging_mixin.py:109} INFO - [2022-05-19 00:22:28,330] {dagbag.py:500} INFO - Filling up the DagBag from /home/airflow/.local/lib/python3.8/site-packages/airflow/example_dags/example_branch_day_of_week_operator.py
[2022-05-19 00:22:28,357] {processor.py:654} INFO - DAG(s) dict_keys(['example_weekday_branch_operator']) retrieved from /home/airflow/.local/lib/python3.8/site-packages/airflow/example_dags/example_branch_day_of_week_operator.py
[2022-05-19 00:22:28,366] {logging_mixin.py:109} INFO - [2022-05-19 00:22:28,366] {dag.py:2398} INFO - Sync 1 DAGs
[2022-05-19 00:22:28,385] {logging_mixin.py:109} INFO - [2022-05-19 00:22:28,385] {dag.py:2937} INFO - Setting next_dagrun for example_weekday_branch_operator to 2022-05-18 00:00:00+00:00
[2022-05-19 00:22:28,396] {processor.py:171} INFO - Processing /home/airflow/.local/lib/python3.8/site-packages/airflow/example_dags/example_branch_day_of_week_operator.py took 0.071 seconds
[2022-05-19 00:22:59,596] {processor.py:163} INFO - Started process (PID=10157) to work on /home/airflow/.local/lib/python3.8/site-packages/airflow/example_dags/example_branch_day_of_week_operator.py
[2022-05-19 00:22:59,599] {processor.py:642} INFO - Processing file /home/airflow/.local/lib/python3.8/site-packages/airflow/example_dags/example_branch_day_of_week_operator.py for tasks to queue
[2022-05-19 00:22:59,600] {logging_mixin.py:109} INFO - [2022-05-19 00:22:59,599] {dagbag.py:500} INFO - Filling up the DagBag from /home/airflow/.local/lib/python3.8/site-packages/airflow/example_dags/example_branch_day_of_week_operator.py
[2022-05-19 00:22:59,684] {processor.py:654} INFO - DAG(s) dict_keys(['example_weekday_branch_operator']) retrieved from /home/airflow/.local/lib/python3.8/site-packages/airflow/example_dags/example_branch_day_of_week_operator.py
[2022-05-19 00:22:59,707] {logging_mixin.py:109} INFO - [2022-05-19 00:22:59,706] {dag.py:2398} INFO - Sync 1 DAGs
[2022-05-19 00:22:59,748] {logging_mixin.py:109} INFO - [2022-05-19 00:22:59,748] {dag.py:2937} INFO - Setting next_dagrun for example_weekday_branch_operator to 2022-05-18 00:00:00+00:00
[2022-05-19 00:22:59,769] {processor.py:171} INFO - Processing /home/airflow/.local/lib/python3.8/site-packages/airflow/example_dags/example_branch_day_of_week_operator.py took 0.177 seconds
[2022-05-19 00:23:30,758] {processor.py:163} INFO - Started process (PID=10241) to work on /home/airflow/.local/lib/python3.8/site-packages/airflow/example_dags/example_branch_day_of_week_operator.py
[2022-05-19 00:23:30,759] {processor.py:642} INFO - Processing file /home/airflow/.local/lib/python3.8/site-packages/airflow/example_dags/example_branch_day_of_week_operator.py for tasks to queue
[2022-05-19 00:23:30,760] {logging_mixin.py:109} INFO - [2022-05-19 00:23:30,760] {dagbag.py:500} INFO - Filling up the DagBag from /home/airflow/.local/lib/python3.8/site-packages/airflow/example_dags/example_branch_day_of_week_operator.py
[2022-05-19 00:23:30,805] {processor.py:654} INFO - DAG(s) dict_keys(['example_weekday_branch_operator']) retrieved from /home/airflow/.local/lib/python3.8/site-packages/airflow/example_dags/example_branch_day_of_week_operator.py
[2022-05-19 00:23:30,816] {logging_mixin.py:109} INFO - [2022-05-19 00:23:30,816] {dag.py:2398} INFO - Sync 1 DAGs
[2022-05-19 00:23:30,831] {logging_mixin.py:109} INFO - [2022-05-19 00:23:30,831] {dag.py:2937} INFO - Setting next_dagrun for example_weekday_branch_operator to 2022-05-18 00:00:00+00:00
[2022-05-19 00:23:30,841] {processor.py:171} INFO - Processing /home/airflow/.local/lib/python3.8/site-packages/airflow/example_dags/example_branch_day_of_week_operator.py took 0.085 seconds
[2022-05-19 00:24:02,131] {processor.py:163} INFO - Started process (PID=10326) to work on /home/airflow/.local/lib/python3.8/site-packages/airflow/example_dags/example_branch_day_of_week_operator.py
[2022-05-19 00:24:02,132] {processor.py:642} INFO - Processing file /home/airflow/.local/lib/python3.8/site-packages/airflow/example_dags/example_branch_day_of_week_operator.py for tasks to queue
[2022-05-19 00:24:02,133] {logging_mixin.py:109} INFO - [2022-05-19 00:24:02,133] {dagbag.py:500} INFO - Filling up the DagBag from /home/airflow/.local/lib/python3.8/site-packages/airflow/example_dags/example_branch_day_of_week_operator.py
[2022-05-19 00:24:02,163] {processor.py:654} INFO - DAG(s) dict_keys(['example_weekday_branch_operator']) retrieved from /home/airflow/.local/lib/python3.8/site-packages/airflow/example_dags/example_branch_day_of_week_operator.py
[2022-05-19 00:24:02,172] {logging_mixin.py:109} INFO - [2022-05-19 00:24:02,171] {dag.py:2398} INFO - Sync 1 DAGs
[2022-05-19 00:24:02,188] {logging_mixin.py:109} INFO - [2022-05-19 00:24:02,188] {dag.py:2937} INFO - Setting next_dagrun for example_weekday_branch_operator to 2022-05-18 00:00:00+00:00
[2022-05-19 00:24:02,199] {processor.py:171} INFO - Processing /home/airflow/.local/lib/python3.8/site-packages/airflow/example_dags/example_branch_day_of_week_operator.py took 0.070 seconds
[2022-05-19 00:24:33,208] {processor.py:163} INFO - Started process (PID=10421) to work on /home/airflow/.local/lib/python3.8/site-packages/airflow/example_dags/example_branch_day_of_week_operator.py
[2022-05-19 00:24:33,209] {processor.py:642} INFO - Processing file /home/airflow/.local/lib/python3.8/site-packages/airflow/example_dags/example_branch_day_of_week_operator.py for tasks to queue
[2022-05-19 00:24:33,210] {logging_mixin.py:109} INFO - [2022-05-19 00:24:33,210] {dagbag.py:500} INFO - Filling up the DagBag from /home/airflow/.local/lib/python3.8/site-packages/airflow/example_dags/example_branch_day_of_week_operator.py
[2022-05-19 00:24:33,235] {processor.py:654} INFO - DAG(s) dict_keys(['example_weekday_branch_operator']) retrieved from /home/airflow/.local/lib/python3.8/site-packages/airflow/example_dags/example_branch_day_of_week_operator.py
[2022-05-19 00:24:33,244] {logging_mixin.py:109} INFO - [2022-05-19 00:24:33,244] {dag.py:2398} INFO - Sync 1 DAGs
[2022-05-19 00:24:33,258] {logging_mixin.py:109} INFO - [2022-05-19 00:24:33,258] {dag.py:2937} INFO - Setting next_dagrun for example_weekday_branch_operator to 2022-05-18 00:00:00+00:00
[2022-05-19 00:24:33,268] {processor.py:171} INFO - Processing /home/airflow/.local/lib/python3.8/site-packages/airflow/example_dags/example_branch_day_of_week_operator.py took 0.062 seconds
[2022-05-19 00:25:03,321] {processor.py:163} INFO - Started process (PID=10473) to work on /home/airflow/.local/lib/python3.8/site-packages/airflow/example_dags/example_branch_day_of_week_operator.py
[2022-05-19 00:25:03,322] {processor.py:642} INFO - Processing file /home/airflow/.local/lib/python3.8/site-packages/airflow/example_dags/example_branch_day_of_week_operator.py for tasks to queue
[2022-05-19 00:25:03,322] {logging_mixin.py:109} INFO - [2022-05-19 00:25:03,322] {dagbag.py:500} INFO - Filling up the DagBag from /home/airflow/.local/lib/python3.8/site-packages/airflow/example_dags/example_branch_day_of_week_operator.py
[2022-05-19 00:25:03,349] {processor.py:654} INFO - DAG(s) dict_keys(['example_weekday_branch_operator']) retrieved from /home/airflow/.local/lib/python3.8/site-packages/airflow/example_dags/example_branch_day_of_week_operator.py
[2022-05-19 00:25:03,371] {logging_mixin.py:109} INFO - [2022-05-19 00:25:03,371] {dag.py:2398} INFO - Sync 1 DAGs
[2022-05-19 00:25:03,403] {logging_mixin.py:109} INFO - [2022-05-19 00:25:03,403] {dag.py:2937} INFO - Setting next_dagrun for example_weekday_branch_operator to 2022-05-18 00:00:00+00:00
[2022-05-19 00:25:03,431] {processor.py:171} INFO - Processing /home/airflow/.local/lib/python3.8/site-packages/airflow/example_dags/example_branch_day_of_week_operator.py took 0.112 seconds
[2022-05-19 00:25:34,169] {processor.py:163} INFO - Started process (PID=10563) to work on /home/airflow/.local/lib/python3.8/site-packages/airflow/example_dags/example_branch_day_of_week_operator.py
[2022-05-19 00:25:34,171] {processor.py:642} INFO - Processing file /home/airflow/.local/lib/python3.8/site-packages/airflow/example_dags/example_branch_day_of_week_operator.py for tasks to queue
[2022-05-19 00:25:34,171] {logging_mixin.py:109} INFO - [2022-05-19 00:25:34,171] {dagbag.py:500} INFO - Filling up the DagBag from /home/airflow/.local/lib/python3.8/site-packages/airflow/example_dags/example_branch_day_of_week_operator.py
[2022-05-19 00:25:34,205] {processor.py:654} INFO - DAG(s) dict_keys(['example_weekday_branch_operator']) retrieved from /home/airflow/.local/lib/python3.8/site-packages/airflow/example_dags/example_branch_day_of_week_operator.py
[2022-05-19 00:25:34,215] {logging_mixin.py:109} INFO - [2022-05-19 00:25:34,215] {dag.py:2398} INFO - Sync 1 DAGs
[2022-05-19 00:25:34,235] {logging_mixin.py:109} INFO - [2022-05-19 00:25:34,235] {dag.py:2937} INFO - Setting next_dagrun for example_weekday_branch_operator to 2022-05-18 00:00:00+00:00
[2022-05-19 00:25:34,247] {processor.py:171} INFO - Processing /home/airflow/.local/lib/python3.8/site-packages/airflow/example_dags/example_branch_day_of_week_operator.py took 0.080 seconds
[2022-05-19 00:26:04,895] {processor.py:163} INFO - Started process (PID=10649) to work on /home/airflow/.local/lib/python3.8/site-packages/airflow/example_dags/example_branch_day_of_week_operator.py
[2022-05-19 00:26:04,897] {processor.py:642} INFO - Processing file /home/airflow/.local/lib/python3.8/site-packages/airflow/example_dags/example_branch_day_of_week_operator.py for tasks to queue
[2022-05-19 00:26:04,899] {logging_mixin.py:109} INFO - [2022-05-19 00:26:04,898] {dagbag.py:500} INFO - Filling up the DagBag from /home/airflow/.local/lib/python3.8/site-packages/airflow/example_dags/example_branch_day_of_week_operator.py
[2022-05-19 00:26:04,970] {processor.py:654} INFO - DAG(s) dict_keys(['example_weekday_branch_operator']) retrieved from /home/airflow/.local/lib/python3.8/site-packages/airflow/example_dags/example_branch_day_of_week_operator.py
[2022-05-19 00:26:04,982] {logging_mixin.py:109} INFO - [2022-05-19 00:26:04,982] {dag.py:2398} INFO - Sync 1 DAGs
[2022-05-19 00:26:05,013] {logging_mixin.py:109} INFO - [2022-05-19 00:26:05,013] {dag.py:2937} INFO - Setting next_dagrun for example_weekday_branch_operator to 2022-05-18 00:00:00+00:00
[2022-05-19 00:26:05,023] {processor.py:171} INFO - Processing /home/airflow/.local/lib/python3.8/site-packages/airflow/example_dags/example_branch_day_of_week_operator.py took 0.130 seconds
[2022-05-19 00:26:35,538] {processor.py:163} INFO - Started process (PID=10733) to work on /home/airflow/.local/lib/python3.8/site-packages/airflow/example_dags/example_branch_day_of_week_operator.py
[2022-05-19 00:26:35,539] {processor.py:642} INFO - Processing file /home/airflow/.local/lib/python3.8/site-packages/airflow/example_dags/example_branch_day_of_week_operator.py for tasks to queue
[2022-05-19 00:26:35,540] {logging_mixin.py:109} INFO - [2022-05-19 00:26:35,540] {dagbag.py:500} INFO - Filling up the DagBag from /home/airflow/.local/lib/python3.8/site-packages/airflow/example_dags/example_branch_day_of_week_operator.py
[2022-05-19 00:26:35,577] {processor.py:654} INFO - DAG(s) dict_keys(['example_weekday_branch_operator']) retrieved from /home/airflow/.local/lib/python3.8/site-packages/airflow/example_dags/example_branch_day_of_week_operator.py
[2022-05-19 00:26:35,593] {logging_mixin.py:109} INFO - [2022-05-19 00:26:35,593] {dag.py:2398} INFO - Sync 1 DAGs
[2022-05-19 00:26:35,626] {logging_mixin.py:109} INFO - [2022-05-19 00:26:35,625] {dag.py:2937} INFO - Setting next_dagrun for example_weekday_branch_operator to 2022-05-18 00:00:00+00:00
[2022-05-19 00:26:35,645] {processor.py:171} INFO - Processing /home/airflow/.local/lib/python3.8/site-packages/airflow/example_dags/example_branch_day_of_week_operator.py took 0.109 seconds
[2022-05-19 00:27:05,969] {processor.py:163} INFO - Started process (PID=10827) to work on /home/airflow/.local/lib/python3.8/site-packages/airflow/example_dags/example_branch_day_of_week_operator.py
[2022-05-19 00:27:05,971] {processor.py:642} INFO - Processing file /home/airflow/.local/lib/python3.8/site-packages/airflow/example_dags/example_branch_day_of_week_operator.py for tasks to queue
[2022-05-19 00:27:05,971] {logging_mixin.py:109} INFO - [2022-05-19 00:27:05,971] {dagbag.py:500} INFO - Filling up the DagBag from /home/airflow/.local/lib/python3.8/site-packages/airflow/example_dags/example_branch_day_of_week_operator.py
[2022-05-19 00:27:05,999] {processor.py:654} INFO - DAG(s) dict_keys(['example_weekday_branch_operator']) retrieved from /home/airflow/.local/lib/python3.8/site-packages/airflow/example_dags/example_branch_day_of_week_operator.py
[2022-05-19 00:27:06,007] {logging_mixin.py:109} INFO - [2022-05-19 00:27:06,007] {dag.py:2398} INFO - Sync 1 DAGs
[2022-05-19 00:27:06,024] {logging_mixin.py:109} INFO - [2022-05-19 00:27:06,024] {dag.py:2937} INFO - Setting next_dagrun for example_weekday_branch_operator to 2022-05-18 00:00:00+00:00
[2022-05-19 00:27:06,035] {processor.py:171} INFO - Processing /home/airflow/.local/lib/python3.8/site-packages/airflow/example_dags/example_branch_day_of_week_operator.py took 0.069 seconds
[2022-05-19 00:27:36,956] {processor.py:163} INFO - Started process (PID=10894) to work on /home/airflow/.local/lib/python3.8/site-packages/airflow/example_dags/example_branch_day_of_week_operator.py
[2022-05-19 00:27:36,957] {processor.py:642} INFO - Processing file /home/airflow/.local/lib/python3.8/site-packages/airflow/example_dags/example_branch_day_of_week_operator.py for tasks to queue
[2022-05-19 00:27:36,957] {logging_mixin.py:109} INFO - [2022-05-19 00:27:36,957] {dagbag.py:500} INFO - Filling up the DagBag from /home/airflow/.local/lib/python3.8/site-packages/airflow/example_dags/example_branch_day_of_week_operator.py
[2022-05-19 00:27:36,990] {processor.py:654} INFO - DAG(s) dict_keys(['example_weekday_branch_operator']) retrieved from /home/airflow/.local/lib/python3.8/site-packages/airflow/example_dags/example_branch_day_of_week_operator.py
[2022-05-19 00:27:36,997] {logging_mixin.py:109} INFO - [2022-05-19 00:27:36,997] {dag.py:2398} INFO - Sync 1 DAGs
[2022-05-19 00:27:37,012] {logging_mixin.py:109} INFO - [2022-05-19 00:27:37,012] {dag.py:2937} INFO - Setting next_dagrun for example_weekday_branch_operator to 2022-05-18 00:00:00+00:00
[2022-05-19 00:27:37,032] {processor.py:171} INFO - Processing /home/airflow/.local/lib/python3.8/site-packages/airflow/example_dags/example_branch_day_of_week_operator.py took 0.078 seconds
[2022-05-19 00:28:07,853] {processor.py:163} INFO - Started process (PID=10962) to work on /home/airflow/.local/lib/python3.8/site-packages/airflow/example_dags/example_branch_day_of_week_operator.py
[2022-05-19 00:28:07,876] {processor.py:642} INFO - Processing file /home/airflow/.local/lib/python3.8/site-packages/airflow/example_dags/example_branch_day_of_week_operator.py for tasks to queue
[2022-05-19 00:28:07,877] {logging_mixin.py:109} INFO - [2022-05-19 00:28:07,877] {dagbag.py:500} INFO - Filling up the DagBag from /home/airflow/.local/lib/python3.8/site-packages/airflow/example_dags/example_branch_day_of_week_operator.py
[2022-05-19 00:28:07,911] {processor.py:654} INFO - DAG(s) dict_keys(['example_weekday_branch_operator']) retrieved from /home/airflow/.local/lib/python3.8/site-packages/airflow/example_dags/example_branch_day_of_week_operator.py
[2022-05-19 00:28:07,923] {logging_mixin.py:109} INFO - [2022-05-19 00:28:07,923] {dag.py:2398} INFO - Sync 1 DAGs
[2022-05-19 00:28:07,940] {logging_mixin.py:109} INFO - [2022-05-19 00:28:07,940] {dag.py:2937} INFO - Setting next_dagrun for example_weekday_branch_operator to 2022-05-18 00:00:00+00:00
[2022-05-19 00:28:07,965] {processor.py:171} INFO - Processing /home/airflow/.local/lib/python3.8/site-packages/airflow/example_dags/example_branch_day_of_week_operator.py took 0.115 seconds
[2022-05-19 00:28:39,019] {processor.py:163} INFO - Started process (PID=11039) to work on /home/airflow/.local/lib/python3.8/site-packages/airflow/example_dags/example_branch_day_of_week_operator.py
[2022-05-19 00:28:39,020] {processor.py:642} INFO - Processing file /home/airflow/.local/lib/python3.8/site-packages/airflow/example_dags/example_branch_day_of_week_operator.py for tasks to queue
[2022-05-19 00:28:39,021] {logging_mixin.py:109} INFO - [2022-05-19 00:28:39,021] {dagbag.py:500} INFO - Filling up the DagBag from /home/airflow/.local/lib/python3.8/site-packages/airflow/example_dags/example_branch_day_of_week_operator.py
[2022-05-19 00:28:39,055] {processor.py:654} INFO - DAG(s) dict_keys(['example_weekday_branch_operator']) retrieved from /home/airflow/.local/lib/python3.8/site-packages/airflow/example_dags/example_branch_day_of_week_operator.py
[2022-05-19 00:28:39,064] {logging_mixin.py:109} INFO - [2022-05-19 00:28:39,064] {dag.py:2398} INFO - Sync 1 DAGs
[2022-05-19 00:28:39,081] {logging_mixin.py:109} INFO - [2022-05-19 00:28:39,080] {dag.py:2937} INFO - Setting next_dagrun for example_weekday_branch_operator to 2022-05-18 00:00:00+00:00
[2022-05-19 00:28:39,091] {processor.py:171} INFO - Processing /home/airflow/.local/lib/python3.8/site-packages/airflow/example_dags/example_branch_day_of_week_operator.py took 0.074 seconds
[2022-05-19 00:29:10,227] {processor.py:163} INFO - Started process (PID=11107) to work on /home/airflow/.local/lib/python3.8/site-packages/airflow/example_dags/example_branch_day_of_week_operator.py
[2022-05-19 00:29:10,228] {processor.py:642} INFO - Processing file /home/airflow/.local/lib/python3.8/site-packages/airflow/example_dags/example_branch_day_of_week_operator.py for tasks to queue
[2022-05-19 00:29:10,229] {logging_mixin.py:109} INFO - [2022-05-19 00:29:10,229] {dagbag.py:500} INFO - Filling up the DagBag from /home/airflow/.local/lib/python3.8/site-packages/airflow/example_dags/example_branch_day_of_week_operator.py
[2022-05-19 00:29:10,274] {processor.py:654} INFO - DAG(s) dict_keys(['example_weekday_branch_operator']) retrieved from /home/airflow/.local/lib/python3.8/site-packages/airflow/example_dags/example_branch_day_of_week_operator.py
[2022-05-19 00:29:10,285] {logging_mixin.py:109} INFO - [2022-05-19 00:29:10,285] {dag.py:2398} INFO - Sync 1 DAGs
[2022-05-19 00:29:10,302] {logging_mixin.py:109} INFO - [2022-05-19 00:29:10,302] {dag.py:2937} INFO - Setting next_dagrun for example_weekday_branch_operator to 2022-05-18 00:00:00+00:00
[2022-05-19 00:29:10,313] {processor.py:171} INFO - Processing /home/airflow/.local/lib/python3.8/site-packages/airflow/example_dags/example_branch_day_of_week_operator.py took 0.089 seconds
[2022-05-19 00:29:40,575] {processor.py:163} INFO - Started process (PID=11192) to work on /home/airflow/.local/lib/python3.8/site-packages/airflow/example_dags/example_branch_day_of_week_operator.py
[2022-05-19 00:29:40,576] {processor.py:642} INFO - Processing file /home/airflow/.local/lib/python3.8/site-packages/airflow/example_dags/example_branch_day_of_week_operator.py for tasks to queue
[2022-05-19 00:29:40,576] {logging_mixin.py:109} INFO - [2022-05-19 00:29:40,576] {dagbag.py:500} INFO - Filling up the DagBag from /home/airflow/.local/lib/python3.8/site-packages/airflow/example_dags/example_branch_day_of_week_operator.py
[2022-05-19 00:29:40,602] {processor.py:654} INFO - DAG(s) dict_keys(['example_weekday_branch_operator']) retrieved from /home/airflow/.local/lib/python3.8/site-packages/airflow/example_dags/example_branch_day_of_week_operator.py
[2022-05-19 00:29:40,611] {logging_mixin.py:109} INFO - [2022-05-19 00:29:40,610] {dag.py:2398} INFO - Sync 1 DAGs
[2022-05-19 00:29:40,625] {logging_mixin.py:109} INFO - [2022-05-19 00:29:40,625] {dag.py:2937} INFO - Setting next_dagrun for example_weekday_branch_operator to 2022-05-18 00:00:00+00:00
[2022-05-19 00:29:40,635] {processor.py:171} INFO - Processing /home/airflow/.local/lib/python3.8/site-packages/airflow/example_dags/example_branch_day_of_week_operator.py took 0.062 seconds
[2022-05-19 00:30:10,987] {processor.py:163} INFO - Started process (PID=11285) to work on /home/airflow/.local/lib/python3.8/site-packages/airflow/example_dags/example_branch_day_of_week_operator.py
[2022-05-19 00:30:10,989] {processor.py:642} INFO - Processing file /home/airflow/.local/lib/python3.8/site-packages/airflow/example_dags/example_branch_day_of_week_operator.py for tasks to queue
[2022-05-19 00:30:10,990] {logging_mixin.py:109} INFO - [2022-05-19 00:30:10,990] {dagbag.py:500} INFO - Filling up the DagBag from /home/airflow/.local/lib/python3.8/site-packages/airflow/example_dags/example_branch_day_of_week_operator.py
[2022-05-19 00:30:11,047] {processor.py:654} INFO - DAG(s) dict_keys(['example_weekday_branch_operator']) retrieved from /home/airflow/.local/lib/python3.8/site-packages/airflow/example_dags/example_branch_day_of_week_operator.py
[2022-05-19 00:30:11,064] {logging_mixin.py:109} INFO - [2022-05-19 00:30:11,064] {dag.py:2398} INFO - Sync 1 DAGs
[2022-05-19 00:30:11,089] {logging_mixin.py:109} INFO - [2022-05-19 00:30:11,089] {dag.py:2937} INFO - Setting next_dagrun for example_weekday_branch_operator to 2022-05-18 00:00:00+00:00
[2022-05-19 00:30:11,103] {processor.py:171} INFO - Processing /home/airflow/.local/lib/python3.8/site-packages/airflow/example_dags/example_branch_day_of_week_operator.py took 0.118 seconds
[2022-05-19 00:30:41,854] {processor.py:163} INFO - Started process (PID=11369) to work on /home/airflow/.local/lib/python3.8/site-packages/airflow/example_dags/example_branch_day_of_week_operator.py
[2022-05-19 00:30:41,855] {processor.py:642} INFO - Processing file /home/airflow/.local/lib/python3.8/site-packages/airflow/example_dags/example_branch_day_of_week_operator.py for tasks to queue
[2022-05-19 00:30:41,856] {logging_mixin.py:109} INFO - [2022-05-19 00:30:41,855] {dagbag.py:500} INFO - Filling up the DagBag from /home/airflow/.local/lib/python3.8/site-packages/airflow/example_dags/example_branch_day_of_week_operator.py
[2022-05-19 00:30:41,884] {processor.py:654} INFO - DAG(s) dict_keys(['example_weekday_branch_operator']) retrieved from /home/airflow/.local/lib/python3.8/site-packages/airflow/example_dags/example_branch_day_of_week_operator.py
[2022-05-19 00:30:41,896] {logging_mixin.py:109} INFO - [2022-05-19 00:30:41,896] {dag.py:2398} INFO - Sync 1 DAGs
[2022-05-19 00:30:41,912] {logging_mixin.py:109} INFO - [2022-05-19 00:30:41,912] {dag.py:2937} INFO - Setting next_dagrun for example_weekday_branch_operator to 2022-05-18 00:00:00+00:00
[2022-05-19 00:30:41,922] {processor.py:171} INFO - Processing /home/airflow/.local/lib/python3.8/site-packages/airflow/example_dags/example_branch_day_of_week_operator.py took 0.070 seconds
[2022-05-19 00:31:12,668] {processor.py:163} INFO - Started process (PID=11455) to work on /home/airflow/.local/lib/python3.8/site-packages/airflow/example_dags/example_branch_day_of_week_operator.py
[2022-05-19 00:31:12,669] {processor.py:642} INFO - Processing file /home/airflow/.local/lib/python3.8/site-packages/airflow/example_dags/example_branch_day_of_week_operator.py for tasks to queue
[2022-05-19 00:31:12,671] {logging_mixin.py:109} INFO - [2022-05-19 00:31:12,670] {dagbag.py:500} INFO - Filling up the DagBag from /home/airflow/.local/lib/python3.8/site-packages/airflow/example_dags/example_branch_day_of_week_operator.py
[2022-05-19 00:31:12,709] {processor.py:654} INFO - DAG(s) dict_keys(['example_weekday_branch_operator']) retrieved from /home/airflow/.local/lib/python3.8/site-packages/airflow/example_dags/example_branch_day_of_week_operator.py
[2022-05-19 00:31:12,718] {logging_mixin.py:109} INFO - [2022-05-19 00:31:12,718] {dag.py:2398} INFO - Sync 1 DAGs
[2022-05-19 00:31:12,734] {logging_mixin.py:109} INFO - [2022-05-19 00:31:12,734] {dag.py:2937} INFO - Setting next_dagrun for example_weekday_branch_operator to 2022-05-18 00:00:00+00:00
[2022-05-19 00:31:12,744] {processor.py:171} INFO - Processing /home/airflow/.local/lib/python3.8/site-packages/airflow/example_dags/example_branch_day_of_week_operator.py took 0.079 seconds
[2022-05-19 00:31:43,745] {processor.py:163} INFO - Started process (PID=11547) to work on /home/airflow/.local/lib/python3.8/site-packages/airflow/example_dags/example_branch_day_of_week_operator.py
[2022-05-19 00:31:43,746] {processor.py:642} INFO - Processing file /home/airflow/.local/lib/python3.8/site-packages/airflow/example_dags/example_branch_day_of_week_operator.py for tasks to queue
[2022-05-19 00:31:43,746] {logging_mixin.py:109} INFO - [2022-05-19 00:31:43,746] {dagbag.py:500} INFO - Filling up the DagBag from /home/airflow/.local/lib/python3.8/site-packages/airflow/example_dags/example_branch_day_of_week_operator.py
[2022-05-19 00:31:43,773] {processor.py:654} INFO - DAG(s) dict_keys(['example_weekday_branch_operator']) retrieved from /home/airflow/.local/lib/python3.8/site-packages/airflow/example_dags/example_branch_day_of_week_operator.py
[2022-05-19 00:31:43,782] {logging_mixin.py:109} INFO - [2022-05-19 00:31:43,782] {dag.py:2398} INFO - Sync 1 DAGs
[2022-05-19 00:31:43,798] {logging_mixin.py:109} INFO - [2022-05-19 00:31:43,797] {dag.py:2937} INFO - Setting next_dagrun for example_weekday_branch_operator to 2022-05-18 00:00:00+00:00
[2022-05-19 00:31:43,808] {processor.py:171} INFO - Processing /home/airflow/.local/lib/python3.8/site-packages/airflow/example_dags/example_branch_day_of_week_operator.py took 0.066 seconds
[2022-05-19 00:32:14,096] {processor.py:163} INFO - Started process (PID=11631) to work on /home/airflow/.local/lib/python3.8/site-packages/airflow/example_dags/example_branch_day_of_week_operator.py
[2022-05-19 00:32:14,097] {processor.py:642} INFO - Processing file /home/airflow/.local/lib/python3.8/site-packages/airflow/example_dags/example_branch_day_of_week_operator.py for tasks to queue
[2022-05-19 00:32:14,098] {logging_mixin.py:109} INFO - [2022-05-19 00:32:14,098] {dagbag.py:500} INFO - Filling up the DagBag from /home/airflow/.local/lib/python3.8/site-packages/airflow/example_dags/example_branch_day_of_week_operator.py
[2022-05-19 00:32:14,137] {processor.py:654} INFO - DAG(s) dict_keys(['example_weekday_branch_operator']) retrieved from /home/airflow/.local/lib/python3.8/site-packages/airflow/example_dags/example_branch_day_of_week_operator.py
[2022-05-19 00:32:14,151] {logging_mixin.py:109} INFO - [2022-05-19 00:32:14,151] {dag.py:2398} INFO - Sync 1 DAGs
[2022-05-19 00:32:14,173] {logging_mixin.py:109} INFO - [2022-05-19 00:32:14,172] {dag.py:2937} INFO - Setting next_dagrun for example_weekday_branch_operator to 2022-05-18 00:00:00+00:00
[2022-05-19 00:32:14,183] {processor.py:171} INFO - Processing /home/airflow/.local/lib/python3.8/site-packages/airflow/example_dags/example_branch_day_of_week_operator.py took 0.090 seconds
[2022-05-19 00:32:45,239] {processor.py:163} INFO - Started process (PID=11733) to work on /home/airflow/.local/lib/python3.8/site-packages/airflow/example_dags/example_branch_day_of_week_operator.py
[2022-05-19 00:32:45,240] {processor.py:642} INFO - Processing file /home/airflow/.local/lib/python3.8/site-packages/airflow/example_dags/example_branch_day_of_week_operator.py for tasks to queue
[2022-05-19 00:32:45,240] {logging_mixin.py:109} INFO - [2022-05-19 00:32:45,240] {dagbag.py:500} INFO - Filling up the DagBag from /home/airflow/.local/lib/python3.8/site-packages/airflow/example_dags/example_branch_day_of_week_operator.py
[2022-05-19 00:32:45,268] {processor.py:654} INFO - DAG(s) dict_keys(['example_weekday_branch_operator']) retrieved from /home/airflow/.local/lib/python3.8/site-packages/airflow/example_dags/example_branch_day_of_week_operator.py
[2022-05-19 00:32:45,277] {logging_mixin.py:109} INFO - [2022-05-19 00:32:45,277] {dag.py:2398} INFO - Sync 1 DAGs
[2022-05-19 00:32:45,293] {logging_mixin.py:109} INFO - [2022-05-19 00:32:45,293] {dag.py:2937} INFO - Setting next_dagrun for example_weekday_branch_operator to 2022-05-18 00:00:00+00:00
[2022-05-19 00:32:45,304] {processor.py:171} INFO - Processing /home/airflow/.local/lib/python3.8/site-packages/airflow/example_dags/example_branch_day_of_week_operator.py took 0.067 seconds
[2022-05-19 00:33:15,559] {processor.py:163} INFO - Started process (PID=11827) to work on /home/airflow/.local/lib/python3.8/site-packages/airflow/example_dags/example_branch_day_of_week_operator.py
[2022-05-19 00:33:15,561] {processor.py:642} INFO - Processing file /home/airflow/.local/lib/python3.8/site-packages/airflow/example_dags/example_branch_day_of_week_operator.py for tasks to queue
[2022-05-19 00:33:15,561] {logging_mixin.py:109} INFO - [2022-05-19 00:33:15,561] {dagbag.py:500} INFO - Filling up the DagBag from /home/airflow/.local/lib/python3.8/site-packages/airflow/example_dags/example_branch_day_of_week_operator.py
[2022-05-19 00:33:15,590] {processor.py:654} INFO - DAG(s) dict_keys(['example_weekday_branch_operator']) retrieved from /home/airflow/.local/lib/python3.8/site-packages/airflow/example_dags/example_branch_day_of_week_operator.py
[2022-05-19 00:33:15,601] {logging_mixin.py:109} INFO - [2022-05-19 00:33:15,601] {dag.py:2398} INFO - Sync 1 DAGs
[2022-05-19 00:33:15,617] {logging_mixin.py:109} INFO - [2022-05-19 00:33:15,617] {dag.py:2937} INFO - Setting next_dagrun for example_weekday_branch_operator to 2022-05-18 00:00:00+00:00
[2022-05-19 00:33:15,629] {processor.py:171} INFO - Processing /home/airflow/.local/lib/python3.8/site-packages/airflow/example_dags/example_branch_day_of_week_operator.py took 0.071 seconds
[2022-05-19 00:33:46,127] {processor.py:163} INFO - Started process (PID=11913) to work on /home/airflow/.local/lib/python3.8/site-packages/airflow/example_dags/example_branch_day_of_week_operator.py
[2022-05-19 00:33:46,128] {processor.py:642} INFO - Processing file /home/airflow/.local/lib/python3.8/site-packages/airflow/example_dags/example_branch_day_of_week_operator.py for tasks to queue
[2022-05-19 00:33:46,129] {logging_mixin.py:109} INFO - [2022-05-19 00:33:46,128] {dagbag.py:500} INFO - Filling up the DagBag from /home/airflow/.local/lib/python3.8/site-packages/airflow/example_dags/example_branch_day_of_week_operator.py
[2022-05-19 00:33:46,156] {processor.py:654} INFO - DAG(s) dict_keys(['example_weekday_branch_operator']) retrieved from /home/airflow/.local/lib/python3.8/site-packages/airflow/example_dags/example_branch_day_of_week_operator.py
[2022-05-19 00:33:46,167] {logging_mixin.py:109} INFO - [2022-05-19 00:33:46,167] {dag.py:2398} INFO - Sync 1 DAGs
[2022-05-19 00:33:46,185] {logging_mixin.py:109} INFO - [2022-05-19 00:33:46,185] {dag.py:2937} INFO - Setting next_dagrun for example_weekday_branch_operator to 2022-05-18 00:00:00+00:00
[2022-05-19 00:33:46,195] {processor.py:171} INFO - Processing /home/airflow/.local/lib/python3.8/site-packages/airflow/example_dags/example_branch_day_of_week_operator.py took 0.070 seconds
[2022-05-19 00:34:17,273] {processor.py:163} INFO - Started process (PID=12004) to work on /home/airflow/.local/lib/python3.8/site-packages/airflow/example_dags/example_branch_day_of_week_operator.py
[2022-05-19 00:34:17,275] {processor.py:642} INFO - Processing file /home/airflow/.local/lib/python3.8/site-packages/airflow/example_dags/example_branch_day_of_week_operator.py for tasks to queue
[2022-05-19 00:34:17,276] {logging_mixin.py:109} INFO - [2022-05-19 00:34:17,275] {dagbag.py:500} INFO - Filling up the DagBag from /home/airflow/.local/lib/python3.8/site-packages/airflow/example_dags/example_branch_day_of_week_operator.py
[2022-05-19 00:34:17,320] {processor.py:654} INFO - DAG(s) dict_keys(['example_weekday_branch_operator']) retrieved from /home/airflow/.local/lib/python3.8/site-packages/airflow/example_dags/example_branch_day_of_week_operator.py
[2022-05-19 00:34:17,331] {logging_mixin.py:109} INFO - [2022-05-19 00:34:17,331] {dag.py:2398} INFO - Sync 1 DAGs
[2022-05-19 00:34:17,349] {logging_mixin.py:109} INFO - [2022-05-19 00:34:17,348] {dag.py:2937} INFO - Setting next_dagrun for example_weekday_branch_operator to 2022-05-18 00:00:00+00:00
[2022-05-19 00:34:17,362] {processor.py:171} INFO - Processing /home/airflow/.local/lib/python3.8/site-packages/airflow/example_dags/example_branch_day_of_week_operator.py took 0.091 seconds
[2022-05-19 00:34:47,645] {processor.py:163} INFO - Started process (PID=12091) to work on /home/airflow/.local/lib/python3.8/site-packages/airflow/example_dags/example_branch_day_of_week_operator.py
[2022-05-19 00:34:47,645] {processor.py:642} INFO - Processing file /home/airflow/.local/lib/python3.8/site-packages/airflow/example_dags/example_branch_day_of_week_operator.py for tasks to queue
[2022-05-19 00:34:47,646] {logging_mixin.py:109} INFO - [2022-05-19 00:34:47,646] {dagbag.py:500} INFO - Filling up the DagBag from /home/airflow/.local/lib/python3.8/site-packages/airflow/example_dags/example_branch_day_of_week_operator.py
[2022-05-19 00:34:47,672] {processor.py:654} INFO - DAG(s) dict_keys(['example_weekday_branch_operator']) retrieved from /home/airflow/.local/lib/python3.8/site-packages/airflow/example_dags/example_branch_day_of_week_operator.py
[2022-05-19 00:34:47,680] {logging_mixin.py:109} INFO - [2022-05-19 00:34:47,680] {dag.py:2398} INFO - Sync 1 DAGs
[2022-05-19 00:34:47,697] {logging_mixin.py:109} INFO - [2022-05-19 00:34:47,697] {dag.py:2937} INFO - Setting next_dagrun for example_weekday_branch_operator to 2022-05-18 00:00:00+00:00
[2022-05-19 00:34:47,707] {processor.py:171} INFO - Processing /home/airflow/.local/lib/python3.8/site-packages/airflow/example_dags/example_branch_day_of_week_operator.py took 0.064 seconds
[2022-05-19 00:35:18,082] {processor.py:163} INFO - Started process (PID=12178) to work on /home/airflow/.local/lib/python3.8/site-packages/airflow/example_dags/example_branch_day_of_week_operator.py
[2022-05-19 00:35:18,084] {processor.py:642} INFO - Processing file /home/airflow/.local/lib/python3.8/site-packages/airflow/example_dags/example_branch_day_of_week_operator.py for tasks to queue
[2022-05-19 00:35:18,085] {logging_mixin.py:109} INFO - [2022-05-19 00:35:18,084] {dagbag.py:500} INFO - Filling up the DagBag from /home/airflow/.local/lib/python3.8/site-packages/airflow/example_dags/example_branch_day_of_week_operator.py
[2022-05-19 00:35:18,121] {processor.py:654} INFO - DAG(s) dict_keys(['example_weekday_branch_operator']) retrieved from /home/airflow/.local/lib/python3.8/site-packages/airflow/example_dags/example_branch_day_of_week_operator.py
[2022-05-19 00:35:18,133] {logging_mixin.py:109} INFO - [2022-05-19 00:35:18,133] {dag.py:2398} INFO - Sync 1 DAGs
[2022-05-19 00:35:18,150] {logging_mixin.py:109} INFO - [2022-05-19 00:35:18,150] {dag.py:2937} INFO - Setting next_dagrun for example_weekday_branch_operator to 2022-05-18 00:00:00+00:00
[2022-05-19 00:35:18,161] {processor.py:171} INFO - Processing /home/airflow/.local/lib/python3.8/site-packages/airflow/example_dags/example_branch_day_of_week_operator.py took 0.081 seconds
[2022-05-19 00:35:49,167] {processor.py:163} INFO - Started process (PID=12269) to work on /home/airflow/.local/lib/python3.8/site-packages/airflow/example_dags/example_branch_day_of_week_operator.py
[2022-05-19 00:35:49,168] {processor.py:642} INFO - Processing file /home/airflow/.local/lib/python3.8/site-packages/airflow/example_dags/example_branch_day_of_week_operator.py for tasks to queue
[2022-05-19 00:35:49,169] {logging_mixin.py:109} INFO - [2022-05-19 00:35:49,168] {dagbag.py:500} INFO - Filling up the DagBag from /home/airflow/.local/lib/python3.8/site-packages/airflow/example_dags/example_branch_day_of_week_operator.py
[2022-05-19 00:35:49,218] {processor.py:654} INFO - DAG(s) dict_keys(['example_weekday_branch_operator']) retrieved from /home/airflow/.local/lib/python3.8/site-packages/airflow/example_dags/example_branch_day_of_week_operator.py
[2022-05-19 00:35:49,231] {logging_mixin.py:109} INFO - [2022-05-19 00:35:49,231] {dag.py:2398} INFO - Sync 1 DAGs
[2022-05-19 00:35:49,251] {logging_mixin.py:109} INFO - [2022-05-19 00:35:49,251] {dag.py:2937} INFO - Setting next_dagrun for example_weekday_branch_operator to 2022-05-18 00:00:00+00:00
[2022-05-19 00:35:49,265] {processor.py:171} INFO - Processing /home/airflow/.local/lib/python3.8/site-packages/airflow/example_dags/example_branch_day_of_week_operator.py took 0.102 seconds
[2022-05-19 00:36:19,597] {processor.py:163} INFO - Started process (PID=12356) to work on /home/airflow/.local/lib/python3.8/site-packages/airflow/example_dags/example_branch_day_of_week_operator.py
[2022-05-19 00:36:19,598] {processor.py:642} INFO - Processing file /home/airflow/.local/lib/python3.8/site-packages/airflow/example_dags/example_branch_day_of_week_operator.py for tasks to queue
[2022-05-19 00:36:19,599] {logging_mixin.py:109} INFO - [2022-05-19 00:36:19,598] {dagbag.py:500} INFO - Filling up the DagBag from /home/airflow/.local/lib/python3.8/site-packages/airflow/example_dags/example_branch_day_of_week_operator.py
[2022-05-19 00:36:19,628] {processor.py:654} INFO - DAG(s) dict_keys(['example_weekday_branch_operator']) retrieved from /home/airflow/.local/lib/python3.8/site-packages/airflow/example_dags/example_branch_day_of_week_operator.py
[2022-05-19 00:36:19,638] {logging_mixin.py:109} INFO - [2022-05-19 00:36:19,638] {dag.py:2398} INFO - Sync 1 DAGs
[2022-05-19 00:36:19,655] {logging_mixin.py:109} INFO - [2022-05-19 00:36:19,655] {dag.py:2937} INFO - Setting next_dagrun for example_weekday_branch_operator to 2022-05-18 00:00:00+00:00
[2022-05-19 00:36:19,666] {processor.py:171} INFO - Processing /home/airflow/.local/lib/python3.8/site-packages/airflow/example_dags/example_branch_day_of_week_operator.py took 0.071 seconds
[2022-05-19 00:36:50,052] {processor.py:163} INFO - Started process (PID=12441) to work on /home/airflow/.local/lib/python3.8/site-packages/airflow/example_dags/example_branch_day_of_week_operator.py
[2022-05-19 00:36:50,053] {processor.py:642} INFO - Processing file /home/airflow/.local/lib/python3.8/site-packages/airflow/example_dags/example_branch_day_of_week_operator.py for tasks to queue
[2022-05-19 00:36:50,053] {logging_mixin.py:109} INFO - [2022-05-19 00:36:50,053] {dagbag.py:500} INFO - Filling up the DagBag from /home/airflow/.local/lib/python3.8/site-packages/airflow/example_dags/example_branch_day_of_week_operator.py
[2022-05-19 00:36:50,078] {processor.py:654} INFO - DAG(s) dict_keys(['example_weekday_branch_operator']) retrieved from /home/airflow/.local/lib/python3.8/site-packages/airflow/example_dags/example_branch_day_of_week_operator.py
[2022-05-19 00:36:50,089] {logging_mixin.py:109} INFO - [2022-05-19 00:36:50,089] {dag.py:2398} INFO - Sync 1 DAGs
[2022-05-19 00:36:50,106] {logging_mixin.py:109} INFO - [2022-05-19 00:36:50,106] {dag.py:2937} INFO - Setting next_dagrun for example_weekday_branch_operator to 2022-05-18 00:00:00+00:00
[2022-05-19 00:36:50,117] {processor.py:171} INFO - Processing /home/airflow/.local/lib/python3.8/site-packages/airflow/example_dags/example_branch_day_of_week_operator.py took 0.066 seconds
[2022-05-19 00:37:20,496] {processor.py:163} INFO - Started process (PID=12526) to work on /home/airflow/.local/lib/python3.8/site-packages/airflow/example_dags/example_branch_day_of_week_operator.py
[2022-05-19 00:37:20,497] {processor.py:642} INFO - Processing file /home/airflow/.local/lib/python3.8/site-packages/airflow/example_dags/example_branch_day_of_week_operator.py for tasks to queue
[2022-05-19 00:37:20,498] {logging_mixin.py:109} INFO - [2022-05-19 00:37:20,498] {dagbag.py:500} INFO - Filling up the DagBag from /home/airflow/.local/lib/python3.8/site-packages/airflow/example_dags/example_branch_day_of_week_operator.py
[2022-05-19 00:37:20,525] {processor.py:654} INFO - DAG(s) dict_keys(['example_weekday_branch_operator']) retrieved from /home/airflow/.local/lib/python3.8/site-packages/airflow/example_dags/example_branch_day_of_week_operator.py
[2022-05-19 00:37:20,534] {logging_mixin.py:109} INFO - [2022-05-19 00:37:20,534] {dag.py:2398} INFO - Sync 1 DAGs
[2022-05-19 00:37:20,549] {logging_mixin.py:109} INFO - [2022-05-19 00:37:20,549] {dag.py:2937} INFO - Setting next_dagrun for example_weekday_branch_operator to 2022-05-18 00:00:00+00:00
[2022-05-19 00:37:20,559] {processor.py:171} INFO - Processing /home/airflow/.local/lib/python3.8/site-packages/airflow/example_dags/example_branch_day_of_week_operator.py took 0.065 seconds
