[2022-05-19 00:00:03,200] {processor.py:163} INFO - Started process (PID=6039) to work on /home/airflow/.local/lib/python3.8/site-packages/airflow/example_dags/example_branch_datetime_operator.py
[2022-05-19 00:00:03,201] {processor.py:642} INFO - Processing file /home/airflow/.local/lib/python3.8/site-packages/airflow/example_dags/example_branch_datetime_operator.py for tasks to queue
[2022-05-19 00:00:03,201] {logging_mixin.py:109} INFO - [2022-05-19 00:00:03,201] {dagbag.py:500} INFO - Filling up the DagBag from /home/airflow/.local/lib/python3.8/site-packages/airflow/example_dags/example_branch_datetime_operator.py
[2022-05-19 00:00:03,225] {processor.py:654} INFO - DAG(s) dict_keys(['example_branch_datetime_operator_2']) retrieved from /home/airflow/.local/lib/python3.8/site-packages/airflow/example_dags/example_branch_datetime_operator.py
[2022-05-19 00:00:03,234] {logging_mixin.py:109} INFO - [2022-05-19 00:00:03,234] {dag.py:2398} INFO - Sync 1 DAGs
[2022-05-19 00:00:03,251] {logging_mixin.py:109} INFO - [2022-05-19 00:00:03,251] {dag.py:2937} INFO - Setting next_dagrun for example_branch_datetime_operator_2 to 2022-05-18 00:00:00+00:00
[2022-05-19 00:00:03,262] {processor.py:171} INFO - Processing /home/airflow/.local/lib/python3.8/site-packages/airflow/example_dags/example_branch_datetime_operator.py took 0.064 seconds
[2022-05-19 00:00:34,475] {processor.py:163} INFO - Started process (PID=6123) to work on /home/airflow/.local/lib/python3.8/site-packages/airflow/example_dags/example_branch_datetime_operator.py
[2022-05-19 00:00:34,475] {processor.py:642} INFO - Processing file /home/airflow/.local/lib/python3.8/site-packages/airflow/example_dags/example_branch_datetime_operator.py for tasks to queue
[2022-05-19 00:00:34,476] {logging_mixin.py:109} INFO - [2022-05-19 00:00:34,476] {dagbag.py:500} INFO - Filling up the DagBag from /home/airflow/.local/lib/python3.8/site-packages/airflow/example_dags/example_branch_datetime_operator.py
[2022-05-19 00:00:34,504] {processor.py:654} INFO - DAG(s) dict_keys(['example_branch_datetime_operator_2']) retrieved from /home/airflow/.local/lib/python3.8/site-packages/airflow/example_dags/example_branch_datetime_operator.py
[2022-05-19 00:00:34,513] {logging_mixin.py:109} INFO - [2022-05-19 00:00:34,513] {dag.py:2398} INFO - Sync 1 DAGs
[2022-05-19 00:00:34,534] {logging_mixin.py:109} INFO - [2022-05-19 00:00:34,534] {dag.py:2937} INFO - Setting next_dagrun for example_branch_datetime_operator_2 to 2022-05-18 00:00:00+00:00
[2022-05-19 00:00:34,544] {processor.py:171} INFO - Processing /home/airflow/.local/lib/python3.8/site-packages/airflow/example_dags/example_branch_datetime_operator.py took 0.072 seconds
[2022-05-19 00:01:05,345] {processor.py:163} INFO - Started process (PID=6216) to work on /home/airflow/.local/lib/python3.8/site-packages/airflow/example_dags/example_branch_datetime_operator.py
[2022-05-19 00:01:05,347] {processor.py:642} INFO - Processing file /home/airflow/.local/lib/python3.8/site-packages/airflow/example_dags/example_branch_datetime_operator.py for tasks to queue
[2022-05-19 00:01:05,348] {logging_mixin.py:109} INFO - [2022-05-19 00:01:05,347] {dagbag.py:500} INFO - Filling up the DagBag from /home/airflow/.local/lib/python3.8/site-packages/airflow/example_dags/example_branch_datetime_operator.py
[2022-05-19 00:01:05,448] {processor.py:654} INFO - DAG(s) dict_keys(['example_branch_datetime_operator_2']) retrieved from /home/airflow/.local/lib/python3.8/site-packages/airflow/example_dags/example_branch_datetime_operator.py
[2022-05-19 00:01:05,470] {logging_mixin.py:109} INFO - [2022-05-19 00:01:05,469] {dag.py:2398} INFO - Sync 1 DAGs
[2022-05-19 00:01:05,507] {logging_mixin.py:109} INFO - [2022-05-19 00:01:05,507] {dag.py:2937} INFO - Setting next_dagrun for example_branch_datetime_operator_2 to 2022-05-18 00:00:00+00:00
[2022-05-19 00:01:05,522] {processor.py:171} INFO - Processing /home/airflow/.local/lib/python3.8/site-packages/airflow/example_dags/example_branch_datetime_operator.py took 0.179 seconds
[2022-05-19 00:01:36,254] {processor.py:163} INFO - Started process (PID=6302) to work on /home/airflow/.local/lib/python3.8/site-packages/airflow/example_dags/example_branch_datetime_operator.py
[2022-05-19 00:01:36,255] {processor.py:642} INFO - Processing file /home/airflow/.local/lib/python3.8/site-packages/airflow/example_dags/example_branch_datetime_operator.py for tasks to queue
[2022-05-19 00:01:36,256] {logging_mixin.py:109} INFO - [2022-05-19 00:01:36,255] {dagbag.py:500} INFO - Filling up the DagBag from /home/airflow/.local/lib/python3.8/site-packages/airflow/example_dags/example_branch_datetime_operator.py
[2022-05-19 00:01:36,277] {processor.py:654} INFO - DAG(s) dict_keys(['example_branch_datetime_operator_2']) retrieved from /home/airflow/.local/lib/python3.8/site-packages/airflow/example_dags/example_branch_datetime_operator.py
[2022-05-19 00:01:36,286] {logging_mixin.py:109} INFO - [2022-05-19 00:01:36,285] {dag.py:2398} INFO - Sync 1 DAGs
[2022-05-19 00:01:36,298] {logging_mixin.py:109} INFO - [2022-05-19 00:01:36,298] {dag.py:2937} INFO - Setting next_dagrun for example_branch_datetime_operator_2 to 2022-05-18 00:00:00+00:00
[2022-05-19 00:01:36,307] {processor.py:171} INFO - Processing /home/airflow/.local/lib/python3.8/site-packages/airflow/example_dags/example_branch_datetime_operator.py took 0.055 seconds
[2022-05-19 00:02:06,726] {processor.py:163} INFO - Started process (PID=6404) to work on /home/airflow/.local/lib/python3.8/site-packages/airflow/example_dags/example_branch_datetime_operator.py
[2022-05-19 00:02:06,726] {processor.py:642} INFO - Processing file /home/airflow/.local/lib/python3.8/site-packages/airflow/example_dags/example_branch_datetime_operator.py for tasks to queue
[2022-05-19 00:02:06,727] {logging_mixin.py:109} INFO - [2022-05-19 00:02:06,727] {dagbag.py:500} INFO - Filling up the DagBag from /home/airflow/.local/lib/python3.8/site-packages/airflow/example_dags/example_branch_datetime_operator.py
[2022-05-19 00:02:06,748] {processor.py:654} INFO - DAG(s) dict_keys(['example_branch_datetime_operator_2']) retrieved from /home/airflow/.local/lib/python3.8/site-packages/airflow/example_dags/example_branch_datetime_operator.py
[2022-05-19 00:02:06,757] {logging_mixin.py:109} INFO - [2022-05-19 00:02:06,757] {dag.py:2398} INFO - Sync 1 DAGs
[2022-05-19 00:02:06,770] {logging_mixin.py:109} INFO - [2022-05-19 00:02:06,770] {dag.py:2937} INFO - Setting next_dagrun for example_branch_datetime_operator_2 to 2022-05-18 00:00:00+00:00
[2022-05-19 00:02:06,780] {processor.py:171} INFO - Processing /home/airflow/.local/lib/python3.8/site-packages/airflow/example_dags/example_branch_datetime_operator.py took 0.056 seconds
[2022-05-19 00:02:37,935] {processor.py:163} INFO - Started process (PID=6498) to work on /home/airflow/.local/lib/python3.8/site-packages/airflow/example_dags/example_branch_datetime_operator.py
[2022-05-19 00:02:37,937] {processor.py:642} INFO - Processing file /home/airflow/.local/lib/python3.8/site-packages/airflow/example_dags/example_branch_datetime_operator.py for tasks to queue
[2022-05-19 00:02:37,938] {logging_mixin.py:109} INFO - [2022-05-19 00:02:37,938] {dagbag.py:500} INFO - Filling up the DagBag from /home/airflow/.local/lib/python3.8/site-packages/airflow/example_dags/example_branch_datetime_operator.py
[2022-05-19 00:02:37,997] {processor.py:654} INFO - DAG(s) dict_keys(['example_branch_datetime_operator_2']) retrieved from /home/airflow/.local/lib/python3.8/site-packages/airflow/example_dags/example_branch_datetime_operator.py
[2022-05-19 00:02:38,018] {logging_mixin.py:109} INFO - [2022-05-19 00:02:38,017] {dag.py:2398} INFO - Sync 1 DAGs
[2022-05-19 00:02:38,060] {logging_mixin.py:109} INFO - [2022-05-19 00:02:38,059] {dag.py:2937} INFO - Setting next_dagrun for example_branch_datetime_operator_2 to 2022-05-18 00:00:00+00:00
[2022-05-19 00:02:38,083] {processor.py:171} INFO - Processing /home/airflow/.local/lib/python3.8/site-packages/airflow/example_dags/example_branch_datetime_operator.py took 0.149 seconds
[2022-05-19 00:03:08,266] {processor.py:163} INFO - Started process (PID=6582) to work on /home/airflow/.local/lib/python3.8/site-packages/airflow/example_dags/example_branch_datetime_operator.py
[2022-05-19 00:03:08,266] {processor.py:642} INFO - Processing file /home/airflow/.local/lib/python3.8/site-packages/airflow/example_dags/example_branch_datetime_operator.py for tasks to queue
[2022-05-19 00:03:08,267] {logging_mixin.py:109} INFO - [2022-05-19 00:03:08,267] {dagbag.py:500} INFO - Filling up the DagBag from /home/airflow/.local/lib/python3.8/site-packages/airflow/example_dags/example_branch_datetime_operator.py
[2022-05-19 00:03:08,293] {processor.py:654} INFO - DAG(s) dict_keys(['example_branch_datetime_operator_2']) retrieved from /home/airflow/.local/lib/python3.8/site-packages/airflow/example_dags/example_branch_datetime_operator.py
[2022-05-19 00:03:08,302] {logging_mixin.py:109} INFO - [2022-05-19 00:03:08,302] {dag.py:2398} INFO - Sync 1 DAGs
[2022-05-19 00:03:08,316] {logging_mixin.py:109} INFO - [2022-05-19 00:03:08,316] {dag.py:2937} INFO - Setting next_dagrun for example_branch_datetime_operator_2 to 2022-05-18 00:00:00+00:00
[2022-05-19 00:03:08,327] {processor.py:171} INFO - Processing /home/airflow/.local/lib/python3.8/site-packages/airflow/example_dags/example_branch_datetime_operator.py took 0.063 seconds
[2022-05-19 00:03:39,381] {processor.py:163} INFO - Started process (PID=6675) to work on /home/airflow/.local/lib/python3.8/site-packages/airflow/example_dags/example_branch_datetime_operator.py
[2022-05-19 00:03:39,398] {processor.py:642} INFO - Processing file /home/airflow/.local/lib/python3.8/site-packages/airflow/example_dags/example_branch_datetime_operator.py for tasks to queue
[2022-05-19 00:03:39,399] {logging_mixin.py:109} INFO - [2022-05-19 00:03:39,399] {dagbag.py:500} INFO - Filling up the DagBag from /home/airflow/.local/lib/python3.8/site-packages/airflow/example_dags/example_branch_datetime_operator.py
[2022-05-19 00:03:39,429] {processor.py:654} INFO - DAG(s) dict_keys(['example_branch_datetime_operator_2']) retrieved from /home/airflow/.local/lib/python3.8/site-packages/airflow/example_dags/example_branch_datetime_operator.py
[2022-05-19 00:03:39,440] {logging_mixin.py:109} INFO - [2022-05-19 00:03:39,440] {dag.py:2398} INFO - Sync 1 DAGs
[2022-05-19 00:03:39,454] {logging_mixin.py:109} INFO - [2022-05-19 00:03:39,454] {dag.py:2937} INFO - Setting next_dagrun for example_branch_datetime_operator_2 to 2022-05-18 00:00:00+00:00
[2022-05-19 00:03:39,464] {processor.py:171} INFO - Processing /home/airflow/.local/lib/python3.8/site-packages/airflow/example_dags/example_branch_datetime_operator.py took 0.085 seconds
[2022-05-19 00:04:09,990] {processor.py:163} INFO - Started process (PID=6760) to work on /home/airflow/.local/lib/python3.8/site-packages/airflow/example_dags/example_branch_datetime_operator.py
[2022-05-19 00:04:09,991] {processor.py:642} INFO - Processing file /home/airflow/.local/lib/python3.8/site-packages/airflow/example_dags/example_branch_datetime_operator.py for tasks to queue
[2022-05-19 00:04:09,992] {logging_mixin.py:109} INFO - [2022-05-19 00:04:09,992] {dagbag.py:500} INFO - Filling up the DagBag from /home/airflow/.local/lib/python3.8/site-packages/airflow/example_dags/example_branch_datetime_operator.py
[2022-05-19 00:04:10,023] {processor.py:654} INFO - DAG(s) dict_keys(['example_branch_datetime_operator_2']) retrieved from /home/airflow/.local/lib/python3.8/site-packages/airflow/example_dags/example_branch_datetime_operator.py
[2022-05-19 00:04:10,032] {logging_mixin.py:109} INFO - [2022-05-19 00:04:10,032] {dag.py:2398} INFO - Sync 1 DAGs
[2022-05-19 00:04:10,052] {logging_mixin.py:109} INFO - [2022-05-19 00:04:10,052] {dag.py:2937} INFO - Setting next_dagrun for example_branch_datetime_operator_2 to 2022-05-18 00:00:00+00:00
[2022-05-19 00:04:10,081] {processor.py:171} INFO - Processing /home/airflow/.local/lib/python3.8/site-packages/airflow/example_dags/example_branch_datetime_operator.py took 0.093 seconds
[2022-05-19 00:04:40,598] {processor.py:163} INFO - Started process (PID=6845) to work on /home/airflow/.local/lib/python3.8/site-packages/airflow/example_dags/example_branch_datetime_operator.py
[2022-05-19 00:04:40,599] {processor.py:642} INFO - Processing file /home/airflow/.local/lib/python3.8/site-packages/airflow/example_dags/example_branch_datetime_operator.py for tasks to queue
[2022-05-19 00:04:40,600] {logging_mixin.py:109} INFO - [2022-05-19 00:04:40,600] {dagbag.py:500} INFO - Filling up the DagBag from /home/airflow/.local/lib/python3.8/site-packages/airflow/example_dags/example_branch_datetime_operator.py
[2022-05-19 00:04:40,626] {processor.py:654} INFO - DAG(s) dict_keys(['example_branch_datetime_operator_2']) retrieved from /home/airflow/.local/lib/python3.8/site-packages/airflow/example_dags/example_branch_datetime_operator.py
[2022-05-19 00:04:40,635] {logging_mixin.py:109} INFO - [2022-05-19 00:04:40,635] {dag.py:2398} INFO - Sync 1 DAGs
[2022-05-19 00:04:40,650] {logging_mixin.py:109} INFO - [2022-05-19 00:04:40,649] {dag.py:2937} INFO - Setting next_dagrun for example_branch_datetime_operator_2 to 2022-05-18 00:00:00+00:00
[2022-05-19 00:04:40,659] {processor.py:171} INFO - Processing /home/airflow/.local/lib/python3.8/site-packages/airflow/example_dags/example_branch_datetime_operator.py took 0.063 seconds
[2022-05-19 00:05:11,747] {processor.py:163} INFO - Started process (PID=6939) to work on /home/airflow/.local/lib/python3.8/site-packages/airflow/example_dags/example_branch_datetime_operator.py
[2022-05-19 00:05:11,747] {processor.py:642} INFO - Processing file /home/airflow/.local/lib/python3.8/site-packages/airflow/example_dags/example_branch_datetime_operator.py for tasks to queue
[2022-05-19 00:05:11,748] {logging_mixin.py:109} INFO - [2022-05-19 00:05:11,748] {dagbag.py:500} INFO - Filling up the DagBag from /home/airflow/.local/lib/python3.8/site-packages/airflow/example_dags/example_branch_datetime_operator.py
[2022-05-19 00:05:11,773] {processor.py:654} INFO - DAG(s) dict_keys(['example_branch_datetime_operator_2']) retrieved from /home/airflow/.local/lib/python3.8/site-packages/airflow/example_dags/example_branch_datetime_operator.py
[2022-05-19 00:05:11,781] {logging_mixin.py:109} INFO - [2022-05-19 00:05:11,781] {dag.py:2398} INFO - Sync 1 DAGs
[2022-05-19 00:05:11,797] {logging_mixin.py:109} INFO - [2022-05-19 00:05:11,797] {dag.py:2937} INFO - Setting next_dagrun for example_branch_datetime_operator_2 to 2022-05-18 00:00:00+00:00
[2022-05-19 00:05:11,808] {processor.py:171} INFO - Processing /home/airflow/.local/lib/python3.8/site-packages/airflow/example_dags/example_branch_datetime_operator.py took 0.063 seconds
[2022-05-19 00:05:42,512] {processor.py:163} INFO - Started process (PID=7042) to work on /home/airflow/.local/lib/python3.8/site-packages/airflow/example_dags/example_branch_datetime_operator.py
[2022-05-19 00:05:42,513] {processor.py:642} INFO - Processing file /home/airflow/.local/lib/python3.8/site-packages/airflow/example_dags/example_branch_datetime_operator.py for tasks to queue
[2022-05-19 00:05:42,514] {logging_mixin.py:109} INFO - [2022-05-19 00:05:42,514] {dagbag.py:500} INFO - Filling up the DagBag from /home/airflow/.local/lib/python3.8/site-packages/airflow/example_dags/example_branch_datetime_operator.py
[2022-05-19 00:05:42,542] {processor.py:654} INFO - DAG(s) dict_keys(['example_branch_datetime_operator_2']) retrieved from /home/airflow/.local/lib/python3.8/site-packages/airflow/example_dags/example_branch_datetime_operator.py
[2022-05-19 00:05:42,550] {logging_mixin.py:109} INFO - [2022-05-19 00:05:42,550] {dag.py:2398} INFO - Sync 1 DAGs
[2022-05-19 00:05:42,563] {logging_mixin.py:109} INFO - [2022-05-19 00:05:42,563] {dag.py:2937} INFO - Setting next_dagrun for example_branch_datetime_operator_2 to 2022-05-18 00:00:00+00:00
[2022-05-19 00:05:42,575] {processor.py:171} INFO - Processing /home/airflow/.local/lib/python3.8/site-packages/airflow/example_dags/example_branch_datetime_operator.py took 0.064 seconds
[2022-05-19 00:06:13,011] {processor.py:163} INFO - Started process (PID=7126) to work on /home/airflow/.local/lib/python3.8/site-packages/airflow/example_dags/example_branch_datetime_operator.py
[2022-05-19 00:06:13,012] {processor.py:642} INFO - Processing file /home/airflow/.local/lib/python3.8/site-packages/airflow/example_dags/example_branch_datetime_operator.py for tasks to queue
[2022-05-19 00:06:13,012] {logging_mixin.py:109} INFO - [2022-05-19 00:06:13,012] {dagbag.py:500} INFO - Filling up the DagBag from /home/airflow/.local/lib/python3.8/site-packages/airflow/example_dags/example_branch_datetime_operator.py
[2022-05-19 00:06:13,038] {processor.py:654} INFO - DAG(s) dict_keys(['example_branch_datetime_operator_2']) retrieved from /home/airflow/.local/lib/python3.8/site-packages/airflow/example_dags/example_branch_datetime_operator.py
[2022-05-19 00:06:13,048] {logging_mixin.py:109} INFO - [2022-05-19 00:06:13,048] {dag.py:2398} INFO - Sync 1 DAGs
[2022-05-19 00:06:13,062] {logging_mixin.py:109} INFO - [2022-05-19 00:06:13,062] {dag.py:2937} INFO - Setting next_dagrun for example_branch_datetime_operator_2 to 2022-05-18 00:00:00+00:00
[2022-05-19 00:06:13,075] {processor.py:171} INFO - Processing /home/airflow/.local/lib/python3.8/site-packages/airflow/example_dags/example_branch_datetime_operator.py took 0.066 seconds
[2022-05-19 00:06:43,877] {processor.py:163} INFO - Started process (PID=7219) to work on /home/airflow/.local/lib/python3.8/site-packages/airflow/example_dags/example_branch_datetime_operator.py
[2022-05-19 00:06:43,878] {processor.py:642} INFO - Processing file /home/airflow/.local/lib/python3.8/site-packages/airflow/example_dags/example_branch_datetime_operator.py for tasks to queue
[2022-05-19 00:06:43,879] {logging_mixin.py:109} INFO - [2022-05-19 00:06:43,879] {dagbag.py:500} INFO - Filling up the DagBag from /home/airflow/.local/lib/python3.8/site-packages/airflow/example_dags/example_branch_datetime_operator.py
[2022-05-19 00:06:43,920] {processor.py:654} INFO - DAG(s) dict_keys(['example_branch_datetime_operator_2']) retrieved from /home/airflow/.local/lib/python3.8/site-packages/airflow/example_dags/example_branch_datetime_operator.py
[2022-05-19 00:06:43,934] {logging_mixin.py:109} INFO - [2022-05-19 00:06:43,934] {dag.py:2398} INFO - Sync 1 DAGs
[2022-05-19 00:06:43,954] {logging_mixin.py:109} INFO - [2022-05-19 00:06:43,954] {dag.py:2937} INFO - Setting next_dagrun for example_branch_datetime_operator_2 to 2022-05-18 00:00:00+00:00
[2022-05-19 00:06:43,966] {processor.py:171} INFO - Processing /home/airflow/.local/lib/python3.8/site-packages/airflow/example_dags/example_branch_datetime_operator.py took 0.093 seconds
[2022-05-19 00:07:14,985] {processor.py:163} INFO - Started process (PID=7303) to work on /home/airflow/.local/lib/python3.8/site-packages/airflow/example_dags/example_branch_datetime_operator.py
[2022-05-19 00:07:14,986] {processor.py:642} INFO - Processing file /home/airflow/.local/lib/python3.8/site-packages/airflow/example_dags/example_branch_datetime_operator.py for tasks to queue
[2022-05-19 00:07:14,987] {logging_mixin.py:109} INFO - [2022-05-19 00:07:14,986] {dagbag.py:500} INFO - Filling up the DagBag from /home/airflow/.local/lib/python3.8/site-packages/airflow/example_dags/example_branch_datetime_operator.py
[2022-05-19 00:07:15,013] {processor.py:654} INFO - DAG(s) dict_keys(['example_branch_datetime_operator_2']) retrieved from /home/airflow/.local/lib/python3.8/site-packages/airflow/example_dags/example_branch_datetime_operator.py
[2022-05-19 00:07:15,024] {logging_mixin.py:109} INFO - [2022-05-19 00:07:15,024] {dag.py:2398} INFO - Sync 1 DAGs
[2022-05-19 00:07:15,037] {logging_mixin.py:109} INFO - [2022-05-19 00:07:15,037] {dag.py:2937} INFO - Setting next_dagrun for example_branch_datetime_operator_2 to 2022-05-18 00:00:00+00:00
[2022-05-19 00:07:15,049] {processor.py:171} INFO - Processing /home/airflow/.local/lib/python3.8/site-packages/airflow/example_dags/example_branch_datetime_operator.py took 0.065 seconds
[2022-05-19 00:07:45,883] {processor.py:163} INFO - Started process (PID=7397) to work on /home/airflow/.local/lib/python3.8/site-packages/airflow/example_dags/example_branch_datetime_operator.py
[2022-05-19 00:07:45,884] {processor.py:642} INFO - Processing file /home/airflow/.local/lib/python3.8/site-packages/airflow/example_dags/example_branch_datetime_operator.py for tasks to queue
[2022-05-19 00:07:45,885] {logging_mixin.py:109} INFO - [2022-05-19 00:07:45,884] {dagbag.py:500} INFO - Filling up the DagBag from /home/airflow/.local/lib/python3.8/site-packages/airflow/example_dags/example_branch_datetime_operator.py
[2022-05-19 00:07:45,919] {processor.py:654} INFO - DAG(s) dict_keys(['example_branch_datetime_operator_2']) retrieved from /home/airflow/.local/lib/python3.8/site-packages/airflow/example_dags/example_branch_datetime_operator.py
[2022-05-19 00:07:45,928] {logging_mixin.py:109} INFO - [2022-05-19 00:07:45,928] {dag.py:2398} INFO - Sync 1 DAGs
[2022-05-19 00:07:45,948] {logging_mixin.py:109} INFO - [2022-05-19 00:07:45,947] {dag.py:2937} INFO - Setting next_dagrun for example_branch_datetime_operator_2 to 2022-05-18 00:00:00+00:00
[2022-05-19 00:07:45,960] {processor.py:171} INFO - Processing /home/airflow/.local/lib/python3.8/site-packages/airflow/example_dags/example_branch_datetime_operator.py took 0.079 seconds
[2022-05-19 00:08:16,745] {processor.py:163} INFO - Started process (PID=7481) to work on /home/airflow/.local/lib/python3.8/site-packages/airflow/example_dags/example_branch_datetime_operator.py
[2022-05-19 00:08:16,746] {processor.py:642} INFO - Processing file /home/airflow/.local/lib/python3.8/site-packages/airflow/example_dags/example_branch_datetime_operator.py for tasks to queue
[2022-05-19 00:08:16,747] {logging_mixin.py:109} INFO - [2022-05-19 00:08:16,747] {dagbag.py:500} INFO - Filling up the DagBag from /home/airflow/.local/lib/python3.8/site-packages/airflow/example_dags/example_branch_datetime_operator.py
[2022-05-19 00:08:16,779] {processor.py:654} INFO - DAG(s) dict_keys(['example_branch_datetime_operator_2']) retrieved from /home/airflow/.local/lib/python3.8/site-packages/airflow/example_dags/example_branch_datetime_operator.py
[2022-05-19 00:08:16,789] {logging_mixin.py:109} INFO - [2022-05-19 00:08:16,788] {dag.py:2398} INFO - Sync 1 DAGs
[2022-05-19 00:08:16,806] {logging_mixin.py:109} INFO - [2022-05-19 00:08:16,806] {dag.py:2937} INFO - Setting next_dagrun for example_branch_datetime_operator_2 to 2022-05-18 00:00:00+00:00
[2022-05-19 00:08:16,818] {processor.py:171} INFO - Processing /home/airflow/.local/lib/python3.8/site-packages/airflow/example_dags/example_branch_datetime_operator.py took 0.075 seconds
[2022-05-19 00:08:47,272] {processor.py:163} INFO - Started process (PID=7567) to work on /home/airflow/.local/lib/python3.8/site-packages/airflow/example_dags/example_branch_datetime_operator.py
[2022-05-19 00:08:47,274] {processor.py:642} INFO - Processing file /home/airflow/.local/lib/python3.8/site-packages/airflow/example_dags/example_branch_datetime_operator.py for tasks to queue
[2022-05-19 00:08:47,275] {logging_mixin.py:109} INFO - [2022-05-19 00:08:47,274] {dagbag.py:500} INFO - Filling up the DagBag from /home/airflow/.local/lib/python3.8/site-packages/airflow/example_dags/example_branch_datetime_operator.py
[2022-05-19 00:08:47,307] {processor.py:654} INFO - DAG(s) dict_keys(['example_branch_datetime_operator_2']) retrieved from /home/airflow/.local/lib/python3.8/site-packages/airflow/example_dags/example_branch_datetime_operator.py
[2022-05-19 00:08:47,316] {logging_mixin.py:109} INFO - [2022-05-19 00:08:47,316] {dag.py:2398} INFO - Sync 1 DAGs
[2022-05-19 00:08:47,332] {logging_mixin.py:109} INFO - [2022-05-19 00:08:47,331] {dag.py:2937} INFO - Setting next_dagrun for example_branch_datetime_operator_2 to 2022-05-18 00:00:00+00:00
[2022-05-19 00:08:47,344] {processor.py:171} INFO - Processing /home/airflow/.local/lib/python3.8/site-packages/airflow/example_dags/example_branch_datetime_operator.py took 0.075 seconds
[2022-05-19 00:09:18,037] {processor.py:163} INFO - Started process (PID=7661) to work on /home/airflow/.local/lib/python3.8/site-packages/airflow/example_dags/example_branch_datetime_operator.py
[2022-05-19 00:09:18,038] {processor.py:642} INFO - Processing file /home/airflow/.local/lib/python3.8/site-packages/airflow/example_dags/example_branch_datetime_operator.py for tasks to queue
[2022-05-19 00:09:18,039] {logging_mixin.py:109} INFO - [2022-05-19 00:09:18,039] {dagbag.py:500} INFO - Filling up the DagBag from /home/airflow/.local/lib/python3.8/site-packages/airflow/example_dags/example_branch_datetime_operator.py
[2022-05-19 00:09:18,071] {processor.py:654} INFO - DAG(s) dict_keys(['example_branch_datetime_operator_2']) retrieved from /home/airflow/.local/lib/python3.8/site-packages/airflow/example_dags/example_branch_datetime_operator.py
[2022-05-19 00:09:18,080] {logging_mixin.py:109} INFO - [2022-05-19 00:09:18,080] {dag.py:2398} INFO - Sync 1 DAGs
[2022-05-19 00:09:18,098] {logging_mixin.py:109} INFO - [2022-05-19 00:09:18,098] {dag.py:2937} INFO - Setting next_dagrun for example_branch_datetime_operator_2 to 2022-05-18 00:00:00+00:00
[2022-05-19 00:09:18,109] {processor.py:171} INFO - Processing /home/airflow/.local/lib/python3.8/site-packages/airflow/example_dags/example_branch_datetime_operator.py took 0.074 seconds
[2022-05-19 00:09:49,102] {processor.py:163} INFO - Started process (PID=7762) to work on /home/airflow/.local/lib/python3.8/site-packages/airflow/example_dags/example_branch_datetime_operator.py
[2022-05-19 00:09:49,103] {processor.py:642} INFO - Processing file /home/airflow/.local/lib/python3.8/site-packages/airflow/example_dags/example_branch_datetime_operator.py for tasks to queue
[2022-05-19 00:09:49,104] {logging_mixin.py:109} INFO - [2022-05-19 00:09:49,104] {dagbag.py:500} INFO - Filling up the DagBag from /home/airflow/.local/lib/python3.8/site-packages/airflow/example_dags/example_branch_datetime_operator.py
[2022-05-19 00:09:49,148] {processor.py:654} INFO - DAG(s) dict_keys(['example_branch_datetime_operator_2']) retrieved from /home/airflow/.local/lib/python3.8/site-packages/airflow/example_dags/example_branch_datetime_operator.py
[2022-05-19 00:09:49,163] {logging_mixin.py:109} INFO - [2022-05-19 00:09:49,163] {dag.py:2398} INFO - Sync 1 DAGs
[2022-05-19 00:09:49,184] {logging_mixin.py:109} INFO - [2022-05-19 00:09:49,184] {dag.py:2937} INFO - Setting next_dagrun for example_branch_datetime_operator_2 to 2022-05-18 00:00:00+00:00
[2022-05-19 00:09:49,194] {processor.py:171} INFO - Processing /home/airflow/.local/lib/python3.8/site-packages/airflow/example_dags/example_branch_datetime_operator.py took 0.095 seconds
[2022-05-19 00:10:19,988] {processor.py:163} INFO - Started process (PID=7864) to work on /home/airflow/.local/lib/python3.8/site-packages/airflow/example_dags/example_branch_datetime_operator.py
[2022-05-19 00:10:19,989] {processor.py:642} INFO - Processing file /home/airflow/.local/lib/python3.8/site-packages/airflow/example_dags/example_branch_datetime_operator.py for tasks to queue
[2022-05-19 00:10:19,989] {logging_mixin.py:109} INFO - [2022-05-19 00:10:19,989] {dagbag.py:500} INFO - Filling up the DagBag from /home/airflow/.local/lib/python3.8/site-packages/airflow/example_dags/example_branch_datetime_operator.py
[2022-05-19 00:10:20,016] {processor.py:654} INFO - DAG(s) dict_keys(['example_branch_datetime_operator_2']) retrieved from /home/airflow/.local/lib/python3.8/site-packages/airflow/example_dags/example_branch_datetime_operator.py
[2022-05-19 00:10:20,026] {logging_mixin.py:109} INFO - [2022-05-19 00:10:20,026] {dag.py:2398} INFO - Sync 1 DAGs
[2022-05-19 00:10:20,040] {logging_mixin.py:109} INFO - [2022-05-19 00:10:20,040] {dag.py:2937} INFO - Setting next_dagrun for example_branch_datetime_operator_2 to 2022-05-18 00:00:00+00:00
[2022-05-19 00:10:20,051] {processor.py:171} INFO - Processing /home/airflow/.local/lib/python3.8/site-packages/airflow/example_dags/example_branch_datetime_operator.py took 0.065 seconds
[2022-05-19 00:10:50,571] {processor.py:163} INFO - Started process (PID=7954) to work on /home/airflow/.local/lib/python3.8/site-packages/airflow/example_dags/example_branch_datetime_operator.py
[2022-05-19 00:10:50,573] {processor.py:642} INFO - Processing file /home/airflow/.local/lib/python3.8/site-packages/airflow/example_dags/example_branch_datetime_operator.py for tasks to queue
[2022-05-19 00:10:50,584] {logging_mixin.py:109} INFO - [2022-05-19 00:10:50,584] {dagbag.py:500} INFO - Filling up the DagBag from /home/airflow/.local/lib/python3.8/site-packages/airflow/example_dags/example_branch_datetime_operator.py
[2022-05-19 00:10:50,669] {processor.py:654} INFO - DAG(s) dict_keys(['example_branch_datetime_operator_2']) retrieved from /home/airflow/.local/lib/python3.8/site-packages/airflow/example_dags/example_branch_datetime_operator.py
[2022-05-19 00:10:50,682] {logging_mixin.py:109} INFO - [2022-05-19 00:10:50,682] {dag.py:2398} INFO - Sync 1 DAGs
[2022-05-19 00:10:50,712] {logging_mixin.py:109} INFO - [2022-05-19 00:10:50,711] {dag.py:2937} INFO - Setting next_dagrun for example_branch_datetime_operator_2 to 2022-05-18 00:00:00+00:00
[2022-05-19 00:10:50,726] {processor.py:171} INFO - Processing /home/airflow/.local/lib/python3.8/site-packages/airflow/example_dags/example_branch_datetime_operator.py took 0.158 seconds
[2022-05-19 00:11:21,340] {processor.py:163} INFO - Started process (PID=8025) to work on /home/airflow/.local/lib/python3.8/site-packages/airflow/example_dags/example_branch_datetime_operator.py
[2022-05-19 00:11:21,341] {processor.py:642} INFO - Processing file /home/airflow/.local/lib/python3.8/site-packages/airflow/example_dags/example_branch_datetime_operator.py for tasks to queue
[2022-05-19 00:11:21,342] {logging_mixin.py:109} INFO - [2022-05-19 00:11:21,341] {dagbag.py:500} INFO - Filling up the DagBag from /home/airflow/.local/lib/python3.8/site-packages/airflow/example_dags/example_branch_datetime_operator.py
[2022-05-19 00:11:21,371] {processor.py:654} INFO - DAG(s) dict_keys(['example_branch_datetime_operator_2']) retrieved from /home/airflow/.local/lib/python3.8/site-packages/airflow/example_dags/example_branch_datetime_operator.py
[2022-05-19 00:11:21,381] {logging_mixin.py:109} INFO - [2022-05-19 00:11:21,381] {dag.py:2398} INFO - Sync 1 DAGs
[2022-05-19 00:11:21,395] {logging_mixin.py:109} INFO - [2022-05-19 00:11:21,395] {dag.py:2937} INFO - Setting next_dagrun for example_branch_datetime_operator_2 to 2022-05-18 00:00:00+00:00
[2022-05-19 00:11:21,407] {processor.py:171} INFO - Processing /home/airflow/.local/lib/python3.8/site-packages/airflow/example_dags/example_branch_datetime_operator.py took 0.069 seconds
[2022-05-19 00:11:51,684] {processor.py:163} INFO - Started process (PID=8145) to work on /home/airflow/.local/lib/python3.8/site-packages/airflow/example_dags/example_branch_datetime_operator.py
[2022-05-19 00:11:51,685] {processor.py:642} INFO - Processing file /home/airflow/.local/lib/python3.8/site-packages/airflow/example_dags/example_branch_datetime_operator.py for tasks to queue
[2022-05-19 00:11:51,686] {logging_mixin.py:109} INFO - [2022-05-19 00:11:51,686] {dagbag.py:500} INFO - Filling up the DagBag from /home/airflow/.local/lib/python3.8/site-packages/airflow/example_dags/example_branch_datetime_operator.py
[2022-05-19 00:11:51,720] {processor.py:654} INFO - DAG(s) dict_keys(['example_branch_datetime_operator_2']) retrieved from /home/airflow/.local/lib/python3.8/site-packages/airflow/example_dags/example_branch_datetime_operator.py
[2022-05-19 00:11:51,729] {logging_mixin.py:109} INFO - [2022-05-19 00:11:51,729] {dag.py:2398} INFO - Sync 1 DAGs
[2022-05-19 00:11:51,745] {logging_mixin.py:109} INFO - [2022-05-19 00:11:51,745] {dag.py:2937} INFO - Setting next_dagrun for example_branch_datetime_operator_2 to 2022-05-18 00:00:00+00:00
[2022-05-19 00:11:51,759] {processor.py:171} INFO - Processing /home/airflow/.local/lib/python3.8/site-packages/airflow/example_dags/example_branch_datetime_operator.py took 0.079 seconds
[2022-05-19 00:12:22,993] {processor.py:163} INFO - Started process (PID=8238) to work on /home/airflow/.local/lib/python3.8/site-packages/airflow/example_dags/example_branch_datetime_operator.py
[2022-05-19 00:12:22,994] {processor.py:642} INFO - Processing file /home/airflow/.local/lib/python3.8/site-packages/airflow/example_dags/example_branch_datetime_operator.py for tasks to queue
[2022-05-19 00:12:22,994] {logging_mixin.py:109} INFO - [2022-05-19 00:12:22,994] {dagbag.py:500} INFO - Filling up the DagBag from /home/airflow/.local/lib/python3.8/site-packages/airflow/example_dags/example_branch_datetime_operator.py
[2022-05-19 00:12:23,022] {processor.py:654} INFO - DAG(s) dict_keys(['example_branch_datetime_operator_2']) retrieved from /home/airflow/.local/lib/python3.8/site-packages/airflow/example_dags/example_branch_datetime_operator.py
[2022-05-19 00:12:23,029] {logging_mixin.py:109} INFO - [2022-05-19 00:12:23,029] {dag.py:2398} INFO - Sync 1 DAGs
[2022-05-19 00:12:23,046] {logging_mixin.py:109} INFO - [2022-05-19 00:12:23,046] {dag.py:2937} INFO - Setting next_dagrun for example_branch_datetime_operator_2 to 2022-05-18 00:00:00+00:00
[2022-05-19 00:12:23,057] {processor.py:171} INFO - Processing /home/airflow/.local/lib/python3.8/site-packages/airflow/example_dags/example_branch_datetime_operator.py took 0.066 seconds
[2022-05-19 00:12:53,750] {processor.py:163} INFO - Started process (PID=8323) to work on /home/airflow/.local/lib/python3.8/site-packages/airflow/example_dags/example_branch_datetime_operator.py
[2022-05-19 00:12:53,751] {processor.py:642} INFO - Processing file /home/airflow/.local/lib/python3.8/site-packages/airflow/example_dags/example_branch_datetime_operator.py for tasks to queue
[2022-05-19 00:12:53,752] {logging_mixin.py:109} INFO - [2022-05-19 00:12:53,751] {dagbag.py:500} INFO - Filling up the DagBag from /home/airflow/.local/lib/python3.8/site-packages/airflow/example_dags/example_branch_datetime_operator.py
[2022-05-19 00:12:53,781] {processor.py:654} INFO - DAG(s) dict_keys(['example_branch_datetime_operator_2']) retrieved from /home/airflow/.local/lib/python3.8/site-packages/airflow/example_dags/example_branch_datetime_operator.py
[2022-05-19 00:12:53,791] {logging_mixin.py:109} INFO - [2022-05-19 00:12:53,791] {dag.py:2398} INFO - Sync 1 DAGs
[2022-05-19 00:12:53,809] {logging_mixin.py:109} INFO - [2022-05-19 00:12:53,809] {dag.py:2937} INFO - Setting next_dagrun for example_branch_datetime_operator_2 to 2022-05-18 00:00:00+00:00
[2022-05-19 00:12:53,821] {processor.py:171} INFO - Processing /home/airflow/.local/lib/python3.8/site-packages/airflow/example_dags/example_branch_datetime_operator.py took 0.073 seconds
[2022-05-19 00:13:24,454] {processor.py:163} INFO - Started process (PID=8416) to work on /home/airflow/.local/lib/python3.8/site-packages/airflow/example_dags/example_branch_datetime_operator.py
[2022-05-19 00:13:24,455] {processor.py:642} INFO - Processing file /home/airflow/.local/lib/python3.8/site-packages/airflow/example_dags/example_branch_datetime_operator.py for tasks to queue
[2022-05-19 00:13:24,455] {logging_mixin.py:109} INFO - [2022-05-19 00:13:24,455] {dagbag.py:500} INFO - Filling up the DagBag from /home/airflow/.local/lib/python3.8/site-packages/airflow/example_dags/example_branch_datetime_operator.py
[2022-05-19 00:13:24,497] {processor.py:654} INFO - DAG(s) dict_keys(['example_branch_datetime_operator_2']) retrieved from /home/airflow/.local/lib/python3.8/site-packages/airflow/example_dags/example_branch_datetime_operator.py
[2022-05-19 00:13:24,510] {logging_mixin.py:109} INFO - [2022-05-19 00:13:24,509] {dag.py:2398} INFO - Sync 1 DAGs
[2022-05-19 00:13:24,536] {logging_mixin.py:109} INFO - [2022-05-19 00:13:24,536] {dag.py:2937} INFO - Setting next_dagrun for example_branch_datetime_operator_2 to 2022-05-18 00:00:00+00:00
[2022-05-19 00:13:24,551] {processor.py:171} INFO - Processing /home/airflow/.local/lib/python3.8/site-packages/airflow/example_dags/example_branch_datetime_operator.py took 0.099 seconds
[2022-05-19 00:13:54,749] {processor.py:163} INFO - Started process (PID=8499) to work on /home/airflow/.local/lib/python3.8/site-packages/airflow/example_dags/example_branch_datetime_operator.py
[2022-05-19 00:13:54,750] {processor.py:642} INFO - Processing file /home/airflow/.local/lib/python3.8/site-packages/airflow/example_dags/example_branch_datetime_operator.py for tasks to queue
[2022-05-19 00:13:54,751] {logging_mixin.py:109} INFO - [2022-05-19 00:13:54,750] {dagbag.py:500} INFO - Filling up the DagBag from /home/airflow/.local/lib/python3.8/site-packages/airflow/example_dags/example_branch_datetime_operator.py
[2022-05-19 00:13:54,782] {processor.py:654} INFO - DAG(s) dict_keys(['example_branch_datetime_operator_2']) retrieved from /home/airflow/.local/lib/python3.8/site-packages/airflow/example_dags/example_branch_datetime_operator.py
[2022-05-19 00:13:54,795] {logging_mixin.py:109} INFO - [2022-05-19 00:13:54,794] {dag.py:2398} INFO - Sync 1 DAGs
[2022-05-19 00:13:54,813] {logging_mixin.py:109} INFO - [2022-05-19 00:13:54,813] {dag.py:2937} INFO - Setting next_dagrun for example_branch_datetime_operator_2 to 2022-05-18 00:00:00+00:00
[2022-05-19 00:13:54,826] {processor.py:171} INFO - Processing /home/airflow/.local/lib/python3.8/site-packages/airflow/example_dags/example_branch_datetime_operator.py took 0.081 seconds
[2022-05-19 00:14:25,921] {processor.py:163} INFO - Started process (PID=8602) to work on /home/airflow/.local/lib/python3.8/site-packages/airflow/example_dags/example_branch_datetime_operator.py
[2022-05-19 00:14:25,923] {processor.py:642} INFO - Processing file /home/airflow/.local/lib/python3.8/site-packages/airflow/example_dags/example_branch_datetime_operator.py for tasks to queue
[2022-05-19 00:14:25,923] {logging_mixin.py:109} INFO - [2022-05-19 00:14:25,923] {dagbag.py:500} INFO - Filling up the DagBag from /home/airflow/.local/lib/python3.8/site-packages/airflow/example_dags/example_branch_datetime_operator.py
[2022-05-19 00:14:25,952] {processor.py:654} INFO - DAG(s) dict_keys(['example_branch_datetime_operator_2']) retrieved from /home/airflow/.local/lib/python3.8/site-packages/airflow/example_dags/example_branch_datetime_operator.py
[2022-05-19 00:14:25,962] {logging_mixin.py:109} INFO - [2022-05-19 00:14:25,962] {dag.py:2398} INFO - Sync 1 DAGs
[2022-05-19 00:14:25,981] {logging_mixin.py:109} INFO - [2022-05-19 00:14:25,981] {dag.py:2937} INFO - Setting next_dagrun for example_branch_datetime_operator_2 to 2022-05-18 00:00:00+00:00
[2022-05-19 00:14:25,993] {processor.py:171} INFO - Processing /home/airflow/.local/lib/python3.8/site-packages/airflow/example_dags/example_branch_datetime_operator.py took 0.075 seconds
[2022-05-19 00:14:56,381] {processor.py:163} INFO - Started process (PID=8696) to work on /home/airflow/.local/lib/python3.8/site-packages/airflow/example_dags/example_branch_datetime_operator.py
[2022-05-19 00:14:56,382] {processor.py:642} INFO - Processing file /home/airflow/.local/lib/python3.8/site-packages/airflow/example_dags/example_branch_datetime_operator.py for tasks to queue
[2022-05-19 00:14:56,383] {logging_mixin.py:109} INFO - [2022-05-19 00:14:56,383] {dagbag.py:500} INFO - Filling up the DagBag from /home/airflow/.local/lib/python3.8/site-packages/airflow/example_dags/example_branch_datetime_operator.py
[2022-05-19 00:14:56,422] {processor.py:654} INFO - DAG(s) dict_keys(['example_branch_datetime_operator_2']) retrieved from /home/airflow/.local/lib/python3.8/site-packages/airflow/example_dags/example_branch_datetime_operator.py
[2022-05-19 00:14:56,438] {logging_mixin.py:109} INFO - [2022-05-19 00:14:56,437] {dag.py:2398} INFO - Sync 1 DAGs
[2022-05-19 00:14:56,464] {logging_mixin.py:109} INFO - [2022-05-19 00:14:56,464] {dag.py:2937} INFO - Setting next_dagrun for example_branch_datetime_operator_2 to 2022-05-18 00:00:00+00:00
[2022-05-19 00:14:56,552] {processor.py:171} INFO - Processing /home/airflow/.local/lib/python3.8/site-packages/airflow/example_dags/example_branch_datetime_operator.py took 0.174 seconds
[2022-05-19 00:15:27,611] {processor.py:163} INFO - Started process (PID=8781) to work on /home/airflow/.local/lib/python3.8/site-packages/airflow/example_dags/example_branch_datetime_operator.py
[2022-05-19 00:15:27,612] {processor.py:642} INFO - Processing file /home/airflow/.local/lib/python3.8/site-packages/airflow/example_dags/example_branch_datetime_operator.py for tasks to queue
[2022-05-19 00:15:27,612] {logging_mixin.py:109} INFO - [2022-05-19 00:15:27,612] {dagbag.py:500} INFO - Filling up the DagBag from /home/airflow/.local/lib/python3.8/site-packages/airflow/example_dags/example_branch_datetime_operator.py
[2022-05-19 00:15:27,644] {processor.py:654} INFO - DAG(s) dict_keys(['example_branch_datetime_operator_2']) retrieved from /home/airflow/.local/lib/python3.8/site-packages/airflow/example_dags/example_branch_datetime_operator.py
[2022-05-19 00:15:27,654] {logging_mixin.py:109} INFO - [2022-05-19 00:15:27,654] {dag.py:2398} INFO - Sync 1 DAGs
[2022-05-19 00:15:27,757] {logging_mixin.py:109} INFO - [2022-05-19 00:15:27,757] {dag.py:2937} INFO - Setting next_dagrun for example_branch_datetime_operator_2 to 2022-05-18 00:00:00+00:00
[2022-05-19 00:15:27,774] {processor.py:171} INFO - Processing /home/airflow/.local/lib/python3.8/site-packages/airflow/example_dags/example_branch_datetime_operator.py took 0.166 seconds
[2022-05-19 00:15:57,877] {processor.py:163} INFO - Started process (PID=8884) to work on /home/airflow/.local/lib/python3.8/site-packages/airflow/example_dags/example_branch_datetime_operator.py
[2022-05-19 00:15:57,879] {processor.py:642} INFO - Processing file /home/airflow/.local/lib/python3.8/site-packages/airflow/example_dags/example_branch_datetime_operator.py for tasks to queue
[2022-05-19 00:15:57,880] {logging_mixin.py:109} INFO - [2022-05-19 00:15:57,880] {dagbag.py:500} INFO - Filling up the DagBag from /home/airflow/.local/lib/python3.8/site-packages/airflow/example_dags/example_branch_datetime_operator.py
[2022-05-19 00:15:57,911] {processor.py:654} INFO - DAG(s) dict_keys(['example_branch_datetime_operator_2']) retrieved from /home/airflow/.local/lib/python3.8/site-packages/airflow/example_dags/example_branch_datetime_operator.py
[2022-05-19 00:15:57,922] {logging_mixin.py:109} INFO - [2022-05-19 00:15:57,922] {dag.py:2398} INFO - Sync 1 DAGs
[2022-05-19 00:15:58,020] {logging_mixin.py:109} INFO - [2022-05-19 00:15:58,020] {dag.py:2937} INFO - Setting next_dagrun for example_branch_datetime_operator_2 to 2022-05-18 00:00:00+00:00
[2022-05-19 00:15:58,031] {processor.py:171} INFO - Processing /home/airflow/.local/lib/python3.8/site-packages/airflow/example_dags/example_branch_datetime_operator.py took 0.157 seconds
[2022-05-19 00:16:28,627] {processor.py:163} INFO - Started process (PID=8976) to work on /home/airflow/.local/lib/python3.8/site-packages/airflow/example_dags/example_branch_datetime_operator.py
[2022-05-19 00:16:28,628] {processor.py:642} INFO - Processing file /home/airflow/.local/lib/python3.8/site-packages/airflow/example_dags/example_branch_datetime_operator.py for tasks to queue
[2022-05-19 00:16:28,629] {logging_mixin.py:109} INFO - [2022-05-19 00:16:28,629] {dagbag.py:500} INFO - Filling up the DagBag from /home/airflow/.local/lib/python3.8/site-packages/airflow/example_dags/example_branch_datetime_operator.py
[2022-05-19 00:16:28,653] {processor.py:654} INFO - DAG(s) dict_keys(['example_branch_datetime_operator_2']) retrieved from /home/airflow/.local/lib/python3.8/site-packages/airflow/example_dags/example_branch_datetime_operator.py
[2022-05-19 00:16:28,662] {logging_mixin.py:109} INFO - [2022-05-19 00:16:28,662] {dag.py:2398} INFO - Sync 1 DAGs
[2022-05-19 00:16:28,753] {logging_mixin.py:109} INFO - [2022-05-19 00:16:28,753] {dag.py:2937} INFO - Setting next_dagrun for example_branch_datetime_operator_2 to 2022-05-18 00:00:00+00:00
[2022-05-19 00:16:28,761] {processor.py:171} INFO - Processing /home/airflow/.local/lib/python3.8/site-packages/airflow/example_dags/example_branch_datetime_operator.py took 0.136 seconds
[2022-05-19 00:16:59,062] {processor.py:163} INFO - Started process (PID=9061) to work on /home/airflow/.local/lib/python3.8/site-packages/airflow/example_dags/example_branch_datetime_operator.py
[2022-05-19 00:16:59,062] {processor.py:642} INFO - Processing file /home/airflow/.local/lib/python3.8/site-packages/airflow/example_dags/example_branch_datetime_operator.py for tasks to queue
[2022-05-19 00:16:59,063] {logging_mixin.py:109} INFO - [2022-05-19 00:16:59,063] {dagbag.py:500} INFO - Filling up the DagBag from /home/airflow/.local/lib/python3.8/site-packages/airflow/example_dags/example_branch_datetime_operator.py
[2022-05-19 00:16:59,094] {processor.py:654} INFO - DAG(s) dict_keys(['example_branch_datetime_operator_2']) retrieved from /home/airflow/.local/lib/python3.8/site-packages/airflow/example_dags/example_branch_datetime_operator.py
[2022-05-19 00:16:59,104] {logging_mixin.py:109} INFO - [2022-05-19 00:16:59,104] {dag.py:2398} INFO - Sync 1 DAGs
[2022-05-19 00:16:59,197] {logging_mixin.py:109} INFO - [2022-05-19 00:16:59,197] {dag.py:2937} INFO - Setting next_dagrun for example_branch_datetime_operator_2 to 2022-05-18 00:00:00+00:00
[2022-05-19 00:16:59,208] {processor.py:171} INFO - Processing /home/airflow/.local/lib/python3.8/site-packages/airflow/example_dags/example_branch_datetime_operator.py took 0.149 seconds
[2022-05-19 00:17:29,607] {processor.py:163} INFO - Started process (PID=9145) to work on /home/airflow/.local/lib/python3.8/site-packages/airflow/example_dags/example_branch_datetime_operator.py
[2022-05-19 00:17:29,608] {processor.py:642} INFO - Processing file /home/airflow/.local/lib/python3.8/site-packages/airflow/example_dags/example_branch_datetime_operator.py for tasks to queue
[2022-05-19 00:17:29,608] {logging_mixin.py:109} INFO - [2022-05-19 00:17:29,608] {dagbag.py:500} INFO - Filling up the DagBag from /home/airflow/.local/lib/python3.8/site-packages/airflow/example_dags/example_branch_datetime_operator.py
[2022-05-19 00:17:29,640] {processor.py:654} INFO - DAG(s) dict_keys(['example_branch_datetime_operator_2']) retrieved from /home/airflow/.local/lib/python3.8/site-packages/airflow/example_dags/example_branch_datetime_operator.py
[2022-05-19 00:17:29,719] {logging_mixin.py:109} INFO - [2022-05-19 00:17:29,719] {dag.py:2398} INFO - Sync 1 DAGs
[2022-05-19 00:17:29,734] {logging_mixin.py:109} INFO - [2022-05-19 00:17:29,734] {dag.py:2937} INFO - Setting next_dagrun for example_branch_datetime_operator_2 to 2022-05-18 00:00:00+00:00
[2022-05-19 00:17:29,750] {processor.py:171} INFO - Processing /home/airflow/.local/lib/python3.8/site-packages/airflow/example_dags/example_branch_datetime_operator.py took 0.146 seconds
[2022-05-19 00:18:00,095] {processor.py:163} INFO - Started process (PID=9239) to work on /home/airflow/.local/lib/python3.8/site-packages/airflow/example_dags/example_branch_datetime_operator.py
[2022-05-19 00:18:00,096] {processor.py:642} INFO - Processing file /home/airflow/.local/lib/python3.8/site-packages/airflow/example_dags/example_branch_datetime_operator.py for tasks to queue
[2022-05-19 00:18:00,096] {logging_mixin.py:109} INFO - [2022-05-19 00:18:00,096] {dagbag.py:500} INFO - Filling up the DagBag from /home/airflow/.local/lib/python3.8/site-packages/airflow/example_dags/example_branch_datetime_operator.py
[2022-05-19 00:18:00,128] {processor.py:654} INFO - DAG(s) dict_keys(['example_branch_datetime_operator_2']) retrieved from /home/airflow/.local/lib/python3.8/site-packages/airflow/example_dags/example_branch_datetime_operator.py
[2022-05-19 00:18:00,219] {logging_mixin.py:109} INFO - [2022-05-19 00:18:00,218] {dag.py:2398} INFO - Sync 1 DAGs
[2022-05-19 00:18:00,237] {logging_mixin.py:109} INFO - [2022-05-19 00:18:00,237] {dag.py:2937} INFO - Setting next_dagrun for example_branch_datetime_operator_2 to 2022-05-18 00:00:00+00:00
[2022-05-19 00:18:00,253] {processor.py:171} INFO - Processing /home/airflow/.local/lib/python3.8/site-packages/airflow/example_dags/example_branch_datetime_operator.py took 0.159 seconds
[2022-05-19 00:18:31,239] {processor.py:163} INFO - Started process (PID=9325) to work on /home/airflow/.local/lib/python3.8/site-packages/airflow/example_dags/example_branch_datetime_operator.py
[2022-05-19 00:18:31,240] {processor.py:642} INFO - Processing file /home/airflow/.local/lib/python3.8/site-packages/airflow/example_dags/example_branch_datetime_operator.py for tasks to queue
[2022-05-19 00:18:31,241] {logging_mixin.py:109} INFO - [2022-05-19 00:18:31,241] {dagbag.py:500} INFO - Filling up the DagBag from /home/airflow/.local/lib/python3.8/site-packages/airflow/example_dags/example_branch_datetime_operator.py
[2022-05-19 00:18:31,278] {processor.py:654} INFO - DAG(s) dict_keys(['example_branch_datetime_operator_2']) retrieved from /home/airflow/.local/lib/python3.8/site-packages/airflow/example_dags/example_branch_datetime_operator.py
[2022-05-19 00:18:31,370] {logging_mixin.py:109} INFO - [2022-05-19 00:18:31,370] {dag.py:2398} INFO - Sync 1 DAGs
[2022-05-19 00:18:31,386] {logging_mixin.py:109} INFO - [2022-05-19 00:18:31,386] {dag.py:2937} INFO - Setting next_dagrun for example_branch_datetime_operator_2 to 2022-05-18 00:00:00+00:00
[2022-05-19 00:18:31,398] {processor.py:171} INFO - Processing /home/airflow/.local/lib/python3.8/site-packages/airflow/example_dags/example_branch_datetime_operator.py took 0.161 seconds
[2022-05-19 00:19:02,402] {processor.py:163} INFO - Started process (PID=9410) to work on /home/airflow/.local/lib/python3.8/site-packages/airflow/example_dags/example_branch_datetime_operator.py
[2022-05-19 00:19:02,403] {processor.py:642} INFO - Processing file /home/airflow/.local/lib/python3.8/site-packages/airflow/example_dags/example_branch_datetime_operator.py for tasks to queue
[2022-05-19 00:19:02,403] {logging_mixin.py:109} INFO - [2022-05-19 00:19:02,403] {dagbag.py:500} INFO - Filling up the DagBag from /home/airflow/.local/lib/python3.8/site-packages/airflow/example_dags/example_branch_datetime_operator.py
[2022-05-19 00:19:02,517] {processor.py:654} INFO - DAG(s) dict_keys(['example_branch_datetime_operator_2']) retrieved from /home/airflow/.local/lib/python3.8/site-packages/airflow/example_dags/example_branch_datetime_operator.py
[2022-05-19 00:19:02,525] {logging_mixin.py:109} INFO - [2022-05-19 00:19:02,525] {dag.py:2398} INFO - Sync 1 DAGs
[2022-05-19 00:19:02,542] {logging_mixin.py:109} INFO - [2022-05-19 00:19:02,542] {dag.py:2937} INFO - Setting next_dagrun for example_branch_datetime_operator_2 to 2022-05-18 00:00:00+00:00
[2022-05-19 00:19:02,552] {processor.py:171} INFO - Processing /home/airflow/.local/lib/python3.8/site-packages/airflow/example_dags/example_branch_datetime_operator.py took 0.152 seconds
[2022-05-19 00:19:33,610] {processor.py:163} INFO - Started process (PID=9503) to work on /home/airflow/.local/lib/python3.8/site-packages/airflow/example_dags/example_branch_datetime_operator.py
[2022-05-19 00:19:33,612] {processor.py:642} INFO - Processing file /home/airflow/.local/lib/python3.8/site-packages/airflow/example_dags/example_branch_datetime_operator.py for tasks to queue
[2022-05-19 00:19:33,612] {logging_mixin.py:109} INFO - [2022-05-19 00:19:33,612] {dagbag.py:500} INFO - Filling up the DagBag from /home/airflow/.local/lib/python3.8/site-packages/airflow/example_dags/example_branch_datetime_operator.py
[2022-05-19 00:19:33,711] {processor.py:654} INFO - DAG(s) dict_keys(['example_branch_datetime_operator_2']) retrieved from /home/airflow/.local/lib/python3.8/site-packages/airflow/example_dags/example_branch_datetime_operator.py
[2022-05-19 00:19:33,720] {logging_mixin.py:109} INFO - [2022-05-19 00:19:33,719] {dag.py:2398} INFO - Sync 1 DAGs
[2022-05-19 00:19:33,733] {logging_mixin.py:109} INFO - [2022-05-19 00:19:33,732] {dag.py:2937} INFO - Setting next_dagrun for example_branch_datetime_operator_2 to 2022-05-18 00:00:00+00:00
[2022-05-19 00:19:33,748] {processor.py:171} INFO - Processing /home/airflow/.local/lib/python3.8/site-packages/airflow/example_dags/example_branch_datetime_operator.py took 0.141 seconds
[2022-05-19 00:20:04,308] {processor.py:163} INFO - Started process (PID=9588) to work on /home/airflow/.local/lib/python3.8/site-packages/airflow/example_dags/example_branch_datetime_operator.py
[2022-05-19 00:20:04,309] {processor.py:642} INFO - Processing file /home/airflow/.local/lib/python3.8/site-packages/airflow/example_dags/example_branch_datetime_operator.py for tasks to queue
[2022-05-19 00:20:04,310] {logging_mixin.py:109} INFO - [2022-05-19 00:20:04,310] {dagbag.py:500} INFO - Filling up the DagBag from /home/airflow/.local/lib/python3.8/site-packages/airflow/example_dags/example_branch_datetime_operator.py
[2022-05-19 00:20:04,408] {processor.py:654} INFO - DAG(s) dict_keys(['example_branch_datetime_operator_2']) retrieved from /home/airflow/.local/lib/python3.8/site-packages/airflow/example_dags/example_branch_datetime_operator.py
[2022-05-19 00:20:04,417] {logging_mixin.py:109} INFO - [2022-05-19 00:20:04,417] {dag.py:2398} INFO - Sync 1 DAGs
[2022-05-19 00:20:04,430] {logging_mixin.py:109} INFO - [2022-05-19 00:20:04,430] {dag.py:2937} INFO - Setting next_dagrun for example_branch_datetime_operator_2 to 2022-05-18 00:00:00+00:00
[2022-05-19 00:20:04,441] {processor.py:171} INFO - Processing /home/airflow/.local/lib/python3.8/site-packages/airflow/example_dags/example_branch_datetime_operator.py took 0.137 seconds
[2022-05-19 00:20:35,084] {processor.py:163} INFO - Started process (PID=9691) to work on /home/airflow/.local/lib/python3.8/site-packages/airflow/example_dags/example_branch_datetime_operator.py
[2022-05-19 00:20:35,085] {processor.py:642} INFO - Processing file /home/airflow/.local/lib/python3.8/site-packages/airflow/example_dags/example_branch_datetime_operator.py for tasks to queue
[2022-05-19 00:20:35,086] {logging_mixin.py:109} INFO - [2022-05-19 00:20:35,086] {dagbag.py:500} INFO - Filling up the DagBag from /home/airflow/.local/lib/python3.8/site-packages/airflow/example_dags/example_branch_datetime_operator.py
[2022-05-19 00:20:35,121] {processor.py:654} INFO - DAG(s) dict_keys(['example_branch_datetime_operator_2']) retrieved from /home/airflow/.local/lib/python3.8/site-packages/airflow/example_dags/example_branch_datetime_operator.py
[2022-05-19 00:20:35,131] {logging_mixin.py:109} INFO - [2022-05-19 00:20:35,130] {dag.py:2398} INFO - Sync 1 DAGs
[2022-05-19 00:20:35,148] {logging_mixin.py:109} INFO - [2022-05-19 00:20:35,147] {dag.py:2937} INFO - Setting next_dagrun for example_branch_datetime_operator_2 to 2022-05-18 00:00:00+00:00
[2022-05-19 00:20:35,161] {processor.py:171} INFO - Processing /home/airflow/.local/lib/python3.8/site-packages/airflow/example_dags/example_branch_datetime_operator.py took 0.080 seconds
[2022-05-19 00:21:05,807] {processor.py:163} INFO - Started process (PID=9783) to work on /home/airflow/.local/lib/python3.8/site-packages/airflow/example_dags/example_branch_datetime_operator.py
[2022-05-19 00:21:05,812] {processor.py:642} INFO - Processing file /home/airflow/.local/lib/python3.8/site-packages/airflow/example_dags/example_branch_datetime_operator.py for tasks to queue
[2022-05-19 00:21:05,813] {logging_mixin.py:109} INFO - [2022-05-19 00:21:05,812] {dagbag.py:500} INFO - Filling up the DagBag from /home/airflow/.local/lib/python3.8/site-packages/airflow/example_dags/example_branch_datetime_operator.py
[2022-05-19 00:21:05,869] {processor.py:654} INFO - DAG(s) dict_keys(['example_branch_datetime_operator_2']) retrieved from /home/airflow/.local/lib/python3.8/site-packages/airflow/example_dags/example_branch_datetime_operator.py
[2022-05-19 00:21:05,895] {logging_mixin.py:109} INFO - [2022-05-19 00:21:05,894] {dag.py:2398} INFO - Sync 1 DAGs
[2022-05-19 00:21:05,925] {logging_mixin.py:109} INFO - [2022-05-19 00:21:05,925] {dag.py:2937} INFO - Setting next_dagrun for example_branch_datetime_operator_2 to 2022-05-18 00:00:00+00:00
[2022-05-19 00:21:05,935] {processor.py:171} INFO - Processing /home/airflow/.local/lib/python3.8/site-packages/airflow/example_dags/example_branch_datetime_operator.py took 0.131 seconds
[2022-05-19 00:21:36,818] {processor.py:163} INFO - Started process (PID=9868) to work on /home/airflow/.local/lib/python3.8/site-packages/airflow/example_dags/example_branch_datetime_operator.py
[2022-05-19 00:21:36,819] {processor.py:642} INFO - Processing file /home/airflow/.local/lib/python3.8/site-packages/airflow/example_dags/example_branch_datetime_operator.py for tasks to queue
[2022-05-19 00:21:36,820] {logging_mixin.py:109} INFO - [2022-05-19 00:21:36,819] {dagbag.py:500} INFO - Filling up the DagBag from /home/airflow/.local/lib/python3.8/site-packages/airflow/example_dags/example_branch_datetime_operator.py
[2022-05-19 00:21:36,849] {processor.py:654} INFO - DAG(s) dict_keys(['example_branch_datetime_operator_2']) retrieved from /home/airflow/.local/lib/python3.8/site-packages/airflow/example_dags/example_branch_datetime_operator.py
[2022-05-19 00:21:36,858] {logging_mixin.py:109} INFO - [2022-05-19 00:21:36,858] {dag.py:2398} INFO - Sync 1 DAGs
[2022-05-19 00:21:36,872] {logging_mixin.py:109} INFO - [2022-05-19 00:21:36,872] {dag.py:2937} INFO - Setting next_dagrun for example_branch_datetime_operator_2 to 2022-05-18 00:00:00+00:00
[2022-05-19 00:21:36,883] {processor.py:171} INFO - Processing /home/airflow/.local/lib/python3.8/site-packages/airflow/example_dags/example_branch_datetime_operator.py took 0.067 seconds
[2022-05-19 00:22:07,585] {processor.py:163} INFO - Started process (PID=9998) to work on /home/airflow/.local/lib/python3.8/site-packages/airflow/example_dags/example_branch_datetime_operator.py
[2022-05-19 00:22:07,586] {processor.py:642} INFO - Processing file /home/airflow/.local/lib/python3.8/site-packages/airflow/example_dags/example_branch_datetime_operator.py for tasks to queue
[2022-05-19 00:22:07,587] {logging_mixin.py:109} INFO - [2022-05-19 00:22:07,587] {dagbag.py:500} INFO - Filling up the DagBag from /home/airflow/.local/lib/python3.8/site-packages/airflow/example_dags/example_branch_datetime_operator.py
[2022-05-19 00:22:07,614] {processor.py:654} INFO - DAG(s) dict_keys(['example_branch_datetime_operator_2']) retrieved from /home/airflow/.local/lib/python3.8/site-packages/airflow/example_dags/example_branch_datetime_operator.py
[2022-05-19 00:22:07,626] {logging_mixin.py:109} INFO - [2022-05-19 00:22:07,625] {dag.py:2398} INFO - Sync 1 DAGs
[2022-05-19 00:22:07,641] {logging_mixin.py:109} INFO - [2022-05-19 00:22:07,641] {dag.py:2937} INFO - Setting next_dagrun for example_branch_datetime_operator_2 to 2022-05-18 00:00:00+00:00
[2022-05-19 00:22:07,652] {processor.py:171} INFO - Processing /home/airflow/.local/lib/python3.8/site-packages/airflow/example_dags/example_branch_datetime_operator.py took 0.070 seconds
[2022-05-19 00:22:37,791] {processor.py:163} INFO - Started process (PID=10083) to work on /home/airflow/.local/lib/python3.8/site-packages/airflow/example_dags/example_branch_datetime_operator.py
[2022-05-19 00:22:37,792] {processor.py:642} INFO - Processing file /home/airflow/.local/lib/python3.8/site-packages/airflow/example_dags/example_branch_datetime_operator.py for tasks to queue
[2022-05-19 00:22:37,793] {logging_mixin.py:109} INFO - [2022-05-19 00:22:37,793] {dagbag.py:500} INFO - Filling up the DagBag from /home/airflow/.local/lib/python3.8/site-packages/airflow/example_dags/example_branch_datetime_operator.py
[2022-05-19 00:22:37,817] {processor.py:654} INFO - DAG(s) dict_keys(['example_branch_datetime_operator_2']) retrieved from /home/airflow/.local/lib/python3.8/site-packages/airflow/example_dags/example_branch_datetime_operator.py
[2022-05-19 00:22:37,825] {logging_mixin.py:109} INFO - [2022-05-19 00:22:37,825] {dag.py:2398} INFO - Sync 1 DAGs
[2022-05-19 00:22:37,839] {logging_mixin.py:109} INFO - [2022-05-19 00:22:37,839] {dag.py:2937} INFO - Setting next_dagrun for example_branch_datetime_operator_2 to 2022-05-18 00:00:00+00:00
[2022-05-19 00:22:37,848] {processor.py:171} INFO - Processing /home/airflow/.local/lib/python3.8/site-packages/airflow/example_dags/example_branch_datetime_operator.py took 0.058 seconds
[2022-05-19 00:23:08,735] {processor.py:163} INFO - Started process (PID=10167) to work on /home/airflow/.local/lib/python3.8/site-packages/airflow/example_dags/example_branch_datetime_operator.py
[2022-05-19 00:23:08,737] {processor.py:642} INFO - Processing file /home/airflow/.local/lib/python3.8/site-packages/airflow/example_dags/example_branch_datetime_operator.py for tasks to queue
[2022-05-19 00:23:08,737] {logging_mixin.py:109} INFO - [2022-05-19 00:23:08,737] {dagbag.py:500} INFO - Filling up the DagBag from /home/airflow/.local/lib/python3.8/site-packages/airflow/example_dags/example_branch_datetime_operator.py
[2022-05-19 00:23:08,779] {processor.py:654} INFO - DAG(s) dict_keys(['example_branch_datetime_operator_2']) retrieved from /home/airflow/.local/lib/python3.8/site-packages/airflow/example_dags/example_branch_datetime_operator.py
[2022-05-19 00:23:08,793] {logging_mixin.py:109} INFO - [2022-05-19 00:23:08,793] {dag.py:2398} INFO - Sync 1 DAGs
[2022-05-19 00:23:08,810] {logging_mixin.py:109} INFO - [2022-05-19 00:23:08,810] {dag.py:2937} INFO - Setting next_dagrun for example_branch_datetime_operator_2 to 2022-05-18 00:00:00+00:00
[2022-05-19 00:23:08,825] {processor.py:171} INFO - Processing /home/airflow/.local/lib/python3.8/site-packages/airflow/example_dags/example_branch_datetime_operator.py took 0.096 seconds
[2022-05-19 00:23:39,334] {processor.py:163} INFO - Started process (PID=10260) to work on /home/airflow/.local/lib/python3.8/site-packages/airflow/example_dags/example_branch_datetime_operator.py
[2022-05-19 00:23:39,334] {processor.py:642} INFO - Processing file /home/airflow/.local/lib/python3.8/site-packages/airflow/example_dags/example_branch_datetime_operator.py for tasks to queue
[2022-05-19 00:23:39,335] {logging_mixin.py:109} INFO - [2022-05-19 00:23:39,335] {dagbag.py:500} INFO - Filling up the DagBag from /home/airflow/.local/lib/python3.8/site-packages/airflow/example_dags/example_branch_datetime_operator.py
[2022-05-19 00:23:39,367] {processor.py:654} INFO - DAG(s) dict_keys(['example_branch_datetime_operator_2']) retrieved from /home/airflow/.local/lib/python3.8/site-packages/airflow/example_dags/example_branch_datetime_operator.py
[2022-05-19 00:23:39,375] {logging_mixin.py:109} INFO - [2022-05-19 00:23:39,375] {dag.py:2398} INFO - Sync 1 DAGs
[2022-05-19 00:23:39,392] {logging_mixin.py:109} INFO - [2022-05-19 00:23:39,392] {dag.py:2937} INFO - Setting next_dagrun for example_branch_datetime_operator_2 to 2022-05-18 00:00:00+00:00
[2022-05-19 00:23:39,403] {processor.py:171} INFO - Processing /home/airflow/.local/lib/python3.8/site-packages/airflow/example_dags/example_branch_datetime_operator.py took 0.072 seconds
[2022-05-19 00:24:09,944] {processor.py:163} INFO - Started process (PID=10346) to work on /home/airflow/.local/lib/python3.8/site-packages/airflow/example_dags/example_branch_datetime_operator.py
[2022-05-19 00:24:09,945] {processor.py:642} INFO - Processing file /home/airflow/.local/lib/python3.8/site-packages/airflow/example_dags/example_branch_datetime_operator.py for tasks to queue
[2022-05-19 00:24:09,946] {logging_mixin.py:109} INFO - [2022-05-19 00:24:09,946] {dagbag.py:500} INFO - Filling up the DagBag from /home/airflow/.local/lib/python3.8/site-packages/airflow/example_dags/example_branch_datetime_operator.py
[2022-05-19 00:24:09,978] {processor.py:654} INFO - DAG(s) dict_keys(['example_branch_datetime_operator_2']) retrieved from /home/airflow/.local/lib/python3.8/site-packages/airflow/example_dags/example_branch_datetime_operator.py
[2022-05-19 00:24:09,988] {logging_mixin.py:109} INFO - [2022-05-19 00:24:09,988] {dag.py:2398} INFO - Sync 1 DAGs
[2022-05-19 00:24:10,005] {logging_mixin.py:109} INFO - [2022-05-19 00:24:10,005] {dag.py:2937} INFO - Setting next_dagrun for example_branch_datetime_operator_2 to 2022-05-18 00:00:00+00:00
[2022-05-19 00:24:10,014] {processor.py:171} INFO - Processing /home/airflow/.local/lib/python3.8/site-packages/airflow/example_dags/example_branch_datetime_operator.py took 0.073 seconds
[2022-05-19 00:24:41,002] {processor.py:163} INFO - Started process (PID=10432) to work on /home/airflow/.local/lib/python3.8/site-packages/airflow/example_dags/example_branch_datetime_operator.py
[2022-05-19 00:24:41,003] {processor.py:642} INFO - Processing file /home/airflow/.local/lib/python3.8/site-packages/airflow/example_dags/example_branch_datetime_operator.py for tasks to queue
[2022-05-19 00:24:41,004] {logging_mixin.py:109} INFO - [2022-05-19 00:24:41,004] {dagbag.py:500} INFO - Filling up the DagBag from /home/airflow/.local/lib/python3.8/site-packages/airflow/example_dags/example_branch_datetime_operator.py
[2022-05-19 00:24:41,038] {processor.py:654} INFO - DAG(s) dict_keys(['example_branch_datetime_operator_2']) retrieved from /home/airflow/.local/lib/python3.8/site-packages/airflow/example_dags/example_branch_datetime_operator.py
[2022-05-19 00:24:41,049] {logging_mixin.py:109} INFO - [2022-05-19 00:24:41,049] {dag.py:2398} INFO - Sync 1 DAGs
[2022-05-19 00:24:41,064] {logging_mixin.py:109} INFO - [2022-05-19 00:24:41,064] {dag.py:2937} INFO - Setting next_dagrun for example_branch_datetime_operator_2 to 2022-05-18 00:00:00+00:00
[2022-05-19 00:24:41,077] {processor.py:171} INFO - Processing /home/airflow/.local/lib/python3.8/site-packages/airflow/example_dags/example_branch_datetime_operator.py took 0.077 seconds
[2022-05-19 00:25:12,337] {processor.py:163} INFO - Started process (PID=10526) to work on /home/airflow/.local/lib/python3.8/site-packages/airflow/example_dags/example_branch_datetime_operator.py
[2022-05-19 00:25:12,338] {processor.py:642} INFO - Processing file /home/airflow/.local/lib/python3.8/site-packages/airflow/example_dags/example_branch_datetime_operator.py for tasks to queue
[2022-05-19 00:25:12,339] {logging_mixin.py:109} INFO - [2022-05-19 00:25:12,339] {dagbag.py:500} INFO - Filling up the DagBag from /home/airflow/.local/lib/python3.8/site-packages/airflow/example_dags/example_branch_datetime_operator.py
[2022-05-19 00:25:12,374] {processor.py:654} INFO - DAG(s) dict_keys(['example_branch_datetime_operator_2']) retrieved from /home/airflow/.local/lib/python3.8/site-packages/airflow/example_dags/example_branch_datetime_operator.py
[2022-05-19 00:25:12,384] {logging_mixin.py:109} INFO - [2022-05-19 00:25:12,383] {dag.py:2398} INFO - Sync 1 DAGs
[2022-05-19 00:25:12,404] {logging_mixin.py:109} INFO - [2022-05-19 00:25:12,403] {dag.py:2937} INFO - Setting next_dagrun for example_branch_datetime_operator_2 to 2022-05-18 00:00:00+00:00
[2022-05-19 00:25:12,415] {processor.py:171} INFO - Processing /home/airflow/.local/lib/python3.8/site-packages/airflow/example_dags/example_branch_datetime_operator.py took 0.080 seconds
[2022-05-19 00:25:42,743] {processor.py:163} INFO - Started process (PID=10610) to work on /home/airflow/.local/lib/python3.8/site-packages/airflow/example_dags/example_branch_datetime_operator.py
[2022-05-19 00:25:42,744] {processor.py:642} INFO - Processing file /home/airflow/.local/lib/python3.8/site-packages/airflow/example_dags/example_branch_datetime_operator.py for tasks to queue
[2022-05-19 00:25:42,745] {logging_mixin.py:109} INFO - [2022-05-19 00:25:42,745] {dagbag.py:500} INFO - Filling up the DagBag from /home/airflow/.local/lib/python3.8/site-packages/airflow/example_dags/example_branch_datetime_operator.py
[2022-05-19 00:25:42,771] {processor.py:654} INFO - DAG(s) dict_keys(['example_branch_datetime_operator_2']) retrieved from /home/airflow/.local/lib/python3.8/site-packages/airflow/example_dags/example_branch_datetime_operator.py
[2022-05-19 00:25:42,780] {logging_mixin.py:109} INFO - [2022-05-19 00:25:42,780] {dag.py:2398} INFO - Sync 1 DAGs
[2022-05-19 00:25:42,795] {logging_mixin.py:109} INFO - [2022-05-19 00:25:42,795] {dag.py:2937} INFO - Setting next_dagrun for example_branch_datetime_operator_2 to 2022-05-18 00:00:00+00:00
[2022-05-19 00:25:42,805] {processor.py:171} INFO - Processing /home/airflow/.local/lib/python3.8/site-packages/airflow/example_dags/example_branch_datetime_operator.py took 0.063 seconds
[2022-05-19 00:26:13,695] {processor.py:163} INFO - Started process (PID=10702) to work on /home/airflow/.local/lib/python3.8/site-packages/airflow/example_dags/example_branch_datetime_operator.py
[2022-05-19 00:26:13,697] {processor.py:642} INFO - Processing file /home/airflow/.local/lib/python3.8/site-packages/airflow/example_dags/example_branch_datetime_operator.py for tasks to queue
[2022-05-19 00:26:13,699] {logging_mixin.py:109} INFO - [2022-05-19 00:26:13,699] {dagbag.py:500} INFO - Filling up the DagBag from /home/airflow/.local/lib/python3.8/site-packages/airflow/example_dags/example_branch_datetime_operator.py
[2022-05-19 00:26:13,743] {processor.py:654} INFO - DAG(s) dict_keys(['example_branch_datetime_operator_2']) retrieved from /home/airflow/.local/lib/python3.8/site-packages/airflow/example_dags/example_branch_datetime_operator.py
[2022-05-19 00:26:13,754] {logging_mixin.py:109} INFO - [2022-05-19 00:26:13,754] {dag.py:2398} INFO - Sync 1 DAGs
[2022-05-19 00:26:13,774] {logging_mixin.py:109} INFO - [2022-05-19 00:26:13,774] {dag.py:2937} INFO - Setting next_dagrun for example_branch_datetime_operator_2 to 2022-05-18 00:00:00+00:00
[2022-05-19 00:26:13,788] {processor.py:171} INFO - Processing /home/airflow/.local/lib/python3.8/site-packages/airflow/example_dags/example_branch_datetime_operator.py took 0.100 seconds
[2022-05-19 00:26:44,357] {processor.py:163} INFO - Started process (PID=10788) to work on /home/airflow/.local/lib/python3.8/site-packages/airflow/example_dags/example_branch_datetime_operator.py
[2022-05-19 00:26:44,358] {processor.py:642} INFO - Processing file /home/airflow/.local/lib/python3.8/site-packages/airflow/example_dags/example_branch_datetime_operator.py for tasks to queue
[2022-05-19 00:26:44,359] {logging_mixin.py:109} INFO - [2022-05-19 00:26:44,359] {dagbag.py:500} INFO - Filling up the DagBag from /home/airflow/.local/lib/python3.8/site-packages/airflow/example_dags/example_branch_datetime_operator.py
[2022-05-19 00:26:44,384] {processor.py:654} INFO - DAG(s) dict_keys(['example_branch_datetime_operator_2']) retrieved from /home/airflow/.local/lib/python3.8/site-packages/airflow/example_dags/example_branch_datetime_operator.py
[2022-05-19 00:26:44,393] {logging_mixin.py:109} INFO - [2022-05-19 00:26:44,393] {dag.py:2398} INFO - Sync 1 DAGs
[2022-05-19 00:26:44,409] {logging_mixin.py:109} INFO - [2022-05-19 00:26:44,409] {dag.py:2937} INFO - Setting next_dagrun for example_branch_datetime_operator_2 to 2022-05-18 00:00:00+00:00
[2022-05-19 00:26:44,420] {processor.py:171} INFO - Processing /home/airflow/.local/lib/python3.8/site-packages/airflow/example_dags/example_branch_datetime_operator.py took 0.065 seconds
[2022-05-19 00:27:14,726] {processor.py:163} INFO - Started process (PID=10856) to work on /home/airflow/.local/lib/python3.8/site-packages/airflow/example_dags/example_branch_datetime_operator.py
[2022-05-19 00:27:14,727] {processor.py:642} INFO - Processing file /home/airflow/.local/lib/python3.8/site-packages/airflow/example_dags/example_branch_datetime_operator.py for tasks to queue
[2022-05-19 00:27:14,728] {logging_mixin.py:109} INFO - [2022-05-19 00:27:14,727] {dagbag.py:500} INFO - Filling up the DagBag from /home/airflow/.local/lib/python3.8/site-packages/airflow/example_dags/example_branch_datetime_operator.py
[2022-05-19 00:27:14,765] {processor.py:654} INFO - DAG(s) dict_keys(['example_branch_datetime_operator_2']) retrieved from /home/airflow/.local/lib/python3.8/site-packages/airflow/example_dags/example_branch_datetime_operator.py
[2022-05-19 00:27:14,774] {logging_mixin.py:109} INFO - [2022-05-19 00:27:14,774] {dag.py:2398} INFO - Sync 1 DAGs
[2022-05-19 00:27:14,791] {logging_mixin.py:109} INFO - [2022-05-19 00:27:14,791] {dag.py:2937} INFO - Setting next_dagrun for example_branch_datetime_operator_2 to 2022-05-18 00:00:00+00:00
[2022-05-19 00:27:14,804] {processor.py:171} INFO - Processing /home/airflow/.local/lib/python3.8/site-packages/airflow/example_dags/example_branch_datetime_operator.py took 0.080 seconds
[2022-05-19 00:27:45,715] {processor.py:163} INFO - Started process (PID=10931) to work on /home/airflow/.local/lib/python3.8/site-packages/airflow/example_dags/example_branch_datetime_operator.py
[2022-05-19 00:27:45,716] {processor.py:642} INFO - Processing file /home/airflow/.local/lib/python3.8/site-packages/airflow/example_dags/example_branch_datetime_operator.py for tasks to queue
[2022-05-19 00:27:45,717] {logging_mixin.py:109} INFO - [2022-05-19 00:27:45,716] {dagbag.py:500} INFO - Filling up the DagBag from /home/airflow/.local/lib/python3.8/site-packages/airflow/example_dags/example_branch_datetime_operator.py
[2022-05-19 00:27:45,753] {processor.py:654} INFO - DAG(s) dict_keys(['example_branch_datetime_operator_2']) retrieved from /home/airflow/.local/lib/python3.8/site-packages/airflow/example_dags/example_branch_datetime_operator.py
[2022-05-19 00:27:45,763] {logging_mixin.py:109} INFO - [2022-05-19 00:27:45,763] {dag.py:2398} INFO - Sync 1 DAGs
[2022-05-19 00:27:45,779] {logging_mixin.py:109} INFO - [2022-05-19 00:27:45,779] {dag.py:2937} INFO - Setting next_dagrun for example_branch_datetime_operator_2 to 2022-05-18 00:00:00+00:00
[2022-05-19 00:27:45,800] {processor.py:171} INFO - Processing /home/airflow/.local/lib/python3.8/site-packages/airflow/example_dags/example_branch_datetime_operator.py took 0.088 seconds
[2022-05-19 00:28:16,570] {processor.py:163} INFO - Started process (PID=10999) to work on /home/airflow/.local/lib/python3.8/site-packages/airflow/example_dags/example_branch_datetime_operator.py
[2022-05-19 00:28:16,570] {processor.py:642} INFO - Processing file /home/airflow/.local/lib/python3.8/site-packages/airflow/example_dags/example_branch_datetime_operator.py for tasks to queue
[2022-05-19 00:28:16,571] {logging_mixin.py:109} INFO - [2022-05-19 00:28:16,571] {dagbag.py:500} INFO - Filling up the DagBag from /home/airflow/.local/lib/python3.8/site-packages/airflow/example_dags/example_branch_datetime_operator.py
[2022-05-19 00:28:16,599] {processor.py:654} INFO - DAG(s) dict_keys(['example_branch_datetime_operator_2']) retrieved from /home/airflow/.local/lib/python3.8/site-packages/airflow/example_dags/example_branch_datetime_operator.py
[2022-05-19 00:28:16,608] {logging_mixin.py:109} INFO - [2022-05-19 00:28:16,608] {dag.py:2398} INFO - Sync 1 DAGs
[2022-05-19 00:28:16,622] {logging_mixin.py:109} INFO - [2022-05-19 00:28:16,622] {dag.py:2937} INFO - Setting next_dagrun for example_branch_datetime_operator_2 to 2022-05-18 00:00:00+00:00
[2022-05-19 00:28:16,659] {processor.py:171} INFO - Processing /home/airflow/.local/lib/python3.8/site-packages/airflow/example_dags/example_branch_datetime_operator.py took 0.092 seconds
[2022-05-19 00:28:47,700] {processor.py:163} INFO - Started process (PID=11068) to work on /home/airflow/.local/lib/python3.8/site-packages/airflow/example_dags/example_branch_datetime_operator.py
[2022-05-19 00:28:47,702] {processor.py:642} INFO - Processing file /home/airflow/.local/lib/python3.8/site-packages/airflow/example_dags/example_branch_datetime_operator.py for tasks to queue
[2022-05-19 00:28:47,703] {logging_mixin.py:109} INFO - [2022-05-19 00:28:47,703] {dagbag.py:500} INFO - Filling up the DagBag from /home/airflow/.local/lib/python3.8/site-packages/airflow/example_dags/example_branch_datetime_operator.py
[2022-05-19 00:28:47,733] {processor.py:654} INFO - DAG(s) dict_keys(['example_branch_datetime_operator_2']) retrieved from /home/airflow/.local/lib/python3.8/site-packages/airflow/example_dags/example_branch_datetime_operator.py
[2022-05-19 00:28:47,741] {logging_mixin.py:109} INFO - [2022-05-19 00:28:47,741] {dag.py:2398} INFO - Sync 1 DAGs
[2022-05-19 00:28:47,758] {logging_mixin.py:109} INFO - [2022-05-19 00:28:47,758] {dag.py:2937} INFO - Setting next_dagrun for example_branch_datetime_operator_2 to 2022-05-18 00:00:00+00:00
[2022-05-19 00:28:47,768] {processor.py:171} INFO - Processing /home/airflow/.local/lib/python3.8/site-packages/airflow/example_dags/example_branch_datetime_operator.py took 0.071 seconds
[2022-05-19 00:29:19,123] {processor.py:163} INFO - Started process (PID=11147) to work on /home/airflow/.local/lib/python3.8/site-packages/airflow/example_dags/example_branch_datetime_operator.py
[2022-05-19 00:29:19,124] {processor.py:642} INFO - Processing file /home/airflow/.local/lib/python3.8/site-packages/airflow/example_dags/example_branch_datetime_operator.py for tasks to queue
[2022-05-19 00:29:19,124] {logging_mixin.py:109} INFO - [2022-05-19 00:29:19,124] {dagbag.py:500} INFO - Filling up the DagBag from /home/airflow/.local/lib/python3.8/site-packages/airflow/example_dags/example_branch_datetime_operator.py
[2022-05-19 00:29:19,151] {processor.py:654} INFO - DAG(s) dict_keys(['example_branch_datetime_operator_2']) retrieved from /home/airflow/.local/lib/python3.8/site-packages/airflow/example_dags/example_branch_datetime_operator.py
[2022-05-19 00:29:19,161] {logging_mixin.py:109} INFO - [2022-05-19 00:29:19,160] {dag.py:2398} INFO - Sync 1 DAGs
[2022-05-19 00:29:19,178] {logging_mixin.py:109} INFO - [2022-05-19 00:29:19,178] {dag.py:2937} INFO - Setting next_dagrun for example_branch_datetime_operator_2 to 2022-05-18 00:00:00+00:00
[2022-05-19 00:29:19,189] {processor.py:171} INFO - Processing /home/airflow/.local/lib/python3.8/site-packages/airflow/example_dags/example_branch_datetime_operator.py took 0.068 seconds
[2022-05-19 00:29:49,276] {processor.py:163} INFO - Started process (PID=11231) to work on /home/airflow/.local/lib/python3.8/site-packages/airflow/example_dags/example_branch_datetime_operator.py
[2022-05-19 00:29:49,277] {processor.py:642} INFO - Processing file /home/airflow/.local/lib/python3.8/site-packages/airflow/example_dags/example_branch_datetime_operator.py for tasks to queue
[2022-05-19 00:29:49,278] {logging_mixin.py:109} INFO - [2022-05-19 00:29:49,278] {dagbag.py:500} INFO - Filling up the DagBag from /home/airflow/.local/lib/python3.8/site-packages/airflow/example_dags/example_branch_datetime_operator.py
[2022-05-19 00:29:49,312] {processor.py:654} INFO - DAG(s) dict_keys(['example_branch_datetime_operator_2']) retrieved from /home/airflow/.local/lib/python3.8/site-packages/airflow/example_dags/example_branch_datetime_operator.py
[2022-05-19 00:29:49,322] {logging_mixin.py:109} INFO - [2022-05-19 00:29:49,322] {dag.py:2398} INFO - Sync 1 DAGs
[2022-05-19 00:29:49,341] {logging_mixin.py:109} INFO - [2022-05-19 00:29:49,341] {dag.py:2937} INFO - Setting next_dagrun for example_branch_datetime_operator_2 to 2022-05-18 00:00:00+00:00
[2022-05-19 00:29:49,353] {processor.py:171} INFO - Processing /home/airflow/.local/lib/python3.8/site-packages/airflow/example_dags/example_branch_datetime_operator.py took 0.078 seconds
[2022-05-19 00:30:20,599] {processor.py:163} INFO - Started process (PID=11335) to work on /home/airflow/.local/lib/python3.8/site-packages/airflow/example_dags/example_branch_datetime_operator.py
[2022-05-19 00:30:20,601] {processor.py:642} INFO - Processing file /home/airflow/.local/lib/python3.8/site-packages/airflow/example_dags/example_branch_datetime_operator.py for tasks to queue
[2022-05-19 00:30:20,601] {logging_mixin.py:109} INFO - [2022-05-19 00:30:20,601] {dagbag.py:500} INFO - Filling up the DagBag from /home/airflow/.local/lib/python3.8/site-packages/airflow/example_dags/example_branch_datetime_operator.py
[2022-05-19 00:30:20,632] {processor.py:654} INFO - DAG(s) dict_keys(['example_branch_datetime_operator_2']) retrieved from /home/airflow/.local/lib/python3.8/site-packages/airflow/example_dags/example_branch_datetime_operator.py
[2022-05-19 00:30:20,644] {logging_mixin.py:109} INFO - [2022-05-19 00:30:20,644] {dag.py:2398} INFO - Sync 1 DAGs
[2022-05-19 00:30:20,660] {logging_mixin.py:109} INFO - [2022-05-19 00:30:20,660] {dag.py:2937} INFO - Setting next_dagrun for example_branch_datetime_operator_2 to 2022-05-18 00:00:00+00:00
[2022-05-19 00:30:20,674] {processor.py:171} INFO - Processing /home/airflow/.local/lib/python3.8/site-packages/airflow/example_dags/example_branch_datetime_operator.py took 0.077 seconds
[2022-05-19 00:30:51,176] {processor.py:163} INFO - Started process (PID=11427) to work on /home/airflow/.local/lib/python3.8/site-packages/airflow/example_dags/example_branch_datetime_operator.py
[2022-05-19 00:30:51,178] {processor.py:642} INFO - Processing file /home/airflow/.local/lib/python3.8/site-packages/airflow/example_dags/example_branch_datetime_operator.py for tasks to queue
[2022-05-19 00:30:51,179] {logging_mixin.py:109} INFO - [2022-05-19 00:30:51,179] {dagbag.py:500} INFO - Filling up the DagBag from /home/airflow/.local/lib/python3.8/site-packages/airflow/example_dags/example_branch_datetime_operator.py
[2022-05-19 00:30:51,216] {processor.py:654} INFO - DAG(s) dict_keys(['example_branch_datetime_operator_2']) retrieved from /home/airflow/.local/lib/python3.8/site-packages/airflow/example_dags/example_branch_datetime_operator.py
[2022-05-19 00:30:51,225] {logging_mixin.py:109} INFO - [2022-05-19 00:30:51,225] {dag.py:2398} INFO - Sync 1 DAGs
[2022-05-19 00:30:51,241] {logging_mixin.py:109} INFO - [2022-05-19 00:30:51,241] {dag.py:2937} INFO - Setting next_dagrun for example_branch_datetime_operator_2 to 2022-05-18 00:00:00+00:00
[2022-05-19 00:30:51,252] {processor.py:171} INFO - Processing /home/airflow/.local/lib/python3.8/site-packages/airflow/example_dags/example_branch_datetime_operator.py took 0.080 seconds
[2022-05-19 00:31:22,427] {processor.py:163} INFO - Started process (PID=11512) to work on /home/airflow/.local/lib/python3.8/site-packages/airflow/example_dags/example_branch_datetime_operator.py
[2022-05-19 00:31:22,428] {processor.py:642} INFO - Processing file /home/airflow/.local/lib/python3.8/site-packages/airflow/example_dags/example_branch_datetime_operator.py for tasks to queue
[2022-05-19 00:31:22,429] {logging_mixin.py:109} INFO - [2022-05-19 00:31:22,429] {dagbag.py:500} INFO - Filling up the DagBag from /home/airflow/.local/lib/python3.8/site-packages/airflow/example_dags/example_branch_datetime_operator.py
[2022-05-19 00:31:22,456] {processor.py:654} INFO - DAG(s) dict_keys(['example_branch_datetime_operator_2']) retrieved from /home/airflow/.local/lib/python3.8/site-packages/airflow/example_dags/example_branch_datetime_operator.py
[2022-05-19 00:31:22,467] {logging_mixin.py:109} INFO - [2022-05-19 00:31:22,467] {dag.py:2398} INFO - Sync 1 DAGs
[2022-05-19 00:31:22,483] {logging_mixin.py:109} INFO - [2022-05-19 00:31:22,483] {dag.py:2937} INFO - Setting next_dagrun for example_branch_datetime_operator_2 to 2022-05-18 00:00:00+00:00
[2022-05-19 00:31:22,492] {processor.py:171} INFO - Processing /home/airflow/.local/lib/python3.8/site-packages/airflow/example_dags/example_branch_datetime_operator.py took 0.067 seconds
[2022-05-19 00:31:52,916] {processor.py:163} INFO - Started process (PID=11578) to work on /home/airflow/.local/lib/python3.8/site-packages/airflow/example_dags/example_branch_datetime_operator.py
[2022-05-19 00:31:52,917] {processor.py:642} INFO - Processing file /home/airflow/.local/lib/python3.8/site-packages/airflow/example_dags/example_branch_datetime_operator.py for tasks to queue
[2022-05-19 00:31:52,918] {logging_mixin.py:109} INFO - [2022-05-19 00:31:52,918] {dagbag.py:500} INFO - Filling up the DagBag from /home/airflow/.local/lib/python3.8/site-packages/airflow/example_dags/example_branch_datetime_operator.py
[2022-05-19 00:31:52,952] {processor.py:654} INFO - DAG(s) dict_keys(['example_branch_datetime_operator_2']) retrieved from /home/airflow/.local/lib/python3.8/site-packages/airflow/example_dags/example_branch_datetime_operator.py
[2022-05-19 00:31:52,963] {logging_mixin.py:109} INFO - [2022-05-19 00:31:52,962] {dag.py:2398} INFO - Sync 1 DAGs
[2022-05-19 00:31:52,981] {logging_mixin.py:109} INFO - [2022-05-19 00:31:52,981] {dag.py:2937} INFO - Setting next_dagrun for example_branch_datetime_operator_2 to 2022-05-18 00:00:00+00:00
[2022-05-19 00:31:52,996] {processor.py:171} INFO - Processing /home/airflow/.local/lib/python3.8/site-packages/airflow/example_dags/example_branch_datetime_operator.py took 0.082 seconds
[2022-05-19 00:32:23,986] {processor.py:163} INFO - Started process (PID=11669) to work on /home/airflow/.local/lib/python3.8/site-packages/airflow/example_dags/example_branch_datetime_operator.py
[2022-05-19 00:32:23,987] {processor.py:642} INFO - Processing file /home/airflow/.local/lib/python3.8/site-packages/airflow/example_dags/example_branch_datetime_operator.py for tasks to queue
[2022-05-19 00:32:23,988] {logging_mixin.py:109} INFO - [2022-05-19 00:32:23,988] {dagbag.py:500} INFO - Filling up the DagBag from /home/airflow/.local/lib/python3.8/site-packages/airflow/example_dags/example_branch_datetime_operator.py
[2022-05-19 00:32:24,019] {processor.py:654} INFO - DAG(s) dict_keys(['example_branch_datetime_operator_2']) retrieved from /home/airflow/.local/lib/python3.8/site-packages/airflow/example_dags/example_branch_datetime_operator.py
[2022-05-19 00:32:24,028] {logging_mixin.py:109} INFO - [2022-05-19 00:32:24,027] {dag.py:2398} INFO - Sync 1 DAGs
[2022-05-19 00:32:24,049] {logging_mixin.py:109} INFO - [2022-05-19 00:32:24,049] {dag.py:2937} INFO - Setting next_dagrun for example_branch_datetime_operator_2 to 2022-05-18 00:00:00+00:00
[2022-05-19 00:32:24,060] {processor.py:171} INFO - Processing /home/airflow/.local/lib/python3.8/site-packages/airflow/example_dags/example_branch_datetime_operator.py took 0.077 seconds
[2022-05-19 00:32:54,228] {processor.py:163} INFO - Started process (PID=11756) to work on /home/airflow/.local/lib/python3.8/site-packages/airflow/example_dags/example_branch_datetime_operator.py
[2022-05-19 00:32:54,229] {processor.py:642} INFO - Processing file /home/airflow/.local/lib/python3.8/site-packages/airflow/example_dags/example_branch_datetime_operator.py for tasks to queue
[2022-05-19 00:32:54,229] {logging_mixin.py:109} INFO - [2022-05-19 00:32:54,229] {dagbag.py:500} INFO - Filling up the DagBag from /home/airflow/.local/lib/python3.8/site-packages/airflow/example_dags/example_branch_datetime_operator.py
[2022-05-19 00:32:54,259] {processor.py:654} INFO - DAG(s) dict_keys(['example_branch_datetime_operator_2']) retrieved from /home/airflow/.local/lib/python3.8/site-packages/airflow/example_dags/example_branch_datetime_operator.py
[2022-05-19 00:32:54,268] {logging_mixin.py:109} INFO - [2022-05-19 00:32:54,268] {dag.py:2398} INFO - Sync 1 DAGs
[2022-05-19 00:32:54,285] {logging_mixin.py:109} INFO - [2022-05-19 00:32:54,285] {dag.py:2937} INFO - Setting next_dagrun for example_branch_datetime_operator_2 to 2022-05-18 00:00:00+00:00
[2022-05-19 00:32:54,298] {processor.py:171} INFO - Processing /home/airflow/.local/lib/python3.8/site-packages/airflow/example_dags/example_branch_datetime_operator.py took 0.073 seconds
[2022-05-19 00:33:24,353] {processor.py:163} INFO - Started process (PID=11840) to work on /home/airflow/.local/lib/python3.8/site-packages/airflow/example_dags/example_branch_datetime_operator.py
[2022-05-19 00:33:24,354] {processor.py:642} INFO - Processing file /home/airflow/.local/lib/python3.8/site-packages/airflow/example_dags/example_branch_datetime_operator.py for tasks to queue
[2022-05-19 00:33:24,355] {logging_mixin.py:109} INFO - [2022-05-19 00:33:24,355] {dagbag.py:500} INFO - Filling up the DagBag from /home/airflow/.local/lib/python3.8/site-packages/airflow/example_dags/example_branch_datetime_operator.py
[2022-05-19 00:33:24,383] {processor.py:654} INFO - DAG(s) dict_keys(['example_branch_datetime_operator_2']) retrieved from /home/airflow/.local/lib/python3.8/site-packages/airflow/example_dags/example_branch_datetime_operator.py
[2022-05-19 00:33:24,392] {logging_mixin.py:109} INFO - [2022-05-19 00:33:24,392] {dag.py:2398} INFO - Sync 1 DAGs
[2022-05-19 00:33:24,408] {logging_mixin.py:109} INFO - [2022-05-19 00:33:24,408] {dag.py:2937} INFO - Setting next_dagrun for example_branch_datetime_operator_2 to 2022-05-18 00:00:00+00:00
[2022-05-19 00:33:24,419] {processor.py:171} INFO - Processing /home/airflow/.local/lib/python3.8/site-packages/airflow/example_dags/example_branch_datetime_operator.py took 0.069 seconds
[2022-05-19 00:33:54,841] {processor.py:163} INFO - Started process (PID=11935) to work on /home/airflow/.local/lib/python3.8/site-packages/airflow/example_dags/example_branch_datetime_operator.py
[2022-05-19 00:33:54,842] {processor.py:642} INFO - Processing file /home/airflow/.local/lib/python3.8/site-packages/airflow/example_dags/example_branch_datetime_operator.py for tasks to queue
[2022-05-19 00:33:54,843] {logging_mixin.py:109} INFO - [2022-05-19 00:33:54,843] {dagbag.py:500} INFO - Filling up the DagBag from /home/airflow/.local/lib/python3.8/site-packages/airflow/example_dags/example_branch_datetime_operator.py
[2022-05-19 00:33:54,889] {processor.py:654} INFO - DAG(s) dict_keys(['example_branch_datetime_operator_2']) retrieved from /home/airflow/.local/lib/python3.8/site-packages/airflow/example_dags/example_branch_datetime_operator.py
[2022-05-19 00:33:54,901] {logging_mixin.py:109} INFO - [2022-05-19 00:33:54,901] {dag.py:2398} INFO - Sync 1 DAGs
[2022-05-19 00:33:54,919] {logging_mixin.py:109} INFO - [2022-05-19 00:33:54,919] {dag.py:2937} INFO - Setting next_dagrun for example_branch_datetime_operator_2 to 2022-05-18 00:00:00+00:00
[2022-05-19 00:33:54,930] {processor.py:171} INFO - Processing /home/airflow/.local/lib/python3.8/site-packages/airflow/example_dags/example_branch_datetime_operator.py took 0.093 seconds
[2022-05-19 00:34:25,119] {processor.py:163} INFO - Started process (PID=12019) to work on /home/airflow/.local/lib/python3.8/site-packages/airflow/example_dags/example_branch_datetime_operator.py
[2022-05-19 00:34:25,121] {processor.py:642} INFO - Processing file /home/airflow/.local/lib/python3.8/site-packages/airflow/example_dags/example_branch_datetime_operator.py for tasks to queue
[2022-05-19 00:34:25,121] {logging_mixin.py:109} INFO - [2022-05-19 00:34:25,121] {dagbag.py:500} INFO - Filling up the DagBag from /home/airflow/.local/lib/python3.8/site-packages/airflow/example_dags/example_branch_datetime_operator.py
[2022-05-19 00:34:25,153] {processor.py:654} INFO - DAG(s) dict_keys(['example_branch_datetime_operator_2']) retrieved from /home/airflow/.local/lib/python3.8/site-packages/airflow/example_dags/example_branch_datetime_operator.py
[2022-05-19 00:34:25,167] {logging_mixin.py:109} INFO - [2022-05-19 00:34:25,167] {dag.py:2398} INFO - Sync 1 DAGs
[2022-05-19 00:34:25,182] {logging_mixin.py:109} INFO - [2022-05-19 00:34:25,182] {dag.py:2937} INFO - Setting next_dagrun for example_branch_datetime_operator_2 to 2022-05-18 00:00:00+00:00
[2022-05-19 00:34:25,193] {processor.py:171} INFO - Processing /home/airflow/.local/lib/python3.8/site-packages/airflow/example_dags/example_branch_datetime_operator.py took 0.078 seconds
[2022-05-19 00:34:55,233] {processor.py:163} INFO - Started process (PID=12105) to work on /home/airflow/.local/lib/python3.8/site-packages/airflow/example_dags/example_branch_datetime_operator.py
[2022-05-19 00:34:55,234] {processor.py:642} INFO - Processing file /home/airflow/.local/lib/python3.8/site-packages/airflow/example_dags/example_branch_datetime_operator.py for tasks to queue
[2022-05-19 00:34:55,234] {logging_mixin.py:109} INFO - [2022-05-19 00:34:55,234] {dagbag.py:500} INFO - Filling up the DagBag from /home/airflow/.local/lib/python3.8/site-packages/airflow/example_dags/example_branch_datetime_operator.py
[2022-05-19 00:34:55,269] {processor.py:654} INFO - DAG(s) dict_keys(['example_branch_datetime_operator_2']) retrieved from /home/airflow/.local/lib/python3.8/site-packages/airflow/example_dags/example_branch_datetime_operator.py
[2022-05-19 00:34:55,281] {logging_mixin.py:109} INFO - [2022-05-19 00:34:55,281] {dag.py:2398} INFO - Sync 1 DAGs
[2022-05-19 00:34:55,303] {logging_mixin.py:109} INFO - [2022-05-19 00:34:55,303] {dag.py:2937} INFO - Setting next_dagrun for example_branch_datetime_operator_2 to 2022-05-18 00:00:00+00:00
[2022-05-19 00:34:55,318] {processor.py:171} INFO - Processing /home/airflow/.local/lib/python3.8/site-packages/airflow/example_dags/example_branch_datetime_operator.py took 0.087 seconds
[2022-05-19 00:35:25,719] {processor.py:163} INFO - Started process (PID=12200) to work on /home/airflow/.local/lib/python3.8/site-packages/airflow/example_dags/example_branch_datetime_operator.py
[2022-05-19 00:35:25,721] {processor.py:642} INFO - Processing file /home/airflow/.local/lib/python3.8/site-packages/airflow/example_dags/example_branch_datetime_operator.py for tasks to queue
[2022-05-19 00:35:25,721] {logging_mixin.py:109} INFO - [2022-05-19 00:35:25,721] {dagbag.py:500} INFO - Filling up the DagBag from /home/airflow/.local/lib/python3.8/site-packages/airflow/example_dags/example_branch_datetime_operator.py
[2022-05-19 00:35:25,744] {processor.py:654} INFO - DAG(s) dict_keys(['example_branch_datetime_operator_2']) retrieved from /home/airflow/.local/lib/python3.8/site-packages/airflow/example_dags/example_branch_datetime_operator.py
[2022-05-19 00:35:25,753] {logging_mixin.py:109} INFO - [2022-05-19 00:35:25,752] {dag.py:2398} INFO - Sync 1 DAGs
[2022-05-19 00:35:25,767] {logging_mixin.py:109} INFO - [2022-05-19 00:35:25,766] {dag.py:2937} INFO - Setting next_dagrun for example_branch_datetime_operator_2 to 2022-05-18 00:00:00+00:00
[2022-05-19 00:35:25,777] {processor.py:171} INFO - Processing /home/airflow/.local/lib/python3.8/site-packages/airflow/example_dags/example_branch_datetime_operator.py took 0.060 seconds
[2022-05-19 00:35:55,886] {processor.py:163} INFO - Started process (PID=12283) to work on /home/airflow/.local/lib/python3.8/site-packages/airflow/example_dags/example_branch_datetime_operator.py
[2022-05-19 00:35:55,887] {processor.py:642} INFO - Processing file /home/airflow/.local/lib/python3.8/site-packages/airflow/example_dags/example_branch_datetime_operator.py for tasks to queue
[2022-05-19 00:35:55,888] {logging_mixin.py:109} INFO - [2022-05-19 00:35:55,887] {dagbag.py:500} INFO - Filling up the DagBag from /home/airflow/.local/lib/python3.8/site-packages/airflow/example_dags/example_branch_datetime_operator.py
[2022-05-19 00:35:55,920] {processor.py:654} INFO - DAG(s) dict_keys(['example_branch_datetime_operator_2']) retrieved from /home/airflow/.local/lib/python3.8/site-packages/airflow/example_dags/example_branch_datetime_operator.py
[2022-05-19 00:35:55,930] {logging_mixin.py:109} INFO - [2022-05-19 00:35:55,929] {dag.py:2398} INFO - Sync 1 DAGs
[2022-05-19 00:35:55,946] {logging_mixin.py:109} INFO - [2022-05-19 00:35:55,946] {dag.py:2937} INFO - Setting next_dagrun for example_branch_datetime_operator_2 to 2022-05-18 00:00:00+00:00
[2022-05-19 00:35:55,957] {processor.py:171} INFO - Processing /home/airflow/.local/lib/python3.8/site-packages/airflow/example_dags/example_branch_datetime_operator.py took 0.073 seconds
[2022-05-19 00:36:26,186] {processor.py:163} INFO - Started process (PID=12368) to work on /home/airflow/.local/lib/python3.8/site-packages/airflow/example_dags/example_branch_datetime_operator.py
[2022-05-19 00:36:26,193] {processor.py:642} INFO - Processing file /home/airflow/.local/lib/python3.8/site-packages/airflow/example_dags/example_branch_datetime_operator.py for tasks to queue
[2022-05-19 00:36:26,193] {logging_mixin.py:109} INFO - [2022-05-19 00:36:26,193] {dagbag.py:500} INFO - Filling up the DagBag from /home/airflow/.local/lib/python3.8/site-packages/airflow/example_dags/example_branch_datetime_operator.py
[2022-05-19 00:36:26,216] {processor.py:654} INFO - DAG(s) dict_keys(['example_branch_datetime_operator_2']) retrieved from /home/airflow/.local/lib/python3.8/site-packages/airflow/example_dags/example_branch_datetime_operator.py
[2022-05-19 00:36:26,225] {logging_mixin.py:109} INFO - [2022-05-19 00:36:26,225] {dag.py:2398} INFO - Sync 1 DAGs
[2022-05-19 00:36:26,242] {logging_mixin.py:109} INFO - [2022-05-19 00:36:26,242] {dag.py:2937} INFO - Setting next_dagrun for example_branch_datetime_operator_2 to 2022-05-18 00:00:00+00:00
[2022-05-19 00:36:26,251] {processor.py:171} INFO - Processing /home/airflow/.local/lib/python3.8/site-packages/airflow/example_dags/example_branch_datetime_operator.py took 0.067 seconds
[2022-05-19 00:36:56,782] {processor.py:163} INFO - Started process (PID=12463) to work on /home/airflow/.local/lib/python3.8/site-packages/airflow/example_dags/example_branch_datetime_operator.py
[2022-05-19 00:36:56,783] {processor.py:642} INFO - Processing file /home/airflow/.local/lib/python3.8/site-packages/airflow/example_dags/example_branch_datetime_operator.py for tasks to queue
[2022-05-19 00:36:56,784] {logging_mixin.py:109} INFO - [2022-05-19 00:36:56,784] {dagbag.py:500} INFO - Filling up the DagBag from /home/airflow/.local/lib/python3.8/site-packages/airflow/example_dags/example_branch_datetime_operator.py
[2022-05-19 00:36:56,812] {processor.py:654} INFO - DAG(s) dict_keys(['example_branch_datetime_operator_2']) retrieved from /home/airflow/.local/lib/python3.8/site-packages/airflow/example_dags/example_branch_datetime_operator.py
[2022-05-19 00:36:56,821] {logging_mixin.py:109} INFO - [2022-05-19 00:36:56,821] {dag.py:2398} INFO - Sync 1 DAGs
[2022-05-19 00:36:56,838] {logging_mixin.py:109} INFO - [2022-05-19 00:36:56,838] {dag.py:2937} INFO - Setting next_dagrun for example_branch_datetime_operator_2 to 2022-05-18 00:00:00+00:00
[2022-05-19 00:36:56,856] {processor.py:171} INFO - Processing /home/airflow/.local/lib/python3.8/site-packages/airflow/example_dags/example_branch_datetime_operator.py took 0.076 seconds
