[2022-06-20 05:32:11,338] {taskinstance.py:1037} INFO - Dependencies all met for <TaskInstance: match_details_dag.staging_match_data manual__2022-06-20T05:32:08.047538+00:00 [queued]>
[2022-06-20 05:32:11,348] {taskinstance.py:1037} INFO - Dependencies all met for <TaskInstance: match_details_dag.staging_match_data manual__2022-06-20T05:32:08.047538+00:00 [queued]>
[2022-06-20 05:32:11,348] {taskinstance.py:1243} INFO - 
--------------------------------------------------------------------------------
[2022-06-20 05:32:11,348] {taskinstance.py:1244} INFO - Starting attempt 1 of 2
[2022-06-20 05:32:11,348] {taskinstance.py:1245} INFO - 
--------------------------------------------------------------------------------
[2022-06-20 05:32:11,358] {taskinstance.py:1264} INFO - Executing <Task(riot_matchDetailsToADLSOperator): staging_match_data> on 2022-06-20 05:32:08.047538+00:00
[2022-06-20 05:32:11,363] {standard_task_runner.py:52} INFO - Started process 99 to run task
[2022-06-20 05:32:11,365] {standard_task_runner.py:76} INFO - Running: ['***', 'tasks', 'run', 'match_details_dag', 'staging_match_data', 'manual__2022-06-20T05:32:08.047538+00:00', '--job-id', '153', '--raw', '--subdir', 'DAGS_FOLDER/matchData_dag.py', '--cfg-path', '/tmp/tmp6c7dtq85', '--error-file', '/tmp/tmps9ji2isy']
[2022-06-20 05:32:11,366] {standard_task_runner.py:77} INFO - Job 153: Subtask staging_match_data
[2022-06-20 05:32:11,407] {logging_mixin.py:109} INFO - Running <TaskInstance: match_details_dag.staging_match_data manual__2022-06-20T05:32:08.047538+00:00 [running]> on host ebe3cc7dbee2
[2022-06-20 05:32:11,447] {taskinstance.py:1429} INFO - Exporting the following env vars:
AIRFLOW_CTX_DAG_OWNER=admin
AIRFLOW_CTX_DAG_ID=match_details_dag
AIRFLOW_CTX_TASK_ID=staging_match_data
AIRFLOW_CTX_EXECUTION_DATE=2022-06-20T05:32:08.047538+00:00
AIRFLOW_CTX_DAG_RUN_ID=manual__2022-06-20T05:32:08.047538+00:00
[2022-06-20 05:32:11,447] {riot_matchdetails_toADLS_Operator.py:61} INFO - StageToAzureLake not implemented yet
[2022-06-20 05:32:11,456] {riot_matchdetails_toADLS_Operator.py:70} INFO - <bound method WasbHook.get_conn of <airflow.providers.microsoft.azure.hooks.wasb.WasbHook object at 0x7f9945402e20>>
[2022-06-20 05:32:11,456] {riot_matchdetails_toADLS_Operator.py:71} INFO - Created Azure Connection
[2022-06-20 05:32:11,463] {riot_matchdetails_toADLS_Operator.py:74} INFO - Created Riot Connection
[2022-06-20 05:32:11,869] {Limits.py:87} INFO - rate limit changed from 0/0s to 20/1s
[2022-06-20 05:32:11,869] {Limits.py:87} INFO - rate limit changed from 0/0s to 100/120s
[2022-06-20 05:32:11,869] {Limits.py:87} INFO - rate limit changed from 0/0s to 50/10s
[2022-06-20 05:32:11,870] {logging_mixin.py:109} INFO - [{'leagueId': '49ecb9ed-5b83-4b8f-9d0b-82c1a483ae0f', 'queueType': 'RANKED_SOLO_5x5', 'tier': 'PLATINUM', 'rank': 'I', 'summonerId': 'HdxS18ksOdstUGgfPIsfM4XNFuLAURXzpd91aMErixXM-E3J', 'summonerName': 'SmiteIsDeadGame', 'leaguePoints': 100, 'wins': 19, 'losses': 20, 'veteran': False, 'inactive': False, 'freshBlood': False, 'hotStreak': False, 'miniSeries': {'target': 3, 'wins': 0, 'losses': 0, 'progress': 'NNNNN'}}, {'leagueId': '3077d668-5344-4f97-970b-4965e1d76f5a', 'queueType': 'RANKED_SOLO_5x5', 'tier': 'PLATINUM', 'rank': 'I', 'summonerId': 'etzoRcqNcxdfPl4zkLea-wPSMWpJBDkotzkQ8HQtsvBOuT2L', 'summonerName': 'tuotA', 'leaguePoints': 100, 'wins': 66, 'losses': 58, 'veteran': False, 'inactive': False, 'freshBlood': False, 'hotStreak': False, 'miniSeries': {'target': 3, 'wins': 0, 'losses': 1, 'progress': 'LNNNN'}}]
[2022-06-20 05:32:11,956] {Limits.py:87} INFO - rate limit changed from 0/0s to 2000/60s
[2022-06-20 05:32:12,293] {Limits.py:87} INFO - rate limit changed from 0/0s to 20/1s
[2022-06-20 05:32:12,293] {Limits.py:87} INFO - rate limit changed from 0/0s to 100/120s
[2022-06-20 05:32:12,293] {Limits.py:87} INFO - rate limit changed from 0/0s to 500/10s
[2022-06-20 05:32:12,494] {Limits.py:87} INFO - rate limit changed from 0/0s to 250/10s
[2022-06-20 05:32:13,085] {riot_matchdetails_toADLS_Operator.py:128} INFO - /tmp/tmpxh5h796d/match_details.csv
[2022-06-20 05:32:13,087] {_universal.py:472} INFO - Request URL: 'https://leagueoflegends.blob.core.windows.net/match-details/2022/6/20/5.csv?sv=REDACTED&ss=REDACTED&srt=REDACTED&sp=REDACTED&se=REDACTED&st=REDACTED&spr=REDACTED&sig=REDACTED'/nRequest method: 'PUT'/nRequest headers:/n    'x-ms-blob-type': 'REDACTED'/n    'Content-Length': '12182'/n    'If-None-Match': '*'/n    'x-ms-version': 'REDACTED'/n    'Content-Type': 'application/octet-stream'/n    'Accept': 'application/xml'/n    'User-Agent': 'azsdk-python-storage-blob/12.8.1 Python/3.8.12 (Linux-5.10.102.1-microsoft-standard-WSL2-x86_64-with-glibc2.2.5)'/n    'x-ms-date': 'REDACTED'/n    'x-ms-client-request-id': '56844470-f05a-11ec-8039-0242ac120007'/nA body is sent with the request
[2022-06-20 05:32:13,422] {_universal.py:503} INFO - Response status: 201/nResponse headers:/n    'Content-Length': '0'/n    'Content-MD5': 'REDACTED'/n    'Last-Modified': 'Mon, 20 Jun 2022 05:32:14 GMT'/n    'ETag': '"0x8DA527E3B97AF71"'/n    'Server': 'Windows-Azure-Blob/1.0 Microsoft-HTTPAPI/2.0'/n    'x-ms-request-id': '269a5d74-301e-008a-1967-845b08000000'/n    'x-ms-client-request-id': '56844470-f05a-11ec-8039-0242ac120007'/n    'x-ms-version': 'REDACTED'/n    'x-ms-content-crc64': 'REDACTED'/n    'x-ms-request-server-encrypted': 'REDACTED'/n    'Date': 'Mon, 20 Jun 2022 05:32:14 GMT'
[2022-06-20 05:32:13,423] {riot_matchdetails_toADLS_Operator.py:138} INFO - match-details loaded
[2022-06-20 05:32:13,423] {riot_matchdetails_toADLS_Operator.py:140} INFO - /tmp/tmpxh5h796d/match_info.csv
[2022-06-20 05:32:13,424] {_universal.py:472} INFO - Request URL: 'https://leagueoflegends.blob.core.windows.net/match-info/2022/6/20/5.csv?sv=REDACTED&ss=REDACTED&srt=REDACTED&sp=REDACTED&se=REDACTED&st=REDACTED&spr=REDACTED&sig=REDACTED'/nRequest method: 'PUT'/nRequest headers:/n    'x-ms-blob-type': 'REDACTED'/n    'Content-Length': '455'/n    'If-None-Match': '*'/n    'x-ms-version': 'REDACTED'/n    'Content-Type': 'application/octet-stream'/n    'Accept': 'application/xml'/n    'User-Agent': 'azsdk-python-storage-blob/12.8.1 Python/3.8.12 (Linux-5.10.102.1-microsoft-standard-WSL2-x86_64-with-glibc2.2.5)'/n    'x-ms-date': 'REDACTED'/n    'x-ms-client-request-id': '56b7b01c-f05a-11ec-8039-0242ac120007'/nA body is sent with the request
[2022-06-20 05:32:13,652] {_universal.py:503} INFO - Response status: 201/nResponse headers:/n    'Content-Length': '0'/n    'Content-MD5': 'REDACTED'/n    'Last-Modified': 'Mon, 20 Jun 2022 05:32:14 GMT'/n    'ETag': '"0x8DA527E3BB9C342"'/n    'Server': 'Windows-Azure-Blob/1.0 Microsoft-HTTPAPI/2.0'/n    'x-ms-request-id': '269a5dbc-301e-008a-5367-845b08000000'/n    'x-ms-client-request-id': '56b7b01c-f05a-11ec-8039-0242ac120007'/n    'x-ms-version': 'REDACTED'/n    'x-ms-content-crc64': 'REDACTED'/n    'x-ms-request-server-encrypted': 'REDACTED'/n    'Date': 'Mon, 20 Jun 2022 05:32:14 GMT'
[2022-06-20 05:32:13,653] {riot_matchdetails_toADLS_Operator.py:150} INFO - match-info loaded
[2022-06-20 05:32:13,653] {riot_matchdetails_toADLS_Operator.py:158} INFO - /tmp/tmpy2ifvtwr/top10_players.json
[2022-06-20 05:32:13,654] {_universal.py:475} INFO - Request URL: 'https://leagueoflegends.blob.core.windows.net/players/2022/6/20/5.json?sv=REDACTED&ss=REDACTED&srt=REDACTED&sp=REDACTED&se=REDACTED&st=REDACTED&spr=REDACTED&sig=REDACTED'/nRequest method: 'PUT'/nRequest headers:/n    'x-ms-blob-type': 'REDACTED'/n    'Content-Length': '0'/n    'If-None-Match': '*'/n    'x-ms-version': 'REDACTED'/n    'Content-Type': 'application/octet-stream'/n    'Accept': 'application/xml'/n    'User-Agent': 'azsdk-python-storage-blob/12.8.1 Python/3.8.12 (Linux-5.10.102.1-microsoft-standard-WSL2-x86_64-with-glibc2.2.5)'/n    'x-ms-date': 'REDACTED'/n    'x-ms-client-request-id': '56dac5fc-f05a-11ec-8039-0242ac120007'/nNo body was attached to the request
[2022-06-20 05:32:13,817] {_universal.py:503} INFO - Response status: 201/nResponse headers:/n    'Content-Length': '0'/n    'Content-MD5': 'REDACTED'/n    'Last-Modified': 'Mon, 20 Jun 2022 05:32:14 GMT'/n    'ETag': '"0x8DA527E3BD39DAD"'/n    'Server': 'Windows-Azure-Blob/1.0 Microsoft-HTTPAPI/2.0'/n    'x-ms-request-id': '269a5dff-301e-008a-0c67-845b08000000'/n    'x-ms-client-request-id': '56dac5fc-f05a-11ec-8039-0242ac120007'/n    'x-ms-version': 'REDACTED'/n    'x-ms-content-crc64': 'REDACTED'/n    'x-ms-request-server-encrypted': 'REDACTED'/n    'Date': 'Mon, 20 Jun 2022 05:32:14 GMT'
[2022-06-20 05:32:13,817] {riot_matchdetails_toADLS_Operator.py:169} INFO - players loaded
[2022-06-20 05:32:13,821] {riot_matchdetails_toADLS_Operator.py:63} INFO - Upload match data to Azure!
[2022-06-20 05:32:13,830] {taskinstance.py:1272} INFO - Marking task as SUCCESS. dag_id=match_details_dag, task_id=staging_match_data, execution_date=20220620T053208, start_date=20220620T053211, end_date=20220620T053213
[2022-06-20 05:32:13,868] {local_task_job.py:154} INFO - Task exited with return code 0
[2022-06-20 05:32:13,900] {local_task_job.py:264} INFO - 3 downstream tasks scheduled from follow-on schedule check
