[2022-05-19 08:12:59,156] {taskinstance.py:1037} INFO - Dependencies all met for <TaskInstance: league_of_legends_dag.paths.path_summonerspells.staging_summonerspells manual__2022-05-19T08:12:56.616368+00:00 [queued]>
[2022-05-19 08:12:59,168] {taskinstance.py:1037} INFO - Dependencies all met for <TaskInstance: league_of_legends_dag.paths.path_summonerspells.staging_summonerspells manual__2022-05-19T08:12:56.616368+00:00 [queued]>
[2022-05-19 08:12:59,168] {taskinstance.py:1243} INFO - 
--------------------------------------------------------------------------------
[2022-05-19 08:12:59,168] {taskinstance.py:1244} INFO - Starting attempt 1 of 2
[2022-05-19 08:12:59,168] {taskinstance.py:1245} INFO - 
--------------------------------------------------------------------------------
[2022-05-19 08:12:59,179] {taskinstance.py:1264} INFO - Executing <Task(riot_dataDragonToADLSOperator): paths.path_summonerspells.staging_summonerspells> on 2022-05-19 08:12:56.616368+00:00
[2022-05-19 08:12:59,184] {standard_task_runner.py:52} INFO - Started process 1079 to run task
[2022-05-19 08:12:59,187] {standard_task_runner.py:76} INFO - Running: ['***', 'tasks', 'run', 'league_of_legends_dag', 'paths.path_summonerspells.staging_summonerspells', 'manual__2022-05-19T08:12:56.616368+00:00', '--job-id', '243', '--raw', '--subdir', 'DAGS_FOLDER/dataDragon_dag.py', '--cfg-path', '/tmp/tmpo2kw4men', '--error-file', '/tmp/tmpinf4tvu9']
[2022-05-19 08:12:59,187] {standard_task_runner.py:77} INFO - Job 243: Subtask paths.path_summonerspells.staging_summonerspells
[2022-05-19 08:12:59,234] {logging_mixin.py:109} INFO - Running <TaskInstance: league_of_legends_dag.paths.path_summonerspells.staging_summonerspells manual__2022-05-19T08:12:56.616368+00:00 [running]> on host ca9a242fab95
[2022-05-19 08:12:59,280] {taskinstance.py:1429} INFO - Exporting the following env vars:
AIRFLOW_CTX_DAG_OWNER=admin
AIRFLOW_CTX_DAG_ID=league_of_legends_dag
AIRFLOW_CTX_TASK_ID=paths.path_summonerspells.staging_summonerspells
AIRFLOW_CTX_EXECUTION_DATE=2022-05-19T08:12:56.616368+00:00
AIRFLOW_CTX_DAG_RUN_ID=manual__2022-05-19T08:12:56.616368+00:00
[2022-05-19 08:12:59,281] {riot_datadragon_toADLS_Operator.py:51} INFO - StageToAzureLake not implemented yet
[2022-05-19 08:12:59,290] {riot_datadragon_toADLS_Operator.py:59} INFO - <bound method WasbHook.get_conn of <airflow.providers.microsoft.azure.hooks.wasb.WasbHook object at 0x7fdd6dc63f10>>
[2022-05-19 08:12:59,290] {riot_datadragon_toADLS_Operator.py:60} INFO - Created Azure Connections
[2022-05-19 08:12:59,297] {taskinstance.py:1718} ERROR - Task failed with exception
Traceback (most recent call last):
  File "/home/airflow/.local/lib/python3.8/site-packages/airflow/models/taskinstance.py", line 1334, in _run_raw_task
    self._execute_task_with_callbacks(context)
  File "/home/airflow/.local/lib/python3.8/site-packages/airflow/models/taskinstance.py", line 1460, in _execute_task_with_callbacks
    result = self._execute_task(context, self.task)
  File "/home/airflow/.local/lib/python3.8/site-packages/airflow/models/taskinstance.py", line 1516, in _execute_task
    result = execute_callable(context=context)
  File "/opt/airflow/plugins/custom_operators/riot_datadragon_toADLS_Operator.py", line 52, in execute
    self.upload_to_azureLake()
  File "/opt/airflow/plugins/custom_operators/riot_datadragon_toADLS_Operator.py", line 73, in upload_to_azureLake
    response_data = riot_hook.get_summoner_spells(self.version)
  File "/opt/airflow/plugins/custom_hooks/riot_hook.py", line 66, in get_summoner_spells
    runes_reforged = lol_watcher.data_dragon.runes_reforged(league_version)
NameError: name 'lol_watcher' is not defined
[2022-05-19 08:12:59,309] {taskinstance.py:1272} INFO - Marking task as UP_FOR_RETRY. dag_id=league_of_legends_dag, task_id=paths.path_summonerspells.staging_summonerspells, execution_date=20220519T081256, start_date=20220519T081259, end_date=20220519T081259
[2022-05-19 08:12:59,321] {standard_task_runner.py:89} ERROR - Failed to execute job 243 for task paths.path_summonerspells.staging_summonerspells
Traceback (most recent call last):
  File "/home/airflow/.local/lib/python3.8/site-packages/airflow/task/task_runner/standard_task_runner.py", line 85, in _start_by_fork
    args.func(args, dag=self.dag)
  File "/home/airflow/.local/lib/python3.8/site-packages/airflow/cli/cli_parser.py", line 48, in command
    return func(*args, **kwargs)
  File "/home/airflow/.local/lib/python3.8/site-packages/airflow/utils/cli.py", line 92, in wrapper
    return f(*args, **kwargs)
  File "/home/airflow/.local/lib/python3.8/site-packages/airflow/cli/commands/task_command.py", line 298, in task_run
    _run_task_by_selected_method(args, dag, ti)
  File "/home/airflow/.local/lib/python3.8/site-packages/airflow/cli/commands/task_command.py", line 107, in _run_task_by_selected_method
    _run_raw_task(args, ti)
  File "/home/airflow/.local/lib/python3.8/site-packages/airflow/cli/commands/task_command.py", line 180, in _run_raw_task
    ti._run_raw_task(
  File "/home/airflow/.local/lib/python3.8/site-packages/airflow/utils/session.py", line 70, in wrapper
    return func(*args, session=session, **kwargs)
  File "/home/airflow/.local/lib/python3.8/site-packages/airflow/models/taskinstance.py", line 1334, in _run_raw_task
    self._execute_task_with_callbacks(context)
  File "/home/airflow/.local/lib/python3.8/site-packages/airflow/models/taskinstance.py", line 1460, in _execute_task_with_callbacks
    result = self._execute_task(context, self.task)
  File "/home/airflow/.local/lib/python3.8/site-packages/airflow/models/taskinstance.py", line 1516, in _execute_task
    result = execute_callable(context=context)
  File "/opt/airflow/plugins/custom_operators/riot_datadragon_toADLS_Operator.py", line 52, in execute
    self.upload_to_azureLake()
  File "/opt/airflow/plugins/custom_operators/riot_datadragon_toADLS_Operator.py", line 73, in upload_to_azureLake
    response_data = riot_hook.get_summoner_spells(self.version)
  File "/opt/airflow/plugins/custom_hooks/riot_hook.py", line 66, in get_summoner_spells
    runes_reforged = lol_watcher.data_dragon.runes_reforged(league_version)
NameError: name 'lol_watcher' is not defined
[2022-05-19 08:12:59,359] {local_task_job.py:154} INFO - Task exited with return code 1
[2022-05-19 08:12:59,389] {local_task_job.py:264} INFO - 0 downstream tasks scheduled from follow-on schedule check
