[2022-06-14 23:43:05,466] {taskinstance.py:1037} INFO - Dependencies all met for <TaskInstance: match_details_dag.chck scheduled__2022-05-23T00:00:00+00:00 [None]>
[2022-06-14 23:43:05,476] {taskinstance.py:1037} INFO - Dependencies all met for <TaskInstance: match_details_dag.chck scheduled__2022-05-23T00:00:00+00:00 [None]>
[2022-06-14 23:43:05,477] {taskinstance.py:1243} INFO - 
--------------------------------------------------------------------------------
[2022-06-14 23:43:05,477] {taskinstance.py:1244} INFO - Starting attempt 5 of 6
[2022-06-14 23:43:05,477] {taskinstance.py:1245} INFO - 
--------------------------------------------------------------------------------
[2022-06-14 23:43:05,487] {taskinstance.py:1264} INFO - Executing <Task(BashOperator): chck> on 2022-05-23 00:00:00+00:00
[2022-06-14 23:43:05,491] {standard_task_runner.py:52} INFO - Started process 100 to run task
[2022-06-14 23:43:05,494] {standard_task_runner.py:76} INFO - Running: ['***', 'tasks', 'run', 'match_details_dag', 'chck', 'scheduled__2022-05-23T00:00:00+00:00', '--job-id', '101', '--pool', 'default_pool', '--raw', '--subdir', 'DAGS_FOLDER/matchData_dag.py', '--cfg-path', '/tmp/tmpc5yo4vnr', '--error-file', '/tmp/tmpvqcm8evm']
[2022-06-14 23:43:05,495] {standard_task_runner.py:77} INFO - Job 101: Subtask chck
[2022-06-14 23:43:05,537] {logging_mixin.py:109} INFO - Running <TaskInstance: match_details_dag.chck scheduled__2022-05-23T00:00:00+00:00 [running]> on host ebe3cc7dbee2
[2022-06-14 23:43:05,580] {taskinstance.py:1429} INFO - Exporting the following env vars:
AIRFLOW_CTX_DAG_OWNER=admin
AIRFLOW_CTX_DAG_ID=match_details_dag
AIRFLOW_CTX_TASK_ID=chck
AIRFLOW_CTX_EXECUTION_DATE=2022-05-23T00:00:00+00:00
AIRFLOW_CTX_DAG_RUN_ID=scheduled__2022-05-23T00:00:00+00:00
[2022-06-14 23:43:05,581] {subprocess.py:62} INFO - Tmp dir root location: 
 /tmp
[2022-06-14 23:43:05,581] {subprocess.py:74} INFO - Running command: ['bash', '-c', 'cd /opt/***/dbt && ls']
[2022-06-14 23:43:05,590] {subprocess.py:85} INFO - Output:
[2022-06-14 23:43:05,593] {subprocess.py:89} INFO - README.md
[2022-06-14 23:43:05,593] {subprocess.py:89} INFO - analyses
[2022-06-14 23:43:05,593] {subprocess.py:89} INFO - dbt_packages
[2022-06-14 23:43:05,593] {subprocess.py:89} INFO - dbt_project.yml
[2022-06-14 23:43:05,594] {subprocess.py:89} INFO - logs
[2022-06-14 23:43:05,594] {subprocess.py:89} INFO - macros
[2022-06-14 23:43:05,594] {subprocess.py:89} INFO - models
[2022-06-14 23:43:05,594] {subprocess.py:89} INFO - packages
[2022-06-14 23:43:05,594] {subprocess.py:89} INFO - packages.yml
[2022-06-14 23:43:05,594] {subprocess.py:89} INFO - profiles.yml
[2022-06-14 23:43:05,594] {subprocess.py:89} INFO - seeds
[2022-06-14 23:43:05,594] {subprocess.py:89} INFO - snapshots
[2022-06-14 23:43:05,594] {subprocess.py:89} INFO - target
[2022-06-14 23:43:05,594] {subprocess.py:89} INFO - tests
[2022-06-14 23:43:05,594] {subprocess.py:93} INFO - Command exited with return code 0
[2022-06-14 23:43:05,614] {taskinstance.py:1272} INFO - Marking task as SUCCESS. dag_id=match_details_dag, task_id=chck, execution_date=20220523T000000, start_date=20220614T234305, end_date=20220614T234305
[2022-06-14 23:43:05,667] {local_task_job.py:154} INFO - Task exited with return code 0
[2022-06-14 23:43:05,698] {local_task_job.py:264} INFO - 1 downstream tasks scheduled from follow-on schedule check
