[2022-06-14 23:46:28,438] {taskinstance.py:1037} INFO - Dependencies all met for <TaskInstance: match_details_dag.chck scheduled__2022-05-23T00:00:00+00:00 [None]>
[2022-06-14 23:46:28,449] {taskinstance.py:1037} INFO - Dependencies all met for <TaskInstance: match_details_dag.chck scheduled__2022-05-23T00:00:00+00:00 [None]>
[2022-06-14 23:46:28,449] {taskinstance.py:1243} INFO - 
--------------------------------------------------------------------------------
[2022-06-14 23:46:28,449] {taskinstance.py:1244} INFO - Starting attempt 6 of 7
[2022-06-14 23:46:28,450] {taskinstance.py:1245} INFO - 
--------------------------------------------------------------------------------
[2022-06-14 23:46:28,461] {taskinstance.py:1264} INFO - Executing <Task(BashOperator): chck> on 2022-05-23 00:00:00+00:00
[2022-06-14 23:46:28,466] {standard_task_runner.py:52} INFO - Started process 128 to run task
[2022-06-14 23:46:28,469] {standard_task_runner.py:76} INFO - Running: ['***', 'tasks', 'run', 'match_details_dag', 'chck', 'scheduled__2022-05-23T00:00:00+00:00', '--job-id', '103', '--pool', 'default_pool', '--raw', '--subdir', 'DAGS_FOLDER/matchData_dag.py', '--cfg-path', '/tmp/tmpcsuvyj7z', '--error-file', '/tmp/tmp5buihkbf']
[2022-06-14 23:46:28,470] {standard_task_runner.py:77} INFO - Job 103: Subtask chck
[2022-06-14 23:46:28,514] {logging_mixin.py:109} INFO - Running <TaskInstance: match_details_dag.chck scheduled__2022-05-23T00:00:00+00:00 [running]> on host ebe3cc7dbee2
[2022-06-14 23:46:28,561] {taskinstance.py:1429} INFO - Exporting the following env vars:
AIRFLOW_CTX_DAG_OWNER=admin
AIRFLOW_CTX_DAG_ID=match_details_dag
AIRFLOW_CTX_TASK_ID=chck
AIRFLOW_CTX_EXECUTION_DATE=2022-05-23T00:00:00+00:00
AIRFLOW_CTX_DAG_RUN_ID=scheduled__2022-05-23T00:00:00+00:00
[2022-06-14 23:46:28,562] {subprocess.py:62} INFO - Tmp dir root location: 
 /tmp
[2022-06-14 23:46:28,562] {subprocess.py:74} INFO - Running command: ['bash', '-c', 'ls']
[2022-06-14 23:46:28,571] {subprocess.py:85} INFO - Output:
[2022-06-14 23:46:28,574] {subprocess.py:93} INFO - Command exited with return code 0
[2022-06-14 23:46:28,595] {taskinstance.py:1272} INFO - Marking task as SUCCESS. dag_id=match_details_dag, task_id=chck, execution_date=20220523T000000, start_date=20220614T234628, end_date=20220614T234628
[2022-06-14 23:46:28,642] {local_task_job.py:154} INFO - Task exited with return code 0
[2022-06-14 23:46:28,675] {local_task_job.py:264} INFO - 1 downstream tasks scheduled from follow-on schedule check
