[2022-06-23 23:07:21,757] {taskinstance.py:1037} INFO - Dependencies all met for <TaskInstance: match_details_dag.azure_toSnowflake_paths.path_matchdetails.azure_matchdetails_snowflake scheduled__2022-06-20T00:00:00+00:00 [None]>
[2022-06-23 23:07:21,765] {taskinstance.py:1037} INFO - Dependencies all met for <TaskInstance: match_details_dag.azure_toSnowflake_paths.path_matchdetails.azure_matchdetails_snowflake scheduled__2022-06-20T00:00:00+00:00 [None]>
[2022-06-23 23:07:21,766] {taskinstance.py:1243} INFO - 
--------------------------------------------------------------------------------
[2022-06-23 23:07:21,766] {taskinstance.py:1244} INFO - Starting attempt 3 of 4
[2022-06-23 23:07:21,766] {taskinstance.py:1245} INFO - 
--------------------------------------------------------------------------------
[2022-06-23 23:07:21,776] {taskinstance.py:1264} INFO - Executing <Task(AzureDataLakeToSnowflakeTransferOperator): azure_toSnowflake_paths.path_matchdetails.azure_matchdetails_snowflake> on 2022-06-20 00:00:00+00:00
[2022-06-23 23:07:21,780] {standard_task_runner.py:52} INFO - Started process 106 to run task
[2022-06-23 23:07:21,783] {standard_task_runner.py:76} INFO - Running: ['***', 'tasks', 'run', 'match_details_dag', 'azure_toSnowflake_paths.path_matchdetails.azure_matchdetails_snowflake', 'scheduled__2022-06-20T00:00:00+00:00', '--job-id', '328', '--pool', 'default_pool', '--raw', '--subdir', 'DAGS_FOLDER/matchData_dag.py', '--cfg-path', '/tmp/tmpdip01elm', '--error-file', '/tmp/tmpdq6eyg6s']
[2022-06-23 23:07:21,784] {standard_task_runner.py:77} INFO - Job 328: Subtask azure_toSnowflake_paths.path_matchdetails.azure_matchdetails_snowflake
[2022-06-23 23:07:21,826] {logging_mixin.py:109} INFO - Running <TaskInstance: match_details_dag.azure_toSnowflake_paths.path_matchdetails.azure_matchdetails_snowflake scheduled__2022-06-20T00:00:00+00:00 [running]> on host ebe3cc7dbee2
[2022-06-23 23:07:21,871] {taskinstance.py:1429} INFO - Exporting the following env vars:
AIRFLOW_CTX_DAG_OWNER=admin
AIRFLOW_CTX_DAG_ID=match_details_dag
AIRFLOW_CTX_TASK_ID=azure_toSnowflake_paths.path_matchdetails.azure_matchdetails_snowflake
AIRFLOW_CTX_EXECUTION_DATE=2022-06-20T00:00:00+00:00
AIRFLOW_CTX_DAG_RUN_ID=scheduled__2022-06-20T00:00:00+00:00
[2022-06-23 23:07:21,871] {azureToSnowflake.py:73} INFO - Executing COPY command...
[2022-06-23 23:07:21,880] {connection.py:257} INFO - Snowflake Connector for Python Version: 2.7.8, Python Version: 3.8.12, Platform: Linux-5.10.102.1-microsoft-standard-WSL2-x86_64-with-glibc2.2.5
[2022-06-23 23:07:21,881] {connection.py:876} INFO - This connection is in OCSP Fail Open Mode. TLS Certificates would be checked for validity and revocation status. Any other Certificate Revocation related exceptions or OCSP Responder failures would be disregarded in favor of connectivity.
[2022-06-23 23:07:21,881] {connection.py:894} INFO - Setting use_openssl_only mode to False
[2022-06-23 23:07:22,520] {cursor.py:710} INFO - query: [ALTER SESSION SET autocommit=True]
[2022-06-23 23:07:22,682] {cursor.py:734} INFO - query execution done
[2022-06-23 23:07:22,684] {snowflake.py:324} INFO - Running statement: COPY INTO STAGING_MATCHDETAILS
FROM @MY_AZURE_MATCH_DETAILS_STAGE/
files=('GOLD/2022/6/23/23.csv')
file_format=MATCH_DETAILS_FILEFORMAT, parameters: None
[2022-06-23 23:07:22,684] {cursor.py:710} INFO - query: [COPY INTO STAGING_MATCHDETAILS FROM @MY_AZURE_MATCH_DETAILS_STAGE/ files=('GOLD/...]
[2022-06-23 23:07:22,933] {cursor.py:734} INFO - query execution done
[2022-06-23 23:07:22,938] {connection.py:507} INFO - closed
[2022-06-23 23:07:22,975] {connection.py:510} INFO - No async queries seem to be running, deleting session
[2022-06-23 23:07:23,035] {taskinstance.py:1718} ERROR - Task failed with exception
Traceback (most recent call last):
  File "/home/airflow/.local/lib/python3.8/site-packages/airflow/models/taskinstance.py", line 1334, in _run_raw_task
    self._execute_task_with_callbacks(context)
  File "/home/airflow/.local/lib/python3.8/site-packages/airflow/models/taskinstance.py", line 1460, in _execute_task_with_callbacks
    result = self._execute_task(context, self.task)
  File "/home/airflow/.local/lib/python3.8/site-packages/airflow/models/taskinstance.py", line 1516, in _execute_task
    result = execute_callable(context=context)
  File "/opt/airflow/plugins/custom_transfers/azureToSnowflake.py", line 74, in execute
    snowflake_hook.run(copy_query, self.autocommit)
  File "/home/airflow/.local/lib/python3.8/site-packages/airflow/providers/snowflake/hooks/snowflake.py", line 328, in run
    cur.execute(sql_statement)
  File "/home/airflow/.local/lib/python3.8/site-packages/snowflake/connector/cursor.py", line 799, in execute
    Error.errorhandler_wrapper(self.connection, self, error_class, errvalue)
  File "/home/airflow/.local/lib/python3.8/site-packages/snowflake/connector/errors.py", line 273, in errorhandler_wrapper
    handed_over = Error.hand_to_other_handler(
  File "/home/airflow/.local/lib/python3.8/site-packages/snowflake/connector/errors.py", line 328, in hand_to_other_handler
    cursor.errorhandler(connection, cursor, error_class, error_value)
  File "/home/airflow/.local/lib/python3.8/site-packages/snowflake/connector/errors.py", line 207, in default_errorhandler
    raise error_class(
snowflake.connector.errors.ProgrammingError: 091016 (22000): 01a5262b-0000-fccb-0000-d9690005a74a: Remote file 'azure://leagueoflegends.blob.core.windows.net/match-details/GOLD/2022/6/23/23.csv' was not found. If you are running a copy command, please make sure files are not deleted when they are being loaded or files are not being loaded into two different tables concurrently with auto purge option.
[2022-06-23 23:07:23,046] {taskinstance.py:1272} INFO - Marking task as UP_FOR_RETRY. dag_id=match_details_dag, task_id=azure_toSnowflake_paths.path_matchdetails.azure_matchdetails_snowflake, execution_date=20220620T000000, start_date=20220623T230721, end_date=20220623T230723
[2022-06-23 23:07:23,058] {standard_task_runner.py:89} ERROR - Failed to execute job 328 for task azure_toSnowflake_paths.path_matchdetails.azure_matchdetails_snowflake
Traceback (most recent call last):
  File "/home/airflow/.local/lib/python3.8/site-packages/airflow/task/task_runner/standard_task_runner.py", line 85, in _start_by_fork
    args.func(args, dag=self.dag)
  File "/home/airflow/.local/lib/python3.8/site-packages/airflow/cli/cli_parser.py", line 48, in command
    return func(*args, **kwargs)
  File "/home/airflow/.local/lib/python3.8/site-packages/airflow/utils/cli.py", line 92, in wrapper
    return f(*args, **kwargs)
  File "/home/airflow/.local/lib/python3.8/site-packages/airflow/cli/commands/task_command.py", line 298, in task_run
    _run_task_by_selected_method(args, dag, ti)
  File "/home/airflow/.local/lib/python3.8/site-packages/airflow/cli/commands/task_command.py", line 107, in _run_task_by_selected_method
    _run_raw_task(args, ti)
  File "/home/airflow/.local/lib/python3.8/site-packages/airflow/cli/commands/task_command.py", line 180, in _run_raw_task
    ti._run_raw_task(
  File "/home/airflow/.local/lib/python3.8/site-packages/airflow/utils/session.py", line 70, in wrapper
    return func(*args, session=session, **kwargs)
  File "/home/airflow/.local/lib/python3.8/site-packages/airflow/models/taskinstance.py", line 1334, in _run_raw_task
    self._execute_task_with_callbacks(context)
  File "/home/airflow/.local/lib/python3.8/site-packages/airflow/models/taskinstance.py", line 1460, in _execute_task_with_callbacks
    result = self._execute_task(context, self.task)
  File "/home/airflow/.local/lib/python3.8/site-packages/airflow/models/taskinstance.py", line 1516, in _execute_task
    result = execute_callable(context=context)
  File "/opt/airflow/plugins/custom_transfers/azureToSnowflake.py", line 74, in execute
    snowflake_hook.run(copy_query, self.autocommit)
  File "/home/airflow/.local/lib/python3.8/site-packages/airflow/providers/snowflake/hooks/snowflake.py", line 328, in run
    cur.execute(sql_statement)
  File "/home/airflow/.local/lib/python3.8/site-packages/snowflake/connector/cursor.py", line 799, in execute
    Error.errorhandler_wrapper(self.connection, self, error_class, errvalue)
  File "/home/airflow/.local/lib/python3.8/site-packages/snowflake/connector/errors.py", line 273, in errorhandler_wrapper
    handed_over = Error.hand_to_other_handler(
  File "/home/airflow/.local/lib/python3.8/site-packages/snowflake/connector/errors.py", line 328, in hand_to_other_handler
    cursor.errorhandler(connection, cursor, error_class, error_value)
  File "/home/airflow/.local/lib/python3.8/site-packages/snowflake/connector/errors.py", line 207, in default_errorhandler
    raise error_class(
snowflake.connector.errors.ProgrammingError: 091016 (22000): 01a5262b-0000-fccb-0000-d9690005a74a: Remote file 'azure://leagueoflegends.blob.core.windows.net/match-details/GOLD/2022/6/23/23.csv' was not found. If you are running a copy command, please make sure files are not deleted when they are being loaded or files are not being loaded into two different tables concurrently with auto purge option.
[2022-06-23 23:07:23,081] {local_task_job.py:154} INFO - Task exited with return code 1
[2022-06-23 23:07:23,117] {local_task_job.py:264} INFO - 0 downstream tasks scheduled from follow-on schedule check
[2022-06-24 02:44:57,357] {taskinstance.py:1037} INFO - Dependencies all met for <TaskInstance: match_details_dag.azure_toSnowflake_paths.path_matchdetails.azure_matchdetails_snowflake scheduled__2022-06-20T00:00:00+00:00 [None]>
[2022-06-24 02:44:57,367] {taskinstance.py:1037} INFO - Dependencies all met for <TaskInstance: match_details_dag.azure_toSnowflake_paths.path_matchdetails.azure_matchdetails_snowflake scheduled__2022-06-20T00:00:00+00:00 [None]>
[2022-06-24 02:44:57,367] {taskinstance.py:1243} INFO - 
--------------------------------------------------------------------------------
[2022-06-24 02:44:57,367] {taskinstance.py:1244} INFO - Starting attempt 3 of 4
[2022-06-24 02:44:57,367] {taskinstance.py:1245} INFO - 
--------------------------------------------------------------------------------
[2022-06-24 02:44:57,377] {taskinstance.py:1264} INFO - Executing <Task(AzureDataLakeToSnowflakeTransferOperator): azure_toSnowflake_paths.path_matchdetails.azure_matchdetails_snowflake> on 2022-06-20 00:00:00+00:00
[2022-06-24 02:44:57,382] {standard_task_runner.py:52} INFO - Started process 64 to run task
[2022-06-24 02:44:57,384] {standard_task_runner.py:76} INFO - Running: ['***', 'tasks', 'run', 'match_details_dag', 'azure_toSnowflake_paths.path_matchdetails.azure_matchdetails_snowflake', 'scheduled__2022-06-20T00:00:00+00:00', '--job-id', '344', '--pool', 'default_pool', '--raw', '--subdir', 'DAGS_FOLDER/matchData_dag.py', '--cfg-path', '/tmp/tmphnik7cv1', '--error-file', '/tmp/tmpuk7_rrfe']
[2022-06-24 02:44:57,385] {standard_task_runner.py:77} INFO - Job 344: Subtask azure_toSnowflake_paths.path_matchdetails.azure_matchdetails_snowflake
[2022-06-24 02:44:57,425] {logging_mixin.py:109} INFO - Running <TaskInstance: match_details_dag.azure_toSnowflake_paths.path_matchdetails.azure_matchdetails_snowflake scheduled__2022-06-20T00:00:00+00:00 [running]> on host ebe3cc7dbee2
[2022-06-24 02:44:57,470] {taskinstance.py:1429} INFO - Exporting the following env vars:
AIRFLOW_CTX_DAG_OWNER=admin
AIRFLOW_CTX_DAG_ID=match_details_dag
AIRFLOW_CTX_TASK_ID=azure_toSnowflake_paths.path_matchdetails.azure_matchdetails_snowflake
AIRFLOW_CTX_EXECUTION_DATE=2022-06-20T00:00:00+00:00
AIRFLOW_CTX_DAG_RUN_ID=scheduled__2022-06-20T00:00:00+00:00
[2022-06-24 02:44:57,470] {azureToSnowflake.py:73} INFO - Executing COPY command...
[2022-06-24 02:44:57,480] {connection.py:257} INFO - Snowflake Connector for Python Version: 2.7.8, Python Version: 3.8.12, Platform: Linux-5.10.102.1-microsoft-standard-WSL2-x86_64-with-glibc2.2.5
[2022-06-24 02:44:57,481] {connection.py:876} INFO - This connection is in OCSP Fail Open Mode. TLS Certificates would be checked for validity and revocation status. Any other Certificate Revocation related exceptions or OCSP Responder failures would be disregarded in favor of connectivity.
[2022-06-24 02:44:57,481] {connection.py:894} INFO - Setting use_openssl_only mode to False
[2022-06-24 02:44:58,199] {cursor.py:710} INFO - query: [ALTER SESSION SET autocommit=True]
[2022-06-24 02:44:58,350] {cursor.py:734} INFO - query execution done
[2022-06-24 02:44:58,351] {snowflake.py:324} INFO - Running statement: COPY INTO STAGING_MATCHDETAILS
FROM @MY_AZURE_MATCH_DETAILS_STAGE/
files=('GOLD/2022/6/24/2.csv')
file_format=MATCH_DETAILS_FILEFORMAT, parameters: None
[2022-06-24 02:44:58,352] {cursor.py:710} INFO - query: [COPY INTO STAGING_MATCHDETAILS FROM @MY_AZURE_MATCH_DETAILS_STAGE/ files=('GOLD/...]
[2022-06-24 02:44:58,630] {cursor.py:734} INFO - query execution done
[2022-06-24 02:44:58,637] {connection.py:507} INFO - closed
[2022-06-24 02:44:58,676] {connection.py:510} INFO - No async queries seem to be running, deleting session
[2022-06-24 02:44:58,755] {taskinstance.py:1718} ERROR - Task failed with exception
Traceback (most recent call last):
  File "/home/airflow/.local/lib/python3.8/site-packages/airflow/models/taskinstance.py", line 1334, in _run_raw_task
    self._execute_task_with_callbacks(context)
  File "/home/airflow/.local/lib/python3.8/site-packages/airflow/models/taskinstance.py", line 1460, in _execute_task_with_callbacks
    result = self._execute_task(context, self.task)
  File "/home/airflow/.local/lib/python3.8/site-packages/airflow/models/taskinstance.py", line 1516, in _execute_task
    result = execute_callable(context=context)
  File "/opt/airflow/plugins/custom_transfers/azureToSnowflake.py", line 74, in execute
    snowflake_hook.run(copy_query, self.autocommit)
  File "/home/airflow/.local/lib/python3.8/site-packages/airflow/providers/snowflake/hooks/snowflake.py", line 328, in run
    cur.execute(sql_statement)
  File "/home/airflow/.local/lib/python3.8/site-packages/snowflake/connector/cursor.py", line 799, in execute
    Error.errorhandler_wrapper(self.connection, self, error_class, errvalue)
  File "/home/airflow/.local/lib/python3.8/site-packages/snowflake/connector/errors.py", line 273, in errorhandler_wrapper
    handed_over = Error.hand_to_other_handler(
  File "/home/airflow/.local/lib/python3.8/site-packages/snowflake/connector/errors.py", line 328, in hand_to_other_handler
    cursor.errorhandler(connection, cursor, error_class, error_value)
  File "/home/airflow/.local/lib/python3.8/site-packages/snowflake/connector/errors.py", line 207, in default_errorhandler
    raise error_class(
snowflake.connector.errors.ProgrammingError: 091016 (22000): 01a52704-0000-fccb-0000-d9690005a826: Remote file 'azure://leagueoflegends.blob.core.windows.net/match-details/GOLD/2022/6/24/2.csv' was not found. If you are running a copy command, please make sure files are not deleted when they are being loaded or files are not being loaded into two different tables concurrently with auto purge option.
[2022-06-24 02:44:58,767] {taskinstance.py:1272} INFO - Marking task as UP_FOR_RETRY. dag_id=match_details_dag, task_id=azure_toSnowflake_paths.path_matchdetails.azure_matchdetails_snowflake, execution_date=20220620T000000, start_date=20220624T024457, end_date=20220624T024458
[2022-06-24 02:44:58,781] {standard_task_runner.py:89} ERROR - Failed to execute job 344 for task azure_toSnowflake_paths.path_matchdetails.azure_matchdetails_snowflake
Traceback (most recent call last):
  File "/home/airflow/.local/lib/python3.8/site-packages/airflow/task/task_runner/standard_task_runner.py", line 85, in _start_by_fork
    args.func(args, dag=self.dag)
  File "/home/airflow/.local/lib/python3.8/site-packages/airflow/cli/cli_parser.py", line 48, in command
    return func(*args, **kwargs)
  File "/home/airflow/.local/lib/python3.8/site-packages/airflow/utils/cli.py", line 92, in wrapper
    return f(*args, **kwargs)
  File "/home/airflow/.local/lib/python3.8/site-packages/airflow/cli/commands/task_command.py", line 298, in task_run
    _run_task_by_selected_method(args, dag, ti)
  File "/home/airflow/.local/lib/python3.8/site-packages/airflow/cli/commands/task_command.py", line 107, in _run_task_by_selected_method
    _run_raw_task(args, ti)
  File "/home/airflow/.local/lib/python3.8/site-packages/airflow/cli/commands/task_command.py", line 180, in _run_raw_task
    ti._run_raw_task(
  File "/home/airflow/.local/lib/python3.8/site-packages/airflow/utils/session.py", line 70, in wrapper
    return func(*args, session=session, **kwargs)
  File "/home/airflow/.local/lib/python3.8/site-packages/airflow/models/taskinstance.py", line 1334, in _run_raw_task
    self._execute_task_with_callbacks(context)
  File "/home/airflow/.local/lib/python3.8/site-packages/airflow/models/taskinstance.py", line 1460, in _execute_task_with_callbacks
    result = self._execute_task(context, self.task)
  File "/home/airflow/.local/lib/python3.8/site-packages/airflow/models/taskinstance.py", line 1516, in _execute_task
    result = execute_callable(context=context)
  File "/opt/airflow/plugins/custom_transfers/azureToSnowflake.py", line 74, in execute
    snowflake_hook.run(copy_query, self.autocommit)
  File "/home/airflow/.local/lib/python3.8/site-packages/airflow/providers/snowflake/hooks/snowflake.py", line 328, in run
    cur.execute(sql_statement)
  File "/home/airflow/.local/lib/python3.8/site-packages/snowflake/connector/cursor.py", line 799, in execute
    Error.errorhandler_wrapper(self.connection, self, error_class, errvalue)
  File "/home/airflow/.local/lib/python3.8/site-packages/snowflake/connector/errors.py", line 273, in errorhandler_wrapper
    handed_over = Error.hand_to_other_handler(
  File "/home/airflow/.local/lib/python3.8/site-packages/snowflake/connector/errors.py", line 328, in hand_to_other_handler
    cursor.errorhandler(connection, cursor, error_class, error_value)
  File "/home/airflow/.local/lib/python3.8/site-packages/snowflake/connector/errors.py", line 207, in default_errorhandler
    raise error_class(
snowflake.connector.errors.ProgrammingError: 091016 (22000): 01a52704-0000-fccb-0000-d9690005a826: Remote file 'azure://leagueoflegends.blob.core.windows.net/match-details/GOLD/2022/6/24/2.csv' was not found. If you are running a copy command, please make sure files are not deleted when they are being loaded or files are not being loaded into two different tables concurrently with auto purge option.
[2022-06-24 02:44:58,802] {local_task_job.py:154} INFO - Task exited with return code 1
[2022-06-24 02:44:58,848] {local_task_job.py:264} INFO - 0 downstream tasks scheduled from follow-on schedule check
[2022-06-28 05:49:38,013] {taskinstance.py:1037} INFO - Dependencies all met for <TaskInstance: match_details_dag.azure_toSnowflake_paths.path_matchdetails.azure_matchdetails_snowflake scheduled__2022-06-20T00:00:00+00:00 [None]>
[2022-06-28 05:49:38,025] {taskinstance.py:1037} INFO - Dependencies all met for <TaskInstance: match_details_dag.azure_toSnowflake_paths.path_matchdetails.azure_matchdetails_snowflake scheduled__2022-06-20T00:00:00+00:00 [None]>
[2022-06-28 05:49:38,025] {taskinstance.py:1243} INFO - 
--------------------------------------------------------------------------------
[2022-06-28 05:49:38,025] {taskinstance.py:1244} INFO - Starting attempt 3 of 4
[2022-06-28 05:49:38,025] {taskinstance.py:1245} INFO - 
--------------------------------------------------------------------------------
[2022-06-28 05:49:38,036] {taskinstance.py:1264} INFO - Executing <Task(AzureDataLakeToSnowflakeTransferOperator): azure_toSnowflake_paths.path_matchdetails.azure_matchdetails_snowflake> on 2022-06-20 00:00:00+00:00
[2022-06-28 05:49:38,041] {standard_task_runner.py:52} INFO - Started process 111 to run task
[2022-06-28 05:49:38,043] {standard_task_runner.py:76} INFO - Running: ['***', 'tasks', 'run', 'match_details_dag', 'azure_toSnowflake_paths.path_matchdetails.azure_matchdetails_snowflake', 'scheduled__2022-06-20T00:00:00+00:00', '--job-id', '26', '--pool', 'default_pool', '--raw', '--subdir', 'DAGS_FOLDER/matchData_dag.py', '--cfg-path', '/tmp/tmpol2r6f_j', '--error-file', '/tmp/tmpskmsnyz9']
[2022-06-28 05:49:38,044] {standard_task_runner.py:77} INFO - Job 26: Subtask azure_toSnowflake_paths.path_matchdetails.azure_matchdetails_snowflake
[2022-06-28 05:49:38,199] {logging_mixin.py:109} INFO - Running <TaskInstance: match_details_dag.azure_toSnowflake_paths.path_matchdetails.azure_matchdetails_snowflake scheduled__2022-06-20T00:00:00+00:00 [running]> on host 0d320c1110d2
[2022-06-28 05:49:38,245] {taskinstance.py:1429} INFO - Exporting the following env vars:
AIRFLOW_CTX_DAG_OWNER=admin
AIRFLOW_CTX_DAG_ID=match_details_dag
AIRFLOW_CTX_TASK_ID=azure_toSnowflake_paths.path_matchdetails.azure_matchdetails_snowflake
AIRFLOW_CTX_EXECUTION_DATE=2022-06-20T00:00:00+00:00
AIRFLOW_CTX_DAG_RUN_ID=scheduled__2022-06-20T00:00:00+00:00
[2022-06-28 05:49:38,246] {azureToSnowflake.py:73} INFO - Executing COPY command...
[2022-06-28 05:49:38,254] {connection.py:257} INFO - Snowflake Connector for Python Version: 2.7.8, Python Version: 3.8.12, Platform: Linux-5.10.102.1-microsoft-standard-WSL2-x86_64-with-glibc2.2.5
[2022-06-28 05:49:38,255] {connection.py:876} INFO - This connection is in OCSP Fail Open Mode. TLS Certificates would be checked for validity and revocation status. Any other Certificate Revocation related exceptions or OCSP Responder failures would be disregarded in favor of connectivity.
[2022-06-28 05:49:38,255] {connection.py:894} INFO - Setting use_openssl_only mode to False
[2022-06-28 05:49:38,893] {cursor.py:710} INFO - query: [ALTER SESSION SET autocommit=True]
[2022-06-28 05:49:38,978] {cursor.py:734} INFO - query execution done
[2022-06-28 05:49:38,979] {snowflake.py:324} INFO - Running statement: COPY INTO STAGING_MATCHDETAILS
FROM @MY_AZURE_MATCH_DETAILS_STAGE/
files=('GOLD/2022/6/28/5.csv')
file_format=MATCH_DETAILS_FILEFORMAT, parameters: None
[2022-06-28 05:49:38,979] {cursor.py:710} INFO - query: [COPY INTO STAGING_MATCHDETAILS FROM @MY_AZURE_MATCH_DETAILS_STAGE/ files=('GOLD/...]
[2022-06-28 05:49:39,645] {cursor.py:734} INFO - query execution done
[2022-06-28 05:49:39,646] {snowflake.py:334} INFO - Statement execution info - {'file': 'azure://leagueoflegends.blob.core.windows.net/match-details/GOLD/2022/6/28/5.csv', 'status': 'LOADED', 'rows_parsed': 999, 'rows_loaded': 999, 'error_limit': 1, 'errors_seen': 0, 'first_error': None, 'first_error_line': None, 'first_error_character': None, 'first_error_column_name': None}
[2022-06-28 05:49:39,646] {snowflake.py:338} INFO - Rows affected: 1
[2022-06-28 05:49:39,647] {snowflake.py:339} INFO - Snowflake query id: 01a53e3d-0000-fe3a-0000-d9690005fe8a
[2022-06-28 05:49:39,647] {connection.py:507} INFO - closed
[2022-06-28 05:49:39,681] {connection.py:510} INFO - No async queries seem to be running, deleting session
[2022-06-28 05:49:39,738] {azureToSnowflake.py:75} INFO - COPY command completed
[2022-06-28 05:49:39,751] {taskinstance.py:1272} INFO - Marking task as SUCCESS. dag_id=match_details_dag, task_id=azure_toSnowflake_paths.path_matchdetails.azure_matchdetails_snowflake, execution_date=20220620T000000, start_date=20220628T054938, end_date=20220628T054939
[2022-06-28 05:49:39,785] {local_task_job.py:154} INFO - Task exited with return code 0
[2022-06-28 05:49:39,818] {local_task_job.py:264} INFO - 1 downstream tasks scheduled from follow-on schedule check
